--------------------------------------------------
benchmarks/INST_16x16/20/inst16x16_20_0.txt : 1005485 ms.
--------------------------------------------------
benchmarks/INST_16x16/20/inst16x16_20_10.txt find answer: 0.260000
benchmarks/INST_16x16/20/inst16x16_20_10.txt : 283 ms.
--------------------------------------------------
benchmarks/INST_16x16/20/inst16x16_20_11.txt find answer: 0.220000
benchmarks/INST_16x16/20/inst16x16_20_11.txt : 579 ms.
--------------------------------------------------
benchmarks/INST_16x16/20/inst16x16_20_12.txt find answer: 0.070000
benchmarks/INST_16x16/20/inst16x16_20_12.txt : 185 ms.
--------------------------------------------------
benchmarks/INST_16x16/20/inst16x16_20_13.txt find answer: 0.640000
benchmarks/INST_16x16/20/inst16x16_20_13.txt : 664 ms.
--------------------------------------------------
benchmarks/INST_16x16/20/inst16x16_20_14.txt find answer: 1.340000
benchmarks/INST_16x16/20/inst16x16_20_14.txt : 1364 ms.
--------------------------------------------------
benchmarks/INST_16x16/20/inst16x16_20_15.txt find answer: 0.000000
benchmarks/INST_16x16/20/inst16x16_20_15.txt : 13 ms.
--------------------------------------------------
benchmarks/INST_16x16/20/inst16x16_20_16.txt find answer: 0.560000
benchmarks/INST_16x16/20/inst16x16_20_16.txt : 587 ms.
--------------------------------------------------
benchmarks/INST_16x16/20/inst16x16_20_17.txt : 1013487 ms.
--------------------------------------------------
benchmarks/INST_16x16/20/inst16x16_20_18.txt find answer: 0.000000
benchmarks/INST_16x16/20/inst16x16_20_18.txt : 18 ms.
--------------------------------------------------
benchmarks/INST_16x16/20/inst16x16_20_19.txt find answer: 0.000000
benchmarks/INST_16x16/20/inst16x16_20_19.txt : 13 ms.
--------------------------------------------------
benchmarks/INST_16x16/20/inst16x16_20_1.txt find answer: 0.290000
benchmarks/INST_16x16/20/inst16x16_20_1.txt : 311 ms.
--------------------------------------------------
benchmarks/INST_16x16/20/inst16x16_20_20.txt find answer: 1.370000
benchmarks/INST_16x16/20/inst16x16_20_20.txt : 1387 ms.
--------------------------------------------------
benchmarks/INST_16x16/20/inst16x16_20_21.txt find answer: 0.000000
benchmarks/INST_16x16/20/inst16x16_20_21.txt : 12 ms.
--------------------------------------------------
benchmarks/INST_16x16/20/inst16x16_20_22.txt find answer: 0.030000
benchmarks/INST_16x16/20/inst16x16_20_22.txt : 47 ms.
--------------------------------------------------
benchmarks/INST_16x16/20/inst16x16_20_23.txt find answer: 1.310000
benchmarks/INST_16x16/20/inst16x16_20_23.txt : 1325 ms.
--------------------------------------------------
benchmarks/INST_16x16/20/inst16x16_20_24.txt find answer: 3.990000
benchmarks/INST_16x16/20/inst16x16_20_24.txt : 4017 ms.
--------------------------------------------------
benchmarks/INST_16x16/20/inst16x16_20_25.txt : 1002878 ms.
--------------------------------------------------
benchmarks/INST_16x16/20/inst16x16_20_26.txt find answer: 1.230000
benchmarks/INST_16x16/20/inst16x16_20_26.txt : 1255 ms.
--------------------------------------------------
benchmarks/INST_16x16/20/inst16x16_20_27.txt find answer: 0.750000
benchmarks/INST_16x16/20/inst16x16_20_27.txt : 773 ms.
--------------------------------------------------
benchmarks/INST_16x16/20/inst16x16_20_28.txt find answer: 1.100000
benchmarks/INST_16x16/20/inst16x16_20_28.txt : 1119 ms.
--------------------------------------------------
benchmarks/INST_16x16/20/inst16x16_20_29.txt find answer: 0.000000
benchmarks/INST_16x16/20/inst16x16_20_29.txt : 18 ms.
--------------------------------------------------
benchmarks/INST_16x16/20/inst16x16_20_2.txt find answer: 0.220000
benchmarks/INST_16x16/20/inst16x16_20_2.txt : 236 ms.
--------------------------------------------------
benchmarks/INST_16x16/20/inst16x16_20_30.txt find answer: 0.970000
benchmarks/INST_16x16/20/inst16x16_20_30.txt : 985 ms.
--------------------------------------------------
benchmarks/INST_16x16/20/inst16x16_20_31.txt find answer: 0.000000
benchmarks/INST_16x16/20/inst16x16_20_31.txt : 17 ms.
--------------------------------------------------
benchmarks/INST_16x16/20/inst16x16_20_32.txt find answer: 0.030000
benchmarks/INST_16x16/20/inst16x16_20_32.txt : 48 ms.
--------------------------------------------------
benchmarks/INST_16x16/20/inst16x16_20_33.txt find answer: 0.070000
benchmarks/INST_16x16/20/inst16x16_20_33.txt : 88 ms.
--------------------------------------------------
benchmarks/INST_16x16/20/inst16x16_20_34.txt find answer: 1.000000
benchmarks/INST_16x16/20/inst16x16_20_34.txt : 1021 ms.
--------------------------------------------------
benchmarks/INST_16x16/20/inst16x16_20_35.txt find answer: 0.000000
benchmarks/INST_16x16/20/inst16x16_20_35.txt : 17 ms.
--------------------------------------------------
benchmarks/INST_16x16/20/inst16x16_20_36.txt find answer: 0.020000
benchmarks/INST_16x16/20/inst16x16_20_36.txt : 40 ms.
--------------------------------------------------
benchmarks/INST_16x16/20/inst16x16_20_37.txt find answer: 0.830000
benchmarks/INST_16x16/20/inst16x16_20_37.txt : 845 ms.
--------------------------------------------------
benchmarks/INST_16x16/20/inst16x16_20_38.txt find answer: 0.420000
benchmarks/INST_16x16/20/inst16x16_20_38.txt : 465 ms.
--------------------------------------------------
benchmarks/INST_16x16/20/inst16x16_20_39.txt find answer: 0.480000
benchmarks/INST_16x16/20/inst16x16_20_39.txt : 498 ms.
--------------------------------------------------
benchmarks/INST_16x16/20/inst16x16_20_3.txt find answer: 0.000000
benchmarks/INST_16x16/20/inst16x16_20_3.txt : 13 ms.
--------------------------------------------------
benchmarks/INST_16x16/20/inst16x16_20_40.txt : 1003305 ms.
--------------------------------------------------
benchmarks/INST_16x16/20/inst16x16_20_41.txt find answer: 1.420000
benchmarks/INST_16x16/20/inst16x16_20_41.txt : 1440 ms.
--------------------------------------------------
benchmarks/INST_16x16/20/inst16x16_20_42.txt find answer: 2.290000
benchmarks/INST_16x16/20/inst16x16_20_42.txt : 2311 ms.
--------------------------------------------------
benchmarks/INST_16x16/20/inst16x16_20_43.txt find answer: 0.530000
benchmarks/INST_16x16/20/inst16x16_20_43.txt : 550 ms.
--------------------------------------------------
benchmarks/INST_16x16/20/inst16x16_20_44.txt find answer: 1.180000
benchmarks/INST_16x16/20/inst16x16_20_44.txt : 1205 ms.
--------------------------------------------------
benchmarks/INST_16x16/20/inst16x16_20_45.txt find answer: 1.130000
benchmarks/INST_16x16/20/inst16x16_20_45.txt : 1151 ms.
--------------------------------------------------
benchmarks/INST_16x16/20/inst16x16_20_46.txt find answer: 1.630000
benchmarks/INST_16x16/20/inst16x16_20_46.txt : 1654 ms.
--------------------------------------------------
benchmarks/INST_16x16/20/inst16x16_20_47.txt find answer: 0.880000
benchmarks/INST_16x16/20/inst16x16_20_47.txt : 899 ms.
--------------------------------------------------
benchmarks/INST_16x16/20/inst16x16_20_48.txt : 1010269 ms.
--------------------------------------------------
benchmarks/INST_16x16/20/inst16x16_20_49.txt find answer: 0.000000
benchmarks/INST_16x16/20/inst16x16_20_49.txt : 17 ms.
--------------------------------------------------
benchmarks/INST_16x16/20/inst16x16_20_4.txt find answer: 0.750000
benchmarks/INST_16x16/20/inst16x16_20_4.txt : 767 ms.
--------------------------------------------------
benchmarks/INST_16x16/20/inst16x16_20_50.txt find answer: 0.780000
benchmarks/INST_16x16/20/inst16x16_20_50.txt : 806 ms.
--------------------------------------------------
benchmarks/INST_16x16/20/inst16x16_20_51.txt find answer: 0.210000
benchmarks/INST_16x16/20/inst16x16_20_51.txt : 230 ms.
--------------------------------------------------
benchmarks/INST_16x16/20/inst16x16_20_52.txt find answer: 0.180000
benchmarks/INST_16x16/20/inst16x16_20_52.txt : 199 ms.
--------------------------------------------------
benchmarks/INST_16x16/20/inst16x16_20_53.txt : 1007748 ms.
--------------------------------------------------
benchmarks/INST_16x16/20/inst16x16_20_54.txt find answer: 0.780000
benchmarks/INST_16x16/20/inst16x16_20_54.txt : 809 ms.
--------------------------------------------------
benchmarks/INST_16x16/20/inst16x16_20_55.txt find answer: 0.510000
benchmarks/INST_16x16/20/inst16x16_20_55.txt : 548 ms.
--------------------------------------------------
benchmarks/INST_16x16/20/inst16x16_20_56.txt : 1002641 ms.
--------------------------------------------------
benchmarks/INST_16x16/20/inst16x16_20_57.txt find answer: 0.030000
benchmarks/INST_16x16/20/inst16x16_20_57.txt : 52 ms.
--------------------------------------------------
benchmarks/INST_16x16/20/inst16x16_20_58.txt find answer: 0.490000
benchmarks/INST_16x16/20/inst16x16_20_58.txt : 513 ms.
--------------------------------------------------
benchmarks/INST_16x16/20/inst16x16_20_59.txt : 1009075 ms.
--------------------------------------------------
benchmarks/INST_16x16/20/inst16x16_20_5.txt : 1006896 ms.
--------------------------------------------------
benchmarks/INST_16x16/20/inst16x16_20_60.txt find answer: 1.210000
benchmarks/INST_16x16/20/inst16x16_20_60.txt : 1236 ms.
--------------------------------------------------
benchmarks/INST_16x16/20/inst16x16_20_61.txt find answer: 0.270000
benchmarks/INST_16x16/20/inst16x16_20_61.txt : 288 ms.
--------------------------------------------------
benchmarks/INST_16x16/20/inst16x16_20_62.txt find answer: 4.660000
benchmarks/INST_16x16/20/inst16x16_20_62.txt : 4686 ms.
--------------------------------------------------
benchmarks/INST_16x16/20/inst16x16_20_63.txt : 1007855 ms.
--------------------------------------------------
benchmarks/INST_16x16/20/inst16x16_20_64.txt find answer: 0.460000
benchmarks/INST_16x16/20/inst16x16_20_64.txt : 476 ms.
--------------------------------------------------
benchmarks/INST_16x16/20/inst16x16_20_65.txt find answer: 0.030000
benchmarks/INST_16x16/20/inst16x16_20_65.txt : 53 ms.
--------------------------------------------------
benchmarks/INST_16x16/20/inst16x16_20_66.txt : 1007056 ms.
--------------------------------------------------
benchmarks/INST_16x16/20/inst16x16_20_67.txt : 1016223 ms.
--------------------------------------------------
benchmarks/INST_16x16/20/inst16x16_20_68.txt find answer: 0.490000
benchmarks/INST_16x16/20/inst16x16_20_68.txt : 534 ms.
--------------------------------------------------
benchmarks/INST_16x16/20/inst16x16_20_69.txt find answer: 0.000000
benchmarks/INST_16x16/20/inst16x16_20_69.txt : 13 ms.
--------------------------------------------------
benchmarks/INST_16x16/20/inst16x16_20_6.txt find answer: 4.220000
benchmarks/INST_16x16/20/inst16x16_20_6.txt : 4253 ms.
--------------------------------------------------
benchmarks/INST_16x16/20/inst16x16_20_70.txt find answer: 1.000000
benchmarks/INST_16x16/20/inst16x16_20_70.txt : 1025 ms.
--------------------------------------------------
benchmarks/INST_16x16/20/inst16x16_20_71.txt find answer: 31.640000
benchmarks/INST_16x16/20/inst16x16_20_71.txt : 31731 ms.
--------------------------------------------------
benchmarks/INST_16x16/20/inst16x16_20_72.txt find answer: 1.550000
benchmarks/INST_16x16/20/inst16x16_20_72.txt : 1573 ms.
--------------------------------------------------
benchmarks/INST_16x16/20/inst16x16_20_73.txt find answer: 1.520000
benchmarks/INST_16x16/20/inst16x16_20_73.txt : 1541 ms.
--------------------------------------------------
benchmarks/INST_16x16/20/inst16x16_20_74.txt find answer: 1.100000
benchmarks/INST_16x16/20/inst16x16_20_74.txt : 1115 ms.
--------------------------------------------------
benchmarks/INST_16x16/20/inst16x16_20_75.txt find answer: 0.350000
benchmarks/INST_16x16/20/inst16x16_20_75.txt : 363 ms.
--------------------------------------------------
benchmarks/INST_16x16/20/inst16x16_20_76.txt find answer: 0.030000
benchmarks/INST_16x16/20/inst16x16_20_76.txt : 46 ms.
--------------------------------------------------
benchmarks/INST_16x16/20/inst16x16_20_77.txt find answer: 0.000000
benchmarks/INST_16x16/20/inst16x16_20_77.txt : 13 ms.
--------------------------------------------------
benchmarks/INST_16x16/20/inst16x16_20_78.txt find answer: 0.980000
benchmarks/INST_16x16/20/inst16x16_20_78.txt : 1006 ms.
--------------------------------------------------
benchmarks/INST_16x16/20/inst16x16_20_79.txt find answer: 1.990000
benchmarks/INST_16x16/20/inst16x16_20_79.txt : 2013 ms.
--------------------------------------------------
benchmarks/INST_16x16/20/inst16x16_20_7.txt find answer: 0.530000
benchmarks/INST_16x16/20/inst16x16_20_7.txt : 550 ms.
--------------------------------------------------
benchmarks/INST_16x16/20/inst16x16_20_80.txt find answer: 0.580000
benchmarks/INST_16x16/20/inst16x16_20_80.txt : 603 ms.
--------------------------------------------------
benchmarks/INST_16x16/20/inst16x16_20_81.txt : 1002808 ms.
--------------------------------------------------
benchmarks/INST_16x16/20/inst16x16_20_82.txt find answer: 0.030000
benchmarks/INST_16x16/20/inst16x16_20_82.txt : 54 ms.
--------------------------------------------------
benchmarks/INST_16x16/20/inst16x16_20_83.txt find answer: 0.030000
benchmarks/INST_16x16/20/inst16x16_20_83.txt : 48 ms.
--------------------------------------------------
benchmarks/INST_16x16/20/inst16x16_20_84.txt find answer: 0.490000
benchmarks/INST_16x16/20/inst16x16_20_84.txt : 506 ms.
--------------------------------------------------
benchmarks/INST_16x16/20/inst16x16_20_85.txt find answer: 0.920000
benchmarks/INST_16x16/20/inst16x16_20_85.txt : 940 ms.
--------------------------------------------------
benchmarks/INST_16x16/20/inst16x16_20_86.txt find answer: 0.000000
benchmarks/INST_16x16/20/inst16x16_20_86.txt : 14 ms.
--------------------------------------------------
benchmarks/INST_16x16/20/inst16x16_20_87.txt find answer: 1.010000
benchmarks/INST_16x16/20/inst16x16_20_87.txt : 1033 ms.
--------------------------------------------------
benchmarks/INST_16x16/20/inst16x16_20_88.txt find answer: 0.260000
benchmarks/INST_16x16/20/inst16x16_20_88.txt : 278 ms.
--------------------------------------------------
benchmarks/INST_16x16/20/inst16x16_20_89.txt find answer: 0.000000
benchmarks/INST_16x16/20/inst16x16_20_89.txt : 13 ms.
--------------------------------------------------
benchmarks/INST_16x16/20/inst16x16_20_8.txt find answer: 6.870000
benchmarks/INST_16x16/20/inst16x16_20_8.txt : 6902 ms.
--------------------------------------------------
benchmarks/INST_16x16/20/inst16x16_20_90.txt find answer: 0.340000
benchmarks/INST_16x16/20/inst16x16_20_90.txt : 360 ms.
--------------------------------------------------
benchmarks/INST_16x16/20/inst16x16_20_91.txt find answer: 0.400000
benchmarks/INST_16x16/20/inst16x16_20_91.txt : 419 ms.
--------------------------------------------------
benchmarks/INST_16x16/20/inst16x16_20_92.txt find answer: 0.040000
benchmarks/INST_16x16/20/inst16x16_20_92.txt : 57 ms.
--------------------------------------------------
benchmarks/INST_16x16/20/inst16x16_20_93.txt find answer: 0.720000
benchmarks/INST_16x16/20/inst16x16_20_93.txt : 733 ms.
--------------------------------------------------
benchmarks/INST_16x16/20/inst16x16_20_94.txt find answer: 1.580000
benchmarks/INST_16x16/20/inst16x16_20_94.txt : 1606 ms.
--------------------------------------------------
benchmarks/INST_16x16/20/inst16x16_20_95.txt find answer: 1.370000
benchmarks/INST_16x16/20/inst16x16_20_95.txt : 1395 ms.
--------------------------------------------------
benchmarks/INST_16x16/20/inst16x16_20_96.txt find answer: 1.010000
benchmarks/INST_16x16/20/inst16x16_20_96.txt : 1034 ms.
--------------------------------------------------
benchmarks/INST_16x16/20/inst16x16_20_97.txt find answer: 2.460000
benchmarks/INST_16x16/20/inst16x16_20_97.txt : 2492 ms.
--------------------------------------------------
benchmarks/INST_16x16/20/inst16x16_20_98.txt find answer: 1.250000
benchmarks/INST_16x16/20/inst16x16_20_98.txt : 1271 ms.
--------------------------------------------------
benchmarks/INST_16x16/20/inst16x16_20_99.txt find answer: 2.420000
benchmarks/INST_16x16/20/inst16x16_20_99.txt : 2446 ms.
--------------------------------------------------
benchmarks/INST_16x16/20/inst16x16_20_9.txt find answer: 0.780000
benchmarks/INST_16x16/20/inst16x16_20_9.txt : 796 ms.
run.sh: line 77: 3: command not found
run.sh: line 78: syntax error near unexpected token `fi'
run.sh: line 78: `    fi'
