--------------------------------------------------
=====UNKNOWN=====
%% Unexpected resolution interruption!
64/INST_64x64/5/inst64x64_5_0.dzn : 1001239 ms.
--------------------------------------------------
=====UNKNOWN=====
64/INST_64x64/5/inst64x64_5_10.dzn : 1001078 ms.
--------------------------------------------------
SAT
----------
64/INST_64x64/5/inst64x64_5_11.dzn : 234483 ms.
--------------------------------------------------
=====UNKNOWN=====
64/INST_64x64/5/inst64x64_5_12.dzn : 1000873 ms.
--------------------------------------------------
=====UNKNOWN=====
64/INST_64x64/5/inst64x64_5_13.dzn : 1000867 ms.
--------------------------------------------------
=====UNKNOWN=====
64/INST_64x64/5/inst64x64_5_14.dzn : 1000880 ms.
--------------------------------------------------
=====UNKNOWN=====
64/INST_64x64/5/inst64x64_5_15.dzn : 1000864 ms.
--------------------------------------------------
=====UNKNOWN=====
64/INST_64x64/5/inst64x64_5_16.dzn : 1000901 ms.
--------------------------------------------------
=====UNKNOWN=====
64/INST_64x64/5/inst64x64_5_17.dzn : 1000888 ms.
--------------------------------------------------
=====UNKNOWN=====
64/INST_64x64/5/inst64x64_5_18.dzn : 1000863 ms.
--------------------------------------------------
=====UNKNOWN=====
64/INST_64x64/5/inst64x64_5_19.dzn : 1000857 ms.
--------------------------------------------------
SAT
----------
64/INST_64x64/5/inst64x64_5_1.dzn : 236615 ms.
--------------------------------------------------
=====UNKNOWN=====
64/INST_64x64/5/inst64x64_5_20.dzn : 1000834 ms.
--------------------------------------------------
=====UNKNOWN=====
64/INST_64x64/5/inst64x64_5_21.dzn : 1000884 ms.
--------------------------------------------------
=====UNKNOWN=====
64/INST_64x64/5/inst64x64_5_22.dzn : 1000843 ms.
--------------------------------------------------
=====UNKNOWN=====
64/INST_64x64/5/inst64x64_5_23.dzn : 1000834 ms.
--------------------------------------------------
=====UNKNOWN=====
64/INST_64x64/5/inst64x64_5_24.dzn : 1000882 ms.
--------------------------------------------------
=====UNKNOWN=====
64/INST_64x64/5/inst64x64_5_25.dzn : 1000924 ms.
--------------------------------------------------
=====UNKNOWN=====
64/INST_64x64/5/inst64x64_5_26.dzn : 1000873 ms.
--------------------------------------------------
=====UNKNOWN=====
64/INST_64x64/5/inst64x64_5_27.dzn : 1000866 ms.
--------------------------------------------------
=====UNKNOWN=====
64/INST_64x64/5/inst64x64_5_28.dzn : 1000900 ms.
--------------------------------------------------
=====UNKNOWN=====
64/INST_64x64/5/inst64x64_5_29.dzn : 1000899 ms.
--------------------------------------------------
=====UNKNOWN=====
64/INST_64x64/5/inst64x64_5_2.dzn : 1000879 ms.
--------------------------------------------------
=====UNKNOWN=====
64/INST_64x64/5/inst64x64_5_30.dzn : 1000861 ms.
--------------------------------------------------
SAT
----------
64/INST_64x64/5/inst64x64_5_31.dzn : 762348 ms.
--------------------------------------------------
SAT
----------
64/INST_64x64/5/inst64x64_5_32.dzn : 662171 ms.
--------------------------------------------------
=====UNKNOWN=====
64/INST_64x64/5/inst64x64_5_33.dzn : 1000889 ms.
--------------------------------------------------
=====UNKNOWN=====
64/INST_64x64/5/inst64x64_5_34.dzn : 1000884 ms.
--------------------------------------------------
=====UNKNOWN=====
64/INST_64x64/5/inst64x64_5_35.dzn : 1000913 ms.
--------------------------------------------------
SAT
----------
64/INST_64x64/5/inst64x64_5_36.dzn : 53781 ms.
--------------------------------------------------
=====UNKNOWN=====
64/INST_64x64/5/inst64x64_5_37.dzn : 1000918 ms.
--------------------------------------------------
=====UNKNOWN=====
64/INST_64x64/5/inst64x64_5_38.dzn : 1000865 ms.
--------------------------------------------------
SAT
----------
64/INST_64x64/5/inst64x64_5_39.dzn : 831064 ms.
--------------------------------------------------
=====UNKNOWN=====
64/INST_64x64/5/inst64x64_5_3.dzn : 1000900 ms.
--------------------------------------------------
SAT
----------
64/INST_64x64/5/inst64x64_5_40.dzn : 69486 ms.
--------------------------------------------------
=====UNKNOWN=====
64/INST_64x64/5/inst64x64_5_41.dzn : 1000858 ms.
--------------------------------------------------
=====UNKNOWN=====
64/INST_64x64/5/inst64x64_5_42.dzn : 1000882 ms.
--------------------------------------------------
=====UNKNOWN=====
64/INST_64x64/5/inst64x64_5_43.dzn : 1000881 ms.
--------------------------------------------------
SAT
----------
64/INST_64x64/5/inst64x64_5_44.dzn : 5299 ms.
--------------------------------------------------
=====UNKNOWN=====
64/INST_64x64/5/inst64x64_5_45.dzn : 1000909 ms.
--------------------------------------------------
=====UNKNOWN=====
64/INST_64x64/5/inst64x64_5_46.dzn : 1000865 ms.
--------------------------------------------------
SAT
----------
64/INST_64x64/5/inst64x64_5_47.dzn : 6254 ms.
--------------------------------------------------
=====UNKNOWN=====
64/INST_64x64/5/inst64x64_5_48.dzn : 1000916 ms.
--------------------------------------------------
=====UNKNOWN=====
64/INST_64x64/5/inst64x64_5_49.dzn : 1000893 ms.
--------------------------------------------------
SAT
----------
64/INST_64x64/5/inst64x64_5_4.dzn : 34058 ms.
--------------------------------------------------
=====UNKNOWN=====
64/INST_64x64/5/inst64x64_5_50.dzn : 1000902 ms.
--------------------------------------------------
=====UNKNOWN=====
64/INST_64x64/5/inst64x64_5_51.dzn : 1000861 ms.
--------------------------------------------------
=====UNKNOWN=====
64/INST_64x64/5/inst64x64_5_52.dzn : 1000874 ms.
--------------------------------------------------
=====UNKNOWN=====
64/INST_64x64/5/inst64x64_5_53.dzn : 1000977 ms.
--------------------------------------------------
=====UNKNOWN=====
64/INST_64x64/5/inst64x64_5_54.dzn : 1000888 ms.
--------------------------------------------------
=====UNKNOWN=====
64/INST_64x64/5/inst64x64_5_55.dzn : 1000877 ms.
--------------------------------------------------
=====UNKNOWN=====
64/INST_64x64/5/inst64x64_5_56.dzn : 1000893 ms.
--------------------------------------------------
=====UNKNOWN=====
64/INST_64x64/5/inst64x64_5_57.dzn : 1000867 ms.
--------------------------------------------------
=====UNKNOWN=====
64/INST_64x64/5/inst64x64_5_58.dzn : 1000849 ms.
--------------------------------------------------
=====UNKNOWN=====
64/INST_64x64/5/inst64x64_5_59.dzn : 1000881 ms.
--------------------------------------------------
SAT
----------
64/INST_64x64/5/inst64x64_5_5.dzn : 86417 ms.
--------------------------------------------------
=====UNKNOWN=====
64/INST_64x64/5/inst64x64_5_60.dzn : 1000881 ms.
--------------------------------------------------
SAT
----------
64/INST_64x64/5/inst64x64_5_61.dzn : 582207 ms.
--------------------------------------------------
SAT
----------
64/INST_64x64/5/inst64x64_5_62.dzn : 15406 ms.
--------------------------------------------------
=====UNKNOWN=====
64/INST_64x64/5/inst64x64_5_63.dzn : 1000887 ms.
--------------------------------------------------
=====UNKNOWN=====
64/INST_64x64/5/inst64x64_5_64.dzn : 1000829 ms.
--------------------------------------------------
SAT
----------
64/INST_64x64/5/inst64x64_5_65.dzn : 66288 ms.
--------------------------------------------------
=====UNKNOWN=====
64/INST_64x64/5/inst64x64_5_66.dzn : 1000918 ms.
--------------------------------------------------
=====UNKNOWN=====
64/INST_64x64/5/inst64x64_5_67.dzn : 1000841 ms.
--------------------------------------------------
=====UNKNOWN=====
64/INST_64x64/5/inst64x64_5_68.dzn : 1000934 ms.
--------------------------------------------------
=====UNKNOWN=====
64/INST_64x64/5/inst64x64_5_69.dzn : 1000924 ms.
--------------------------------------------------
=====UNKNOWN=====
64/INST_64x64/5/inst64x64_5_6.dzn : 1000858 ms.
--------------------------------------------------
=====UNKNOWN=====
64/INST_64x64/5/inst64x64_5_70.dzn : 1000840 ms.
--------------------------------------------------
SAT
----------
64/INST_64x64/5/inst64x64_5_71.dzn : 165474 ms.
--------------------------------------------------
SAT
----------
64/INST_64x64/5/inst64x64_5_72.dzn : 161005 ms.
--------------------------------------------------
SAT
----------
64/INST_64x64/5/inst64x64_5_73.dzn : 7021 ms.
--------------------------------------------------
SAT
----------
64/INST_64x64/5/inst64x64_5_74.dzn : 5955 ms.
--------------------------------------------------
=====UNKNOWN=====
64/INST_64x64/5/inst64x64_5_75.dzn : 1000839 ms.
--------------------------------------------------
=====UNKNOWN=====
64/INST_64x64/5/inst64x64_5_76.dzn : 1000857 ms.
--------------------------------------------------
=====UNKNOWN=====
64/INST_64x64/5/inst64x64_5_77.dzn : 1000845 ms.
--------------------------------------------------
=====UNKNOWN=====
64/INST_64x64/5/inst64x64_5_78.dzn : 1000905 ms.
--------------------------------------------------
=====UNKNOWN=====
64/INST_64x64/5/inst64x64_5_79.dzn : 1000850 ms.
--------------------------------------------------
=====UNKNOWN=====
64/INST_64x64/5/inst64x64_5_7.dzn : 1000911 ms.
--------------------------------------------------
SAT
----------
64/INST_64x64/5/inst64x64_5_80.dzn : 103672 ms.
--------------------------------------------------
SAT
----------
64/INST_64x64/5/inst64x64_5_81.dzn : 116685 ms.
--------------------------------------------------
=====UNKNOWN=====
64/INST_64x64/5/inst64x64_5_82.dzn : 1000837 ms.
--------------------------------------------------
=====UNKNOWN=====
64/INST_64x64/5/inst64x64_5_83.dzn : 1000850 ms.
--------------------------------------------------
SAT
----------
64/INST_64x64/5/inst64x64_5_84.dzn : 48626 ms.
--------------------------------------------------
=====UNKNOWN=====
64/INST_64x64/5/inst64x64_5_85.dzn : 1000898 ms.
--------------------------------------------------
=====UNKNOWN=====
64/INST_64x64/5/inst64x64_5_86.dzn : 1038840 ms.
--------------------------------------------------
SAT
----------
64/INST_64x64/5/inst64x64_5_87.dzn : 272065 ms.
--------------------------------------------------
=====UNKNOWN=====
64/INST_64x64/5/inst64x64_5_88.dzn : 1001037 ms.
--------------------------------------------------
=====UNKNOWN=====
64/INST_64x64/5/inst64x64_5_89.dzn : 1001032 ms.
--------------------------------------------------
=====UNKNOWN=====
64/INST_64x64/5/inst64x64_5_8.dzn : 1000991 ms.
--------------------------------------------------
=====UNKNOWN=====
64/INST_64x64/5/inst64x64_5_90.dzn : 1000966 ms.
--------------------------------------------------
=====UNKNOWN=====
64/INST_64x64/5/inst64x64_5_91.dzn : 1001050 ms.
--------------------------------------------------
=====UNKNOWN=====
64/INST_64x64/5/inst64x64_5_92.dzn : 1000960 ms.
--------------------------------------------------
=====UNKNOWN=====
64/INST_64x64/5/inst64x64_5_93.dzn : 1000995 ms.
--------------------------------------------------
=====UNKNOWN=====
64/INST_64x64/5/inst64x64_5_94.dzn : 1000960 ms.
--------------------------------------------------
=====UNKNOWN=====
64/INST_64x64/5/inst64x64_5_95.dzn : 1000874 ms.
--------------------------------------------------
=====UNKNOWN=====
64/INST_64x64/5/inst64x64_5_96.dzn : 1000963 ms.
--------------------------------------------------
=====UNKNOWN=====
64/INST_64x64/5/inst64x64_5_97.dzn : 1000949 ms.
--------------------------------------------------
=====UNKNOWN=====
64/INST_64x64/5/inst64x64_5_98.dzn : 1000873 ms.
--------------------------------------------------
SAT
----------
64/INST_64x64/5/inst64x64_5_99.dzn : 451700 ms.
--------------------------------------------------
SAT
----------
64/INST_64x64/5/inst64x64_5_9.dzn : 29082 ms.
