--------------------------------------------------
=====UNKNOWN=====
64/INST_64x64/10/inst64x64_10_0.dzn : 1001167 ms.
--------------------------------------------------
=====UNKNOWN=====
64/INST_64x64/10/inst64x64_10_10.dzn : 1001082 ms.
--------------------------------------------------
=====UNKNOWN=====
64/INST_64x64/10/inst64x64_10_11.dzn : 1001133 ms.
--------------------------------------------------
=====UNKNOWN=====
64/INST_64x64/10/inst64x64_10_12.dzn : 1001075 ms.
--------------------------------------------------
=====UNKNOWN=====
64/INST_64x64/10/inst64x64_10_13.dzn : 1001022 ms.
--------------------------------------------------
=====UNKNOWN=====
64/INST_64x64/10/inst64x64_10_14.dzn : 1001009 ms.
--------------------------------------------------
=====UNKNOWN=====
64/INST_64x64/10/inst64x64_10_15.dzn : 1001005 ms.
--------------------------------------------------
=====UNKNOWN=====
64/INST_64x64/10/inst64x64_10_16.dzn : 1001010 ms.
--------------------------------------------------
=====UNKNOWN=====
64/INST_64x64/10/inst64x64_10_17.dzn : 1001022 ms.
--------------------------------------------------
=====UNKNOWN=====
64/INST_64x64/10/inst64x64_10_18.dzn : 1000958 ms.
--------------------------------------------------
=====UNKNOWN=====
64/INST_64x64/10/inst64x64_10_19.dzn : 1000954 ms.
--------------------------------------------------
=====UNKNOWN=====
64/INST_64x64/10/inst64x64_10_1.dzn : 1000978 ms.
--------------------------------------------------
=====UNKNOWN=====
64/INST_64x64/10/inst64x64_10_20.dzn : 1001004 ms.
--------------------------------------------------
=====UNKNOWN=====
64/INST_64x64/10/inst64x64_10_21.dzn : 1000977 ms.
--------------------------------------------------
=====UNKNOWN=====
64/INST_64x64/10/inst64x64_10_22.dzn : 1000936 ms.
--------------------------------------------------
=====UNKNOWN=====
64/INST_64x64/10/inst64x64_10_23.dzn : 1000965 ms.
--------------------------------------------------
=====UNKNOWN=====
64/INST_64x64/10/inst64x64_10_24.dzn : 1000935 ms.
--------------------------------------------------
=====UNKNOWN=====
64/INST_64x64/10/inst64x64_10_25.dzn : 1000976 ms.
--------------------------------------------------
=====UNKNOWN=====
64/INST_64x64/10/inst64x64_10_26.dzn : 1000930 ms.
--------------------------------------------------
SAT
----------
64/INST_64x64/10/inst64x64_10_27.dzn : 32949 ms.
--------------------------------------------------
=====UNKNOWN=====
64/INST_64x64/10/inst64x64_10_28.dzn : 1000888 ms.
--------------------------------------------------
=====UNKNOWN=====
64/INST_64x64/10/inst64x64_10_29.dzn : 1000924 ms.
--------------------------------------------------
=====UNKNOWN=====
64/INST_64x64/10/inst64x64_10_2.dzn : 1000881 ms.
--------------------------------------------------
=====UNKNOWN=====
64/INST_64x64/10/inst64x64_10_30.dzn : 1000870 ms.
--------------------------------------------------
=====UNKNOWN=====
64/INST_64x64/10/inst64x64_10_31.dzn : 1000862 ms.
--------------------------------------------------
=====UNKNOWN=====
64/INST_64x64/10/inst64x64_10_32.dzn : 1000835 ms.
--------------------------------------------------
=====UNKNOWN=====
64/INST_64x64/10/inst64x64_10_33.dzn : 1000862 ms.
--------------------------------------------------
SAT
----------
64/INST_64x64/10/inst64x64_10_34.dzn : 166202 ms.
--------------------------------------------------
=====UNKNOWN=====
64/INST_64x64/10/inst64x64_10_35.dzn : 1000845 ms.
--------------------------------------------------
=====UNKNOWN=====
64/INST_64x64/10/inst64x64_10_36.dzn : 1000870 ms.
--------------------------------------------------
=====UNKNOWN=====
64/INST_64x64/10/inst64x64_10_37.dzn : 1000919 ms.
--------------------------------------------------
=====UNKNOWN=====
64/INST_64x64/10/inst64x64_10_38.dzn : 1000867 ms.
--------------------------------------------------
=====UNKNOWN=====
64/INST_64x64/10/inst64x64_10_39.dzn : 1000851 ms.
--------------------------------------------------
=====UNKNOWN=====
64/INST_64x64/10/inst64x64_10_3.dzn : 1000864 ms.
--------------------------------------------------
=====UNKNOWN=====
64/INST_64x64/10/inst64x64_10_40.dzn : 1000894 ms.
--------------------------------------------------
=====UNKNOWN=====
64/INST_64x64/10/inst64x64_10_41.dzn : 1000888 ms.
--------------------------------------------------
=====UNKNOWN=====
64/INST_64x64/10/inst64x64_10_42.dzn : 1000856 ms.
--------------------------------------------------
SAT
----------
64/INST_64x64/10/inst64x64_10_43.dzn : 6488 ms.
--------------------------------------------------
=====UNKNOWN=====
64/INST_64x64/10/inst64x64_10_44.dzn : 1000858 ms.
--------------------------------------------------
SAT
----------
64/INST_64x64/10/inst64x64_10_45.dzn : 57059 ms.
--------------------------------------------------
=====UNKNOWN=====
64/INST_64x64/10/inst64x64_10_46.dzn : 1000886 ms.
--------------------------------------------------
SAT
----------
64/INST_64x64/10/inst64x64_10_47.dzn : 6005 ms.
--------------------------------------------------
=====UNKNOWN=====
64/INST_64x64/10/inst64x64_10_48.dzn : 1000897 ms.
--------------------------------------------------
=====UNKNOWN=====
64/INST_64x64/10/inst64x64_10_49.dzn : 1000900 ms.
--------------------------------------------------
=====UNKNOWN=====
64/INST_64x64/10/inst64x64_10_4.dzn : 1000850 ms.
--------------------------------------------------
=====UNKNOWN=====
64/INST_64x64/10/inst64x64_10_50.dzn : 1000869 ms.
--------------------------------------------------
=====UNKNOWN=====
64/INST_64x64/10/inst64x64_10_51.dzn : 1000863 ms.
--------------------------------------------------
=====UNKNOWN=====
64/INST_64x64/10/inst64x64_10_52.dzn : 1000866 ms.
--------------------------------------------------
=====UNKNOWN=====
64/INST_64x64/10/inst64x64_10_53.dzn : 1000950 ms.
--------------------------------------------------
=====UNKNOWN=====
64/INST_64x64/10/inst64x64_10_54.dzn : 1000900 ms.
--------------------------------------------------
SAT
----------
64/INST_64x64/10/inst64x64_10_55.dzn : 372695 ms.
--------------------------------------------------
=====UNKNOWN=====
64/INST_64x64/10/inst64x64_10_56.dzn : 1000873 ms.
--------------------------------------------------
=====UNKNOWN=====
64/INST_64x64/10/inst64x64_10_57.dzn : 1000803 ms.
--------------------------------------------------
=====UNKNOWN=====
64/INST_64x64/10/inst64x64_10_58.dzn : 1000907 ms.
--------------------------------------------------
=====UNKNOWN=====
64/INST_64x64/10/inst64x64_10_59.dzn : 1000876 ms.
--------------------------------------------------
=====UNKNOWN=====
64/INST_64x64/10/inst64x64_10_5.dzn : 1000873 ms.
--------------------------------------------------
=====UNKNOWN=====
64/INST_64x64/10/inst64x64_10_60.dzn : 1000854 ms.
--------------------------------------------------
=====UNKNOWN=====
64/INST_64x64/10/inst64x64_10_61.dzn : 1000930 ms.
--------------------------------------------------
=====UNKNOWN=====
64/INST_64x64/10/inst64x64_10_62.dzn : 1000896 ms.
--------------------------------------------------
SAT
----------
64/INST_64x64/10/inst64x64_10_63.dzn : 234942 ms.
--------------------------------------------------
=====UNKNOWN=====
64/INST_64x64/10/inst64x64_10_64.dzn : 1000858 ms.
--------------------------------------------------
=====UNKNOWN=====
64/INST_64x64/10/inst64x64_10_65.dzn : 1000898 ms.
--------------------------------------------------
SAT
----------
64/INST_64x64/10/inst64x64_10_66.dzn : 27320 ms.
--------------------------------------------------
=====UNKNOWN=====
64/INST_64x64/10/inst64x64_10_67.dzn : 1000966 ms.
--------------------------------------------------
=====UNKNOWN=====
64/INST_64x64/10/inst64x64_10_68.dzn : 1000911 ms.
--------------------------------------------------
=====UNKNOWN=====
64/INST_64x64/10/inst64x64_10_69.dzn : 1000845 ms.
--------------------------------------------------
SAT
----------
64/INST_64x64/10/inst64x64_10_6.dzn : 420421 ms.
--------------------------------------------------
=====UNKNOWN=====
64/INST_64x64/10/inst64x64_10_70.dzn : 1000885 ms.
--------------------------------------------------
=====UNKNOWN=====
64/INST_64x64/10/inst64x64_10_71.dzn : 1000906 ms.
--------------------------------------------------
=====UNKNOWN=====
64/INST_64x64/10/inst64x64_10_72.dzn : 1000886 ms.
--------------------------------------------------
=====UNKNOWN=====
64/INST_64x64/10/inst64x64_10_73.dzn : 1000891 ms.
--------------------------------------------------
SAT
----------
64/INST_64x64/10/inst64x64_10_74.dzn : 19273 ms.
--------------------------------------------------
SAT
----------
64/INST_64x64/10/inst64x64_10_75.dzn : 13206 ms.
--------------------------------------------------
=====UNKNOWN=====
64/INST_64x64/10/inst64x64_10_76.dzn : 1000878 ms.
--------------------------------------------------
=====UNKNOWN=====
64/INST_64x64/10/inst64x64_10_77.dzn : 1000909 ms.
--------------------------------------------------
=====UNKNOWN=====
64/INST_64x64/10/inst64x64_10_78.dzn : 1000871 ms.
--------------------------------------------------
=====UNKNOWN=====
64/INST_64x64/10/inst64x64_10_79.dzn : 1000874 ms.
--------------------------------------------------
SAT
----------
64/INST_64x64/10/inst64x64_10_7.dzn : 278007 ms.
--------------------------------------------------
=====UNKNOWN=====
64/INST_64x64/10/inst64x64_10_80.dzn : 1000881 ms.
--------------------------------------------------
=====UNKNOWN=====
64/INST_64x64/10/inst64x64_10_81.dzn : 1000984 ms.
--------------------------------------------------
=====UNKNOWN=====
64/INST_64x64/10/inst64x64_10_82.dzn : 1001037 ms.
--------------------------------------------------
SAT
----------
64/INST_64x64/10/inst64x64_10_83.dzn : 9405 ms.
--------------------------------------------------
=====UNKNOWN=====
64/INST_64x64/10/inst64x64_10_84.dzn : 1000969 ms.
--------------------------------------------------
=====UNKNOWN=====
64/INST_64x64/10/inst64x64_10_85.dzn : 1000997 ms.
--------------------------------------------------
=====UNKNOWN=====
64/INST_64x64/10/inst64x64_10_86.dzn : 1001035 ms.
--------------------------------------------------
=====UNKNOWN=====
64/INST_64x64/10/inst64x64_10_87.dzn : 1001048 ms.
--------------------------------------------------
=====UNKNOWN=====
64/INST_64x64/10/inst64x64_10_88.dzn : 1001013 ms.
--------------------------------------------------
SAT
----------
64/INST_64x64/10/inst64x64_10_89.dzn : 55740 ms.
--------------------------------------------------
=====UNKNOWN=====
64/INST_64x64/10/inst64x64_10_8.dzn : 1000871 ms.
--------------------------------------------------
=====UNKNOWN=====
64/INST_64x64/10/inst64x64_10_90.dzn : 1000857 ms.
--------------------------------------------------
=====UNKNOWN=====
64/INST_64x64/10/inst64x64_10_91.dzn : 1000938 ms.
--------------------------------------------------
=====UNKNOWN=====
64/INST_64x64/10/inst64x64_10_92.dzn : 1000919 ms.
--------------------------------------------------
=====UNKNOWN=====
64/INST_64x64/10/inst64x64_10_93.dzn : 1000902 ms.
--------------------------------------------------
=====UNKNOWN=====
64/INST_64x64/10/inst64x64_10_94.dzn : 1000915 ms.
--------------------------------------------------
=====UNKNOWN=====
64/INST_64x64/10/inst64x64_10_95.dzn : 1000945 ms.
--------------------------------------------------
SAT
----------
64/INST_64x64/10/inst64x64_10_96.dzn : 557830 ms.
--------------------------------------------------
=====UNKNOWN=====
64/INST_64x64/10/inst64x64_10_97.dzn : 1000926 ms.
--------------------------------------------------
=====UNKNOWN=====
64/INST_64x64/10/inst64x64_10_98.dzn : 1000890 ms.
--------------------------------------------------
=====UNKNOWN=====
64/INST_64x64/10/inst64x64_10_99.dzn : 1000883 ms.
--------------------------------------------------
=====UNKNOWN=====
64/INST_64x64/10/inst64x64_10_9.dzn : 1000886 ms.
