--------------------------------------------------
benchmarks/INST_25x25/30/inst25x25_30_0.txt find answer: 15.910000
benchmarks/INST_25x25/30/inst25x25_30_0.txt : 15971 ms.
--------------------------------------------------
benchmarks/INST_25x25/30/inst25x25_30_10.txt find answer: 7.570000
benchmarks/INST_25x25/30/inst25x25_30_10.txt : 7605 ms.
--------------------------------------------------
benchmarks/INST_25x25/30/inst25x25_30_11.txt : 1008329 ms.
--------------------------------------------------
benchmarks/INST_25x25/30/inst25x25_30_12.txt : 1003874 ms.
--------------------------------------------------
benchmarks/INST_25x25/30/inst25x25_30_13.txt : 1013698 ms.
--------------------------------------------------
benchmarks/INST_25x25/30/inst25x25_30_14.txt find answer: 13.540000
benchmarks/INST_25x25/30/inst25x25_30_14.txt : 13601 ms.
--------------------------------------------------
benchmarks/INST_25x25/30/inst25x25_30_15.txt find answer: 38.000000
benchmarks/INST_25x25/30/inst25x25_30_15.txt : 38109 ms.
--------------------------------------------------
benchmarks/INST_25x25/30/inst25x25_30_16.txt find answer: 17.710000
benchmarks/INST_25x25/30/inst25x25_30_16.txt : 17783 ms.
--------------------------------------------------
benchmarks/INST_25x25/30/inst25x25_30_17.txt : 1004552 ms.
--------------------------------------------------
benchmarks/INST_25x25/30/inst25x25_30_18.txt : 1014634 ms.
--------------------------------------------------
benchmarks/INST_25x25/30/inst25x25_30_19.txt find answer: 11.500000
benchmarks/INST_25x25/30/inst25x25_30_19.txt : 11553 ms.
--------------------------------------------------
benchmarks/INST_25x25/30/inst25x25_30_1.txt : 1007806 ms.
--------------------------------------------------
benchmarks/INST_25x25/30/inst25x25_30_20.txt : 1003164 ms.
--------------------------------------------------
benchmarks/INST_25x25/30/inst25x25_30_21.txt : 1010425 ms.
--------------------------------------------------
benchmarks/INST_25x25/30/inst25x25_30_22.txt : 1013204 ms.
--------------------------------------------------
benchmarks/INST_25x25/30/inst25x25_30_23.txt : 1009537 ms.
--------------------------------------------------
benchmarks/INST_25x25/30/inst25x25_30_24.txt : 1006554 ms.
--------------------------------------------------
benchmarks/INST_25x25/30/inst25x25_30_25.txt : 1019299 ms.
--------------------------------------------------
benchmarks/INST_25x25/30/inst25x25_30_26.txt find answer: 10.050000
benchmarks/INST_25x25/30/inst25x25_30_26.txt : 10106 ms.
--------------------------------------------------
benchmarks/INST_25x25/30/inst25x25_30_27.txt find answer: 10.780000
benchmarks/INST_25x25/30/inst25x25_30_27.txt : 10824 ms.
--------------------------------------------------
benchmarks/INST_25x25/30/inst25x25_30_28.txt : 1004537 ms.
--------------------------------------------------
benchmarks/INST_25x25/30/inst25x25_30_29.txt : 1006672 ms.
--------------------------------------------------
benchmarks/INST_25x25/30/inst25x25_30_2.txt : 1002788 ms.
--------------------------------------------------
benchmarks/INST_25x25/30/inst25x25_30_30.txt find answer: 21.080000
benchmarks/INST_25x25/30/inst25x25_30_30.txt : 21156 ms.
--------------------------------------------------
benchmarks/INST_25x25/30/inst25x25_30_31.txt : 1015549 ms.
--------------------------------------------------
benchmarks/INST_25x25/30/inst25x25_30_32.txt : 1006160 ms.
--------------------------------------------------
benchmarks/INST_25x25/30/inst25x25_30_33.txt find answer: 32.480000
benchmarks/INST_25x25/30/inst25x25_30_33.txt : 32589 ms.
--------------------------------------------------
benchmarks/INST_25x25/30/inst25x25_30_34.txt : 1005883 ms.
--------------------------------------------------
benchmarks/INST_25x25/30/inst25x25_30_35.txt find answer: 591.450000
benchmarks/INST_25x25/30/inst25x25_30_35.txt : 592898 ms.
--------------------------------------------------
benchmarks/INST_25x25/30/inst25x25_30_36.txt : 1015941 ms.
--------------------------------------------------
benchmarks/INST_25x25/30/inst25x25_30_37.txt : 1003724 ms.
--------------------------------------------------
benchmarks/INST_25x25/30/inst25x25_30_38.txt : 1007004 ms.
--------------------------------------------------
benchmarks/INST_25x25/30/inst25x25_30_39.txt : 1004429 ms.
--------------------------------------------------
benchmarks/INST_25x25/30/inst25x25_30_3.txt find answer: 18.020000
benchmarks/INST_25x25/30/inst25x25_30_3.txt : 18100 ms.
--------------------------------------------------
benchmarks/INST_25x25/30/inst25x25_30_40.txt find answer: 8.440000
benchmarks/INST_25x25/30/inst25x25_30_40.txt : 8495 ms.
--------------------------------------------------
benchmarks/INST_25x25/30/inst25x25_30_41.txt : 1013318 ms.
--------------------------------------------------
benchmarks/INST_25x25/30/inst25x25_30_42.txt find answer: 402.240000
benchmarks/INST_25x25/30/inst25x25_30_42.txt : 403225 ms.
--------------------------------------------------
benchmarks/INST_25x25/30/inst25x25_30_43.txt : 1008958 ms.
--------------------------------------------------
benchmarks/INST_25x25/30/inst25x25_30_44.txt find answer: 4.840000
benchmarks/INST_25x25/30/inst25x25_30_44.txt : 4882 ms.
--------------------------------------------------
benchmarks/INST_25x25/30/inst25x25_30_45.txt find answer: 103.900000
benchmarks/INST_25x25/30/inst25x25_30_45.txt : 104198 ms.
--------------------------------------------------
benchmarks/INST_25x25/30/inst25x25_30_46.txt : 1009234 ms.
--------------------------------------------------
benchmarks/INST_25x25/30/inst25x25_30_47.txt : 1009067 ms.
--------------------------------------------------
benchmarks/INST_25x25/30/inst25x25_30_48.txt : 1005619 ms.
--------------------------------------------------
benchmarks/INST_25x25/30/inst25x25_30_49.txt find answer: 206.780000
benchmarks/INST_25x25/30/inst25x25_30_49.txt : 207314 ms.
--------------------------------------------------
benchmarks/INST_25x25/30/inst25x25_30_4.txt : 1010259 ms.
--------------------------------------------------
benchmarks/INST_25x25/30/inst25x25_30_50.txt : 1005197 ms.
--------------------------------------------------
benchmarks/INST_25x25/30/inst25x25_30_51.txt : 1008104 ms.
--------------------------------------------------
benchmarks/INST_25x25/30/inst25x25_30_52.txt : 1005975 ms.
--------------------------------------------------
benchmarks/INST_25x25/30/inst25x25_30_53.txt find answer: 56.610000
benchmarks/INST_25x25/30/inst25x25_30_53.txt : 56790 ms.
--------------------------------------------------
benchmarks/INST_25x25/30/inst25x25_30_54.txt find answer: 11.560000
benchmarks/INST_25x25/30/inst25x25_30_54.txt : 11618 ms.
--------------------------------------------------
benchmarks/INST_25x25/30/inst25x25_30_55.txt : 1014919 ms.
--------------------------------------------------
benchmarks/INST_25x25/30/inst25x25_30_56.txt find answer: 16.890000
benchmarks/INST_25x25/30/inst25x25_30_56.txt : 16959 ms.
--------------------------------------------------
benchmarks/INST_25x25/30/inst25x25_30_57.txt find answer: 52.320000
benchmarks/INST_25x25/30/inst25x25_30_57.txt : 52479 ms.
--------------------------------------------------
benchmarks/INST_25x25/30/inst25x25_30_58.txt find answer: 1.490000
benchmarks/INST_25x25/30/inst25x25_30_58.txt : 1524 ms.
--------------------------------------------------
benchmarks/INST_25x25/30/inst25x25_30_59.txt find answer: 8.850000
benchmarks/INST_25x25/30/inst25x25_30_59.txt : 8899 ms.
--------------------------------------------------
benchmarks/INST_25x25/30/inst25x25_30_5.txt find answer: 10.360000
benchmarks/INST_25x25/30/inst25x25_30_5.txt : 10410 ms.
--------------------------------------------------
benchmarks/INST_25x25/30/inst25x25_30_60.txt find answer: 0.970000
benchmarks/INST_25x25/30/inst25x25_30_60.txt : 994 ms.
--------------------------------------------------
benchmarks/INST_25x25/30/inst25x25_30_61.txt find answer: 6.530000
benchmarks/INST_25x25/30/inst25x25_30_61.txt : 6563 ms.
--------------------------------------------------
benchmarks/INST_25x25/30/inst25x25_30_62.txt : 1008961 ms.
--------------------------------------------------
benchmarks/INST_25x25/30/inst25x25_30_63.txt : 1013026 ms.
--------------------------------------------------
benchmarks/INST_25x25/30/inst25x25_30_64.txt : 1012666 ms.
--------------------------------------------------
benchmarks/INST_25x25/30/inst25x25_30_65.txt : 1013783 ms.
--------------------------------------------------
benchmarks/INST_25x25/30/inst25x25_30_66.txt find answer: 43.470000
benchmarks/INST_25x25/30/inst25x25_30_66.txt : 43604 ms.
--------------------------------------------------
benchmarks/INST_25x25/30/inst25x25_30_67.txt : 1013395 ms.
--------------------------------------------------
benchmarks/INST_25x25/30/inst25x25_30_68.txt : 1009958 ms.
--------------------------------------------------
benchmarks/INST_25x25/30/inst25x25_30_69.txt : 1007305 ms.
--------------------------------------------------
benchmarks/INST_25x25/30/inst25x25_30_6.txt : 1002839 ms.
--------------------------------------------------
benchmarks/INST_25x25/30/inst25x25_30_70.txt : 1002555 ms.
--------------------------------------------------
benchmarks/INST_25x25/30/inst25x25_30_71.txt : 1008506 ms.
--------------------------------------------------
benchmarks/INST_25x25/30/inst25x25_30_72.txt find answer: 5.190000
benchmarks/INST_25x25/30/inst25x25_30_72.txt : 5223 ms.
--------------------------------------------------
benchmarks/INST_25x25/30/inst25x25_30_73.txt find answer: 11.420000
benchmarks/INST_25x25/30/inst25x25_30_73.txt : 11499 ms.
--------------------------------------------------
benchmarks/INST_25x25/30/inst25x25_30_74.txt : 1003180 ms.
--------------------------------------------------
benchmarks/INST_25x25/30/inst25x25_30_75.txt find answer: 51.150000
benchmarks/INST_25x25/30/inst25x25_30_75.txt : 51308 ms.
--------------------------------------------------
benchmarks/INST_25x25/30/inst25x25_30_76.txt find answer: 10.400000
benchmarks/INST_25x25/30/inst25x25_30_76.txt : 10538 ms.
--------------------------------------------------
benchmarks/INST_25x25/30/inst25x25_30_77.txt : 1007510 ms.
--------------------------------------------------
benchmarks/INST_25x25/30/inst25x25_30_78.txt : 1005635 ms.
--------------------------------------------------
benchmarks/INST_25x25/30/inst25x25_30_79.txt : 1016974 ms.
--------------------------------------------------
benchmarks/INST_25x25/30/inst25x25_30_7.txt find answer: 25.330000
benchmarks/INST_25x25/30/inst25x25_30_7.txt : 25427 ms.
--------------------------------------------------
benchmarks/INST_25x25/30/inst25x25_30_80.txt : 1006003 ms.
--------------------------------------------------
benchmarks/INST_25x25/30/inst25x25_30_81.txt : 1008303 ms.
--------------------------------------------------
benchmarks/INST_25x25/30/inst25x25_30_82.txt find answer: 23.750000
benchmarks/INST_25x25/30/inst25x25_30_82.txt : 23840 ms.
--------------------------------------------------
benchmarks/INST_25x25/30/inst25x25_30_83.txt : 1008726 ms.
--------------------------------------------------
benchmarks/INST_25x25/30/inst25x25_30_84.txt : 1004728 ms.
--------------------------------------------------
benchmarks/INST_25x25/30/inst25x25_30_85.txt : 1003283 ms.
--------------------------------------------------
benchmarks/INST_25x25/30/inst25x25_30_86.txt find answer: 33.960000
benchmarks/INST_25x25/30/inst25x25_30_86.txt : 34074 ms.
--------------------------------------------------
benchmarks/INST_25x25/30/inst25x25_30_87.txt find answer: 8.130000
benchmarks/INST_25x25/30/inst25x25_30_87.txt : 8169 ms.
--------------------------------------------------
benchmarks/INST_25x25/30/inst25x25_30_88.txt : 1005853 ms.
--------------------------------------------------
benchmarks/INST_25x25/30/inst25x25_30_89.txt find answer: 3.690000
benchmarks/INST_25x25/30/inst25x25_30_89.txt : 3731 ms.
--------------------------------------------------
benchmarks/INST_25x25/30/inst25x25_30_8.txt find answer: 30.060000
benchmarks/INST_25x25/30/inst25x25_30_8.txt : 30187 ms.
--------------------------------------------------
benchmarks/INST_25x25/30/inst25x25_30_90.txt : 1002704 ms.
--------------------------------------------------
benchmarks/INST_25x25/30/inst25x25_30_91.txt : 1004543 ms.
--------------------------------------------------
benchmarks/INST_25x25/30/inst25x25_30_92.txt find answer: 44.930000
benchmarks/INST_25x25/30/inst25x25_30_92.txt : 45133 ms.
--------------------------------------------------
benchmarks/INST_25x25/30/inst25x25_30_93.txt : 1004217 ms.
--------------------------------------------------
benchmarks/INST_25x25/30/inst25x25_30_94.txt : 1007867 ms.
--------------------------------------------------
benchmarks/INST_25x25/30/inst25x25_30_95.txt : 1005057 ms.
--------------------------------------------------
benchmarks/INST_25x25/30/inst25x25_30_96.txt : 1004712 ms.
--------------------------------------------------
benchmarks/INST_25x25/30/inst25x25_30_97.txt : 1006548 ms.
--------------------------------------------------
benchmarks/INST_25x25/30/inst25x25_30_98.txt find answer: 10.590000
benchmarks/INST_25x25/30/inst25x25_30_98.txt : 10632 ms.
--------------------------------------------------
benchmarks/INST_25x25/30/inst25x25_30_99.txt find answer: 13.150000
benchmarks/INST_25x25/30/inst25x25_30_99.txt : 13205 ms.
--------------------------------------------------
benchmarks/INST_25x25/30/inst25x25_30_9.txt : 1012135 ms.
run.sh: line 77: 3: command not found
run.sh: line 78: syntax error near unexpected token `fi'
run.sh: line 78: `    fi'
