--------------------------------------------------
benchmarks/INST_49x49/60/inst49x49_60_0.txt find answer: 13.020000
benchmarks/INST_49x49/60/inst49x49_60_0.txt : 13205 ms.
--------------------------------------------------
benchmarks/INST_49x49/60/inst49x49_60_10.txt : 1048940 ms.
--------------------------------------------------
benchmarks/INST_49x49/60/inst49x49_60_11.txt find answer: 0.000000
benchmarks/INST_49x49/60/inst49x49_60_11.txt : 149 ms.
--------------------------------------------------
benchmarks/INST_49x49/60/inst49x49_60_12.txt find answer: 0.000000
benchmarks/INST_49x49/60/inst49x49_60_12.txt : 141 ms.
--------------------------------------------------
benchmarks/INST_49x49/60/inst49x49_60_13.txt : 1007903 ms.
--------------------------------------------------
benchmarks/INST_49x49/60/inst49x49_60_14.txt : 1009724 ms.
--------------------------------------------------
benchmarks/INST_49x49/60/inst49x49_60_15.txt : 1007441 ms.
--------------------------------------------------
benchmarks/INST_49x49/60/inst49x49_60_16.txt : 1015511 ms.
--------------------------------------------------
benchmarks/INST_49x49/60/inst49x49_60_17.txt : 1010708 ms.
--------------------------------------------------
benchmarks/INST_49x49/60/inst49x49_60_18.txt find answer: 0.000000
benchmarks/INST_49x49/60/inst49x49_60_18.txt : 159 ms.
--------------------------------------------------
benchmarks/INST_49x49/60/inst49x49_60_19.txt find answer: 0.000000
benchmarks/INST_49x49/60/inst49x49_60_19.txt : 150 ms.
--------------------------------------------------
benchmarks/INST_49x49/60/inst49x49_60_1.txt : 1042791 ms.
--------------------------------------------------
benchmarks/INST_49x49/60/inst49x49_60_20.txt find answer: 15.020000
benchmarks/INST_49x49/60/inst49x49_60_20.txt : 15193 ms.
--------------------------------------------------
benchmarks/INST_49x49/60/inst49x49_60_21.txt : 1003035 ms.
--------------------------------------------------
benchmarks/INST_49x49/60/inst49x49_60_22.txt find answer: 15.410000
benchmarks/INST_49x49/60/inst49x49_60_22.txt : 15596 ms.
--------------------------------------------------
benchmarks/INST_49x49/60/inst49x49_60_23.txt : 1008025 ms.
--------------------------------------------------
benchmarks/INST_49x49/60/inst49x49_60_24.txt find answer: 3.380000
benchmarks/INST_49x49/60/inst49x49_60_24.txt : 3535 ms.
--------------------------------------------------
benchmarks/INST_49x49/60/inst49x49_60_25.txt find answer: 0.000000
benchmarks/INST_49x49/60/inst49x49_60_25.txt : 139 ms.
--------------------------------------------------
benchmarks/INST_49x49/60/inst49x49_60_26.txt find answer: 0.000000
benchmarks/INST_49x49/60/inst49x49_60_26.txt : 137 ms.
--------------------------------------------------
benchmarks/INST_49x49/60/inst49x49_60_27.txt : 1017929 ms.
--------------------------------------------------
benchmarks/INST_49x49/60/inst49x49_60_28.txt : 1007058 ms.
--------------------------------------------------
benchmarks/INST_49x49/60/inst49x49_60_29.txt find answer: 0.000000
benchmarks/INST_49x49/60/inst49x49_60_29.txt : 151 ms.
--------------------------------------------------
benchmarks/INST_49x49/60/inst49x49_60_2.txt find answer: 25.670000
benchmarks/INST_49x49/60/inst49x49_60_2.txt : 25884 ms.
--------------------------------------------------
benchmarks/INST_49x49/60/inst49x49_60_30.txt find answer: 0.000000
benchmarks/INST_49x49/60/inst49x49_60_30.txt : 142 ms.
--------------------------------------------------
benchmarks/INST_49x49/60/inst49x49_60_31.txt : 1056757 ms.
--------------------------------------------------
benchmarks/INST_49x49/60/inst49x49_60_32.txt : 1023213 ms.
--------------------------------------------------
benchmarks/INST_49x49/60/inst49x49_60_33.txt : 1012787 ms.
--------------------------------------------------
benchmarks/INST_49x49/60/inst49x49_60_34.txt : 1028873 ms.
--------------------------------------------------
benchmarks/INST_49x49/60/inst49x49_60_35.txt : 1007298 ms.
--------------------------------------------------
benchmarks/INST_49x49/60/inst49x49_60_36.txt : 1059699 ms.
--------------------------------------------------
benchmarks/INST_49x49/60/inst49x49_60_37.txt find answer: 1.520000
benchmarks/INST_49x49/60/inst49x49_60_37.txt : 1663 ms.
--------------------------------------------------
benchmarks/INST_49x49/60/inst49x49_60_38.txt : 1044174 ms.
--------------------------------------------------
benchmarks/INST_49x49/60/inst49x49_60_39.txt : 1039364 ms.
--------------------------------------------------
benchmarks/INST_49x49/60/inst49x49_60_3.txt : 1011821 ms.
--------------------------------------------------
benchmarks/INST_49x49/60/inst49x49_60_40.txt : 1008607 ms.
--------------------------------------------------
benchmarks/INST_49x49/60/inst49x49_60_41.txt : 1011466 ms.
--------------------------------------------------
benchmarks/INST_49x49/60/inst49x49_60_42.txt : 1039731 ms.
--------------------------------------------------
benchmarks/INST_49x49/60/inst49x49_60_43.txt : 1037501 ms.
--------------------------------------------------
benchmarks/INST_49x49/60/inst49x49_60_44.txt find answer: 0.000000
benchmarks/INST_49x49/60/inst49x49_60_44.txt : 153 ms.
--------------------------------------------------
benchmarks/INST_49x49/60/inst49x49_60_45.txt : 1013892 ms.
--------------------------------------------------
benchmarks/INST_49x49/60/inst49x49_60_46.txt : 1023452 ms.
--------------------------------------------------
benchmarks/INST_49x49/60/inst49x49_60_47.txt find answer: 0.000000
benchmarks/INST_49x49/60/inst49x49_60_47.txt : 148 ms.
--------------------------------------------------
benchmarks/INST_49x49/60/inst49x49_60_48.txt find answer: 0.000000
benchmarks/INST_49x49/60/inst49x49_60_48.txt : 142 ms.
--------------------------------------------------
benchmarks/INST_49x49/60/inst49x49_60_49.txt find answer: 3.020000
benchmarks/INST_49x49/60/inst49x49_60_49.txt : 3177 ms.
--------------------------------------------------
benchmarks/INST_49x49/60/inst49x49_60_4.txt find answer: 0.000000
benchmarks/INST_49x49/60/inst49x49_60_4.txt : 150 ms.
--------------------------------------------------
benchmarks/INST_49x49/60/inst49x49_60_50.txt : 1016432 ms.
--------------------------------------------------
benchmarks/INST_49x49/60/inst49x49_60_51.txt : 1032681 ms.
--------------------------------------------------
benchmarks/INST_49x49/60/inst49x49_60_52.txt find answer: 2.520000
benchmarks/INST_49x49/60/inst49x49_60_52.txt : 2689 ms.
--------------------------------------------------
benchmarks/INST_49x49/60/inst49x49_60_53.txt : 1052649 ms.
--------------------------------------------------
benchmarks/INST_49x49/60/inst49x49_60_54.txt : 1005398 ms.
--------------------------------------------------
benchmarks/INST_49x49/60/inst49x49_60_55.txt find answer: 0.000000
benchmarks/INST_49x49/60/inst49x49_60_55.txt : 146 ms.
--------------------------------------------------
benchmarks/INST_49x49/60/inst49x49_60_56.txt find answer: 0.000000
benchmarks/INST_49x49/60/inst49x49_60_56.txt : 165 ms.
--------------------------------------------------
benchmarks/INST_49x49/60/inst49x49_60_57.txt : 1020225 ms.
--------------------------------------------------
benchmarks/INST_49x49/60/inst49x49_60_58.txt find answer: 0.000000
benchmarks/INST_49x49/60/inst49x49_60_58.txt : 153 ms.
--------------------------------------------------
benchmarks/INST_49x49/60/inst49x49_60_59.txt : 1043318 ms.
--------------------------------------------------
benchmarks/INST_49x49/60/inst49x49_60_5.txt : 1008168 ms.
--------------------------------------------------
benchmarks/INST_49x49/60/inst49x49_60_60.txt find answer: 0.000000
benchmarks/INST_49x49/60/inst49x49_60_60.txt : 153 ms.
--------------------------------------------------
benchmarks/INST_49x49/60/inst49x49_60_61.txt find answer: 12.520000
benchmarks/INST_49x49/60/inst49x49_60_61.txt : 12693 ms.
--------------------------------------------------
benchmarks/INST_49x49/60/inst49x49_60_62.txt : 1017379 ms.
--------------------------------------------------
benchmarks/INST_49x49/60/inst49x49_60_63.txt : 1007658 ms.
--------------------------------------------------
benchmarks/INST_49x49/60/inst49x49_60_64.txt find answer: 0.000000
benchmarks/INST_49x49/60/inst49x49_60_64.txt : 142 ms.
--------------------------------------------------
benchmarks/INST_49x49/60/inst49x49_60_65.txt : 1017606 ms.
--------------------------------------------------
benchmarks/INST_49x49/60/inst49x49_60_66.txt : 1005109 ms.
--------------------------------------------------
benchmarks/INST_49x49/60/inst49x49_60_67.txt : 1007361 ms.
--------------------------------------------------
benchmarks/INST_49x49/60/inst49x49_60_68.txt find answer: 0.000000
benchmarks/INST_49x49/60/inst49x49_60_68.txt : 153 ms.
--------------------------------------------------
benchmarks/INST_49x49/60/inst49x49_60_69.txt find answer: 4.540000
benchmarks/INST_49x49/60/inst49x49_60_69.txt : 4714 ms.
--------------------------------------------------
benchmarks/INST_49x49/60/inst49x49_60_6.txt find answer: 2.000000
benchmarks/INST_49x49/60/inst49x49_60_6.txt : 2152 ms.
--------------------------------------------------
benchmarks/INST_49x49/60/inst49x49_60_70.txt find answer: 0.000000
benchmarks/INST_49x49/60/inst49x49_60_70.txt : 152 ms.
--------------------------------------------------
benchmarks/INST_49x49/60/inst49x49_60_71.txt find answer: 0.000000
benchmarks/INST_49x49/60/inst49x49_60_71.txt : 149 ms.
--------------------------------------------------
benchmarks/INST_49x49/60/inst49x49_60_72.txt find answer: 0.000000
benchmarks/INST_49x49/60/inst49x49_60_72.txt : 173 ms.
--------------------------------------------------
benchmarks/INST_49x49/60/inst49x49_60_73.txt : 1004111 ms.
--------------------------------------------------
benchmarks/INST_49x49/60/inst49x49_60_74.txt : 1017165 ms.
--------------------------------------------------
benchmarks/INST_49x49/60/inst49x49_60_75.txt : 1049983 ms.
--------------------------------------------------
benchmarks/INST_49x49/60/inst49x49_60_76.txt find answer: 0.010000
benchmarks/INST_49x49/60/inst49x49_60_76.txt : 149 ms.
--------------------------------------------------
benchmarks/INST_49x49/60/inst49x49_60_77.txt find answer: 0.000000
benchmarks/INST_49x49/60/inst49x49_60_77.txt : 138 ms.
--------------------------------------------------
benchmarks/INST_49x49/60/inst49x49_60_78.txt : 1016687 ms.
--------------------------------------------------
benchmarks/INST_49x49/60/inst49x49_60_79.txt find answer: 2.280000
benchmarks/INST_49x49/60/inst49x49_60_79.txt : 2450 ms.
--------------------------------------------------
benchmarks/INST_49x49/60/inst49x49_60_7.txt : 1026587 ms.
--------------------------------------------------
benchmarks/INST_49x49/60/inst49x49_60_80.txt : 1018507 ms.
--------------------------------------------------
benchmarks/INST_49x49/60/inst49x49_60_81.txt : 1010877 ms.
--------------------------------------------------
benchmarks/INST_49x49/60/inst49x49_60_82.txt find answer: 0.000000
benchmarks/INST_49x49/60/inst49x49_60_82.txt : 154 ms.
--------------------------------------------------
benchmarks/INST_49x49/60/inst49x49_60_83.txt : 1038598 ms.
--------------------------------------------------
benchmarks/INST_49x49/60/inst49x49_60_84.txt find answer: 0.000000
benchmarks/INST_49x49/60/inst49x49_60_84.txt : 144 ms.
--------------------------------------------------
benchmarks/INST_49x49/60/inst49x49_60_85.txt : 1054782 ms.
--------------------------------------------------
benchmarks/INST_49x49/60/inst49x49_60_86.txt : 1004917 ms.
--------------------------------------------------
benchmarks/INST_49x49/60/inst49x49_60_87.txt find answer: 1.590000
benchmarks/INST_49x49/60/inst49x49_60_87.txt : 1736 ms.
--------------------------------------------------
benchmarks/INST_49x49/60/inst49x49_60_88.txt find answer: 0.690000
benchmarks/INST_49x49/60/inst49x49_60_88.txt : 826 ms.
--------------------------------------------------
benchmarks/INST_49x49/60/inst49x49_60_89.txt find answer: 5.180000
benchmarks/INST_49x49/60/inst49x49_60_89.txt : 5371 ms.
--------------------------------------------------
benchmarks/INST_49x49/60/inst49x49_60_8.txt find answer: 0.000000
benchmarks/INST_49x49/60/inst49x49_60_8.txt : 144 ms.
--------------------------------------------------
benchmarks/INST_49x49/60/inst49x49_60_90.txt find answer: 4.750000
benchmarks/INST_49x49/60/inst49x49_60_90.txt : 4900 ms.
--------------------------------------------------
benchmarks/INST_49x49/60/inst49x49_60_91.txt find answer: 0.000000
benchmarks/INST_49x49/60/inst49x49_60_91.txt : 139 ms.
--------------------------------------------------
benchmarks/INST_49x49/60/inst49x49_60_92.txt : 1015562 ms.
--------------------------------------------------
benchmarks/INST_49x49/60/inst49x49_60_93.txt : 1006010 ms.
--------------------------------------------------
benchmarks/INST_49x49/60/inst49x49_60_94.txt find answer: 1.470000
benchmarks/INST_49x49/60/inst49x49_60_94.txt : 1605 ms.
--------------------------------------------------
benchmarks/INST_49x49/60/inst49x49_60_95.txt : 1025475 ms.
--------------------------------------------------
benchmarks/INST_49x49/60/inst49x49_60_96.txt : 1008148 ms.
--------------------------------------------------
benchmarks/INST_49x49/60/inst49x49_60_97.txt : 1020219 ms.
--------------------------------------------------
benchmarks/INST_49x49/60/inst49x49_60_98.txt : 1006990 ms.
--------------------------------------------------
benchmarks/INST_49x49/60/inst49x49_60_99.txt : 1032632 ms.
--------------------------------------------------
benchmarks/INST_49x49/60/inst49x49_60_9.txt find answer: 0.000000
benchmarks/INST_49x49/60/inst49x49_60_9.txt : 144 ms.
run.sh: line 77: 3: command not found
run.sh: line 78: syntax error near unexpected token `fi'
run.sh: line 78: `    fi'
