--------------------------------------------------
benchmarks/INST_81x81/50/inst81x81_50_0.txt : 1004921 ms.
--------------------------------------------------
benchmarks/INST_81x81/50/inst81x81_50_10.txt : 1006776 ms.
--------------------------------------------------
benchmarks/INST_81x81/50/inst81x81_50_11.txt : 1017237 ms.
--------------------------------------------------
benchmarks/INST_81x81/50/inst81x81_50_12.txt : 1004049 ms.
--------------------------------------------------
benchmarks/INST_81x81/50/inst81x81_50_13.txt : 1007028 ms.
--------------------------------------------------
benchmarks/INST_81x81/50/inst81x81_50_14.txt : 1005832 ms.
--------------------------------------------------
benchmarks/INST_81x81/50/inst81x81_50_15.txt : 1010734 ms.
--------------------------------------------------
benchmarks/INST_81x81/50/inst81x81_50_16.txt : 1010908 ms.
--------------------------------------------------
benchmarks/INST_81x81/50/inst81x81_50_17.txt : 1011636 ms.
--------------------------------------------------
benchmarks/INST_81x81/50/inst81x81_50_18.txt : 1015728 ms.
--------------------------------------------------
benchmarks/INST_81x81/50/inst81x81_50_19.txt : 1009509 ms.
--------------------------------------------------
benchmarks/INST_81x81/50/inst81x81_50_1.txt : 1014002 ms.
--------------------------------------------------
benchmarks/INST_81x81/50/inst81x81_50_20.txt : 1013726 ms.
--------------------------------------------------
benchmarks/INST_81x81/50/inst81x81_50_21.txt : 1032826 ms.
--------------------------------------------------
benchmarks/INST_81x81/50/inst81x81_50_22.txt : 1006309 ms.
--------------------------------------------------
benchmarks/INST_81x81/50/inst81x81_50_23.txt : 1017177 ms.
--------------------------------------------------
benchmarks/INST_81x81/50/inst81x81_50_24.txt : 1025643 ms.
--------------------------------------------------
benchmarks/INST_81x81/50/inst81x81_50_25.txt : 1010559 ms.
--------------------------------------------------
benchmarks/INST_81x81/50/inst81x81_50_26.txt : 1016908 ms.
--------------------------------------------------
benchmarks/INST_81x81/50/inst81x81_50_27.txt : 1019169 ms.
--------------------------------------------------
benchmarks/INST_81x81/50/inst81x81_50_28.txt : 1014641 ms.
--------------------------------------------------
benchmarks/INST_81x81/50/inst81x81_50_29.txt : 1018238 ms.
--------------------------------------------------
benchmarks/INST_81x81/50/inst81x81_50_2.txt : 1015694 ms.
--------------------------------------------------
benchmarks/INST_81x81/50/inst81x81_50_30.txt : 1021353 ms.
--------------------------------------------------
benchmarks/INST_81x81/50/inst81x81_50_31.txt : 1009064 ms.
--------------------------------------------------
benchmarks/INST_81x81/50/inst81x81_50_32.txt : 1007854 ms.
--------------------------------------------------
benchmarks/INST_81x81/50/inst81x81_50_33.txt : 1006704 ms.
--------------------------------------------------
benchmarks/INST_81x81/50/inst81x81_50_34.txt : 1005070 ms.
--------------------------------------------------
benchmarks/INST_81x81/50/inst81x81_50_35.txt : 1003210 ms.
--------------------------------------------------
benchmarks/INST_81x81/50/inst81x81_50_36.txt : 1008540 ms.
--------------------------------------------------
benchmarks/INST_81x81/50/inst81x81_50_37.txt : 1004498 ms.
--------------------------------------------------
benchmarks/INST_81x81/50/inst81x81_50_38.txt : 1004651 ms.
--------------------------------------------------
benchmarks/INST_81x81/50/inst81x81_50_39.txt : 1008316 ms.
--------------------------------------------------
benchmarks/INST_81x81/50/inst81x81_50_3.txt : 1010613 ms.
--------------------------------------------------
benchmarks/INST_81x81/50/inst81x81_50_40.txt : 1008618 ms.
--------------------------------------------------
benchmarks/INST_81x81/50/inst81x81_50_41.txt : 1018263 ms.
--------------------------------------------------
benchmarks/INST_81x81/50/inst81x81_50_42.txt : 1009513 ms.
--------------------------------------------------
benchmarks/INST_81x81/50/inst81x81_50_43.txt : 1010273 ms.
--------------------------------------------------
benchmarks/INST_81x81/50/inst81x81_50_44.txt : 1005725 ms.
--------------------------------------------------
benchmarks/INST_81x81/50/inst81x81_50_45.txt : 1006016 ms.
--------------------------------------------------
benchmarks/INST_81x81/50/inst81x81_50_46.txt : 1021677 ms.
--------------------------------------------------
benchmarks/INST_81x81/50/inst81x81_50_47.txt : 1003073 ms.
--------------------------------------------------
benchmarks/INST_81x81/50/inst81x81_50_48.txt : 1017379 ms.
--------------------------------------------------
benchmarks/INST_81x81/50/inst81x81_50_49.txt : 1015851 ms.
--------------------------------------------------
benchmarks/INST_81x81/50/inst81x81_50_4.txt : 1019278 ms.
--------------------------------------------------
benchmarks/INST_81x81/50/inst81x81_50_50.txt : 1011753 ms.
--------------------------------------------------
benchmarks/INST_81x81/50/inst81x81_50_51.txt : 1004894 ms.
--------------------------------------------------
benchmarks/INST_81x81/50/inst81x81_50_52.txt : 1014343 ms.
--------------------------------------------------
benchmarks/INST_81x81/50/inst81x81_50_53.txt : 1008257 ms.
--------------------------------------------------
benchmarks/INST_81x81/50/inst81x81_50_54.txt : 1007678 ms.
--------------------------------------------------
benchmarks/INST_81x81/50/inst81x81_50_55.txt : 1012369 ms.
--------------------------------------------------
benchmarks/INST_81x81/50/inst81x81_50_56.txt : 1112379 ms.
--------------------------------------------------
benchmarks/INST_81x81/50/inst81x81_50_57.txt : 1011742 ms.
--------------------------------------------------
benchmarks/INST_81x81/50/inst81x81_50_58.txt : 1005396 ms.
--------------------------------------------------
benchmarks/INST_81x81/50/inst81x81_50_59.txt : 1010765 ms.
--------------------------------------------------
benchmarks/INST_81x81/50/inst81x81_50_5.txt : 1009621 ms.
--------------------------------------------------
benchmarks/INST_81x81/50/inst81x81_50_60.txt : 1003274 ms.
--------------------------------------------------
benchmarks/INST_81x81/50/inst81x81_50_61.txt : 1006544 ms.
--------------------------------------------------
benchmarks/INST_81x81/50/inst81x81_50_62.txt : 1011269 ms.
--------------------------------------------------
benchmarks/INST_81x81/50/inst81x81_50_63.txt : 1016524 ms.
--------------------------------------------------
benchmarks/INST_81x81/50/inst81x81_50_64.txt : 1007372 ms.
--------------------------------------------------
benchmarks/INST_81x81/50/inst81x81_50_65.txt : 1008612 ms.
--------------------------------------------------
benchmarks/INST_81x81/50/inst81x81_50_66.txt : 1023151 ms.
--------------------------------------------------
benchmarks/INST_81x81/50/inst81x81_50_67.txt : 1023989 ms.
--------------------------------------------------
benchmarks/INST_81x81/50/inst81x81_50_68.txt : 1007021 ms.
--------------------------------------------------
benchmarks/INST_81x81/50/inst81x81_50_69.txt : 1017139 ms.
--------------------------------------------------
benchmarks/INST_81x81/50/inst81x81_50_6.txt : 1014158 ms.
--------------------------------------------------
benchmarks/INST_81x81/50/inst81x81_50_70.txt : 1007722 ms.
--------------------------------------------------
benchmarks/INST_81x81/50/inst81x81_50_71.txt : 1010636 ms.
--------------------------------------------------
benchmarks/INST_81x81/50/inst81x81_50_72.txt : 1007418 ms.
--------------------------------------------------
benchmarks/INST_81x81/50/inst81x81_50_73.txt : 1004727 ms.
--------------------------------------------------
benchmarks/INST_81x81/50/inst81x81_50_74.txt : 1004823 ms.
--------------------------------------------------
benchmarks/INST_81x81/50/inst81x81_50_75.txt : 1011443 ms.
--------------------------------------------------
benchmarks/INST_81x81/50/inst81x81_50_76.txt : 1003671 ms.
--------------------------------------------------
benchmarks/INST_81x81/50/inst81x81_50_77.txt : 1012142 ms.
--------------------------------------------------
benchmarks/INST_81x81/50/inst81x81_50_78.txt : 1018848 ms.
--------------------------------------------------
benchmarks/INST_81x81/50/inst81x81_50_79.txt : 1010562 ms.
--------------------------------------------------
benchmarks/INST_81x81/50/inst81x81_50_7.txt : 1004717 ms.
--------------------------------------------------
benchmarks/INST_81x81/50/inst81x81_50_80.txt : 1005247 ms.
--------------------------------------------------
benchmarks/INST_81x81/50/inst81x81_50_81.txt : 1014968 ms.
--------------------------------------------------
benchmarks/INST_81x81/50/inst81x81_50_82.txt : 1013935 ms.
--------------------------------------------------
benchmarks/INST_81x81/50/inst81x81_50_83.txt : 1012937 ms.
--------------------------------------------------
benchmarks/INST_81x81/50/inst81x81_50_84.txt : 1004738 ms.
--------------------------------------------------
benchmarks/INST_81x81/50/inst81x81_50_85.txt : 1008177 ms.
--------------------------------------------------
benchmarks/INST_81x81/50/inst81x81_50_86.txt : 1004785 ms.
--------------------------------------------------
benchmarks/INST_81x81/50/inst81x81_50_87.txt : 1012454 ms.
--------------------------------------------------
benchmarks/INST_81x81/50/inst81x81_50_88.txt : 1009318 ms.
--------------------------------------------------
benchmarks/INST_81x81/50/inst81x81_50_89.txt : 1009962 ms.
--------------------------------------------------
benchmarks/INST_81x81/50/inst81x81_50_8.txt : 1004973 ms.
--------------------------------------------------
benchmarks/INST_81x81/50/inst81x81_50_90.txt : 1011090 ms.
--------------------------------------------------
benchmarks/INST_81x81/50/inst81x81_50_91.txt : 1017136 ms.
--------------------------------------------------
benchmarks/INST_81x81/50/inst81x81_50_92.txt : 1010484 ms.
--------------------------------------------------
benchmarks/INST_81x81/50/inst81x81_50_93.txt : 1007493 ms.
--------------------------------------------------
benchmarks/INST_81x81/50/inst81x81_50_94.txt : 1011474 ms.
--------------------------------------------------
benchmarks/INST_81x81/50/inst81x81_50_95.txt : 1008106 ms.
--------------------------------------------------
benchmarks/INST_81x81/50/inst81x81_50_96.txt : 1005992 ms.
--------------------------------------------------
benchmarks/INST_81x81/50/inst81x81_50_97.txt : 1025208 ms.
--------------------------------------------------
benchmarks/INST_81x81/50/inst81x81_50_98.txt : 1019351 ms.
--------------------------------------------------
benchmarks/INST_81x81/50/inst81x81_50_99.txt : 1005030 ms.
--------------------------------------------------
benchmarks/INST_81x81/50/inst81x81_50_9.txt : 1014941 ms.
run.sh: line 77: 3: command not found
run.sh: line 78: syntax error near unexpected token `fi'
run.sh: line 78: `    fi'
