--------------------------------------------------
Traceback (most recent call last):
  File "/home/hanrui/Sudoku-LS/solvers/sudoku_ort/sudoku_dyh_leq.py", line 103, in <module>
    solve_sudoku(file)
  File "/home/hanrui/Sudoku-LS/solvers/sudoku_ort/sudoku_dyh_leq.py", line 45, in solve_sudoku
    eq_num = int(f.readline().strip())
ValueError: invalid literal for int() with base 10: ''
benchmarks_LEQ/INST_81x81/100/inst81x81_100_0.txt : 4453 ms.
--------------------------------------------------
Traceback (most recent call last):
  File "/home/hanrui/Sudoku-LS/solvers/sudoku_ort/sudoku_dyh_leq.py", line 103, in <module>
    solve_sudoku(file)
  File "/home/hanrui/Sudoku-LS/solvers/sudoku_ort/sudoku_dyh_leq.py", line 45, in solve_sudoku
    eq_num = int(f.readline().strip())
ValueError: invalid literal for int() with base 10: ''
benchmarks_LEQ/INST_81x81/100/inst81x81_100_10.txt : 823 ms.
--------------------------------------------------
Traceback (most recent call last):
  File "/home/hanrui/Sudoku-LS/solvers/sudoku_ort/sudoku_dyh_leq.py", line 103, in <module>
    solve_sudoku(file)
  File "/home/hanrui/Sudoku-LS/solvers/sudoku_ort/sudoku_dyh_leq.py", line 45, in solve_sudoku
    eq_num = int(f.readline().strip())
ValueError: invalid literal for int() with base 10: ''
benchmarks_LEQ/INST_81x81/100/inst81x81_100_11.txt : 915 ms.
--------------------------------------------------
Traceback (most recent call last):
  File "/home/hanrui/Sudoku-LS/solvers/sudoku_ort/sudoku_dyh_leq.py", line 103, in <module>
    solve_sudoku(file)
  File "/home/hanrui/Sudoku-LS/solvers/sudoku_ort/sudoku_dyh_leq.py", line 45, in solve_sudoku
    eq_num = int(f.readline().strip())
ValueError: invalid literal for int() with base 10: ''
benchmarks_LEQ/INST_81x81/100/inst81x81_100_12.txt : 1263 ms.
--------------------------------------------------
Traceback (most recent call last):
  File "/home/hanrui/Sudoku-LS/solvers/sudoku_ort/sudoku_dyh_leq.py", line 103, in <module>
    solve_sudoku(file)
  File "/home/hanrui/Sudoku-LS/solvers/sudoku_ort/sudoku_dyh_leq.py", line 45, in solve_sudoku
    eq_num = int(f.readline().strip())
ValueError: invalid literal for int() with base 10: ''
benchmarks_LEQ/INST_81x81/100/inst81x81_100_13.txt : 1377 ms.
--------------------------------------------------
Traceback (most recent call last):
  File "/home/hanrui/Sudoku-LS/solvers/sudoku_ort/sudoku_dyh_leq.py", line 103, in <module>
    solve_sudoku(file)
  File "/home/hanrui/Sudoku-LS/solvers/sudoku_ort/sudoku_dyh_leq.py", line 45, in solve_sudoku
    eq_num = int(f.readline().strip())
ValueError: invalid literal for int() with base 10: ''
benchmarks_LEQ/INST_81x81/100/inst81x81_100_14.txt : 1122 ms.
--------------------------------------------------
Traceback (most recent call last):
  File "/home/hanrui/Sudoku-LS/solvers/sudoku_ort/sudoku_dyh_leq.py", line 103, in <module>
    solve_sudoku(file)
  File "/home/hanrui/Sudoku-LS/solvers/sudoku_ort/sudoku_dyh_leq.py", line 45, in solve_sudoku
    eq_num = int(f.readline().strip())
ValueError: invalid literal for int() with base 10: ''
benchmarks_LEQ/INST_81x81/100/inst81x81_100_15.txt : 1198 ms.
--------------------------------------------------
Traceback (most recent call last):
  File "/home/hanrui/Sudoku-LS/solvers/sudoku_ort/sudoku_dyh_leq.py", line 103, in <module>
    solve_sudoku(file)
  File "/home/hanrui/Sudoku-LS/solvers/sudoku_ort/sudoku_dyh_leq.py", line 45, in solve_sudoku
    eq_num = int(f.readline().strip())
ValueError: invalid literal for int() with base 10: ''
benchmarks_LEQ/INST_81x81/100/inst81x81_100_16.txt : 1585 ms.
--------------------------------------------------
Traceback (most recent call last):
  File "/home/hanrui/Sudoku-LS/solvers/sudoku_ort/sudoku_dyh_leq.py", line 103, in <module>
    solve_sudoku(file)
  File "/home/hanrui/Sudoku-LS/solvers/sudoku_ort/sudoku_dyh_leq.py", line 45, in solve_sudoku
    eq_num = int(f.readline().strip())
ValueError: invalid literal for int() with base 10: ''
benchmarks_LEQ/INST_81x81/100/inst81x81_100_17.txt : 2028 ms.
--------------------------------------------------
Traceback (most recent call last):
  File "/home/hanrui/Sudoku-LS/solvers/sudoku_ort/sudoku_dyh_leq.py", line 103, in <module>
    solve_sudoku(file)
  File "/home/hanrui/Sudoku-LS/solvers/sudoku_ort/sudoku_dyh_leq.py", line 45, in solve_sudoku
    eq_num = int(f.readline().strip())
ValueError: invalid literal for int() with base 10: ''
benchmarks_LEQ/INST_81x81/100/inst81x81_100_18.txt : 1468 ms.
--------------------------------------------------
Traceback (most recent call last):
  File "/home/hanrui/Sudoku-LS/solvers/sudoku_ort/sudoku_dyh_leq.py", line 103, in <module>
    solve_sudoku(file)
  File "/home/hanrui/Sudoku-LS/solvers/sudoku_ort/sudoku_dyh_leq.py", line 45, in solve_sudoku
    eq_num = int(f.readline().strip())
ValueError: invalid literal for int() with base 10: ''
benchmarks_LEQ/INST_81x81/100/inst81x81_100_19.txt : 1653 ms.
--------------------------------------------------
Traceback (most recent call last):
  File "/home/hanrui/Sudoku-LS/solvers/sudoku_ort/sudoku_dyh_leq.py", line 103, in <module>
    solve_sudoku(file)
  File "/home/hanrui/Sudoku-LS/solvers/sudoku_ort/sudoku_dyh_leq.py", line 45, in solve_sudoku
    eq_num = int(f.readline().strip())
ValueError: invalid literal for int() with base 10: ''
benchmarks_LEQ/INST_81x81/100/inst81x81_100_1.txt : 1487 ms.
--------------------------------------------------
Traceback (most recent call last):
  File "/home/hanrui/Sudoku-LS/solvers/sudoku_ort/sudoku_dyh_leq.py", line 103, in <module>
    solve_sudoku(file)
  File "/home/hanrui/Sudoku-LS/solvers/sudoku_ort/sudoku_dyh_leq.py", line 45, in solve_sudoku
    eq_num = int(f.readline().strip())
ValueError: invalid literal for int() with base 10: ''
benchmarks_LEQ/INST_81x81/100/inst81x81_100_20.txt : 1709 ms.
--------------------------------------------------
Traceback (most recent call last):
  File "/home/hanrui/Sudoku-LS/solvers/sudoku_ort/sudoku_dyh_leq.py", line 103, in <module>
    solve_sudoku(file)
  File "/home/hanrui/Sudoku-LS/solvers/sudoku_ort/sudoku_dyh_leq.py", line 45, in solve_sudoku
    eq_num = int(f.readline().strip())
ValueError: invalid literal for int() with base 10: ''
benchmarks_LEQ/INST_81x81/100/inst81x81_100_21.txt : 1952 ms.
--------------------------------------------------
Traceback (most recent call last):
  File "/home/hanrui/Sudoku-LS/solvers/sudoku_ort/sudoku_dyh_leq.py", line 103, in <module>
    solve_sudoku(file)
  File "/home/hanrui/Sudoku-LS/solvers/sudoku_ort/sudoku_dyh_leq.py", line 45, in solve_sudoku
    eq_num = int(f.readline().strip())
ValueError: invalid literal for int() with base 10: ''
benchmarks_LEQ/INST_81x81/100/inst81x81_100_22.txt : 2069 ms.
--------------------------------------------------
Traceback (most recent call last):
  File "/home/hanrui/Sudoku-LS/solvers/sudoku_ort/sudoku_dyh_leq.py", line 103, in <module>
    solve_sudoku(file)
  File "/home/hanrui/Sudoku-LS/solvers/sudoku_ort/sudoku_dyh_leq.py", line 45, in solve_sudoku
    eq_num = int(f.readline().strip())
ValueError: invalid literal for int() with base 10: ''
benchmarks_LEQ/INST_81x81/100/inst81x81_100_23.txt : 2248 ms.
--------------------------------------------------
Traceback (most recent call last):
  File "/home/hanrui/Sudoku-LS/solvers/sudoku_ort/sudoku_dyh_leq.py", line 103, in <module>
    solve_sudoku(file)
  File "/home/hanrui/Sudoku-LS/solvers/sudoku_ort/sudoku_dyh_leq.py", line 45, in solve_sudoku
    eq_num = int(f.readline().strip())
ValueError: invalid literal for int() with base 10: ''
benchmarks_LEQ/INST_81x81/100/inst81x81_100_24.txt : 1557 ms.
--------------------------------------------------
Traceback (most recent call last):
  File "/home/hanrui/Sudoku-LS/solvers/sudoku_ort/sudoku_dyh_leq.py", line 103, in <module>
    solve_sudoku(file)
  File "/home/hanrui/Sudoku-LS/solvers/sudoku_ort/sudoku_dyh_leq.py", line 45, in solve_sudoku
    eq_num = int(f.readline().strip())
ValueError: invalid literal for int() with base 10: ''
benchmarks_LEQ/INST_81x81/100/inst81x81_100_25.txt : 1612 ms.
--------------------------------------------------
Traceback (most recent call last):
  File "/home/hanrui/Sudoku-LS/solvers/sudoku_ort/sudoku_dyh_leq.py", line 103, in <module>
    solve_sudoku(file)
  File "/home/hanrui/Sudoku-LS/solvers/sudoku_ort/sudoku_dyh_leq.py", line 45, in solve_sudoku
    eq_num = int(f.readline().strip())
ValueError: invalid literal for int() with base 10: ''
benchmarks_LEQ/INST_81x81/100/inst81x81_100_26.txt : 1598 ms.
--------------------------------------------------
Traceback (most recent call last):
  File "/home/hanrui/Sudoku-LS/solvers/sudoku_ort/sudoku_dyh_leq.py", line 103, in <module>
    solve_sudoku(file)
  File "/home/hanrui/Sudoku-LS/solvers/sudoku_ort/sudoku_dyh_leq.py", line 45, in solve_sudoku
    eq_num = int(f.readline().strip())
ValueError: invalid literal for int() with base 10: ''
benchmarks_LEQ/INST_81x81/100/inst81x81_100_27.txt : 1438 ms.
--------------------------------------------------
Traceback (most recent call last):
  File "/home/hanrui/Sudoku-LS/solvers/sudoku_ort/sudoku_dyh_leq.py", line 103, in <module>
    solve_sudoku(file)
  File "/home/hanrui/Sudoku-LS/solvers/sudoku_ort/sudoku_dyh_leq.py", line 45, in solve_sudoku
    eq_num = int(f.readline().strip())
ValueError: invalid literal for int() with base 10: ''
benchmarks_LEQ/INST_81x81/100/inst81x81_100_28.txt : 1414 ms.
--------------------------------------------------
Traceback (most recent call last):
  File "/home/hanrui/Sudoku-LS/solvers/sudoku_ort/sudoku_dyh_leq.py", line 103, in <module>
    solve_sudoku(file)
  File "/home/hanrui/Sudoku-LS/solvers/sudoku_ort/sudoku_dyh_leq.py", line 45, in solve_sudoku
    eq_num = int(f.readline().strip())
ValueError: invalid literal for int() with base 10: ''
benchmarks_LEQ/INST_81x81/100/inst81x81_100_29.txt : 1945 ms.
--------------------------------------------------
Traceback (most recent call last):
  File "/home/hanrui/Sudoku-LS/solvers/sudoku_ort/sudoku_dyh_leq.py", line 103, in <module>
    solve_sudoku(file)
  File "/home/hanrui/Sudoku-LS/solvers/sudoku_ort/sudoku_dyh_leq.py", line 45, in solve_sudoku
    eq_num = int(f.readline().strip())
ValueError: invalid literal for int() with base 10: ''
benchmarks_LEQ/INST_81x81/100/inst81x81_100_2.txt : 1710 ms.
--------------------------------------------------
Traceback (most recent call last):
  File "/home/hanrui/Sudoku-LS/solvers/sudoku_ort/sudoku_dyh_leq.py", line 103, in <module>
    solve_sudoku(file)
  File "/home/hanrui/Sudoku-LS/solvers/sudoku_ort/sudoku_dyh_leq.py", line 45, in solve_sudoku
    eq_num = int(f.readline().strip())
ValueError: invalid literal for int() with base 10: ''
benchmarks_LEQ/INST_81x81/100/inst81x81_100_30.txt : 1853 ms.
--------------------------------------------------
Traceback (most recent call last):
  File "/home/hanrui/Sudoku-LS/solvers/sudoku_ort/sudoku_dyh_leq.py", line 103, in <module>
    solve_sudoku(file)
  File "/home/hanrui/Sudoku-LS/solvers/sudoku_ort/sudoku_dyh_leq.py", line 45, in solve_sudoku
    eq_num = int(f.readline().strip())
ValueError: invalid literal for int() with base 10: ''
benchmarks_LEQ/INST_81x81/100/inst81x81_100_31.txt : 2172 ms.
--------------------------------------------------
Traceback (most recent call last):
  File "/home/hanrui/Sudoku-LS/solvers/sudoku_ort/sudoku_dyh_leq.py", line 103, in <module>
    solve_sudoku(file)
  File "/home/hanrui/Sudoku-LS/solvers/sudoku_ort/sudoku_dyh_leq.py", line 45, in solve_sudoku
    eq_num = int(f.readline().strip())
ValueError: invalid literal for int() with base 10: ''
benchmarks_LEQ/INST_81x81/100/inst81x81_100_32.txt : 1987 ms.
--------------------------------------------------
Traceback (most recent call last):
  File "/home/hanrui/Sudoku-LS/solvers/sudoku_ort/sudoku_dyh_leq.py", line 103, in <module>
    solve_sudoku(file)
  File "/home/hanrui/Sudoku-LS/solvers/sudoku_ort/sudoku_dyh_leq.py", line 45, in solve_sudoku
    eq_num = int(f.readline().strip())
ValueError: invalid literal for int() with base 10: ''
benchmarks_LEQ/INST_81x81/100/inst81x81_100_33.txt : 2006 ms.
--------------------------------------------------
Traceback (most recent call last):
  File "/home/hanrui/Sudoku-LS/solvers/sudoku_ort/sudoku_dyh_leq.py", line 103, in <module>
    solve_sudoku(file)
  File "/home/hanrui/Sudoku-LS/solvers/sudoku_ort/sudoku_dyh_leq.py", line 45, in solve_sudoku
    eq_num = int(f.readline().strip())
ValueError: invalid literal for int() with base 10: ''
benchmarks_LEQ/INST_81x81/100/inst81x81_100_34.txt : 1905 ms.
--------------------------------------------------
Traceback (most recent call last):
  File "/home/hanrui/Sudoku-LS/solvers/sudoku_ort/sudoku_dyh_leq.py", line 103, in <module>
    solve_sudoku(file)
  File "/home/hanrui/Sudoku-LS/solvers/sudoku_ort/sudoku_dyh_leq.py", line 45, in solve_sudoku
    eq_num = int(f.readline().strip())
ValueError: invalid literal for int() with base 10: ''
benchmarks_LEQ/INST_81x81/100/inst81x81_100_35.txt : 1944 ms.
--------------------------------------------------
Traceback (most recent call last):
  File "/home/hanrui/Sudoku-LS/solvers/sudoku_ort/sudoku_dyh_leq.py", line 103, in <module>
    solve_sudoku(file)
  File "/home/hanrui/Sudoku-LS/solvers/sudoku_ort/sudoku_dyh_leq.py", line 45, in solve_sudoku
    eq_num = int(f.readline().strip())
ValueError: invalid literal for int() with base 10: ''
benchmarks_LEQ/INST_81x81/100/inst81x81_100_36.txt : 2358 ms.
--------------------------------------------------
Traceback (most recent call last):
  File "/home/hanrui/Sudoku-LS/solvers/sudoku_ort/sudoku_dyh_leq.py", line 103, in <module>
    solve_sudoku(file)
  File "/home/hanrui/Sudoku-LS/solvers/sudoku_ort/sudoku_dyh_leq.py", line 45, in solve_sudoku
    eq_num = int(f.readline().strip())
ValueError: invalid literal for int() with base 10: ''
benchmarks_LEQ/INST_81x81/100/inst81x81_100_37.txt : 2136 ms.
--------------------------------------------------
Traceback (most recent call last):
  File "/home/hanrui/Sudoku-LS/solvers/sudoku_ort/sudoku_dyh_leq.py", line 103, in <module>
    solve_sudoku(file)
  File "/home/hanrui/Sudoku-LS/solvers/sudoku_ort/sudoku_dyh_leq.py", line 45, in solve_sudoku
    eq_num = int(f.readline().strip())
ValueError: invalid literal for int() with base 10: ''
benchmarks_LEQ/INST_81x81/100/inst81x81_100_38.txt : 1613 ms.
--------------------------------------------------
Traceback (most recent call last):
  File "/home/hanrui/Sudoku-LS/solvers/sudoku_ort/sudoku_dyh_leq.py", line 103, in <module>
    solve_sudoku(file)
  File "/home/hanrui/Sudoku-LS/solvers/sudoku_ort/sudoku_dyh_leq.py", line 45, in solve_sudoku
    eq_num = int(f.readline().strip())
ValueError: invalid literal for int() with base 10: ''
benchmarks_LEQ/INST_81x81/100/inst81x81_100_39.txt : 1939 ms.
--------------------------------------------------
Traceback (most recent call last):
  File "/home/hanrui/Sudoku-LS/solvers/sudoku_ort/sudoku_dyh_leq.py", line 103, in <module>
    solve_sudoku(file)
  File "/home/hanrui/Sudoku-LS/solvers/sudoku_ort/sudoku_dyh_leq.py", line 45, in solve_sudoku
    eq_num = int(f.readline().strip())
ValueError: invalid literal for int() with base 10: ''
benchmarks_LEQ/INST_81x81/100/inst81x81_100_3.txt : 1910 ms.
--------------------------------------------------
Traceback (most recent call last):
  File "/home/hanrui/Sudoku-LS/solvers/sudoku_ort/sudoku_dyh_leq.py", line 103, in <module>
    solve_sudoku(file)
  File "/home/hanrui/Sudoku-LS/solvers/sudoku_ort/sudoku_dyh_leq.py", line 45, in solve_sudoku
    eq_num = int(f.readline().strip())
ValueError: invalid literal for int() with base 10: ''
benchmarks_LEQ/INST_81x81/100/inst81x81_100_40.txt : 2358 ms.
--------------------------------------------------
Traceback (most recent call last):
  File "/home/hanrui/Sudoku-LS/solvers/sudoku_ort/sudoku_dyh_leq.py", line 103, in <module>
    solve_sudoku(file)
  File "/home/hanrui/Sudoku-LS/solvers/sudoku_ort/sudoku_dyh_leq.py", line 45, in solve_sudoku
    eq_num = int(f.readline().strip())
ValueError: invalid literal for int() with base 10: ''
benchmarks_LEQ/INST_81x81/100/inst81x81_100_41.txt : 2166 ms.
--------------------------------------------------
Traceback (most recent call last):
  File "/home/hanrui/Sudoku-LS/solvers/sudoku_ort/sudoku_dyh_leq.py", line 103, in <module>
    solve_sudoku(file)
  File "/home/hanrui/Sudoku-LS/solvers/sudoku_ort/sudoku_dyh_leq.py", line 45, in solve_sudoku
    eq_num = int(f.readline().strip())
ValueError: invalid literal for int() with base 10: ''
benchmarks_LEQ/INST_81x81/100/inst81x81_100_42.txt : 1813 ms.
--------------------------------------------------
Traceback (most recent call last):
  File "/home/hanrui/Sudoku-LS/solvers/sudoku_ort/sudoku_dyh_leq.py", line 103, in <module>
    solve_sudoku(file)
  File "/home/hanrui/Sudoku-LS/solvers/sudoku_ort/sudoku_dyh_leq.py", line 45, in solve_sudoku
    eq_num = int(f.readline().strip())
ValueError: invalid literal for int() with base 10: ''
benchmarks_LEQ/INST_81x81/100/inst81x81_100_43.txt : 2097 ms.
--------------------------------------------------
Traceback (most recent call last):
  File "/home/hanrui/Sudoku-LS/solvers/sudoku_ort/sudoku_dyh_leq.py", line 103, in <module>
    solve_sudoku(file)
  File "/home/hanrui/Sudoku-LS/solvers/sudoku_ort/sudoku_dyh_leq.py", line 45, in solve_sudoku
    eq_num = int(f.readline().strip())
ValueError: invalid literal for int() with base 10: ''
benchmarks_LEQ/INST_81x81/100/inst81x81_100_44.txt : 1659 ms.
--------------------------------------------------
Traceback (most recent call last):
  File "/home/hanrui/Sudoku-LS/solvers/sudoku_ort/sudoku_dyh_leq.py", line 103, in <module>
    solve_sudoku(file)
  File "/home/hanrui/Sudoku-LS/solvers/sudoku_ort/sudoku_dyh_leq.py", line 45, in solve_sudoku
    eq_num = int(f.readline().strip())
ValueError: invalid literal for int() with base 10: ''
benchmarks_LEQ/INST_81x81/100/inst81x81_100_45.txt : 2054 ms.
--------------------------------------------------
Traceback (most recent call last):
  File "/home/hanrui/Sudoku-LS/solvers/sudoku_ort/sudoku_dyh_leq.py", line 103, in <module>
    solve_sudoku(file)
  File "/home/hanrui/Sudoku-LS/solvers/sudoku_ort/sudoku_dyh_leq.py", line 45, in solve_sudoku
    eq_num = int(f.readline().strip())
ValueError: invalid literal for int() with base 10: ''
benchmarks_LEQ/INST_81x81/100/inst81x81_100_46.txt : 2136 ms.
--------------------------------------------------
Traceback (most recent call last):
  File "/home/hanrui/Sudoku-LS/solvers/sudoku_ort/sudoku_dyh_leq.py", line 103, in <module>
    solve_sudoku(file)
  File "/home/hanrui/Sudoku-LS/solvers/sudoku_ort/sudoku_dyh_leq.py", line 45, in solve_sudoku
    eq_num = int(f.readline().strip())
ValueError: invalid literal for int() with base 10: ''
benchmarks_LEQ/INST_81x81/100/inst81x81_100_47.txt : 2376 ms.
--------------------------------------------------
Traceback (most recent call last):
  File "/home/hanrui/Sudoku-LS/solvers/sudoku_ort/sudoku_dyh_leq.py", line 103, in <module>
    solve_sudoku(file)
  File "/home/hanrui/Sudoku-LS/solvers/sudoku_ort/sudoku_dyh_leq.py", line 45, in solve_sudoku
    eq_num = int(f.readline().strip())
ValueError: invalid literal for int() with base 10: ''
benchmarks_LEQ/INST_81x81/100/inst81x81_100_48.txt : 1861 ms.
--------------------------------------------------
Traceback (most recent call last):
  File "/home/hanrui/Sudoku-LS/solvers/sudoku_ort/sudoku_dyh_leq.py", line 103, in <module>
    solve_sudoku(file)
  File "/home/hanrui/Sudoku-LS/solvers/sudoku_ort/sudoku_dyh_leq.py", line 45, in solve_sudoku
    eq_num = int(f.readline().strip())
ValueError: invalid literal for int() with base 10: ''
benchmarks_LEQ/INST_81x81/100/inst81x81_100_49.txt : 1608 ms.
--------------------------------------------------
Traceback (most recent call last):
  File "/home/hanrui/Sudoku-LS/solvers/sudoku_ort/sudoku_dyh_leq.py", line 103, in <module>
    solve_sudoku(file)
  File "/home/hanrui/Sudoku-LS/solvers/sudoku_ort/sudoku_dyh_leq.py", line 45, in solve_sudoku
    eq_num = int(f.readline().strip())
ValueError: invalid literal for int() with base 10: ''
benchmarks_LEQ/INST_81x81/100/inst81x81_100_4.txt : 2096 ms.
--------------------------------------------------
Traceback (most recent call last):
  File "/home/hanrui/Sudoku-LS/solvers/sudoku_ort/sudoku_dyh_leq.py", line 103, in <module>
    solve_sudoku(file)
  File "/home/hanrui/Sudoku-LS/solvers/sudoku_ort/sudoku_dyh_leq.py", line 45, in solve_sudoku
    eq_num = int(f.readline().strip())
ValueError: invalid literal for int() with base 10: ''
benchmarks_LEQ/INST_81x81/100/inst81x81_100_50.txt : 2506 ms.
--------------------------------------------------
Traceback (most recent call last):
  File "/home/hanrui/Sudoku-LS/solvers/sudoku_ort/sudoku_dyh_leq.py", line 103, in <module>
    solve_sudoku(file)
  File "/home/hanrui/Sudoku-LS/solvers/sudoku_ort/sudoku_dyh_leq.py", line 45, in solve_sudoku
    eq_num = int(f.readline().strip())
ValueError: invalid literal for int() with base 10: ''
benchmarks_LEQ/INST_81x81/100/inst81x81_100_51.txt : 2222 ms.
--------------------------------------------------
Traceback (most recent call last):
  File "/home/hanrui/Sudoku-LS/solvers/sudoku_ort/sudoku_dyh_leq.py", line 103, in <module>
    solve_sudoku(file)
  File "/home/hanrui/Sudoku-LS/solvers/sudoku_ort/sudoku_dyh_leq.py", line 45, in solve_sudoku
    eq_num = int(f.readline().strip())
ValueError: invalid literal for int() with base 10: ''
benchmarks_LEQ/INST_81x81/100/inst81x81_100_52.txt : 2032 ms.
--------------------------------------------------
Traceback (most recent call last):
  File "/home/hanrui/Sudoku-LS/solvers/sudoku_ort/sudoku_dyh_leq.py", line 103, in <module>
    solve_sudoku(file)
  File "/home/hanrui/Sudoku-LS/solvers/sudoku_ort/sudoku_dyh_leq.py", line 45, in solve_sudoku
    eq_num = int(f.readline().strip())
ValueError: invalid literal for int() with base 10: ''
benchmarks_LEQ/INST_81x81/100/inst81x81_100_53.txt : 2115 ms.
--------------------------------------------------
Traceback (most recent call last):
  File "/home/hanrui/Sudoku-LS/solvers/sudoku_ort/sudoku_dyh_leq.py", line 103, in <module>
    solve_sudoku(file)
  File "/home/hanrui/Sudoku-LS/solvers/sudoku_ort/sudoku_dyh_leq.py", line 45, in solve_sudoku
    eq_num = int(f.readline().strip())
ValueError: invalid literal for int() with base 10: ''
benchmarks_LEQ/INST_81x81/100/inst81x81_100_54.txt : 1834 ms.
--------------------------------------------------
Traceback (most recent call last):
  File "/home/hanrui/Sudoku-LS/solvers/sudoku_ort/sudoku_dyh_leq.py", line 103, in <module>
    solve_sudoku(file)
  File "/home/hanrui/Sudoku-LS/solvers/sudoku_ort/sudoku_dyh_leq.py", line 45, in solve_sudoku
    eq_num = int(f.readline().strip())
ValueError: invalid literal for int() with base 10: ''
benchmarks_LEQ/INST_81x81/100/inst81x81_100_55.txt : 1876 ms.
--------------------------------------------------
Traceback (most recent call last):
  File "/home/hanrui/Sudoku-LS/solvers/sudoku_ort/sudoku_dyh_leq.py", line 103, in <module>
    solve_sudoku(file)
  File "/home/hanrui/Sudoku-LS/solvers/sudoku_ort/sudoku_dyh_leq.py", line 45, in solve_sudoku
    eq_num = int(f.readline().strip())
ValueError: invalid literal for int() with base 10: ''
benchmarks_LEQ/INST_81x81/100/inst81x81_100_56.txt : 1834 ms.
--------------------------------------------------
Traceback (most recent call last):
  File "/home/hanrui/Sudoku-LS/solvers/sudoku_ort/sudoku_dyh_leq.py", line 103, in <module>
    solve_sudoku(file)
  File "/home/hanrui/Sudoku-LS/solvers/sudoku_ort/sudoku_dyh_leq.py", line 45, in solve_sudoku
    eq_num = int(f.readline().strip())
ValueError: invalid literal for int() with base 10: ''
benchmarks_LEQ/INST_81x81/100/inst81x81_100_57.txt : 2385 ms.
--------------------------------------------------
Traceback (most recent call last):
  File "/home/hanrui/Sudoku-LS/solvers/sudoku_ort/sudoku_dyh_leq.py", line 103, in <module>
    solve_sudoku(file)
  File "/home/hanrui/Sudoku-LS/solvers/sudoku_ort/sudoku_dyh_leq.py", line 45, in solve_sudoku
    eq_num = int(f.readline().strip())
ValueError: invalid literal for int() with base 10: ''
benchmarks_LEQ/INST_81x81/100/inst81x81_100_58.txt : 2913 ms.
--------------------------------------------------
Traceback (most recent call last):
  File "/home/hanrui/Sudoku-LS/solvers/sudoku_ort/sudoku_dyh_leq.py", line 103, in <module>
    solve_sudoku(file)
  File "/home/hanrui/Sudoku-LS/solvers/sudoku_ort/sudoku_dyh_leq.py", line 45, in solve_sudoku
    eq_num = int(f.readline().strip())
ValueError: invalid literal for int() with base 10: ''
benchmarks_LEQ/INST_81x81/100/inst81x81_100_59.txt : 2077 ms.
--------------------------------------------------
Traceback (most recent call last):
  File "/home/hanrui/Sudoku-LS/solvers/sudoku_ort/sudoku_dyh_leq.py", line 103, in <module>
    solve_sudoku(file)
  File "/home/hanrui/Sudoku-LS/solvers/sudoku_ort/sudoku_dyh_leq.py", line 45, in solve_sudoku
    eq_num = int(f.readline().strip())
ValueError: invalid literal for int() with base 10: ''
benchmarks_LEQ/INST_81x81/100/inst81x81_100_5.txt : 2817 ms.
--------------------------------------------------
Traceback (most recent call last):
  File "/home/hanrui/Sudoku-LS/solvers/sudoku_ort/sudoku_dyh_leq.py", line 103, in <module>
    solve_sudoku(file)
  File "/home/hanrui/Sudoku-LS/solvers/sudoku_ort/sudoku_dyh_leq.py", line 45, in solve_sudoku
    eq_num = int(f.readline().strip())
ValueError: invalid literal for int() with base 10: ''
benchmarks_LEQ/INST_81x81/100/inst81x81_100_60.txt : 3103 ms.
--------------------------------------------------
Traceback (most recent call last):
  File "/home/hanrui/Sudoku-LS/solvers/sudoku_ort/sudoku_dyh_leq.py", line 103, in <module>
    solve_sudoku(file)
  File "/home/hanrui/Sudoku-LS/solvers/sudoku_ort/sudoku_dyh_leq.py", line 45, in solve_sudoku
    eq_num = int(f.readline().strip())
ValueError: invalid literal for int() with base 10: ''
benchmarks_LEQ/INST_81x81/100/inst81x81_100_61.txt : 2539 ms.
--------------------------------------------------
Traceback (most recent call last):
  File "/home/hanrui/Sudoku-LS/solvers/sudoku_ort/sudoku_dyh_leq.py", line 103, in <module>
    solve_sudoku(file)
  File "/home/hanrui/Sudoku-LS/solvers/sudoku_ort/sudoku_dyh_leq.py", line 45, in solve_sudoku
    eq_num = int(f.readline().strip())
ValueError: invalid literal for int() with base 10: ''
benchmarks_LEQ/INST_81x81/100/inst81x81_100_62.txt : 2496 ms.
--------------------------------------------------
Traceback (most recent call last):
  File "/home/hanrui/Sudoku-LS/solvers/sudoku_ort/sudoku_dyh_leq.py", line 103, in <module>
    solve_sudoku(file)
  File "/home/hanrui/Sudoku-LS/solvers/sudoku_ort/sudoku_dyh_leq.py", line 45, in solve_sudoku
    eq_num = int(f.readline().strip())
ValueError: invalid literal for int() with base 10: ''
benchmarks_LEQ/INST_81x81/100/inst81x81_100_63.txt : 2444 ms.
--------------------------------------------------
Traceback (most recent call last):
  File "/home/hanrui/Sudoku-LS/solvers/sudoku_ort/sudoku_dyh_leq.py", line 103, in <module>
    solve_sudoku(file)
  File "/home/hanrui/Sudoku-LS/solvers/sudoku_ort/sudoku_dyh_leq.py", line 45, in solve_sudoku
    eq_num = int(f.readline().strip())
ValueError: invalid literal for int() with base 10: ''
benchmarks_LEQ/INST_81x81/100/inst81x81_100_64.txt : 2350 ms.
--------------------------------------------------
Traceback (most recent call last):
  File "/home/hanrui/Sudoku-LS/solvers/sudoku_ort/sudoku_dyh_leq.py", line 103, in <module>
    solve_sudoku(file)
  File "/home/hanrui/Sudoku-LS/solvers/sudoku_ort/sudoku_dyh_leq.py", line 45, in solve_sudoku
    eq_num = int(f.readline().strip())
ValueError: invalid literal for int() with base 10: ''
benchmarks_LEQ/INST_81x81/100/inst81x81_100_65.txt : 2835 ms.
--------------------------------------------------
Traceback (most recent call last):
  File "/home/hanrui/Sudoku-LS/solvers/sudoku_ort/sudoku_dyh_leq.py", line 103, in <module>
    solve_sudoku(file)
  File "/home/hanrui/Sudoku-LS/solvers/sudoku_ort/sudoku_dyh_leq.py", line 45, in solve_sudoku
    eq_num = int(f.readline().strip())
ValueError: invalid literal for int() with base 10: ''
benchmarks_LEQ/INST_81x81/100/inst81x81_100_66.txt : 2538 ms.
--------------------------------------------------
Traceback (most recent call last):
  File "/home/hanrui/Sudoku-LS/solvers/sudoku_ort/sudoku_dyh_leq.py", line 103, in <module>
    solve_sudoku(file)
  File "/home/hanrui/Sudoku-LS/solvers/sudoku_ort/sudoku_dyh_leq.py", line 45, in solve_sudoku
    eq_num = int(f.readline().strip())
ValueError: invalid literal for int() with base 10: ''
benchmarks_LEQ/INST_81x81/100/inst81x81_100_67.txt : 2384 ms.
--------------------------------------------------
Traceback (most recent call last):
  File "/home/hanrui/Sudoku-LS/solvers/sudoku_ort/sudoku_dyh_leq.py", line 103, in <module>
    solve_sudoku(file)
  File "/home/hanrui/Sudoku-LS/solvers/sudoku_ort/sudoku_dyh_leq.py", line 45, in solve_sudoku
    eq_num = int(f.readline().strip())
ValueError: invalid literal for int() with base 10: ''
benchmarks_LEQ/INST_81x81/100/inst81x81_100_68.txt : 2604 ms.
--------------------------------------------------
Traceback (most recent call last):
  File "/home/hanrui/Sudoku-LS/solvers/sudoku_ort/sudoku_dyh_leq.py", line 103, in <module>
    solve_sudoku(file)
  File "/home/hanrui/Sudoku-LS/solvers/sudoku_ort/sudoku_dyh_leq.py", line 45, in solve_sudoku
    eq_num = int(f.readline().strip())
ValueError: invalid literal for int() with base 10: ''
benchmarks_LEQ/INST_81x81/100/inst81x81_100_69.txt : 2373 ms.
--------------------------------------------------
Traceback (most recent call last):
  File "/home/hanrui/Sudoku-LS/solvers/sudoku_ort/sudoku_dyh_leq.py", line 103, in <module>
    solve_sudoku(file)
  File "/home/hanrui/Sudoku-LS/solvers/sudoku_ort/sudoku_dyh_leq.py", line 45, in solve_sudoku
    eq_num = int(f.readline().strip())
ValueError: invalid literal for int() with base 10: ''
benchmarks_LEQ/INST_81x81/100/inst81x81_100_6.txt : 2669 ms.
--------------------------------------------------
Traceback (most recent call last):
  File "/home/hanrui/Sudoku-LS/solvers/sudoku_ort/sudoku_dyh_leq.py", line 103, in <module>
    solve_sudoku(file)
  File "/home/hanrui/Sudoku-LS/solvers/sudoku_ort/sudoku_dyh_leq.py", line 45, in solve_sudoku
    eq_num = int(f.readline().strip())
ValueError: invalid literal for int() with base 10: ''
benchmarks_LEQ/INST_81x81/100/inst81x81_100_70.txt : 2370 ms.
--------------------------------------------------
Traceback (most recent call last):
  File "/home/hanrui/Sudoku-LS/solvers/sudoku_ort/sudoku_dyh_leq.py", line 103, in <module>
    solve_sudoku(file)
  File "/home/hanrui/Sudoku-LS/solvers/sudoku_ort/sudoku_dyh_leq.py", line 45, in solve_sudoku
    eq_num = int(f.readline().strip())
ValueError: invalid literal for int() with base 10: ''
benchmarks_LEQ/INST_81x81/100/inst81x81_100_71.txt : 2693 ms.
--------------------------------------------------
Traceback (most recent call last):
  File "/home/hanrui/Sudoku-LS/solvers/sudoku_ort/sudoku_dyh_leq.py", line 103, in <module>
    solve_sudoku(file)
  File "/home/hanrui/Sudoku-LS/solvers/sudoku_ort/sudoku_dyh_leq.py", line 45, in solve_sudoku
    eq_num = int(f.readline().strip())
ValueError: invalid literal for int() with base 10: ''
benchmarks_LEQ/INST_81x81/100/inst81x81_100_72.txt : 2457 ms.
--------------------------------------------------
Traceback (most recent call last):
  File "/home/hanrui/Sudoku-LS/solvers/sudoku_ort/sudoku_dyh_leq.py", line 103, in <module>
    solve_sudoku(file)
  File "/home/hanrui/Sudoku-LS/solvers/sudoku_ort/sudoku_dyh_leq.py", line 45, in solve_sudoku
    eq_num = int(f.readline().strip())
ValueError: invalid literal for int() with base 10: ''
benchmarks_LEQ/INST_81x81/100/inst81x81_100_73.txt : 2201 ms.
--------------------------------------------------
Traceback (most recent call last):
  File "/home/hanrui/Sudoku-LS/solvers/sudoku_ort/sudoku_dyh_leq.py", line 103, in <module>
    solve_sudoku(file)
  File "/home/hanrui/Sudoku-LS/solvers/sudoku_ort/sudoku_dyh_leq.py", line 45, in solve_sudoku
    eq_num = int(f.readline().strip())
ValueError: invalid literal for int() with base 10: ''
benchmarks_LEQ/INST_81x81/100/inst81x81_100_74.txt : 2221 ms.
--------------------------------------------------
Traceback (most recent call last):
  File "/home/hanrui/Sudoku-LS/solvers/sudoku_ort/sudoku_dyh_leq.py", line 103, in <module>
    solve_sudoku(file)
  File "/home/hanrui/Sudoku-LS/solvers/sudoku_ort/sudoku_dyh_leq.py", line 45, in solve_sudoku
    eq_num = int(f.readline().strip())
ValueError: invalid literal for int() with base 10: ''
benchmarks_LEQ/INST_81x81/100/inst81x81_100_75.txt : 2402 ms.
--------------------------------------------------
Traceback (most recent call last):
  File "/home/hanrui/Sudoku-LS/solvers/sudoku_ort/sudoku_dyh_leq.py", line 103, in <module>
    solve_sudoku(file)
  File "/home/hanrui/Sudoku-LS/solvers/sudoku_ort/sudoku_dyh_leq.py", line 45, in solve_sudoku
    eq_num = int(f.readline().strip())
ValueError: invalid literal for int() with base 10: ''
benchmarks_LEQ/INST_81x81/100/inst81x81_100_76.txt : 2140 ms.
--------------------------------------------------
Traceback (most recent call last):
  File "/home/hanrui/Sudoku-LS/solvers/sudoku_ort/sudoku_dyh_leq.py", line 103, in <module>
    solve_sudoku(file)
  File "/home/hanrui/Sudoku-LS/solvers/sudoku_ort/sudoku_dyh_leq.py", line 45, in solve_sudoku
    eq_num = int(f.readline().strip())
ValueError: invalid literal for int() with base 10: ''
benchmarks_LEQ/INST_81x81/100/inst81x81_100_77.txt : 2127 ms.
--------------------------------------------------
Traceback (most recent call last):
  File "/home/hanrui/Sudoku-LS/solvers/sudoku_ort/sudoku_dyh_leq.py", line 103, in <module>
    solve_sudoku(file)
  File "/home/hanrui/Sudoku-LS/solvers/sudoku_ort/sudoku_dyh_leq.py", line 45, in solve_sudoku
    eq_num = int(f.readline().strip())
ValueError: invalid literal for int() with base 10: ''
benchmarks_LEQ/INST_81x81/100/inst81x81_100_78.txt : 2708 ms.
--------------------------------------------------
Traceback (most recent call last):
  File "/home/hanrui/Sudoku-LS/solvers/sudoku_ort/sudoku_dyh_leq.py", line 103, in <module>
    solve_sudoku(file)
  File "/home/hanrui/Sudoku-LS/solvers/sudoku_ort/sudoku_dyh_leq.py", line 45, in solve_sudoku
    eq_num = int(f.readline().strip())
ValueError: invalid literal for int() with base 10: ''
benchmarks_LEQ/INST_81x81/100/inst81x81_100_79.txt : 3066 ms.
--------------------------------------------------
Traceback (most recent call last):
  File "/home/hanrui/Sudoku-LS/solvers/sudoku_ort/sudoku_dyh_leq.py", line 103, in <module>
    solve_sudoku(file)
  File "/home/hanrui/Sudoku-LS/solvers/sudoku_ort/sudoku_dyh_leq.py", line 45, in solve_sudoku
    eq_num = int(f.readline().strip())
ValueError: invalid literal for int() with base 10: ''
benchmarks_LEQ/INST_81x81/100/inst81x81_100_7.txt : 2641 ms.
--------------------------------------------------
Traceback (most recent call last):
  File "/home/hanrui/Sudoku-LS/solvers/sudoku_ort/sudoku_dyh_leq.py", line 103, in <module>
    solve_sudoku(file)
  File "/home/hanrui/Sudoku-LS/solvers/sudoku_ort/sudoku_dyh_leq.py", line 45, in solve_sudoku
    eq_num = int(f.readline().strip())
ValueError: invalid literal for int() with base 10: ''
benchmarks_LEQ/INST_81x81/100/inst81x81_100_80.txt : 2736 ms.
--------------------------------------------------
Traceback (most recent call last):
  File "/home/hanrui/Sudoku-LS/solvers/sudoku_ort/sudoku_dyh_leq.py", line 103, in <module>
    solve_sudoku(file)
  File "/home/hanrui/Sudoku-LS/solvers/sudoku_ort/sudoku_dyh_leq.py", line 45, in solve_sudoku
    eq_num = int(f.readline().strip())
ValueError: invalid literal for int() with base 10: ''
benchmarks_LEQ/INST_81x81/100/inst81x81_100_81.txt : 2807 ms.
--------------------------------------------------
Traceback (most recent call last):
  File "/home/hanrui/Sudoku-LS/solvers/sudoku_ort/sudoku_dyh_leq.py", line 103, in <module>
    solve_sudoku(file)
  File "/home/hanrui/Sudoku-LS/solvers/sudoku_ort/sudoku_dyh_leq.py", line 45, in solve_sudoku
    eq_num = int(f.readline().strip())
ValueError: invalid literal for int() with base 10: ''
benchmarks_LEQ/INST_81x81/100/inst81x81_100_82.txt : 2649 ms.
--------------------------------------------------
Traceback (most recent call last):
  File "/home/hanrui/Sudoku-LS/solvers/sudoku_ort/sudoku_dyh_leq.py", line 103, in <module>
    solve_sudoku(file)
  File "/home/hanrui/Sudoku-LS/solvers/sudoku_ort/sudoku_dyh_leq.py", line 45, in solve_sudoku
    eq_num = int(f.readline().strip())
ValueError: invalid literal for int() with base 10: ''
benchmarks_LEQ/INST_81x81/100/inst81x81_100_83.txt : 2345 ms.
--------------------------------------------------
Traceback (most recent call last):
  File "/home/hanrui/Sudoku-LS/solvers/sudoku_ort/sudoku_dyh_leq.py", line 103, in <module>
    solve_sudoku(file)
  File "/home/hanrui/Sudoku-LS/solvers/sudoku_ort/sudoku_dyh_leq.py", line 45, in solve_sudoku
    eq_num = int(f.readline().strip())
ValueError: invalid literal for int() with base 10: ''
benchmarks_LEQ/INST_81x81/100/inst81x81_100_84.txt : 2845 ms.
--------------------------------------------------
Traceback (most recent call last):
  File "/home/hanrui/Sudoku-LS/solvers/sudoku_ort/sudoku_dyh_leq.py", line 103, in <module>
    solve_sudoku(file)
  File "/home/hanrui/Sudoku-LS/solvers/sudoku_ort/sudoku_dyh_leq.py", line 45, in solve_sudoku
    eq_num = int(f.readline().strip())
ValueError: invalid literal for int() with base 10: ''
benchmarks_LEQ/INST_81x81/100/inst81x81_100_85.txt : 2711 ms.
--------------------------------------------------
Traceback (most recent call last):
  File "/home/hanrui/Sudoku-LS/solvers/sudoku_ort/sudoku_dyh_leq.py", line 103, in <module>
    solve_sudoku(file)
  File "/home/hanrui/Sudoku-LS/solvers/sudoku_ort/sudoku_dyh_leq.py", line 45, in solve_sudoku
    eq_num = int(f.readline().strip())
ValueError: invalid literal for int() with base 10: ''
benchmarks_LEQ/INST_81x81/100/inst81x81_100_86.txt : 2366 ms.
--------------------------------------------------
Traceback (most recent call last):
  File "/home/hanrui/Sudoku-LS/solvers/sudoku_ort/sudoku_dyh_leq.py", line 103, in <module>
    solve_sudoku(file)
  File "/home/hanrui/Sudoku-LS/solvers/sudoku_ort/sudoku_dyh_leq.py", line 45, in solve_sudoku
    eq_num = int(f.readline().strip())
ValueError: invalid literal for int() with base 10: ''
benchmarks_LEQ/INST_81x81/100/inst81x81_100_87.txt : 2416 ms.
--------------------------------------------------
Traceback (most recent call last):
  File "/home/hanrui/Sudoku-LS/solvers/sudoku_ort/sudoku_dyh_leq.py", line 103, in <module>
    solve_sudoku(file)
  File "/home/hanrui/Sudoku-LS/solvers/sudoku_ort/sudoku_dyh_leq.py", line 45, in solve_sudoku
    eq_num = int(f.readline().strip())
ValueError: invalid literal for int() with base 10: ''
benchmarks_LEQ/INST_81x81/100/inst81x81_100_88.txt : 2429 ms.
--------------------------------------------------
Traceback (most recent call last):
  File "/home/hanrui/Sudoku-LS/solvers/sudoku_ort/sudoku_dyh_leq.py", line 103, in <module>
    solve_sudoku(file)
  File "/home/hanrui/Sudoku-LS/solvers/sudoku_ort/sudoku_dyh_leq.py", line 45, in solve_sudoku
    eq_num = int(f.readline().strip())
ValueError: invalid literal for int() with base 10: ''
benchmarks_LEQ/INST_81x81/100/inst81x81_100_89.txt : 2557 ms.
--------------------------------------------------
Traceback (most recent call last):
  File "/home/hanrui/Sudoku-LS/solvers/sudoku_ort/sudoku_dyh_leq.py", line 103, in <module>
    solve_sudoku(file)
  File "/home/hanrui/Sudoku-LS/solvers/sudoku_ort/sudoku_dyh_leq.py", line 45, in solve_sudoku
    eq_num = int(f.readline().strip())
ValueError: invalid literal for int() with base 10: ''
benchmarks_LEQ/INST_81x81/100/inst81x81_100_8.txt : 2720 ms.
--------------------------------------------------
Traceback (most recent call last):
  File "/home/hanrui/Sudoku-LS/solvers/sudoku_ort/sudoku_dyh_leq.py", line 103, in <module>
    solve_sudoku(file)
  File "/home/hanrui/Sudoku-LS/solvers/sudoku_ort/sudoku_dyh_leq.py", line 45, in solve_sudoku
    eq_num = int(f.readline().strip())
ValueError: invalid literal for int() with base 10: ''
benchmarks_LEQ/INST_81x81/100/inst81x81_100_90.txt : 2989 ms.
--------------------------------------------------
Traceback (most recent call last):
  File "/home/hanrui/Sudoku-LS/solvers/sudoku_ort/sudoku_dyh_leq.py", line 103, in <module>
    solve_sudoku(file)
  File "/home/hanrui/Sudoku-LS/solvers/sudoku_ort/sudoku_dyh_leq.py", line 45, in solve_sudoku
    eq_num = int(f.readline().strip())
ValueError: invalid literal for int() with base 10: ''
benchmarks_LEQ/INST_81x81/100/inst81x81_100_91.txt : 3301 ms.
--------------------------------------------------
Traceback (most recent call last):
  File "/home/hanrui/Sudoku-LS/solvers/sudoku_ort/sudoku_dyh_leq.py", line 103, in <module>
    solve_sudoku(file)
  File "/home/hanrui/Sudoku-LS/solvers/sudoku_ort/sudoku_dyh_leq.py", line 45, in solve_sudoku
    eq_num = int(f.readline().strip())
ValueError: invalid literal for int() with base 10: ''
benchmarks_LEQ/INST_81x81/100/inst81x81_100_92.txt : 2621 ms.
--------------------------------------------------
Traceback (most recent call last):
  File "/home/hanrui/Sudoku-LS/solvers/sudoku_ort/sudoku_dyh_leq.py", line 103, in <module>
    solve_sudoku(file)
  File "/home/hanrui/Sudoku-LS/solvers/sudoku_ort/sudoku_dyh_leq.py", line 45, in solve_sudoku
    eq_num = int(f.readline().strip())
ValueError: invalid literal for int() with base 10: ''
benchmarks_LEQ/INST_81x81/100/inst81x81_100_93.txt : 2367 ms.
--------------------------------------------------
Traceback (most recent call last):
  File "/home/hanrui/Sudoku-LS/solvers/sudoku_ort/sudoku_dyh_leq.py", line 103, in <module>
    solve_sudoku(file)
  File "/home/hanrui/Sudoku-LS/solvers/sudoku_ort/sudoku_dyh_leq.py", line 45, in solve_sudoku
    eq_num = int(f.readline().strip())
ValueError: invalid literal for int() with base 10: ''
benchmarks_LEQ/INST_81x81/100/inst81x81_100_94.txt : 2334 ms.
--------------------------------------------------
Traceback (most recent call last):
  File "/home/hanrui/Sudoku-LS/solvers/sudoku_ort/sudoku_dyh_leq.py", line 103, in <module>
    solve_sudoku(file)
  File "/home/hanrui/Sudoku-LS/solvers/sudoku_ort/sudoku_dyh_leq.py", line 45, in solve_sudoku
    eq_num = int(f.readline().strip())
ValueError: invalid literal for int() with base 10: ''
benchmarks_LEQ/INST_81x81/100/inst81x81_100_95.txt : 2365 ms.
--------------------------------------------------
Traceback (most recent call last):
  File "/home/hanrui/Sudoku-LS/solvers/sudoku_ort/sudoku_dyh_leq.py", line 103, in <module>
    solve_sudoku(file)
  File "/home/hanrui/Sudoku-LS/solvers/sudoku_ort/sudoku_dyh_leq.py", line 45, in solve_sudoku
    eq_num = int(f.readline().strip())
ValueError: invalid literal for int() with base 10: ''
benchmarks_LEQ/INST_81x81/100/inst81x81_100_96.txt : 2580 ms.
--------------------------------------------------
Traceback (most recent call last):
  File "/home/hanrui/Sudoku-LS/solvers/sudoku_ort/sudoku_dyh_leq.py", line 103, in <module>
    solve_sudoku(file)
  File "/home/hanrui/Sudoku-LS/solvers/sudoku_ort/sudoku_dyh_leq.py", line 45, in solve_sudoku
    eq_num = int(f.readline().strip())
ValueError: invalid literal for int() with base 10: ''
benchmarks_LEQ/INST_81x81/100/inst81x81_100_97.txt : 2503 ms.
--------------------------------------------------
Traceback (most recent call last):
  File "/home/hanrui/Sudoku-LS/solvers/sudoku_ort/sudoku_dyh_leq.py", line 103, in <module>
    solve_sudoku(file)
  File "/home/hanrui/Sudoku-LS/solvers/sudoku_ort/sudoku_dyh_leq.py", line 45, in solve_sudoku
    eq_num = int(f.readline().strip())
ValueError: invalid literal for int() with base 10: ''
benchmarks_LEQ/INST_81x81/100/inst81x81_100_98.txt : 1897 ms.
--------------------------------------------------
Traceback (most recent call last):
  File "/home/hanrui/Sudoku-LS/solvers/sudoku_ort/sudoku_dyh_leq.py", line 103, in <module>
    solve_sudoku(file)
  File "/home/hanrui/Sudoku-LS/solvers/sudoku_ort/sudoku_dyh_leq.py", line 45, in solve_sudoku
    eq_num = int(f.readline().strip())
ValueError: invalid literal for int() with base 10: ''
benchmarks_LEQ/INST_81x81/100/inst81x81_100_99.txt : 1899 ms.
--------------------------------------------------
Traceback (most recent call last):
  File "/home/hanrui/Sudoku-LS/solvers/sudoku_ort/sudoku_dyh_leq.py", line 103, in <module>
    solve_sudoku(file)
  File "/home/hanrui/Sudoku-LS/solvers/sudoku_ort/sudoku_dyh_leq.py", line 45, in solve_sudoku
    eq_num = int(f.readline().strip())
ValueError: invalid literal for int() with base 10: ''
benchmarks_LEQ/INST_81x81/100/inst81x81_100_9.txt : 2218 ms.
