--------------------------------------------------
=====UNKNOWN=====
36and49/INST_36x36/40/inst36x36_40_0.dzn : 1001091 ms.
--------------------------------------------------
=====UNKNOWN=====
36and49/INST_36x36/40/inst36x36_40_10.dzn : 1000806 ms.
--------------------------------------------------
=====UNKNOWN=====
36and49/INST_36x36/40/inst36x36_40_11.dzn : 1000790 ms.
--------------------------------------------------
SAT
----------
36and49/INST_36x36/40/inst36x36_40_12.dzn : 8357 ms.
--------------------------------------------------
=====UNKNOWN=====
36and49/INST_36x36/40/inst36x36_40_13.dzn : 1000735 ms.
--------------------------------------------------
=====UNKNOWN=====
36and49/INST_36x36/40/inst36x36_40_14.dzn : 1000733 ms.
--------------------------------------------------
=====UNKNOWN=====
36and49/INST_36x36/40/inst36x36_40_15.dzn : 1000775 ms.
--------------------------------------------------
SAT
----------
36and49/INST_36x36/40/inst36x36_40_16.dzn : 648654 ms.
--------------------------------------------------
SAT
----------
36and49/INST_36x36/40/inst36x36_40_17.dzn : 4149 ms.
--------------------------------------------------
=====UNKNOWN=====
36and49/INST_36x36/40/inst36x36_40_18.dzn : 1000763 ms.
--------------------------------------------------
=====UNKNOWN=====
36and49/INST_36x36/40/inst36x36_40_19.dzn : 1000758 ms.
--------------------------------------------------
=====UNKNOWN=====
36and49/INST_36x36/40/inst36x36_40_1.dzn : 1000788 ms.
--------------------------------------------------
=====UNKNOWN=====
36and49/INST_36x36/40/inst36x36_40_20.dzn : 1000760 ms.
--------------------------------------------------
SAT
----------
36and49/INST_36x36/40/inst36x36_40_21.dzn : 231236 ms.
--------------------------------------------------
=====UNKNOWN=====
36and49/INST_36x36/40/inst36x36_40_22.dzn : 1000788 ms.
--------------------------------------------------
SAT
----------
36and49/INST_36x36/40/inst36x36_40_23.dzn : 4548 ms.
--------------------------------------------------
=====UNKNOWN=====
36and49/INST_36x36/40/inst36x36_40_24.dzn : 1000781 ms.
--------------------------------------------------
=====UNKNOWN=====
36and49/INST_36x36/40/inst36x36_40_25.dzn : 1000770 ms.
--------------------------------------------------
SAT
----------
36and49/INST_36x36/40/inst36x36_40_26.dzn : 131316 ms.
--------------------------------------------------
SAT
----------
36and49/INST_36x36/40/inst36x36_40_27.dzn : 32287 ms.
--------------------------------------------------
SAT
----------
36and49/INST_36x36/40/inst36x36_40_28.dzn : 16025 ms.
--------------------------------------------------
=====UNKNOWN=====
36and49/INST_36x36/40/inst36x36_40_29.dzn : 1000763 ms.
--------------------------------------------------
SAT
----------
36and49/INST_36x36/40/inst36x36_40_2.dzn : 289487 ms.
--------------------------------------------------
=====UNKNOWN=====
36and49/INST_36x36/40/inst36x36_40_30.dzn : 1000753 ms.
--------------------------------------------------
SAT
----------
36and49/INST_36x36/40/inst36x36_40_31.dzn : 2290 ms.
--------------------------------------------------
=====UNKNOWN=====
36and49/INST_36x36/40/inst36x36_40_32.dzn : 1000747 ms.
--------------------------------------------------
=====UNKNOWN=====
36and49/INST_36x36/40/inst36x36_40_33.dzn : 1000745 ms.
--------------------------------------------------
SAT
----------
36and49/INST_36x36/40/inst36x36_40_34.dzn : 8798 ms.
--------------------------------------------------
=====UNKNOWN=====
36and49/INST_36x36/40/inst36x36_40_35.dzn : 1000767 ms.
--------------------------------------------------
=====UNKNOWN=====
36and49/INST_36x36/40/inst36x36_40_36.dzn : 1000754 ms.
--------------------------------------------------
=====UNKNOWN=====
36and49/INST_36x36/40/inst36x36_40_37.dzn : 1000773 ms.
--------------------------------------------------
=====UNKNOWN=====
36and49/INST_36x36/40/inst36x36_40_38.dzn : 1000759 ms.
--------------------------------------------------
SAT
----------
36and49/INST_36x36/40/inst36x36_40_39.dzn : 2021 ms.
--------------------------------------------------
=====UNKNOWN=====
36and49/INST_36x36/40/inst36x36_40_3.dzn : 1000771 ms.
--------------------------------------------------
SAT
----------
36and49/INST_36x36/40/inst36x36_40_40.dzn : 618699 ms.
--------------------------------------------------
=====UNKNOWN=====
36and49/INST_36x36/40/inst36x36_40_41.dzn : 1000798 ms.
--------------------------------------------------
SAT
----------
36and49/INST_36x36/40/inst36x36_40_42.dzn : 975314 ms.
--------------------------------------------------
=====UNKNOWN=====
36and49/INST_36x36/40/inst36x36_40_43.dzn : 1000789 ms.
--------------------------------------------------
=====UNKNOWN=====
36and49/INST_36x36/40/inst36x36_40_44.dzn : 1000765 ms.
--------------------------------------------------
=====UNKNOWN=====
36and49/INST_36x36/40/inst36x36_40_45.dzn : 1000803 ms.
--------------------------------------------------
=====UNKNOWN=====
36and49/INST_36x36/40/inst36x36_40_46.dzn : 1000772 ms.
--------------------------------------------------
=====UNKNOWN=====
36and49/INST_36x36/40/inst36x36_40_47.dzn : 1000755 ms.
--------------------------------------------------
=====UNKNOWN=====
36and49/INST_36x36/40/inst36x36_40_48.dzn : 1000741 ms.
--------------------------------------------------
SAT
----------
36and49/INST_36x36/40/inst36x36_40_49.dzn : 125825 ms.
--------------------------------------------------
=====UNKNOWN=====
36and49/INST_36x36/40/inst36x36_40_4.dzn : 1000800 ms.
--------------------------------------------------
=====UNKNOWN=====
36and49/INST_36x36/40/inst36x36_40_50.dzn : 1000837 ms.
--------------------------------------------------
=====UNKNOWN=====
36and49/INST_36x36/40/inst36x36_40_51.dzn : 1000795 ms.
--------------------------------------------------
SAT
----------
36and49/INST_36x36/40/inst36x36_40_52.dzn : 5049 ms.
--------------------------------------------------
SAT
----------
36and49/INST_36x36/40/inst36x36_40_53.dzn : 22653 ms.
--------------------------------------------------
=====UNKNOWN=====
36and49/INST_36x36/40/inst36x36_40_54.dzn : 1000752 ms.
--------------------------------------------------
=====UNKNOWN=====
36and49/INST_36x36/40/inst36x36_40_55.dzn : 1000816 ms.
--------------------------------------------------
=====UNKNOWN=====
36and49/INST_36x36/40/inst36x36_40_56.dzn : 1000784 ms.
--------------------------------------------------
=====UNKNOWN=====
36and49/INST_36x36/40/inst36x36_40_57.dzn : 1000771 ms.
--------------------------------------------------
=====UNKNOWN=====
36and49/INST_36x36/40/inst36x36_40_58.dzn : 1000762 ms.
--------------------------------------------------
=====UNKNOWN=====
36and49/INST_36x36/40/inst36x36_40_59.dzn : 1000755 ms.
--------------------------------------------------
=====UNKNOWN=====
36and49/INST_36x36/40/inst36x36_40_5.dzn : 1000745 ms.
--------------------------------------------------
SAT
----------
36and49/INST_36x36/40/inst36x36_40_60.dzn : 531091 ms.
--------------------------------------------------
SAT
----------
36and49/INST_36x36/40/inst36x36_40_61.dzn : 10722 ms.
--------------------------------------------------
=====UNKNOWN=====
36and49/INST_36x36/40/inst36x36_40_62.dzn : 1000788 ms.
--------------------------------------------------
SAT
----------
36and49/INST_36x36/40/inst36x36_40_63.dzn : 652741 ms.
--------------------------------------------------
=====UNKNOWN=====
36and49/INST_36x36/40/inst36x36_40_64.dzn : 1000739 ms.
--------------------------------------------------
=====UNKNOWN=====
36and49/INST_36x36/40/inst36x36_40_65.dzn : 1000784 ms.
--------------------------------------------------
=====UNKNOWN=====
36and49/INST_36x36/40/inst36x36_40_66.dzn : 1000798 ms.
--------------------------------------------------
SAT
----------
36and49/INST_36x36/40/inst36x36_40_67.dzn : 33304 ms.
--------------------------------------------------
=====UNKNOWN=====
36and49/INST_36x36/40/inst36x36_40_68.dzn : 1000768 ms.
--------------------------------------------------
SAT
----------
36and49/INST_36x36/40/inst36x36_40_69.dzn : 718264 ms.
--------------------------------------------------
=====UNKNOWN=====
36and49/INST_36x36/40/inst36x36_40_6.dzn : 1000763 ms.
--------------------------------------------------
=====UNKNOWN=====
36and49/INST_36x36/40/inst36x36_40_70.dzn : 1000746 ms.
--------------------------------------------------
=====UNKNOWN=====
36and49/INST_36x36/40/inst36x36_40_71.dzn : 1000771 ms.
--------------------------------------------------
SAT
----------
36and49/INST_36x36/40/inst36x36_40_72.dzn : 23972 ms.
--------------------------------------------------
=====UNKNOWN=====
36and49/INST_36x36/40/inst36x36_40_73.dzn : 1000764 ms.
--------------------------------------------------
SAT
----------
36and49/INST_36x36/40/inst36x36_40_74.dzn : 59472 ms.
--------------------------------------------------
=====UNKNOWN=====
36and49/INST_36x36/40/inst36x36_40_75.dzn : 1000764 ms.
--------------------------------------------------
SAT
----------
36and49/INST_36x36/40/inst36x36_40_76.dzn : 199465 ms.
--------------------------------------------------
=====UNKNOWN=====
36and49/INST_36x36/40/inst36x36_40_77.dzn : 1000737 ms.
--------------------------------------------------
=====UNKNOWN=====
36and49/INST_36x36/40/inst36x36_40_78.dzn : 1000814 ms.
--------------------------------------------------
SAT
----------
36and49/INST_36x36/40/inst36x36_40_79.dzn : 6259 ms.
--------------------------------------------------
=====UNKNOWN=====
36and49/INST_36x36/40/inst36x36_40_7.dzn : 1000781 ms.
--------------------------------------------------
=====UNKNOWN=====
36and49/INST_36x36/40/inst36x36_40_80.dzn : 1000843 ms.
--------------------------------------------------
SAT
----------
36and49/INST_36x36/40/inst36x36_40_81.dzn : 13739 ms.
--------------------------------------------------
SAT
----------
36and49/INST_36x36/40/inst36x36_40_82.dzn : 81464 ms.
--------------------------------------------------
=====UNKNOWN=====
36and49/INST_36x36/40/inst36x36_40_83.dzn : 1000787 ms.
--------------------------------------------------
SAT
----------
36and49/INST_36x36/40/inst36x36_40_84.dzn : 25650 ms.
--------------------------------------------------
SAT
----------
36and49/INST_36x36/40/inst36x36_40_85.dzn : 995279 ms.
--------------------------------------------------
SAT
----------
36and49/INST_36x36/40/inst36x36_40_86.dzn : 66568 ms.
--------------------------------------------------
SAT
----------
36and49/INST_36x36/40/inst36x36_40_87.dzn : 208290 ms.
--------------------------------------------------
SAT
----------
36and49/INST_36x36/40/inst36x36_40_88.dzn : 3303 ms.
--------------------------------------------------
SAT
----------
36and49/INST_36x36/40/inst36x36_40_89.dzn : 131044 ms.
--------------------------------------------------
=====UNKNOWN=====
36and49/INST_36x36/40/inst36x36_40_8.dzn : 1000769 ms.
--------------------------------------------------
SAT
----------
36and49/INST_36x36/40/inst36x36_40_90.dzn : 828190 ms.
--------------------------------------------------
=====UNKNOWN=====
36and49/INST_36x36/40/inst36x36_40_91.dzn : 1000787 ms.
--------------------------------------------------
SAT
----------
36and49/INST_36x36/40/inst36x36_40_92.dzn : 101593 ms.
--------------------------------------------------
=====UNKNOWN=====
36and49/INST_36x36/40/inst36x36_40_93.dzn : 1000786 ms.
--------------------------------------------------
=====UNKNOWN=====
36and49/INST_36x36/40/inst36x36_40_94.dzn : 1000778 ms.
--------------------------------------------------
SAT
----------
36and49/INST_36x36/40/inst36x36_40_95.dzn : 2854 ms.
--------------------------------------------------
=====UNKNOWN=====
36and49/INST_36x36/40/inst36x36_40_96.dzn : 1000794 ms.
--------------------------------------------------
=====UNKNOWN=====
36and49/INST_36x36/40/inst36x36_40_97.dzn : 1030002 ms.
--------------------------------------------------
=====UNKNOWN=====
36and49/INST_36x36/40/inst36x36_40_98.dzn : 1001023 ms.
--------------------------------------------------
SAT
----------
36and49/INST_36x36/40/inst36x36_40_99.dzn : 605154 ms.
--------------------------------------------------
SAT
----------
36and49/INST_36x36/40/inst36x36_40_9.dzn : 421514 ms.
