--------------------------------------------------
benchmarks/INST_81x81/20/inst81x81_20_0.txt : 1005864 ms.
--------------------------------------------------
benchmarks/INST_81x81/20/inst81x81_20_10.txt : 1005178 ms.
--------------------------------------------------
benchmarks/INST_81x81/20/inst81x81_20_11.txt : 1008682 ms.
--------------------------------------------------
benchmarks/INST_81x81/20/inst81x81_20_12.txt : 1009742 ms.
--------------------------------------------------
benchmarks/INST_81x81/20/inst81x81_20_13.txt : 1007976 ms.
--------------------------------------------------
benchmarks/INST_81x81/20/inst81x81_20_14.txt : 1005080 ms.
--------------------------------------------------
benchmarks/INST_81x81/20/inst81x81_20_15.txt : 1003090 ms.
--------------------------------------------------
benchmarks/INST_81x81/20/inst81x81_20_16.txt : 1006893 ms.
--------------------------------------------------
benchmarks/INST_81x81/20/inst81x81_20_17.txt : 1011583 ms.
--------------------------------------------------
benchmarks/INST_81x81/20/inst81x81_20_18.txt : 1023552 ms.
--------------------------------------------------
benchmarks/INST_81x81/20/inst81x81_20_19.txt : 1006268 ms.
--------------------------------------------------
benchmarks/INST_81x81/20/inst81x81_20_1.txt : 1005439 ms.
--------------------------------------------------
benchmarks/INST_81x81/20/inst81x81_20_20.txt : 1009293 ms.
--------------------------------------------------
benchmarks/INST_81x81/20/inst81x81_20_21.txt : 1018396 ms.
--------------------------------------------------
benchmarks/INST_81x81/20/inst81x81_20_22.txt : 1004002 ms.
--------------------------------------------------
benchmarks/INST_81x81/20/inst81x81_20_23.txt : 1006278 ms.
--------------------------------------------------
benchmarks/INST_81x81/20/inst81x81_20_24.txt : 1006316 ms.
--------------------------------------------------
benchmarks/INST_81x81/20/inst81x81_20_25.txt : 1014257 ms.
--------------------------------------------------
benchmarks/INST_81x81/20/inst81x81_20_26.txt : 1007549 ms.
--------------------------------------------------
benchmarks/INST_81x81/20/inst81x81_20_27.txt : 1006076 ms.
--------------------------------------------------
benchmarks/INST_81x81/20/inst81x81_20_28.txt : 1010855 ms.
--------------------------------------------------
benchmarks/INST_81x81/20/inst81x81_20_29.txt : 1008994 ms.
--------------------------------------------------
benchmarks/INST_81x81/20/inst81x81_20_2.txt : 1012408 ms.
--------------------------------------------------
benchmarks/INST_81x81/20/inst81x81_20_30.txt : 1004787 ms.
--------------------------------------------------
benchmarks/INST_81x81/20/inst81x81_20_31.txt : 1004704 ms.
--------------------------------------------------
benchmarks/INST_81x81/20/inst81x81_20_32.txt : 1013091 ms.
--------------------------------------------------
benchmarks/INST_81x81/20/inst81x81_20_33.txt : 1014195 ms.
--------------------------------------------------
benchmarks/INST_81x81/20/inst81x81_20_34.txt : 1005808 ms.
--------------------------------------------------
benchmarks/INST_81x81/20/inst81x81_20_35.txt : 1004565 ms.
--------------------------------------------------
benchmarks/INST_81x81/20/inst81x81_20_36.txt : 1006880 ms.
--------------------------------------------------
benchmarks/INST_81x81/20/inst81x81_20_37.txt : 1007480 ms.
--------------------------------------------------
benchmarks/INST_81x81/20/inst81x81_20_38.txt : 1007957 ms.
--------------------------------------------------
benchmarks/INST_81x81/20/inst81x81_20_39.txt : 1009930 ms.
--------------------------------------------------
benchmarks/INST_81x81/20/inst81x81_20_3.txt : 1020497 ms.
--------------------------------------------------
benchmarks/INST_81x81/20/inst81x81_20_40.txt : 1009078 ms.
--------------------------------------------------
benchmarks/INST_81x81/20/inst81x81_20_41.txt : 1011381 ms.
--------------------------------------------------
benchmarks/INST_81x81/20/inst81x81_20_42.txt : 1014370 ms.
--------------------------------------------------
benchmarks/INST_81x81/20/inst81x81_20_43.txt : 1013955 ms.
--------------------------------------------------
benchmarks/INST_81x81/20/inst81x81_20_44.txt : 1016965 ms.
--------------------------------------------------
benchmarks/INST_81x81/20/inst81x81_20_45.txt : 1021139 ms.
--------------------------------------------------
benchmarks/INST_81x81/20/inst81x81_20_46.txt : 1008280 ms.
--------------------------------------------------
benchmarks/INST_81x81/20/inst81x81_20_47.txt : 1011677 ms.
--------------------------------------------------
benchmarks/INST_81x81/20/inst81x81_20_48.txt : 1009998 ms.
--------------------------------------------------
benchmarks/INST_81x81/20/inst81x81_20_49.txt : 1004419 ms.
--------------------------------------------------
benchmarks/INST_81x81/20/inst81x81_20_4.txt : 1016210 ms.
--------------------------------------------------
benchmarks/INST_81x81/20/inst81x81_20_50.txt : 1003256 ms.
--------------------------------------------------
benchmarks/INST_81x81/20/inst81x81_20_51.txt : 1005498 ms.
--------------------------------------------------
benchmarks/INST_81x81/20/inst81x81_20_52.txt : 1004123 ms.
--------------------------------------------------
benchmarks/INST_81x81/20/inst81x81_20_53.txt : 1021398 ms.
--------------------------------------------------
benchmarks/INST_81x81/20/inst81x81_20_54.txt : 1013671 ms.
--------------------------------------------------
benchmarks/INST_81x81/20/inst81x81_20_55.txt : 1008330 ms.
--------------------------------------------------
benchmarks/INST_81x81/20/inst81x81_20_56.txt : 1020415 ms.
--------------------------------------------------
benchmarks/INST_81x81/20/inst81x81_20_57.txt : 1007541 ms.
--------------------------------------------------
benchmarks/INST_81x81/20/inst81x81_20_58.txt : 1006817 ms.
--------------------------------------------------
benchmarks/INST_81x81/20/inst81x81_20_59.txt : 1009349 ms.
--------------------------------------------------
benchmarks/INST_81x81/20/inst81x81_20_5.txt : 1017985 ms.
--------------------------------------------------
benchmarks/INST_81x81/20/inst81x81_20_60.txt : 1011420 ms.
--------------------------------------------------
benchmarks/INST_81x81/20/inst81x81_20_61.txt : 1008908 ms.
--------------------------------------------------
benchmarks/INST_81x81/20/inst81x81_20_62.txt : 1015589 ms.
--------------------------------------------------
benchmarks/INST_81x81/20/inst81x81_20_63.txt : 1018564 ms.
--------------------------------------------------
benchmarks/INST_81x81/20/inst81x81_20_64.txt : 1015039 ms.
--------------------------------------------------
benchmarks/INST_81x81/20/inst81x81_20_65.txt : 1003905 ms.
--------------------------------------------------
benchmarks/INST_81x81/20/inst81x81_20_66.txt : 1010133 ms.
--------------------------------------------------
benchmarks/INST_81x81/20/inst81x81_20_67.txt : 1006112 ms.
--------------------------------------------------
benchmarks/INST_81x81/20/inst81x81_20_68.txt : 1006337 ms.
--------------------------------------------------
benchmarks/INST_81x81/20/inst81x81_20_69.txt : 1009989 ms.
--------------------------------------------------
benchmarks/INST_81x81/20/inst81x81_20_6.txt : 1003931 ms.
--------------------------------------------------
benchmarks/INST_81x81/20/inst81x81_20_70.txt : 1003420 ms.
--------------------------------------------------
benchmarks/INST_81x81/20/inst81x81_20_71.txt : 1005479 ms.
--------------------------------------------------
benchmarks/INST_81x81/20/inst81x81_20_72.txt : 1010377 ms.
--------------------------------------------------
benchmarks/INST_81x81/20/inst81x81_20_73.txt : 1005331 ms.
--------------------------------------------------
benchmarks/INST_81x81/20/inst81x81_20_74.txt : 1007945 ms.
--------------------------------------------------
benchmarks/INST_81x81/20/inst81x81_20_75.txt : 1014423 ms.
--------------------------------------------------
benchmarks/INST_81x81/20/inst81x81_20_76.txt : 1013505 ms.
--------------------------------------------------
benchmarks/INST_81x81/20/inst81x81_20_77.txt : 1007352 ms.
--------------------------------------------------
benchmarks/INST_81x81/20/inst81x81_20_78.txt : 1030382 ms.
--------------------------------------------------
benchmarks/INST_81x81/20/inst81x81_20_79.txt : 1024124 ms.
--------------------------------------------------
benchmarks/INST_81x81/20/inst81x81_20_7.txt : 1012932 ms.
--------------------------------------------------
benchmarks/INST_81x81/20/inst81x81_20_80.txt : 1008437 ms.
--------------------------------------------------
benchmarks/INST_81x81/20/inst81x81_20_81.txt : 1009990 ms.
--------------------------------------------------
benchmarks/INST_81x81/20/inst81x81_20_82.txt : 1006055 ms.
--------------------------------------------------
benchmarks/INST_81x81/20/inst81x81_20_83.txt : 1007439 ms.
--------------------------------------------------
benchmarks/INST_81x81/20/inst81x81_20_84.txt : 1003700 ms.
--------------------------------------------------
benchmarks/INST_81x81/20/inst81x81_20_85.txt : 1013012 ms.
--------------------------------------------------
benchmarks/INST_81x81/20/inst81x81_20_86.txt : 1013937 ms.
--------------------------------------------------
benchmarks/INST_81x81/20/inst81x81_20_87.txt : 1006510 ms.
--------------------------------------------------
benchmarks/INST_81x81/20/inst81x81_20_88.txt : 1016234 ms.
--------------------------------------------------
benchmarks/INST_81x81/20/inst81x81_20_89.txt : 1004029 ms.
--------------------------------------------------
benchmarks/INST_81x81/20/inst81x81_20_8.txt : 1008637 ms.
--------------------------------------------------
benchmarks/INST_81x81/20/inst81x81_20_90.txt : 1004110 ms.
--------------------------------------------------
benchmarks/INST_81x81/20/inst81x81_20_91.txt : 1007977 ms.
--------------------------------------------------
benchmarks/INST_81x81/20/inst81x81_20_92.txt : 1009680 ms.
--------------------------------------------------
benchmarks/INST_81x81/20/inst81x81_20_93.txt : 1006865 ms.
--------------------------------------------------
benchmarks/INST_81x81/20/inst81x81_20_94.txt : 1010651 ms.
--------------------------------------------------
benchmarks/INST_81x81/20/inst81x81_20_95.txt : 1003529 ms.
--------------------------------------------------
benchmarks/INST_81x81/20/inst81x81_20_96.txt : 1003006 ms.
--------------------------------------------------
benchmarks/INST_81x81/20/inst81x81_20_97.txt : 1008669 ms.
--------------------------------------------------
benchmarks/INST_81x81/20/inst81x81_20_98.txt : 1007181 ms.
--------------------------------------------------
benchmarks/INST_81x81/20/inst81x81_20_99.txt : 1005452 ms.
--------------------------------------------------
benchmarks/INST_81x81/20/inst81x81_20_9.txt : 1004142 ms.
run.sh: line 77: 3: command not found
run.sh: line 78: syntax error near unexpected token `fi'
run.sh: line 78: `    fi'
