--------------------------------------------------
0
5.1e-05
benchmarks/INST_9x9/50/inst9x9_50_0.txt : 37 ms.
--------------------------------------------------
0
0.000232
benchmarks/INST_9x9/50/inst9x9_50_10.txt : 19 ms.
--------------------------------------------------
0
5.5e-05
benchmarks/INST_9x9/50/inst9x9_50_11.txt : 14 ms.
--------------------------------------------------
0
5.4e-05
benchmarks/INST_9x9/50/inst9x9_50_12.txt : 13 ms.
--------------------------------------------------
0
0.000496
benchmarks/INST_9x9/50/inst9x9_50_13.txt : 19 ms.
--------------------------------------------------
0
0.000193
benchmarks/INST_9x9/50/inst9x9_50_14.txt : 15 ms.
--------------------------------------------------
0
7.4e-05
benchmarks/INST_9x9/50/inst9x9_50_15.txt : 16 ms.
--------------------------------------------------
0
0.000293
benchmarks/INST_9x9/50/inst9x9_50_16.txt : 13 ms.
--------------------------------------------------
0
0.000255
benchmarks/INST_9x9/50/inst9x9_50_17.txt : 18 ms.
--------------------------------------------------
0
0.000113
benchmarks/INST_9x9/50/inst9x9_50_18.txt : 17 ms.
--------------------------------------------------
0
9.7e-05
benchmarks/INST_9x9/50/inst9x9_50_19.txt : 15 ms.
--------------------------------------------------
0
7.4e-05
benchmarks/INST_9x9/50/inst9x9_50_1.txt : 20 ms.
--------------------------------------------------
0
0.000116
benchmarks/INST_9x9/50/inst9x9_50_20.txt : 20 ms.
--------------------------------------------------
0
7.4e-05
benchmarks/INST_9x9/50/inst9x9_50_21.txt : 13 ms.
--------------------------------------------------
0
0.000397
benchmarks/INST_9x9/50/inst9x9_50_22.txt : 23 ms.
--------------------------------------------------
0
8.4e-05
benchmarks/INST_9x9/50/inst9x9_50_23.txt : 16 ms.
--------------------------------------------------
0
0.000108
benchmarks/INST_9x9/50/inst9x9_50_24.txt : 18 ms.
--------------------------------------------------
0
0.000228
benchmarks/INST_9x9/50/inst9x9_50_25.txt : 20 ms.
--------------------------------------------------
0
0.000124
benchmarks/INST_9x9/50/inst9x9_50_26.txt : 18 ms.
--------------------------------------------------
0
3.3e-05
benchmarks/INST_9x9/50/inst9x9_50_27.txt : 17 ms.
--------------------------------------------------
0
0.000487
benchmarks/INST_9x9/50/inst9x9_50_28.txt : 18 ms.
--------------------------------------------------
0
0.000148
benchmarks/INST_9x9/50/inst9x9_50_29.txt : 21 ms.
--------------------------------------------------
0
5.9e-05
benchmarks/INST_9x9/50/inst9x9_50_2.txt : 17 ms.
--------------------------------------------------
0
8.2e-05
benchmarks/INST_9x9/50/inst9x9_50_30.txt : 20 ms.
--------------------------------------------------
0
0.000202
benchmarks/INST_9x9/50/inst9x9_50_31.txt : 20 ms.
--------------------------------------------------
0
6e-05
benchmarks/INST_9x9/50/inst9x9_50_32.txt : 22 ms.
--------------------------------------------------
0
0.00011
benchmarks/INST_9x9/50/inst9x9_50_33.txt : 22 ms.
--------------------------------------------------
0
7.3e-05
benchmarks/INST_9x9/50/inst9x9_50_34.txt : 25 ms.
--------------------------------------------------
0
5.4e-05
benchmarks/INST_9x9/50/inst9x9_50_35.txt : 19 ms.
--------------------------------------------------
0
5.2e-05
benchmarks/INST_9x9/50/inst9x9_50_36.txt : 18 ms.
--------------------------------------------------
0
4e-05
benchmarks/INST_9x9/50/inst9x9_50_37.txt : 19 ms.
--------------------------------------------------
0
3.8e-05
benchmarks/INST_9x9/50/inst9x9_50_38.txt : 18 ms.
--------------------------------------------------
0
0.000175
benchmarks/INST_9x9/50/inst9x9_50_39.txt : 22 ms.
--------------------------------------------------
0
0.000123
benchmarks/INST_9x9/50/inst9x9_50_3.txt : 23 ms.
--------------------------------------------------
0
3.3e-05
benchmarks/INST_9x9/50/inst9x9_50_40.txt : 17 ms.
--------------------------------------------------
0
5.7e-05
benchmarks/INST_9x9/50/inst9x9_50_41.txt : 21 ms.
--------------------------------------------------
0
7.4e-05
benchmarks/INST_9x9/50/inst9x9_50_42.txt : 24 ms.
--------------------------------------------------
0
7.1e-05
benchmarks/INST_9x9/50/inst9x9_50_43.txt : 21 ms.
--------------------------------------------------
0
7.8e-05
benchmarks/INST_9x9/50/inst9x9_50_44.txt : 20 ms.
--------------------------------------------------
0
0.000199
benchmarks/INST_9x9/50/inst9x9_50_45.txt : 16 ms.
--------------------------------------------------
0
6.1e-05
benchmarks/INST_9x9/50/inst9x9_50_46.txt : 20 ms.
--------------------------------------------------
0
5.9e-05
benchmarks/INST_9x9/50/inst9x9_50_47.txt : 14 ms.
--------------------------------------------------
0
0.000102
benchmarks/INST_9x9/50/inst9x9_50_48.txt : 19 ms.
--------------------------------------------------
0
6.8e-05
benchmarks/INST_9x9/50/inst9x9_50_49.txt : 15 ms.
--------------------------------------------------
0
7.1e-05
benchmarks/INST_9x9/50/inst9x9_50_4.txt : 18 ms.
--------------------------------------------------
0
0.0001
benchmarks/INST_9x9/50/inst9x9_50_50.txt : 20 ms.
--------------------------------------------------
0
0.000167
benchmarks/INST_9x9/50/inst9x9_50_51.txt : 16 ms.
--------------------------------------------------
0
0.00014
benchmarks/INST_9x9/50/inst9x9_50_52.txt : 19 ms.
--------------------------------------------------
0
8.2e-05
benchmarks/INST_9x9/50/inst9x9_50_53.txt : 19 ms.
--------------------------------------------------
0
8.5e-05
benchmarks/INST_9x9/50/inst9x9_50_54.txt : 19 ms.
--------------------------------------------------
0
3.9e-05
benchmarks/INST_9x9/50/inst9x9_50_55.txt : 19 ms.
--------------------------------------------------
0
0.000388
benchmarks/INST_9x9/50/inst9x9_50_56.txt : 18 ms.
--------------------------------------------------
0
0.000146
benchmarks/INST_9x9/50/inst9x9_50_57.txt : 21 ms.
--------------------------------------------------
0
6.5e-05
benchmarks/INST_9x9/50/inst9x9_50_58.txt : 14 ms.
--------------------------------------------------
0
0.000101
benchmarks/INST_9x9/50/inst9x9_50_59.txt : 17 ms.
--------------------------------------------------
0
0.000398
benchmarks/INST_9x9/50/inst9x9_50_5.txt : 20 ms.
--------------------------------------------------
0
7.9e-05
benchmarks/INST_9x9/50/inst9x9_50_60.txt : 18 ms.
--------------------------------------------------
0
8.2e-05
benchmarks/INST_9x9/50/inst9x9_50_61.txt : 18 ms.
--------------------------------------------------
0
0.000171
benchmarks/INST_9x9/50/inst9x9_50_62.txt : 19 ms.
--------------------------------------------------
0
0.000439
benchmarks/INST_9x9/50/inst9x9_50_63.txt : 22 ms.
--------------------------------------------------
0
4.1e-05
benchmarks/INST_9x9/50/inst9x9_50_64.txt : 19 ms.
--------------------------------------------------
0
0.000407
benchmarks/INST_9x9/50/inst9x9_50_65.txt : 21 ms.
--------------------------------------------------
0
5.6e-05
benchmarks/INST_9x9/50/inst9x9_50_66.txt : 22 ms.
--------------------------------------------------
0
8e-05
benchmarks/INST_9x9/50/inst9x9_50_67.txt : 20 ms.
--------------------------------------------------
0
0.00017
benchmarks/INST_9x9/50/inst9x9_50_68.txt : 23 ms.
--------------------------------------------------
0
0.000144
benchmarks/INST_9x9/50/inst9x9_50_69.txt : 23 ms.
--------------------------------------------------
0
0.0001
benchmarks/INST_9x9/50/inst9x9_50_6.txt : 19 ms.
--------------------------------------------------
0
0.000472
benchmarks/INST_9x9/50/inst9x9_50_70.txt : 24 ms.
--------------------------------------------------
0
3.4e-05
benchmarks/INST_9x9/50/inst9x9_50_71.txt : 21 ms.
--------------------------------------------------
0
0.00015
benchmarks/INST_9x9/50/inst9x9_50_72.txt : 20 ms.
--------------------------------------------------
0
0.000101
benchmarks/INST_9x9/50/inst9x9_50_73.txt : 21 ms.
--------------------------------------------------
0
0.00017
benchmarks/INST_9x9/50/inst9x9_50_74.txt : 20 ms.
--------------------------------------------------
0
0.000128
benchmarks/INST_9x9/50/inst9x9_50_75.txt : 21 ms.
--------------------------------------------------
0
0.000116
benchmarks/INST_9x9/50/inst9x9_50_76.txt : 23 ms.
--------------------------------------------------
0
0.000167
benchmarks/INST_9x9/50/inst9x9_50_77.txt : 19 ms.
--------------------------------------------------
0
4.3e-05
benchmarks/INST_9x9/50/inst9x9_50_78.txt : 16 ms.
--------------------------------------------------
0
0.00029
benchmarks/INST_9x9/50/inst9x9_50_79.txt : 17 ms.
--------------------------------------------------
0
8.5e-05
benchmarks/INST_9x9/50/inst9x9_50_7.txt : 17 ms.
--------------------------------------------------
0
6.6e-05
benchmarks/INST_9x9/50/inst9x9_50_80.txt : 16 ms.
--------------------------------------------------
0
0.00017
benchmarks/INST_9x9/50/inst9x9_50_81.txt : 15 ms.
--------------------------------------------------
0
0.000208
benchmarks/INST_9x9/50/inst9x9_50_82.txt : 15 ms.
--------------------------------------------------
0
5.3e-05
benchmarks/INST_9x9/50/inst9x9_50_83.txt : 17 ms.
--------------------------------------------------
0
5.2e-05
benchmarks/INST_9x9/50/inst9x9_50_84.txt : 15 ms.
--------------------------------------------------
0
0.000514
benchmarks/INST_9x9/50/inst9x9_50_85.txt : 16 ms.
--------------------------------------------------
0
6.1e-05
benchmarks/INST_9x9/50/inst9x9_50_86.txt : 15 ms.
--------------------------------------------------
0
7.4e-05
benchmarks/INST_9x9/50/inst9x9_50_87.txt : 14 ms.
--------------------------------------------------
0
0.000175
benchmarks/INST_9x9/50/inst9x9_50_88.txt : 14 ms.
--------------------------------------------------
0
0.000123
benchmarks/INST_9x9/50/inst9x9_50_89.txt : 18 ms.
--------------------------------------------------
0
7.9e-05
benchmarks/INST_9x9/50/inst9x9_50_8.txt : 17 ms.
--------------------------------------------------
0
0.000628
benchmarks/INST_9x9/50/inst9x9_50_90.txt : 20 ms.
--------------------------------------------------
0
0.000148
benchmarks/INST_9x9/50/inst9x9_50_91.txt : 18 ms.
--------------------------------------------------
0
5.5e-05
benchmarks/INST_9x9/50/inst9x9_50_92.txt : 17 ms.
--------------------------------------------------
0
5.3e-05
benchmarks/INST_9x9/50/inst9x9_50_93.txt : 21 ms.
--------------------------------------------------
0
0.00041
benchmarks/INST_9x9/50/inst9x9_50_94.txt : 20 ms.
--------------------------------------------------
0
0.000186
benchmarks/INST_9x9/50/inst9x9_50_95.txt : 19 ms.
--------------------------------------------------
0
3.2e-05
benchmarks/INST_9x9/50/inst9x9_50_96.txt : 21 ms.
--------------------------------------------------
0
6.7e-05
benchmarks/INST_9x9/50/inst9x9_50_97.txt : 20 ms.
--------------------------------------------------
0
7.6e-05
benchmarks/INST_9x9/50/inst9x9_50_98.txt : 21 ms.
--------------------------------------------------
0
3.4e-05
benchmarks/INST_9x9/50/inst9x9_50_99.txt : 20 ms.
--------------------------------------------------
0
0.000256
benchmarks/INST_9x9/50/inst9x9_50_9.txt : 23 ms.
