--------------------------------------------------
0
5.9e-05
benchmarks/INST_9x9/75/inst9x9_75_0.txt : 17 ms.
--------------------------------------------------
0
0.000108
benchmarks/INST_9x9/75/inst9x9_75_10.txt : 16 ms.
--------------------------------------------------
0
3.9e-05
benchmarks/INST_9x9/75/inst9x9_75_11.txt : 11 ms.
--------------------------------------------------
0
8.2e-05
benchmarks/INST_9x9/75/inst9x9_75_12.txt : 17 ms.
--------------------------------------------------
0
5.9e-05
benchmarks/INST_9x9/75/inst9x9_75_13.txt : 17 ms.
--------------------------------------------------
0
7.8e-05
benchmarks/INST_9x9/75/inst9x9_75_14.txt : 17 ms.
--------------------------------------------------
0
9.7e-05
benchmarks/INST_9x9/75/inst9x9_75_15.txt : 15 ms.
--------------------------------------------------
0
3.4e-05
benchmarks/INST_9x9/75/inst9x9_75_16.txt : 17 ms.
--------------------------------------------------
0
7.6e-05
benchmarks/INST_9x9/75/inst9x9_75_17.txt : 17 ms.
--------------------------------------------------
0
0.000106
benchmarks/INST_9x9/75/inst9x9_75_18.txt : 15 ms.
--------------------------------------------------
0
4.5e-05
benchmarks/INST_9x9/75/inst9x9_75_19.txt : 17 ms.
--------------------------------------------------
0
7.1e-05
benchmarks/INST_9x9/75/inst9x9_75_1.txt : 21 ms.
--------------------------------------------------
0
4e-05
benchmarks/INST_9x9/75/inst9x9_75_20.txt : 15 ms.
--------------------------------------------------
0
4.3e-05
benchmarks/INST_9x9/75/inst9x9_75_21.txt : 15 ms.
--------------------------------------------------
0
8.8e-05
benchmarks/INST_9x9/75/inst9x9_75_22.txt : 18 ms.
--------------------------------------------------
0
4.6e-05
benchmarks/INST_9x9/75/inst9x9_75_23.txt : 18 ms.
--------------------------------------------------
0
6e-05
benchmarks/INST_9x9/75/inst9x9_75_24.txt : 17 ms.
--------------------------------------------------
0
8.7e-05
benchmarks/INST_9x9/75/inst9x9_75_25.txt : 22 ms.
--------------------------------------------------
0
0.000122
benchmarks/INST_9x9/75/inst9x9_75_26.txt : 21 ms.
--------------------------------------------------
0
7.8e-05
benchmarks/INST_9x9/75/inst9x9_75_27.txt : 19 ms.
--------------------------------------------------
0
4.6e-05
benchmarks/INST_9x9/75/inst9x9_75_28.txt : 22 ms.
--------------------------------------------------
0
8.1e-05
benchmarks/INST_9x9/75/inst9x9_75_29.txt : 21 ms.
--------------------------------------------------
0
0.000118
benchmarks/INST_9x9/75/inst9x9_75_2.txt : 21 ms.
--------------------------------------------------
0
8.3e-05
benchmarks/INST_9x9/75/inst9x9_75_30.txt : 23 ms.
--------------------------------------------------
0
9.8e-05
benchmarks/INST_9x9/75/inst9x9_75_31.txt : 20 ms.
--------------------------------------------------
0
8.7e-05
benchmarks/INST_9x9/75/inst9x9_75_32.txt : 23 ms.
--------------------------------------------------
0
4.8e-05
benchmarks/INST_9x9/75/inst9x9_75_33.txt : 23 ms.
--------------------------------------------------
0
3.3e-05
benchmarks/INST_9x9/75/inst9x9_75_34.txt : 21 ms.
--------------------------------------------------
0
7e-05
benchmarks/INST_9x9/75/inst9x9_75_35.txt : 21 ms.
--------------------------------------------------
0
9e-05
benchmarks/INST_9x9/75/inst9x9_75_36.txt : 21 ms.
--------------------------------------------------
0
3.8e-05
benchmarks/INST_9x9/75/inst9x9_75_37.txt : 20 ms.
--------------------------------------------------
0
3.9e-05
benchmarks/INST_9x9/75/inst9x9_75_38.txt : 23 ms.
--------------------------------------------------
0
8.6e-05
benchmarks/INST_9x9/75/inst9x9_75_39.txt : 22 ms.
--------------------------------------------------
0
3.2e-05
benchmarks/INST_9x9/75/inst9x9_75_3.txt : 20 ms.
--------------------------------------------------
0
8.2e-05
benchmarks/INST_9x9/75/inst9x9_75_40.txt : 25 ms.
--------------------------------------------------
0
8e-05
benchmarks/INST_9x9/75/inst9x9_75_41.txt : 21 ms.
--------------------------------------------------
0
7e-05
benchmarks/INST_9x9/75/inst9x9_75_42.txt : 16 ms.
--------------------------------------------------
0
4.9e-05
benchmarks/INST_9x9/75/inst9x9_75_43.txt : 18 ms.
--------------------------------------------------
0
9.1e-05
benchmarks/INST_9x9/75/inst9x9_75_44.txt : 21 ms.
--------------------------------------------------
0
4.4e-05
benchmarks/INST_9x9/75/inst9x9_75_45.txt : 15 ms.
--------------------------------------------------
0
8.7e-05
benchmarks/INST_9x9/75/inst9x9_75_46.txt : 19 ms.
--------------------------------------------------
0
0.000178
benchmarks/INST_9x9/75/inst9x9_75_47.txt : 16 ms.
--------------------------------------------------
0
7.7e-05
benchmarks/INST_9x9/75/inst9x9_75_48.txt : 14 ms.
--------------------------------------------------
0
8.6e-05
benchmarks/INST_9x9/75/inst9x9_75_49.txt : 18 ms.
--------------------------------------------------
0
4.4e-05
benchmarks/INST_9x9/75/inst9x9_75_4.txt : 17 ms.
--------------------------------------------------
0
3.8e-05
benchmarks/INST_9x9/75/inst9x9_75_50.txt : 16 ms.
--------------------------------------------------
0
7.5e-05
benchmarks/INST_9x9/75/inst9x9_75_51.txt : 18 ms.
--------------------------------------------------
0
8.4e-05
benchmarks/INST_9x9/75/inst9x9_75_52.txt : 22 ms.
--------------------------------------------------
0
5.5e-05
benchmarks/INST_9x9/75/inst9x9_75_53.txt : 16 ms.
--------------------------------------------------
0
7.7e-05
benchmarks/INST_9x9/75/inst9x9_75_54.txt : 17 ms.
--------------------------------------------------
0
7.9e-05
benchmarks/INST_9x9/75/inst9x9_75_55.txt : 21 ms.
--------------------------------------------------
0
6.9e-05
benchmarks/INST_9x9/75/inst9x9_75_56.txt : 15 ms.
--------------------------------------------------
0
3.5e-05
benchmarks/INST_9x9/75/inst9x9_75_57.txt : 13 ms.
--------------------------------------------------
0
5.5e-05
benchmarks/INST_9x9/75/inst9x9_75_58.txt : 18 ms.
--------------------------------------------------
0
4.1e-05
benchmarks/INST_9x9/75/inst9x9_75_59.txt : 18 ms.
--------------------------------------------------
0
8.4e-05
benchmarks/INST_9x9/75/inst9x9_75_5.txt : 17 ms.
--------------------------------------------------
0
8.8e-05
benchmarks/INST_9x9/75/inst9x9_75_60.txt : 18 ms.
--------------------------------------------------
0
9e-05
benchmarks/INST_9x9/75/inst9x9_75_61.txt : 23 ms.
--------------------------------------------------
0
9.1e-05
benchmarks/INST_9x9/75/inst9x9_75_62.txt : 20 ms.
--------------------------------------------------
0
3.1e-05
benchmarks/INST_9x9/75/inst9x9_75_63.txt : 22 ms.
--------------------------------------------------
0
6e-05
benchmarks/INST_9x9/75/inst9x9_75_64.txt : 25 ms.
--------------------------------------------------
0
8e-05
benchmarks/INST_9x9/75/inst9x9_75_65.txt : 18 ms.
--------------------------------------------------
0
8.7e-05
benchmarks/INST_9x9/75/inst9x9_75_66.txt : 23 ms.
--------------------------------------------------
0
4.5e-05
benchmarks/INST_9x9/75/inst9x9_75_67.txt : 23 ms.
--------------------------------------------------
0
7.9e-05
benchmarks/INST_9x9/75/inst9x9_75_68.txt : 22 ms.
--------------------------------------------------
0
7.7e-05
benchmarks/INST_9x9/75/inst9x9_75_69.txt : 19 ms.
--------------------------------------------------
0
4.8e-05
benchmarks/INST_9x9/75/inst9x9_75_6.txt : 20 ms.
--------------------------------------------------
0
5.3e-05
benchmarks/INST_9x9/75/inst9x9_75_70.txt : 27 ms.
--------------------------------------------------
0
8.4e-05
benchmarks/INST_9x9/75/inst9x9_75_71.txt : 22 ms.
--------------------------------------------------
0
5.3e-05
benchmarks/INST_9x9/75/inst9x9_75_72.txt : 19 ms.
--------------------------------------------------
0
8e-05
benchmarks/INST_9x9/75/inst9x9_75_73.txt : 24 ms.
--------------------------------------------------
0
3.6e-05
benchmarks/INST_9x9/75/inst9x9_75_74.txt : 20 ms.
--------------------------------------------------
0
3.3e-05
benchmarks/INST_9x9/75/inst9x9_75_75.txt : 18 ms.
--------------------------------------------------
0
3.5e-05
benchmarks/INST_9x9/75/inst9x9_75_76.txt : 21 ms.
--------------------------------------------------
0
5.3e-05
benchmarks/INST_9x9/75/inst9x9_75_77.txt : 15 ms.
--------------------------------------------------
0
8.6e-05
benchmarks/INST_9x9/75/inst9x9_75_78.txt : 14 ms.
--------------------------------------------------
0
6.8e-05
benchmarks/INST_9x9/75/inst9x9_75_79.txt : 14 ms.
--------------------------------------------------
0
0.000108
benchmarks/INST_9x9/75/inst9x9_75_7.txt : 15 ms.
--------------------------------------------------
0
6.2e-05
benchmarks/INST_9x9/75/inst9x9_75_80.txt : 19 ms.
--------------------------------------------------
0
8.4e-05
benchmarks/INST_9x9/75/inst9x9_75_81.txt : 15 ms.
--------------------------------------------------
0
3.5e-05
benchmarks/INST_9x9/75/inst9x9_75_82.txt : 17 ms.
--------------------------------------------------
0
4.8e-05
benchmarks/INST_9x9/75/inst9x9_75_83.txt : 16 ms.
--------------------------------------------------
0
4.4e-05
benchmarks/INST_9x9/75/inst9x9_75_84.txt : 13 ms.
--------------------------------------------------
0
3.3e-05
benchmarks/INST_9x9/75/inst9x9_75_85.txt : 16 ms.
--------------------------------------------------
0
4.2e-05
benchmarks/INST_9x9/75/inst9x9_75_86.txt : 14 ms.
--------------------------------------------------
0
3.5e-05
benchmarks/INST_9x9/75/inst9x9_75_87.txt : 15 ms.
--------------------------------------------------
0
7.5e-05
benchmarks/INST_9x9/75/inst9x9_75_88.txt : 17 ms.
--------------------------------------------------
0
3.5e-05
benchmarks/INST_9x9/75/inst9x9_75_89.txt : 17 ms.
--------------------------------------------------
0
4.9e-05
benchmarks/INST_9x9/75/inst9x9_75_8.txt : 19 ms.
--------------------------------------------------
0
3.3e-05
benchmarks/INST_9x9/75/inst9x9_75_90.txt : 16 ms.
--------------------------------------------------
0
8.1e-05
benchmarks/INST_9x9/75/inst9x9_75_91.txt : 19 ms.
--------------------------------------------------
0
7.6e-05
benchmarks/INST_9x9/75/inst9x9_75_92.txt : 24 ms.
--------------------------------------------------
0
5.9e-05
benchmarks/INST_9x9/75/inst9x9_75_93.txt : 20 ms.
--------------------------------------------------
0
8.1e-05
benchmarks/INST_9x9/75/inst9x9_75_94.txt : 21 ms.
--------------------------------------------------
0
6.3e-05
benchmarks/INST_9x9/75/inst9x9_75_95.txt : 19 ms.
--------------------------------------------------
0
8.3e-05
benchmarks/INST_9x9/75/inst9x9_75_96.txt : 23 ms.
--------------------------------------------------
0
7.7e-05
benchmarks/INST_9x9/75/inst9x9_75_97.txt : 23 ms.
--------------------------------------------------
0
5.2e-05
benchmarks/INST_9x9/75/inst9x9_75_98.txt : 21 ms.
--------------------------------------------------
0
8.5e-05
benchmarks/INST_9x9/75/inst9x9_75_99.txt : 24 ms.
--------------------------------------------------
0
6.9e-05
benchmarks/INST_9x9/75/inst9x9_75_9.txt : 21 ms.
