--------------------------------------------------
0
8.6e-05
benchmarks/INST_9x9/45/inst9x9_45_0.txt : 15 ms.
--------------------------------------------------
0
0.000397
benchmarks/INST_9x9/45/inst9x9_45_10.txt : 21 ms.
--------------------------------------------------
0
0.00051
benchmarks/INST_9x9/45/inst9x9_45_11.txt : 19 ms.
--------------------------------------------------
0
7.3e-05
benchmarks/INST_9x9/45/inst9x9_45_12.txt : 13 ms.
--------------------------------------------------
0
0.000381
benchmarks/INST_9x9/45/inst9x9_45_13.txt : 17 ms.
--------------------------------------------------
0
0.000105
benchmarks/INST_9x9/45/inst9x9_45_14.txt : 15 ms.
--------------------------------------------------
0
5.1e-05
benchmarks/INST_9x9/45/inst9x9_45_15.txt : 18 ms.
--------------------------------------------------
0
0.000128
benchmarks/INST_9x9/45/inst9x9_45_16.txt : 13 ms.
--------------------------------------------------
0
0.000247
benchmarks/INST_9x9/45/inst9x9_45_17.txt : 15 ms.
--------------------------------------------------
0
0.000529
benchmarks/INST_9x9/45/inst9x9_45_18.txt : 17 ms.
--------------------------------------------------
0
0.000611
benchmarks/INST_9x9/45/inst9x9_45_19.txt : 16 ms.
--------------------------------------------------
0
0.000429
benchmarks/INST_9x9/45/inst9x9_45_1.txt : 18 ms.
--------------------------------------------------
0
8.2e-05
benchmarks/INST_9x9/45/inst9x9_45_20.txt : 16 ms.
--------------------------------------------------
0
0.000348
benchmarks/INST_9x9/45/inst9x9_45_21.txt : 16 ms.
--------------------------------------------------
0
0.000193
benchmarks/INST_9x9/45/inst9x9_45_22.txt : 15 ms.
--------------------------------------------------
0
0.000448
benchmarks/INST_9x9/45/inst9x9_45_23.txt : 18 ms.
--------------------------------------------------
0
0.000187
benchmarks/INST_9x9/45/inst9x9_45_24.txt : 15 ms.
--------------------------------------------------
0
0.000151
benchmarks/INST_9x9/45/inst9x9_45_25.txt : 17 ms.
--------------------------------------------------
0
4.5e-05
benchmarks/INST_9x9/45/inst9x9_45_26.txt : 17 ms.
--------------------------------------------------
0
0.000408
benchmarks/INST_9x9/45/inst9x9_45_27.txt : 16 ms.
--------------------------------------------------
0
6.3e-05
benchmarks/INST_9x9/45/inst9x9_45_28.txt : 20 ms.
--------------------------------------------------
0
0.000104
benchmarks/INST_9x9/45/inst9x9_45_29.txt : 17 ms.
--------------------------------------------------
0
0.000216
benchmarks/INST_9x9/45/inst9x9_45_2.txt : 19 ms.
--------------------------------------------------
0
0.000102
benchmarks/INST_9x9/45/inst9x9_45_30.txt : 18 ms.
--------------------------------------------------
0
8e-05
benchmarks/INST_9x9/45/inst9x9_45_31.txt : 22 ms.
--------------------------------------------------
0
0.000128
benchmarks/INST_9x9/45/inst9x9_45_32.txt : 22 ms.
--------------------------------------------------
0
0.000946
benchmarks/INST_9x9/45/inst9x9_45_33.txt : 20 ms.
--------------------------------------------------
0
3.5e-05
benchmarks/INST_9x9/45/inst9x9_45_34.txt : 21 ms.
--------------------------------------------------
0
0.000203
benchmarks/INST_9x9/45/inst9x9_45_35.txt : 22 ms.
--------------------------------------------------
0
8.9e-05
benchmarks/INST_9x9/45/inst9x9_45_36.txt : 18 ms.
--------------------------------------------------
0
0.000476
benchmarks/INST_9x9/45/inst9x9_45_37.txt : 18 ms.
--------------------------------------------------
0
0.000181
benchmarks/INST_9x9/45/inst9x9_45_38.txt : 18 ms.
--------------------------------------------------
0
0.000296
benchmarks/INST_9x9/45/inst9x9_45_39.txt : 21 ms.
--------------------------------------------------
0
0.000122
benchmarks/INST_9x9/45/inst9x9_45_3.txt : 20 ms.
--------------------------------------------------
0
4.1e-05
benchmarks/INST_9x9/45/inst9x9_45_40.txt : 21 ms.
--------------------------------------------------
0
0.000424
benchmarks/INST_9x9/45/inst9x9_45_41.txt : 21 ms.
--------------------------------------------------
0
0.000117
benchmarks/INST_9x9/45/inst9x9_45_42.txt : 27 ms.
--------------------------------------------------
0
0.000199
benchmarks/INST_9x9/45/inst9x9_45_43.txt : 24 ms.
--------------------------------------------------
0
3.2e-05
benchmarks/INST_9x9/45/inst9x9_45_44.txt : 20 ms.
--------------------------------------------------
0
3.8e-05
benchmarks/INST_9x9/45/inst9x9_45_45.txt : 20 ms.
--------------------------------------------------
0
0.000518
benchmarks/INST_9x9/45/inst9x9_45_46.txt : 19 ms.
--------------------------------------------------
0
0.000174
benchmarks/INST_9x9/45/inst9x9_45_47.txt : 15 ms.
--------------------------------------------------
0
0.000475
benchmarks/INST_9x9/45/inst9x9_45_48.txt : 16 ms.
--------------------------------------------------
0
0.000147
benchmarks/INST_9x9/45/inst9x9_45_49.txt : 19 ms.
--------------------------------------------------
0
0.000134
benchmarks/INST_9x9/45/inst9x9_45_4.txt : 17 ms.
--------------------------------------------------
0
0.000502
benchmarks/INST_9x9/45/inst9x9_45_50.txt : 18 ms.
--------------------------------------------------
0
0.000177
benchmarks/INST_9x9/45/inst9x9_45_51.txt : 17 ms.
--------------------------------------------------
0
8.2e-05
benchmarks/INST_9x9/45/inst9x9_45_52.txt : 19 ms.
--------------------------------------------------
0
0.000358
benchmarks/INST_9x9/45/inst9x9_45_53.txt : 20 ms.
--------------------------------------------------
0
0.00046
benchmarks/INST_9x9/45/inst9x9_45_54.txt : 23 ms.
--------------------------------------------------
0
6.1e-05
benchmarks/INST_9x9/45/inst9x9_45_55.txt : 15 ms.
--------------------------------------------------
0
0.000209
benchmarks/INST_9x9/45/inst9x9_45_56.txt : 17 ms.
--------------------------------------------------
0
7.8e-05
benchmarks/INST_9x9/45/inst9x9_45_57.txt : 25 ms.
--------------------------------------------------
0
0.000113
benchmarks/INST_9x9/45/inst9x9_45_58.txt : 13 ms.
--------------------------------------------------
0
0.000506
benchmarks/INST_9x9/45/inst9x9_45_59.txt : 18 ms.
--------------------------------------------------
0
0.000101
benchmarks/INST_9x9/45/inst9x9_45_5.txt : 19 ms.
--------------------------------------------------
0
0.000166
benchmarks/INST_9x9/45/inst9x9_45_60.txt : 17 ms.
--------------------------------------------------
0
6.5e-05
benchmarks/INST_9x9/45/inst9x9_45_61.txt : 19 ms.
--------------------------------------------------
0
0.000191
benchmarks/INST_9x9/45/inst9x9_45_62.txt : 19 ms.
--------------------------------------------------
0
0.000879
benchmarks/INST_9x9/45/inst9x9_45_63.txt : 23 ms.
--------------------------------------------------
0
0.000474
benchmarks/INST_9x9/45/inst9x9_45_64.txt : 21 ms.
--------------------------------------------------
0
5.7e-05
benchmarks/INST_9x9/45/inst9x9_45_65.txt : 18 ms.
--------------------------------------------------
0
8.3e-05
benchmarks/INST_9x9/45/inst9x9_45_66.txt : 20 ms.
--------------------------------------------------
0
0.000187
benchmarks/INST_9x9/45/inst9x9_45_67.txt : 20 ms.
--------------------------------------------------
0
0.0002
benchmarks/INST_9x9/45/inst9x9_45_68.txt : 25 ms.
--------------------------------------------------
0
0.000384
benchmarks/INST_9x9/45/inst9x9_45_69.txt : 27 ms.
--------------------------------------------------
0
0.000134
benchmarks/INST_9x9/45/inst9x9_45_6.txt : 21 ms.
--------------------------------------------------
0
0.000326
benchmarks/INST_9x9/45/inst9x9_45_70.txt : 26 ms.
--------------------------------------------------
0
4.8e-05
benchmarks/INST_9x9/45/inst9x9_45_71.txt : 23 ms.
--------------------------------------------------
0
8.7e-05
benchmarks/INST_9x9/45/inst9x9_45_72.txt : 19 ms.
--------------------------------------------------
0
0.000275
benchmarks/INST_9x9/45/inst9x9_45_73.txt : 20 ms.
--------------------------------------------------
0
4.5e-05
benchmarks/INST_9x9/45/inst9x9_45_74.txt : 17 ms.
--------------------------------------------------
0
7.2e-05
benchmarks/INST_9x9/45/inst9x9_45_75.txt : 19 ms.
--------------------------------------------------
0
0.000107
benchmarks/INST_9x9/45/inst9x9_45_76.txt : 20 ms.
--------------------------------------------------
0
0.00011
benchmarks/INST_9x9/45/inst9x9_45_77.txt : 17 ms.
--------------------------------------------------
0
0.000235
benchmarks/INST_9x9/45/inst9x9_45_78.txt : 19 ms.
--------------------------------------------------
0
0.000298
benchmarks/INST_9x9/45/inst9x9_45_79.txt : 15 ms.
--------------------------------------------------
0
0.000657
benchmarks/INST_9x9/45/inst9x9_45_7.txt : 17 ms.
--------------------------------------------------
0
0.000331
benchmarks/INST_9x9/45/inst9x9_45_80.txt : 15 ms.
--------------------------------------------------
0
0.000656
benchmarks/INST_9x9/45/inst9x9_45_81.txt : 20 ms.
--------------------------------------------------
0
0.000576
benchmarks/INST_9x9/45/inst9x9_45_82.txt : 17 ms.
--------------------------------------------------
0
0.000274
benchmarks/INST_9x9/45/inst9x9_45_83.txt : 15 ms.
--------------------------------------------------
0
7.5e-05
benchmarks/INST_9x9/45/inst9x9_45_84.txt : 15 ms.
--------------------------------------------------
0
0.000222
benchmarks/INST_9x9/45/inst9x9_45_85.txt : 17 ms.
--------------------------------------------------
0
9.4e-05
benchmarks/INST_9x9/45/inst9x9_45_86.txt : 17 ms.
--------------------------------------------------
0
0.000285
benchmarks/INST_9x9/45/inst9x9_45_87.txt : 14 ms.
--------------------------------------------------
0
0.000221
benchmarks/INST_9x9/45/inst9x9_45_88.txt : 17 ms.
--------------------------------------------------
0
0.000204
benchmarks/INST_9x9/45/inst9x9_45_89.txt : 12 ms.
--------------------------------------------------
0
0.000546
benchmarks/INST_9x9/45/inst9x9_45_8.txt : 17 ms.
--------------------------------------------------
0
3.7e-05
benchmarks/INST_9x9/45/inst9x9_45_90.txt : 15 ms.
--------------------------------------------------
0
3.9e-05
benchmarks/INST_9x9/45/inst9x9_45_91.txt : 17 ms.
--------------------------------------------------
0
0.000959
benchmarks/INST_9x9/45/inst9x9_45_92.txt : 20 ms.
--------------------------------------------------
0
0.000215
benchmarks/INST_9x9/45/inst9x9_45_93.txt : 18 ms.
--------------------------------------------------
0
8.2e-05
benchmarks/INST_9x9/45/inst9x9_45_94.txt : 23 ms.
--------------------------------------------------
0
9.3e-05
benchmarks/INST_9x9/45/inst9x9_45_95.txt : 20 ms.
--------------------------------------------------
0
0.000593
benchmarks/INST_9x9/45/inst9x9_45_96.txt : 23 ms.
--------------------------------------------------
0
5.5e-05
benchmarks/INST_9x9/45/inst9x9_45_97.txt : 18 ms.
--------------------------------------------------
0
0.000205
benchmarks/INST_9x9/45/inst9x9_45_98.txt : 22 ms.
--------------------------------------------------
0
0.000351
benchmarks/INST_9x9/45/inst9x9_45_99.txt : 21 ms.
--------------------------------------------------
0
4e-05
benchmarks/INST_9x9/45/inst9x9_45_9.txt : 23 ms.
