--------------------------------------------------
0
8.8e-05
benchmarks/INST_9x9/70/inst9x9_70_0.txt : 18 ms.
--------------------------------------------------
0
8.3e-05
benchmarks/INST_9x9/70/inst9x9_70_10.txt : 16 ms.
--------------------------------------------------
0
7.9e-05
benchmarks/INST_9x9/70/inst9x9_70_11.txt : 13 ms.
--------------------------------------------------
0
6.1e-05
benchmarks/INST_9x9/70/inst9x9_70_12.txt : 18 ms.
--------------------------------------------------
0
6.3e-05
benchmarks/INST_9x9/70/inst9x9_70_13.txt : 17 ms.
--------------------------------------------------
0
4.3e-05
benchmarks/INST_9x9/70/inst9x9_70_14.txt : 16 ms.
--------------------------------------------------
0
5.7e-05
benchmarks/INST_9x9/70/inst9x9_70_15.txt : 15 ms.
--------------------------------------------------
0
7.4e-05
benchmarks/INST_9x9/70/inst9x9_70_16.txt : 14 ms.
--------------------------------------------------
0
4.6e-05
benchmarks/INST_9x9/70/inst9x9_70_17.txt : 18 ms.
--------------------------------------------------
0
7.6e-05
benchmarks/INST_9x9/70/inst9x9_70_18.txt : 16 ms.
--------------------------------------------------
0
3.3e-05
benchmarks/INST_9x9/70/inst9x9_70_19.txt : 19 ms.
--------------------------------------------------
0
4.9e-05
benchmarks/INST_9x9/70/inst9x9_70_1.txt : 21 ms.
--------------------------------------------------
0
7.8e-05
benchmarks/INST_9x9/70/inst9x9_70_20.txt : 16 ms.
--------------------------------------------------
0
7.2e-05
benchmarks/INST_9x9/70/inst9x9_70_21.txt : 22 ms.
--------------------------------------------------
0
6.2e-05
benchmarks/INST_9x9/70/inst9x9_70_22.txt : 16 ms.
--------------------------------------------------
0
3.9e-05
benchmarks/INST_9x9/70/inst9x9_70_23.txt : 18 ms.
--------------------------------------------------
0
4.7e-05
benchmarks/INST_9x9/70/inst9x9_70_24.txt : 18 ms.
--------------------------------------------------
0
4.6e-05
benchmarks/INST_9x9/70/inst9x9_70_25.txt : 20 ms.
--------------------------------------------------
0
7.5e-05
benchmarks/INST_9x9/70/inst9x9_70_26.txt : 19 ms.
--------------------------------------------------
0
4.5e-05
benchmarks/INST_9x9/70/inst9x9_70_27.txt : 17 ms.
--------------------------------------------------
0
3.7e-05
benchmarks/INST_9x9/70/inst9x9_70_28.txt : 21 ms.
--------------------------------------------------
0
4.4e-05
benchmarks/INST_9x9/70/inst9x9_70_29.txt : 17 ms.
--------------------------------------------------
0
4.3e-05
benchmarks/INST_9x9/70/inst9x9_70_2.txt : 21 ms.
--------------------------------------------------
0
7e-05
benchmarks/INST_9x9/70/inst9x9_70_30.txt : 20 ms.
--------------------------------------------------
0
3.2e-05
benchmarks/INST_9x9/70/inst9x9_70_31.txt : 21 ms.
--------------------------------------------------
0
8.3e-05
benchmarks/INST_9x9/70/inst9x9_70_32.txt : 24 ms.
--------------------------------------------------
0
7.4e-05
benchmarks/INST_9x9/70/inst9x9_70_33.txt : 25 ms.
--------------------------------------------------
0
0.000123
benchmarks/INST_9x9/70/inst9x9_70_34.txt : 21 ms.
--------------------------------------------------
0
5.9e-05
benchmarks/INST_9x9/70/inst9x9_70_35.txt : 18 ms.
--------------------------------------------------
0
4.2e-05
benchmarks/INST_9x9/70/inst9x9_70_36.txt : 17 ms.
--------------------------------------------------
0
5.3e-05
benchmarks/INST_9x9/70/inst9x9_70_37.txt : 16 ms.
--------------------------------------------------
0
8e-05
benchmarks/INST_9x9/70/inst9x9_70_38.txt : 19 ms.
--------------------------------------------------
0
5.4e-05
benchmarks/INST_9x9/70/inst9x9_70_39.txt : 21 ms.
--------------------------------------------------
0
3.4e-05
benchmarks/INST_9x9/70/inst9x9_70_3.txt : 21 ms.
--------------------------------------------------
0
5.1e-05
benchmarks/INST_9x9/70/inst9x9_70_40.txt : 19 ms.
--------------------------------------------------
0
6.7e-05
benchmarks/INST_9x9/70/inst9x9_70_41.txt : 25 ms.
--------------------------------------------------
0
7.3e-05
benchmarks/INST_9x9/70/inst9x9_70_42.txt : 22 ms.
--------------------------------------------------
0
8.1e-05
benchmarks/INST_9x9/70/inst9x9_70_43.txt : 21 ms.
--------------------------------------------------
0
3.6e-05
benchmarks/INST_9x9/70/inst9x9_70_44.txt : 16 ms.
--------------------------------------------------
0
4.5e-05
benchmarks/INST_9x9/70/inst9x9_70_45.txt : 18 ms.
--------------------------------------------------
0
7e-05
benchmarks/INST_9x9/70/inst9x9_70_46.txt : 15 ms.
--------------------------------------------------
0
5.2e-05
benchmarks/INST_9x9/70/inst9x9_70_47.txt : 18 ms.
--------------------------------------------------
0
6.8e-05
benchmarks/INST_9x9/70/inst9x9_70_48.txt : 18 ms.
--------------------------------------------------
0
4e-05
benchmarks/INST_9x9/70/inst9x9_70_49.txt : 14 ms.
--------------------------------------------------
0
4.6e-05
benchmarks/INST_9x9/70/inst9x9_70_4.txt : 20 ms.
--------------------------------------------------
0
7.9e-05
benchmarks/INST_9x9/70/inst9x9_70_50.txt : 20 ms.
--------------------------------------------------
0
5.4e-05
benchmarks/INST_9x9/70/inst9x9_70_51.txt : 16 ms.
--------------------------------------------------
0
3.8e-05
benchmarks/INST_9x9/70/inst9x9_70_52.txt : 17 ms.
--------------------------------------------------
0
3.8e-05
benchmarks/INST_9x9/70/inst9x9_70_53.txt : 20 ms.
--------------------------------------------------
0
7.8e-05
benchmarks/INST_9x9/70/inst9x9_70_54.txt : 21 ms.
--------------------------------------------------
0
9.5e-05
benchmarks/INST_9x9/70/inst9x9_70_55.txt : 16 ms.
--------------------------------------------------
0
9.7e-05
benchmarks/INST_9x9/70/inst9x9_70_56.txt : 20 ms.
--------------------------------------------------
0
8.4e-05
benchmarks/INST_9x9/70/inst9x9_70_57.txt : 14 ms.
--------------------------------------------------
0
3.9e-05
benchmarks/INST_9x9/70/inst9x9_70_58.txt : 15 ms.
--------------------------------------------------
0
4.2e-05
benchmarks/INST_9x9/70/inst9x9_70_59.txt : 16 ms.
--------------------------------------------------
0
3.2e-05
benchmarks/INST_9x9/70/inst9x9_70_5.txt : 18 ms.
--------------------------------------------------
0
3.2e-05
benchmarks/INST_9x9/70/inst9x9_70_60.txt : 19 ms.
--------------------------------------------------
0
5.7e-05
benchmarks/INST_9x9/70/inst9x9_70_61.txt : 18 ms.
--------------------------------------------------
0
7.5e-05
benchmarks/INST_9x9/70/inst9x9_70_62.txt : 16 ms.
--------------------------------------------------
0
7.9e-05
benchmarks/INST_9x9/70/inst9x9_70_63.txt : 20 ms.
--------------------------------------------------
0
8.7e-05
benchmarks/INST_9x9/70/inst9x9_70_64.txt : 23 ms.
--------------------------------------------------
0
0.000113
benchmarks/INST_9x9/70/inst9x9_70_65.txt : 20 ms.
--------------------------------------------------
0
7e-05
benchmarks/INST_9x9/70/inst9x9_70_66.txt : 23 ms.
--------------------------------------------------
0
7.2e-05
benchmarks/INST_9x9/70/inst9x9_70_67.txt : 23 ms.
--------------------------------------------------
0
4.5e-05
benchmarks/INST_9x9/70/inst9x9_70_68.txt : 26 ms.
--------------------------------------------------
0
8.8e-05
benchmarks/INST_9x9/70/inst9x9_70_69.txt : 21 ms.
--------------------------------------------------
0
5.4e-05
benchmarks/INST_9x9/70/inst9x9_70_6.txt : 23 ms.
--------------------------------------------------
0
3.3e-05
benchmarks/INST_9x9/70/inst9x9_70_70.txt : 22 ms.
--------------------------------------------------
0
9.7e-05
benchmarks/INST_9x9/70/inst9x9_70_71.txt : 20 ms.
--------------------------------------------------
0
4.8e-05
benchmarks/INST_9x9/70/inst9x9_70_72.txt : 20 ms.
--------------------------------------------------
0
8.8e-05
benchmarks/INST_9x9/70/inst9x9_70_73.txt : 16 ms.
--------------------------------------------------
0
3.6e-05
benchmarks/INST_9x9/70/inst9x9_70_74.txt : 19 ms.
--------------------------------------------------
0
3.6e-05
benchmarks/INST_9x9/70/inst9x9_70_75.txt : 18 ms.
--------------------------------------------------
0
6.3e-05
benchmarks/INST_9x9/70/inst9x9_70_76.txt : 20 ms.
--------------------------------------------------
0
0.000113
benchmarks/INST_9x9/70/inst9x9_70_77.txt : 17 ms.
--------------------------------------------------
0
8.2e-05
benchmarks/INST_9x9/70/inst9x9_70_78.txt : 17 ms.
--------------------------------------------------
0
5.3e-05
benchmarks/INST_9x9/70/inst9x9_70_79.txt : 15 ms.
--------------------------------------------------
0
4.5e-05
benchmarks/INST_9x9/70/inst9x9_70_7.txt : 17 ms.
--------------------------------------------------
0
3.3e-05
benchmarks/INST_9x9/70/inst9x9_70_80.txt : 17 ms.
--------------------------------------------------
0
8.2e-05
benchmarks/INST_9x9/70/inst9x9_70_81.txt : 17 ms.
--------------------------------------------------
0
6.2e-05
benchmarks/INST_9x9/70/inst9x9_70_82.txt : 16 ms.
--------------------------------------------------
0
3.3e-05
benchmarks/INST_9x9/70/inst9x9_70_83.txt : 14 ms.
--------------------------------------------------
0
6.2e-05
benchmarks/INST_9x9/70/inst9x9_70_84.txt : 16 ms.
--------------------------------------------------
0
0.0001
benchmarks/INST_9x9/70/inst9x9_70_85.txt : 16 ms.
--------------------------------------------------
0
7.8e-05
benchmarks/INST_9x9/70/inst9x9_70_86.txt : 15 ms.
--------------------------------------------------
0
8.3e-05
benchmarks/INST_9x9/70/inst9x9_70_87.txt : 18 ms.
--------------------------------------------------
0
9.1e-05
benchmarks/INST_9x9/70/inst9x9_70_88.txt : 17 ms.
--------------------------------------------------
0
7e-05
benchmarks/INST_9x9/70/inst9x9_70_89.txt : 14 ms.
--------------------------------------------------
0
4.4e-05
benchmarks/INST_9x9/70/inst9x9_70_8.txt : 16 ms.
--------------------------------------------------
0
6.8e-05
benchmarks/INST_9x9/70/inst9x9_70_90.txt : 17 ms.
--------------------------------------------------
0
0.000201
benchmarks/INST_9x9/70/inst9x9_70_91.txt : 22 ms.
--------------------------------------------------
0
3.5e-05
benchmarks/INST_9x9/70/inst9x9_70_92.txt : 16 ms.
--------------------------------------------------
0
6e-05
benchmarks/INST_9x9/70/inst9x9_70_93.txt : 20 ms.
--------------------------------------------------
0
8.2e-05
benchmarks/INST_9x9/70/inst9x9_70_94.txt : 21 ms.
--------------------------------------------------
0
4.9e-05
benchmarks/INST_9x9/70/inst9x9_70_95.txt : 23 ms.
--------------------------------------------------
0
6.3e-05
benchmarks/INST_9x9/70/inst9x9_70_96.txt : 22 ms.
--------------------------------------------------
0
4.9e-05
benchmarks/INST_9x9/70/inst9x9_70_97.txt : 20 ms.
--------------------------------------------------
0
7.5e-05
benchmarks/INST_9x9/70/inst9x9_70_98.txt : 23 ms.
--------------------------------------------------
0
7.2e-05
benchmarks/INST_9x9/70/inst9x9_70_99.txt : 22 ms.
--------------------------------------------------
0
5.4e-05
benchmarks/INST_9x9/70/inst9x9_70_9.txt : 24 ms.
