--------------------------------------------------
SAT
----------
proportion_CP/1/data_01.dzn : 2371 ms.
--------------------------------------------------
SAT
----------
proportion_CP/1/data_02.dzn : 1696 ms.
--------------------------------------------------
SAT
----------
proportion_CP/1/data_03.dzn : 1732 ms.
--------------------------------------------------
SAT
----------
proportion_CP/1/data_04.dzn : 1815 ms.
--------------------------------------------------
SAT
----------
proportion_CP/1/data_05.dzn : 1961 ms.
--------------------------------------------------
SAT
----------
proportion_CP/1/data_06.dzn : 2077 ms.
--------------------------------------------------
SAT
----------
proportion_CP/1/data_07.dzn : 2130 ms.
--------------------------------------------------
SAT
----------
proportion_CP/1/data_08.dzn : 2126 ms.
--------------------------------------------------
SAT
----------
proportion_CP/1/data_09.dzn : 2182 ms.
--------------------------------------------------
SAT
----------
proportion_CP/1/data_10.dzn : 2237 ms.
--------------------------------------------------
SAT
----------
proportion_CP/1/data_11.dzn : 2168 ms.
--------------------------------------------------
SAT
----------
proportion_CP/1/data_12.dzn : 2322 ms.
--------------------------------------------------
=====UNKNOWN=====
proportion_CP/1/data_13.dzn : 1000952 ms.
--------------------------------------------------
=====UNKNOWN=====
proportion_CP/1/data_14.dzn : 1000961 ms.
--------------------------------------------------
=====UNKNOWN=====
proportion_CP/1/data_15.dzn : 1000853 ms.
--------------------------------------------------
=====UNKNOWN=====
proportion_CP/1/data_16.dzn : 1001037 ms.
--------------------------------------------------
=====UNKNOWN=====
proportion_CP/1/data_17.dzn : 1001019 ms.
--------------------------------------------------
=====UNKNOWN=====
proportion_CP/1/data_18.dzn : 1001035 ms.
--------------------------------------------------
=====UNKNOWN=====
proportion_CP/1/data_19.dzn : 1001017 ms.
--------------------------------------------------
SAT
----------
proportion_CP/1/data_20.dzn : 3040 ms.
run.sh: line 71: seed: command not found
run.sh: line 72: syntax error near unexpected token `fi'
run.sh: line 72: `    fi'
