--------------------------------------------------
SAT
----------
proportion_CP/10/data_01.dzn : 2461 ms.
--------------------------------------------------
SAT
----------
proportion_CP/10/data_02.dzn : 1574 ms.
--------------------------------------------------
SAT
----------
proportion_CP/10/data_03.dzn : 1818 ms.
--------------------------------------------------
SAT
----------
proportion_CP/10/data_04.dzn : 1779 ms.
--------------------------------------------------
SAT
----------
proportion_CP/10/data_05.dzn : 1934 ms.
--------------------------------------------------
SAT
----------
proportion_CP/10/data_06.dzn : 2035 ms.
--------------------------------------------------
SAT
----------
proportion_CP/10/data_07.dzn : 2023 ms.
--------------------------------------------------
SAT
----------
proportion_CP/10/data_08.dzn : 1941 ms.
--------------------------------------------------
SAT
----------
proportion_CP/10/data_09.dzn : 2208 ms.
--------------------------------------------------
SAT
----------
proportion_CP/10/data_10.dzn : 2219 ms.
--------------------------------------------------
SAT
----------
proportion_CP/10/data_11.dzn : 2192 ms.
--------------------------------------------------
SAT
----------
proportion_CP/10/data_12.dzn : 2301 ms.
--------------------------------------------------
=====UNKNOWN=====
proportion_CP/10/data_13.dzn : 1001008 ms.
--------------------------------------------------
=====UNKNOWN=====
proportion_CP/10/data_14.dzn : 1000964 ms.
--------------------------------------------------
=====UNKNOWN=====
proportion_CP/10/data_15.dzn : 1000896 ms.
--------------------------------------------------
=====UNKNOWN=====
proportion_CP/10/data_16.dzn : 1001020 ms.
--------------------------------------------------
=====UNKNOWN=====
proportion_CP/10/data_17.dzn : 1000955 ms.
--------------------------------------------------
=====UNKNOWN=====
proportion_CP/10/data_18.dzn : 1000992 ms.
--------------------------------------------------
=====UNKNOWN=====
proportion_CP/10/data_19.dzn : 1001031 ms.
--------------------------------------------------
SAT
----------
proportion_CP/10/data_20.dzn : 3037 ms.
run.sh: line 71: seed: command not found
run.sh: line 72: syntax error near unexpected token `fi'
run.sh: line 72: `    fi'
