--------------------------------------------------
SAT
----------
proportion_CP/12/data_01.dzn : 2482 ms.
--------------------------------------------------
SAT
----------
proportion_CP/12/data_02.dzn : 1543 ms.
--------------------------------------------------
SAT
----------
proportion_CP/12/data_03.dzn : 1703 ms.
--------------------------------------------------
SAT
----------
proportion_CP/12/data_04.dzn : 1750 ms.
--------------------------------------------------
SAT
----------
proportion_CP/12/data_05.dzn : 1800 ms.
--------------------------------------------------
SAT
----------
proportion_CP/12/data_06.dzn : 1942 ms.
--------------------------------------------------
SAT
----------
proportion_CP/12/data_07.dzn : 1856 ms.
--------------------------------------------------
SAT
----------
proportion_CP/12/data_08.dzn : 1801 ms.
--------------------------------------------------
SAT
----------
proportion_CP/12/data_09.dzn : 2093 ms.
--------------------------------------------------
SAT
----------
proportion_CP/12/data_10.dzn : 2175 ms.
--------------------------------------------------
SAT
----------
proportion_CP/12/data_11.dzn : 2175 ms.
--------------------------------------------------
=====UNKNOWN=====
proportion_CP/12/data_12.dzn : 1001053 ms.
--------------------------------------------------
=====UNKNOWN=====
proportion_CP/12/data_13.dzn : 1000742 ms.
--------------------------------------------------
=====UNKNOWN=====
proportion_CP/12/data_14.dzn : 1000765 ms.
--------------------------------------------------
=====UNKNOWN=====
proportion_CP/12/data_15.dzn : 1000889 ms.
--------------------------------------------------
=====UNKNOWN=====
proportion_CP/12/data_16.dzn : 1000885 ms.
--------------------------------------------------
=====UNKNOWN=====
proportion_CP/12/data_17.dzn : 1000887 ms.
--------------------------------------------------
=====UNKNOWN=====
proportion_CP/12/data_18.dzn : 1000840 ms.
--------------------------------------------------
=====UNKNOWN=====
proportion_CP/12/data_19.dzn : 1000908 ms.
--------------------------------------------------
SAT
----------
proportion_CP/12/data_20.dzn : 2736 ms.
run.sh: line 71: seed: command not found
run.sh: line 72: syntax error near unexpected token `fi'
run.sh: line 72: `    fi'
