--------------------------------------------------
SAT
----------
proportion_CP/20/data_01.dzn : 2360 ms.
--------------------------------------------------
SAT
----------
proportion_CP/20/data_02.dzn : 1516 ms.
--------------------------------------------------
SAT
----------
proportion_CP/20/data_03.dzn : 1767 ms.
--------------------------------------------------
SAT
----------
proportion_CP/20/data_04.dzn : 1832 ms.
--------------------------------------------------
SAT
----------
proportion_CP/20/data_05.dzn : 1915 ms.
--------------------------------------------------
SAT
----------
proportion_CP/20/data_06.dzn : 1869 ms.
--------------------------------------------------
SAT
----------
proportion_CP/20/data_07.dzn : 1995 ms.
--------------------------------------------------
SAT
----------
proportion_CP/20/data_08.dzn : 2132 ms.
--------------------------------------------------
SAT
----------
proportion_CP/20/data_09.dzn : 2152 ms.
--------------------------------------------------
SAT
----------
proportion_CP/20/data_10.dzn : 2099 ms.
--------------------------------------------------
SAT
----------
proportion_CP/20/data_11.dzn : 2187 ms.
--------------------------------------------------
SAT
----------
proportion_CP/20/data_12.dzn : 2193 ms.
--------------------------------------------------
SAT
----------
proportion_CP/20/data_13.dzn : 2408 ms.
--------------------------------------------------
=====UNKNOWN=====
proportion_CP/20/data_14.dzn : 1000859 ms.
--------------------------------------------------
=====UNKNOWN=====
proportion_CP/20/data_15.dzn : 1000935 ms.
--------------------------------------------------
=====UNKNOWN=====
proportion_CP/20/data_16.dzn : 1000914 ms.
--------------------------------------------------
=====UNKNOWN=====
proportion_CP/20/data_17.dzn : 1000971 ms.
--------------------------------------------------
=====UNKNOWN=====
proportion_CP/20/data_18.dzn : 1000964 ms.
--------------------------------------------------
=====UNKNOWN=====
proportion_CP/20/data_19.dzn : 1000921 ms.
--------------------------------------------------
SAT
----------
proportion_CP/20/data_20.dzn : 3248 ms.
run.sh: line 71: seed: command not found
run.sh: line 72: syntax error near unexpected token `fi'
run.sh: line 72: `    fi'
