--------------------------------------------------
SAT
----------
proportion_CP/27/data_01.dzn : 2405 ms.
--------------------------------------------------
SAT
----------
proportion_CP/27/data_02.dzn : 1518 ms.
--------------------------------------------------
SAT
----------
proportion_CP/27/data_03.dzn : 1742 ms.
--------------------------------------------------
SAT
----------
proportion_CP/27/data_04.dzn : 1808 ms.
--------------------------------------------------
SAT
----------
proportion_CP/27/data_05.dzn : 1966 ms.
--------------------------------------------------
SAT
----------
proportion_CP/27/data_06.dzn : 2061 ms.
--------------------------------------------------
SAT
----------
proportion_CP/27/data_07.dzn : 1986 ms.
--------------------------------------------------
SAT
----------
proportion_CP/27/data_08.dzn : 2127 ms.
--------------------------------------------------
SAT
----------
proportion_CP/27/data_09.dzn : 2059 ms.
--------------------------------------------------
SAT
----------
proportion_CP/27/data_10.dzn : 2397 ms.
--------------------------------------------------
=====UNKNOWN=====
proportion_CP/27/data_11.dzn : 1000972 ms.
--------------------------------------------------
=====UNKNOWN=====
proportion_CP/27/data_12.dzn : 1000746 ms.
--------------------------------------------------
=====UNKNOWN=====
proportion_CP/27/data_13.dzn : 1000823 ms.
--------------------------------------------------
=====UNKNOWN=====
proportion_CP/27/data_14.dzn : 1000840 ms.
--------------------------------------------------
=====UNKNOWN=====
proportion_CP/27/data_15.dzn : 1000853 ms.
--------------------------------------------------
=====UNKNOWN=====
proportion_CP/27/data_16.dzn : 1000829 ms.
--------------------------------------------------
=====UNKNOWN=====
proportion_CP/27/data_17.dzn : 1000872 ms.
--------------------------------------------------
=====UNKNOWN=====
proportion_CP/27/data_18.dzn : 1000851 ms.
--------------------------------------------------
=====UNKNOWN=====
proportion_CP/27/data_19.dzn : 1000824 ms.
--------------------------------------------------
SAT
----------
proportion_CP/27/data_20.dzn : 2650 ms.
run.sh: line 71: seed: command not found
run.sh: line 72: syntax error near unexpected token `fi'
run.sh: line 72: `    fi'
