--------------------------------------------------
SAT
----------
proportion_CP/4/data_01.dzn : 2393 ms.
--------------------------------------------------
SAT
----------
proportion_CP/4/data_02.dzn : 1575 ms.
--------------------------------------------------
SAT
----------
proportion_CP/4/data_03.dzn : 1750 ms.
--------------------------------------------------
SAT
----------
proportion_CP/4/data_04.dzn : 1823 ms.
--------------------------------------------------
SAT
----------
proportion_CP/4/data_05.dzn : 1874 ms.
--------------------------------------------------
SAT
----------
proportion_CP/4/data_06.dzn : 2056 ms.
--------------------------------------------------
SAT
----------
proportion_CP/4/data_07.dzn : 2085 ms.
--------------------------------------------------
SAT
----------
proportion_CP/4/data_08.dzn : 2135 ms.
--------------------------------------------------
SAT
----------
proportion_CP/4/data_09.dzn : 2150 ms.
--------------------------------------------------
SAT
----------
proportion_CP/4/data_10.dzn : 2453 ms.
--------------------------------------------------
SAT
----------
proportion_CP/4/data_11.dzn : 2325 ms.
--------------------------------------------------
SAT
----------
proportion_CP/4/data_12.dzn : 2111 ms.
--------------------------------------------------
SAT
----------
proportion_CP/4/data_13.dzn : 2219 ms.
--------------------------------------------------
=====UNKNOWN=====
proportion_CP/4/data_14.dzn : 1000829 ms.
--------------------------------------------------
=====UNKNOWN=====
proportion_CP/4/data_15.dzn : 1000882 ms.
--------------------------------------------------
=====UNKNOWN=====
proportion_CP/4/data_16.dzn : 1000915 ms.
--------------------------------------------------
=====UNKNOWN=====
proportion_CP/4/data_17.dzn : 1001046 ms.
--------------------------------------------------
=====UNKNOWN=====
proportion_CP/4/data_18.dzn : 1000990 ms.
--------------------------------------------------
=====UNKNOWN=====
proportion_CP/4/data_19.dzn : 1001067 ms.
--------------------------------------------------
SAT
----------
proportion_CP/4/data_20.dzn : 3192 ms.
run.sh: line 71: seed: command not found
run.sh: line 72: syntax error near unexpected token `fi'
run.sh: line 72: `    fi'
