--------------------------------------------------
SAT
----------
proportion_CP/5/data_01.dzn : 2374 ms.
--------------------------------------------------
SAT
----------
proportion_CP/5/data_02.dzn : 1485 ms.
--------------------------------------------------
SAT
----------
proportion_CP/5/data_03.dzn : 1684 ms.
--------------------------------------------------
SAT
----------
proportion_CP/5/data_04.dzn : 1845 ms.
--------------------------------------------------
SAT
----------
proportion_CP/5/data_05.dzn : 2064 ms.
--------------------------------------------------
SAT
----------
proportion_CP/5/data_06.dzn : 1985 ms.
--------------------------------------------------
SAT
----------
proportion_CP/5/data_07.dzn : 2125 ms.
--------------------------------------------------
SAT
----------
proportion_CP/5/data_08.dzn : 2194 ms.
--------------------------------------------------
SAT
----------
proportion_CP/5/data_09.dzn : 2137 ms.
--------------------------------------------------
SAT
----------
proportion_CP/5/data_10.dzn : 2293 ms.
--------------------------------------------------
SAT
----------
proportion_CP/5/data_11.dzn : 2137 ms.
--------------------------------------------------
=====UNKNOWN=====
proportion_CP/5/data_12.dzn : 1001000 ms.
--------------------------------------------------
=====UNKNOWN=====
proportion_CP/5/data_13.dzn : 1000906 ms.
--------------------------------------------------
=====UNKNOWN=====
proportion_CP/5/data_14.dzn : 1000830 ms.
--------------------------------------------------
=====UNKNOWN=====
proportion_CP/5/data_15.dzn : 1000881 ms.
--------------------------------------------------
=====UNKNOWN=====
proportion_CP/5/data_16.dzn : 1000876 ms.
--------------------------------------------------
=====UNKNOWN=====
proportion_CP/5/data_17.dzn : 1000960 ms.
--------------------------------------------------
=====UNKNOWN=====
proportion_CP/5/data_18.dzn : 1000944 ms.
--------------------------------------------------
=====UNKNOWN=====
proportion_CP/5/data_19.dzn : 1000854 ms.
--------------------------------------------------
SAT
----------
proportion_CP/5/data_20.dzn : 2761 ms.
run.sh: line 71: seed: command not found
run.sh: line 72: syntax error near unexpected token `fi'
run.sh: line 72: `    fi'
