--------------------------------------------------
SAT
----------
proportion_CP/6/data_01.dzn : 2346 ms.
--------------------------------------------------
SAT
----------
proportion_CP/6/data_02.dzn : 1452 ms.
--------------------------------------------------
SAT
----------
proportion_CP/6/data_03.dzn : 1631 ms.
--------------------------------------------------
SAT
----------
proportion_CP/6/data_04.dzn : 1600 ms.
--------------------------------------------------
SAT
----------
proportion_CP/6/data_05.dzn : 1552 ms.
--------------------------------------------------
SAT
----------
proportion_CP/6/data_06.dzn : 1774 ms.
--------------------------------------------------
SAT
----------
proportion_CP/6/data_07.dzn : 1899 ms.
--------------------------------------------------
SAT
----------
proportion_CP/6/data_08.dzn : 1992 ms.
--------------------------------------------------
SAT
----------
proportion_CP/6/data_09.dzn : 2015 ms.
--------------------------------------------------
SAT
----------
proportion_CP/6/data_10.dzn : 2146 ms.
--------------------------------------------------
SAT
----------
proportion_CP/6/data_11.dzn : 2255 ms.
--------------------------------------------------
SAT
----------
proportion_CP/6/data_12.dzn : 2270 ms.
--------------------------------------------------
=====UNKNOWN=====
proportion_CP/6/data_13.dzn : 1001034 ms.
--------------------------------------------------
=====UNKNOWN=====
proportion_CP/6/data_14.dzn : 1000862 ms.
--------------------------------------------------
=====UNKNOWN=====
proportion_CP/6/data_15.dzn : 1000852 ms.
--------------------------------------------------
=====UNKNOWN=====
proportion_CP/6/data_16.dzn : 1000848 ms.
--------------------------------------------------
=====UNKNOWN=====
proportion_CP/6/data_17.dzn : 1000856 ms.
--------------------------------------------------
=====UNKNOWN=====
proportion_CP/6/data_18.dzn : 1000858 ms.
--------------------------------------------------
=====UNKNOWN=====
proportion_CP/6/data_19.dzn : 1000877 ms.
--------------------------------------------------
SAT
----------
proportion_CP/6/data_20.dzn : 3344 ms.
run.sh: line 71: seed: command not found
run.sh: line 72: syntax error near unexpected token `fi'
run.sh: line 72: `    fi'
