--------------------------------------------------
SAT
----------
proportion_CP/7/data_01.dzn : 2327 ms.
--------------------------------------------------
SAT
----------
proportion_CP/7/data_02.dzn : 1549 ms.
--------------------------------------------------
SAT
----------
proportion_CP/7/data_03.dzn : 1746 ms.
--------------------------------------------------
SAT
----------
proportion_CP/7/data_04.dzn : 1772 ms.
--------------------------------------------------
SAT
----------
proportion_CP/7/data_05.dzn : 1854 ms.
--------------------------------------------------
SAT
----------
proportion_CP/7/data_06.dzn : 2076 ms.
--------------------------------------------------
SAT
----------
proportion_CP/7/data_07.dzn : 2055 ms.
--------------------------------------------------
SAT
----------
proportion_CP/7/data_08.dzn : 2206 ms.
--------------------------------------------------
SAT
----------
proportion_CP/7/data_09.dzn : 2197 ms.
--------------------------------------------------
SAT
----------
proportion_CP/7/data_10.dzn : 2214 ms.
--------------------------------------------------
SAT
----------
proportion_CP/7/data_11.dzn : 2222 ms.
--------------------------------------------------
SAT
----------
proportion_CP/7/data_12.dzn : 2361 ms.
--------------------------------------------------
=====UNKNOWN=====
proportion_CP/7/data_13.dzn : 1000950 ms.
--------------------------------------------------
SAT
----------
proportion_CP/7/data_14.dzn : 2190 ms.
--------------------------------------------------
=====UNKNOWN=====
proportion_CP/7/data_15.dzn : 1000862 ms.
--------------------------------------------------
=====UNKNOWN=====
proportion_CP/7/data_16.dzn : 1000939 ms.
--------------------------------------------------
=====UNKNOWN=====
proportion_CP/7/data_17.dzn : 1001010 ms.
--------------------------------------------------
=====UNKNOWN=====
proportion_CP/7/data_18.dzn : 1000982 ms.
--------------------------------------------------
=====UNKNOWN=====
proportion_CP/7/data_19.dzn : 1000990 ms.
--------------------------------------------------
SAT
----------
proportion_CP/7/data_20.dzn : 3233 ms.
run.sh: line 71: seed: command not found
run.sh: line 72: syntax error near unexpected token `fi'
run.sh: line 72: `    fi'
