--------------------------------------------------
benchmarks/INST_25x25/10/inst25x25_10_0.txt find answer: 6.630000
benchmarks/INST_25x25/10/inst25x25_10_0.txt : 6664 ms.
--------------------------------------------------
benchmarks/INST_25x25/10/inst25x25_10_10.txt find answer: 1.640000
benchmarks/INST_25x25/10/inst25x25_10_10.txt : 1661 ms.
--------------------------------------------------
benchmarks/INST_25x25/10/inst25x25_10_11.txt find answer: 1.420000
benchmarks/INST_25x25/10/inst25x25_10_11.txt : 1446 ms.
--------------------------------------------------
benchmarks/INST_25x25/10/inst25x25_10_12.txt find answer: 7.900000
benchmarks/INST_25x25/10/inst25x25_10_12.txt : 7943 ms.
--------------------------------------------------
benchmarks/INST_25x25/10/inst25x25_10_13.txt find answer: 3.960000
benchmarks/INST_25x25/10/inst25x25_10_13.txt : 4020 ms.
--------------------------------------------------
benchmarks/INST_25x25/10/inst25x25_10_14.txt find answer: 4.080000
benchmarks/INST_25x25/10/inst25x25_10_14.txt : 4110 ms.
--------------------------------------------------
benchmarks/INST_25x25/10/inst25x25_10_15.txt find answer: 12.820000
benchmarks/INST_25x25/10/inst25x25_10_15.txt : 12877 ms.
--------------------------------------------------
benchmarks/INST_25x25/10/inst25x25_10_16.txt : 1009158 ms.
--------------------------------------------------
benchmarks/INST_25x25/10/inst25x25_10_17.txt find answer: 1.990000
benchmarks/INST_25x25/10/inst25x25_10_17.txt : 2043 ms.
--------------------------------------------------
benchmarks/INST_25x25/10/inst25x25_10_18.txt find answer: 8.420000
benchmarks/INST_25x25/10/inst25x25_10_18.txt : 8466 ms.
--------------------------------------------------
benchmarks/INST_25x25/10/inst25x25_10_19.txt find answer: 0.640000
benchmarks/INST_25x25/10/inst25x25_10_19.txt : 664 ms.
--------------------------------------------------
benchmarks/INST_25x25/10/inst25x25_10_1.txt find answer: 4.150000
benchmarks/INST_25x25/10/inst25x25_10_1.txt : 4186 ms.
--------------------------------------------------
benchmarks/INST_25x25/10/inst25x25_10_20.txt find answer: 0.890000
benchmarks/INST_25x25/10/inst25x25_10_20.txt : 917 ms.
--------------------------------------------------
benchmarks/INST_25x25/10/inst25x25_10_21.txt find answer: 3.110000
benchmarks/INST_25x25/10/inst25x25_10_21.txt : 3143 ms.
--------------------------------------------------
benchmarks/INST_25x25/10/inst25x25_10_22.txt find answer: 2.610000
benchmarks/INST_25x25/10/inst25x25_10_22.txt : 2641 ms.
--------------------------------------------------
benchmarks/INST_25x25/10/inst25x25_10_23.txt find answer: 3.850000
benchmarks/INST_25x25/10/inst25x25_10_23.txt : 3886 ms.
--------------------------------------------------
benchmarks/INST_25x25/10/inst25x25_10_24.txt find answer: 2.890000
benchmarks/INST_25x25/10/inst25x25_10_24.txt : 2924 ms.
--------------------------------------------------
benchmarks/INST_25x25/10/inst25x25_10_25.txt find answer: 6.110000
benchmarks/INST_25x25/10/inst25x25_10_25.txt : 6151 ms.
--------------------------------------------------
benchmarks/INST_25x25/10/inst25x25_10_26.txt find answer: 2.560000
benchmarks/INST_25x25/10/inst25x25_10_26.txt : 2591 ms.
--------------------------------------------------
benchmarks/INST_25x25/10/inst25x25_10_27.txt find answer: 0.460000
benchmarks/INST_25x25/10/inst25x25_10_27.txt : 489 ms.
--------------------------------------------------
benchmarks/INST_25x25/10/inst25x25_10_28.txt find answer: 1.970000
benchmarks/INST_25x25/10/inst25x25_10_28.txt : 1999 ms.
--------------------------------------------------
benchmarks/INST_25x25/10/inst25x25_10_29.txt find answer: 5.210000
benchmarks/INST_25x25/10/inst25x25_10_29.txt : 5251 ms.
--------------------------------------------------
benchmarks/INST_25x25/10/inst25x25_10_2.txt find answer: 3.990000
benchmarks/INST_25x25/10/inst25x25_10_2.txt : 4026 ms.
--------------------------------------------------
benchmarks/INST_25x25/10/inst25x25_10_30.txt find answer: 0.720000
benchmarks/INST_25x25/10/inst25x25_10_30.txt : 750 ms.
--------------------------------------------------
benchmarks/INST_25x25/10/inst25x25_10_31.txt find answer: 1.830000
benchmarks/INST_25x25/10/inst25x25_10_31.txt : 1860 ms.
--------------------------------------------------
benchmarks/INST_25x25/10/inst25x25_10_32.txt find answer: 2.400000
benchmarks/INST_25x25/10/inst25x25_10_32.txt : 2434 ms.
--------------------------------------------------
benchmarks/INST_25x25/10/inst25x25_10_33.txt : 1011031 ms.
--------------------------------------------------
benchmarks/INST_25x25/10/inst25x25_10_34.txt find answer: 1.770000
benchmarks/INST_25x25/10/inst25x25_10_34.txt : 1799 ms.
--------------------------------------------------
benchmarks/INST_25x25/10/inst25x25_10_35.txt find answer: 0.080000
benchmarks/INST_25x25/10/inst25x25_10_35.txt : 101 ms.
--------------------------------------------------
benchmarks/INST_25x25/10/inst25x25_10_36.txt find answer: 0.010000
benchmarks/INST_25x25/10/inst25x25_10_36.txt : 25 ms.
--------------------------------------------------
benchmarks/INST_25x25/10/inst25x25_10_37.txt find answer: 8.060000
benchmarks/INST_25x25/10/inst25x25_10_37.txt : 8100 ms.
--------------------------------------------------
benchmarks/INST_25x25/10/inst25x25_10_38.txt find answer: 4.010000
benchmarks/INST_25x25/10/inst25x25_10_38.txt : 4052 ms.
--------------------------------------------------
benchmarks/INST_25x25/10/inst25x25_10_39.txt find answer: 0.400000
benchmarks/INST_25x25/10/inst25x25_10_39.txt : 428 ms.
--------------------------------------------------
benchmarks/INST_25x25/10/inst25x25_10_3.txt find answer: 10.390000
benchmarks/INST_25x25/10/inst25x25_10_3.txt : 10441 ms.
--------------------------------------------------
benchmarks/INST_25x25/10/inst25x25_10_40.txt find answer: 1.080000
benchmarks/INST_25x25/10/inst25x25_10_40.txt : 1110 ms.
--------------------------------------------------
benchmarks/INST_25x25/10/inst25x25_10_41.txt find answer: 1.710000
benchmarks/INST_25x25/10/inst25x25_10_41.txt : 1738 ms.
--------------------------------------------------
benchmarks/INST_25x25/10/inst25x25_10_42.txt find answer: 0.910000
benchmarks/INST_25x25/10/inst25x25_10_42.txt : 936 ms.
--------------------------------------------------
benchmarks/INST_25x25/10/inst25x25_10_43.txt find answer: 0.620000
benchmarks/INST_25x25/10/inst25x25_10_43.txt : 658 ms.
--------------------------------------------------
benchmarks/INST_25x25/10/inst25x25_10_44.txt find answer: 0.010000
benchmarks/INST_25x25/10/inst25x25_10_44.txt : 33 ms.
--------------------------------------------------
benchmarks/INST_25x25/10/inst25x25_10_45.txt find answer: 3.960000
benchmarks/INST_25x25/10/inst25x25_10_45.txt : 3990 ms.
--------------------------------------------------
benchmarks/INST_25x25/10/inst25x25_10_46.txt find answer: 0.070000
benchmarks/INST_25x25/10/inst25x25_10_46.txt : 98 ms.
--------------------------------------------------
benchmarks/INST_25x25/10/inst25x25_10_47.txt find answer: 0.010000
benchmarks/INST_25x25/10/inst25x25_10_47.txt : 36 ms.
--------------------------------------------------
benchmarks/INST_25x25/10/inst25x25_10_48.txt find answer: 4.320000
benchmarks/INST_25x25/10/inst25x25_10_48.txt : 4353 ms.
--------------------------------------------------
benchmarks/INST_25x25/10/inst25x25_10_49.txt find answer: 0.010000
benchmarks/INST_25x25/10/inst25x25_10_49.txt : 33 ms.
--------------------------------------------------
benchmarks/INST_25x25/10/inst25x25_10_4.txt find answer: 0.490000
benchmarks/INST_25x25/10/inst25x25_10_4.txt : 513 ms.
--------------------------------------------------
benchmarks/INST_25x25/10/inst25x25_10_50.txt find answer: 5.910000
benchmarks/INST_25x25/10/inst25x25_10_50.txt : 5946 ms.
--------------------------------------------------
benchmarks/INST_25x25/10/inst25x25_10_51.txt find answer: 6.100000
benchmarks/INST_25x25/10/inst25x25_10_51.txt : 6139 ms.
--------------------------------------------------
benchmarks/INST_25x25/10/inst25x25_10_52.txt find answer: 3.000000
benchmarks/INST_25x25/10/inst25x25_10_52.txt : 3031 ms.
--------------------------------------------------
benchmarks/INST_25x25/10/inst25x25_10_53.txt find answer: 0.340000
benchmarks/INST_25x25/10/inst25x25_10_53.txt : 361 ms.
--------------------------------------------------
benchmarks/INST_25x25/10/inst25x25_10_54.txt find answer: 3.340000
benchmarks/INST_25x25/10/inst25x25_10_54.txt : 3366 ms.
--------------------------------------------------
benchmarks/INST_25x25/10/inst25x25_10_55.txt find answer: 24.220000
benchmarks/INST_25x25/10/inst25x25_10_55.txt : 24305 ms.
--------------------------------------------------
benchmarks/INST_25x25/10/inst25x25_10_56.txt find answer: 2.300000
benchmarks/INST_25x25/10/inst25x25_10_56.txt : 2325 ms.
--------------------------------------------------
benchmarks/INST_25x25/10/inst25x25_10_57.txt find answer: 0.010000
benchmarks/INST_25x25/10/inst25x25_10_57.txt : 32 ms.
--------------------------------------------------
benchmarks/INST_25x25/10/inst25x25_10_58.txt find answer: 0.070000
benchmarks/INST_25x25/10/inst25x25_10_58.txt : 94 ms.
--------------------------------------------------
benchmarks/INST_25x25/10/inst25x25_10_59.txt find answer: 4.390000
benchmarks/INST_25x25/10/inst25x25_10_59.txt : 4419 ms.
--------------------------------------------------
benchmarks/INST_25x25/10/inst25x25_10_5.txt find answer: 6.590000
benchmarks/INST_25x25/10/inst25x25_10_5.txt : 6632 ms.
--------------------------------------------------
benchmarks/INST_25x25/10/inst25x25_10_60.txt find answer: 2.060000
benchmarks/INST_25x25/10/inst25x25_10_60.txt : 2098 ms.
--------------------------------------------------
benchmarks/INST_25x25/10/inst25x25_10_61.txt find answer: 26.670000
benchmarks/INST_25x25/10/inst25x25_10_61.txt : 26768 ms.
--------------------------------------------------
benchmarks/INST_25x25/10/inst25x25_10_62.txt find answer: 0.130000
benchmarks/INST_25x25/10/inst25x25_10_62.txt : 164 ms.
--------------------------------------------------
benchmarks/INST_25x25/10/inst25x25_10_63.txt : 1009589 ms.
--------------------------------------------------
benchmarks/INST_25x25/10/inst25x25_10_64.txt : 1008455 ms.
--------------------------------------------------
benchmarks/INST_25x25/10/inst25x25_10_65.txt find answer: 12.730000
benchmarks/INST_25x25/10/inst25x25_10_65.txt : 12789 ms.
--------------------------------------------------
benchmarks/INST_25x25/10/inst25x25_10_66.txt find answer: 0.380000
benchmarks/INST_25x25/10/inst25x25_10_66.txt : 403 ms.
--------------------------------------------------
benchmarks/INST_25x25/10/inst25x25_10_67.txt find answer: 377.130000
benchmarks/INST_25x25/10/inst25x25_10_67.txt : 378046 ms.
--------------------------------------------------
benchmarks/INST_25x25/10/inst25x25_10_68.txt find answer: 3.990000
benchmarks/INST_25x25/10/inst25x25_10_68.txt : 4026 ms.
--------------------------------------------------
benchmarks/INST_25x25/10/inst25x25_10_69.txt find answer: 3.090000
benchmarks/INST_25x25/10/inst25x25_10_69.txt : 3122 ms.
--------------------------------------------------
benchmarks/INST_25x25/10/inst25x25_10_6.txt find answer: 0.780000
benchmarks/INST_25x25/10/inst25x25_10_6.txt : 809 ms.
--------------------------------------------------
benchmarks/INST_25x25/10/inst25x25_10_70.txt find answer: 1.500000
benchmarks/INST_25x25/10/inst25x25_10_70.txt : 1533 ms.
--------------------------------------------------
benchmarks/INST_25x25/10/inst25x25_10_71.txt find answer: 5.110000
benchmarks/INST_25x25/10/inst25x25_10_71.txt : 5155 ms.
--------------------------------------------------
benchmarks/INST_25x25/10/inst25x25_10_72.txt find answer: 0.940000
benchmarks/INST_25x25/10/inst25x25_10_72.txt : 969 ms.
--------------------------------------------------
benchmarks/INST_25x25/10/inst25x25_10_73.txt find answer: 4.770000
benchmarks/INST_25x25/10/inst25x25_10_73.txt : 4816 ms.
--------------------------------------------------
benchmarks/INST_25x25/10/inst25x25_10_74.txt find answer: 1.550000
benchmarks/INST_25x25/10/inst25x25_10_74.txt : 1581 ms.
--------------------------------------------------
benchmarks/INST_25x25/10/inst25x25_10_75.txt find answer: 3.480000
benchmarks/INST_25x25/10/inst25x25_10_75.txt : 3522 ms.
--------------------------------------------------
benchmarks/INST_25x25/10/inst25x25_10_76.txt find answer: 4.410000
benchmarks/INST_25x25/10/inst25x25_10_76.txt : 4456 ms.
--------------------------------------------------
benchmarks/INST_25x25/10/inst25x25_10_77.txt find answer: 1.510000
benchmarks/INST_25x25/10/inst25x25_10_77.txt : 1533 ms.
--------------------------------------------------
benchmarks/INST_25x25/10/inst25x25_10_78.txt find answer: 28.710000
benchmarks/INST_25x25/10/inst25x25_10_78.txt : 28804 ms.
--------------------------------------------------
benchmarks/INST_25x25/10/inst25x25_10_79.txt find answer: 7.820000
benchmarks/INST_25x25/10/inst25x25_10_79.txt : 7863 ms.
--------------------------------------------------
benchmarks/INST_25x25/10/inst25x25_10_7.txt find answer: 2.790000
benchmarks/INST_25x25/10/inst25x25_10_7.txt : 2834 ms.
--------------------------------------------------
benchmarks/INST_25x25/10/inst25x25_10_80.txt find answer: 0.960000
benchmarks/INST_25x25/10/inst25x25_10_80.txt : 990 ms.
--------------------------------------------------
benchmarks/INST_25x25/10/inst25x25_10_81.txt find answer: 2.910000
benchmarks/INST_25x25/10/inst25x25_10_81.txt : 2937 ms.
--------------------------------------------------
benchmarks/INST_25x25/10/inst25x25_10_82.txt find answer: 2.010000
benchmarks/INST_25x25/10/inst25x25_10_82.txt : 2038 ms.
--------------------------------------------------
benchmarks/INST_25x25/10/inst25x25_10_83.txt find answer: 0.070000
benchmarks/INST_25x25/10/inst25x25_10_83.txt : 96 ms.
--------------------------------------------------
benchmarks/INST_25x25/10/inst25x25_10_84.txt find answer: 3.460000
benchmarks/INST_25x25/10/inst25x25_10_84.txt : 3483 ms.
--------------------------------------------------
benchmarks/INST_25x25/10/inst25x25_10_85.txt find answer: 0.750000
benchmarks/INST_25x25/10/inst25x25_10_85.txt : 786 ms.
--------------------------------------------------
benchmarks/INST_25x25/10/inst25x25_10_86.txt find answer: 0.930000
benchmarks/INST_25x25/10/inst25x25_10_86.txt : 959 ms.
--------------------------------------------------
benchmarks/INST_25x25/10/inst25x25_10_87.txt find answer: 13.540000
benchmarks/INST_25x25/10/inst25x25_10_87.txt : 13600 ms.
--------------------------------------------------
benchmarks/INST_25x25/10/inst25x25_10_88.txt find answer: 0.070000
benchmarks/INST_25x25/10/inst25x25_10_88.txt : 101 ms.
--------------------------------------------------
benchmarks/INST_25x25/10/inst25x25_10_89.txt find answer: 4.350000
benchmarks/INST_25x25/10/inst25x25_10_89.txt : 4383 ms.
--------------------------------------------------
benchmarks/INST_25x25/10/inst25x25_10_8.txt find answer: 2.300000
benchmarks/INST_25x25/10/inst25x25_10_8.txt : 2321 ms.
--------------------------------------------------
benchmarks/INST_25x25/10/inst25x25_10_90.txt find answer: 1.420000
benchmarks/INST_25x25/10/inst25x25_10_90.txt : 1445 ms.
--------------------------------------------------
benchmarks/INST_25x25/10/inst25x25_10_91.txt find answer: 2.890000
benchmarks/INST_25x25/10/inst25x25_10_91.txt : 2918 ms.
--------------------------------------------------
benchmarks/INST_25x25/10/inst25x25_10_92.txt find answer: 62.640000
benchmarks/INST_25x25/10/inst25x25_10_92.txt : 62863 ms.
--------------------------------------------------
benchmarks/INST_25x25/10/inst25x25_10_93.txt find answer: 2.160000
benchmarks/INST_25x25/10/inst25x25_10_93.txt : 2192 ms.
--------------------------------------------------
benchmarks/INST_25x25/10/inst25x25_10_94.txt find answer: 0.380000
benchmarks/INST_25x25/10/inst25x25_10_94.txt : 401 ms.
--------------------------------------------------
benchmarks/INST_25x25/10/inst25x25_10_95.txt : 1009385 ms.
--------------------------------------------------
benchmarks/INST_25x25/10/inst25x25_10_96.txt find answer: 0.680000
benchmarks/INST_25x25/10/inst25x25_10_96.txt : 707 ms.
--------------------------------------------------
benchmarks/INST_25x25/10/inst25x25_10_97.txt find answer: 1.100000
benchmarks/INST_25x25/10/inst25x25_10_97.txt : 1120 ms.
--------------------------------------------------
benchmarks/INST_25x25/10/inst25x25_10_98.txt find answer: 2.320000
benchmarks/INST_25x25/10/inst25x25_10_98.txt : 2346 ms.
--------------------------------------------------
benchmarks/INST_25x25/10/inst25x25_10_99.txt find answer: 0.070000
benchmarks/INST_25x25/10/inst25x25_10_99.txt : 91 ms.
--------------------------------------------------
benchmarks/INST_25x25/10/inst25x25_10_9.txt find answer: 2.600000
benchmarks/INST_25x25/10/inst25x25_10_9.txt : 2631 ms.
run.sh: line 77: 3: command not found
run.sh: line 78: syntax error near unexpected token `fi'
run.sh: line 78: `    fi'
