--------------------------------------------------
benchmarks/INST_64x64/40/inst64x64_40_0.txt find answer: 2.240000
benchmarks/INST_64x64/40/inst64x64_40_0.txt : 2566 ms.
--------------------------------------------------
benchmarks/INST_64x64/40/inst64x64_40_10.txt find answer: 9.620000
benchmarks/INST_64x64/40/inst64x64_40_10.txt : 9993 ms.
--------------------------------------------------
benchmarks/INST_64x64/40/inst64x64_40_11.txt find answer: 5.580000
benchmarks/INST_64x64/40/inst64x64_40_11.txt : 5939 ms.
--------------------------------------------------
benchmarks/INST_64x64/40/inst64x64_40_12.txt find answer: 8.710000
benchmarks/INST_64x64/40/inst64x64_40_12.txt : 9099 ms.
--------------------------------------------------
benchmarks/INST_64x64/40/inst64x64_40_13.txt find answer: 8.680000
benchmarks/INST_64x64/40/inst64x64_40_13.txt : 9044 ms.
--------------------------------------------------
benchmarks/INST_64x64/40/inst64x64_40_14.txt find answer: 6.590000
benchmarks/INST_64x64/40/inst64x64_40_14.txt : 6932 ms.
--------------------------------------------------
benchmarks/INST_64x64/40/inst64x64_40_15.txt find answer: 3.440000
benchmarks/INST_64x64/40/inst64x64_40_15.txt : 3776 ms.
--------------------------------------------------
benchmarks/INST_64x64/40/inst64x64_40_16.txt find answer: 18.840000
benchmarks/INST_64x64/40/inst64x64_40_16.txt : 19219 ms.
--------------------------------------------------
benchmarks/INST_64x64/40/inst64x64_40_17.txt find answer: 3.250000
benchmarks/INST_64x64/40/inst64x64_40_17.txt : 3583 ms.
--------------------------------------------------
benchmarks/INST_64x64/40/inst64x64_40_18.txt find answer: 2.410000
benchmarks/INST_64x64/40/inst64x64_40_18.txt : 2750 ms.
--------------------------------------------------
benchmarks/INST_64x64/40/inst64x64_40_19.txt find answer: 2.930000
benchmarks/INST_64x64/40/inst64x64_40_19.txt : 3252 ms.
--------------------------------------------------
benchmarks/INST_64x64/40/inst64x64_40_1.txt find answer: 2.950000
benchmarks/INST_64x64/40/inst64x64_40_1.txt : 3257 ms.
--------------------------------------------------
benchmarks/INST_64x64/40/inst64x64_40_20.txt find answer: 9.230000
benchmarks/INST_64x64/40/inst64x64_40_20.txt : 9557 ms.
--------------------------------------------------
benchmarks/INST_64x64/40/inst64x64_40_21.txt find answer: 2.030000
benchmarks/INST_64x64/40/inst64x64_40_21.txt : 2338 ms.
--------------------------------------------------
benchmarks/INST_64x64/40/inst64x64_40_22.txt find answer: 4.820000
benchmarks/INST_64x64/40/inst64x64_40_22.txt : 5144 ms.
--------------------------------------------------
benchmarks/INST_64x64/40/inst64x64_40_23.txt find answer: 3.240000
benchmarks/INST_64x64/40/inst64x64_40_23.txt : 3562 ms.
--------------------------------------------------
benchmarks/INST_64x64/40/inst64x64_40_24.txt find answer: 7.180000
benchmarks/INST_64x64/40/inst64x64_40_24.txt : 7506 ms.
--------------------------------------------------
benchmarks/INST_64x64/40/inst64x64_40_25.txt find answer: 3.060000
benchmarks/INST_64x64/40/inst64x64_40_25.txt : 3365 ms.
--------------------------------------------------
benchmarks/INST_64x64/40/inst64x64_40_26.txt find answer: 4.070000
benchmarks/INST_64x64/40/inst64x64_40_26.txt : 4397 ms.
--------------------------------------------------
benchmarks/INST_64x64/40/inst64x64_40_27.txt find answer: 4.380000
benchmarks/INST_64x64/40/inst64x64_40_27.txt : 4716 ms.
--------------------------------------------------
benchmarks/INST_64x64/40/inst64x64_40_28.txt find answer: 3.630000
benchmarks/INST_64x64/40/inst64x64_40_28.txt : 3967 ms.
--------------------------------------------------
benchmarks/INST_64x64/40/inst64x64_40_29.txt find answer: 3.560000
benchmarks/INST_64x64/40/inst64x64_40_29.txt : 3901 ms.
--------------------------------------------------
benchmarks/INST_64x64/40/inst64x64_40_2.txt find answer: 12.520000
benchmarks/INST_64x64/40/inst64x64_40_2.txt : 12867 ms.
--------------------------------------------------
benchmarks/INST_64x64/40/inst64x64_40_30.txt find answer: 6.600000
benchmarks/INST_64x64/40/inst64x64_40_30.txt : 6953 ms.
--------------------------------------------------
benchmarks/INST_64x64/40/inst64x64_40_31.txt find answer: 0.690000
benchmarks/INST_64x64/40/inst64x64_40_31.txt : 1020 ms.
--------------------------------------------------
benchmarks/INST_64x64/40/inst64x64_40_32.txt find answer: 6.760000
benchmarks/INST_64x64/40/inst64x64_40_32.txt : 7075 ms.
--------------------------------------------------
benchmarks/INST_64x64/40/inst64x64_40_33.txt find answer: 11.790000
benchmarks/INST_64x64/40/inst64x64_40_33.txt : 12140 ms.
--------------------------------------------------
benchmarks/INST_64x64/40/inst64x64_40_34.txt find answer: 10.420000
benchmarks/INST_64x64/40/inst64x64_40_34.txt : 10768 ms.
--------------------------------------------------
benchmarks/INST_64x64/40/inst64x64_40_35.txt find answer: 5.620000
benchmarks/INST_64x64/40/inst64x64_40_35.txt : 5983 ms.
--------------------------------------------------
benchmarks/INST_64x64/40/inst64x64_40_36.txt find answer: 2.780000
benchmarks/INST_64x64/40/inst64x64_40_36.txt : 3096 ms.
--------------------------------------------------
benchmarks/INST_64x64/40/inst64x64_40_37.txt find answer: 3.110000
benchmarks/INST_64x64/40/inst64x64_40_37.txt : 3423 ms.
--------------------------------------------------
benchmarks/INST_64x64/40/inst64x64_40_38.txt find answer: 6.090000
benchmarks/INST_64x64/40/inst64x64_40_38.txt : 6422 ms.
--------------------------------------------------
benchmarks/INST_64x64/40/inst64x64_40_39.txt find answer: 1.800000
benchmarks/INST_64x64/40/inst64x64_40_39.txt : 2117 ms.
--------------------------------------------------
benchmarks/INST_64x64/40/inst64x64_40_3.txt find answer: 5.070000
benchmarks/INST_64x64/40/inst64x64_40_3.txt : 5407 ms.
--------------------------------------------------
benchmarks/INST_64x64/40/inst64x64_40_40.txt find answer: 3.780000
benchmarks/INST_64x64/40/inst64x64_40_40.txt : 4103 ms.
--------------------------------------------------
benchmarks/INST_64x64/40/inst64x64_40_41.txt find answer: 2.740000
benchmarks/INST_64x64/40/inst64x64_40_41.txt : 3050 ms.
--------------------------------------------------
benchmarks/INST_64x64/40/inst64x64_40_42.txt find answer: 4.290000
benchmarks/INST_64x64/40/inst64x64_40_42.txt : 4625 ms.
--------------------------------------------------
benchmarks/INST_64x64/40/inst64x64_40_43.txt find answer: 6.140000
benchmarks/INST_64x64/40/inst64x64_40_43.txt : 6466 ms.
--------------------------------------------------
benchmarks/INST_64x64/40/inst64x64_40_44.txt find answer: 2.050000
benchmarks/INST_64x64/40/inst64x64_40_44.txt : 2373 ms.
--------------------------------------------------
benchmarks/INST_64x64/40/inst64x64_40_45.txt find answer: 1.390000
benchmarks/INST_64x64/40/inst64x64_40_45.txt : 1700 ms.
--------------------------------------------------
benchmarks/INST_64x64/40/inst64x64_40_46.txt find answer: 1.550000
benchmarks/INST_64x64/40/inst64x64_40_46.txt : 1850 ms.
--------------------------------------------------
benchmarks/INST_64x64/40/inst64x64_40_47.txt find answer: 5.660000
benchmarks/INST_64x64/40/inst64x64_40_47.txt : 5984 ms.
--------------------------------------------------
benchmarks/INST_64x64/40/inst64x64_40_48.txt find answer: 11.350000
benchmarks/INST_64x64/40/inst64x64_40_48.txt : 11687 ms.
--------------------------------------------------
benchmarks/INST_64x64/40/inst64x64_40_49.txt find answer: 68.400000
benchmarks/INST_64x64/40/inst64x64_40_49.txt : 68925 ms.
--------------------------------------------------
benchmarks/INST_64x64/40/inst64x64_40_4.txt find answer: 9.890000
benchmarks/INST_64x64/40/inst64x64_40_4.txt : 10227 ms.
--------------------------------------------------
benchmarks/INST_64x64/40/inst64x64_40_50.txt find answer: 3.340000
benchmarks/INST_64x64/40/inst64x64_40_50.txt : 3740 ms.
--------------------------------------------------
benchmarks/INST_64x64/40/inst64x64_40_51.txt find answer: 6.730000
benchmarks/INST_64x64/40/inst64x64_40_51.txt : 7075 ms.
--------------------------------------------------
benchmarks/INST_64x64/40/inst64x64_40_52.txt find answer: 3.440000
benchmarks/INST_64x64/40/inst64x64_40_52.txt : 3796 ms.
--------------------------------------------------
benchmarks/INST_64x64/40/inst64x64_40_53.txt find answer: 10.690000
benchmarks/INST_64x64/40/inst64x64_40_53.txt : 11055 ms.
--------------------------------------------------
benchmarks/INST_64x64/40/inst64x64_40_54.txt find answer: 7.310000
benchmarks/INST_64x64/40/inst64x64_40_54.txt : 7627 ms.
--------------------------------------------------
benchmarks/INST_64x64/40/inst64x64_40_55.txt find answer: 6.910000
benchmarks/INST_64x64/40/inst64x64_40_55.txt : 7236 ms.
--------------------------------------------------
benchmarks/INST_64x64/40/inst64x64_40_56.txt find answer: 5.030000
benchmarks/INST_64x64/40/inst64x64_40_56.txt : 5412 ms.
--------------------------------------------------
benchmarks/INST_64x64/40/inst64x64_40_57.txt find answer: 4.480000
benchmarks/INST_64x64/40/inst64x64_40_57.txt : 4821 ms.
--------------------------------------------------
benchmarks/INST_64x64/40/inst64x64_40_58.txt find answer: 23.230000
benchmarks/INST_64x64/40/inst64x64_40_58.txt : 23602 ms.
--------------------------------------------------
benchmarks/INST_64x64/40/inst64x64_40_59.txt find answer: 5.380000
benchmarks/INST_64x64/40/inst64x64_40_59.txt : 5708 ms.
--------------------------------------------------
benchmarks/INST_64x64/40/inst64x64_40_5.txt find answer: 4.700000
benchmarks/INST_64x64/40/inst64x64_40_5.txt : 5131 ms.
--------------------------------------------------
benchmarks/INST_64x64/40/inst64x64_40_60.txt find answer: 15.680000
benchmarks/INST_64x64/40/inst64x64_40_60.txt : 16045 ms.
--------------------------------------------------
benchmarks/INST_64x64/40/inst64x64_40_61.txt find answer: 5.690000
benchmarks/INST_64x64/40/inst64x64_40_61.txt : 6026 ms.
--------------------------------------------------
benchmarks/INST_64x64/40/inst64x64_40_62.txt find answer: 3.970000
benchmarks/INST_64x64/40/inst64x64_40_62.txt : 4325 ms.
--------------------------------------------------
benchmarks/INST_64x64/40/inst64x64_40_63.txt find answer: 2.010000
benchmarks/INST_64x64/40/inst64x64_40_63.txt : 2331 ms.
--------------------------------------------------
benchmarks/INST_64x64/40/inst64x64_40_64.txt find answer: 3.030000
benchmarks/INST_64x64/40/inst64x64_40_64.txt : 3370 ms.
--------------------------------------------------
benchmarks/INST_64x64/40/inst64x64_40_65.txt find answer: 61.850000
benchmarks/INST_64x64/40/inst64x64_40_65.txt : 62294 ms.
--------------------------------------------------
benchmarks/INST_64x64/40/inst64x64_40_66.txt find answer: 18.300000
benchmarks/INST_64x64/40/inst64x64_40_66.txt : 18648 ms.
--------------------------------------------------
benchmarks/INST_64x64/40/inst64x64_40_67.txt find answer: 3.690000
benchmarks/INST_64x64/40/inst64x64_40_67.txt : 4029 ms.
--------------------------------------------------
benchmarks/INST_64x64/40/inst64x64_40_68.txt find answer: 6.010000
benchmarks/INST_64x64/40/inst64x64_40_68.txt : 6348 ms.
--------------------------------------------------
benchmarks/INST_64x64/40/inst64x64_40_69.txt find answer: 3.920000
benchmarks/INST_64x64/40/inst64x64_40_69.txt : 4238 ms.
--------------------------------------------------
benchmarks/INST_64x64/40/inst64x64_40_6.txt find answer: 6.560000
benchmarks/INST_64x64/40/inst64x64_40_6.txt : 6892 ms.
--------------------------------------------------
benchmarks/INST_64x64/40/inst64x64_40_70.txt find answer: 5.920000
benchmarks/INST_64x64/40/inst64x64_40_70.txt : 6247 ms.
--------------------------------------------------
benchmarks/INST_64x64/40/inst64x64_40_71.txt find answer: 4.820000
benchmarks/INST_64x64/40/inst64x64_40_71.txt : 5143 ms.
--------------------------------------------------
benchmarks/INST_64x64/40/inst64x64_40_72.txt find answer: 2.150000
benchmarks/INST_64x64/40/inst64x64_40_72.txt : 2480 ms.
--------------------------------------------------
benchmarks/INST_64x64/40/inst64x64_40_73.txt find answer: 6.220000
benchmarks/INST_64x64/40/inst64x64_40_73.txt : 6538 ms.
--------------------------------------------------
benchmarks/INST_64x64/40/inst64x64_40_74.txt find answer: 2.940000
benchmarks/INST_64x64/40/inst64x64_40_74.txt : 3265 ms.
--------------------------------------------------
benchmarks/INST_64x64/40/inst64x64_40_75.txt find answer: 7.210000
benchmarks/INST_64x64/40/inst64x64_40_75.txt : 7536 ms.
--------------------------------------------------
benchmarks/INST_64x64/40/inst64x64_40_76.txt find answer: 9.580000
benchmarks/INST_64x64/40/inst64x64_40_76.txt : 9915 ms.
--------------------------------------------------
benchmarks/INST_64x64/40/inst64x64_40_77.txt find answer: 6.210000
benchmarks/INST_64x64/40/inst64x64_40_77.txt : 6540 ms.
--------------------------------------------------
benchmarks/INST_64x64/40/inst64x64_40_78.txt find answer: 3.310000
benchmarks/INST_64x64/40/inst64x64_40_78.txt : 3627 ms.
--------------------------------------------------
benchmarks/INST_64x64/40/inst64x64_40_79.txt find answer: 12.210000
benchmarks/INST_64x64/40/inst64x64_40_79.txt : 12551 ms.
--------------------------------------------------
benchmarks/INST_64x64/40/inst64x64_40_7.txt find answer: 3.290000
benchmarks/INST_64x64/40/inst64x64_40_7.txt : 3607 ms.
--------------------------------------------------
benchmarks/INST_64x64/40/inst64x64_40_80.txt find answer: 18.040000
benchmarks/INST_64x64/40/inst64x64_40_80.txt : 18398 ms.
--------------------------------------------------
benchmarks/INST_64x64/40/inst64x64_40_81.txt find answer: 7.470000
benchmarks/INST_64x64/40/inst64x64_40_81.txt : 7792 ms.
--------------------------------------------------
benchmarks/INST_64x64/40/inst64x64_40_82.txt find answer: 4.060000
benchmarks/INST_64x64/40/inst64x64_40_82.txt : 4363 ms.
--------------------------------------------------
benchmarks/INST_64x64/40/inst64x64_40_83.txt find answer: 5.520000
benchmarks/INST_64x64/40/inst64x64_40_83.txt : 5845 ms.
--------------------------------------------------
benchmarks/INST_64x64/40/inst64x64_40_84.txt find answer: 3.990000
benchmarks/INST_64x64/40/inst64x64_40_84.txt : 4322 ms.
--------------------------------------------------
benchmarks/INST_64x64/40/inst64x64_40_85.txt find answer: 3.710000
benchmarks/INST_64x64/40/inst64x64_40_85.txt : 4039 ms.
--------------------------------------------------
benchmarks/INST_64x64/40/inst64x64_40_86.txt find answer: 3.560000
benchmarks/INST_64x64/40/inst64x64_40_86.txt : 3875 ms.
--------------------------------------------------
benchmarks/INST_64x64/40/inst64x64_40_87.txt find answer: 26.190000
benchmarks/INST_64x64/40/inst64x64_40_87.txt : 26553 ms.
--------------------------------------------------
benchmarks/INST_64x64/40/inst64x64_40_88.txt find answer: 2.280000
benchmarks/INST_64x64/40/inst64x64_40_88.txt : 2590 ms.
--------------------------------------------------
benchmarks/INST_64x64/40/inst64x64_40_89.txt find answer: 5.360000
benchmarks/INST_64x64/40/inst64x64_40_89.txt : 5766 ms.
--------------------------------------------------
benchmarks/INST_64x64/40/inst64x64_40_8.txt find answer: 2.590000
benchmarks/INST_64x64/40/inst64x64_40_8.txt : 2960 ms.
--------------------------------------------------
benchmarks/INST_64x64/40/inst64x64_40_90.txt find answer: 7.330000
benchmarks/INST_64x64/40/inst64x64_40_90.txt : 7652 ms.
--------------------------------------------------
benchmarks/INST_64x64/40/inst64x64_40_91.txt find answer: 1.600000
benchmarks/INST_64x64/40/inst64x64_40_91.txt : 1903 ms.
--------------------------------------------------
benchmarks/INST_64x64/40/inst64x64_40_92.txt find answer: 7.680000
benchmarks/INST_64x64/40/inst64x64_40_92.txt : 7992 ms.
--------------------------------------------------
benchmarks/INST_64x64/40/inst64x64_40_93.txt find answer: 6.350000
benchmarks/INST_64x64/40/inst64x64_40_93.txt : 6662 ms.
--------------------------------------------------
benchmarks/INST_64x64/40/inst64x64_40_94.txt find answer: 6.080000
benchmarks/INST_64x64/40/inst64x64_40_94.txt : 6388 ms.
--------------------------------------------------
benchmarks/INST_64x64/40/inst64x64_40_95.txt find answer: 4.120000
benchmarks/INST_64x64/40/inst64x64_40_95.txt : 4450 ms.
--------------------------------------------------
benchmarks/INST_64x64/40/inst64x64_40_96.txt find answer: 9.150000
benchmarks/INST_64x64/40/inst64x64_40_96.txt : 9580 ms.
--------------------------------------------------
benchmarks/INST_64x64/40/inst64x64_40_97.txt find answer: 5.190000
benchmarks/INST_64x64/40/inst64x64_40_97.txt : 5500 ms.
--------------------------------------------------
benchmarks/INST_64x64/40/inst64x64_40_98.txt find answer: 6.860000
benchmarks/INST_64x64/40/inst64x64_40_98.txt : 7197 ms.
--------------------------------------------------
benchmarks/INST_64x64/40/inst64x64_40_99.txt find answer: 6.790000
benchmarks/INST_64x64/40/inst64x64_40_99.txt : 7153 ms.
--------------------------------------------------
benchmarks/INST_64x64/40/inst64x64_40_9.txt find answer: 1.630000
benchmarks/INST_64x64/40/inst64x64_40_9.txt : 1940 ms.
run.sh: line 77: 3: command not found
run.sh: line 78: syntax error near unexpected token `fi'
run.sh: line 78: `    fi'
