--------------------------------------------------
======================================================================
current best clash: 0
----------------------------------------------------------------------
current col clash: 0
current row clash: 0
current squ clash: 0
benchmarks_simp/INST_25x25/0/inst25x25_0_0.txt find answer: 0.020000
benchmarks_simp/INST_25x25/0/inst25x25_0_0.txt : 93 ms.
--------------------------------------------------
======================================================================
current best clash: 0
----------------------------------------------------------------------
current col clash: 0
current row clash: 0
current squ clash: 0
benchmarks_simp/INST_25x25/0/inst25x25_0_10.txt find answer: 0.020000
benchmarks_simp/INST_25x25/0/inst25x25_0_10.txt : 91 ms.
--------------------------------------------------
======================================================================
current best clash: 0
----------------------------------------------------------------------
current col clash: 0
current row clash: 0
current squ clash: 0
benchmarks_simp/INST_25x25/0/inst25x25_0_11.txt find answer: 0.020000
benchmarks_simp/INST_25x25/0/inst25x25_0_11.txt : 1182 ms.
--------------------------------------------------
======================================================================
current best clash: 0
----------------------------------------------------------------------
current col clash: 0
current row clash: 0
current squ clash: 0
benchmarks_simp/INST_25x25/0/inst25x25_0_12.txt find answer: 0.020000
benchmarks_simp/INST_25x25/0/inst25x25_0_12.txt : 91 ms.
--------------------------------------------------
======================================================================
current best clash: 0
----------------------------------------------------------------------
current col clash: 0
current row clash: 0
current squ clash: 0
benchmarks_simp/INST_25x25/0/inst25x25_0_13.txt find answer: 0.020000
benchmarks_simp/INST_25x25/0/inst25x25_0_13.txt : 92 ms.
--------------------------------------------------
======================================================================
current best clash: 0
----------------------------------------------------------------------
current col clash: 0
current row clash: 0
current squ clash: 0
benchmarks_simp/INST_25x25/0/inst25x25_0_14.txt find answer: 0.020000
benchmarks_simp/INST_25x25/0/inst25x25_0_14.txt : 95 ms.
--------------------------------------------------
======================================================================
current best clash: 0
----------------------------------------------------------------------
current col clash: 0
current row clash: 0
current squ clash: 0
benchmarks_simp/INST_25x25/0/inst25x25_0_15.txt find answer: 0.010000
benchmarks_simp/INST_25x25/0/inst25x25_0_15.txt : 91 ms.
--------------------------------------------------
======================================================================
current best clash: 0
----------------------------------------------------------------------
current col clash: 0
current row clash: 0
current squ clash: 0
benchmarks_simp/INST_25x25/0/inst25x25_0_16.txt find answer: 0.020000
benchmarks_simp/INST_25x25/0/inst25x25_0_16.txt : 105 ms.
--------------------------------------------------
======================================================================
current best clash: 0
----------------------------------------------------------------------
current col clash: 0
current row clash: 0
current squ clash: 0
benchmarks_simp/INST_25x25/0/inst25x25_0_17.txt find answer: 0.020000
benchmarks_simp/INST_25x25/0/inst25x25_0_17.txt : 99 ms.
--------------------------------------------------
======================================================================
current best clash: 0
----------------------------------------------------------------------
current col clash: 0
current row clash: 0
current squ clash: 0
benchmarks_simp/INST_25x25/0/inst25x25_0_18.txt find answer: 0.020000
benchmarks_simp/INST_25x25/0/inst25x25_0_18.txt : 105 ms.
--------------------------------------------------
======================================================================
current best clash: 0
----------------------------------------------------------------------
current col clash: 0
current row clash: 0
current squ clash: 0
benchmarks_simp/INST_25x25/0/inst25x25_0_19.txt find answer: 0.030000
benchmarks_simp/INST_25x25/0/inst25x25_0_19.txt : 94 ms.
--------------------------------------------------
======================================================================
current best clash: 0
----------------------------------------------------------------------
current col clash: 0
current row clash: 0
current squ clash: 0
benchmarks_simp/INST_25x25/0/inst25x25_0_1.txt find answer: 0.020000
benchmarks_simp/INST_25x25/0/inst25x25_0_1.txt : 93 ms.
--------------------------------------------------
======================================================================
current best clash: 0
----------------------------------------------------------------------
current col clash: 0
current row clash: 0
current squ clash: 0
benchmarks_simp/INST_25x25/0/inst25x25_0_20.txt find answer: 0.020000
benchmarks_simp/INST_25x25/0/inst25x25_0_20.txt : 95 ms.
--------------------------------------------------
======================================================================
current best clash: 0
----------------------------------------------------------------------
current col clash: 0
current row clash: 0
current squ clash: 0
benchmarks_simp/INST_25x25/0/inst25x25_0_21.txt find answer: 0.020000
benchmarks_simp/INST_25x25/0/inst25x25_0_21.txt : 93 ms.
--------------------------------------------------
======================================================================
current best clash: 0
----------------------------------------------------------------------
current col clash: 0
current row clash: 0
current squ clash: 0
benchmarks_simp/INST_25x25/0/inst25x25_0_22.txt find answer: 0.020000
benchmarks_simp/INST_25x25/0/inst25x25_0_22.txt : 88 ms.
--------------------------------------------------
======================================================================
current best clash: 0
----------------------------------------------------------------------
current col clash: 0
current row clash: 0
current squ clash: 0
benchmarks_simp/INST_25x25/0/inst25x25_0_23.txt find answer: 0.010000
benchmarks_simp/INST_25x25/0/inst25x25_0_23.txt : 94 ms.
--------------------------------------------------
======================================================================
current best clash: 0
----------------------------------------------------------------------
current col clash: 0
current row clash: 0
current squ clash: 0
benchmarks_simp/INST_25x25/0/inst25x25_0_24.txt find answer: 0.030000
benchmarks_simp/INST_25x25/0/inst25x25_0_24.txt : 99 ms.
--------------------------------------------------
======================================================================
current best clash: 0
----------------------------------------------------------------------
current col clash: 0
current row clash: 0
current squ clash: 0
benchmarks_simp/INST_25x25/0/inst25x25_0_25.txt find answer: 0.020000
benchmarks_simp/INST_25x25/0/inst25x25_0_25.txt : 95 ms.
--------------------------------------------------
======================================================================
current best clash: 0
----------------------------------------------------------------------
current col clash: 0
current row clash: 0
current squ clash: 0
benchmarks_simp/INST_25x25/0/inst25x25_0_26.txt find answer: 0.020000
benchmarks_simp/INST_25x25/0/inst25x25_0_26.txt : 98 ms.
--------------------------------------------------
======================================================================
current best clash: 0
----------------------------------------------------------------------
current col clash: 0
current row clash: 0
current squ clash: 0
benchmarks_simp/INST_25x25/0/inst25x25_0_27.txt find answer: 0.020000
benchmarks_simp/INST_25x25/0/inst25x25_0_27.txt : 109 ms.
--------------------------------------------------
======================================================================
current best clash: 0
----------------------------------------------------------------------
current col clash: 0
current row clash: 0
current squ clash: 0
benchmarks_simp/INST_25x25/0/inst25x25_0_28.txt find answer: 0.020000
benchmarks_simp/INST_25x25/0/inst25x25_0_28.txt : 97 ms.
--------------------------------------------------
======================================================================
current best clash: 0
----------------------------------------------------------------------
current col clash: 0
current row clash: 0
current squ clash: 0
benchmarks_simp/INST_25x25/0/inst25x25_0_29.txt find answer: 0.020000
benchmarks_simp/INST_25x25/0/inst25x25_0_29.txt : 91 ms.
--------------------------------------------------
======================================================================
current best clash: 0
----------------------------------------------------------------------
current col clash: 0
current row clash: 0
current squ clash: 0
benchmarks_simp/INST_25x25/0/inst25x25_0_2.txt find answer: 0.020000
benchmarks_simp/INST_25x25/0/inst25x25_0_2.txt : 95 ms.
--------------------------------------------------
======================================================================
current best clash: 0
----------------------------------------------------------------------
current col clash: 0
current row clash: 0
current squ clash: 0
benchmarks_simp/INST_25x25/0/inst25x25_0_30.txt find answer: 0.020000
benchmarks_simp/INST_25x25/0/inst25x25_0_30.txt : 87 ms.
--------------------------------------------------
======================================================================
current best clash: 0
----------------------------------------------------------------------
current col clash: 0
current row clash: 0
current squ clash: 0
benchmarks_simp/INST_25x25/0/inst25x25_0_31.txt find answer: 0.020000
benchmarks_simp/INST_25x25/0/inst25x25_0_31.txt : 97 ms.
--------------------------------------------------
======================================================================
current best clash: 0
----------------------------------------------------------------------
current col clash: 0
current row clash: 0
current squ clash: 0
benchmarks_simp/INST_25x25/0/inst25x25_0_32.txt find answer: 0.010000
benchmarks_simp/INST_25x25/0/inst25x25_0_32.txt : 101 ms.
--------------------------------------------------
======================================================================
current best clash: 0
----------------------------------------------------------------------
current col clash: 0
current row clash: 0
current squ clash: 0
benchmarks_simp/INST_25x25/0/inst25x25_0_33.txt find answer: 0.020000
benchmarks_simp/INST_25x25/0/inst25x25_0_33.txt : 102 ms.
--------------------------------------------------
======================================================================
current best clash: 0
----------------------------------------------------------------------
current col clash: 0
current row clash: 0
current squ clash: 0
benchmarks_simp/INST_25x25/0/inst25x25_0_34.txt find answer: 0.030000
benchmarks_simp/INST_25x25/0/inst25x25_0_34.txt : 94 ms.
--------------------------------------------------
======================================================================
current best clash: 0
----------------------------------------------------------------------
current col clash: 0
current row clash: 0
current squ clash: 0
benchmarks_simp/INST_25x25/0/inst25x25_0_35.txt find answer: 0.020000
benchmarks_simp/INST_25x25/0/inst25x25_0_35.txt : 93 ms.
--------------------------------------------------
======================================================================
current best clash: 0
----------------------------------------------------------------------
current col clash: 0
current row clash: 0
current squ clash: 0
benchmarks_simp/INST_25x25/0/inst25x25_0_36.txt find answer: 0.020000
benchmarks_simp/INST_25x25/0/inst25x25_0_36.txt : 93 ms.
--------------------------------------------------
======================================================================
current best clash: 0
----------------------------------------------------------------------
current col clash: 0
current row clash: 0
current squ clash: 0
benchmarks_simp/INST_25x25/0/inst25x25_0_37.txt find answer: 0.020000
benchmarks_simp/INST_25x25/0/inst25x25_0_37.txt : 99 ms.
--------------------------------------------------
======================================================================
current best clash: 0
----------------------------------------------------------------------
current col clash: 0
current row clash: 0
current squ clash: 0
benchmarks_simp/INST_25x25/0/inst25x25_0_38.txt find answer: 0.020000
benchmarks_simp/INST_25x25/0/inst25x25_0_38.txt : 98 ms.
--------------------------------------------------
======================================================================
current best clash: 0
----------------------------------------------------------------------
current col clash: 0
current row clash: 0
current squ clash: 0
benchmarks_simp/INST_25x25/0/inst25x25_0_39.txt find answer: 0.010000
benchmarks_simp/INST_25x25/0/inst25x25_0_39.txt : 99 ms.
--------------------------------------------------
======================================================================
current best clash: 0
----------------------------------------------------------------------
current col clash: 0
current row clash: 0
current squ clash: 0
benchmarks_simp/INST_25x25/0/inst25x25_0_3.txt find answer: 0.020000
benchmarks_simp/INST_25x25/0/inst25x25_0_3.txt : 101 ms.
--------------------------------------------------
======================================================================
current best clash: 0
----------------------------------------------------------------------
current col clash: 0
current row clash: 0
current squ clash: 0
benchmarks_simp/INST_25x25/0/inst25x25_0_40.txt find answer: 0.020000
benchmarks_simp/INST_25x25/0/inst25x25_0_40.txt : 105 ms.
--------------------------------------------------
======================================================================
current best clash: 0
----------------------------------------------------------------------
current col clash: 0
current row clash: 0
current squ clash: 0
benchmarks_simp/INST_25x25/0/inst25x25_0_41.txt find answer: 0.020000
benchmarks_simp/INST_25x25/0/inst25x25_0_41.txt : 101 ms.
--------------------------------------------------
======================================================================
current best clash: 0
----------------------------------------------------------------------
current col clash: 0
current row clash: 0
current squ clash: 0
benchmarks_simp/INST_25x25/0/inst25x25_0_42.txt find answer: 0.010000
benchmarks_simp/INST_25x25/0/inst25x25_0_42.txt : 104 ms.
--------------------------------------------------
======================================================================
current best clash: 0
----------------------------------------------------------------------
current col clash: 0
current row clash: 0
current squ clash: 0
benchmarks_simp/INST_25x25/0/inst25x25_0_43.txt find answer: 0.020000
benchmarks_simp/INST_25x25/0/inst25x25_0_43.txt : 89 ms.
--------------------------------------------------
======================================================================
current best clash: 0
----------------------------------------------------------------------
current col clash: 0
current row clash: 0
current squ clash: 0
benchmarks_simp/INST_25x25/0/inst25x25_0_44.txt find answer: 0.020000
benchmarks_simp/INST_25x25/0/inst25x25_0_44.txt : 92 ms.
--------------------------------------------------
======================================================================
current best clash: 0
----------------------------------------------------------------------
current col clash: 0
current row clash: 0
current squ clash: 0
benchmarks_simp/INST_25x25/0/inst25x25_0_45.txt find answer: 0.020000
benchmarks_simp/INST_25x25/0/inst25x25_0_45.txt : 106 ms.
--------------------------------------------------
======================================================================
current best clash: 0
----------------------------------------------------------------------
current col clash: 0
current row clash: 0
current squ clash: 0
benchmarks_simp/INST_25x25/0/inst25x25_0_46.txt find answer: 0.020000
benchmarks_simp/INST_25x25/0/inst25x25_0_46.txt : 96 ms.
--------------------------------------------------
======================================================================
current best clash: 0
----------------------------------------------------------------------
current col clash: 0
current row clash: 0
current squ clash: 0
benchmarks_simp/INST_25x25/0/inst25x25_0_47.txt find answer: 0.020000
benchmarks_simp/INST_25x25/0/inst25x25_0_47.txt : 92 ms.
--------------------------------------------------
======================================================================
current best clash: 0
----------------------------------------------------------------------
current col clash: 0
current row clash: 0
current squ clash: 0
benchmarks_simp/INST_25x25/0/inst25x25_0_48.txt find answer: 0.020000
benchmarks_simp/INST_25x25/0/inst25x25_0_48.txt : 89 ms.
--------------------------------------------------
======================================================================
current best clash: 0
----------------------------------------------------------------------
current col clash: 0
current row clash: 0
current squ clash: 0
benchmarks_simp/INST_25x25/0/inst25x25_0_49.txt find answer: 0.020000
benchmarks_simp/INST_25x25/0/inst25x25_0_49.txt : 94 ms.
--------------------------------------------------
======================================================================
current best clash: 0
----------------------------------------------------------------------
current col clash: 0
current row clash: 0
current squ clash: 0
benchmarks_simp/INST_25x25/0/inst25x25_0_4.txt find answer: 0.020000
benchmarks_simp/INST_25x25/0/inst25x25_0_4.txt : 88 ms.
--------------------------------------------------
======================================================================
current best clash: 0
----------------------------------------------------------------------
current col clash: 0
current row clash: 0
current squ clash: 0
benchmarks_simp/INST_25x25/0/inst25x25_0_50.txt find answer: 0.010000
benchmarks_simp/INST_25x25/0/inst25x25_0_50.txt : 81 ms.
--------------------------------------------------
======================================================================
current best clash: 0
----------------------------------------------------------------------
current col clash: 0
current row clash: 0
current squ clash: 0
benchmarks_simp/INST_25x25/0/inst25x25_0_51.txt find answer: 0.020000
benchmarks_simp/INST_25x25/0/inst25x25_0_51.txt : 93 ms.
--------------------------------------------------
======================================================================
current best clash: 0
----------------------------------------------------------------------
current col clash: 0
current row clash: 0
current squ clash: 0
benchmarks_simp/INST_25x25/0/inst25x25_0_52.txt find answer: 0.020000
benchmarks_simp/INST_25x25/0/inst25x25_0_52.txt : 95 ms.
--------------------------------------------------
======================================================================
current best clash: 0
----------------------------------------------------------------------
current col clash: 0
current row clash: 0
current squ clash: 0
benchmarks_simp/INST_25x25/0/inst25x25_0_53.txt find answer: 0.020000
benchmarks_simp/INST_25x25/0/inst25x25_0_53.txt : 99 ms.
--------------------------------------------------
======================================================================
current best clash: 0
----------------------------------------------------------------------
current col clash: 0
current row clash: 0
current squ clash: 0
benchmarks_simp/INST_25x25/0/inst25x25_0_54.txt find answer: 0.020000
benchmarks_simp/INST_25x25/0/inst25x25_0_54.txt : 91 ms.
--------------------------------------------------
======================================================================
current best clash: 0
----------------------------------------------------------------------
current col clash: 0
current row clash: 0
current squ clash: 0
benchmarks_simp/INST_25x25/0/inst25x25_0_55.txt find answer: 0.020000
benchmarks_simp/INST_25x25/0/inst25x25_0_55.txt : 93 ms.
--------------------------------------------------
======================================================================
current best clash: 0
----------------------------------------------------------------------
current col clash: 0
current row clash: 0
current squ clash: 0
benchmarks_simp/INST_25x25/0/inst25x25_0_56.txt find answer: 0.020000
benchmarks_simp/INST_25x25/0/inst25x25_0_56.txt : 91 ms.
--------------------------------------------------
======================================================================
current best clash: 0
----------------------------------------------------------------------
current col clash: 0
current row clash: 0
current squ clash: 0
benchmarks_simp/INST_25x25/0/inst25x25_0_57.txt find answer: 0.020000
benchmarks_simp/INST_25x25/0/inst25x25_0_57.txt : 95 ms.
--------------------------------------------------
======================================================================
current best clash: 0
----------------------------------------------------------------------
current col clash: 0
current row clash: 0
current squ clash: 0
benchmarks_simp/INST_25x25/0/inst25x25_0_58.txt find answer: 0.020000
benchmarks_simp/INST_25x25/0/inst25x25_0_58.txt : 97 ms.
--------------------------------------------------
======================================================================
current best clash: 0
----------------------------------------------------------------------
current col clash: 0
current row clash: 0
current squ clash: 0
benchmarks_simp/INST_25x25/0/inst25x25_0_59.txt find answer: 0.020000
benchmarks_simp/INST_25x25/0/inst25x25_0_59.txt : 92 ms.
--------------------------------------------------
======================================================================
current best clash: 0
----------------------------------------------------------------------
current col clash: 0
current row clash: 0
current squ clash: 0
benchmarks_simp/INST_25x25/0/inst25x25_0_5.txt find answer: 0.020000
benchmarks_simp/INST_25x25/0/inst25x25_0_5.txt : 90 ms.
--------------------------------------------------
======================================================================
current best clash: 0
----------------------------------------------------------------------
current col clash: 0
current row clash: 0
current squ clash: 0
benchmarks_simp/INST_25x25/0/inst25x25_0_60.txt find answer: 0.010000
benchmarks_simp/INST_25x25/0/inst25x25_0_60.txt : 95 ms.
--------------------------------------------------
======================================================================
current best clash: 0
----------------------------------------------------------------------
current col clash: 0
current row clash: 0
current squ clash: 0
benchmarks_simp/INST_25x25/0/inst25x25_0_61.txt find answer: 0.010000
benchmarks_simp/INST_25x25/0/inst25x25_0_61.txt : 89 ms.
--------------------------------------------------
======================================================================
current best clash: 0
----------------------------------------------------------------------
current col clash: 0
current row clash: 0
current squ clash: 0
benchmarks_simp/INST_25x25/0/inst25x25_0_62.txt find answer: 0.020000
benchmarks_simp/INST_25x25/0/inst25x25_0_62.txt : 100 ms.
--------------------------------------------------
======================================================================
current best clash: 0
----------------------------------------------------------------------
current col clash: 0
current row clash: 0
current squ clash: 0
benchmarks_simp/INST_25x25/0/inst25x25_0_63.txt find answer: 0.020000
benchmarks_simp/INST_25x25/0/inst25x25_0_63.txt : 97 ms.
--------------------------------------------------
======================================================================
current best clash: 0
----------------------------------------------------------------------
current col clash: 0
current row clash: 0
current squ clash: 0
benchmarks_simp/INST_25x25/0/inst25x25_0_64.txt find answer: 0.020000
benchmarks_simp/INST_25x25/0/inst25x25_0_64.txt : 100 ms.
--------------------------------------------------
======================================================================
current best clash: 0
----------------------------------------------------------------------
current col clash: 0
current row clash: 0
current squ clash: 0
benchmarks_simp/INST_25x25/0/inst25x25_0_65.txt find answer: 0.020000
benchmarks_simp/INST_25x25/0/inst25x25_0_65.txt : 95 ms.
--------------------------------------------------
======================================================================
current best clash: 0
----------------------------------------------------------------------
current col clash: 0
current row clash: 0
current squ clash: 0
benchmarks_simp/INST_25x25/0/inst25x25_0_66.txt find answer: 0.020000
benchmarks_simp/INST_25x25/0/inst25x25_0_66.txt : 98 ms.
--------------------------------------------------
======================================================================
current best clash: 0
----------------------------------------------------------------------
current col clash: 0
current row clash: 0
current squ clash: 0
benchmarks_simp/INST_25x25/0/inst25x25_0_67.txt find answer: 0.020000
benchmarks_simp/INST_25x25/0/inst25x25_0_67.txt : 99 ms.
--------------------------------------------------
======================================================================
current best clash: 0
----------------------------------------------------------------------
current col clash: 0
current row clash: 0
current squ clash: 0
benchmarks_simp/INST_25x25/0/inst25x25_0_68.txt find answer: 0.010000
benchmarks_simp/INST_25x25/0/inst25x25_0_68.txt : 98 ms.
--------------------------------------------------
======================================================================
current best clash: 0
----------------------------------------------------------------------
current col clash: 0
current row clash: 0
current squ clash: 0
benchmarks_simp/INST_25x25/0/inst25x25_0_69.txt find answer: 0.020000
benchmarks_simp/INST_25x25/0/inst25x25_0_69.txt : 100 ms.
--------------------------------------------------
======================================================================
current best clash: 0
----------------------------------------------------------------------
current col clash: 0
current row clash: 0
current squ clash: 0
benchmarks_simp/INST_25x25/0/inst25x25_0_6.txt find answer: 0.020000
benchmarks_simp/INST_25x25/0/inst25x25_0_6.txt : 89 ms.
--------------------------------------------------
======================================================================
current best clash: 0
----------------------------------------------------------------------
current col clash: 0
current row clash: 0
current squ clash: 0
benchmarks_simp/INST_25x25/0/inst25x25_0_70.txt find answer: 0.020000
benchmarks_simp/INST_25x25/0/inst25x25_0_70.txt : 89 ms.
--------------------------------------------------
======================================================================
current best clash: 0
----------------------------------------------------------------------
current col clash: 0
current row clash: 0
current squ clash: 0
benchmarks_simp/INST_25x25/0/inst25x25_0_71.txt find answer: 0.010000
benchmarks_simp/INST_25x25/0/inst25x25_0_71.txt : 89 ms.
--------------------------------------------------
======================================================================
current best clash: 0
----------------------------------------------------------------------
current col clash: 0
current row clash: 0
current squ clash: 0
benchmarks_simp/INST_25x25/0/inst25x25_0_72.txt find answer: 0.020000
benchmarks_simp/INST_25x25/0/inst25x25_0_72.txt : 96 ms.
--------------------------------------------------
======================================================================
current best clash: 0
----------------------------------------------------------------------
current col clash: 0
current row clash: 0
current squ clash: 0
benchmarks_simp/INST_25x25/0/inst25x25_0_73.txt find answer: 0.020000
benchmarks_simp/INST_25x25/0/inst25x25_0_73.txt : 101 ms.
--------------------------------------------------
======================================================================
current best clash: 0
----------------------------------------------------------------------
current col clash: 0
current row clash: 0
current squ clash: 0
benchmarks_simp/INST_25x25/0/inst25x25_0_74.txt find answer: 0.020000
benchmarks_simp/INST_25x25/0/inst25x25_0_74.txt : 92 ms.
--------------------------------------------------
======================================================================
current best clash: 0
----------------------------------------------------------------------
current col clash: 0
current row clash: 0
current squ clash: 0
benchmarks_simp/INST_25x25/0/inst25x25_0_75.txt find answer: 0.020000
benchmarks_simp/INST_25x25/0/inst25x25_0_75.txt : 101 ms.
--------------------------------------------------
======================================================================
current best clash: 0
----------------------------------------------------------------------
current col clash: 0
current row clash: 0
current squ clash: 0
benchmarks_simp/INST_25x25/0/inst25x25_0_76.txt find answer: 0.020000
benchmarks_simp/INST_25x25/0/inst25x25_0_76.txt : 100 ms.
--------------------------------------------------
======================================================================
current best clash: 0
----------------------------------------------------------------------
current col clash: 0
current row clash: 0
current squ clash: 0
benchmarks_simp/INST_25x25/0/inst25x25_0_77.txt find answer: 0.020000
benchmarks_simp/INST_25x25/0/inst25x25_0_77.txt : 102 ms.
--------------------------------------------------
======================================================================
current best clash: 0
----------------------------------------------------------------------
current col clash: 0
current row clash: 0
current squ clash: 0
benchmarks_simp/INST_25x25/0/inst25x25_0_78.txt find answer: 0.010000
benchmarks_simp/INST_25x25/0/inst25x25_0_78.txt : 93 ms.
--------------------------------------------------
======================================================================
current best clash: 0
----------------------------------------------------------------------
current col clash: 0
current row clash: 0
current squ clash: 0
benchmarks_simp/INST_25x25/0/inst25x25_0_79.txt find answer: 0.020000
benchmarks_simp/INST_25x25/0/inst25x25_0_79.txt : 93 ms.
--------------------------------------------------
======================================================================
current best clash: 0
----------------------------------------------------------------------
current col clash: 0
current row clash: 0
current squ clash: 0
benchmarks_simp/INST_25x25/0/inst25x25_0_7.txt find answer: 0.020000
benchmarks_simp/INST_25x25/0/inst25x25_0_7.txt : 94 ms.
--------------------------------------------------
======================================================================
current best clash: 0
----------------------------------------------------------------------
current col clash: 0
current row clash: 0
current squ clash: 0
benchmarks_simp/INST_25x25/0/inst25x25_0_80.txt find answer: 0.020000
benchmarks_simp/INST_25x25/0/inst25x25_0_80.txt : 96 ms.
--------------------------------------------------
======================================================================
current best clash: 0
----------------------------------------------------------------------
current col clash: 0
current row clash: 0
current squ clash: 0
benchmarks_simp/INST_25x25/0/inst25x25_0_81.txt find answer: 0.010000
benchmarks_simp/INST_25x25/0/inst25x25_0_81.txt : 94 ms.
--------------------------------------------------
======================================================================
current best clash: 0
----------------------------------------------------------------------
current col clash: 0
current row clash: 0
current squ clash: 0
benchmarks_simp/INST_25x25/0/inst25x25_0_82.txt find answer: 0.020000
benchmarks_simp/INST_25x25/0/inst25x25_0_82.txt : 94 ms.
--------------------------------------------------
======================================================================
current best clash: 0
----------------------------------------------------------------------
current col clash: 0
current row clash: 0
current squ clash: 0
benchmarks_simp/INST_25x25/0/inst25x25_0_83.txt find answer: 0.030000
benchmarks_simp/INST_25x25/0/inst25x25_0_83.txt : 91 ms.
--------------------------------------------------
======================================================================
current best clash: 0
----------------------------------------------------------------------
current col clash: 0
current row clash: 0
current squ clash: 0
benchmarks_simp/INST_25x25/0/inst25x25_0_84.txt find answer: 0.020000
benchmarks_simp/INST_25x25/0/inst25x25_0_84.txt : 98 ms.
--------------------------------------------------
======================================================================
current best clash: 0
----------------------------------------------------------------------
current col clash: 0
current row clash: 0
current squ clash: 0
benchmarks_simp/INST_25x25/0/inst25x25_0_85.txt find answer: 0.020000
benchmarks_simp/INST_25x25/0/inst25x25_0_85.txt : 90 ms.
--------------------------------------------------
======================================================================
current best clash: 0
----------------------------------------------------------------------
current col clash: 0
current row clash: 0
current squ clash: 0
benchmarks_simp/INST_25x25/0/inst25x25_0_86.txt find answer: 0.020000
benchmarks_simp/INST_25x25/0/inst25x25_0_86.txt : 89 ms.
--------------------------------------------------
======================================================================
current best clash: 0
----------------------------------------------------------------------
current col clash: 0
current row clash: 0
current squ clash: 0
benchmarks_simp/INST_25x25/0/inst25x25_0_87.txt find answer: 0.020000
benchmarks_simp/INST_25x25/0/inst25x25_0_87.txt : 117 ms.
--------------------------------------------------
======================================================================
current best clash: 0
----------------------------------------------------------------------
current col clash: 0
current row clash: 0
current squ clash: 0
benchmarks_simp/INST_25x25/0/inst25x25_0_88.txt find answer: 0.020000
benchmarks_simp/INST_25x25/0/inst25x25_0_88.txt : 93 ms.
--------------------------------------------------
======================================================================
current best clash: 0
----------------------------------------------------------------------
current col clash: 0
current row clash: 0
current squ clash: 0
benchmarks_simp/INST_25x25/0/inst25x25_0_89.txt find answer: 0.020000
benchmarks_simp/INST_25x25/0/inst25x25_0_89.txt : 91 ms.
--------------------------------------------------
======================================================================
current best clash: 0
----------------------------------------------------------------------
current col clash: 0
current row clash: 0
current squ clash: 0
benchmarks_simp/INST_25x25/0/inst25x25_0_8.txt find answer: 0.020000
benchmarks_simp/INST_25x25/0/inst25x25_0_8.txt : 94 ms.
--------------------------------------------------
======================================================================
current best clash: 0
----------------------------------------------------------------------
current col clash: 0
current row clash: 0
current squ clash: 0
benchmarks_simp/INST_25x25/0/inst25x25_0_90.txt find answer: 0.020000
benchmarks_simp/INST_25x25/0/inst25x25_0_90.txt : 95 ms.
--------------------------------------------------
======================================================================
current best clash: 0
----------------------------------------------------------------------
current col clash: 0
current row clash: 0
current squ clash: 0
benchmarks_simp/INST_25x25/0/inst25x25_0_91.txt find answer: 0.030000
benchmarks_simp/INST_25x25/0/inst25x25_0_91.txt : 402 ms.
--------------------------------------------------
======================================================================
current best clash: 0
----------------------------------------------------------------------
current col clash: 0
current row clash: 0
current squ clash: 0
benchmarks_simp/INST_25x25/0/inst25x25_0_92.txt find answer: 0.020000
benchmarks_simp/INST_25x25/0/inst25x25_0_92.txt : 500 ms.
--------------------------------------------------
======================================================================
current best clash: 0
----------------------------------------------------------------------
current col clash: 0
current row clash: 0
current squ clash: 0
benchmarks_simp/INST_25x25/0/inst25x25_0_93.txt find answer: 0.020000
benchmarks_simp/INST_25x25/0/inst25x25_0_93.txt : 93 ms.
--------------------------------------------------
======================================================================
current best clash: 0
----------------------------------------------------------------------
current col clash: 0
current row clash: 0
current squ clash: 0
benchmarks_simp/INST_25x25/0/inst25x25_0_94.txt find answer: 0.010000
benchmarks_simp/INST_25x25/0/inst25x25_0_94.txt : 94 ms.
--------------------------------------------------
======================================================================
current best clash: 0
----------------------------------------------------------------------
current col clash: 0
current row clash: 0
current squ clash: 0
benchmarks_simp/INST_25x25/0/inst25x25_0_95.txt find answer: 0.020000
benchmarks_simp/INST_25x25/0/inst25x25_0_95.txt : 90 ms.
--------------------------------------------------
======================================================================
current best clash: 0
----------------------------------------------------------------------
current col clash: 0
current row clash: 0
current squ clash: 0
benchmarks_simp/INST_25x25/0/inst25x25_0_96.txt find answer: 0.010000
benchmarks_simp/INST_25x25/0/inst25x25_0_96.txt : 91 ms.
--------------------------------------------------
======================================================================
current best clash: 0
----------------------------------------------------------------------
current col clash: 0
current row clash: 0
current squ clash: 0
benchmarks_simp/INST_25x25/0/inst25x25_0_97.txt find answer: 0.020000
benchmarks_simp/INST_25x25/0/inst25x25_0_97.txt : 94 ms.
--------------------------------------------------
======================================================================
current best clash: 0
----------------------------------------------------------------------
current col clash: 0
current row clash: 0
current squ clash: 0
benchmarks_simp/INST_25x25/0/inst25x25_0_98.txt find answer: 0.010000
benchmarks_simp/INST_25x25/0/inst25x25_0_98.txt : 95 ms.
--------------------------------------------------
======================================================================
current best clash: 0
----------------------------------------------------------------------
current col clash: 0
current row clash: 0
current squ clash: 0
benchmarks_simp/INST_25x25/0/inst25x25_0_99.txt find answer: 0.020000
benchmarks_simp/INST_25x25/0/inst25x25_0_99.txt : 90 ms.
--------------------------------------------------
======================================================================
current best clash: 0
----------------------------------------------------------------------
current col clash: 0
current row clash: 0
current squ clash: 0
benchmarks_simp/INST_25x25/0/inst25x25_0_9.txt find answer: 0.020000
benchmarks_simp/INST_25x25/0/inst25x25_0_9.txt : 89 ms.
