--------------------------------------------------
======================================================================
current best clash: 0
----------------------------------------------------------------------
current col clash: 0
current row clash: 0
current squ clash: 0
benchmarks_simp/INST_25x25/80/inst25x25_80_0.txt find answer: 0.000000
benchmarks_simp/INST_25x25/80/inst25x25_80_0.txt : 70 ms.
--------------------------------------------------
======================================================================
current best clash: 0
----------------------------------------------------------------------
current col clash: 0
current row clash: 0
current squ clash: 0
benchmarks_simp/INST_25x25/80/inst25x25_80_10.txt find answer: 0.000000
benchmarks_simp/INST_25x25/80/inst25x25_80_10.txt : 76 ms.
--------------------------------------------------
======================================================================
current best clash: 0
----------------------------------------------------------------------
current col clash: 0
current row clash: 0
current squ clash: 0
benchmarks_simp/INST_25x25/80/inst25x25_80_11.txt find answer: 0.000000
benchmarks_simp/INST_25x25/80/inst25x25_80_11.txt : 1159 ms.
--------------------------------------------------
======================================================================
current best clash: 0
----------------------------------------------------------------------
current col clash: 0
current row clash: 0
current squ clash: 0
benchmarks_simp/INST_25x25/80/inst25x25_80_12.txt find answer: 0.000000
benchmarks_simp/INST_25x25/80/inst25x25_80_12.txt : 83 ms.
--------------------------------------------------
======================================================================
current best clash: 0
----------------------------------------------------------------------
current col clash: 0
current row clash: 0
current squ clash: 0
benchmarks_simp/INST_25x25/80/inst25x25_80_13.txt find answer: 0.000000
benchmarks_simp/INST_25x25/80/inst25x25_80_13.txt : 85 ms.
--------------------------------------------------
======================================================================
current best clash: 0
----------------------------------------------------------------------
current col clash: 0
current row clash: 0
current squ clash: 0
benchmarks_simp/INST_25x25/80/inst25x25_80_14.txt find answer: 0.000000
benchmarks_simp/INST_25x25/80/inst25x25_80_14.txt : 84 ms.
--------------------------------------------------
======================================================================
current best clash: 0
----------------------------------------------------------------------
current col clash: 0
current row clash: 0
current squ clash: 0
benchmarks_simp/INST_25x25/80/inst25x25_80_15.txt find answer: 0.000000
benchmarks_simp/INST_25x25/80/inst25x25_80_15.txt : 78 ms.
--------------------------------------------------
======================================================================
current best clash: 0
----------------------------------------------------------------------
current col clash: 0
current row clash: 0
current squ clash: 0
benchmarks_simp/INST_25x25/80/inst25x25_80_16.txt find answer: 0.000000
benchmarks_simp/INST_25x25/80/inst25x25_80_16.txt : 85 ms.
--------------------------------------------------
======================================================================
current best clash: 0
----------------------------------------------------------------------
current col clash: 0
current row clash: 0
current squ clash: 0
benchmarks_simp/INST_25x25/80/inst25x25_80_17.txt find answer: 0.000000
benchmarks_simp/INST_25x25/80/inst25x25_80_17.txt : 79 ms.
--------------------------------------------------
======================================================================
current best clash: 0
----------------------------------------------------------------------
current col clash: 0
current row clash: 0
current squ clash: 0
benchmarks_simp/INST_25x25/80/inst25x25_80_18.txt find answer: 0.000000
benchmarks_simp/INST_25x25/80/inst25x25_80_18.txt : 78 ms.
--------------------------------------------------
======================================================================
current best clash: 0
----------------------------------------------------------------------
current col clash: 0
current row clash: 0
current squ clash: 0
benchmarks_simp/INST_25x25/80/inst25x25_80_19.txt find answer: 0.000000
benchmarks_simp/INST_25x25/80/inst25x25_80_19.txt : 78 ms.
--------------------------------------------------
======================================================================
current best clash: 0
----------------------------------------------------------------------
current col clash: 0
current row clash: 0
current squ clash: 0
benchmarks_simp/INST_25x25/80/inst25x25_80_1.txt find answer: 0.000000
benchmarks_simp/INST_25x25/80/inst25x25_80_1.txt : 83 ms.
--------------------------------------------------
======================================================================
current best clash: 0
----------------------------------------------------------------------
current col clash: 0
current row clash: 0
current squ clash: 0
benchmarks_simp/INST_25x25/80/inst25x25_80_20.txt find answer: 0.000000
benchmarks_simp/INST_25x25/80/inst25x25_80_20.txt : 80 ms.
--------------------------------------------------
======================================================================
current best clash: 0
----------------------------------------------------------------------
current col clash: 0
current row clash: 0
current squ clash: 0
benchmarks_simp/INST_25x25/80/inst25x25_80_21.txt find answer: 0.000000
benchmarks_simp/INST_25x25/80/inst25x25_80_21.txt : 74 ms.
--------------------------------------------------
======================================================================
current best clash: 0
----------------------------------------------------------------------
current col clash: 0
current row clash: 0
current squ clash: 0
benchmarks_simp/INST_25x25/80/inst25x25_80_22.txt find answer: 0.000000
benchmarks_simp/INST_25x25/80/inst25x25_80_22.txt : 85 ms.
--------------------------------------------------
======================================================================
current best clash: 0
----------------------------------------------------------------------
current col clash: 0
current row clash: 0
current squ clash: 0
benchmarks_simp/INST_25x25/80/inst25x25_80_23.txt find answer: 0.000000
benchmarks_simp/INST_25x25/80/inst25x25_80_23.txt : 83 ms.
--------------------------------------------------
======================================================================
current best clash: 0
----------------------------------------------------------------------
current col clash: 0
current row clash: 0
current squ clash: 0
benchmarks_simp/INST_25x25/80/inst25x25_80_24.txt find answer: 0.000000
benchmarks_simp/INST_25x25/80/inst25x25_80_24.txt : 77 ms.
--------------------------------------------------
======================================================================
current best clash: 0
----------------------------------------------------------------------
current col clash: 0
current row clash: 0
current squ clash: 0
benchmarks_simp/INST_25x25/80/inst25x25_80_25.txt find answer: 0.000000
benchmarks_simp/INST_25x25/80/inst25x25_80_25.txt : 73 ms.
--------------------------------------------------
======================================================================
current best clash: 0
----------------------------------------------------------------------
current col clash: 0
current row clash: 0
current squ clash: 0
benchmarks_simp/INST_25x25/80/inst25x25_80_26.txt find answer: 0.000000
benchmarks_simp/INST_25x25/80/inst25x25_80_26.txt : 95 ms.
--------------------------------------------------
======================================================================
current best clash: 0
----------------------------------------------------------------------
current col clash: 0
current row clash: 0
current squ clash: 0
benchmarks_simp/INST_25x25/80/inst25x25_80_27.txt find answer: 0.000000
benchmarks_simp/INST_25x25/80/inst25x25_80_27.txt : 86 ms.
--------------------------------------------------
======================================================================
current best clash: 0
----------------------------------------------------------------------
current col clash: 0
current row clash: 0
current squ clash: 0
benchmarks_simp/INST_25x25/80/inst25x25_80_28.txt find answer: 0.000000
benchmarks_simp/INST_25x25/80/inst25x25_80_28.txt : 80 ms.
--------------------------------------------------
======================================================================
current best clash: 0
----------------------------------------------------------------------
current col clash: 0
current row clash: 0
current squ clash: 0
benchmarks_simp/INST_25x25/80/inst25x25_80_29.txt find answer: 0.000000
benchmarks_simp/INST_25x25/80/inst25x25_80_29.txt : 96 ms.
--------------------------------------------------
======================================================================
current best clash: 0
----------------------------------------------------------------------
current col clash: 0
current row clash: 0
current squ clash: 0
benchmarks_simp/INST_25x25/80/inst25x25_80_2.txt find answer: 0.000000
benchmarks_simp/INST_25x25/80/inst25x25_80_2.txt : 78 ms.
--------------------------------------------------
======================================================================
current best clash: 0
----------------------------------------------------------------------
current col clash: 0
current row clash: 0
current squ clash: 0
benchmarks_simp/INST_25x25/80/inst25x25_80_30.txt find answer: 0.000000
benchmarks_simp/INST_25x25/80/inst25x25_80_30.txt : 75 ms.
--------------------------------------------------
======================================================================
current best clash: 0
----------------------------------------------------------------------
current col clash: 0
current row clash: 0
current squ clash: 0
benchmarks_simp/INST_25x25/80/inst25x25_80_31.txt find answer: 0.000000
benchmarks_simp/INST_25x25/80/inst25x25_80_31.txt : 77 ms.
--------------------------------------------------
======================================================================
current best clash: 0
----------------------------------------------------------------------
current col clash: 0
current row clash: 0
current squ clash: 0
benchmarks_simp/INST_25x25/80/inst25x25_80_32.txt find answer: 0.000000
benchmarks_simp/INST_25x25/80/inst25x25_80_32.txt : 76 ms.
--------------------------------------------------
======================================================================
current best clash: 0
----------------------------------------------------------------------
current col clash: 0
current row clash: 0
current squ clash: 0
benchmarks_simp/INST_25x25/80/inst25x25_80_33.txt find answer: 0.000000
benchmarks_simp/INST_25x25/80/inst25x25_80_33.txt : 81 ms.
--------------------------------------------------
======================================================================
current best clash: 0
----------------------------------------------------------------------
current col clash: 0
current row clash: 0
current squ clash: 0
benchmarks_simp/INST_25x25/80/inst25x25_80_34.txt find answer: 0.000000
benchmarks_simp/INST_25x25/80/inst25x25_80_34.txt : 76 ms.
--------------------------------------------------
======================================================================
current best clash: 0
----------------------------------------------------------------------
current col clash: 0
current row clash: 0
current squ clash: 0
benchmarks_simp/INST_25x25/80/inst25x25_80_35.txt find answer: 0.000000
benchmarks_simp/INST_25x25/80/inst25x25_80_35.txt : 82 ms.
--------------------------------------------------
======================================================================
current best clash: 0
----------------------------------------------------------------------
current col clash: 0
current row clash: 0
current squ clash: 0
benchmarks_simp/INST_25x25/80/inst25x25_80_36.txt find answer: 0.000000
benchmarks_simp/INST_25x25/80/inst25x25_80_36.txt : 78 ms.
--------------------------------------------------
======================================================================
current best clash: 0
----------------------------------------------------------------------
current col clash: 0
current row clash: 0
current squ clash: 0
benchmarks_simp/INST_25x25/80/inst25x25_80_37.txt find answer: 0.000000
benchmarks_simp/INST_25x25/80/inst25x25_80_37.txt : 80 ms.
--------------------------------------------------
======================================================================
current best clash: 0
----------------------------------------------------------------------
current col clash: 0
current row clash: 0
current squ clash: 0
benchmarks_simp/INST_25x25/80/inst25x25_80_38.txt find answer: 0.000000
benchmarks_simp/INST_25x25/80/inst25x25_80_38.txt : 81 ms.
--------------------------------------------------
======================================================================
current best clash: 0
----------------------------------------------------------------------
current col clash: 0
current row clash: 0
current squ clash: 0
benchmarks_simp/INST_25x25/80/inst25x25_80_39.txt find answer: 0.000000
benchmarks_simp/INST_25x25/80/inst25x25_80_39.txt : 79 ms.
--------------------------------------------------
======================================================================
current best clash: 0
----------------------------------------------------------------------
current col clash: 0
current row clash: 0
current squ clash: 0
benchmarks_simp/INST_25x25/80/inst25x25_80_3.txt find answer: 0.000000
benchmarks_simp/INST_25x25/80/inst25x25_80_3.txt : 71 ms.
--------------------------------------------------
======================================================================
current best clash: 0
----------------------------------------------------------------------
current col clash: 0
current row clash: 0
current squ clash: 0
benchmarks_simp/INST_25x25/80/inst25x25_80_40.txt find answer: 0.000000
benchmarks_simp/INST_25x25/80/inst25x25_80_40.txt : 79 ms.
--------------------------------------------------
======================================================================
current best clash: 0
----------------------------------------------------------------------
current col clash: 0
current row clash: 0
current squ clash: 0
benchmarks_simp/INST_25x25/80/inst25x25_80_41.txt find answer: 0.000000
benchmarks_simp/INST_25x25/80/inst25x25_80_41.txt : 77 ms.
--------------------------------------------------
======================================================================
current best clash: 0
----------------------------------------------------------------------
current col clash: 0
current row clash: 0
current squ clash: 0
benchmarks_simp/INST_25x25/80/inst25x25_80_42.txt find answer: 0.000000
benchmarks_simp/INST_25x25/80/inst25x25_80_42.txt : 82 ms.
--------------------------------------------------
======================================================================
current best clash: 0
----------------------------------------------------------------------
current col clash: 0
current row clash: 0
current squ clash: 0
benchmarks_simp/INST_25x25/80/inst25x25_80_43.txt find answer: 0.000000
benchmarks_simp/INST_25x25/80/inst25x25_80_43.txt : 77 ms.
--------------------------------------------------
======================================================================
current best clash: 0
----------------------------------------------------------------------
current col clash: 0
current row clash: 0
current squ clash: 0
benchmarks_simp/INST_25x25/80/inst25x25_80_44.txt find answer: 0.000000
benchmarks_simp/INST_25x25/80/inst25x25_80_44.txt : 79 ms.
--------------------------------------------------
======================================================================
current best clash: 0
----------------------------------------------------------------------
current col clash: 0
current row clash: 0
current squ clash: 0
benchmarks_simp/INST_25x25/80/inst25x25_80_45.txt find answer: 0.000000
benchmarks_simp/INST_25x25/80/inst25x25_80_45.txt : 92 ms.
--------------------------------------------------
======================================================================
current best clash: 0
----------------------------------------------------------------------
current col clash: 0
current row clash: 0
current squ clash: 0
benchmarks_simp/INST_25x25/80/inst25x25_80_46.txt find answer: 0.000000
benchmarks_simp/INST_25x25/80/inst25x25_80_46.txt : 79 ms.
--------------------------------------------------
======================================================================
current best clash: 0
----------------------------------------------------------------------
current col clash: 0
current row clash: 0
current squ clash: 0
benchmarks_simp/INST_25x25/80/inst25x25_80_47.txt find answer: 0.000000
benchmarks_simp/INST_25x25/80/inst25x25_80_47.txt : 80 ms.
--------------------------------------------------
======================================================================
current best clash: 0
----------------------------------------------------------------------
current col clash: 0
current row clash: 0
current squ clash: 0
benchmarks_simp/INST_25x25/80/inst25x25_80_48.txt find answer: 0.000000
benchmarks_simp/INST_25x25/80/inst25x25_80_48.txt : 82 ms.
--------------------------------------------------
======================================================================
current best clash: 0
----------------------------------------------------------------------
current col clash: 0
current row clash: 0
current squ clash: 0
benchmarks_simp/INST_25x25/80/inst25x25_80_49.txt find answer: 0.000000
benchmarks_simp/INST_25x25/80/inst25x25_80_49.txt : 73 ms.
--------------------------------------------------
======================================================================
current best clash: 0
----------------------------------------------------------------------
current col clash: 0
current row clash: 0
current squ clash: 0
benchmarks_simp/INST_25x25/80/inst25x25_80_4.txt find answer: 0.000000
benchmarks_simp/INST_25x25/80/inst25x25_80_4.txt : 78 ms.
--------------------------------------------------
======================================================================
current best clash: 0
----------------------------------------------------------------------
current col clash: 0
current row clash: 0
current squ clash: 0
benchmarks_simp/INST_25x25/80/inst25x25_80_50.txt find answer: 0.000000
benchmarks_simp/INST_25x25/80/inst25x25_80_50.txt : 81 ms.
--------------------------------------------------
======================================================================
current best clash: 0
----------------------------------------------------------------------
current col clash: 0
current row clash: 0
current squ clash: 0
benchmarks_simp/INST_25x25/80/inst25x25_80_51.txt find answer: 0.000000
benchmarks_simp/INST_25x25/80/inst25x25_80_51.txt : 76 ms.
--------------------------------------------------
======================================================================
current best clash: 0
----------------------------------------------------------------------
current col clash: 0
current row clash: 0
current squ clash: 0
benchmarks_simp/INST_25x25/80/inst25x25_80_52.txt find answer: 0.000000
benchmarks_simp/INST_25x25/80/inst25x25_80_52.txt : 78 ms.
--------------------------------------------------
======================================================================
current best clash: 0
----------------------------------------------------------------------
current col clash: 0
current row clash: 0
current squ clash: 0
benchmarks_simp/INST_25x25/80/inst25x25_80_53.txt find answer: 0.000000
benchmarks_simp/INST_25x25/80/inst25x25_80_53.txt : 79 ms.
--------------------------------------------------
======================================================================
current best clash: 0
----------------------------------------------------------------------
current col clash: 0
current row clash: 0
current squ clash: 0
benchmarks_simp/INST_25x25/80/inst25x25_80_54.txt find answer: 0.000000
benchmarks_simp/INST_25x25/80/inst25x25_80_54.txt : 84 ms.
--------------------------------------------------
======================================================================
current best clash: 0
----------------------------------------------------------------------
current col clash: 0
current row clash: 0
current squ clash: 0
benchmarks_simp/INST_25x25/80/inst25x25_80_55.txt find answer: 0.000000
benchmarks_simp/INST_25x25/80/inst25x25_80_55.txt : 73 ms.
--------------------------------------------------
======================================================================
current best clash: 0
----------------------------------------------------------------------
current col clash: 0
current row clash: 0
current squ clash: 0
benchmarks_simp/INST_25x25/80/inst25x25_80_56.txt find answer: 0.000000
benchmarks_simp/INST_25x25/80/inst25x25_80_56.txt : 74 ms.
--------------------------------------------------
======================================================================
current best clash: 0
----------------------------------------------------------------------
current col clash: 0
current row clash: 0
current squ clash: 0
benchmarks_simp/INST_25x25/80/inst25x25_80_57.txt find answer: 0.000000
benchmarks_simp/INST_25x25/80/inst25x25_80_57.txt : 74 ms.
--------------------------------------------------
======================================================================
current best clash: 0
----------------------------------------------------------------------
current col clash: 0
current row clash: 0
current squ clash: 0
benchmarks_simp/INST_25x25/80/inst25x25_80_58.txt find answer: 0.000000
benchmarks_simp/INST_25x25/80/inst25x25_80_58.txt : 76 ms.
--------------------------------------------------
======================================================================
current best clash: 0
----------------------------------------------------------------------
current col clash: 0
current row clash: 0
current squ clash: 0
benchmarks_simp/INST_25x25/80/inst25x25_80_59.txt find answer: 0.000000
benchmarks_simp/INST_25x25/80/inst25x25_80_59.txt : 86 ms.
--------------------------------------------------
======================================================================
current best clash: 0
----------------------------------------------------------------------
current col clash: 0
current row clash: 0
current squ clash: 0
benchmarks_simp/INST_25x25/80/inst25x25_80_5.txt find answer: 0.000000
benchmarks_simp/INST_25x25/80/inst25x25_80_5.txt : 78 ms.
--------------------------------------------------
======================================================================
current best clash: 0
----------------------------------------------------------------------
current col clash: 0
current row clash: 0
current squ clash: 0
benchmarks_simp/INST_25x25/80/inst25x25_80_60.txt find answer: 0.000000
benchmarks_simp/INST_25x25/80/inst25x25_80_60.txt : 79 ms.
--------------------------------------------------
======================================================================
current best clash: 0
----------------------------------------------------------------------
current col clash: 0
current row clash: 0
current squ clash: 0
benchmarks_simp/INST_25x25/80/inst25x25_80_61.txt find answer: 0.000000
benchmarks_simp/INST_25x25/80/inst25x25_80_61.txt : 81 ms.
--------------------------------------------------
======================================================================
current best clash: 0
----------------------------------------------------------------------
current col clash: 0
current row clash: 0
current squ clash: 0
benchmarks_simp/INST_25x25/80/inst25x25_80_62.txt find answer: 0.000000
benchmarks_simp/INST_25x25/80/inst25x25_80_62.txt : 75 ms.
--------------------------------------------------
======================================================================
current best clash: 0
----------------------------------------------------------------------
current col clash: 0
current row clash: 0
current squ clash: 0
benchmarks_simp/INST_25x25/80/inst25x25_80_63.txt find answer: 0.000000
benchmarks_simp/INST_25x25/80/inst25x25_80_63.txt : 78 ms.
--------------------------------------------------
======================================================================
current best clash: 0
----------------------------------------------------------------------
current col clash: 0
current row clash: 0
current squ clash: 0
benchmarks_simp/INST_25x25/80/inst25x25_80_64.txt find answer: 0.000000
benchmarks_simp/INST_25x25/80/inst25x25_80_64.txt : 77 ms.
--------------------------------------------------
======================================================================
current best clash: 0
----------------------------------------------------------------------
current col clash: 0
current row clash: 0
current squ clash: 0
benchmarks_simp/INST_25x25/80/inst25x25_80_65.txt find answer: 0.000000
benchmarks_simp/INST_25x25/80/inst25x25_80_65.txt : 82 ms.
--------------------------------------------------
======================================================================
current best clash: 0
----------------------------------------------------------------------
current col clash: 0
current row clash: 0
current squ clash: 0
benchmarks_simp/INST_25x25/80/inst25x25_80_66.txt find answer: 0.000000
benchmarks_simp/INST_25x25/80/inst25x25_80_66.txt : 70 ms.
--------------------------------------------------
======================================================================
current best clash: 0
----------------------------------------------------------------------
current col clash: 0
current row clash: 0
current squ clash: 0
benchmarks_simp/INST_25x25/80/inst25x25_80_67.txt find answer: 0.000000
benchmarks_simp/INST_25x25/80/inst25x25_80_67.txt : 81 ms.
--------------------------------------------------
======================================================================
current best clash: 0
----------------------------------------------------------------------
current col clash: 0
current row clash: 0
current squ clash: 0
benchmarks_simp/INST_25x25/80/inst25x25_80_68.txt find answer: 0.000000
benchmarks_simp/INST_25x25/80/inst25x25_80_68.txt : 81 ms.
--------------------------------------------------
======================================================================
current best clash: 0
----------------------------------------------------------------------
current col clash: 0
current row clash: 0
current squ clash: 0
benchmarks_simp/INST_25x25/80/inst25x25_80_69.txt find answer: 0.000000
benchmarks_simp/INST_25x25/80/inst25x25_80_69.txt : 78 ms.
--------------------------------------------------
======================================================================
current best clash: 0
----------------------------------------------------------------------
current col clash: 0
current row clash: 0
current squ clash: 0
benchmarks_simp/INST_25x25/80/inst25x25_80_6.txt find answer: 0.000000
benchmarks_simp/INST_25x25/80/inst25x25_80_6.txt : 79 ms.
--------------------------------------------------
======================================================================
current best clash: 0
----------------------------------------------------------------------
current col clash: 0
current row clash: 0
current squ clash: 0
benchmarks_simp/INST_25x25/80/inst25x25_80_70.txt find answer: 0.000000
benchmarks_simp/INST_25x25/80/inst25x25_80_70.txt : 73 ms.
--------------------------------------------------
======================================================================
current best clash: 0
----------------------------------------------------------------------
current col clash: 0
current row clash: 0
current squ clash: 0
benchmarks_simp/INST_25x25/80/inst25x25_80_71.txt find answer: 0.000000
benchmarks_simp/INST_25x25/80/inst25x25_80_71.txt : 68 ms.
--------------------------------------------------
======================================================================
current best clash: 0
----------------------------------------------------------------------
current col clash: 0
current row clash: 0
current squ clash: 0
benchmarks_simp/INST_25x25/80/inst25x25_80_72.txt find answer: 0.000000
benchmarks_simp/INST_25x25/80/inst25x25_80_72.txt : 77 ms.
--------------------------------------------------
======================================================================
current best clash: 0
----------------------------------------------------------------------
current col clash: 0
current row clash: 0
current squ clash: 0
benchmarks_simp/INST_25x25/80/inst25x25_80_73.txt find answer: 0.000000
benchmarks_simp/INST_25x25/80/inst25x25_80_73.txt : 78 ms.
--------------------------------------------------
======================================================================
current best clash: 0
----------------------------------------------------------------------
current col clash: 0
current row clash: 0
current squ clash: 0
benchmarks_simp/INST_25x25/80/inst25x25_80_74.txt find answer: 0.000000
benchmarks_simp/INST_25x25/80/inst25x25_80_74.txt : 71 ms.
--------------------------------------------------
======================================================================
current best clash: 0
----------------------------------------------------------------------
current col clash: 0
current row clash: 0
current squ clash: 0
benchmarks_simp/INST_25x25/80/inst25x25_80_75.txt find answer: 0.000000
benchmarks_simp/INST_25x25/80/inst25x25_80_75.txt : 75 ms.
--------------------------------------------------
======================================================================
current best clash: 0
----------------------------------------------------------------------
current col clash: 0
current row clash: 0
current squ clash: 0
benchmarks_simp/INST_25x25/80/inst25x25_80_76.txt find answer: 0.000000
benchmarks_simp/INST_25x25/80/inst25x25_80_76.txt : 79 ms.
--------------------------------------------------
======================================================================
current best clash: 0
----------------------------------------------------------------------
current col clash: 0
current row clash: 0
current squ clash: 0
benchmarks_simp/INST_25x25/80/inst25x25_80_77.txt find answer: 0.000000
benchmarks_simp/INST_25x25/80/inst25x25_80_77.txt : 89 ms.
--------------------------------------------------
======================================================================
current best clash: 0
----------------------------------------------------------------------
current col clash: 0
current row clash: 0
current squ clash: 0
benchmarks_simp/INST_25x25/80/inst25x25_80_78.txt find answer: 0.000000
benchmarks_simp/INST_25x25/80/inst25x25_80_78.txt : 82 ms.
--------------------------------------------------
======================================================================
current best clash: 0
----------------------------------------------------------------------
current col clash: 0
current row clash: 0
current squ clash: 0
benchmarks_simp/INST_25x25/80/inst25x25_80_79.txt find answer: 0.000000
benchmarks_simp/INST_25x25/80/inst25x25_80_79.txt : 89 ms.
--------------------------------------------------
======================================================================
current best clash: 0
----------------------------------------------------------------------
current col clash: 0
current row clash: 0
current squ clash: 0
benchmarks_simp/INST_25x25/80/inst25x25_80_7.txt find answer: 0.000000
benchmarks_simp/INST_25x25/80/inst25x25_80_7.txt : 80 ms.
--------------------------------------------------
======================================================================
current best clash: 0
----------------------------------------------------------------------
current col clash: 0
current row clash: 0
current squ clash: 0
benchmarks_simp/INST_25x25/80/inst25x25_80_80.txt find answer: 0.000000
benchmarks_simp/INST_25x25/80/inst25x25_80_80.txt : 74 ms.
--------------------------------------------------
======================================================================
current best clash: 0
----------------------------------------------------------------------
current col clash: 0
current row clash: 0
current squ clash: 0
benchmarks_simp/INST_25x25/80/inst25x25_80_81.txt find answer: 0.000000
benchmarks_simp/INST_25x25/80/inst25x25_80_81.txt : 78 ms.
--------------------------------------------------
======================================================================
current best clash: 0
----------------------------------------------------------------------
current col clash: 0
current row clash: 0
current squ clash: 0
benchmarks_simp/INST_25x25/80/inst25x25_80_82.txt find answer: 0.000000
benchmarks_simp/INST_25x25/80/inst25x25_80_82.txt : 79 ms.
--------------------------------------------------
======================================================================
current best clash: 0
----------------------------------------------------------------------
current col clash: 0
current row clash: 0
current squ clash: 0
benchmarks_simp/INST_25x25/80/inst25x25_80_83.txt find answer: 0.000000
benchmarks_simp/INST_25x25/80/inst25x25_80_83.txt : 72 ms.
--------------------------------------------------
======================================================================
current best clash: 0
----------------------------------------------------------------------
current col clash: 0
current row clash: 0
current squ clash: 0
benchmarks_simp/INST_25x25/80/inst25x25_80_84.txt find answer: 0.000000
benchmarks_simp/INST_25x25/80/inst25x25_80_84.txt : 69 ms.
--------------------------------------------------
======================================================================
current best clash: 0
----------------------------------------------------------------------
current col clash: 0
current row clash: 0
current squ clash: 0
benchmarks_simp/INST_25x25/80/inst25x25_80_85.txt find answer: 0.000000
benchmarks_simp/INST_25x25/80/inst25x25_80_85.txt : 75 ms.
--------------------------------------------------
======================================================================
current best clash: 0
----------------------------------------------------------------------
current col clash: 0
current row clash: 0
current squ clash: 0
benchmarks_simp/INST_25x25/80/inst25x25_80_86.txt find answer: 0.000000
benchmarks_simp/INST_25x25/80/inst25x25_80_86.txt : 76 ms.
--------------------------------------------------
======================================================================
current best clash: 0
----------------------------------------------------------------------
current col clash: 0
current row clash: 0
current squ clash: 0
benchmarks_simp/INST_25x25/80/inst25x25_80_87.txt find answer: 0.000000
benchmarks_simp/INST_25x25/80/inst25x25_80_87.txt : 79 ms.
--------------------------------------------------
======================================================================
current best clash: 0
----------------------------------------------------------------------
current col clash: 0
current row clash: 0
current squ clash: 0
benchmarks_simp/INST_25x25/80/inst25x25_80_88.txt find answer: 0.000000
benchmarks_simp/INST_25x25/80/inst25x25_80_88.txt : 82 ms.
--------------------------------------------------
======================================================================
current best clash: 0
----------------------------------------------------------------------
current col clash: 0
current row clash: 0
current squ clash: 0
benchmarks_simp/INST_25x25/80/inst25x25_80_89.txt find answer: 0.000000
benchmarks_simp/INST_25x25/80/inst25x25_80_89.txt : 73 ms.
--------------------------------------------------
======================================================================
current best clash: 0
----------------------------------------------------------------------
current col clash: 0
current row clash: 0
current squ clash: 0
benchmarks_simp/INST_25x25/80/inst25x25_80_8.txt find answer: 0.000000
benchmarks_simp/INST_25x25/80/inst25x25_80_8.txt : 73 ms.
--------------------------------------------------
======================================================================
current best clash: 0
----------------------------------------------------------------------
current col clash: 0
current row clash: 0
current squ clash: 0
benchmarks_simp/INST_25x25/80/inst25x25_80_90.txt find answer: 0.000000
benchmarks_simp/INST_25x25/80/inst25x25_80_90.txt : 83 ms.
--------------------------------------------------
======================================================================
current best clash: 0
----------------------------------------------------------------------
current col clash: 0
current row clash: 0
current squ clash: 0
benchmarks_simp/INST_25x25/80/inst25x25_80_91.txt find answer: 0.000000
benchmarks_simp/INST_25x25/80/inst25x25_80_91.txt : 74 ms.
--------------------------------------------------
======================================================================
current best clash: 0
----------------------------------------------------------------------
current col clash: 0
current row clash: 0
current squ clash: 0
benchmarks_simp/INST_25x25/80/inst25x25_80_92.txt find answer: 0.000000
benchmarks_simp/INST_25x25/80/inst25x25_80_92.txt : 74 ms.
--------------------------------------------------
======================================================================
current best clash: 0
----------------------------------------------------------------------
current col clash: 0
current row clash: 0
current squ clash: 0
benchmarks_simp/INST_25x25/80/inst25x25_80_93.txt find answer: 0.000000
benchmarks_simp/INST_25x25/80/inst25x25_80_93.txt : 75 ms.
--------------------------------------------------
======================================================================
current best clash: 0
----------------------------------------------------------------------
current col clash: 0
current row clash: 0
current squ clash: 0
benchmarks_simp/INST_25x25/80/inst25x25_80_94.txt find answer: 0.000000
benchmarks_simp/INST_25x25/80/inst25x25_80_94.txt : 80 ms.
--------------------------------------------------
======================================================================
current best clash: 0
----------------------------------------------------------------------
current col clash: 0
current row clash: 0
current squ clash: 0
benchmarks_simp/INST_25x25/80/inst25x25_80_95.txt find answer: 0.000000
benchmarks_simp/INST_25x25/80/inst25x25_80_95.txt : 73 ms.
--------------------------------------------------
======================================================================
current best clash: 0
----------------------------------------------------------------------
current col clash: 0
current row clash: 0
current squ clash: 0
benchmarks_simp/INST_25x25/80/inst25x25_80_96.txt find answer: 0.000000
benchmarks_simp/INST_25x25/80/inst25x25_80_96.txt : 81 ms.
--------------------------------------------------
======================================================================
current best clash: 0
----------------------------------------------------------------------
current col clash: 0
current row clash: 0
current squ clash: 0
benchmarks_simp/INST_25x25/80/inst25x25_80_97.txt find answer: 0.000000
benchmarks_simp/INST_25x25/80/inst25x25_80_97.txt : 74 ms.
--------------------------------------------------
======================================================================
current best clash: 0
----------------------------------------------------------------------
current col clash: 0
current row clash: 0
current squ clash: 0
benchmarks_simp/INST_25x25/80/inst25x25_80_98.txt find answer: 0.000000
benchmarks_simp/INST_25x25/80/inst25x25_80_98.txt : 72 ms.
--------------------------------------------------
======================================================================
current best clash: 0
----------------------------------------------------------------------
current col clash: 0
current row clash: 0
current squ clash: 0
benchmarks_simp/INST_25x25/80/inst25x25_80_99.txt find answer: 0.000000
benchmarks_simp/INST_25x25/80/inst25x25_80_99.txt : 74 ms.
--------------------------------------------------
======================================================================
current best clash: 0
----------------------------------------------------------------------
current col clash: 0
current row clash: 0
current squ clash: 0
benchmarks_simp/INST_25x25/80/inst25x25_80_9.txt find answer: 0.000000
benchmarks_simp/INST_25x25/80/inst25x25_80_9.txt : 79 ms.
