--------------------------------------------------
benchmarks/INST_64x64/50/inst64x64_50_0.txt : 1010606 ms.
--------------------------------------------------
benchmarks/INST_64x64/50/inst64x64_50_10.txt : 1003315 ms.
--------------------------------------------------
benchmarks/INST_64x64/50/inst64x64_50_11.txt : 1003209 ms.
--------------------------------------------------
benchmarks/INST_64x64/50/inst64x64_50_12.txt : 1009196 ms.
--------------------------------------------------
benchmarks/INST_64x64/50/inst64x64_50_13.txt : 1008032 ms.
--------------------------------------------------
benchmarks/INST_64x64/50/inst64x64_50_14.txt : 1003681 ms.
--------------------------------------------------
benchmarks/INST_64x64/50/inst64x64_50_15.txt : 1003765 ms.
--------------------------------------------------
benchmarks/INST_64x64/50/inst64x64_50_16.txt : 1004610 ms.
--------------------------------------------------
benchmarks/INST_64x64/50/inst64x64_50_17.txt : 1011378 ms.
--------------------------------------------------
benchmarks/INST_64x64/50/inst64x64_50_18.txt : 1012917 ms.
--------------------------------------------------
benchmarks/INST_64x64/50/inst64x64_50_19.txt : 1014059 ms.
--------------------------------------------------
benchmarks/INST_64x64/50/inst64x64_50_1.txt : 1010872 ms.
--------------------------------------------------
benchmarks/INST_64x64/50/inst64x64_50_20.txt : 1013586 ms.
--------------------------------------------------
benchmarks/INST_64x64/50/inst64x64_50_21.txt : 1008941 ms.
--------------------------------------------------
benchmarks/INST_64x64/50/inst64x64_50_22.txt : 1004808 ms.
--------------------------------------------------
benchmarks/INST_64x64/50/inst64x64_50_23.txt : 1006791 ms.
--------------------------------------------------
benchmarks/INST_64x64/50/inst64x64_50_24.txt : 1010137 ms.
--------------------------------------------------
benchmarks/INST_64x64/50/inst64x64_50_25.txt : 1007950 ms.
--------------------------------------------------
benchmarks/INST_64x64/50/inst64x64_50_26.txt : 1017966 ms.
--------------------------------------------------
benchmarks/INST_64x64/50/inst64x64_50_27.txt : 1011162 ms.
--------------------------------------------------
benchmarks/INST_64x64/50/inst64x64_50_28.txt : 1005800 ms.
--------------------------------------------------
benchmarks/INST_64x64/50/inst64x64_50_29.txt : 1014597 ms.
--------------------------------------------------
benchmarks/INST_64x64/50/inst64x64_50_2.txt : 1012362 ms.
--------------------------------------------------
benchmarks/INST_64x64/50/inst64x64_50_30.txt : 1012451 ms.
--------------------------------------------------
benchmarks/INST_64x64/50/inst64x64_50_31.txt : 1032958 ms.
--------------------------------------------------
benchmarks/INST_64x64/50/inst64x64_50_32.txt : 1010086 ms.
--------------------------------------------------
benchmarks/INST_64x64/50/inst64x64_50_33.txt : 1004282 ms.
--------------------------------------------------
benchmarks/INST_64x64/50/inst64x64_50_34.txt : 1009771 ms.
--------------------------------------------------
benchmarks/INST_64x64/50/inst64x64_50_35.txt : 1008710 ms.
--------------------------------------------------
benchmarks/INST_64x64/50/inst64x64_50_36.txt : 1003129 ms.
--------------------------------------------------
benchmarks/INST_64x64/50/inst64x64_50_37.txt : 1004462 ms.
--------------------------------------------------
benchmarks/INST_64x64/50/inst64x64_50_38.txt : 1003425 ms.
--------------------------------------------------
benchmarks/INST_64x64/50/inst64x64_50_39.txt : 1007197 ms.
--------------------------------------------------
benchmarks/INST_64x64/50/inst64x64_50_3.txt : 1009116 ms.
--------------------------------------------------
benchmarks/INST_64x64/50/inst64x64_50_40.txt : 1003266 ms.
--------------------------------------------------
benchmarks/INST_64x64/50/inst64x64_50_41.txt : 1007237 ms.
--------------------------------------------------
benchmarks/INST_64x64/50/inst64x64_50_42.txt : 1005838 ms.
--------------------------------------------------
benchmarks/INST_64x64/50/inst64x64_50_43.txt : 1013986 ms.
--------------------------------------------------
benchmarks/INST_64x64/50/inst64x64_50_44.txt : 1007053 ms.
--------------------------------------------------
benchmarks/INST_64x64/50/inst64x64_50_45.txt : 1005757 ms.
--------------------------------------------------
benchmarks/INST_64x64/50/inst64x64_50_46.txt : 1006997 ms.
--------------------------------------------------
benchmarks/INST_64x64/50/inst64x64_50_47.txt : 1004527 ms.
--------------------------------------------------
benchmarks/INST_64x64/50/inst64x64_50_48.txt : 1004734 ms.
--------------------------------------------------
benchmarks/INST_64x64/50/inst64x64_50_49.txt : 1006176 ms.
--------------------------------------------------
benchmarks/INST_64x64/50/inst64x64_50_4.txt : 1017467 ms.
--------------------------------------------------
benchmarks/INST_64x64/50/inst64x64_50_50.txt : 1007007 ms.
--------------------------------------------------
benchmarks/INST_64x64/50/inst64x64_50_51.txt : 1003257 ms.
--------------------------------------------------
benchmarks/INST_64x64/50/inst64x64_50_52.txt : 1020578 ms.
--------------------------------------------------
benchmarks/INST_64x64/50/inst64x64_50_53.txt : 1016048 ms.
--------------------------------------------------
benchmarks/INST_64x64/50/inst64x64_50_54.txt : 1005180 ms.
--------------------------------------------------
benchmarks/INST_64x64/50/inst64x64_50_55.txt : 1011127 ms.
--------------------------------------------------
benchmarks/INST_64x64/50/inst64x64_50_56.txt : 1014428 ms.
--------------------------------------------------
benchmarks/INST_64x64/50/inst64x64_50_57.txt : 1011603 ms.
--------------------------------------------------
benchmarks/INST_64x64/50/inst64x64_50_58.txt : 1013925 ms.
--------------------------------------------------
benchmarks/INST_64x64/50/inst64x64_50_59.txt : 1002703 ms.
--------------------------------------------------
benchmarks/INST_64x64/50/inst64x64_50_5.txt : 1006957 ms.
--------------------------------------------------
benchmarks/INST_64x64/50/inst64x64_50_60.txt : 1006116 ms.
--------------------------------------------------
benchmarks/INST_64x64/50/inst64x64_50_61.txt : 1004169 ms.
--------------------------------------------------
benchmarks/INST_64x64/50/inst64x64_50_62.txt : 1006885 ms.
--------------------------------------------------
benchmarks/INST_64x64/50/inst64x64_50_63.txt : 1003385 ms.
--------------------------------------------------
benchmarks/INST_64x64/50/inst64x64_50_64.txt : 1005785 ms.
--------------------------------------------------
benchmarks/INST_64x64/50/inst64x64_50_65.txt : 1010231 ms.
--------------------------------------------------
benchmarks/INST_64x64/50/inst64x64_50_66.txt : 1003452 ms.
--------------------------------------------------
benchmarks/INST_64x64/50/inst64x64_50_67.txt : 1009251 ms.
--------------------------------------------------
benchmarks/INST_64x64/50/inst64x64_50_68.txt : 1003605 ms.
--------------------------------------------------
benchmarks/INST_64x64/50/inst64x64_50_69.txt : 1015180 ms.
--------------------------------------------------
benchmarks/INST_64x64/50/inst64x64_50_6.txt : 1004189 ms.
--------------------------------------------------
benchmarks/INST_64x64/50/inst64x64_50_70.txt : 1003588 ms.
--------------------------------------------------
benchmarks/INST_64x64/50/inst64x64_50_71.txt : 1021929 ms.
--------------------------------------------------
benchmarks/INST_64x64/50/inst64x64_50_72.txt : 1011094 ms.
--------------------------------------------------
benchmarks/INST_64x64/50/inst64x64_50_73.txt : 1014993 ms.
--------------------------------------------------
benchmarks/INST_64x64/50/inst64x64_50_74.txt : 1012645 ms.
--------------------------------------------------
benchmarks/INST_64x64/50/inst64x64_50_75.txt : 1005131 ms.
--------------------------------------------------
benchmarks/INST_64x64/50/inst64x64_50_76.txt : 1003555 ms.
--------------------------------------------------
benchmarks/INST_64x64/50/inst64x64_50_77.txt : 1020455 ms.
--------------------------------------------------
benchmarks/INST_64x64/50/inst64x64_50_78.txt : 1003481 ms.
--------------------------------------------------
benchmarks/INST_64x64/50/inst64x64_50_79.txt : 1006098 ms.
--------------------------------------------------
benchmarks/INST_64x64/50/inst64x64_50_7.txt : 1003269 ms.
--------------------------------------------------
benchmarks/INST_64x64/50/inst64x64_50_80.txt : 1012893 ms.
--------------------------------------------------
benchmarks/INST_64x64/50/inst64x64_50_81.txt : 1010742 ms.
--------------------------------------------------
benchmarks/INST_64x64/50/inst64x64_50_82.txt : 1008091 ms.
--------------------------------------------------
benchmarks/INST_64x64/50/inst64x64_50_83.txt : 1012627 ms.
--------------------------------------------------
benchmarks/INST_64x64/50/inst64x64_50_84.txt : 1019093 ms.
--------------------------------------------------
benchmarks/INST_64x64/50/inst64x64_50_85.txt : 1021780 ms.
--------------------------------------------------
benchmarks/INST_64x64/50/inst64x64_50_86.txt : 1012709 ms.
--------------------------------------------------
benchmarks/INST_64x64/50/inst64x64_50_87.txt : 1016124 ms.
--------------------------------------------------
benchmarks/INST_64x64/50/inst64x64_50_88.txt : 1004378 ms.
--------------------------------------------------
benchmarks/INST_64x64/50/inst64x64_50_89.txt : 1017971 ms.
--------------------------------------------------
benchmarks/INST_64x64/50/inst64x64_50_8.txt : 1011802 ms.
--------------------------------------------------
benchmarks/INST_64x64/50/inst64x64_50_90.txt : 1008136 ms.
--------------------------------------------------
benchmarks/INST_64x64/50/inst64x64_50_91.txt : 1008469 ms.
--------------------------------------------------
benchmarks/INST_64x64/50/inst64x64_50_92.txt : 1004926 ms.
--------------------------------------------------
benchmarks/INST_64x64/50/inst64x64_50_93.txt : 1007132 ms.
--------------------------------------------------
benchmarks/INST_64x64/50/inst64x64_50_94.txt : 1015746 ms.
--------------------------------------------------
benchmarks/INST_64x64/50/inst64x64_50_95.txt : 1019184 ms.
--------------------------------------------------
benchmarks/INST_64x64/50/inst64x64_50_96.txt : 1010835 ms.
--------------------------------------------------
benchmarks/INST_64x64/50/inst64x64_50_97.txt : 1020768 ms.
--------------------------------------------------
benchmarks/INST_64x64/50/inst64x64_50_98.txt : 1009230 ms.
--------------------------------------------------
benchmarks/INST_64x64/50/inst64x64_50_99.txt : 1010002 ms.
--------------------------------------------------
benchmarks/INST_64x64/50/inst64x64_50_9.txt : 1004832 ms.
run.sh: line 77: 3: command not found
run.sh: line 78: syntax error near unexpected token `fi'
run.sh: line 78: `    fi'
