--------------------------------------------------
SAT
----------
benchmarks/All-Interval/inst10.txt : 1239 ms.
--------------------------------------------------
SAT
----------
benchmarks/All-Interval/inst12.txt : 1691 ms.
--------------------------------------------------
SAT
----------
benchmarks/All-Interval/inst14.txt : 2573 ms.
--------------------------------------------------
SAT
----------
benchmarks/All-Interval/inst16.txt : 7148 ms.
--------------------------------------------------
SAT
----------
benchmarks/All-Interval/inst18.txt : 52237 ms.
--------------------------------------------------
SAT
----------
benchmarks/All-Interval/inst20.txt : 61903 ms.
--------------------------------------------------
SAT
----------
benchmarks/All-Interval/inst22.txt : 555603 ms.
--------------------------------------------------
=====UNKNOWN=====
benchmarks/All-Interval/inst24.txt : 1000174 ms.
