--------------------------------------------------
benchmarks/INST_36x36/50/inst36x36_50_0.txt find answer: 14.590000
benchmarks/INST_36x36/50/inst36x36_50_0.txt : 14671 ms.
--------------------------------------------------
benchmarks/INST_36x36/50/inst36x36_50_10.txt find answer: 4.940000
benchmarks/INST_36x36/50/inst36x36_50_10.txt : 5011 ms.
--------------------------------------------------
benchmarks/INST_36x36/50/inst36x36_50_11.txt find answer: 16.200000
benchmarks/INST_36x36/50/inst36x36_50_11.txt : 16294 ms.
--------------------------------------------------
benchmarks/INST_36x36/50/inst36x36_50_12.txt find answer: 14.150000
benchmarks/INST_36x36/50/inst36x36_50_12.txt : 14243 ms.
--------------------------------------------------
benchmarks/INST_36x36/50/inst36x36_50_13.txt find answer: 0.940000
benchmarks/INST_36x36/50/inst36x36_50_13.txt : 993 ms.
--------------------------------------------------
benchmarks/INST_36x36/50/inst36x36_50_14.txt find answer: 18.000000
benchmarks/INST_36x36/50/inst36x36_50_14.txt : 18107 ms.
--------------------------------------------------
benchmarks/INST_36x36/50/inst36x36_50_15.txt find answer: 4.930000
benchmarks/INST_36x36/50/inst36x36_50_15.txt : 5008 ms.
--------------------------------------------------
benchmarks/INST_36x36/50/inst36x36_50_16.txt find answer: 20.140000
benchmarks/INST_36x36/50/inst36x36_50_16.txt : 20252 ms.
--------------------------------------------------
benchmarks/INST_36x36/50/inst36x36_50_17.txt find answer: 7.900000
benchmarks/INST_36x36/50/inst36x36_50_17.txt : 7982 ms.
--------------------------------------------------
benchmarks/INST_36x36/50/inst36x36_50_18.txt find answer: 42.920000
benchmarks/INST_36x36/50/inst36x36_50_18.txt : 43080 ms.
--------------------------------------------------
benchmarks/INST_36x36/50/inst36x36_50_19.txt find answer: 1.870000
benchmarks/INST_36x36/50/inst36x36_50_19.txt : 1926 ms.
--------------------------------------------------
benchmarks/INST_36x36/50/inst36x36_50_1.txt find answer: 162.620000
benchmarks/INST_36x36/50/inst36x36_50_1.txt : 163060 ms.
--------------------------------------------------
benchmarks/INST_36x36/50/inst36x36_50_20.txt find answer: 4.420000
benchmarks/INST_36x36/50/inst36x36_50_20.txt : 4486 ms.
--------------------------------------------------
benchmarks/INST_36x36/50/inst36x36_50_21.txt find answer: 20.900000
benchmarks/INST_36x36/50/inst36x36_50_21.txt : 21002 ms.
--------------------------------------------------
benchmarks/INST_36x36/50/inst36x36_50_22.txt find answer: 38.240000
benchmarks/INST_36x36/50/inst36x36_50_22.txt : 38403 ms.
--------------------------------------------------
benchmarks/INST_36x36/50/inst36x36_50_23.txt find answer: 31.550000
benchmarks/INST_36x36/50/inst36x36_50_23.txt : 31678 ms.
--------------------------------------------------
benchmarks/INST_36x36/50/inst36x36_50_24.txt find answer: 57.990000
benchmarks/INST_36x36/50/inst36x36_50_24.txt : 58195 ms.
--------------------------------------------------
benchmarks/INST_36x36/50/inst36x36_50_25.txt find answer: 3.020000
benchmarks/INST_36x36/50/inst36x36_50_25.txt : 3089 ms.
--------------------------------------------------
benchmarks/INST_36x36/50/inst36x36_50_26.txt find answer: 1.350000
benchmarks/INST_36x36/50/inst36x36_50_26.txt : 1418 ms.
--------------------------------------------------
benchmarks/INST_36x36/50/inst36x36_50_27.txt find answer: 27.520000
benchmarks/INST_36x36/50/inst36x36_50_27.txt : 27646 ms.
--------------------------------------------------
benchmarks/INST_36x36/50/inst36x36_50_28.txt find answer: 117.400000
benchmarks/INST_36x36/50/inst36x36_50_28.txt : 117728 ms.
--------------------------------------------------
benchmarks/INST_36x36/50/inst36x36_50_29.txt find answer: 1.200000
benchmarks/INST_36x36/50/inst36x36_50_29.txt : 1252 ms.
--------------------------------------------------
benchmarks/INST_36x36/50/inst36x36_50_2.txt find answer: 90.000000
benchmarks/INST_36x36/50/inst36x36_50_2.txt : 90267 ms.
--------------------------------------------------
benchmarks/INST_36x36/50/inst36x36_50_30.txt find answer: 24.930000
benchmarks/INST_36x36/50/inst36x36_50_30.txt : 25043 ms.
--------------------------------------------------
benchmarks/INST_36x36/50/inst36x36_50_31.txt find answer: 83.520000
benchmarks/INST_36x36/50/inst36x36_50_31.txt : 83797 ms.
--------------------------------------------------
benchmarks/INST_36x36/50/inst36x36_50_32.txt find answer: 3.830000
benchmarks/INST_36x36/50/inst36x36_50_32.txt : 3913 ms.
--------------------------------------------------
benchmarks/INST_36x36/50/inst36x36_50_33.txt find answer: 1.210000
benchmarks/INST_36x36/50/inst36x36_50_33.txt : 1277 ms.
--------------------------------------------------
benchmarks/INST_36x36/50/inst36x36_50_34.txt find answer: 25.960000
benchmarks/INST_36x36/50/inst36x36_50_34.txt : 26093 ms.
--------------------------------------------------
benchmarks/INST_36x36/50/inst36x36_50_35.txt find answer: 3.560000
benchmarks/INST_36x36/50/inst36x36_50_35.txt : 3651 ms.
--------------------------------------------------
benchmarks/INST_36x36/50/inst36x36_50_36.txt find answer: 4.880000
benchmarks/INST_36x36/50/inst36x36_50_36.txt : 4967 ms.
--------------------------------------------------
benchmarks/INST_36x36/50/inst36x36_50_37.txt find answer: 1.760000
benchmarks/INST_36x36/50/inst36x36_50_37.txt : 1824 ms.
--------------------------------------------------
benchmarks/INST_36x36/50/inst36x36_50_38.txt find answer: 1.160000
benchmarks/INST_36x36/50/inst36x36_50_38.txt : 1222 ms.
--------------------------------------------------
benchmarks/INST_36x36/50/inst36x36_50_39.txt find answer: 70.370000
benchmarks/INST_36x36/50/inst36x36_50_39.txt : 70625 ms.
--------------------------------------------------
benchmarks/INST_36x36/50/inst36x36_50_3.txt find answer: 13.070000
benchmarks/INST_36x36/50/inst36x36_50_3.txt : 13181 ms.
--------------------------------------------------
benchmarks/INST_36x36/50/inst36x36_50_40.txt find answer: 7.400000
benchmarks/INST_36x36/50/inst36x36_50_40.txt : 7491 ms.
--------------------------------------------------
benchmarks/INST_36x36/50/inst36x36_50_41.txt find answer: 27.180000
benchmarks/INST_36x36/50/inst36x36_50_41.txt : 27319 ms.
--------------------------------------------------
benchmarks/INST_36x36/50/inst36x36_50_42.txt find answer: 4.760000
benchmarks/INST_36x36/50/inst36x36_50_42.txt : 4845 ms.
--------------------------------------------------
benchmarks/INST_36x36/50/inst36x36_50_43.txt find answer: 3.540000
benchmarks/INST_36x36/50/inst36x36_50_43.txt : 3630 ms.
--------------------------------------------------
benchmarks/INST_36x36/50/inst36x36_50_44.txt find answer: 14.040000
benchmarks/INST_36x36/50/inst36x36_50_44.txt : 14160 ms.
--------------------------------------------------
benchmarks/INST_36x36/50/inst36x36_50_45.txt find answer: 4.130000
benchmarks/INST_36x36/50/inst36x36_50_45.txt : 4192 ms.
--------------------------------------------------
benchmarks/INST_36x36/50/inst36x36_50_46.txt find answer: 37.650000
benchmarks/INST_36x36/50/inst36x36_50_46.txt : 37800 ms.
--------------------------------------------------
benchmarks/INST_36x36/50/inst36x36_50_47.txt find answer: 513.350000
benchmarks/INST_36x36/50/inst36x36_50_47.txt : 514650 ms.
--------------------------------------------------
benchmarks/INST_36x36/50/inst36x36_50_48.txt find answer: 1.290000
benchmarks/INST_36x36/50/inst36x36_50_48.txt : 1369 ms.
--------------------------------------------------
benchmarks/INST_36x36/50/inst36x36_50_49.txt find answer: 4.170000
benchmarks/INST_36x36/50/inst36x36_50_49.txt : 4263 ms.
--------------------------------------------------
benchmarks/INST_36x36/50/inst36x36_50_4.txt find answer: 14.580000
benchmarks/INST_36x36/50/inst36x36_50_4.txt : 14698 ms.
--------------------------------------------------
benchmarks/INST_36x36/50/inst36x36_50_50.txt find answer: 21.450000
benchmarks/INST_36x36/50/inst36x36_50_50.txt : 21546 ms.
--------------------------------------------------
benchmarks/INST_36x36/50/inst36x36_50_51.txt find answer: 9.910000
benchmarks/INST_36x36/50/inst36x36_50_51.txt : 10002 ms.
--------------------------------------------------
benchmarks/INST_36x36/50/inst36x36_50_52.txt find answer: 4.190000
benchmarks/INST_36x36/50/inst36x36_50_52.txt : 4259 ms.
--------------------------------------------------
benchmarks/INST_36x36/50/inst36x36_50_53.txt find answer: 17.410000
benchmarks/INST_36x36/50/inst36x36_50_53.txt : 17534 ms.
--------------------------------------------------
benchmarks/INST_36x36/50/inst36x36_50_54.txt find answer: 24.390000
benchmarks/INST_36x36/50/inst36x36_50_54.txt : 24506 ms.
--------------------------------------------------
benchmarks/INST_36x36/50/inst36x36_50_55.txt find answer: 3.120000
benchmarks/INST_36x36/50/inst36x36_50_55.txt : 3208 ms.
--------------------------------------------------
benchmarks/INST_36x36/50/inst36x36_50_56.txt find answer: 210.780000
benchmarks/INST_36x36/50/inst36x36_50_56.txt : 211328 ms.
--------------------------------------------------
benchmarks/INST_36x36/50/inst36x36_50_57.txt find answer: 514.200000
benchmarks/INST_36x36/50/inst36x36_50_57.txt : 515490 ms.
--------------------------------------------------
benchmarks/INST_36x36/50/inst36x36_50_58.txt find answer: 6.570000
benchmarks/INST_36x36/50/inst36x36_50_58.txt : 6672 ms.
--------------------------------------------------
benchmarks/INST_36x36/50/inst36x36_50_59.txt find answer: 46.800000
benchmarks/INST_36x36/50/inst36x36_50_59.txt : 46968 ms.
--------------------------------------------------
benchmarks/INST_36x36/50/inst36x36_50_5.txt find answer: 1.890000
benchmarks/INST_36x36/50/inst36x36_50_5.txt : 1961 ms.
--------------------------------------------------
benchmarks/INST_36x36/50/inst36x36_50_60.txt find answer: 1.230000
benchmarks/INST_36x36/50/inst36x36_50_60.txt : 1290 ms.
--------------------------------------------------
benchmarks/INST_36x36/50/inst36x36_50_61.txt find answer: 2.560000
benchmarks/INST_36x36/50/inst36x36_50_61.txt : 2646 ms.
--------------------------------------------------
benchmarks/INST_36x36/50/inst36x36_50_62.txt find answer: 1.630000
benchmarks/INST_36x36/50/inst36x36_50_62.txt : 1711 ms.
--------------------------------------------------
benchmarks/INST_36x36/50/inst36x36_50_63.txt find answer: 5.570000
benchmarks/INST_36x36/50/inst36x36_50_63.txt : 5667 ms.
--------------------------------------------------
benchmarks/INST_36x36/50/inst36x36_50_64.txt find answer: 19.580000
benchmarks/INST_36x36/50/inst36x36_50_64.txt : 19688 ms.
--------------------------------------------------
benchmarks/INST_36x36/50/inst36x36_50_65.txt find answer: 827.560000
benchmarks/INST_36x36/50/inst36x36_50_65.txt : 829595 ms.
--------------------------------------------------
benchmarks/INST_36x36/50/inst36x36_50_66.txt find answer: 10.960000
benchmarks/INST_36x36/50/inst36x36_50_66.txt : 11057 ms.
--------------------------------------------------
benchmarks/INST_36x36/50/inst36x36_50_67.txt find answer: 0.490000
benchmarks/INST_36x36/50/inst36x36_50_67.txt : 565 ms.
--------------------------------------------------
benchmarks/INST_36x36/50/inst36x36_50_68.txt find answer: 16.370000
benchmarks/INST_36x36/50/inst36x36_50_68.txt : 16474 ms.
--------------------------------------------------
benchmarks/INST_36x36/50/inst36x36_50_69.txt find answer: 18.510000
benchmarks/INST_36x36/50/inst36x36_50_69.txt : 18614 ms.
--------------------------------------------------
benchmarks/INST_36x36/50/inst36x36_50_6.txt find answer: 74.310000
benchmarks/INST_36x36/50/inst36x36_50_6.txt : 74573 ms.
--------------------------------------------------
benchmarks/INST_36x36/50/inst36x36_50_70.txt find answer: 32.760000
benchmarks/INST_36x36/50/inst36x36_50_70.txt : 32923 ms.
--------------------------------------------------
benchmarks/INST_36x36/50/inst36x36_50_71.txt find answer: 4.460000
benchmarks/INST_36x36/50/inst36x36_50_71.txt : 4554 ms.
--------------------------------------------------
benchmarks/INST_36x36/50/inst36x36_50_72.txt find answer: 28.880000
benchmarks/INST_36x36/50/inst36x36_50_72.txt : 29022 ms.
--------------------------------------------------
benchmarks/INST_36x36/50/inst36x36_50_73.txt find answer: 40.630000
benchmarks/INST_36x36/50/inst36x36_50_73.txt : 40807 ms.
--------------------------------------------------
benchmarks/INST_36x36/50/inst36x36_50_74.txt find answer: 71.060000
benchmarks/INST_36x36/50/inst36x36_50_74.txt : 71304 ms.
--------------------------------------------------
benchmarks/INST_36x36/50/inst36x36_50_75.txt find answer: 10.810000
benchmarks/INST_36x36/50/inst36x36_50_75.txt : 10919 ms.
--------------------------------------------------
benchmarks/INST_36x36/50/inst36x36_50_76.txt find answer: 14.500000
benchmarks/INST_36x36/50/inst36x36_50_76.txt : 14612 ms.
--------------------------------------------------
benchmarks/INST_36x36/50/inst36x36_50_77.txt find answer: 7.560000
benchmarks/INST_36x36/50/inst36x36_50_77.txt : 7665 ms.
--------------------------------------------------
benchmarks/INST_36x36/50/inst36x36_50_78.txt find answer: 0.810000
benchmarks/INST_36x36/50/inst36x36_50_78.txt : 871 ms.
--------------------------------------------------
benchmarks/INST_36x36/50/inst36x36_50_79.txt find answer: 56.770000
benchmarks/INST_36x36/50/inst36x36_50_79.txt : 56981 ms.
--------------------------------------------------
benchmarks/INST_36x36/50/inst36x36_50_7.txt find answer: 1.060000
benchmarks/INST_36x36/50/inst36x36_50_7.txt : 1149 ms.
--------------------------------------------------
benchmarks/INST_36x36/50/inst36x36_50_80.txt find answer: 6.130000
benchmarks/INST_36x36/50/inst36x36_50_80.txt : 6230 ms.
--------------------------------------------------
benchmarks/INST_36x36/50/inst36x36_50_81.txt find answer: 2.150000
benchmarks/INST_36x36/50/inst36x36_50_81.txt : 2227 ms.
--------------------------------------------------
benchmarks/INST_36x36/50/inst36x36_50_82.txt find answer: 15.330000
benchmarks/INST_36x36/50/inst36x36_50_82.txt : 15436 ms.
--------------------------------------------------
benchmarks/INST_36x36/50/inst36x36_50_83.txt find answer: 420.100000
benchmarks/INST_36x36/50/inst36x36_50_83.txt : 421178 ms.
--------------------------------------------------
benchmarks/INST_36x36/50/inst36x36_50_84.txt find answer: 411.730000
benchmarks/INST_36x36/50/inst36x36_50_84.txt : 412776 ms.
--------------------------------------------------
benchmarks/INST_36x36/50/inst36x36_50_85.txt find answer: 31.490000
benchmarks/INST_36x36/50/inst36x36_50_85.txt : 31650 ms.
--------------------------------------------------
benchmarks/INST_36x36/50/inst36x36_50_86.txt find answer: 31.180000
benchmarks/INST_36x36/50/inst36x36_50_86.txt : 31311 ms.
--------------------------------------------------
benchmarks/INST_36x36/50/inst36x36_50_87.txt find answer: 11.890000
benchmarks/INST_36x36/50/inst36x36_50_87.txt : 11993 ms.
--------------------------------------------------
benchmarks/INST_36x36/50/inst36x36_50_88.txt find answer: 12.630000
benchmarks/INST_36x36/50/inst36x36_50_88.txt : 12739 ms.
--------------------------------------------------
benchmarks/INST_36x36/50/inst36x36_50_89.txt find answer: 2.030000
benchmarks/INST_36x36/50/inst36x36_50_89.txt : 2113 ms.
--------------------------------------------------
benchmarks/INST_36x36/50/inst36x36_50_8.txt find answer: 77.560000
benchmarks/INST_36x36/50/inst36x36_50_8.txt : 77808 ms.
--------------------------------------------------
benchmarks/INST_36x36/50/inst36x36_50_90.txt find answer: 2.400000
benchmarks/INST_36x36/50/inst36x36_50_90.txt : 2474 ms.
--------------------------------------------------
benchmarks/INST_36x36/50/inst36x36_50_91.txt find answer: 25.440000
benchmarks/INST_36x36/50/inst36x36_50_91.txt : 25584 ms.
--------------------------------------------------
benchmarks/INST_36x36/50/inst36x36_50_92.txt find answer: 2.220000
benchmarks/INST_36x36/50/inst36x36_50_92.txt : 2301 ms.
--------------------------------------------------
benchmarks/INST_36x36/50/inst36x36_50_93.txt find answer: 0.780000
benchmarks/INST_36x36/50/inst36x36_50_93.txt : 858 ms.
--------------------------------------------------
benchmarks/INST_36x36/50/inst36x36_50_94.txt find answer: 34.400000
benchmarks/INST_36x36/50/inst36x36_50_94.txt : 34558 ms.
--------------------------------------------------
benchmarks/INST_36x36/50/inst36x36_50_95.txt find answer: 187.080000
benchmarks/INST_36x36/50/inst36x36_50_95.txt : 187589 ms.
--------------------------------------------------
benchmarks/INST_36x36/50/inst36x36_50_96.txt find answer: 34.110000
benchmarks/INST_36x36/50/inst36x36_50_96.txt : 34278 ms.
--------------------------------------------------
benchmarks/INST_36x36/50/inst36x36_50_97.txt find answer: 5.030000
benchmarks/INST_36x36/50/inst36x36_50_97.txt : 5125 ms.
--------------------------------------------------
benchmarks/INST_36x36/50/inst36x36_50_98.txt find answer: 25.190000
benchmarks/INST_36x36/50/inst36x36_50_98.txt : 25330 ms.
--------------------------------------------------
benchmarks/INST_36x36/50/inst36x36_50_99.txt find answer: 395.530000
benchmarks/INST_36x36/50/inst36x36_50_99.txt : 396545 ms.
--------------------------------------------------
benchmarks/INST_36x36/50/inst36x36_50_9.txt find answer: 12.640000
benchmarks/INST_36x36/50/inst36x36_50_9.txt : 12747 ms.
run.sh: line 77: 3: command not found
run.sh: line 78: syntax error near unexpected token `fi'
run.sh: line 78: `    fi'
