--------------------------------------------------
Traceback (most recent call last):
  File "/home/hanrui/Sudoku-LS/solvers/sudoku_ort/sudoku_dyh_leq.py", line 103, in <module>
    solve_sudoku(file)
  File "/home/hanrui/Sudoku-LS/solvers/sudoku_ort/sudoku_dyh_leq.py", line 45, in solve_sudoku
    eq_num = int(f.readline().strip())
ValueError: invalid literal for int() with base 10: ''
benchmarks_LEQ/INST_49x49/100/inst49x49_100_0.txt : 4552 ms.
--------------------------------------------------
Traceback (most recent call last):
  File "/home/hanrui/Sudoku-LS/solvers/sudoku_ort/sudoku_dyh_leq.py", line 103, in <module>
    solve_sudoku(file)
  File "/home/hanrui/Sudoku-LS/solvers/sudoku_ort/sudoku_dyh_leq.py", line 45, in solve_sudoku
    eq_num = int(f.readline().strip())
ValueError: invalid literal for int() with base 10: ''
benchmarks_LEQ/INST_49x49/100/inst49x49_100_10.txt : 1139 ms.
--------------------------------------------------
Traceback (most recent call last):
  File "/home/hanrui/Sudoku-LS/solvers/sudoku_ort/sudoku_dyh_leq.py", line 103, in <module>
    solve_sudoku(file)
  File "/home/hanrui/Sudoku-LS/solvers/sudoku_ort/sudoku_dyh_leq.py", line 45, in solve_sudoku
    eq_num = int(f.readline().strip())
ValueError: invalid literal for int() with base 10: ''
benchmarks_LEQ/INST_49x49/100/inst49x49_100_11.txt : 1162 ms.
--------------------------------------------------
Traceback (most recent call last):
  File "/home/hanrui/Sudoku-LS/solvers/sudoku_ort/sudoku_dyh_leq.py", line 103, in <module>
    solve_sudoku(file)
  File "/home/hanrui/Sudoku-LS/solvers/sudoku_ort/sudoku_dyh_leq.py", line 45, in solve_sudoku
    eq_num = int(f.readline().strip())
ValueError: invalid literal for int() with base 10: ''
benchmarks_LEQ/INST_49x49/100/inst49x49_100_12.txt : 1289 ms.
--------------------------------------------------
Traceback (most recent call last):
  File "/home/hanrui/Sudoku-LS/solvers/sudoku_ort/sudoku_dyh_leq.py", line 103, in <module>
    solve_sudoku(file)
  File "/home/hanrui/Sudoku-LS/solvers/sudoku_ort/sudoku_dyh_leq.py", line 45, in solve_sudoku
    eq_num = int(f.readline().strip())
ValueError: invalid literal for int() with base 10: ''
benchmarks_LEQ/INST_49x49/100/inst49x49_100_13.txt : 1066 ms.
--------------------------------------------------
Traceback (most recent call last):
  File "/home/hanrui/Sudoku-LS/solvers/sudoku_ort/sudoku_dyh_leq.py", line 103, in <module>
    solve_sudoku(file)
  File "/home/hanrui/Sudoku-LS/solvers/sudoku_ort/sudoku_dyh_leq.py", line 45, in solve_sudoku
    eq_num = int(f.readline().strip())
ValueError: invalid literal for int() with base 10: ''
benchmarks_LEQ/INST_49x49/100/inst49x49_100_14.txt : 1141 ms.
--------------------------------------------------
Traceback (most recent call last):
  File "/home/hanrui/Sudoku-LS/solvers/sudoku_ort/sudoku_dyh_leq.py", line 103, in <module>
    solve_sudoku(file)
  File "/home/hanrui/Sudoku-LS/solvers/sudoku_ort/sudoku_dyh_leq.py", line 45, in solve_sudoku
    eq_num = int(f.readline().strip())
ValueError: invalid literal for int() with base 10: ''
benchmarks_LEQ/INST_49x49/100/inst49x49_100_15.txt : 1117 ms.
--------------------------------------------------
Traceback (most recent call last):
  File "/home/hanrui/Sudoku-LS/solvers/sudoku_ort/sudoku_dyh_leq.py", line 103, in <module>
    solve_sudoku(file)
  File "/home/hanrui/Sudoku-LS/solvers/sudoku_ort/sudoku_dyh_leq.py", line 45, in solve_sudoku
    eq_num = int(f.readline().strip())
ValueError: invalid literal for int() with base 10: ''
benchmarks_LEQ/INST_49x49/100/inst49x49_100_16.txt : 1684 ms.
--------------------------------------------------
Traceback (most recent call last):
  File "/home/hanrui/Sudoku-LS/solvers/sudoku_ort/sudoku_dyh_leq.py", line 103, in <module>
    solve_sudoku(file)
  File "/home/hanrui/Sudoku-LS/solvers/sudoku_ort/sudoku_dyh_leq.py", line 45, in solve_sudoku
    eq_num = int(f.readline().strip())
ValueError: invalid literal for int() with base 10: ''
benchmarks_LEQ/INST_49x49/100/inst49x49_100_17.txt : 1839 ms.
--------------------------------------------------
Traceback (most recent call last):
  File "/home/hanrui/Sudoku-LS/solvers/sudoku_ort/sudoku_dyh_leq.py", line 103, in <module>
    solve_sudoku(file)
  File "/home/hanrui/Sudoku-LS/solvers/sudoku_ort/sudoku_dyh_leq.py", line 45, in solve_sudoku
    eq_num = int(f.readline().strip())
ValueError: invalid literal for int() with base 10: ''
benchmarks_LEQ/INST_49x49/100/inst49x49_100_18.txt : 1557 ms.
--------------------------------------------------
Traceback (most recent call last):
  File "/home/hanrui/Sudoku-LS/solvers/sudoku_ort/sudoku_dyh_leq.py", line 103, in <module>
    solve_sudoku(file)
  File "/home/hanrui/Sudoku-LS/solvers/sudoku_ort/sudoku_dyh_leq.py", line 45, in solve_sudoku
    eq_num = int(f.readline().strip())
ValueError: invalid literal for int() with base 10: ''
benchmarks_LEQ/INST_49x49/100/inst49x49_100_19.txt : 1533 ms.
--------------------------------------------------
Traceback (most recent call last):
  File "/home/hanrui/Sudoku-LS/solvers/sudoku_ort/sudoku_dyh_leq.py", line 103, in <module>
    solve_sudoku(file)
  File "/home/hanrui/Sudoku-LS/solvers/sudoku_ort/sudoku_dyh_leq.py", line 45, in solve_sudoku
    eq_num = int(f.readline().strip())
ValueError: invalid literal for int() with base 10: ''
benchmarks_LEQ/INST_49x49/100/inst49x49_100_1.txt : 1546 ms.
--------------------------------------------------
Traceback (most recent call last):
  File "/home/hanrui/Sudoku-LS/solvers/sudoku_ort/sudoku_dyh_leq.py", line 103, in <module>
    solve_sudoku(file)
  File "/home/hanrui/Sudoku-LS/solvers/sudoku_ort/sudoku_dyh_leq.py", line 45, in solve_sudoku
    eq_num = int(f.readline().strip())
ValueError: invalid literal for int() with base 10: ''
benchmarks_LEQ/INST_49x49/100/inst49x49_100_20.txt : 1519 ms.
--------------------------------------------------
Traceback (most recent call last):
  File "/home/hanrui/Sudoku-LS/solvers/sudoku_ort/sudoku_dyh_leq.py", line 103, in <module>
    solve_sudoku(file)
  File "/home/hanrui/Sudoku-LS/solvers/sudoku_ort/sudoku_dyh_leq.py", line 45, in solve_sudoku
    eq_num = int(f.readline().strip())
ValueError: invalid literal for int() with base 10: ''
benchmarks_LEQ/INST_49x49/100/inst49x49_100_21.txt : 1782 ms.
--------------------------------------------------
Traceback (most recent call last):
  File "/home/hanrui/Sudoku-LS/solvers/sudoku_ort/sudoku_dyh_leq.py", line 103, in <module>
    solve_sudoku(file)
  File "/home/hanrui/Sudoku-LS/solvers/sudoku_ort/sudoku_dyh_leq.py", line 45, in solve_sudoku
    eq_num = int(f.readline().strip())
ValueError: invalid literal for int() with base 10: ''
benchmarks_LEQ/INST_49x49/100/inst49x49_100_22.txt : 1694 ms.
--------------------------------------------------
Traceback (most recent call last):
  File "/home/hanrui/Sudoku-LS/solvers/sudoku_ort/sudoku_dyh_leq.py", line 103, in <module>
    solve_sudoku(file)
  File "/home/hanrui/Sudoku-LS/solvers/sudoku_ort/sudoku_dyh_leq.py", line 45, in solve_sudoku
    eq_num = int(f.readline().strip())
ValueError: invalid literal for int() with base 10: ''
benchmarks_LEQ/INST_49x49/100/inst49x49_100_23.txt : 2124 ms.
--------------------------------------------------
Traceback (most recent call last):
  File "/home/hanrui/Sudoku-LS/solvers/sudoku_ort/sudoku_dyh_leq.py", line 103, in <module>
    solve_sudoku(file)
  File "/home/hanrui/Sudoku-LS/solvers/sudoku_ort/sudoku_dyh_leq.py", line 45, in solve_sudoku
    eq_num = int(f.readline().strip())
ValueError: invalid literal for int() with base 10: ''
benchmarks_LEQ/INST_49x49/100/inst49x49_100_24.txt : 1820 ms.
--------------------------------------------------
Traceback (most recent call last):
  File "/home/hanrui/Sudoku-LS/solvers/sudoku_ort/sudoku_dyh_leq.py", line 103, in <module>
    solve_sudoku(file)
  File "/home/hanrui/Sudoku-LS/solvers/sudoku_ort/sudoku_dyh_leq.py", line 45, in solve_sudoku
    eq_num = int(f.readline().strip())
ValueError: invalid literal for int() with base 10: ''
benchmarks_LEQ/INST_49x49/100/inst49x49_100_25.txt : 1716 ms.
--------------------------------------------------
Traceback (most recent call last):
  File "/home/hanrui/Sudoku-LS/solvers/sudoku_ort/sudoku_dyh_leq.py", line 103, in <module>
    solve_sudoku(file)
  File "/home/hanrui/Sudoku-LS/solvers/sudoku_ort/sudoku_dyh_leq.py", line 45, in solve_sudoku
    eq_num = int(f.readline().strip())
ValueError: invalid literal for int() with base 10: ''
benchmarks_LEQ/INST_49x49/100/inst49x49_100_26.txt : 1703 ms.
--------------------------------------------------
Traceback (most recent call last):
  File "/home/hanrui/Sudoku-LS/solvers/sudoku_ort/sudoku_dyh_leq.py", line 103, in <module>
    solve_sudoku(file)
  File "/home/hanrui/Sudoku-LS/solvers/sudoku_ort/sudoku_dyh_leq.py", line 45, in solve_sudoku
    eq_num = int(f.readline().strip())
ValueError: invalid literal for int() with base 10: ''
benchmarks_LEQ/INST_49x49/100/inst49x49_100_27.txt : 1678 ms.
--------------------------------------------------
Traceback (most recent call last):
  File "/home/hanrui/Sudoku-LS/solvers/sudoku_ort/sudoku_dyh_leq.py", line 103, in <module>
    solve_sudoku(file)
  File "/home/hanrui/Sudoku-LS/solvers/sudoku_ort/sudoku_dyh_leq.py", line 45, in solve_sudoku
    eq_num = int(f.readline().strip())
ValueError: invalid literal for int() with base 10: ''
benchmarks_LEQ/INST_49x49/100/inst49x49_100_28.txt : 1460 ms.
--------------------------------------------------
Traceback (most recent call last):
  File "/home/hanrui/Sudoku-LS/solvers/sudoku_ort/sudoku_dyh_leq.py", line 103, in <module>
    solve_sudoku(file)
  File "/home/hanrui/Sudoku-LS/solvers/sudoku_ort/sudoku_dyh_leq.py", line 45, in solve_sudoku
    eq_num = int(f.readline().strip())
ValueError: invalid literal for int() with base 10: ''
benchmarks_LEQ/INST_49x49/100/inst49x49_100_29.txt : 1808 ms.
--------------------------------------------------
Traceback (most recent call last):
  File "/home/hanrui/Sudoku-LS/solvers/sudoku_ort/sudoku_dyh_leq.py", line 103, in <module>
    solve_sudoku(file)
  File "/home/hanrui/Sudoku-LS/solvers/sudoku_ort/sudoku_dyh_leq.py", line 45, in solve_sudoku
    eq_num = int(f.readline().strip())
ValueError: invalid literal for int() with base 10: ''
benchmarks_LEQ/INST_49x49/100/inst49x49_100_2.txt : 1833 ms.
--------------------------------------------------
Traceback (most recent call last):
  File "/home/hanrui/Sudoku-LS/solvers/sudoku_ort/sudoku_dyh_leq.py", line 103, in <module>
    solve_sudoku(file)
  File "/home/hanrui/Sudoku-LS/solvers/sudoku_ort/sudoku_dyh_leq.py", line 45, in solve_sudoku
    eq_num = int(f.readline().strip())
ValueError: invalid literal for int() with base 10: ''
benchmarks_LEQ/INST_49x49/100/inst49x49_100_30.txt : 1975 ms.
--------------------------------------------------
Traceback (most recent call last):
  File "/home/hanrui/Sudoku-LS/solvers/sudoku_ort/sudoku_dyh_leq.py", line 103, in <module>
    solve_sudoku(file)
  File "/home/hanrui/Sudoku-LS/solvers/sudoku_ort/sudoku_dyh_leq.py", line 45, in solve_sudoku
    eq_num = int(f.readline().strip())
ValueError: invalid literal for int() with base 10: ''
benchmarks_LEQ/INST_49x49/100/inst49x49_100_31.txt : 2183 ms.
--------------------------------------------------
Traceback (most recent call last):
  File "/home/hanrui/Sudoku-LS/solvers/sudoku_ort/sudoku_dyh_leq.py", line 103, in <module>
    solve_sudoku(file)
  File "/home/hanrui/Sudoku-LS/solvers/sudoku_ort/sudoku_dyh_leq.py", line 45, in solve_sudoku
    eq_num = int(f.readline().strip())
ValueError: invalid literal for int() with base 10: ''
benchmarks_LEQ/INST_49x49/100/inst49x49_100_32.txt : 2034 ms.
--------------------------------------------------
Traceback (most recent call last):
  File "/home/hanrui/Sudoku-LS/solvers/sudoku_ort/sudoku_dyh_leq.py", line 103, in <module>
    solve_sudoku(file)
  File "/home/hanrui/Sudoku-LS/solvers/sudoku_ort/sudoku_dyh_leq.py", line 45, in solve_sudoku
    eq_num = int(f.readline().strip())
ValueError: invalid literal for int() with base 10: ''
benchmarks_LEQ/INST_49x49/100/inst49x49_100_33.txt : 1873 ms.
--------------------------------------------------
Traceback (most recent call last):
  File "/home/hanrui/Sudoku-LS/solvers/sudoku_ort/sudoku_dyh_leq.py", line 103, in <module>
    solve_sudoku(file)
  File "/home/hanrui/Sudoku-LS/solvers/sudoku_ort/sudoku_dyh_leq.py", line 45, in solve_sudoku
    eq_num = int(f.readline().strip())
ValueError: invalid literal for int() with base 10: ''
benchmarks_LEQ/INST_49x49/100/inst49x49_100_34.txt : 1652 ms.
--------------------------------------------------
Traceback (most recent call last):
  File "/home/hanrui/Sudoku-LS/solvers/sudoku_ort/sudoku_dyh_leq.py", line 103, in <module>
    solve_sudoku(file)
  File "/home/hanrui/Sudoku-LS/solvers/sudoku_ort/sudoku_dyh_leq.py", line 45, in solve_sudoku
    eq_num = int(f.readline().strip())
ValueError: invalid literal for int() with base 10: ''
benchmarks_LEQ/INST_49x49/100/inst49x49_100_35.txt : 1791 ms.
--------------------------------------------------
Traceback (most recent call last):
  File "/home/hanrui/Sudoku-LS/solvers/sudoku_ort/sudoku_dyh_leq.py", line 103, in <module>
    solve_sudoku(file)
  File "/home/hanrui/Sudoku-LS/solvers/sudoku_ort/sudoku_dyh_leq.py", line 45, in solve_sudoku
    eq_num = int(f.readline().strip())
ValueError: invalid literal for int() with base 10: ''
benchmarks_LEQ/INST_49x49/100/inst49x49_100_36.txt : 2188 ms.
--------------------------------------------------
Traceback (most recent call last):
  File "/home/hanrui/Sudoku-LS/solvers/sudoku_ort/sudoku_dyh_leq.py", line 103, in <module>
    solve_sudoku(file)
  File "/home/hanrui/Sudoku-LS/solvers/sudoku_ort/sudoku_dyh_leq.py", line 45, in solve_sudoku
    eq_num = int(f.readline().strip())
ValueError: invalid literal for int() with base 10: ''
benchmarks_LEQ/INST_49x49/100/inst49x49_100_37.txt : 2412 ms.
--------------------------------------------------
Traceback (most recent call last):
  File "/home/hanrui/Sudoku-LS/solvers/sudoku_ort/sudoku_dyh_leq.py", line 103, in <module>
    solve_sudoku(file)
  File "/home/hanrui/Sudoku-LS/solvers/sudoku_ort/sudoku_dyh_leq.py", line 45, in solve_sudoku
    eq_num = int(f.readline().strip())
ValueError: invalid literal for int() with base 10: ''
benchmarks_LEQ/INST_49x49/100/inst49x49_100_38.txt : 1714 ms.
--------------------------------------------------
Traceback (most recent call last):
  File "/home/hanrui/Sudoku-LS/solvers/sudoku_ort/sudoku_dyh_leq.py", line 103, in <module>
    solve_sudoku(file)
  File "/home/hanrui/Sudoku-LS/solvers/sudoku_ort/sudoku_dyh_leq.py", line 45, in solve_sudoku
    eq_num = int(f.readline().strip())
ValueError: invalid literal for int() with base 10: ''
benchmarks_LEQ/INST_49x49/100/inst49x49_100_39.txt : 1881 ms.
--------------------------------------------------
Traceback (most recent call last):
  File "/home/hanrui/Sudoku-LS/solvers/sudoku_ort/sudoku_dyh_leq.py", line 103, in <module>
    solve_sudoku(file)
  File "/home/hanrui/Sudoku-LS/solvers/sudoku_ort/sudoku_dyh_leq.py", line 45, in solve_sudoku
    eq_num = int(f.readline().strip())
ValueError: invalid literal for int() with base 10: ''
benchmarks_LEQ/INST_49x49/100/inst49x49_100_3.txt : 2075 ms.
--------------------------------------------------
Traceback (most recent call last):
  File "/home/hanrui/Sudoku-LS/solvers/sudoku_ort/sudoku_dyh_leq.py", line 103, in <module>
    solve_sudoku(file)
  File "/home/hanrui/Sudoku-LS/solvers/sudoku_ort/sudoku_dyh_leq.py", line 45, in solve_sudoku
    eq_num = int(f.readline().strip())
ValueError: invalid literal for int() with base 10: ''
benchmarks_LEQ/INST_49x49/100/inst49x49_100_40.txt : 2355 ms.
--------------------------------------------------
Traceback (most recent call last):
  File "/home/hanrui/Sudoku-LS/solvers/sudoku_ort/sudoku_dyh_leq.py", line 103, in <module>
    solve_sudoku(file)
  File "/home/hanrui/Sudoku-LS/solvers/sudoku_ort/sudoku_dyh_leq.py", line 45, in solve_sudoku
    eq_num = int(f.readline().strip())
ValueError: invalid literal for int() with base 10: ''
benchmarks_LEQ/INST_49x49/100/inst49x49_100_41.txt : 2159 ms.
--------------------------------------------------
Traceback (most recent call last):
  File "/home/hanrui/Sudoku-LS/solvers/sudoku_ort/sudoku_dyh_leq.py", line 103, in <module>
    solve_sudoku(file)
  File "/home/hanrui/Sudoku-LS/solvers/sudoku_ort/sudoku_dyh_leq.py", line 45, in solve_sudoku
    eq_num = int(f.readline().strip())
ValueError: invalid literal for int() with base 10: ''
benchmarks_LEQ/INST_49x49/100/inst49x49_100_42.txt : 1912 ms.
--------------------------------------------------
Traceback (most recent call last):
  File "/home/hanrui/Sudoku-LS/solvers/sudoku_ort/sudoku_dyh_leq.py", line 103, in <module>
    solve_sudoku(file)
  File "/home/hanrui/Sudoku-LS/solvers/sudoku_ort/sudoku_dyh_leq.py", line 45, in solve_sudoku
    eq_num = int(f.readline().strip())
ValueError: invalid literal for int() with base 10: ''
benchmarks_LEQ/INST_49x49/100/inst49x49_100_43.txt : 2289 ms.
--------------------------------------------------
Traceback (most recent call last):
  File "/home/hanrui/Sudoku-LS/solvers/sudoku_ort/sudoku_dyh_leq.py", line 103, in <module>
    solve_sudoku(file)
  File "/home/hanrui/Sudoku-LS/solvers/sudoku_ort/sudoku_dyh_leq.py", line 45, in solve_sudoku
    eq_num = int(f.readline().strip())
ValueError: invalid literal for int() with base 10: ''
benchmarks_LEQ/INST_49x49/100/inst49x49_100_44.txt : 1630 ms.
--------------------------------------------------
Traceback (most recent call last):
  File "/home/hanrui/Sudoku-LS/solvers/sudoku_ort/sudoku_dyh_leq.py", line 103, in <module>
    solve_sudoku(file)
  File "/home/hanrui/Sudoku-LS/solvers/sudoku_ort/sudoku_dyh_leq.py", line 45, in solve_sudoku
    eq_num = int(f.readline().strip())
ValueError: invalid literal for int() with base 10: ''
benchmarks_LEQ/INST_49x49/100/inst49x49_100_45.txt : 1986 ms.
--------------------------------------------------
Traceback (most recent call last):
  File "/home/hanrui/Sudoku-LS/solvers/sudoku_ort/sudoku_dyh_leq.py", line 103, in <module>
    solve_sudoku(file)
  File "/home/hanrui/Sudoku-LS/solvers/sudoku_ort/sudoku_dyh_leq.py", line 45, in solve_sudoku
    eq_num = int(f.readline().strip())
ValueError: invalid literal for int() with base 10: ''
benchmarks_LEQ/INST_49x49/100/inst49x49_100_46.txt : 2340 ms.
--------------------------------------------------
Traceback (most recent call last):
  File "/home/hanrui/Sudoku-LS/solvers/sudoku_ort/sudoku_dyh_leq.py", line 103, in <module>
    solve_sudoku(file)
  File "/home/hanrui/Sudoku-LS/solvers/sudoku_ort/sudoku_dyh_leq.py", line 45, in solve_sudoku
    eq_num = int(f.readline().strip())
ValueError: invalid literal for int() with base 10: ''
benchmarks_LEQ/INST_49x49/100/inst49x49_100_47.txt : 2189 ms.
--------------------------------------------------
Traceback (most recent call last):
  File "/home/hanrui/Sudoku-LS/solvers/sudoku_ort/sudoku_dyh_leq.py", line 103, in <module>
    solve_sudoku(file)
  File "/home/hanrui/Sudoku-LS/solvers/sudoku_ort/sudoku_dyh_leq.py", line 45, in solve_sudoku
    eq_num = int(f.readline().strip())
ValueError: invalid literal for int() with base 10: ''
benchmarks_LEQ/INST_49x49/100/inst49x49_100_48.txt : 1917 ms.
--------------------------------------------------
Traceback (most recent call last):
  File "/home/hanrui/Sudoku-LS/solvers/sudoku_ort/sudoku_dyh_leq.py", line 103, in <module>
    solve_sudoku(file)
  File "/home/hanrui/Sudoku-LS/solvers/sudoku_ort/sudoku_dyh_leq.py", line 45, in solve_sudoku
    eq_num = int(f.readline().strip())
ValueError: invalid literal for int() with base 10: ''
benchmarks_LEQ/INST_49x49/100/inst49x49_100_49.txt : 1595 ms.
--------------------------------------------------
Traceback (most recent call last):
  File "/home/hanrui/Sudoku-LS/solvers/sudoku_ort/sudoku_dyh_leq.py", line 103, in <module>
    solve_sudoku(file)
  File "/home/hanrui/Sudoku-LS/solvers/sudoku_ort/sudoku_dyh_leq.py", line 45, in solve_sudoku
    eq_num = int(f.readline().strip())
ValueError: invalid literal for int() with base 10: ''
benchmarks_LEQ/INST_49x49/100/inst49x49_100_4.txt : 2203 ms.
--------------------------------------------------
Traceback (most recent call last):
  File "/home/hanrui/Sudoku-LS/solvers/sudoku_ort/sudoku_dyh_leq.py", line 103, in <module>
    solve_sudoku(file)
  File "/home/hanrui/Sudoku-LS/solvers/sudoku_ort/sudoku_dyh_leq.py", line 45, in solve_sudoku
    eq_num = int(f.readline().strip())
ValueError: invalid literal for int() with base 10: ''
benchmarks_LEQ/INST_49x49/100/inst49x49_100_50.txt : 2447 ms.
--------------------------------------------------
Traceback (most recent call last):
  File "/home/hanrui/Sudoku-LS/solvers/sudoku_ort/sudoku_dyh_leq.py", line 103, in <module>
    solve_sudoku(file)
  File "/home/hanrui/Sudoku-LS/solvers/sudoku_ort/sudoku_dyh_leq.py", line 45, in solve_sudoku
    eq_num = int(f.readline().strip())
ValueError: invalid literal for int() with base 10: ''
benchmarks_LEQ/INST_49x49/100/inst49x49_100_51.txt : 2398 ms.
--------------------------------------------------
Traceback (most recent call last):
  File "/home/hanrui/Sudoku-LS/solvers/sudoku_ort/sudoku_dyh_leq.py", line 103, in <module>
    solve_sudoku(file)
  File "/home/hanrui/Sudoku-LS/solvers/sudoku_ort/sudoku_dyh_leq.py", line 45, in solve_sudoku
    eq_num = int(f.readline().strip())
ValueError: invalid literal for int() with base 10: ''
benchmarks_LEQ/INST_49x49/100/inst49x49_100_52.txt : 1917 ms.
--------------------------------------------------
Traceback (most recent call last):
  File "/home/hanrui/Sudoku-LS/solvers/sudoku_ort/sudoku_dyh_leq.py", line 103, in <module>
    solve_sudoku(file)
  File "/home/hanrui/Sudoku-LS/solvers/sudoku_ort/sudoku_dyh_leq.py", line 45, in solve_sudoku
    eq_num = int(f.readline().strip())
ValueError: invalid literal for int() with base 10: ''
benchmarks_LEQ/INST_49x49/100/inst49x49_100_53.txt : 2015 ms.
--------------------------------------------------
Traceback (most recent call last):
  File "/home/hanrui/Sudoku-LS/solvers/sudoku_ort/sudoku_dyh_leq.py", line 103, in <module>
    solve_sudoku(file)
  File "/home/hanrui/Sudoku-LS/solvers/sudoku_ort/sudoku_dyh_leq.py", line 45, in solve_sudoku
    eq_num = int(f.readline().strip())
ValueError: invalid literal for int() with base 10: ''
benchmarks_LEQ/INST_49x49/100/inst49x49_100_54.txt : 1928 ms.
--------------------------------------------------
Traceback (most recent call last):
  File "/home/hanrui/Sudoku-LS/solvers/sudoku_ort/sudoku_dyh_leq.py", line 103, in <module>
    solve_sudoku(file)
  File "/home/hanrui/Sudoku-LS/solvers/sudoku_ort/sudoku_dyh_leq.py", line 45, in solve_sudoku
    eq_num = int(f.readline().strip())
ValueError: invalid literal for int() with base 10: ''
benchmarks_LEQ/INST_49x49/100/inst49x49_100_55.txt : 1538 ms.
--------------------------------------------------
Traceback (most recent call last):
  File "/home/hanrui/Sudoku-LS/solvers/sudoku_ort/sudoku_dyh_leq.py", line 103, in <module>
    solve_sudoku(file)
  File "/home/hanrui/Sudoku-LS/solvers/sudoku_ort/sudoku_dyh_leq.py", line 45, in solve_sudoku
    eq_num = int(f.readline().strip())
ValueError: invalid literal for int() with base 10: ''
benchmarks_LEQ/INST_49x49/100/inst49x49_100_56.txt : 2173 ms.
--------------------------------------------------
Traceback (most recent call last):
  File "/home/hanrui/Sudoku-LS/solvers/sudoku_ort/sudoku_dyh_leq.py", line 103, in <module>
    solve_sudoku(file)
  File "/home/hanrui/Sudoku-LS/solvers/sudoku_ort/sudoku_dyh_leq.py", line 45, in solve_sudoku
    eq_num = int(f.readline().strip())
ValueError: invalid literal for int() with base 10: ''
benchmarks_LEQ/INST_49x49/100/inst49x49_100_57.txt : 2766 ms.
--------------------------------------------------
Traceback (most recent call last):
  File "/home/hanrui/Sudoku-LS/solvers/sudoku_ort/sudoku_dyh_leq.py", line 103, in <module>
    solve_sudoku(file)
  File "/home/hanrui/Sudoku-LS/solvers/sudoku_ort/sudoku_dyh_leq.py", line 45, in solve_sudoku
    eq_num = int(f.readline().strip())
ValueError: invalid literal for int() with base 10: ''
benchmarks_LEQ/INST_49x49/100/inst49x49_100_58.txt : 2912 ms.
--------------------------------------------------
Traceback (most recent call last):
  File "/home/hanrui/Sudoku-LS/solvers/sudoku_ort/sudoku_dyh_leq.py", line 103, in <module>
    solve_sudoku(file)
  File "/home/hanrui/Sudoku-LS/solvers/sudoku_ort/sudoku_dyh_leq.py", line 45, in solve_sudoku
    eq_num = int(f.readline().strip())
ValueError: invalid literal for int() with base 10: ''
benchmarks_LEQ/INST_49x49/100/inst49x49_100_59.txt : 2400 ms.
--------------------------------------------------
Traceback (most recent call last):
  File "/home/hanrui/Sudoku-LS/solvers/sudoku_ort/sudoku_dyh_leq.py", line 103, in <module>
    solve_sudoku(file)
  File "/home/hanrui/Sudoku-LS/solvers/sudoku_ort/sudoku_dyh_leq.py", line 45, in solve_sudoku
    eq_num = int(f.readline().strip())
ValueError: invalid literal for int() with base 10: ''
benchmarks_LEQ/INST_49x49/100/inst49x49_100_5.txt : 2926 ms.
--------------------------------------------------
Traceback (most recent call last):
  File "/home/hanrui/Sudoku-LS/solvers/sudoku_ort/sudoku_dyh_leq.py", line 103, in <module>
    solve_sudoku(file)
  File "/home/hanrui/Sudoku-LS/solvers/sudoku_ort/sudoku_dyh_leq.py", line 45, in solve_sudoku
    eq_num = int(f.readline().strip())
ValueError: invalid literal for int() with base 10: ''
benchmarks_LEQ/INST_49x49/100/inst49x49_100_60.txt : 3159 ms.
--------------------------------------------------
Traceback (most recent call last):
  File "/home/hanrui/Sudoku-LS/solvers/sudoku_ort/sudoku_dyh_leq.py", line 103, in <module>
    solve_sudoku(file)
  File "/home/hanrui/Sudoku-LS/solvers/sudoku_ort/sudoku_dyh_leq.py", line 45, in solve_sudoku
    eq_num = int(f.readline().strip())
ValueError: invalid literal for int() with base 10: ''
benchmarks_LEQ/INST_49x49/100/inst49x49_100_61.txt : 2840 ms.
--------------------------------------------------
Traceback (most recent call last):
  File "/home/hanrui/Sudoku-LS/solvers/sudoku_ort/sudoku_dyh_leq.py", line 103, in <module>
    solve_sudoku(file)
  File "/home/hanrui/Sudoku-LS/solvers/sudoku_ort/sudoku_dyh_leq.py", line 45, in solve_sudoku
    eq_num = int(f.readline().strip())
ValueError: invalid literal for int() with base 10: ''
benchmarks_LEQ/INST_49x49/100/inst49x49_100_62.txt : 2260 ms.
--------------------------------------------------
Traceback (most recent call last):
  File "/home/hanrui/Sudoku-LS/solvers/sudoku_ort/sudoku_dyh_leq.py", line 103, in <module>
    solve_sudoku(file)
  File "/home/hanrui/Sudoku-LS/solvers/sudoku_ort/sudoku_dyh_leq.py", line 45, in solve_sudoku
    eq_num = int(f.readline().strip())
ValueError: invalid literal for int() with base 10: ''
benchmarks_LEQ/INST_49x49/100/inst49x49_100_63.txt : 2386 ms.
--------------------------------------------------
Traceback (most recent call last):
  File "/home/hanrui/Sudoku-LS/solvers/sudoku_ort/sudoku_dyh_leq.py", line 103, in <module>
    solve_sudoku(file)
  File "/home/hanrui/Sudoku-LS/solvers/sudoku_ort/sudoku_dyh_leq.py", line 45, in solve_sudoku
    eq_num = int(f.readline().strip())
ValueError: invalid literal for int() with base 10: ''
benchmarks_LEQ/INST_49x49/100/inst49x49_100_64.txt : 2283 ms.
--------------------------------------------------
Traceback (most recent call last):
  File "/home/hanrui/Sudoku-LS/solvers/sudoku_ort/sudoku_dyh_leq.py", line 103, in <module>
    solve_sudoku(file)
  File "/home/hanrui/Sudoku-LS/solvers/sudoku_ort/sudoku_dyh_leq.py", line 45, in solve_sudoku
    eq_num = int(f.readline().strip())
ValueError: invalid literal for int() with base 10: ''
benchmarks_LEQ/INST_49x49/100/inst49x49_100_65.txt : 2502 ms.
--------------------------------------------------
Traceback (most recent call last):
  File "/home/hanrui/Sudoku-LS/solvers/sudoku_ort/sudoku_dyh_leq.py", line 103, in <module>
    solve_sudoku(file)
  File "/home/hanrui/Sudoku-LS/solvers/sudoku_ort/sudoku_dyh_leq.py", line 45, in solve_sudoku
    eq_num = int(f.readline().strip())
ValueError: invalid literal for int() with base 10: ''
benchmarks_LEQ/INST_49x49/100/inst49x49_100_66.txt : 2039 ms.
--------------------------------------------------
Traceback (most recent call last):
  File "/home/hanrui/Sudoku-LS/solvers/sudoku_ort/sudoku_dyh_leq.py", line 103, in <module>
    solve_sudoku(file)
  File "/home/hanrui/Sudoku-LS/solvers/sudoku_ort/sudoku_dyh_leq.py", line 45, in solve_sudoku
    eq_num = int(f.readline().strip())
ValueError: invalid literal for int() with base 10: ''
benchmarks_LEQ/INST_49x49/100/inst49x49_100_67.txt : 2259 ms.
--------------------------------------------------
Traceback (most recent call last):
  File "/home/hanrui/Sudoku-LS/solvers/sudoku_ort/sudoku_dyh_leq.py", line 103, in <module>
    solve_sudoku(file)
  File "/home/hanrui/Sudoku-LS/solvers/sudoku_ort/sudoku_dyh_leq.py", line 45, in solve_sudoku
    eq_num = int(f.readline().strip())
ValueError: invalid literal for int() with base 10: ''
benchmarks_LEQ/INST_49x49/100/inst49x49_100_68.txt : 2529 ms.
--------------------------------------------------
Traceback (most recent call last):
  File "/home/hanrui/Sudoku-LS/solvers/sudoku_ort/sudoku_dyh_leq.py", line 103, in <module>
    solve_sudoku(file)
  File "/home/hanrui/Sudoku-LS/solvers/sudoku_ort/sudoku_dyh_leq.py", line 45, in solve_sudoku
    eq_num = int(f.readline().strip())
ValueError: invalid literal for int() with base 10: ''
benchmarks_LEQ/INST_49x49/100/inst49x49_100_69.txt : 2438 ms.
--------------------------------------------------
Traceback (most recent call last):
  File "/home/hanrui/Sudoku-LS/solvers/sudoku_ort/sudoku_dyh_leq.py", line 103, in <module>
    solve_sudoku(file)
  File "/home/hanrui/Sudoku-LS/solvers/sudoku_ort/sudoku_dyh_leq.py", line 45, in solve_sudoku
    eq_num = int(f.readline().strip())
ValueError: invalid literal for int() with base 10: ''
benchmarks_LEQ/INST_49x49/100/inst49x49_100_6.txt : 2405 ms.
--------------------------------------------------
Traceback (most recent call last):
  File "/home/hanrui/Sudoku-LS/solvers/sudoku_ort/sudoku_dyh_leq.py", line 103, in <module>
    solve_sudoku(file)
  File "/home/hanrui/Sudoku-LS/solvers/sudoku_ort/sudoku_dyh_leq.py", line 45, in solve_sudoku
    eq_num = int(f.readline().strip())
ValueError: invalid literal for int() with base 10: ''
benchmarks_LEQ/INST_49x49/100/inst49x49_100_70.txt : 2521 ms.
--------------------------------------------------
Traceback (most recent call last):
  File "/home/hanrui/Sudoku-LS/solvers/sudoku_ort/sudoku_dyh_leq.py", line 103, in <module>
    solve_sudoku(file)
  File "/home/hanrui/Sudoku-LS/solvers/sudoku_ort/sudoku_dyh_leq.py", line 45, in solve_sudoku
    eq_num = int(f.readline().strip())
ValueError: invalid literal for int() with base 10: ''
benchmarks_LEQ/INST_49x49/100/inst49x49_100_71.txt : 2780 ms.
--------------------------------------------------
Traceback (most recent call last):
  File "/home/hanrui/Sudoku-LS/solvers/sudoku_ort/sudoku_dyh_leq.py", line 103, in <module>
    solve_sudoku(file)
  File "/home/hanrui/Sudoku-LS/solvers/sudoku_ort/sudoku_dyh_leq.py", line 45, in solve_sudoku
    eq_num = int(f.readline().strip())
ValueError: invalid literal for int() with base 10: ''
benchmarks_LEQ/INST_49x49/100/inst49x49_100_72.txt : 2223 ms.
--------------------------------------------------
Traceback (most recent call last):
  File "/home/hanrui/Sudoku-LS/solvers/sudoku_ort/sudoku_dyh_leq.py", line 103, in <module>
    solve_sudoku(file)
  File "/home/hanrui/Sudoku-LS/solvers/sudoku_ort/sudoku_dyh_leq.py", line 45, in solve_sudoku
    eq_num = int(f.readline().strip())
ValueError: invalid literal for int() with base 10: ''
benchmarks_LEQ/INST_49x49/100/inst49x49_100_73.txt : 1884 ms.
--------------------------------------------------
Traceback (most recent call last):
  File "/home/hanrui/Sudoku-LS/solvers/sudoku_ort/sudoku_dyh_leq.py", line 103, in <module>
    solve_sudoku(file)
  File "/home/hanrui/Sudoku-LS/solvers/sudoku_ort/sudoku_dyh_leq.py", line 45, in solve_sudoku
    eq_num = int(f.readline().strip())
ValueError: invalid literal for int() with base 10: ''
benchmarks_LEQ/INST_49x49/100/inst49x49_100_74.txt : 2134 ms.
--------------------------------------------------
Traceback (most recent call last):
  File "/home/hanrui/Sudoku-LS/solvers/sudoku_ort/sudoku_dyh_leq.py", line 103, in <module>
    solve_sudoku(file)
  File "/home/hanrui/Sudoku-LS/solvers/sudoku_ort/sudoku_dyh_leq.py", line 45, in solve_sudoku
    eq_num = int(f.readline().strip())
ValueError: invalid literal for int() with base 10: ''
benchmarks_LEQ/INST_49x49/100/inst49x49_100_75.txt : 2205 ms.
--------------------------------------------------
Traceback (most recent call last):
  File "/home/hanrui/Sudoku-LS/solvers/sudoku_ort/sudoku_dyh_leq.py", line 103, in <module>
    solve_sudoku(file)
  File "/home/hanrui/Sudoku-LS/solvers/sudoku_ort/sudoku_dyh_leq.py", line 45, in solve_sudoku
    eq_num = int(f.readline().strip())
ValueError: invalid literal for int() with base 10: ''
benchmarks_LEQ/INST_49x49/100/inst49x49_100_76.txt : 2336 ms.
--------------------------------------------------
Traceback (most recent call last):
  File "/home/hanrui/Sudoku-LS/solvers/sudoku_ort/sudoku_dyh_leq.py", line 103, in <module>
    solve_sudoku(file)
  File "/home/hanrui/Sudoku-LS/solvers/sudoku_ort/sudoku_dyh_leq.py", line 45, in solve_sudoku
    eq_num = int(f.readline().strip())
ValueError: invalid literal for int() with base 10: ''
benchmarks_LEQ/INST_49x49/100/inst49x49_100_77.txt : 2079 ms.
--------------------------------------------------
Traceback (most recent call last):
  File "/home/hanrui/Sudoku-LS/solvers/sudoku_ort/sudoku_dyh_leq.py", line 103, in <module>
    solve_sudoku(file)
  File "/home/hanrui/Sudoku-LS/solvers/sudoku_ort/sudoku_dyh_leq.py", line 45, in solve_sudoku
    eq_num = int(f.readline().strip())
ValueError: invalid literal for int() with base 10: ''
benchmarks_LEQ/INST_49x49/100/inst49x49_100_78.txt : 2063 ms.
--------------------------------------------------
Traceback (most recent call last):
  File "/home/hanrui/Sudoku-LS/solvers/sudoku_ort/sudoku_dyh_leq.py", line 103, in <module>
    solve_sudoku(file)
  File "/home/hanrui/Sudoku-LS/solvers/sudoku_ort/sudoku_dyh_leq.py", line 45, in solve_sudoku
    eq_num = int(f.readline().strip())
ValueError: invalid literal for int() with base 10: ''
benchmarks_LEQ/INST_49x49/100/inst49x49_100_79.txt : 2770 ms.
--------------------------------------------------
Traceback (most recent call last):
  File "/home/hanrui/Sudoku-LS/solvers/sudoku_ort/sudoku_dyh_leq.py", line 103, in <module>
    solve_sudoku(file)
  File "/home/hanrui/Sudoku-LS/solvers/sudoku_ort/sudoku_dyh_leq.py", line 45, in solve_sudoku
    eq_num = int(f.readline().strip())
ValueError: invalid literal for int() with base 10: ''
benchmarks_LEQ/INST_49x49/100/inst49x49_100_7.txt : 2831 ms.
--------------------------------------------------
Traceback (most recent call last):
  File "/home/hanrui/Sudoku-LS/solvers/sudoku_ort/sudoku_dyh_leq.py", line 103, in <module>
    solve_sudoku(file)
  File "/home/hanrui/Sudoku-LS/solvers/sudoku_ort/sudoku_dyh_leq.py", line 45, in solve_sudoku
    eq_num = int(f.readline().strip())
ValueError: invalid literal for int() with base 10: ''
benchmarks_LEQ/INST_49x49/100/inst49x49_100_80.txt : 2606 ms.
--------------------------------------------------
Traceback (most recent call last):
  File "/home/hanrui/Sudoku-LS/solvers/sudoku_ort/sudoku_dyh_leq.py", line 103, in <module>
    solve_sudoku(file)
  File "/home/hanrui/Sudoku-LS/solvers/sudoku_ort/sudoku_dyh_leq.py", line 45, in solve_sudoku
    eq_num = int(f.readline().strip())
ValueError: invalid literal for int() with base 10: ''
benchmarks_LEQ/INST_49x49/100/inst49x49_100_81.txt : 2674 ms.
--------------------------------------------------
Traceback (most recent call last):
  File "/home/hanrui/Sudoku-LS/solvers/sudoku_ort/sudoku_dyh_leq.py", line 103, in <module>
    solve_sudoku(file)
  File "/home/hanrui/Sudoku-LS/solvers/sudoku_ort/sudoku_dyh_leq.py", line 45, in solve_sudoku
    eq_num = int(f.readline().strip())
ValueError: invalid literal for int() with base 10: ''
benchmarks_LEQ/INST_49x49/100/inst49x49_100_82.txt : 2667 ms.
--------------------------------------------------
Traceback (most recent call last):
  File "/home/hanrui/Sudoku-LS/solvers/sudoku_ort/sudoku_dyh_leq.py", line 103, in <module>
    solve_sudoku(file)
  File "/home/hanrui/Sudoku-LS/solvers/sudoku_ort/sudoku_dyh_leq.py", line 45, in solve_sudoku
    eq_num = int(f.readline().strip())
ValueError: invalid literal for int() with base 10: ''
benchmarks_LEQ/INST_49x49/100/inst49x49_100_83.txt : 2700 ms.
--------------------------------------------------
Traceback (most recent call last):
  File "/home/hanrui/Sudoku-LS/solvers/sudoku_ort/sudoku_dyh_leq.py", line 103, in <module>
    solve_sudoku(file)
  File "/home/hanrui/Sudoku-LS/solvers/sudoku_ort/sudoku_dyh_leq.py", line 45, in solve_sudoku
    eq_num = int(f.readline().strip())
ValueError: invalid literal for int() with base 10: ''
benchmarks_LEQ/INST_49x49/100/inst49x49_100_84.txt : 2796 ms.
--------------------------------------------------
Traceback (most recent call last):
  File "/home/hanrui/Sudoku-LS/solvers/sudoku_ort/sudoku_dyh_leq.py", line 103, in <module>
    solve_sudoku(file)
  File "/home/hanrui/Sudoku-LS/solvers/sudoku_ort/sudoku_dyh_leq.py", line 45, in solve_sudoku
    eq_num = int(f.readline().strip())
ValueError: invalid literal for int() with base 10: ''
benchmarks_LEQ/INST_49x49/100/inst49x49_100_85.txt : 2711 ms.
--------------------------------------------------
Traceback (most recent call last):
  File "/home/hanrui/Sudoku-LS/solvers/sudoku_ort/sudoku_dyh_leq.py", line 103, in <module>
    solve_sudoku(file)
  File "/home/hanrui/Sudoku-LS/solvers/sudoku_ort/sudoku_dyh_leq.py", line 45, in solve_sudoku
    eq_num = int(f.readline().strip())
ValueError: invalid literal for int() with base 10: ''
benchmarks_LEQ/INST_49x49/100/inst49x49_100_86.txt : 2502 ms.
--------------------------------------------------
Traceback (most recent call last):
  File "/home/hanrui/Sudoku-LS/solvers/sudoku_ort/sudoku_dyh_leq.py", line 103, in <module>
    solve_sudoku(file)
  File "/home/hanrui/Sudoku-LS/solvers/sudoku_ort/sudoku_dyh_leq.py", line 45, in solve_sudoku
    eq_num = int(f.readline().strip())
ValueError: invalid literal for int() with base 10: ''
benchmarks_LEQ/INST_49x49/100/inst49x49_100_87.txt : 2715 ms.
--------------------------------------------------
Traceback (most recent call last):
  File "/home/hanrui/Sudoku-LS/solvers/sudoku_ort/sudoku_dyh_leq.py", line 103, in <module>
    solve_sudoku(file)
  File "/home/hanrui/Sudoku-LS/solvers/sudoku_ort/sudoku_dyh_leq.py", line 45, in solve_sudoku
    eq_num = int(f.readline().strip())
ValueError: invalid literal for int() with base 10: ''
benchmarks_LEQ/INST_49x49/100/inst49x49_100_88.txt : 2281 ms.
--------------------------------------------------
Traceback (most recent call last):
  File "/home/hanrui/Sudoku-LS/solvers/sudoku_ort/sudoku_dyh_leq.py", line 103, in <module>
    solve_sudoku(file)
  File "/home/hanrui/Sudoku-LS/solvers/sudoku_ort/sudoku_dyh_leq.py", line 45, in solve_sudoku
    eq_num = int(f.readline().strip())
ValueError: invalid literal for int() with base 10: ''
benchmarks_LEQ/INST_49x49/100/inst49x49_100_89.txt : 2327 ms.
--------------------------------------------------
Traceback (most recent call last):
  File "/home/hanrui/Sudoku-LS/solvers/sudoku_ort/sudoku_dyh_leq.py", line 103, in <module>
    solve_sudoku(file)
  File "/home/hanrui/Sudoku-LS/solvers/sudoku_ort/sudoku_dyh_leq.py", line 45, in solve_sudoku
    eq_num = int(f.readline().strip())
ValueError: invalid literal for int() with base 10: ''
benchmarks_LEQ/INST_49x49/100/inst49x49_100_8.txt : 2468 ms.
--------------------------------------------------
Traceback (most recent call last):
  File "/home/hanrui/Sudoku-LS/solvers/sudoku_ort/sudoku_dyh_leq.py", line 103, in <module>
    solve_sudoku(file)
  File "/home/hanrui/Sudoku-LS/solvers/sudoku_ort/sudoku_dyh_leq.py", line 45, in solve_sudoku
    eq_num = int(f.readline().strip())
ValueError: invalid literal for int() with base 10: ''
benchmarks_LEQ/INST_49x49/100/inst49x49_100_90.txt : 2908 ms.
--------------------------------------------------
Traceback (most recent call last):
  File "/home/hanrui/Sudoku-LS/solvers/sudoku_ort/sudoku_dyh_leq.py", line 103, in <module>
    solve_sudoku(file)
  File "/home/hanrui/Sudoku-LS/solvers/sudoku_ort/sudoku_dyh_leq.py", line 45, in solve_sudoku
    eq_num = int(f.readline().strip())
ValueError: invalid literal for int() with base 10: ''
benchmarks_LEQ/INST_49x49/100/inst49x49_100_91.txt : 3257 ms.
--------------------------------------------------
Traceback (most recent call last):
  File "/home/hanrui/Sudoku-LS/solvers/sudoku_ort/sudoku_dyh_leq.py", line 103, in <module>
    solve_sudoku(file)
  File "/home/hanrui/Sudoku-LS/solvers/sudoku_ort/sudoku_dyh_leq.py", line 45, in solve_sudoku
    eq_num = int(f.readline().strip())
ValueError: invalid literal for int() with base 10: ''
benchmarks_LEQ/INST_49x49/100/inst49x49_100_92.txt : 2999 ms.
--------------------------------------------------
Traceback (most recent call last):
  File "/home/hanrui/Sudoku-LS/solvers/sudoku_ort/sudoku_dyh_leq.py", line 103, in <module>
    solve_sudoku(file)
  File "/home/hanrui/Sudoku-LS/solvers/sudoku_ort/sudoku_dyh_leq.py", line 45, in solve_sudoku
    eq_num = int(f.readline().strip())
ValueError: invalid literal for int() with base 10: ''
benchmarks_LEQ/INST_49x49/100/inst49x49_100_93.txt : 2525 ms.
--------------------------------------------------
Traceback (most recent call last):
  File "/home/hanrui/Sudoku-LS/solvers/sudoku_ort/sudoku_dyh_leq.py", line 103, in <module>
    solve_sudoku(file)
  File "/home/hanrui/Sudoku-LS/solvers/sudoku_ort/sudoku_dyh_leq.py", line 45, in solve_sudoku
    eq_num = int(f.readline().strip())
ValueError: invalid literal for int() with base 10: ''
benchmarks_LEQ/INST_49x49/100/inst49x49_100_94.txt : 2224 ms.
--------------------------------------------------
Traceback (most recent call last):
  File "/home/hanrui/Sudoku-LS/solvers/sudoku_ort/sudoku_dyh_leq.py", line 103, in <module>
    solve_sudoku(file)
  File "/home/hanrui/Sudoku-LS/solvers/sudoku_ort/sudoku_dyh_leq.py", line 45, in solve_sudoku
    eq_num = int(f.readline().strip())
ValueError: invalid literal for int() with base 10: ''
benchmarks_LEQ/INST_49x49/100/inst49x49_100_95.txt : 2035 ms.
--------------------------------------------------
Traceback (most recent call last):
  File "/home/hanrui/Sudoku-LS/solvers/sudoku_ort/sudoku_dyh_leq.py", line 103, in <module>
    solve_sudoku(file)
  File "/home/hanrui/Sudoku-LS/solvers/sudoku_ort/sudoku_dyh_leq.py", line 45, in solve_sudoku
    eq_num = int(f.readline().strip())
ValueError: invalid literal for int() with base 10: ''
benchmarks_LEQ/INST_49x49/100/inst49x49_100_96.txt : 2397 ms.
--------------------------------------------------
Traceback (most recent call last):
  File "/home/hanrui/Sudoku-LS/solvers/sudoku_ort/sudoku_dyh_leq.py", line 103, in <module>
    solve_sudoku(file)
  File "/home/hanrui/Sudoku-LS/solvers/sudoku_ort/sudoku_dyh_leq.py", line 45, in solve_sudoku
    eq_num = int(f.readline().strip())
ValueError: invalid literal for int() with base 10: ''
benchmarks_LEQ/INST_49x49/100/inst49x49_100_97.txt : 2881 ms.
--------------------------------------------------
Traceback (most recent call last):
  File "/home/hanrui/Sudoku-LS/solvers/sudoku_ort/sudoku_dyh_leq.py", line 103, in <module>
    solve_sudoku(file)
  File "/home/hanrui/Sudoku-LS/solvers/sudoku_ort/sudoku_dyh_leq.py", line 45, in solve_sudoku
    eq_num = int(f.readline().strip())
ValueError: invalid literal for int() with base 10: ''
benchmarks_LEQ/INST_49x49/100/inst49x49_100_98.txt : 2187 ms.
--------------------------------------------------
Traceback (most recent call last):
  File "/home/hanrui/Sudoku-LS/solvers/sudoku_ort/sudoku_dyh_leq.py", line 103, in <module>
    solve_sudoku(file)
  File "/home/hanrui/Sudoku-LS/solvers/sudoku_ort/sudoku_dyh_leq.py", line 45, in solve_sudoku
    eq_num = int(f.readline().strip())
ValueError: invalid literal for int() with base 10: ''
benchmarks_LEQ/INST_49x49/100/inst49x49_100_99.txt : 2186 ms.
--------------------------------------------------
Traceback (most recent call last):
  File "/home/hanrui/Sudoku-LS/solvers/sudoku_ort/sudoku_dyh_leq.py", line 103, in <module>
    solve_sudoku(file)
  File "/home/hanrui/Sudoku-LS/solvers/sudoku_ort/sudoku_dyh_leq.py", line 45, in solve_sudoku
    eq_num = int(f.readline().strip())
ValueError: invalid literal for int() with base 10: ''
benchmarks_LEQ/INST_49x49/100/inst49x49_100_9.txt : 2002 ms.
