--------------------------------------------------
======================================================================
current best clash: 0
----------------------------------------------------------------------
current col clash: 0
current row clash: 0
current squ clash: 0
benchmarks_simp/INST_16x16/40/inst16x16_40_0.txt find answer: 0.000000
benchmarks_simp/INST_16x16/40/inst16x16_40_0.txt : 39 ms.
--------------------------------------------------
======================================================================
current best clash: 0
----------------------------------------------------------------------
current col clash: 0
current row clash: 0
current squ clash: 0
benchmarks_simp/INST_16x16/40/inst16x16_40_10.txt find answer: 0.000000
benchmarks_simp/INST_16x16/40/inst16x16_40_10.txt : 30 ms.
--------------------------------------------------
======================================================================
current best clash: 0
----------------------------------------------------------------------
current col clash: 0
current row clash: 0
current squ clash: 0
benchmarks_simp/INST_16x16/40/inst16x16_40_11.txt find answer: 0.000000
benchmarks_simp/INST_16x16/40/inst16x16_40_11.txt : 33 ms.
--------------------------------------------------
======================================================================
current best clash: 0
----------------------------------------------------------------------
current col clash: 0
current row clash: 0
current squ clash: 0
benchmarks_simp/INST_16x16/40/inst16x16_40_12.txt find answer: 0.000000
benchmarks_simp/INST_16x16/40/inst16x16_40_12.txt : 39 ms.
--------------------------------------------------
======================================================================
current best clash: 0
----------------------------------------------------------------------
current col clash: 0
current row clash: 0
current squ clash: 0
benchmarks_simp/INST_16x16/40/inst16x16_40_13.txt find answer: 0.000000
benchmarks_simp/INST_16x16/40/inst16x16_40_13.txt : 31 ms.
--------------------------------------------------
======================================================================
current best clash: 0
----------------------------------------------------------------------
current col clash: 0
current row clash: 0
current squ clash: 0
benchmarks_simp/INST_16x16/40/inst16x16_40_14.txt find answer: 0.000000
benchmarks_simp/INST_16x16/40/inst16x16_40_14.txt : 29 ms.
--------------------------------------------------
======================================================================
current best clash: 0
----------------------------------------------------------------------
current col clash: 0
current row clash: 0
current squ clash: 0
benchmarks_simp/INST_16x16/40/inst16x16_40_15.txt find answer: 0.000000
benchmarks_simp/INST_16x16/40/inst16x16_40_15.txt : 34 ms.
--------------------------------------------------
======================================================================
current best clash: 0
----------------------------------------------------------------------
current col clash: 0
current row clash: 0
current squ clash: 0
benchmarks_simp/INST_16x16/40/inst16x16_40_16.txt find answer: 0.010000
benchmarks_simp/INST_16x16/40/inst16x16_40_16.txt : 35 ms.
--------------------------------------------------
======================================================================
current best clash: 0
----------------------------------------------------------------------
current col clash: 0
current row clash: 0
current squ clash: 0
benchmarks_simp/INST_16x16/40/inst16x16_40_17.txt find answer: 0.000000
benchmarks_simp/INST_16x16/40/inst16x16_40_17.txt : 1099 ms.
--------------------------------------------------
======================================================================
current best clash: 0
----------------------------------------------------------------------
current col clash: 0
current row clash: 0
current squ clash: 0
benchmarks_simp/INST_16x16/40/inst16x16_40_18.txt find answer: 0.000000
benchmarks_simp/INST_16x16/40/inst16x16_40_18.txt : 30 ms.
--------------------------------------------------
======================================================================
current best clash: 0
----------------------------------------------------------------------
current col clash: 0
current row clash: 0
current squ clash: 0
benchmarks_simp/INST_16x16/40/inst16x16_40_19.txt find answer: 0.000000
benchmarks_simp/INST_16x16/40/inst16x16_40_19.txt : 38 ms.
--------------------------------------------------
======================================================================
current best clash: 0
----------------------------------------------------------------------
current col clash: 0
current row clash: 0
current squ clash: 0
benchmarks_simp/INST_16x16/40/inst16x16_40_1.txt find answer: 0.000000
benchmarks_simp/INST_16x16/40/inst16x16_40_1.txt : 29 ms.
--------------------------------------------------
======================================================================
current best clash: 0
----------------------------------------------------------------------
current col clash: 0
current row clash: 0
current squ clash: 0
benchmarks_simp/INST_16x16/40/inst16x16_40_20.txt find answer: 0.000000
benchmarks_simp/INST_16x16/40/inst16x16_40_20.txt : 33 ms.
--------------------------------------------------
======================================================================
current best clash: 0
----------------------------------------------------------------------
current col clash: 0
current row clash: 0
current squ clash: 0
benchmarks_simp/INST_16x16/40/inst16x16_40_21.txt find answer: 0.000000
benchmarks_simp/INST_16x16/40/inst16x16_40_21.txt : 35 ms.
--------------------------------------------------
======================================================================
current best clash: 0
----------------------------------------------------------------------
current col clash: 0
current row clash: 0
current squ clash: 0
benchmarks_simp/INST_16x16/40/inst16x16_40_22.txt find answer: 0.000000
benchmarks_simp/INST_16x16/40/inst16x16_40_22.txt : 32 ms.
--------------------------------------------------
======================================================================
current best clash: 0
----------------------------------------------------------------------
current col clash: 0
current row clash: 0
current squ clash: 0
benchmarks_simp/INST_16x16/40/inst16x16_40_23.txt find answer: 0.000000
benchmarks_simp/INST_16x16/40/inst16x16_40_23.txt : 33 ms.
--------------------------------------------------
======================================================================
current best clash: 0
----------------------------------------------------------------------
current col clash: 0
current row clash: 0
current squ clash: 0
benchmarks_simp/INST_16x16/40/inst16x16_40_24.txt find answer: 0.010000
benchmarks_simp/INST_16x16/40/inst16x16_40_24.txt : 34 ms.
--------------------------------------------------
======================================================================
current best clash: 0
----------------------------------------------------------------------
current col clash: 0
current row clash: 0
current squ clash: 0
benchmarks_simp/INST_16x16/40/inst16x16_40_25.txt find answer: 0.000000
benchmarks_simp/INST_16x16/40/inst16x16_40_25.txt : 27 ms.
--------------------------------------------------
======================================================================
current best clash: 0
----------------------------------------------------------------------
current col clash: 0
current row clash: 0
current squ clash: 0
benchmarks_simp/INST_16x16/40/inst16x16_40_26.txt find answer: 0.000000
benchmarks_simp/INST_16x16/40/inst16x16_40_26.txt : 33 ms.
--------------------------------------------------
======================================================================
current best clash: 0
----------------------------------------------------------------------
current col clash: 0
current row clash: 0
current squ clash: 0
benchmarks_simp/INST_16x16/40/inst16x16_40_27.txt find answer: 0.000000
benchmarks_simp/INST_16x16/40/inst16x16_40_27.txt : 31 ms.
--------------------------------------------------
======================================================================
current best clash: 0
----------------------------------------------------------------------
current col clash: 0
current row clash: 0
current squ clash: 0
benchmarks_simp/INST_16x16/40/inst16x16_40_28.txt find answer: 0.000000
benchmarks_simp/INST_16x16/40/inst16x16_40_28.txt : 36 ms.
--------------------------------------------------
======================================================================
current best clash: 0
----------------------------------------------------------------------
current col clash: 0
current row clash: 0
current squ clash: 0
benchmarks_simp/INST_16x16/40/inst16x16_40_29.txt find answer: 0.000000
benchmarks_simp/INST_16x16/40/inst16x16_40_29.txt : 27 ms.
--------------------------------------------------
======================================================================
current best clash: 0
----------------------------------------------------------------------
current col clash: 0
current row clash: 0
current squ clash: 0
benchmarks_simp/INST_16x16/40/inst16x16_40_2.txt find answer: 0.010000
benchmarks_simp/INST_16x16/40/inst16x16_40_2.txt : 28 ms.
--------------------------------------------------
======================================================================
current best clash: 0
----------------------------------------------------------------------
current col clash: 0
current row clash: 0
current squ clash: 0
benchmarks_simp/INST_16x16/40/inst16x16_40_30.txt find answer: 0.000000
benchmarks_simp/INST_16x16/40/inst16x16_40_30.txt : 28 ms.
--------------------------------------------------
======================================================================
current best clash: 0
----------------------------------------------------------------------
current col clash: 0
current row clash: 0
current squ clash: 0
benchmarks_simp/INST_16x16/40/inst16x16_40_31.txt find answer: 0.000000
benchmarks_simp/INST_16x16/40/inst16x16_40_31.txt : 35 ms.
--------------------------------------------------
======================================================================
current best clash: 0
----------------------------------------------------------------------
current col clash: 0
current row clash: 0
current squ clash: 0
benchmarks_simp/INST_16x16/40/inst16x16_40_32.txt find answer: 0.000000
benchmarks_simp/INST_16x16/40/inst16x16_40_32.txt : 40 ms.
--------------------------------------------------
======================================================================
current best clash: 0
----------------------------------------------------------------------
current col clash: 0
current row clash: 0
current squ clash: 0
benchmarks_simp/INST_16x16/40/inst16x16_40_33.txt find answer: 0.000000
benchmarks_simp/INST_16x16/40/inst16x16_40_33.txt : 36 ms.
--------------------------------------------------
======================================================================
current best clash: 0
----------------------------------------------------------------------
current col clash: 0
current row clash: 0
current squ clash: 0
benchmarks_simp/INST_16x16/40/inst16x16_40_34.txt find answer: 0.000000
benchmarks_simp/INST_16x16/40/inst16x16_40_34.txt : 36 ms.
--------------------------------------------------
======================================================================
current best clash: 0
----------------------------------------------------------------------
current col clash: 0
current row clash: 0
current squ clash: 0
benchmarks_simp/INST_16x16/40/inst16x16_40_35.txt find answer: 0.000000
benchmarks_simp/INST_16x16/40/inst16x16_40_35.txt : 32 ms.
--------------------------------------------------
======================================================================
current best clash: 0
----------------------------------------------------------------------
current col clash: 0
current row clash: 0
current squ clash: 0
benchmarks_simp/INST_16x16/40/inst16x16_40_36.txt find answer: 0.000000
benchmarks_simp/INST_16x16/40/inst16x16_40_36.txt : 38 ms.
--------------------------------------------------
======================================================================
current best clash: 0
----------------------------------------------------------------------
current col clash: 0
current row clash: 0
current squ clash: 0
benchmarks_simp/INST_16x16/40/inst16x16_40_37.txt find answer: 0.000000
benchmarks_simp/INST_16x16/40/inst16x16_40_37.txt : 30 ms.
--------------------------------------------------
======================================================================
current best clash: 0
----------------------------------------------------------------------
current col clash: 0
current row clash: 0
current squ clash: 0
benchmarks_simp/INST_16x16/40/inst16x16_40_38.txt find answer: 0.000000
benchmarks_simp/INST_16x16/40/inst16x16_40_38.txt : 36 ms.
--------------------------------------------------
======================================================================
current best clash: 0
----------------------------------------------------------------------
current col clash: 0
current row clash: 0
current squ clash: 0
benchmarks_simp/INST_16x16/40/inst16x16_40_39.txt find answer: 0.000000
benchmarks_simp/INST_16x16/40/inst16x16_40_39.txt : 29 ms.
--------------------------------------------------
======================================================================
current best clash: 0
----------------------------------------------------------------------
current col clash: 0
current row clash: 0
current squ clash: 0
benchmarks_simp/INST_16x16/40/inst16x16_40_3.txt find answer: 0.010000
benchmarks_simp/INST_16x16/40/inst16x16_40_3.txt : 39 ms.
--------------------------------------------------
======================================================================
current best clash: 0
----------------------------------------------------------------------
current col clash: 0
current row clash: 0
current squ clash: 0
benchmarks_simp/INST_16x16/40/inst16x16_40_40.txt find answer: 0.000000
benchmarks_simp/INST_16x16/40/inst16x16_40_40.txt : 30 ms.
--------------------------------------------------
======================================================================
current best clash: 0
----------------------------------------------------------------------
current col clash: 0
current row clash: 0
current squ clash: 0
benchmarks_simp/INST_16x16/40/inst16x16_40_41.txt find answer: 0.000000
benchmarks_simp/INST_16x16/40/inst16x16_40_41.txt : 24 ms.
--------------------------------------------------
======================================================================
current best clash: 0
----------------------------------------------------------------------
current col clash: 0
current row clash: 0
current squ clash: 0
benchmarks_simp/INST_16x16/40/inst16x16_40_42.txt find answer: 0.000000
benchmarks_simp/INST_16x16/40/inst16x16_40_42.txt : 30 ms.
--------------------------------------------------
======================================================================
current best clash: 0
----------------------------------------------------------------------
current col clash: 0
current row clash: 0
current squ clash: 0
benchmarks_simp/INST_16x16/40/inst16x16_40_43.txt find answer: 0.020000
benchmarks_simp/INST_16x16/40/inst16x16_40_43.txt : 37 ms.
--------------------------------------------------
======================================================================
current best clash: 0
----------------------------------------------------------------------
current col clash: 0
current row clash: 0
current squ clash: 0
benchmarks_simp/INST_16x16/40/inst16x16_40_44.txt find answer: 0.010000
benchmarks_simp/INST_16x16/40/inst16x16_40_44.txt : 36 ms.
--------------------------------------------------
======================================================================
current best clash: 0
----------------------------------------------------------------------
current col clash: 0
current row clash: 0
current squ clash: 0
benchmarks_simp/INST_16x16/40/inst16x16_40_45.txt find answer: 0.000000
benchmarks_simp/INST_16x16/40/inst16x16_40_45.txt : 31 ms.
--------------------------------------------------
======================================================================
current best clash: 0
----------------------------------------------------------------------
current col clash: 0
current row clash: 0
current squ clash: 0
benchmarks_simp/INST_16x16/40/inst16x16_40_46.txt find answer: 0.000000
benchmarks_simp/INST_16x16/40/inst16x16_40_46.txt : 27 ms.
--------------------------------------------------
======================================================================
current best clash: 0
----------------------------------------------------------------------
current col clash: 0
current row clash: 0
current squ clash: 0
benchmarks_simp/INST_16x16/40/inst16x16_40_47.txt find answer: 0.000000
benchmarks_simp/INST_16x16/40/inst16x16_40_47.txt : 27 ms.
--------------------------------------------------
======================================================================
current best clash: 0
----------------------------------------------------------------------
current col clash: 0
current row clash: 0
current squ clash: 0
benchmarks_simp/INST_16x16/40/inst16x16_40_48.txt find answer: 0.000000
benchmarks_simp/INST_16x16/40/inst16x16_40_48.txt : 49 ms.
--------------------------------------------------
======================================================================
current best clash: 0
----------------------------------------------------------------------
current col clash: 0
current row clash: 0
current squ clash: 0
benchmarks_simp/INST_16x16/40/inst16x16_40_49.txt find answer: 0.000000
benchmarks_simp/INST_16x16/40/inst16x16_40_49.txt : 35 ms.
--------------------------------------------------
======================================================================
current best clash: 0
----------------------------------------------------------------------
current col clash: 0
current row clash: 0
current squ clash: 0
benchmarks_simp/INST_16x16/40/inst16x16_40_4.txt find answer: 0.000000
benchmarks_simp/INST_16x16/40/inst16x16_40_4.txt : 36 ms.
--------------------------------------------------
======================================================================
current best clash: 0
----------------------------------------------------------------------
current col clash: 0
current row clash: 0
current squ clash: 0
benchmarks_simp/INST_16x16/40/inst16x16_40_50.txt find answer: 0.000000
benchmarks_simp/INST_16x16/40/inst16x16_40_50.txt : 39 ms.
--------------------------------------------------
======================================================================
current best clash: 0
----------------------------------------------------------------------
current col clash: 0
current row clash: 0
current squ clash: 0
benchmarks_simp/INST_16x16/40/inst16x16_40_51.txt find answer: 0.000000
benchmarks_simp/INST_16x16/40/inst16x16_40_51.txt : 55 ms.
--------------------------------------------------
======================================================================
current best clash: 0
----------------------------------------------------------------------
current col clash: 0
current row clash: 0
current squ clash: 0
benchmarks_simp/INST_16x16/40/inst16x16_40_52.txt find answer: 0.000000
benchmarks_simp/INST_16x16/40/inst16x16_40_52.txt : 33 ms.
--------------------------------------------------
======================================================================
current best clash: 0
----------------------------------------------------------------------
current col clash: 0
current row clash: 0
current squ clash: 0
benchmarks_simp/INST_16x16/40/inst16x16_40_53.txt find answer: 0.000000
benchmarks_simp/INST_16x16/40/inst16x16_40_53.txt : 30 ms.
--------------------------------------------------
======================================================================
current best clash: 0
----------------------------------------------------------------------
current col clash: 0
current row clash: 0
current squ clash: 0
benchmarks_simp/INST_16x16/40/inst16x16_40_54.txt find answer: 0.000000
benchmarks_simp/INST_16x16/40/inst16x16_40_54.txt : 42 ms.
--------------------------------------------------
======================================================================
current best clash: 0
----------------------------------------------------------------------
current col clash: 0
current row clash: 0
current squ clash: 0
benchmarks_simp/INST_16x16/40/inst16x16_40_55.txt find answer: 0.000000
benchmarks_simp/INST_16x16/40/inst16x16_40_55.txt : 34 ms.
--------------------------------------------------
======================================================================
current best clash: 0
----------------------------------------------------------------------
current col clash: 0
current row clash: 0
current squ clash: 0
benchmarks_simp/INST_16x16/40/inst16x16_40_56.txt find answer: 0.010000
benchmarks_simp/INST_16x16/40/inst16x16_40_56.txt : 28 ms.
--------------------------------------------------
======================================================================
current best clash: 0
----------------------------------------------------------------------
current col clash: 0
current row clash: 0
current squ clash: 0
benchmarks_simp/INST_16x16/40/inst16x16_40_57.txt find answer: 0.000000
benchmarks_simp/INST_16x16/40/inst16x16_40_57.txt : 29 ms.
--------------------------------------------------
======================================================================
current best clash: 0
----------------------------------------------------------------------
current col clash: 0
current row clash: 0
current squ clash: 0
benchmarks_simp/INST_16x16/40/inst16x16_40_58.txt find answer: 0.000000
benchmarks_simp/INST_16x16/40/inst16x16_40_58.txt : 26 ms.
--------------------------------------------------
======================================================================
current best clash: 0
----------------------------------------------------------------------
current col clash: 0
current row clash: 0
current squ clash: 0
benchmarks_simp/INST_16x16/40/inst16x16_40_59.txt find answer: 0.000000
benchmarks_simp/INST_16x16/40/inst16x16_40_59.txt : 24 ms.
--------------------------------------------------
======================================================================
current best clash: 0
----------------------------------------------------------------------
current col clash: 0
current row clash: 0
current squ clash: 0
benchmarks_simp/INST_16x16/40/inst16x16_40_5.txt find answer: 0.000000
benchmarks_simp/INST_16x16/40/inst16x16_40_5.txt : 24 ms.
--------------------------------------------------
======================================================================
current best clash: 0
----------------------------------------------------------------------
current col clash: 0
current row clash: 0
current squ clash: 0
benchmarks_simp/INST_16x16/40/inst16x16_40_60.txt find answer: 0.000000
benchmarks_simp/INST_16x16/40/inst16x16_40_60.txt : 32 ms.
--------------------------------------------------
======================================================================
current best clash: 0
----------------------------------------------------------------------
current col clash: 0
current row clash: 0
current squ clash: 0
benchmarks_simp/INST_16x16/40/inst16x16_40_61.txt find answer: 0.000000
benchmarks_simp/INST_16x16/40/inst16x16_40_61.txt : 24 ms.
--------------------------------------------------
======================================================================
current best clash: 0
----------------------------------------------------------------------
current col clash: 0
current row clash: 0
current squ clash: 0
benchmarks_simp/INST_16x16/40/inst16x16_40_62.txt find answer: 0.000000
benchmarks_simp/INST_16x16/40/inst16x16_40_62.txt : 33 ms.
--------------------------------------------------
======================================================================
current best clash: 0
----------------------------------------------------------------------
current col clash: 0
current row clash: 0
current squ clash: 0
benchmarks_simp/INST_16x16/40/inst16x16_40_63.txt find answer: 0.000000
benchmarks_simp/INST_16x16/40/inst16x16_40_63.txt : 29 ms.
--------------------------------------------------
======================================================================
current best clash: 0
----------------------------------------------------------------------
current col clash: 0
current row clash: 0
current squ clash: 0
benchmarks_simp/INST_16x16/40/inst16x16_40_64.txt find answer: 0.010000
benchmarks_simp/INST_16x16/40/inst16x16_40_64.txt : 30 ms.
--------------------------------------------------
======================================================================
current best clash: 0
----------------------------------------------------------------------
current col clash: 0
current row clash: 0
current squ clash: 0
benchmarks_simp/INST_16x16/40/inst16x16_40_65.txt find answer: 0.010000
benchmarks_simp/INST_16x16/40/inst16x16_40_65.txt : 38 ms.
--------------------------------------------------
======================================================================
current best clash: 0
----------------------------------------------------------------------
current col clash: 0
current row clash: 0
current squ clash: 0
benchmarks_simp/INST_16x16/40/inst16x16_40_66.txt find answer: 0.000000
benchmarks_simp/INST_16x16/40/inst16x16_40_66.txt : 34 ms.
--------------------------------------------------
======================================================================
current best clash: 0
----------------------------------------------------------------------
current col clash: 0
current row clash: 0
current squ clash: 0
benchmarks_simp/INST_16x16/40/inst16x16_40_67.txt find answer: 0.000000
benchmarks_simp/INST_16x16/40/inst16x16_40_67.txt : 30 ms.
--------------------------------------------------
======================================================================
current best clash: 0
----------------------------------------------------------------------
current col clash: 0
current row clash: 0
current squ clash: 0
benchmarks_simp/INST_16x16/40/inst16x16_40_68.txt find answer: 0.000000
benchmarks_simp/INST_16x16/40/inst16x16_40_68.txt : 39 ms.
--------------------------------------------------
======================================================================
current best clash: 0
----------------------------------------------------------------------
current col clash: 0
current row clash: 0
current squ clash: 0
benchmarks_simp/INST_16x16/40/inst16x16_40_69.txt find answer: 0.010000
benchmarks_simp/INST_16x16/40/inst16x16_40_69.txt : 33 ms.
--------------------------------------------------
======================================================================
current best clash: 0
----------------------------------------------------------------------
current col clash: 0
current row clash: 0
current squ clash: 0
benchmarks_simp/INST_16x16/40/inst16x16_40_6.txt find answer: 0.000000
benchmarks_simp/INST_16x16/40/inst16x16_40_6.txt : 33 ms.
--------------------------------------------------
======================================================================
current best clash: 0
----------------------------------------------------------------------
current col clash: 0
current row clash: 0
current squ clash: 0
benchmarks_simp/INST_16x16/40/inst16x16_40_70.txt find answer: 0.010000
benchmarks_simp/INST_16x16/40/inst16x16_40_70.txt : 40 ms.
--------------------------------------------------
======================================================================
current best clash: 0
----------------------------------------------------------------------
current col clash: 0
current row clash: 0
current squ clash: 0
benchmarks_simp/INST_16x16/40/inst16x16_40_71.txt find answer: 0.000000
benchmarks_simp/INST_16x16/40/inst16x16_40_71.txt : 44 ms.
--------------------------------------------------
======================================================================
current best clash: 0
----------------------------------------------------------------------
current col clash: 0
current row clash: 0
current squ clash: 0
benchmarks_simp/INST_16x16/40/inst16x16_40_72.txt find answer: 0.010000
benchmarks_simp/INST_16x16/40/inst16x16_40_72.txt : 43 ms.
--------------------------------------------------
======================================================================
current best clash: 0
----------------------------------------------------------------------
current col clash: 0
current row clash: 0
current squ clash: 0
benchmarks_simp/INST_16x16/40/inst16x16_40_73.txt find answer: 0.000000
benchmarks_simp/INST_16x16/40/inst16x16_40_73.txt : 33 ms.
--------------------------------------------------
======================================================================
current best clash: 0
----------------------------------------------------------------------
current col clash: 0
current row clash: 0
current squ clash: 0
benchmarks_simp/INST_16x16/40/inst16x16_40_74.txt find answer: 0.000000
benchmarks_simp/INST_16x16/40/inst16x16_40_74.txt : 37 ms.
--------------------------------------------------
======================================================================
current best clash: 0
----------------------------------------------------------------------
current col clash: 0
current row clash: 0
current squ clash: 0
benchmarks_simp/INST_16x16/40/inst16x16_40_75.txt find answer: 0.000000
benchmarks_simp/INST_16x16/40/inst16x16_40_75.txt : 31 ms.
--------------------------------------------------
======================================================================
current best clash: 0
----------------------------------------------------------------------
current col clash: 0
current row clash: 0
current squ clash: 0
benchmarks_simp/INST_16x16/40/inst16x16_40_76.txt find answer: 0.000000
benchmarks_simp/INST_16x16/40/inst16x16_40_76.txt : 26 ms.
--------------------------------------------------
======================================================================
current best clash: 0
----------------------------------------------------------------------
current col clash: 0
current row clash: 0
current squ clash: 0
benchmarks_simp/INST_16x16/40/inst16x16_40_77.txt find answer: 0.000000
benchmarks_simp/INST_16x16/40/inst16x16_40_77.txt : 25 ms.
--------------------------------------------------
======================================================================
current best clash: 0
----------------------------------------------------------------------
current col clash: 0
current row clash: 0
current squ clash: 0
benchmarks_simp/INST_16x16/40/inst16x16_40_78.txt find answer: 0.000000
benchmarks_simp/INST_16x16/40/inst16x16_40_78.txt : 26 ms.
--------------------------------------------------
======================================================================
current best clash: 0
----------------------------------------------------------------------
current col clash: 0
current row clash: 0
current squ clash: 0
benchmarks_simp/INST_16x16/40/inst16x16_40_79.txt find answer: 0.000000
benchmarks_simp/INST_16x16/40/inst16x16_40_79.txt : 28 ms.
--------------------------------------------------
======================================================================
current best clash: 0
----------------------------------------------------------------------
current col clash: 0
current row clash: 0
current squ clash: 0
benchmarks_simp/INST_16x16/40/inst16x16_40_7.txt find answer: 0.000000
benchmarks_simp/INST_16x16/40/inst16x16_40_7.txt : 32 ms.
--------------------------------------------------
======================================================================
current best clash: 0
----------------------------------------------------------------------
current col clash: 0
current row clash: 0
current squ clash: 0
benchmarks_simp/INST_16x16/40/inst16x16_40_80.txt find answer: 0.000000
benchmarks_simp/INST_16x16/40/inst16x16_40_80.txt : 33 ms.
--------------------------------------------------
======================================================================
current best clash: 0
----------------------------------------------------------------------
current col clash: 0
current row clash: 0
current squ clash: 0
benchmarks_simp/INST_16x16/40/inst16x16_40_81.txt find answer: 0.000000
benchmarks_simp/INST_16x16/40/inst16x16_40_81.txt : 34 ms.
--------------------------------------------------
======================================================================
current best clash: 0
----------------------------------------------------------------------
current col clash: 0
current row clash: 0
current squ clash: 0
benchmarks_simp/INST_16x16/40/inst16x16_40_82.txt find answer: 0.000000
benchmarks_simp/INST_16x16/40/inst16x16_40_82.txt : 30 ms.
--------------------------------------------------
======================================================================
current best clash: 0
----------------------------------------------------------------------
current col clash: 0
current row clash: 0
current squ clash: 0
benchmarks_simp/INST_16x16/40/inst16x16_40_83.txt find answer: 0.010000
benchmarks_simp/INST_16x16/40/inst16x16_40_83.txt : 29 ms.
--------------------------------------------------
======================================================================
current best clash: 0
----------------------------------------------------------------------
current col clash: 0
current row clash: 0
current squ clash: 0
benchmarks_simp/INST_16x16/40/inst16x16_40_84.txt find answer: 0.000000
benchmarks_simp/INST_16x16/40/inst16x16_40_84.txt : 25 ms.
--------------------------------------------------
======================================================================
current best clash: 0
----------------------------------------------------------------------
current col clash: 0
current row clash: 0
current squ clash: 0
benchmarks_simp/INST_16x16/40/inst16x16_40_85.txt find answer: 0.010000
benchmarks_simp/INST_16x16/40/inst16x16_40_85.txt : 47 ms.
--------------------------------------------------
======================================================================
current best clash: 0
----------------------------------------------------------------------
current col clash: 0
current row clash: 0
current squ clash: 0
benchmarks_simp/INST_16x16/40/inst16x16_40_86.txt find answer: 0.000000
benchmarks_simp/INST_16x16/40/inst16x16_40_86.txt : 32 ms.
--------------------------------------------------
======================================================================
current best clash: 0
----------------------------------------------------------------------
current col clash: 0
current row clash: 0
current squ clash: 0
benchmarks_simp/INST_16x16/40/inst16x16_40_87.txt find answer: 0.000000
benchmarks_simp/INST_16x16/40/inst16x16_40_87.txt : 37 ms.
--------------------------------------------------
======================================================================
current best clash: 0
----------------------------------------------------------------------
current col clash: 0
current row clash: 0
current squ clash: 0
benchmarks_simp/INST_16x16/40/inst16x16_40_88.txt find answer: 0.000000
benchmarks_simp/INST_16x16/40/inst16x16_40_88.txt : 31 ms.
--------------------------------------------------
======================================================================
current best clash: 0
----------------------------------------------------------------------
current col clash: 0
current row clash: 0
current squ clash: 0
benchmarks_simp/INST_16x16/40/inst16x16_40_89.txt find answer: 0.000000
benchmarks_simp/INST_16x16/40/inst16x16_40_89.txt : 39 ms.
--------------------------------------------------
======================================================================
current best clash: 0
----------------------------------------------------------------------
current col clash: 0
current row clash: 0
current squ clash: 0
benchmarks_simp/INST_16x16/40/inst16x16_40_8.txt find answer: 0.000000
benchmarks_simp/INST_16x16/40/inst16x16_40_8.txt : 31 ms.
--------------------------------------------------
======================================================================
current best clash: 0
----------------------------------------------------------------------
current col clash: 0
current row clash: 0
current squ clash: 0
benchmarks_simp/INST_16x16/40/inst16x16_40_90.txt find answer: 0.000000
benchmarks_simp/INST_16x16/40/inst16x16_40_90.txt : 38 ms.
--------------------------------------------------
======================================================================
current best clash: 0
----------------------------------------------------------------------
current col clash: 0
current row clash: 0
current squ clash: 0
benchmarks_simp/INST_16x16/40/inst16x16_40_91.txt find answer: 0.000000
benchmarks_simp/INST_16x16/40/inst16x16_40_91.txt : 31 ms.
--------------------------------------------------
======================================================================
current best clash: 0
----------------------------------------------------------------------
current col clash: 0
current row clash: 0
current squ clash: 0
benchmarks_simp/INST_16x16/40/inst16x16_40_92.txt find answer: 0.000000
benchmarks_simp/INST_16x16/40/inst16x16_40_92.txt : 29 ms.
--------------------------------------------------
======================================================================
current best clash: 0
----------------------------------------------------------------------
current col clash: 0
current row clash: 0
current squ clash: 0
benchmarks_simp/INST_16x16/40/inst16x16_40_93.txt find answer: 0.000000
benchmarks_simp/INST_16x16/40/inst16x16_40_93.txt : 30 ms.
--------------------------------------------------
======================================================================
current best clash: 0
----------------------------------------------------------------------
current col clash: 0
current row clash: 0
current squ clash: 0
benchmarks_simp/INST_16x16/40/inst16x16_40_94.txt find answer: 0.000000
benchmarks_simp/INST_16x16/40/inst16x16_40_94.txt : 33 ms.
--------------------------------------------------
======================================================================
current best clash: 0
----------------------------------------------------------------------
current col clash: 0
current row clash: 0
current squ clash: 0
benchmarks_simp/INST_16x16/40/inst16x16_40_95.txt find answer: 0.000000
benchmarks_simp/INST_16x16/40/inst16x16_40_95.txt : 28 ms.
--------------------------------------------------
======================================================================
current best clash: 0
----------------------------------------------------------------------
current col clash: 0
current row clash: 0
current squ clash: 0
benchmarks_simp/INST_16x16/40/inst16x16_40_96.txt find answer: 0.000000
benchmarks_simp/INST_16x16/40/inst16x16_40_96.txt : 36 ms.
--------------------------------------------------
======================================================================
current best clash: 0
----------------------------------------------------------------------
current col clash: 0
current row clash: 0
current squ clash: 0
benchmarks_simp/INST_16x16/40/inst16x16_40_97.txt find answer: 0.010000
benchmarks_simp/INST_16x16/40/inst16x16_40_97.txt : 31 ms.
--------------------------------------------------
======================================================================
current best clash: 0
----------------------------------------------------------------------
current col clash: 0
current row clash: 0
current squ clash: 0
benchmarks_simp/INST_16x16/40/inst16x16_40_98.txt find answer: 0.000000
benchmarks_simp/INST_16x16/40/inst16x16_40_98.txt : 35 ms.
--------------------------------------------------
======================================================================
current best clash: 0
----------------------------------------------------------------------
current col clash: 0
current row clash: 0
current squ clash: 0
benchmarks_simp/INST_16x16/40/inst16x16_40_99.txt find answer: 0.000000
benchmarks_simp/INST_16x16/40/inst16x16_40_99.txt : 33 ms.
--------------------------------------------------
======================================================================
current best clash: 0
----------------------------------------------------------------------
current col clash: 0
current row clash: 0
current squ clash: 0
benchmarks_simp/INST_16x16/40/inst16x16_40_9.txt find answer: 0.000000
benchmarks_simp/INST_16x16/40/inst16x16_40_9.txt : 38 ms.
