--------------------------------------------------
======================================================================
current best clash: 0
----------------------------------------------------------------------
current col clash: 0
current row clash: 0
current squ clash: 0
benchmarks_simp/INST_16x16/20/inst16x16_20_0.txt find answer: 0.010000
benchmarks_simp/INST_16x16/20/inst16x16_20_0.txt : 52 ms.
--------------------------------------------------
======================================================================
current best clash: 0
----------------------------------------------------------------------
current col clash: 0
current row clash: 0
current squ clash: 0
benchmarks_simp/INST_16x16/20/inst16x16_20_10.txt find answer: 0.000000
benchmarks_simp/INST_16x16/20/inst16x16_20_10.txt : 27 ms.
--------------------------------------------------
======================================================================
current best clash: 0
----------------------------------------------------------------------
current col clash: 0
current row clash: 0
current squ clash: 0
benchmarks_simp/INST_16x16/20/inst16x16_20_11.txt find answer: 0.000000
benchmarks_simp/INST_16x16/20/inst16x16_20_11.txt : 35 ms.
--------------------------------------------------
======================================================================
current best clash: 0
----------------------------------------------------------------------
current col clash: 0
current row clash: 0
current squ clash: 0
benchmarks_simp/INST_16x16/20/inst16x16_20_12.txt find answer: 0.000000
benchmarks_simp/INST_16x16/20/inst16x16_20_12.txt : 29 ms.
--------------------------------------------------
======================================================================
current best clash: 0
----------------------------------------------------------------------
current col clash: 0
current row clash: 0
current squ clash: 0
benchmarks_simp/INST_16x16/20/inst16x16_20_13.txt find answer: 0.000000
benchmarks_simp/INST_16x16/20/inst16x16_20_13.txt : 26 ms.
--------------------------------------------------
======================================================================
current best clash: 0
----------------------------------------------------------------------
current col clash: 0
current row clash: 0
current squ clash: 0
benchmarks_simp/INST_16x16/20/inst16x16_20_14.txt find answer: 0.000000
benchmarks_simp/INST_16x16/20/inst16x16_20_14.txt : 34 ms.
--------------------------------------------------
======================================================================
current best clash: 0
----------------------------------------------------------------------
current col clash: 0
current row clash: 0
current squ clash: 0
benchmarks_simp/INST_16x16/20/inst16x16_20_15.txt find answer: 0.000000
benchmarks_simp/INST_16x16/20/inst16x16_20_15.txt : 32 ms.
--------------------------------------------------
======================================================================
current best clash: 0
----------------------------------------------------------------------
current col clash: 0
current row clash: 0
current squ clash: 0
benchmarks_simp/INST_16x16/20/inst16x16_20_16.txt find answer: 0.000000
benchmarks_simp/INST_16x16/20/inst16x16_20_16.txt : 28 ms.
--------------------------------------------------
======================================================================
current best clash: 0
----------------------------------------------------------------------
current col clash: 0
current row clash: 0
current squ clash: 0
benchmarks_simp/INST_16x16/20/inst16x16_20_17.txt find answer: 0.000000
benchmarks_simp/INST_16x16/20/inst16x16_20_17.txt : 1108 ms.
--------------------------------------------------
======================================================================
current best clash: 0
----------------------------------------------------------------------
current col clash: 0
current row clash: 0
current squ clash: 0
benchmarks_simp/INST_16x16/20/inst16x16_20_18.txt find answer: 0.000000
benchmarks_simp/INST_16x16/20/inst16x16_20_18.txt : 43 ms.
--------------------------------------------------
======================================================================
current best clash: 0
----------------------------------------------------------------------
current col clash: 0
current row clash: 0
current squ clash: 0
benchmarks_simp/INST_16x16/20/inst16x16_20_19.txt find answer: 0.000000
benchmarks_simp/INST_16x16/20/inst16x16_20_19.txt : 30 ms.
--------------------------------------------------
======================================================================
current best clash: 0
----------------------------------------------------------------------
current col clash: 0
current row clash: 0
current squ clash: 0
benchmarks_simp/INST_16x16/20/inst16x16_20_1.txt find answer: 0.010000
benchmarks_simp/INST_16x16/20/inst16x16_20_1.txt : 32 ms.
--------------------------------------------------
======================================================================
current best clash: 0
----------------------------------------------------------------------
current col clash: 0
current row clash: 0
current squ clash: 0
benchmarks_simp/INST_16x16/20/inst16x16_20_20.txt find answer: 0.000000
benchmarks_simp/INST_16x16/20/inst16x16_20_20.txt : 31 ms.
--------------------------------------------------
======================================================================
current best clash: 0
----------------------------------------------------------------------
current col clash: 0
current row clash: 0
current squ clash: 0
benchmarks_simp/INST_16x16/20/inst16x16_20_21.txt find answer: 0.000000
benchmarks_simp/INST_16x16/20/inst16x16_20_21.txt : 25 ms.
--------------------------------------------------
======================================================================
current best clash: 0
----------------------------------------------------------------------
current col clash: 0
current row clash: 0
current squ clash: 0
benchmarks_simp/INST_16x16/20/inst16x16_20_22.txt find answer: 0.000000
benchmarks_simp/INST_16x16/20/inst16x16_20_22.txt : 29 ms.
--------------------------------------------------
======================================================================
current best clash: 0
----------------------------------------------------------------------
current col clash: 0
current row clash: 0
current squ clash: 0
benchmarks_simp/INST_16x16/20/inst16x16_20_23.txt find answer: 0.010000
benchmarks_simp/INST_16x16/20/inst16x16_20_23.txt : 29 ms.
--------------------------------------------------
======================================================================
current best clash: 0
----------------------------------------------------------------------
current col clash: 0
current row clash: 0
current squ clash: 0
benchmarks_simp/INST_16x16/20/inst16x16_20_24.txt find answer: 0.000000
benchmarks_simp/INST_16x16/20/inst16x16_20_24.txt : 22 ms.
--------------------------------------------------
======================================================================
current best clash: 0
----------------------------------------------------------------------
current col clash: 0
current row clash: 0
current squ clash: 0
benchmarks_simp/INST_16x16/20/inst16x16_20_25.txt find answer: 0.000000
benchmarks_simp/INST_16x16/20/inst16x16_20_25.txt : 27 ms.
--------------------------------------------------
======================================================================
current best clash: 0
----------------------------------------------------------------------
current col clash: 0
current row clash: 0
current squ clash: 0
benchmarks_simp/INST_16x16/20/inst16x16_20_26.txt find answer: 0.000000
benchmarks_simp/INST_16x16/20/inst16x16_20_26.txt : 30 ms.
--------------------------------------------------
======================================================================
current best clash: 0
----------------------------------------------------------------------
current col clash: 0
current row clash: 0
current squ clash: 0
benchmarks_simp/INST_16x16/20/inst16x16_20_27.txt find answer: 0.000000
benchmarks_simp/INST_16x16/20/inst16x16_20_27.txt : 29 ms.
--------------------------------------------------
======================================================================
current best clash: 0
----------------------------------------------------------------------
current col clash: 0
current row clash: 0
current squ clash: 0
benchmarks_simp/INST_16x16/20/inst16x16_20_28.txt find answer: 0.000000
benchmarks_simp/INST_16x16/20/inst16x16_20_28.txt : 30 ms.
--------------------------------------------------
======================================================================
current best clash: 0
----------------------------------------------------------------------
current col clash: 0
current row clash: 0
current squ clash: 0
benchmarks_simp/INST_16x16/20/inst16x16_20_29.txt find answer: 0.000000
benchmarks_simp/INST_16x16/20/inst16x16_20_29.txt : 32 ms.
--------------------------------------------------
======================================================================
current best clash: 0
----------------------------------------------------------------------
current col clash: 0
current row clash: 0
current squ clash: 0
benchmarks_simp/INST_16x16/20/inst16x16_20_2.txt find answer: 0.000000
benchmarks_simp/INST_16x16/20/inst16x16_20_2.txt : 30 ms.
--------------------------------------------------
======================================================================
current best clash: 0
----------------------------------------------------------------------
current col clash: 0
current row clash: 0
current squ clash: 0
benchmarks_simp/INST_16x16/20/inst16x16_20_30.txt find answer: 0.000000
benchmarks_simp/INST_16x16/20/inst16x16_20_30.txt : 26 ms.
--------------------------------------------------
======================================================================
current best clash: 0
----------------------------------------------------------------------
current col clash: 0
current row clash: 0
current squ clash: 0
benchmarks_simp/INST_16x16/20/inst16x16_20_31.txt find answer: 0.000000
benchmarks_simp/INST_16x16/20/inst16x16_20_31.txt : 31 ms.
--------------------------------------------------
======================================================================
current best clash: 0
----------------------------------------------------------------------
current col clash: 0
current row clash: 0
current squ clash: 0
benchmarks_simp/INST_16x16/20/inst16x16_20_32.txt find answer: 0.010000
benchmarks_simp/INST_16x16/20/inst16x16_20_32.txt : 34 ms.
--------------------------------------------------
======================================================================
current best clash: 0
----------------------------------------------------------------------
current col clash: 0
current row clash: 0
current squ clash: 0
benchmarks_simp/INST_16x16/20/inst16x16_20_33.txt find answer: 0.000000
benchmarks_simp/INST_16x16/20/inst16x16_20_33.txt : 33 ms.
--------------------------------------------------
======================================================================
current best clash: 0
----------------------------------------------------------------------
current col clash: 0
current row clash: 0
current squ clash: 0
benchmarks_simp/INST_16x16/20/inst16x16_20_34.txt find answer: 0.000000
benchmarks_simp/INST_16x16/20/inst16x16_20_34.txt : 35 ms.
--------------------------------------------------
======================================================================
current best clash: 0
----------------------------------------------------------------------
current col clash: 0
current row clash: 0
current squ clash: 0
benchmarks_simp/INST_16x16/20/inst16x16_20_35.txt find answer: 0.000000
benchmarks_simp/INST_16x16/20/inst16x16_20_35.txt : 39 ms.
--------------------------------------------------
======================================================================
current best clash: 0
----------------------------------------------------------------------
current col clash: 0
current row clash: 0
current squ clash: 0
benchmarks_simp/INST_16x16/20/inst16x16_20_36.txt find answer: 0.000000
benchmarks_simp/INST_16x16/20/inst16x16_20_36.txt : 37 ms.
--------------------------------------------------
======================================================================
current best clash: 0
----------------------------------------------------------------------
current col clash: 0
current row clash: 0
current squ clash: 0
benchmarks_simp/INST_16x16/20/inst16x16_20_37.txt find answer: 0.000000
benchmarks_simp/INST_16x16/20/inst16x16_20_37.txt : 32 ms.
--------------------------------------------------
======================================================================
current best clash: 0
----------------------------------------------------------------------
current col clash: 0
current row clash: 0
current squ clash: 0
benchmarks_simp/INST_16x16/20/inst16x16_20_38.txt find answer: 0.000000
benchmarks_simp/INST_16x16/20/inst16x16_20_38.txt : 28 ms.
--------------------------------------------------
======================================================================
current best clash: 0
----------------------------------------------------------------------
current col clash: 0
current row clash: 0
current squ clash: 0
benchmarks_simp/INST_16x16/20/inst16x16_20_39.txt find answer: 0.000000
benchmarks_simp/INST_16x16/20/inst16x16_20_39.txt : 26 ms.
--------------------------------------------------
======================================================================
current best clash: 0
----------------------------------------------------------------------
current col clash: 0
current row clash: 0
current squ clash: 0
benchmarks_simp/INST_16x16/20/inst16x16_20_3.txt find answer: 0.000000
benchmarks_simp/INST_16x16/20/inst16x16_20_3.txt : 29 ms.
--------------------------------------------------
======================================================================
current best clash: 0
----------------------------------------------------------------------
current col clash: 0
current row clash: 0
current squ clash: 0
benchmarks_simp/INST_16x16/20/inst16x16_20_40.txt find answer: 0.000000
benchmarks_simp/INST_16x16/20/inst16x16_20_40.txt : 28 ms.
--------------------------------------------------
======================================================================
current best clash: 0
----------------------------------------------------------------------
current col clash: 0
current row clash: 0
current squ clash: 0
benchmarks_simp/INST_16x16/20/inst16x16_20_41.txt find answer: 0.000000
benchmarks_simp/INST_16x16/20/inst16x16_20_41.txt : 29 ms.
--------------------------------------------------
======================================================================
current best clash: 0
----------------------------------------------------------------------
current col clash: 0
current row clash: 0
current squ clash: 0
benchmarks_simp/INST_16x16/20/inst16x16_20_42.txt find answer: 0.000000
benchmarks_simp/INST_16x16/20/inst16x16_20_42.txt : 36 ms.
--------------------------------------------------
======================================================================
current best clash: 0
----------------------------------------------------------------------
current col clash: 0
current row clash: 0
current squ clash: 0
benchmarks_simp/INST_16x16/20/inst16x16_20_43.txt find answer: 0.000000
benchmarks_simp/INST_16x16/20/inst16x16_20_43.txt : 30 ms.
--------------------------------------------------
======================================================================
current best clash: 0
----------------------------------------------------------------------
current col clash: 0
current row clash: 0
current squ clash: 0
benchmarks_simp/INST_16x16/20/inst16x16_20_44.txt find answer: 0.000000
benchmarks_simp/INST_16x16/20/inst16x16_20_44.txt : 28 ms.
--------------------------------------------------
======================================================================
current best clash: 0
----------------------------------------------------------------------
current col clash: 0
current row clash: 0
current squ clash: 0
benchmarks_simp/INST_16x16/20/inst16x16_20_45.txt find answer: 0.010000
benchmarks_simp/INST_16x16/20/inst16x16_20_45.txt : 33 ms.
--------------------------------------------------
======================================================================
current best clash: 0
----------------------------------------------------------------------
current col clash: 0
current row clash: 0
current squ clash: 0
benchmarks_simp/INST_16x16/20/inst16x16_20_46.txt find answer: 0.000000
benchmarks_simp/INST_16x16/20/inst16x16_20_46.txt : 25 ms.
--------------------------------------------------
======================================================================
current best clash: 0
----------------------------------------------------------------------
current col clash: 0
current row clash: 0
current squ clash: 0
benchmarks_simp/INST_16x16/20/inst16x16_20_47.txt find answer: 0.000000
benchmarks_simp/INST_16x16/20/inst16x16_20_47.txt : 32 ms.
--------------------------------------------------
======================================================================
current best clash: 0
----------------------------------------------------------------------
current col clash: 0
current row clash: 0
current squ clash: 0
benchmarks_simp/INST_16x16/20/inst16x16_20_48.txt find answer: 0.000000
benchmarks_simp/INST_16x16/20/inst16x16_20_48.txt : 27 ms.
--------------------------------------------------
======================================================================
current best clash: 0
----------------------------------------------------------------------
current col clash: 0
current row clash: 0
current squ clash: 0
benchmarks_simp/INST_16x16/20/inst16x16_20_49.txt find answer: 0.000000
benchmarks_simp/INST_16x16/20/inst16x16_20_49.txt : 46 ms.
--------------------------------------------------
======================================================================
current best clash: 0
----------------------------------------------------------------------
current col clash: 0
current row clash: 0
current squ clash: 0
benchmarks_simp/INST_16x16/20/inst16x16_20_4.txt find answer: 0.000000
benchmarks_simp/INST_16x16/20/inst16x16_20_4.txt : 38 ms.
--------------------------------------------------
======================================================================
current best clash: 0
----------------------------------------------------------------------
current col clash: 0
current row clash: 0
current squ clash: 0
benchmarks_simp/INST_16x16/20/inst16x16_20_50.txt find answer: 0.000000
benchmarks_simp/INST_16x16/20/inst16x16_20_50.txt : 34 ms.
--------------------------------------------------
======================================================================
current best clash: 0
----------------------------------------------------------------------
current col clash: 0
current row clash: 0
current squ clash: 0
benchmarks_simp/INST_16x16/20/inst16x16_20_51.txt find answer: 0.000000
benchmarks_simp/INST_16x16/20/inst16x16_20_51.txt : 37 ms.
--------------------------------------------------
======================================================================
current best clash: 0
----------------------------------------------------------------------
current col clash: 0
current row clash: 0
current squ clash: 0
benchmarks_simp/INST_16x16/20/inst16x16_20_52.txt find answer: 0.000000
benchmarks_simp/INST_16x16/20/inst16x16_20_52.txt : 35 ms.
--------------------------------------------------
======================================================================
current best clash: 0
----------------------------------------------------------------------
current col clash: 0
current row clash: 0
current squ clash: 0
benchmarks_simp/INST_16x16/20/inst16x16_20_53.txt find answer: 0.000000
benchmarks_simp/INST_16x16/20/inst16x16_20_53.txt : 55 ms.
--------------------------------------------------
======================================================================
current best clash: 0
----------------------------------------------------------------------
current col clash: 0
current row clash: 0
current squ clash: 0
benchmarks_simp/INST_16x16/20/inst16x16_20_54.txt find answer: 0.010000
benchmarks_simp/INST_16x16/20/inst16x16_20_54.txt : 38 ms.
--------------------------------------------------
======================================================================
current best clash: 0
----------------------------------------------------------------------
current col clash: 0
current row clash: 0
current squ clash: 0
benchmarks_simp/INST_16x16/20/inst16x16_20_55.txt find answer: 0.000000
benchmarks_simp/INST_16x16/20/inst16x16_20_55.txt : 37 ms.
--------------------------------------------------
======================================================================
current best clash: 0
----------------------------------------------------------------------
current col clash: 0
current row clash: 0
current squ clash: 0
benchmarks_simp/INST_16x16/20/inst16x16_20_56.txt find answer: 0.000000
benchmarks_simp/INST_16x16/20/inst16x16_20_56.txt : 38 ms.
--------------------------------------------------
======================================================================
current best clash: 0
----------------------------------------------------------------------
current col clash: 0
current row clash: 0
current squ clash: 0
benchmarks_simp/INST_16x16/20/inst16x16_20_57.txt find answer: 0.000000
benchmarks_simp/INST_16x16/20/inst16x16_20_57.txt : 31 ms.
--------------------------------------------------
======================================================================
current best clash: 0
----------------------------------------------------------------------
current col clash: 0
current row clash: 0
current squ clash: 0
benchmarks_simp/INST_16x16/20/inst16x16_20_58.txt find answer: 0.000000
benchmarks_simp/INST_16x16/20/inst16x16_20_58.txt : 23 ms.
--------------------------------------------------
======================================================================
current best clash: 0
----------------------------------------------------------------------
current col clash: 0
current row clash: 0
current squ clash: 0
benchmarks_simp/INST_16x16/20/inst16x16_20_59.txt find answer: 0.000000
benchmarks_simp/INST_16x16/20/inst16x16_20_59.txt : 32 ms.
--------------------------------------------------
======================================================================
current best clash: 0
----------------------------------------------------------------------
current col clash: 0
current row clash: 0
current squ clash: 0
benchmarks_simp/INST_16x16/20/inst16x16_20_5.txt find answer: 0.000000
benchmarks_simp/INST_16x16/20/inst16x16_20_5.txt : 32 ms.
--------------------------------------------------
======================================================================
current best clash: 0
----------------------------------------------------------------------
current col clash: 0
current row clash: 0
current squ clash: 0
benchmarks_simp/INST_16x16/20/inst16x16_20_60.txt find answer: 0.000000
benchmarks_simp/INST_16x16/20/inst16x16_20_60.txt : 32 ms.
--------------------------------------------------
======================================================================
current best clash: 0
----------------------------------------------------------------------
current col clash: 0
current row clash: 0
current squ clash: 0
benchmarks_simp/INST_16x16/20/inst16x16_20_61.txt find answer: 0.000000
benchmarks_simp/INST_16x16/20/inst16x16_20_61.txt : 30 ms.
--------------------------------------------------
======================================================================
current best clash: 0
----------------------------------------------------------------------
current col clash: 0
current row clash: 0
current squ clash: 0
benchmarks_simp/INST_16x16/20/inst16x16_20_62.txt find answer: 0.000000
benchmarks_simp/INST_16x16/20/inst16x16_20_62.txt : 34 ms.
--------------------------------------------------
======================================================================
current best clash: 0
----------------------------------------------------------------------
current col clash: 0
current row clash: 0
current squ clash: 0
benchmarks_simp/INST_16x16/20/inst16x16_20_63.txt find answer: 0.010000
benchmarks_simp/INST_16x16/20/inst16x16_20_63.txt : 26 ms.
--------------------------------------------------
======================================================================
current best clash: 0
----------------------------------------------------------------------
current col clash: 0
current row clash: 0
current squ clash: 0
benchmarks_simp/INST_16x16/20/inst16x16_20_64.txt find answer: 0.000000
benchmarks_simp/INST_16x16/20/inst16x16_20_64.txt : 28 ms.
--------------------------------------------------
======================================================================
current best clash: 0
----------------------------------------------------------------------
current col clash: 0
current row clash: 0
current squ clash: 0
benchmarks_simp/INST_16x16/20/inst16x16_20_65.txt find answer: 0.000000
benchmarks_simp/INST_16x16/20/inst16x16_20_65.txt : 37 ms.
--------------------------------------------------
======================================================================
current best clash: 0
----------------------------------------------------------------------
current col clash: 0
current row clash: 0
current squ clash: 0
benchmarks_simp/INST_16x16/20/inst16x16_20_66.txt find answer: 0.000000
benchmarks_simp/INST_16x16/20/inst16x16_20_66.txt : 30 ms.
--------------------------------------------------
======================================================================
current best clash: 0
----------------------------------------------------------------------
current col clash: 0
current row clash: 0
current squ clash: 0
benchmarks_simp/INST_16x16/20/inst16x16_20_67.txt find answer: 0.000000
benchmarks_simp/INST_16x16/20/inst16x16_20_67.txt : 30 ms.
--------------------------------------------------
======================================================================
current best clash: 0
----------------------------------------------------------------------
current col clash: 0
current row clash: 0
current squ clash: 0
benchmarks_simp/INST_16x16/20/inst16x16_20_68.txt find answer: 0.000000
benchmarks_simp/INST_16x16/20/inst16x16_20_68.txt : 30 ms.
--------------------------------------------------
======================================================================
current best clash: 0
----------------------------------------------------------------------
current col clash: 0
current row clash: 0
current squ clash: 0
benchmarks_simp/INST_16x16/20/inst16x16_20_69.txt find answer: 0.000000
benchmarks_simp/INST_16x16/20/inst16x16_20_69.txt : 29 ms.
--------------------------------------------------
======================================================================
current best clash: 0
----------------------------------------------------------------------
current col clash: 0
current row clash: 0
current squ clash: 0
benchmarks_simp/INST_16x16/20/inst16x16_20_6.txt find answer: 0.010000
benchmarks_simp/INST_16x16/20/inst16x16_20_6.txt : 34 ms.
--------------------------------------------------
======================================================================
current best clash: 0
----------------------------------------------------------------------
current col clash: 0
current row clash: 0
current squ clash: 0
benchmarks_simp/INST_16x16/20/inst16x16_20_70.txt find answer: 0.000000
benchmarks_simp/INST_16x16/20/inst16x16_20_70.txt : 33 ms.
--------------------------------------------------
======================================================================
current best clash: 0
----------------------------------------------------------------------
current col clash: 0
current row clash: 0
current squ clash: 0
benchmarks_simp/INST_16x16/20/inst16x16_20_71.txt find answer: 0.000000
benchmarks_simp/INST_16x16/20/inst16x16_20_71.txt : 35 ms.
--------------------------------------------------
======================================================================
current best clash: 0
----------------------------------------------------------------------
current col clash: 0
current row clash: 0
current squ clash: 0
benchmarks_simp/INST_16x16/20/inst16x16_20_72.txt find answer: 0.010000
benchmarks_simp/INST_16x16/20/inst16x16_20_72.txt : 36 ms.
--------------------------------------------------
======================================================================
current best clash: 0
----------------------------------------------------------------------
current col clash: 0
current row clash: 0
current squ clash: 0
benchmarks_simp/INST_16x16/20/inst16x16_20_73.txt find answer: 0.000000
benchmarks_simp/INST_16x16/20/inst16x16_20_73.txt : 36 ms.
--------------------------------------------------
======================================================================
current best clash: 0
----------------------------------------------------------------------
current col clash: 0
current row clash: 0
current squ clash: 0
benchmarks_simp/INST_16x16/20/inst16x16_20_74.txt find answer: 0.000000
benchmarks_simp/INST_16x16/20/inst16x16_20_74.txt : 40 ms.
--------------------------------------------------
======================================================================
current best clash: 0
----------------------------------------------------------------------
current col clash: 0
current row clash: 0
current squ clash: 0
benchmarks_simp/INST_16x16/20/inst16x16_20_75.txt find answer: 0.000000
benchmarks_simp/INST_16x16/20/inst16x16_20_75.txt : 26 ms.
--------------------------------------------------
======================================================================
current best clash: 0
----------------------------------------------------------------------
current col clash: 0
current row clash: 0
current squ clash: 0
benchmarks_simp/INST_16x16/20/inst16x16_20_76.txt find answer: 0.000000
benchmarks_simp/INST_16x16/20/inst16x16_20_76.txt : 35 ms.
--------------------------------------------------
======================================================================
current best clash: 0
----------------------------------------------------------------------
current col clash: 0
current row clash: 0
current squ clash: 0
benchmarks_simp/INST_16x16/20/inst16x16_20_77.txt find answer: 0.000000
benchmarks_simp/INST_16x16/20/inst16x16_20_77.txt : 22 ms.
--------------------------------------------------
======================================================================
current best clash: 0
----------------------------------------------------------------------
current col clash: 0
current row clash: 0
current squ clash: 0
benchmarks_simp/INST_16x16/20/inst16x16_20_78.txt find answer: 0.000000
benchmarks_simp/INST_16x16/20/inst16x16_20_78.txt : 34 ms.
--------------------------------------------------
======================================================================
current best clash: 0
----------------------------------------------------------------------
current col clash: 0
current row clash: 0
current squ clash: 0
benchmarks_simp/INST_16x16/20/inst16x16_20_79.txt find answer: 0.000000
benchmarks_simp/INST_16x16/20/inst16x16_20_79.txt : 34 ms.
--------------------------------------------------
======================================================================
current best clash: 0
----------------------------------------------------------------------
current col clash: 0
current row clash: 0
current squ clash: 0
benchmarks_simp/INST_16x16/20/inst16x16_20_7.txt find answer: 0.000000
benchmarks_simp/INST_16x16/20/inst16x16_20_7.txt : 29 ms.
--------------------------------------------------
======================================================================
current best clash: 0
----------------------------------------------------------------------
current col clash: 0
current row clash: 0
current squ clash: 0
benchmarks_simp/INST_16x16/20/inst16x16_20_80.txt find answer: 0.000000
benchmarks_simp/INST_16x16/20/inst16x16_20_80.txt : 33 ms.
--------------------------------------------------
======================================================================
current best clash: 0
----------------------------------------------------------------------
current col clash: 0
current row clash: 0
current squ clash: 0
benchmarks_simp/INST_16x16/20/inst16x16_20_81.txt find answer: 0.000000
benchmarks_simp/INST_16x16/20/inst16x16_20_81.txt : 27 ms.
--------------------------------------------------
======================================================================
current best clash: 0
----------------------------------------------------------------------
current col clash: 0
current row clash: 0
current squ clash: 0
benchmarks_simp/INST_16x16/20/inst16x16_20_82.txt find answer: 0.000000
benchmarks_simp/INST_16x16/20/inst16x16_20_82.txt : 30 ms.
--------------------------------------------------
======================================================================
current best clash: 0
----------------------------------------------------------------------
current col clash: 0
current row clash: 0
current squ clash: 0
benchmarks_simp/INST_16x16/20/inst16x16_20_83.txt find answer: 0.010000
benchmarks_simp/INST_16x16/20/inst16x16_20_83.txt : 33 ms.
--------------------------------------------------
======================================================================
current best clash: 0
----------------------------------------------------------------------
current col clash: 0
current row clash: 0
current squ clash: 0
benchmarks_simp/INST_16x16/20/inst16x16_20_84.txt find answer: 0.010000
benchmarks_simp/INST_16x16/20/inst16x16_20_84.txt : 31 ms.
--------------------------------------------------
======================================================================
current best clash: 0
----------------------------------------------------------------------
current col clash: 0
current row clash: 0
current squ clash: 0
benchmarks_simp/INST_16x16/20/inst16x16_20_85.txt find answer: 0.000000
benchmarks_simp/INST_16x16/20/inst16x16_20_85.txt : 28 ms.
--------------------------------------------------
======================================================================
current best clash: 0
----------------------------------------------------------------------
current col clash: 0
current row clash: 0
current squ clash: 0
benchmarks_simp/INST_16x16/20/inst16x16_20_86.txt find answer: 0.000000
benchmarks_simp/INST_16x16/20/inst16x16_20_86.txt : 33 ms.
--------------------------------------------------
======================================================================
current best clash: 0
----------------------------------------------------------------------
current col clash: 0
current row clash: 0
current squ clash: 0
benchmarks_simp/INST_16x16/20/inst16x16_20_87.txt find answer: 0.010000
benchmarks_simp/INST_16x16/20/inst16x16_20_87.txt : 30 ms.
--------------------------------------------------
======================================================================
current best clash: 0
----------------------------------------------------------------------
current col clash: 0
current row clash: 0
current squ clash: 0
benchmarks_simp/INST_16x16/20/inst16x16_20_88.txt find answer: 0.000000
benchmarks_simp/INST_16x16/20/inst16x16_20_88.txt : 31 ms.
--------------------------------------------------
======================================================================
current best clash: 0
----------------------------------------------------------------------
current col clash: 0
current row clash: 0
current squ clash: 0
benchmarks_simp/INST_16x16/20/inst16x16_20_89.txt find answer: 0.000000
benchmarks_simp/INST_16x16/20/inst16x16_20_89.txt : 39 ms.
--------------------------------------------------
======================================================================
current best clash: 0
----------------------------------------------------------------------
current col clash: 0
current row clash: 0
current squ clash: 0
benchmarks_simp/INST_16x16/20/inst16x16_20_8.txt find answer: 0.000000
benchmarks_simp/INST_16x16/20/inst16x16_20_8.txt : 25 ms.
--------------------------------------------------
======================================================================
current best clash: 0
----------------------------------------------------------------------
current col clash: 0
current row clash: 0
current squ clash: 0
benchmarks_simp/INST_16x16/20/inst16x16_20_90.txt find answer: 0.000000
benchmarks_simp/INST_16x16/20/inst16x16_20_90.txt : 28 ms.
--------------------------------------------------
======================================================================
current best clash: 0
----------------------------------------------------------------------
current col clash: 0
current row clash: 0
current squ clash: 0
benchmarks_simp/INST_16x16/20/inst16x16_20_91.txt find answer: 0.000000
benchmarks_simp/INST_16x16/20/inst16x16_20_91.txt : 34 ms.
--------------------------------------------------
======================================================================
current best clash: 0
----------------------------------------------------------------------
current col clash: 0
current row clash: 0
current squ clash: 0
benchmarks_simp/INST_16x16/20/inst16x16_20_92.txt find answer: 0.000000
benchmarks_simp/INST_16x16/20/inst16x16_20_92.txt : 28 ms.
--------------------------------------------------
======================================================================
current best clash: 0
----------------------------------------------------------------------
current col clash: 0
current row clash: 0
current squ clash: 0
benchmarks_simp/INST_16x16/20/inst16x16_20_93.txt find answer: 0.000000
benchmarks_simp/INST_16x16/20/inst16x16_20_93.txt : 32 ms.
--------------------------------------------------
======================================================================
current best clash: 0
----------------------------------------------------------------------
current col clash: 0
current row clash: 0
current squ clash: 0
benchmarks_simp/INST_16x16/20/inst16x16_20_94.txt find answer: 0.000000
benchmarks_simp/INST_16x16/20/inst16x16_20_94.txt : 31 ms.
--------------------------------------------------
======================================================================
current best clash: 0
----------------------------------------------------------------------
current col clash: 0
current row clash: 0
current squ clash: 0
benchmarks_simp/INST_16x16/20/inst16x16_20_95.txt find answer: 0.000000
benchmarks_simp/INST_16x16/20/inst16x16_20_95.txt : 28 ms.
--------------------------------------------------
======================================================================
current best clash: 0
----------------------------------------------------------------------
current col clash: 0
current row clash: 0
current squ clash: 0
benchmarks_simp/INST_16x16/20/inst16x16_20_96.txt find answer: 0.000000
benchmarks_simp/INST_16x16/20/inst16x16_20_96.txt : 34 ms.
--------------------------------------------------
======================================================================
current best clash: 0
----------------------------------------------------------------------
current col clash: 0
current row clash: 0
current squ clash: 0
benchmarks_simp/INST_16x16/20/inst16x16_20_97.txt find answer: 0.010000
benchmarks_simp/INST_16x16/20/inst16x16_20_97.txt : 30 ms.
--------------------------------------------------
======================================================================
current best clash: 0
----------------------------------------------------------------------
current col clash: 0
current row clash: 0
current squ clash: 0
benchmarks_simp/INST_16x16/20/inst16x16_20_98.txt find answer: 0.000000
benchmarks_simp/INST_16x16/20/inst16x16_20_98.txt : 35 ms.
--------------------------------------------------
======================================================================
current best clash: 0
----------------------------------------------------------------------
current col clash: 0
current row clash: 0
current squ clash: 0
benchmarks_simp/INST_16x16/20/inst16x16_20_99.txt find answer: 0.000000
benchmarks_simp/INST_16x16/20/inst16x16_20_99.txt : 35 ms.
--------------------------------------------------
======================================================================
current best clash: 0
----------------------------------------------------------------------
current col clash: 0
current row clash: 0
current squ clash: 0
benchmarks_simp/INST_16x16/20/inst16x16_20_9.txt find answer: 0.010000
benchmarks_simp/INST_16x16/20/inst16x16_20_9.txt : 30 ms.
