--------------------------------------------------
======================================================================
current best clash: 0
----------------------------------------------------------------------
current col clash: 0
current row clash: 0
current squ clash: 0
benchmarks_simp/INST_16x16/90/inst16x16_90_0.txt find answer: 0.000000
benchmarks_simp/INST_16x16/90/inst16x16_90_0.txt : 35 ms.
--------------------------------------------------
======================================================================
current best clash: 0
----------------------------------------------------------------------
current col clash: 0
current row clash: 0
current squ clash: 0
benchmarks_simp/INST_16x16/90/inst16x16_90_10.txt find answer: 0.000000
benchmarks_simp/INST_16x16/90/inst16x16_90_10.txt : 29 ms.
--------------------------------------------------
======================================================================
current best clash: 0
----------------------------------------------------------------------
current col clash: 0
current row clash: 0
current squ clash: 0
benchmarks_simp/INST_16x16/90/inst16x16_90_11.txt find answer: 0.000000
benchmarks_simp/INST_16x16/90/inst16x16_90_11.txt : 27 ms.
--------------------------------------------------
======================================================================
current best clash: 0
----------------------------------------------------------------------
current col clash: 0
current row clash: 0
current squ clash: 0
benchmarks_simp/INST_16x16/90/inst16x16_90_12.txt find answer: 0.000000
benchmarks_simp/INST_16x16/90/inst16x16_90_12.txt : 29 ms.
--------------------------------------------------
======================================================================
current best clash: 0
----------------------------------------------------------------------
current col clash: 0
current row clash: 0
current squ clash: 0
benchmarks_simp/INST_16x16/90/inst16x16_90_13.txt find answer: 0.000000
benchmarks_simp/INST_16x16/90/inst16x16_90_13.txt : 27 ms.
--------------------------------------------------
======================================================================
current best clash: 0
----------------------------------------------------------------------
current col clash: 0
current row clash: 0
current squ clash: 0
benchmarks_simp/INST_16x16/90/inst16x16_90_14.txt find answer: 0.000000
benchmarks_simp/INST_16x16/90/inst16x16_90_14.txt : 29 ms.
--------------------------------------------------
======================================================================
current best clash: 0
----------------------------------------------------------------------
current col clash: 0
current row clash: 0
current squ clash: 0
benchmarks_simp/INST_16x16/90/inst16x16_90_15.txt find answer: 0.000000
benchmarks_simp/INST_16x16/90/inst16x16_90_15.txt : 26 ms.
--------------------------------------------------
======================================================================
current best clash: 0
----------------------------------------------------------------------
current col clash: 0
current row clash: 0
current squ clash: 0
benchmarks_simp/INST_16x16/90/inst16x16_90_16.txt find answer: 0.000000
benchmarks_simp/INST_16x16/90/inst16x16_90_16.txt : 29 ms.
--------------------------------------------------
======================================================================
current best clash: 0
----------------------------------------------------------------------
current col clash: 0
current row clash: 0
current squ clash: 0
benchmarks_simp/INST_16x16/90/inst16x16_90_17.txt find answer: 0.000000
benchmarks_simp/INST_16x16/90/inst16x16_90_17.txt : 940 ms.
--------------------------------------------------
======================================================================
current best clash: 0
----------------------------------------------------------------------
current col clash: 0
current row clash: 0
current squ clash: 0
benchmarks_simp/INST_16x16/90/inst16x16_90_18.txt find answer: 0.000000
benchmarks_simp/INST_16x16/90/inst16x16_90_18.txt : 41 ms.
--------------------------------------------------
======================================================================
current best clash: 0
----------------------------------------------------------------------
current col clash: 0
current row clash: 0
current squ clash: 0
benchmarks_simp/INST_16x16/90/inst16x16_90_19.txt find answer: 0.000000
benchmarks_simp/INST_16x16/90/inst16x16_90_19.txt : 31 ms.
--------------------------------------------------
======================================================================
current best clash: 0
----------------------------------------------------------------------
current col clash: 0
current row clash: 0
current squ clash: 0
benchmarks_simp/INST_16x16/90/inst16x16_90_1.txt find answer: 0.000000
benchmarks_simp/INST_16x16/90/inst16x16_90_1.txt : 27 ms.
--------------------------------------------------
======================================================================
current best clash: 0
----------------------------------------------------------------------
current col clash: 0
current row clash: 0
current squ clash: 0
benchmarks_simp/INST_16x16/90/inst16x16_90_20.txt find answer: 0.000000
benchmarks_simp/INST_16x16/90/inst16x16_90_20.txt : 25 ms.
--------------------------------------------------
======================================================================
current best clash: 0
----------------------------------------------------------------------
current col clash: 0
current row clash: 0
current squ clash: 0
benchmarks_simp/INST_16x16/90/inst16x16_90_21.txt find answer: 0.000000
benchmarks_simp/INST_16x16/90/inst16x16_90_21.txt : 25 ms.
--------------------------------------------------
======================================================================
current best clash: 0
----------------------------------------------------------------------
current col clash: 0
current row clash: 0
current squ clash: 0
benchmarks_simp/INST_16x16/90/inst16x16_90_22.txt find answer: 0.000000
benchmarks_simp/INST_16x16/90/inst16x16_90_22.txt : 28 ms.
--------------------------------------------------
======================================================================
current best clash: 0
----------------------------------------------------------------------
current col clash: 0
current row clash: 0
current squ clash: 0
benchmarks_simp/INST_16x16/90/inst16x16_90_23.txt find answer: 0.000000
benchmarks_simp/INST_16x16/90/inst16x16_90_23.txt : 31 ms.
--------------------------------------------------
======================================================================
current best clash: 0
----------------------------------------------------------------------
current col clash: 0
current row clash: 0
current squ clash: 0
benchmarks_simp/INST_16x16/90/inst16x16_90_24.txt find answer: 0.000000
benchmarks_simp/INST_16x16/90/inst16x16_90_24.txt : 31 ms.
--------------------------------------------------
======================================================================
current best clash: 0
----------------------------------------------------------------------
current col clash: 0
current row clash: 0
current squ clash: 0
benchmarks_simp/INST_16x16/90/inst16x16_90_25.txt find answer: 0.000000
benchmarks_simp/INST_16x16/90/inst16x16_90_25.txt : 27 ms.
--------------------------------------------------
======================================================================
current best clash: 0
----------------------------------------------------------------------
current col clash: 0
current row clash: 0
current squ clash: 0
benchmarks_simp/INST_16x16/90/inst16x16_90_26.txt find answer: 0.000000
benchmarks_simp/INST_16x16/90/inst16x16_90_26.txt : 27 ms.
--------------------------------------------------
======================================================================
current best clash: 0
----------------------------------------------------------------------
current col clash: 0
current row clash: 0
current squ clash: 0
benchmarks_simp/INST_16x16/90/inst16x16_90_27.txt find answer: 0.000000
benchmarks_simp/INST_16x16/90/inst16x16_90_27.txt : 32 ms.
--------------------------------------------------
======================================================================
current best clash: 0
----------------------------------------------------------------------
current col clash: 0
current row clash: 0
current squ clash: 0
benchmarks_simp/INST_16x16/90/inst16x16_90_28.txt find answer: 0.000000
benchmarks_simp/INST_16x16/90/inst16x16_90_28.txt : 26 ms.
--------------------------------------------------
======================================================================
current best clash: 0
----------------------------------------------------------------------
current col clash: 0
current row clash: 0
current squ clash: 0
benchmarks_simp/INST_16x16/90/inst16x16_90_29.txt find answer: 0.000000
benchmarks_simp/INST_16x16/90/inst16x16_90_29.txt : 26 ms.
--------------------------------------------------
======================================================================
current best clash: 0
----------------------------------------------------------------------
current col clash: 0
current row clash: 0
current squ clash: 0
benchmarks_simp/INST_16x16/90/inst16x16_90_2.txt find answer: 0.000000
benchmarks_simp/INST_16x16/90/inst16x16_90_2.txt : 27 ms.
--------------------------------------------------
======================================================================
current best clash: 0
----------------------------------------------------------------------
current col clash: 0
current row clash: 0
current squ clash: 0
benchmarks_simp/INST_16x16/90/inst16x16_90_30.txt find answer: 0.000000
benchmarks_simp/INST_16x16/90/inst16x16_90_30.txt : 28 ms.
--------------------------------------------------
======================================================================
current best clash: 0
----------------------------------------------------------------------
current col clash: 0
current row clash: 0
current squ clash: 0
benchmarks_simp/INST_16x16/90/inst16x16_90_31.txt find answer: 0.000000
benchmarks_simp/INST_16x16/90/inst16x16_90_31.txt : 26 ms.
--------------------------------------------------
======================================================================
current best clash: 0
----------------------------------------------------------------------
current col clash: 0
current row clash: 0
current squ clash: 0
benchmarks_simp/INST_16x16/90/inst16x16_90_32.txt find answer: 0.000000
benchmarks_simp/INST_16x16/90/inst16x16_90_32.txt : 28 ms.
--------------------------------------------------
======================================================================
current best clash: 0
----------------------------------------------------------------------
current col clash: 0
current row clash: 0
current squ clash: 0
benchmarks_simp/INST_16x16/90/inst16x16_90_33.txt find answer: 0.000000
benchmarks_simp/INST_16x16/90/inst16x16_90_33.txt : 27 ms.
--------------------------------------------------
======================================================================
current best clash: 0
----------------------------------------------------------------------
current col clash: 0
current row clash: 0
current squ clash: 0
benchmarks_simp/INST_16x16/90/inst16x16_90_34.txt find answer: 0.000000
benchmarks_simp/INST_16x16/90/inst16x16_90_34.txt : 32 ms.
--------------------------------------------------
======================================================================
current best clash: 0
----------------------------------------------------------------------
current col clash: 0
current row clash: 0
current squ clash: 0
benchmarks_simp/INST_16x16/90/inst16x16_90_35.txt find answer: 0.000000
benchmarks_simp/INST_16x16/90/inst16x16_90_35.txt : 35 ms.
--------------------------------------------------
======================================================================
current best clash: 0
----------------------------------------------------------------------
current col clash: 0
current row clash: 0
current squ clash: 0
benchmarks_simp/INST_16x16/90/inst16x16_90_36.txt find answer: 0.000000
benchmarks_simp/INST_16x16/90/inst16x16_90_36.txt : 43 ms.
--------------------------------------------------
======================================================================
current best clash: 0
----------------------------------------------------------------------
current col clash: 0
current row clash: 0
current squ clash: 0
benchmarks_simp/INST_16x16/90/inst16x16_90_37.txt find answer: 0.000000
benchmarks_simp/INST_16x16/90/inst16x16_90_37.txt : 29 ms.
--------------------------------------------------
======================================================================
current best clash: 0
----------------------------------------------------------------------
current col clash: 0
current row clash: 0
current squ clash: 0
benchmarks_simp/INST_16x16/90/inst16x16_90_38.txt find answer: 0.000000
benchmarks_simp/INST_16x16/90/inst16x16_90_38.txt : 25 ms.
--------------------------------------------------
======================================================================
current best clash: 0
----------------------------------------------------------------------
current col clash: 0
current row clash: 0
current squ clash: 0
benchmarks_simp/INST_16x16/90/inst16x16_90_39.txt find answer: 0.000000
benchmarks_simp/INST_16x16/90/inst16x16_90_39.txt : 29 ms.
--------------------------------------------------
======================================================================
current best clash: 0
----------------------------------------------------------------------
current col clash: 0
current row clash: 0
current squ clash: 0
benchmarks_simp/INST_16x16/90/inst16x16_90_3.txt find answer: 0.000000
benchmarks_simp/INST_16x16/90/inst16x16_90_3.txt : 29 ms.
--------------------------------------------------
======================================================================
current best clash: 0
----------------------------------------------------------------------
current col clash: 0
current row clash: 0
current squ clash: 0
benchmarks_simp/INST_16x16/90/inst16x16_90_40.txt find answer: 0.000000
benchmarks_simp/INST_16x16/90/inst16x16_90_40.txt : 29 ms.
--------------------------------------------------
======================================================================
current best clash: 0
----------------------------------------------------------------------
current col clash: 0
current row clash: 0
current squ clash: 0
benchmarks_simp/INST_16x16/90/inst16x16_90_41.txt find answer: 0.000000
benchmarks_simp/INST_16x16/90/inst16x16_90_41.txt : 23 ms.
--------------------------------------------------
======================================================================
current best clash: 0
----------------------------------------------------------------------
current col clash: 0
current row clash: 0
current squ clash: 0
benchmarks_simp/INST_16x16/90/inst16x16_90_42.txt find answer: 0.000000
benchmarks_simp/INST_16x16/90/inst16x16_90_42.txt : 23 ms.
--------------------------------------------------
======================================================================
current best clash: 0
----------------------------------------------------------------------
current col clash: 0
current row clash: 0
current squ clash: 0
benchmarks_simp/INST_16x16/90/inst16x16_90_43.txt find answer: 0.000000
benchmarks_simp/INST_16x16/90/inst16x16_90_43.txt : 36 ms.
--------------------------------------------------
======================================================================
current best clash: 0
----------------------------------------------------------------------
current col clash: 0
current row clash: 0
current squ clash: 0
benchmarks_simp/INST_16x16/90/inst16x16_90_44.txt find answer: 0.000000
benchmarks_simp/INST_16x16/90/inst16x16_90_44.txt : 34 ms.
--------------------------------------------------
======================================================================
current best clash: 0
----------------------------------------------------------------------
current col clash: 0
current row clash: 0
current squ clash: 0
benchmarks_simp/INST_16x16/90/inst16x16_90_45.txt find answer: 0.000000
benchmarks_simp/INST_16x16/90/inst16x16_90_45.txt : 27 ms.
--------------------------------------------------
======================================================================
current best clash: 0
----------------------------------------------------------------------
current col clash: 0
current row clash: 0
current squ clash: 0
benchmarks_simp/INST_16x16/90/inst16x16_90_46.txt find answer: 0.000000
benchmarks_simp/INST_16x16/90/inst16x16_90_46.txt : 30 ms.
--------------------------------------------------
======================================================================
current best clash: 0
----------------------------------------------------------------------
current col clash: 0
current row clash: 0
current squ clash: 0
benchmarks_simp/INST_16x16/90/inst16x16_90_47.txt find answer: 0.000000
benchmarks_simp/INST_16x16/90/inst16x16_90_47.txt : 30 ms.
--------------------------------------------------
======================================================================
current best clash: 0
----------------------------------------------------------------------
current col clash: 0
current row clash: 0
current squ clash: 0
benchmarks_simp/INST_16x16/90/inst16x16_90_48.txt find answer: 0.000000
benchmarks_simp/INST_16x16/90/inst16x16_90_48.txt : 31 ms.
--------------------------------------------------
======================================================================
current best clash: 0
----------------------------------------------------------------------
current col clash: 0
current row clash: 0
current squ clash: 0
benchmarks_simp/INST_16x16/90/inst16x16_90_49.txt find answer: 0.000000
benchmarks_simp/INST_16x16/90/inst16x16_90_49.txt : 30 ms.
--------------------------------------------------
======================================================================
current best clash: 0
----------------------------------------------------------------------
current col clash: 0
current row clash: 0
current squ clash: 0
benchmarks_simp/INST_16x16/90/inst16x16_90_4.txt find answer: 0.000000
benchmarks_simp/INST_16x16/90/inst16x16_90_4.txt : 32 ms.
--------------------------------------------------
======================================================================
current best clash: 0
----------------------------------------------------------------------
current col clash: 0
current row clash: 0
current squ clash: 0
benchmarks_simp/INST_16x16/90/inst16x16_90_50.txt find answer: 0.000000
benchmarks_simp/INST_16x16/90/inst16x16_90_50.txt : 32 ms.
--------------------------------------------------
======================================================================
current best clash: 0
----------------------------------------------------------------------
current col clash: 0
current row clash: 0
current squ clash: 0
benchmarks_simp/INST_16x16/90/inst16x16_90_51.txt find answer: 0.000000
benchmarks_simp/INST_16x16/90/inst16x16_90_51.txt : 37 ms.
--------------------------------------------------
======================================================================
current best clash: 0
----------------------------------------------------------------------
current col clash: 0
current row clash: 0
current squ clash: 0
benchmarks_simp/INST_16x16/90/inst16x16_90_52.txt find answer: 0.000000
benchmarks_simp/INST_16x16/90/inst16x16_90_52.txt : 39 ms.
--------------------------------------------------
======================================================================
current best clash: 0
----------------------------------------------------------------------
current col clash: 0
current row clash: 0
current squ clash: 0
benchmarks_simp/INST_16x16/90/inst16x16_90_53.txt find answer: 0.000000
benchmarks_simp/INST_16x16/90/inst16x16_90_53.txt : 35 ms.
--------------------------------------------------
======================================================================
current best clash: 0
----------------------------------------------------------------------
current col clash: 0
current row clash: 0
current squ clash: 0
benchmarks_simp/INST_16x16/90/inst16x16_90_54.txt find answer: 0.000000
benchmarks_simp/INST_16x16/90/inst16x16_90_54.txt : 25 ms.
--------------------------------------------------
======================================================================
current best clash: 0
----------------------------------------------------------------------
current col clash: 0
current row clash: 0
current squ clash: 0
benchmarks_simp/INST_16x16/90/inst16x16_90_55.txt find answer: 0.000000
benchmarks_simp/INST_16x16/90/inst16x16_90_55.txt : 52 ms.
--------------------------------------------------
======================================================================
current best clash: 0
----------------------------------------------------------------------
current col clash: 0
current row clash: 0
current squ clash: 0
benchmarks_simp/INST_16x16/90/inst16x16_90_56.txt find answer: 0.000000
benchmarks_simp/INST_16x16/90/inst16x16_90_56.txt : 38 ms.
--------------------------------------------------
======================================================================
current best clash: 0
----------------------------------------------------------------------
current col clash: 0
current row clash: 0
current squ clash: 0
benchmarks_simp/INST_16x16/90/inst16x16_90_57.txt find answer: 0.000000
benchmarks_simp/INST_16x16/90/inst16x16_90_57.txt : 47 ms.
--------------------------------------------------
======================================================================
current best clash: 0
----------------------------------------------------------------------
current col clash: 0
current row clash: 0
current squ clash: 0
benchmarks_simp/INST_16x16/90/inst16x16_90_58.txt find answer: 0.000000
benchmarks_simp/INST_16x16/90/inst16x16_90_58.txt : 32 ms.
--------------------------------------------------
======================================================================
current best clash: 0
----------------------------------------------------------------------
current col clash: 0
current row clash: 0
current squ clash: 0
benchmarks_simp/INST_16x16/90/inst16x16_90_59.txt find answer: 0.000000
benchmarks_simp/INST_16x16/90/inst16x16_90_59.txt : 32 ms.
--------------------------------------------------
======================================================================
current best clash: 0
----------------------------------------------------------------------
current col clash: 0
current row clash: 0
current squ clash: 0
benchmarks_simp/INST_16x16/90/inst16x16_90_5.txt find answer: 0.000000
benchmarks_simp/INST_16x16/90/inst16x16_90_5.txt : 30 ms.
--------------------------------------------------
======================================================================
current best clash: 0
----------------------------------------------------------------------
current col clash: 0
current row clash: 0
current squ clash: 0
benchmarks_simp/INST_16x16/90/inst16x16_90_60.txt find answer: 0.000000
benchmarks_simp/INST_16x16/90/inst16x16_90_60.txt : 33 ms.
--------------------------------------------------
======================================================================
current best clash: 0
----------------------------------------------------------------------
current col clash: 0
current row clash: 0
current squ clash: 0
benchmarks_simp/INST_16x16/90/inst16x16_90_61.txt find answer: 0.000000
benchmarks_simp/INST_16x16/90/inst16x16_90_61.txt : 32 ms.
--------------------------------------------------
======================================================================
current best clash: 0
----------------------------------------------------------------------
current col clash: 0
current row clash: 0
current squ clash: 0
benchmarks_simp/INST_16x16/90/inst16x16_90_62.txt find answer: 0.000000
benchmarks_simp/INST_16x16/90/inst16x16_90_62.txt : 26 ms.
--------------------------------------------------
======================================================================
current best clash: 0
----------------------------------------------------------------------
current col clash: 0
current row clash: 0
current squ clash: 0
benchmarks_simp/INST_16x16/90/inst16x16_90_63.txt find answer: 0.000000
benchmarks_simp/INST_16x16/90/inst16x16_90_63.txt : 28 ms.
--------------------------------------------------
======================================================================
current best clash: 0
----------------------------------------------------------------------
current col clash: 0
current row clash: 0
current squ clash: 0
benchmarks_simp/INST_16x16/90/inst16x16_90_64.txt find answer: 0.000000
benchmarks_simp/INST_16x16/90/inst16x16_90_64.txt : 27 ms.
--------------------------------------------------
======================================================================
current best clash: 0
----------------------------------------------------------------------
current col clash: 0
current row clash: 0
current squ clash: 0
benchmarks_simp/INST_16x16/90/inst16x16_90_65.txt find answer: 0.000000
benchmarks_simp/INST_16x16/90/inst16x16_90_65.txt : 32 ms.
--------------------------------------------------
======================================================================
current best clash: 0
----------------------------------------------------------------------
current col clash: 0
current row clash: 0
current squ clash: 0
benchmarks_simp/INST_16x16/90/inst16x16_90_66.txt find answer: 0.000000
benchmarks_simp/INST_16x16/90/inst16x16_90_66.txt : 25 ms.
--------------------------------------------------
======================================================================
current best clash: 0
----------------------------------------------------------------------
current col clash: 0
current row clash: 0
current squ clash: 0
benchmarks_simp/INST_16x16/90/inst16x16_90_67.txt find answer: 0.000000
benchmarks_simp/INST_16x16/90/inst16x16_90_67.txt : 23 ms.
--------------------------------------------------
======================================================================
current best clash: 0
----------------------------------------------------------------------
current col clash: 0
current row clash: 0
current squ clash: 0
benchmarks_simp/INST_16x16/90/inst16x16_90_68.txt find answer: 0.000000
benchmarks_simp/INST_16x16/90/inst16x16_90_68.txt : 27 ms.
--------------------------------------------------
======================================================================
current best clash: 0
----------------------------------------------------------------------
current col clash: 0
current row clash: 0
current squ clash: 0
benchmarks_simp/INST_16x16/90/inst16x16_90_69.txt find answer: 0.000000
benchmarks_simp/INST_16x16/90/inst16x16_90_69.txt : 31 ms.
--------------------------------------------------
======================================================================
current best clash: 0
----------------------------------------------------------------------
current col clash: 0
current row clash: 0
current squ clash: 0
benchmarks_simp/INST_16x16/90/inst16x16_90_6.txt find answer: 0.000000
benchmarks_simp/INST_16x16/90/inst16x16_90_6.txt : 30 ms.
--------------------------------------------------
======================================================================
current best clash: 0
----------------------------------------------------------------------
current col clash: 0
current row clash: 0
current squ clash: 0
benchmarks_simp/INST_16x16/90/inst16x16_90_70.txt find answer: 0.000000
benchmarks_simp/INST_16x16/90/inst16x16_90_70.txt : 26 ms.
--------------------------------------------------
======================================================================
current best clash: 0
----------------------------------------------------------------------
current col clash: 0
current row clash: 0
current squ clash: 0
benchmarks_simp/INST_16x16/90/inst16x16_90_71.txt find answer: 0.000000
benchmarks_simp/INST_16x16/90/inst16x16_90_71.txt : 37 ms.
--------------------------------------------------
======================================================================
current best clash: 0
----------------------------------------------------------------------
current col clash: 0
current row clash: 0
current squ clash: 0
benchmarks_simp/INST_16x16/90/inst16x16_90_72.txt find answer: 0.000000
benchmarks_simp/INST_16x16/90/inst16x16_90_72.txt : 27 ms.
--------------------------------------------------
======================================================================
current best clash: 0
----------------------------------------------------------------------
current col clash: 0
current row clash: 0
current squ clash: 0
benchmarks_simp/INST_16x16/90/inst16x16_90_73.txt find answer: 0.000000
benchmarks_simp/INST_16x16/90/inst16x16_90_73.txt : 23 ms.
--------------------------------------------------
======================================================================
current best clash: 0
----------------------------------------------------------------------
current col clash: 0
current row clash: 0
current squ clash: 0
benchmarks_simp/INST_16x16/90/inst16x16_90_74.txt find answer: 0.000000
benchmarks_simp/INST_16x16/90/inst16x16_90_74.txt : 29 ms.
--------------------------------------------------
======================================================================
current best clash: 0
----------------------------------------------------------------------
current col clash: 0
current row clash: 0
current squ clash: 0
benchmarks_simp/INST_16x16/90/inst16x16_90_75.txt find answer: 0.000000
benchmarks_simp/INST_16x16/90/inst16x16_90_75.txt : 36 ms.
--------------------------------------------------
======================================================================
current best clash: 0
----------------------------------------------------------------------
current col clash: 0
current row clash: 0
current squ clash: 0
benchmarks_simp/INST_16x16/90/inst16x16_90_76.txt find answer: 0.000000
benchmarks_simp/INST_16x16/90/inst16x16_90_76.txt : 36 ms.
--------------------------------------------------
======================================================================
current best clash: 0
----------------------------------------------------------------------
current col clash: 0
current row clash: 0
current squ clash: 0
benchmarks_simp/INST_16x16/90/inst16x16_90_77.txt find answer: 0.000000
benchmarks_simp/INST_16x16/90/inst16x16_90_77.txt : 40 ms.
--------------------------------------------------
======================================================================
current best clash: 0
----------------------------------------------------------------------
current col clash: 0
current row clash: 0
current squ clash: 0
benchmarks_simp/INST_16x16/90/inst16x16_90_78.txt find answer: 0.000000
benchmarks_simp/INST_16x16/90/inst16x16_90_78.txt : 33 ms.
--------------------------------------------------
======================================================================
current best clash: 0
----------------------------------------------------------------------
current col clash: 0
current row clash: 0
current squ clash: 0
benchmarks_simp/INST_16x16/90/inst16x16_90_79.txt find answer: 0.000000
benchmarks_simp/INST_16x16/90/inst16x16_90_79.txt : 29 ms.
--------------------------------------------------
======================================================================
current best clash: 0
----------------------------------------------------------------------
current col clash: 0
current row clash: 0
current squ clash: 0
benchmarks_simp/INST_16x16/90/inst16x16_90_7.txt find answer: 0.000000
benchmarks_simp/INST_16x16/90/inst16x16_90_7.txt : 26 ms.
--------------------------------------------------
======================================================================
current best clash: 0
----------------------------------------------------------------------
current col clash: 0
current row clash: 0
current squ clash: 0
benchmarks_simp/INST_16x16/90/inst16x16_90_80.txt find answer: 0.000000
benchmarks_simp/INST_16x16/90/inst16x16_90_80.txt : 28 ms.
--------------------------------------------------
======================================================================
current best clash: 0
----------------------------------------------------------------------
current col clash: 0
current row clash: 0
current squ clash: 0
benchmarks_simp/INST_16x16/90/inst16x16_90_81.txt find answer: 0.000000
benchmarks_simp/INST_16x16/90/inst16x16_90_81.txt : 25 ms.
--------------------------------------------------
======================================================================
current best clash: 0
----------------------------------------------------------------------
current col clash: 0
current row clash: 0
current squ clash: 0
benchmarks_simp/INST_16x16/90/inst16x16_90_82.txt find answer: 0.000000
benchmarks_simp/INST_16x16/90/inst16x16_90_82.txt : 28 ms.
--------------------------------------------------
======================================================================
current best clash: 0
----------------------------------------------------------------------
current col clash: 0
current row clash: 0
current squ clash: 0
benchmarks_simp/INST_16x16/90/inst16x16_90_83.txt find answer: 0.000000
benchmarks_simp/INST_16x16/90/inst16x16_90_83.txt : 31 ms.
--------------------------------------------------
======================================================================
current best clash: 0
----------------------------------------------------------------------
current col clash: 0
current row clash: 0
current squ clash: 0
benchmarks_simp/INST_16x16/90/inst16x16_90_84.txt find answer: 0.000000
benchmarks_simp/INST_16x16/90/inst16x16_90_84.txt : 29 ms.
--------------------------------------------------
======================================================================
current best clash: 0
----------------------------------------------------------------------
current col clash: 0
current row clash: 0
current squ clash: 0
benchmarks_simp/INST_16x16/90/inst16x16_90_85.txt find answer: 0.000000
benchmarks_simp/INST_16x16/90/inst16x16_90_85.txt : 29 ms.
--------------------------------------------------
======================================================================
current best clash: 0
----------------------------------------------------------------------
current col clash: 0
current row clash: 0
current squ clash: 0
benchmarks_simp/INST_16x16/90/inst16x16_90_86.txt find answer: 0.000000
benchmarks_simp/INST_16x16/90/inst16x16_90_86.txt : 24 ms.
--------------------------------------------------
======================================================================
current best clash: 0
----------------------------------------------------------------------
current col clash: 0
current row clash: 0
current squ clash: 0
benchmarks_simp/INST_16x16/90/inst16x16_90_87.txt find answer: 0.000000
benchmarks_simp/INST_16x16/90/inst16x16_90_87.txt : 31 ms.
--------------------------------------------------
======================================================================
current best clash: 0
----------------------------------------------------------------------
current col clash: 0
current row clash: 0
current squ clash: 0
benchmarks_simp/INST_16x16/90/inst16x16_90_88.txt find answer: 0.000000
benchmarks_simp/INST_16x16/90/inst16x16_90_88.txt : 31 ms.
--------------------------------------------------
======================================================================
current best clash: 0
----------------------------------------------------------------------
current col clash: 0
current row clash: 0
current squ clash: 0
benchmarks_simp/INST_16x16/90/inst16x16_90_89.txt find answer: 0.000000
benchmarks_simp/INST_16x16/90/inst16x16_90_89.txt : 23 ms.
--------------------------------------------------
======================================================================
current best clash: 0
----------------------------------------------------------------------
current col clash: 0
current row clash: 0
current squ clash: 0
benchmarks_simp/INST_16x16/90/inst16x16_90_8.txt find answer: 0.000000
benchmarks_simp/INST_16x16/90/inst16x16_90_8.txt : 30 ms.
--------------------------------------------------
======================================================================
current best clash: 0
----------------------------------------------------------------------
current col clash: 0
current row clash: 0
current squ clash: 0
benchmarks_simp/INST_16x16/90/inst16x16_90_90.txt find answer: 0.000000
benchmarks_simp/INST_16x16/90/inst16x16_90_90.txt : 29 ms.
--------------------------------------------------
======================================================================
current best clash: 0
----------------------------------------------------------------------
current col clash: 0
current row clash: 0
current squ clash: 0
benchmarks_simp/INST_16x16/90/inst16x16_90_91.txt find answer: 0.000000
benchmarks_simp/INST_16x16/90/inst16x16_90_91.txt : 29 ms.
--------------------------------------------------
======================================================================
current best clash: 0
----------------------------------------------------------------------
current col clash: 0
current row clash: 0
current squ clash: 0
benchmarks_simp/INST_16x16/90/inst16x16_90_92.txt find answer: 0.000000
benchmarks_simp/INST_16x16/90/inst16x16_90_92.txt : 27 ms.
--------------------------------------------------
======================================================================
current best clash: 0
----------------------------------------------------------------------
current col clash: 0
current row clash: 0
current squ clash: 0
benchmarks_simp/INST_16x16/90/inst16x16_90_93.txt find answer: 0.000000
benchmarks_simp/INST_16x16/90/inst16x16_90_93.txt : 31 ms.
--------------------------------------------------
======================================================================
current best clash: 0
----------------------------------------------------------------------
current col clash: 0
current row clash: 0
current squ clash: 0
benchmarks_simp/INST_16x16/90/inst16x16_90_94.txt find answer: 0.000000
benchmarks_simp/INST_16x16/90/inst16x16_90_94.txt : 37 ms.
--------------------------------------------------
======================================================================
current best clash: 0
----------------------------------------------------------------------
current col clash: 0
current row clash: 0
current squ clash: 0
benchmarks_simp/INST_16x16/90/inst16x16_90_95.txt find answer: 0.000000
benchmarks_simp/INST_16x16/90/inst16x16_90_95.txt : 27 ms.
--------------------------------------------------
======================================================================
current best clash: 0
----------------------------------------------------------------------
current col clash: 0
current row clash: 0
current squ clash: 0
benchmarks_simp/INST_16x16/90/inst16x16_90_96.txt find answer: 0.000000
benchmarks_simp/INST_16x16/90/inst16x16_90_96.txt : 28 ms.
--------------------------------------------------
======================================================================
current best clash: 0
----------------------------------------------------------------------
current col clash: 0
current row clash: 0
current squ clash: 0
benchmarks_simp/INST_16x16/90/inst16x16_90_97.txt find answer: 0.000000
benchmarks_simp/INST_16x16/90/inst16x16_90_97.txt : 27 ms.
--------------------------------------------------
======================================================================
current best clash: 0
----------------------------------------------------------------------
current col clash: 0
current row clash: 0
current squ clash: 0
benchmarks_simp/INST_16x16/90/inst16x16_90_98.txt find answer: 0.000000
benchmarks_simp/INST_16x16/90/inst16x16_90_98.txt : 22 ms.
--------------------------------------------------
======================================================================
current best clash: 0
----------------------------------------------------------------------
current col clash: 0
current row clash: 0
current squ clash: 0
benchmarks_simp/INST_16x16/90/inst16x16_90_99.txt find answer: 0.000000
benchmarks_simp/INST_16x16/90/inst16x16_90_99.txt : 31 ms.
--------------------------------------------------
======================================================================
current best clash: 0
----------------------------------------------------------------------
current col clash: 0
current row clash: 0
current squ clash: 0
benchmarks_simp/INST_16x16/90/inst16x16_90_9.txt find answer: 0.000000
benchmarks_simp/INST_16x16/90/inst16x16_90_9.txt : 32 ms.
