--------------------------------------------------
SAT
----------
CP_2/25/data_01.dzn : 10035 ms.
--------------------------------------------------
SAT
----------
CP_2/25/data_02.dzn : 5566 ms.
--------------------------------------------------
SAT
----------
CP_2/25/data_03.dzn : 6017 ms.
--------------------------------------------------
SAT
----------
CP_2/25/data_04.dzn : 6454 ms.
--------------------------------------------------
SAT
----------
CP_2/25/data_05.dzn : 6656 ms.
--------------------------------------------------
SAT
----------
CP_2/25/data_06.dzn : 10154 ms.
--------------------------------------------------
SAT
----------
CP_2/25/data_07.dzn : 14381 ms.
--------------------------------------------------
SAT
----------
CP_2/25/data_08.dzn : 10814 ms.
--------------------------------------------------
SAT
----------
CP_2/25/data_09.dzn : 20713 ms.
--------------------------------------------------
SAT
----------
CP_2/25/data_10.dzn : 27977 ms.
--------------------------------------------------
SAT
----------
CP_2/25/data_11.dzn : 53953 ms.
--------------------------------------------------
SAT
----------
CP_2/25/data_12.dzn : 13219 ms.
--------------------------------------------------
SAT
----------
CP_2/25/data_13.dzn : 116049 ms.
--------------------------------------------------
SAT
----------
CP_2/25/data_14.dzn : 47316 ms.
--------------------------------------------------
SAT
----------
CP_2/25/data_15.dzn : 93340 ms.
--------------------------------------------------
SAT
----------
CP_2/25/data_16.dzn : 138406 ms.
--------------------------------------------------
=====UNKNOWN=====
CP_2/25/data_17.dzn : 1000315 ms.
--------------------------------------------------
=====UNKNOWN=====
CP_2/25/data_18.dzn : 1000349 ms.
--------------------------------------------------
=====UNKNOWN=====
CP_2/25/data_19.dzn : 1000357 ms.
--------------------------------------------------
SAT
----------
CP_2/25/data_20.dzn : 909962 ms.
run.sh: line 71: seed: command not found
run.sh: line 72: syntax error near unexpected token `fi'
run.sh: line 72: `    fi'
