--------------------------------------------------
SAT
----------
CP_2/28/data_01.dzn : 9792 ms.
--------------------------------------------------
SAT
----------
CP_2/28/data_02.dzn : 5960 ms.
--------------------------------------------------
SAT
----------
CP_2/28/data_03.dzn : 6382 ms.
--------------------------------------------------
SAT
----------
CP_2/28/data_04.dzn : 7049 ms.
--------------------------------------------------
SAT
----------
CP_2/28/data_05.dzn : 9131 ms.
--------------------------------------------------
SAT
----------
CP_2/28/data_06.dzn : 8107 ms.
--------------------------------------------------
SAT
----------
CP_2/28/data_07.dzn : 9626 ms.
--------------------------------------------------
SAT
----------
CP_2/28/data_08.dzn : 10674 ms.
--------------------------------------------------
SAT
----------
CP_2/28/data_09.dzn : 22545 ms.
--------------------------------------------------
SAT
----------
CP_2/28/data_10.dzn : 12990 ms.
--------------------------------------------------
SAT
----------
CP_2/28/data_11.dzn : 18790 ms.
--------------------------------------------------
SAT
----------
CP_2/28/data_12.dzn : 62529 ms.
--------------------------------------------------
SAT
----------
CP_2/28/data_13.dzn : 90740 ms.
--------------------------------------------------
SAT
----------
CP_2/28/data_14.dzn : 99883 ms.
--------------------------------------------------
SAT
----------
CP_2/28/data_15.dzn : 56547 ms.
--------------------------------------------------
SAT
----------
CP_2/28/data_16.dzn : 189490 ms.
--------------------------------------------------
=====UNKNOWN=====
CP_2/28/data_17.dzn : 1000350 ms.
--------------------------------------------------
=====UNKNOWN=====
CP_2/28/data_18.dzn : 1000349 ms.
--------------------------------------------------
=====UNKNOWN=====
CP_2/28/data_19.dzn : 1000369 ms.
--------------------------------------------------
SAT
----------
CP_2/28/data_20.dzn : 894770 ms.
run.sh: line 71: seed: command not found
run.sh: line 72: syntax error near unexpected token `fi'
run.sh: line 72: `    fi'
