--------------------------------------------------
SAT
----------
CP_1/7/data_01.dzn : 6032 ms.
--------------------------------------------------
SAT
----------
CP_1/7/data_02.dzn : 4932 ms.
--------------------------------------------------
SAT
----------
CP_1/7/data_03.dzn : 5512 ms.
--------------------------------------------------
SAT
----------
CP_1/7/data_04.dzn : 6901 ms.
--------------------------------------------------
SAT
----------
CP_1/7/data_05.dzn : 6937 ms.
--------------------------------------------------
SAT
----------
CP_1/7/data_06.dzn : 8111 ms.
--------------------------------------------------
SAT
----------
CP_1/7/data_07.dzn : 9555 ms.
--------------------------------------------------
SAT
----------
CP_1/7/data_08.dzn : 10285 ms.
--------------------------------------------------
SAT
----------
CP_1/7/data_09.dzn : 12764 ms.
--------------------------------------------------
SAT
----------
CP_1/7/data_10.dzn : 14076 ms.
--------------------------------------------------
SAT
----------
CP_1/7/data_11.dzn : 16596 ms.
--------------------------------------------------
SAT
----------
CP_1/7/data_12.dzn : 15445 ms.
--------------------------------------------------
SAT
----------
CP_1/7/data_13.dzn : 106266 ms.
--------------------------------------------------
SAT
----------
CP_1/7/data_14.dzn : 86090 ms.
--------------------------------------------------
SAT
----------
CP_1/7/data_15.dzn : 97777 ms.
--------------------------------------------------
SAT
----------
CP_1/7/data_16.dzn : 334919 ms.
--------------------------------------------------
=====UNKNOWN=====
CP_1/7/data_17.dzn : 1000356 ms.
--------------------------------------------------
=====UNKNOWN=====
CP_1/7/data_18.dzn : 1000360 ms.
--------------------------------------------------
SAT
----------
CP_1/7/data_19.dzn : 244501 ms.
--------------------------------------------------
SAT
----------
CP_1/7/data_20.dzn : 784339 ms.
run.sh: line 71: seed: command not found
run.sh: line 72: syntax error near unexpected token `fi'
run.sh: line 72: `    fi'
