--------------------------------------------------
SAT
----------
CP_1/8/data_01.dzn : 5949 ms.
--------------------------------------------------
SAT
----------
CP_1/8/data_02.dzn : 5398 ms.
--------------------------------------------------
SAT
----------
CP_1/8/data_03.dzn : 5529 ms.
--------------------------------------------------
SAT
----------
CP_1/8/data_04.dzn : 5862 ms.
--------------------------------------------------
SAT
----------
CP_1/8/data_05.dzn : 6377 ms.
--------------------------------------------------
SAT
----------
CP_1/8/data_06.dzn : 8552 ms.
--------------------------------------------------
SAT
----------
CP_1/8/data_07.dzn : 9899 ms.
--------------------------------------------------
SAT
----------
CP_1/8/data_08.dzn : 9829 ms.
--------------------------------------------------
SAT
----------
CP_1/8/data_09.dzn : 11425 ms.
--------------------------------------------------
SAT
----------
CP_1/8/data_10.dzn : 13387 ms.
--------------------------------------------------
SAT
----------
CP_1/8/data_11.dzn : 12493 ms.
--------------------------------------------------
SAT
----------
CP_1/8/data_12.dzn : 16442 ms.
--------------------------------------------------
SAT
----------
CP_1/8/data_13.dzn : 66647 ms.
--------------------------------------------------
SAT
----------
CP_1/8/data_14.dzn : 81101 ms.
--------------------------------------------------
SAT
----------
CP_1/8/data_15.dzn : 173014 ms.
--------------------------------------------------
SAT
----------
CP_1/8/data_16.dzn : 209548 ms.
--------------------------------------------------
=====UNKNOWN=====
CP_1/8/data_17.dzn : 1000338 ms.
--------------------------------------------------
=====UNKNOWN=====
CP_1/8/data_18.dzn : 1000325 ms.
--------------------------------------------------
=====UNKNOWN=====
CP_1/8/data_19.dzn : 1000318 ms.
--------------------------------------------------
SAT
----------
CP_1/8/data_20.dzn : 783232 ms.
run.sh: line 71: seed: command not found
run.sh: line 72: syntax error near unexpected token `fi'
run.sh: line 72: `    fi'
