--------------------------------------------------
SAT
----------
benchmarks_CP/INST_16x16/5/inst16x16_5_0.dzn : 324 ms.
--------------------------------------------------
SAT
----------
benchmarks_CP/INST_16x16/5/inst16x16_5_10.dzn : 198 ms.
--------------------------------------------------
SAT
----------
benchmarks_CP/INST_16x16/5/inst16x16_5_11.dzn : 217 ms.
--------------------------------------------------
SAT
----------
benchmarks_CP/INST_16x16/5/inst16x16_5_12.dzn : 221 ms.
--------------------------------------------------
SAT
----------
benchmarks_CP/INST_16x16/5/inst16x16_5_13.dzn : 91530 ms.
--------------------------------------------------
SAT
----------
benchmarks_CP/INST_16x16/5/inst16x16_5_14.dzn : 158 ms.
--------------------------------------------------
SAT
----------
benchmarks_CP/INST_16x16/5/inst16x16_5_15.dzn : 150 ms.
--------------------------------------------------
SAT
----------
benchmarks_CP/INST_16x16/5/inst16x16_5_16.dzn : 157 ms.
--------------------------------------------------
SAT
----------
benchmarks_CP/INST_16x16/5/inst16x16_5_17.dzn : 166 ms.
--------------------------------------------------
SAT
----------
benchmarks_CP/INST_16x16/5/inst16x16_5_18.dzn : 149 ms.
--------------------------------------------------
SAT
----------
benchmarks_CP/INST_16x16/5/inst16x16_5_19.dzn : 155 ms.
--------------------------------------------------
SAT
----------
benchmarks_CP/INST_16x16/5/inst16x16_5_1.dzn : 151 ms.
--------------------------------------------------
SAT
----------
benchmarks_CP/INST_16x16/5/inst16x16_5_20.dzn : 152 ms.
--------------------------------------------------
SAT
----------
benchmarks_CP/INST_16x16/5/inst16x16_5_21.dzn : 148 ms.
--------------------------------------------------
SAT
----------
benchmarks_CP/INST_16x16/5/inst16x16_5_22.dzn : 166 ms.
--------------------------------------------------
SAT
----------
benchmarks_CP/INST_16x16/5/inst16x16_5_23.dzn : 151 ms.
--------------------------------------------------
SAT
----------
benchmarks_CP/INST_16x16/5/inst16x16_5_24.dzn : 151 ms.
--------------------------------------------------
SAT
----------
benchmarks_CP/INST_16x16/5/inst16x16_5_25.dzn : 238 ms.
--------------------------------------------------
SAT
----------
benchmarks_CP/INST_16x16/5/inst16x16_5_26.dzn : 147 ms.
--------------------------------------------------
SAT
----------
benchmarks_CP/INST_16x16/5/inst16x16_5_27.dzn : 166 ms.
--------------------------------------------------
SAT
----------
benchmarks_CP/INST_16x16/5/inst16x16_5_28.dzn : 150 ms.
--------------------------------------------------
SAT
----------
benchmarks_CP/INST_16x16/5/inst16x16_5_29.dzn : 432 ms.
--------------------------------------------------
SAT
----------
benchmarks_CP/INST_16x16/5/inst16x16_5_2.dzn : 148 ms.
--------------------------------------------------
SAT
----------
benchmarks_CP/INST_16x16/5/inst16x16_5_30.dzn : 151 ms.
--------------------------------------------------
SAT
----------
benchmarks_CP/INST_16x16/5/inst16x16_5_31.dzn : 151 ms.
--------------------------------------------------
SAT
----------
benchmarks_CP/INST_16x16/5/inst16x16_5_32.dzn : 152 ms.
--------------------------------------------------
SAT
----------
benchmarks_CP/INST_16x16/5/inst16x16_5_33.dzn : 158 ms.
--------------------------------------------------
SAT
----------
benchmarks_CP/INST_16x16/5/inst16x16_5_34.dzn : 1155 ms.
--------------------------------------------------
SAT
----------
benchmarks_CP/INST_16x16/5/inst16x16_5_35.dzn : 176 ms.
--------------------------------------------------
SAT
----------
benchmarks_CP/INST_16x16/5/inst16x16_5_36.dzn : 158 ms.
--------------------------------------------------
SAT
----------
benchmarks_CP/INST_16x16/5/inst16x16_5_37.dzn : 150 ms.
--------------------------------------------------
SAT
----------
benchmarks_CP/INST_16x16/5/inst16x16_5_38.dzn : 153 ms.
--------------------------------------------------
=====UNKNOWN=====
benchmarks_CP/INST_16x16/5/inst16x16_5_39.dzn : 1001132 ms.
--------------------------------------------------
SAT
----------
benchmarks_CP/INST_16x16/5/inst16x16_5_3.dzn : 153 ms.
--------------------------------------------------
SAT
----------
benchmarks_CP/INST_16x16/5/inst16x16_5_40.dzn : 155 ms.
--------------------------------------------------
SAT
----------
benchmarks_CP/INST_16x16/5/inst16x16_5_41.dzn : 149 ms.
--------------------------------------------------
SAT
----------
benchmarks_CP/INST_16x16/5/inst16x16_5_42.dzn : 145 ms.
--------------------------------------------------
SAT
----------
benchmarks_CP/INST_16x16/5/inst16x16_5_43.dzn : 145 ms.
--------------------------------------------------
SAT
----------
benchmarks_CP/INST_16x16/5/inst16x16_5_44.dzn : 155 ms.
--------------------------------------------------
SAT
----------
benchmarks_CP/INST_16x16/5/inst16x16_5_45.dzn : 182 ms.
--------------------------------------------------
SAT
----------
benchmarks_CP/INST_16x16/5/inst16x16_5_46.dzn : 151 ms.
--------------------------------------------------
SAT
----------
benchmarks_CP/INST_16x16/5/inst16x16_5_47.dzn : 146 ms.
--------------------------------------------------
SAT
----------
benchmarks_CP/INST_16x16/5/inst16x16_5_48.dzn : 149 ms.
--------------------------------------------------
SAT
----------
benchmarks_CP/INST_16x16/5/inst16x16_5_49.dzn : 147 ms.
--------------------------------------------------
SAT
----------
benchmarks_CP/INST_16x16/5/inst16x16_5_4.dzn : 176 ms.
--------------------------------------------------
SAT
----------
benchmarks_CP/INST_16x16/5/inst16x16_5_50.dzn : 152 ms.
--------------------------------------------------
SAT
----------
benchmarks_CP/INST_16x16/5/inst16x16_5_51.dzn : 155 ms.
--------------------------------------------------
SAT
----------
benchmarks_CP/INST_16x16/5/inst16x16_5_52.dzn : 153 ms.
--------------------------------------------------
SAT
----------
benchmarks_CP/INST_16x16/5/inst16x16_5_53.dzn : 187 ms.
--------------------------------------------------
SAT
----------
benchmarks_CP/INST_16x16/5/inst16x16_5_54.dzn : 154 ms.
--------------------------------------------------
SAT
----------
benchmarks_CP/INST_16x16/5/inst16x16_5_55.dzn : 165 ms.
--------------------------------------------------
SAT
----------
benchmarks_CP/INST_16x16/5/inst16x16_5_56.dzn : 147 ms.
--------------------------------------------------
=====UNKNOWN=====
benchmarks_CP/INST_16x16/5/inst16x16_5_57.dzn : 1001135 ms.
--------------------------------------------------
SAT
----------
benchmarks_CP/INST_16x16/5/inst16x16_5_58.dzn : 263 ms.
--------------------------------------------------
SAT
----------
benchmarks_CP/INST_16x16/5/inst16x16_5_59.dzn : 153 ms.
--------------------------------------------------
SAT
----------
benchmarks_CP/INST_16x16/5/inst16x16_5_5.dzn : 174 ms.
--------------------------------------------------
SAT
----------
benchmarks_CP/INST_16x16/5/inst16x16_5_60.dzn : 153 ms.
--------------------------------------------------
SAT
----------
benchmarks_CP/INST_16x16/5/inst16x16_5_61.dzn : 154 ms.
--------------------------------------------------
SAT
----------
benchmarks_CP/INST_16x16/5/inst16x16_5_62.dzn : 155 ms.
--------------------------------------------------
SAT
----------
benchmarks_CP/INST_16x16/5/inst16x16_5_63.dzn : 153 ms.
--------------------------------------------------
SAT
----------
benchmarks_CP/INST_16x16/5/inst16x16_5_64.dzn : 156 ms.
--------------------------------------------------
SAT
----------
benchmarks_CP/INST_16x16/5/inst16x16_5_65.dzn : 164 ms.
--------------------------------------------------
SAT
----------
benchmarks_CP/INST_16x16/5/inst16x16_5_66.dzn : 146 ms.
--------------------------------------------------
SAT
----------
benchmarks_CP/INST_16x16/5/inst16x16_5_67.dzn : 147 ms.
--------------------------------------------------
SAT
----------
benchmarks_CP/INST_16x16/5/inst16x16_5_68.dzn : 150 ms.
--------------------------------------------------
SAT
----------
benchmarks_CP/INST_16x16/5/inst16x16_5_69.dzn : 151 ms.
--------------------------------------------------
SAT
----------
benchmarks_CP/INST_16x16/5/inst16x16_5_6.dzn : 149 ms.
--------------------------------------------------
SAT
----------
benchmarks_CP/INST_16x16/5/inst16x16_5_70.dzn : 152 ms.
--------------------------------------------------
SAT
----------
benchmarks_CP/INST_16x16/5/inst16x16_5_71.dzn : 156 ms.
--------------------------------------------------
SAT
----------
benchmarks_CP/INST_16x16/5/inst16x16_5_72.dzn : 157 ms.
--------------------------------------------------
SAT
----------
benchmarks_CP/INST_16x16/5/inst16x16_5_73.dzn : 153 ms.
--------------------------------------------------
SAT
----------
benchmarks_CP/INST_16x16/5/inst16x16_5_74.dzn : 149 ms.
--------------------------------------------------
SAT
----------
benchmarks_CP/INST_16x16/5/inst16x16_5_75.dzn : 152 ms.
--------------------------------------------------
SAT
----------
benchmarks_CP/INST_16x16/5/inst16x16_5_76.dzn : 2934 ms.
--------------------------------------------------
SAT
----------
benchmarks_CP/INST_16x16/5/inst16x16_5_77.dzn : 149 ms.
--------------------------------------------------
SAT
----------
benchmarks_CP/INST_16x16/5/inst16x16_5_78.dzn : 157 ms.
--------------------------------------------------
SAT
----------
benchmarks_CP/INST_16x16/5/inst16x16_5_79.dzn : 147 ms.
--------------------------------------------------
SAT
----------
benchmarks_CP/INST_16x16/5/inst16x16_5_7.dzn : 147 ms.
--------------------------------------------------
SAT
----------
benchmarks_CP/INST_16x16/5/inst16x16_5_80.dzn : 149 ms.
--------------------------------------------------
SAT
----------
benchmarks_CP/INST_16x16/5/inst16x16_5_81.dzn : 147 ms.
--------------------------------------------------
SAT
----------
benchmarks_CP/INST_16x16/5/inst16x16_5_82.dzn : 169 ms.
--------------------------------------------------
SAT
----------
benchmarks_CP/INST_16x16/5/inst16x16_5_83.dzn : 173 ms.
--------------------------------------------------
SAT
----------
benchmarks_CP/INST_16x16/5/inst16x16_5_84.dzn : 165 ms.
--------------------------------------------------
SAT
----------
benchmarks_CP/INST_16x16/5/inst16x16_5_85.dzn : 154 ms.
--------------------------------------------------
SAT
----------
benchmarks_CP/INST_16x16/5/inst16x16_5_86.dzn : 149 ms.
--------------------------------------------------
SAT
----------
benchmarks_CP/INST_16x16/5/inst16x16_5_87.dzn : 157 ms.
--------------------------------------------------
=====UNKNOWN=====
benchmarks_CP/INST_16x16/5/inst16x16_5_88.dzn : 1001142 ms.
--------------------------------------------------
SAT
----------
benchmarks_CP/INST_16x16/5/inst16x16_5_89.dzn : 263 ms.
--------------------------------------------------
SAT
----------
benchmarks_CP/INST_16x16/5/inst16x16_5_8.dzn : 148 ms.
--------------------------------------------------
SAT
----------
benchmarks_CP/INST_16x16/5/inst16x16_5_90.dzn : 149 ms.
--------------------------------------------------
SAT
----------
benchmarks_CP/INST_16x16/5/inst16x16_5_91.dzn : 177 ms.
--------------------------------------------------
SAT
----------
benchmarks_CP/INST_16x16/5/inst16x16_5_92.dzn : 148 ms.
--------------------------------------------------
SAT
----------
benchmarks_CP/INST_16x16/5/inst16x16_5_93.dzn : 1645 ms.
--------------------------------------------------
SAT
----------
benchmarks_CP/INST_16x16/5/inst16x16_5_94.dzn : 157 ms.
--------------------------------------------------
SAT
----------
benchmarks_CP/INST_16x16/5/inst16x16_5_95.dzn : 154 ms.
--------------------------------------------------
SAT
----------
benchmarks_CP/INST_16x16/5/inst16x16_5_96.dzn : 181 ms.
--------------------------------------------------
SAT
----------
benchmarks_CP/INST_16x16/5/inst16x16_5_97.dzn : 150 ms.
--------------------------------------------------
SAT
----------
benchmarks_CP/INST_16x16/5/inst16x16_5_98.dzn : 148 ms.
--------------------------------------------------
SAT
----------
benchmarks_CP/INST_16x16/5/inst16x16_5_99.dzn : 148 ms.
--------------------------------------------------
SAT
----------
benchmarks_CP/INST_16x16/5/inst16x16_5_9.dzn : 152 ms.
