--------------------------------------------------
SAT
----------
benchmarks_CP/INST_16x16/35/inst16x16_35_0.dzn : 37567 ms.
--------------------------------------------------
SAT
----------
benchmarks_CP/INST_16x16/35/inst16x16_35_10.dzn : 287 ms.
--------------------------------------------------
SAT
----------
benchmarks_CP/INST_16x16/35/inst16x16_35_11.dzn : 8990 ms.
--------------------------------------------------
SAT
----------
benchmarks_CP/INST_16x16/35/inst16x16_35_12.dzn : 3217 ms.
--------------------------------------------------
SAT
----------
benchmarks_CP/INST_16x16/35/inst16x16_35_13.dzn : 656 ms.
--------------------------------------------------
SAT
----------
benchmarks_CP/INST_16x16/35/inst16x16_35_14.dzn : 189 ms.
--------------------------------------------------
SAT
----------
benchmarks_CP/INST_16x16/35/inst16x16_35_15.dzn : 165 ms.
--------------------------------------------------
SAT
----------
benchmarks_CP/INST_16x16/35/inst16x16_35_16.dzn : 283 ms.
--------------------------------------------------
SAT
----------
benchmarks_CP/INST_16x16/35/inst16x16_35_17.dzn : 179 ms.
--------------------------------------------------
=====UNKNOWN=====
benchmarks_CP/INST_16x16/35/inst16x16_35_18.dzn : 1001092 ms.
--------------------------------------------------
SAT
----------
benchmarks_CP/INST_16x16/35/inst16x16_35_19.dzn : 154 ms.
--------------------------------------------------
=====UNKNOWN=====
benchmarks_CP/INST_16x16/35/inst16x16_35_1.dzn : 1001129 ms.
--------------------------------------------------
SAT
----------
benchmarks_CP/INST_16x16/35/inst16x16_35_20.dzn : 169 ms.
--------------------------------------------------
SAT
----------
benchmarks_CP/INST_16x16/35/inst16x16_35_21.dzn : 1250 ms.
--------------------------------------------------
=====UNKNOWN=====
benchmarks_CP/INST_16x16/35/inst16x16_35_22.dzn : 1001137 ms.
--------------------------------------------------
SAT
----------
benchmarks_CP/INST_16x16/35/inst16x16_35_23.dzn : 710 ms.
--------------------------------------------------
SAT
----------
benchmarks_CP/INST_16x16/35/inst16x16_35_24.dzn : 163 ms.
--------------------------------------------------
=====UNKNOWN=====
benchmarks_CP/INST_16x16/35/inst16x16_35_25.dzn : 1001130 ms.
--------------------------------------------------
SAT
----------
benchmarks_CP/INST_16x16/35/inst16x16_35_26.dzn : 191 ms.
--------------------------------------------------
SAT
----------
benchmarks_CP/INST_16x16/35/inst16x16_35_27.dzn : 1106 ms.
--------------------------------------------------
SAT
----------
benchmarks_CP/INST_16x16/35/inst16x16_35_28.dzn : 166 ms.
--------------------------------------------------
SAT
----------
benchmarks_CP/INST_16x16/35/inst16x16_35_29.dzn : 227779 ms.
--------------------------------------------------
SAT
----------
benchmarks_CP/INST_16x16/35/inst16x16_35_2.dzn : 783 ms.
--------------------------------------------------
=====UNKNOWN=====
benchmarks_CP/INST_16x16/35/inst16x16_35_30.dzn : 1001133 ms.
--------------------------------------------------
SAT
----------
benchmarks_CP/INST_16x16/35/inst16x16_35_31.dzn : 271 ms.
--------------------------------------------------
=====UNKNOWN=====
benchmarks_CP/INST_16x16/35/inst16x16_35_32.dzn : 1001129 ms.
--------------------------------------------------
SAT
----------
benchmarks_CP/INST_16x16/35/inst16x16_35_33.dzn : 850461 ms.
--------------------------------------------------
SAT
----------
benchmarks_CP/INST_16x16/35/inst16x16_35_34.dzn : 39004 ms.
--------------------------------------------------
SAT
----------
benchmarks_CP/INST_16x16/35/inst16x16_35_35.dzn : 158 ms.
--------------------------------------------------
SAT
----------
benchmarks_CP/INST_16x16/35/inst16x16_35_36.dzn : 241 ms.
--------------------------------------------------
SAT
----------
benchmarks_CP/INST_16x16/35/inst16x16_35_37.dzn : 703 ms.
--------------------------------------------------
=====UNKNOWN=====
benchmarks_CP/INST_16x16/35/inst16x16_35_38.dzn : 1001130 ms.
--------------------------------------------------
SAT
----------
benchmarks_CP/INST_16x16/35/inst16x16_35_39.dzn : 173 ms.
--------------------------------------------------
SAT
----------
benchmarks_CP/INST_16x16/35/inst16x16_35_3.dzn : 381 ms.
--------------------------------------------------
SAT
----------
benchmarks_CP/INST_16x16/35/inst16x16_35_40.dzn : 155 ms.
--------------------------------------------------
SAT
----------
benchmarks_CP/INST_16x16/35/inst16x16_35_41.dzn : 300 ms.
--------------------------------------------------
SAT
----------
benchmarks_CP/INST_16x16/35/inst16x16_35_42.dzn : 164 ms.
--------------------------------------------------
SAT
----------
benchmarks_CP/INST_16x16/35/inst16x16_35_43.dzn : 159 ms.
--------------------------------------------------
SAT
----------
benchmarks_CP/INST_16x16/35/inst16x16_35_44.dzn : 162 ms.
--------------------------------------------------
SAT
----------
benchmarks_CP/INST_16x16/35/inst16x16_35_45.dzn : 187 ms.
--------------------------------------------------
SAT
----------
benchmarks_CP/INST_16x16/35/inst16x16_35_46.dzn : 246623 ms.
--------------------------------------------------
SAT
----------
benchmarks_CP/INST_16x16/35/inst16x16_35_47.dzn : 7461 ms.
--------------------------------------------------
SAT
----------
benchmarks_CP/INST_16x16/35/inst16x16_35_48.dzn : 256 ms.
--------------------------------------------------
=====UNKNOWN=====
benchmarks_CP/INST_16x16/35/inst16x16_35_49.dzn : 1001132 ms.
--------------------------------------------------
=====UNKNOWN=====
benchmarks_CP/INST_16x16/35/inst16x16_35_4.dzn : 1001130 ms.
--------------------------------------------------
=====UNKNOWN=====
benchmarks_CP/INST_16x16/35/inst16x16_35_50.dzn : 1001128 ms.
--------------------------------------------------
SAT
----------
benchmarks_CP/INST_16x16/35/inst16x16_35_51.dzn : 179 ms.
--------------------------------------------------
SAT
----------
benchmarks_CP/INST_16x16/35/inst16x16_35_52.dzn : 302 ms.
--------------------------------------------------
SAT
----------
benchmarks_CP/INST_16x16/35/inst16x16_35_53.dzn : 204 ms.
--------------------------------------------------
=====UNKNOWN=====
benchmarks_CP/INST_16x16/35/inst16x16_35_54.dzn : 1001133 ms.
--------------------------------------------------
SAT
----------
benchmarks_CP/INST_16x16/35/inst16x16_35_55.dzn : 157 ms.
--------------------------------------------------
SAT
----------
benchmarks_CP/INST_16x16/35/inst16x16_35_56.dzn : 151 ms.
--------------------------------------------------
SAT
----------
benchmarks_CP/INST_16x16/35/inst16x16_35_57.dzn : 153 ms.
--------------------------------------------------
=====UNKNOWN=====
benchmarks_CP/INST_16x16/35/inst16x16_35_58.dzn : 1001128 ms.
--------------------------------------------------
=====UNKNOWN=====
benchmarks_CP/INST_16x16/35/inst16x16_35_59.dzn : 1001143 ms.
--------------------------------------------------
SAT
----------
benchmarks_CP/INST_16x16/35/inst16x16_35_5.dzn : 2668 ms.
--------------------------------------------------
=====UNKNOWN=====
benchmarks_CP/INST_16x16/35/inst16x16_35_60.dzn : 1001128 ms.
--------------------------------------------------
SAT
----------
benchmarks_CP/INST_16x16/35/inst16x16_35_61.dzn : 619270 ms.
--------------------------------------------------
SAT
----------
benchmarks_CP/INST_16x16/35/inst16x16_35_62.dzn : 725174 ms.
--------------------------------------------------
SAT
----------
benchmarks_CP/INST_16x16/35/inst16x16_35_63.dzn : 175 ms.
--------------------------------------------------
SAT
----------
benchmarks_CP/INST_16x16/35/inst16x16_35_64.dzn : 20553 ms.
--------------------------------------------------
SAT
----------
benchmarks_CP/INST_16x16/35/inst16x16_35_65.dzn : 410968 ms.
--------------------------------------------------
SAT
----------
benchmarks_CP/INST_16x16/35/inst16x16_35_66.dzn : 302 ms.
--------------------------------------------------
SAT
----------
benchmarks_CP/INST_16x16/35/inst16x16_35_67.dzn : 309 ms.
--------------------------------------------------
SAT
----------
benchmarks_CP/INST_16x16/35/inst16x16_35_68.dzn : 200213 ms.
--------------------------------------------------
SAT
----------
benchmarks_CP/INST_16x16/35/inst16x16_35_69.dzn : 10199 ms.
--------------------------------------------------
SAT
----------
benchmarks_CP/INST_16x16/35/inst16x16_35_6.dzn : 210 ms.
--------------------------------------------------
=====UNKNOWN=====
benchmarks_CP/INST_16x16/35/inst16x16_35_70.dzn : 1001143 ms.
--------------------------------------------------
SAT
----------
benchmarks_CP/INST_16x16/35/inst16x16_35_71.dzn : 833 ms.
--------------------------------------------------
SAT
----------
benchmarks_CP/INST_16x16/35/inst16x16_35_72.dzn : 162 ms.
--------------------------------------------------
=====UNKNOWN=====
benchmarks_CP/INST_16x16/35/inst16x16_35_73.dzn : 1001132 ms.
--------------------------------------------------
SAT
----------
benchmarks_CP/INST_16x16/35/inst16x16_35_74.dzn : 1562 ms.
--------------------------------------------------
=====UNKNOWN=====
benchmarks_CP/INST_16x16/35/inst16x16_35_75.dzn : 1001127 ms.
--------------------------------------------------
SAT
----------
benchmarks_CP/INST_16x16/35/inst16x16_35_76.dzn : 19378 ms.
--------------------------------------------------
SAT
----------
benchmarks_CP/INST_16x16/35/inst16x16_35_77.dzn : 273 ms.
--------------------------------------------------
=====UNKNOWN=====
benchmarks_CP/INST_16x16/35/inst16x16_35_78.dzn : 1001133 ms.
--------------------------------------------------
SAT
----------
benchmarks_CP/INST_16x16/35/inst16x16_35_79.dzn : 1480 ms.
--------------------------------------------------
SAT
----------
benchmarks_CP/INST_16x16/35/inst16x16_35_7.dzn : 160 ms.
--------------------------------------------------
SAT
----------
benchmarks_CP/INST_16x16/35/inst16x16_35_80.dzn : 189 ms.
--------------------------------------------------
SAT
----------
benchmarks_CP/INST_16x16/35/inst16x16_35_81.dzn : 768868 ms.
--------------------------------------------------
SAT
----------
benchmarks_CP/INST_16x16/35/inst16x16_35_82.dzn : 766 ms.
--------------------------------------------------
SAT
----------
benchmarks_CP/INST_16x16/35/inst16x16_35_83.dzn : 258 ms.
--------------------------------------------------
=====UNKNOWN=====
benchmarks_CP/INST_16x16/35/inst16x16_35_84.dzn : 1001142 ms.
--------------------------------------------------
SAT
----------
benchmarks_CP/INST_16x16/35/inst16x16_35_85.dzn : 473600 ms.
--------------------------------------------------
SAT
----------
benchmarks_CP/INST_16x16/35/inst16x16_35_86.dzn : 723 ms.
--------------------------------------------------
SAT
----------
benchmarks_CP/INST_16x16/35/inst16x16_35_87.dzn : 91383 ms.
--------------------------------------------------
SAT
----------
benchmarks_CP/INST_16x16/35/inst16x16_35_88.dzn : 310 ms.
--------------------------------------------------
SAT
----------
benchmarks_CP/INST_16x16/35/inst16x16_35_89.dzn : 186 ms.
--------------------------------------------------
SAT
----------
benchmarks_CP/INST_16x16/35/inst16x16_35_8.dzn : 65278 ms.
--------------------------------------------------
=====UNKNOWN=====
benchmarks_CP/INST_16x16/35/inst16x16_35_90.dzn : 1001146 ms.
--------------------------------------------------
SAT
----------
benchmarks_CP/INST_16x16/35/inst16x16_35_91.dzn : 15676 ms.
--------------------------------------------------
SAT
----------
benchmarks_CP/INST_16x16/35/inst16x16_35_92.dzn : 202148 ms.
--------------------------------------------------
SAT
----------
benchmarks_CP/INST_16x16/35/inst16x16_35_93.dzn : 263 ms.
--------------------------------------------------
SAT
----------
benchmarks_CP/INST_16x16/35/inst16x16_35_94.dzn : 163 ms.
--------------------------------------------------
=====UNKNOWN=====
benchmarks_CP/INST_16x16/35/inst16x16_35_95.dzn : 1001135 ms.
--------------------------------------------------
SAT
----------
benchmarks_CP/INST_16x16/35/inst16x16_35_96.dzn : 265 ms.
--------------------------------------------------
SAT
----------
benchmarks_CP/INST_16x16/35/inst16x16_35_97.dzn : 38333 ms.
--------------------------------------------------
SAT
----------
benchmarks_CP/INST_16x16/35/inst16x16_35_98.dzn : 40164 ms.
--------------------------------------------------
SAT
----------
benchmarks_CP/INST_16x16/35/inst16x16_35_99.dzn : 279 ms.
--------------------------------------------------
SAT
----------
benchmarks_CP/INST_16x16/35/inst16x16_35_9.dzn : 627 ms.
