--------------------------------------------------
======================================================================
current best clash: 0
----------------------------------------------------------------------
current col clash: 0
current row clash: 0
current squ clash: 0
benchmarks_simp/INST_81x81/90/inst81x81_90_0.txt find answer: 0.000000
benchmarks_simp/INST_81x81/90/inst81x81_90_0.txt : 3129 ms.
--------------------------------------------------
======================================================================
current best clash: 0
----------------------------------------------------------------------
current col clash: 0
current row clash: 0
current squ clash: 0
benchmarks_simp/INST_81x81/90/inst81x81_90_10.txt find answer: 0.000000
benchmarks_simp/INST_81x81/90/inst81x81_90_10.txt : 3317 ms.
--------------------------------------------------
======================================================================
current best clash: 0
----------------------------------------------------------------------
current col clash: 0
current row clash: 0
current squ clash: 0
benchmarks_simp/INST_81x81/90/inst81x81_90_11.txt find answer: 0.000000
benchmarks_simp/INST_81x81/90/inst81x81_90_11.txt : 3643 ms.
--------------------------------------------------
======================================================================
current best clash: 0
----------------------------------------------------------------------
current col clash: 0
current row clash: 0
current squ clash: 0
benchmarks_simp/INST_81x81/90/inst81x81_90_12.txt find answer: 0.000000
benchmarks_simp/INST_81x81/90/inst81x81_90_12.txt : 2927 ms.
--------------------------------------------------
======================================================================
current best clash: 0
----------------------------------------------------------------------
current col clash: 0
current row clash: 0
current squ clash: 0
benchmarks_simp/INST_81x81/90/inst81x81_90_13.txt find answer: 0.000000
benchmarks_simp/INST_81x81/90/inst81x81_90_13.txt : 3150 ms.
--------------------------------------------------
======================================================================
current best clash: 0
----------------------------------------------------------------------
current col clash: 0
current row clash: 0
current squ clash: 0
benchmarks_simp/INST_81x81/90/inst81x81_90_14.txt find answer: 0.000000
benchmarks_simp/INST_81x81/90/inst81x81_90_14.txt : 3301 ms.
--------------------------------------------------
======================================================================
current best clash: 0
----------------------------------------------------------------------
current col clash: 0
current row clash: 0
current squ clash: 0
benchmarks_simp/INST_81x81/90/inst81x81_90_15.txt find answer: 0.000000
benchmarks_simp/INST_81x81/90/inst81x81_90_15.txt : 3338 ms.
--------------------------------------------------
