--------------------------------------------------
benchmarks/INST_81x81/70/inst81x81_70_0.txt find answer: 0.000000
benchmarks/INST_81x81/70/inst81x81_70_0.txt : 775 ms.
--------------------------------------------------
benchmarks/INST_81x81/70/inst81x81_70_10.txt find answer: 0.000000
benchmarks/INST_81x81/70/inst81x81_70_10.txt : 766 ms.
--------------------------------------------------
benchmarks/INST_81x81/70/inst81x81_70_11.txt find answer: 0.000000
benchmarks/INST_81x81/70/inst81x81_70_11.txt : 738 ms.
--------------------------------------------------
benchmarks/INST_81x81/70/inst81x81_70_12.txt find answer: 0.000000
benchmarks/INST_81x81/70/inst81x81_70_12.txt : 777 ms.
--------------------------------------------------
benchmarks/INST_81x81/70/inst81x81_70_13.txt find answer: 0.000000
benchmarks/INST_81x81/70/inst81x81_70_13.txt : 734 ms.
--------------------------------------------------
benchmarks/INST_81x81/70/inst81x81_70_14.txt find answer: 0.000000
benchmarks/INST_81x81/70/inst81x81_70_14.txt : 786 ms.
--------------------------------------------------
benchmarks/INST_81x81/70/inst81x81_70_15.txt find answer: 0.000000
benchmarks/INST_81x81/70/inst81x81_70_15.txt : 747 ms.
--------------------------------------------------
benchmarks/INST_81x81/70/inst81x81_70_16.txt find answer: 0.000000
benchmarks/INST_81x81/70/inst81x81_70_16.txt : 731 ms.
--------------------------------------------------
benchmarks/INST_81x81/70/inst81x81_70_17.txt find answer: 0.000000
benchmarks/INST_81x81/70/inst81x81_70_17.txt : 861 ms.
--------------------------------------------------
benchmarks/INST_81x81/70/inst81x81_70_18.txt find answer: 0.000000
benchmarks/INST_81x81/70/inst81x81_70_18.txt : 850 ms.
--------------------------------------------------
benchmarks/INST_81x81/70/inst81x81_70_19.txt find answer: 0.000000
benchmarks/INST_81x81/70/inst81x81_70_19.txt : 876 ms.
--------------------------------------------------
benchmarks/INST_81x81/70/inst81x81_70_1.txt find answer: 0.000000
benchmarks/INST_81x81/70/inst81x81_70_1.txt : 851 ms.
--------------------------------------------------
benchmarks/INST_81x81/70/inst81x81_70_20.txt find answer: 0.000000
benchmarks/INST_81x81/70/inst81x81_70_20.txt : 829 ms.
--------------------------------------------------
benchmarks/INST_81x81/70/inst81x81_70_21.txt find answer: 0.000000
benchmarks/INST_81x81/70/inst81x81_70_21.txt : 812 ms.
--------------------------------------------------
benchmarks/INST_81x81/70/inst81x81_70_22.txt find answer: 0.000000
benchmarks/INST_81x81/70/inst81x81_70_22.txt : 815 ms.
--------------------------------------------------
benchmarks/INST_81x81/70/inst81x81_70_23.txt find answer: 0.000000
benchmarks/INST_81x81/70/inst81x81_70_23.txt : 805 ms.
--------------------------------------------------
benchmarks/INST_81x81/70/inst81x81_70_24.txt find answer: 0.010000
benchmarks/INST_81x81/70/inst81x81_70_24.txt : 927 ms.
--------------------------------------------------
benchmarks/INST_81x81/70/inst81x81_70_25.txt find answer: 0.000000
benchmarks/INST_81x81/70/inst81x81_70_25.txt : 938 ms.
--------------------------------------------------
benchmarks/INST_81x81/70/inst81x81_70_26.txt find answer: 0.000000
benchmarks/INST_81x81/70/inst81x81_70_26.txt : 899 ms.
--------------------------------------------------
benchmarks/INST_81x81/70/inst81x81_70_27.txt find answer: 0.000000
benchmarks/INST_81x81/70/inst81x81_70_27.txt : 893 ms.
--------------------------------------------------
benchmarks/INST_81x81/70/inst81x81_70_28.txt find answer: 0.000000
benchmarks/INST_81x81/70/inst81x81_70_28.txt : 858 ms.
--------------------------------------------------
benchmarks/INST_81x81/70/inst81x81_70_29.txt find answer: 0.000000
benchmarks/INST_81x81/70/inst81x81_70_29.txt : 852 ms.
--------------------------------------------------
benchmarks/INST_81x81/70/inst81x81_70_2.txt find answer: 0.000000
benchmarks/INST_81x81/70/inst81x81_70_2.txt : 853 ms.
--------------------------------------------------
benchmarks/INST_81x81/70/inst81x81_70_30.txt find answer: 0.000000
benchmarks/INST_81x81/70/inst81x81_70_30.txt : 856 ms.
--------------------------------------------------
benchmarks/INST_81x81/70/inst81x81_70_31.txt find answer: 0.000000
benchmarks/INST_81x81/70/inst81x81_70_31.txt : 848 ms.
--------------------------------------------------
benchmarks/INST_81x81/70/inst81x81_70_32.txt find answer: 0.000000
benchmarks/INST_81x81/70/inst81x81_70_32.txt : 847 ms.
--------------------------------------------------
benchmarks/INST_81x81/70/inst81x81_70_33.txt : 1010046 ms.
--------------------------------------------------
benchmarks/INST_81x81/70/inst81x81_70_34.txt find answer: 0.000000
benchmarks/INST_81x81/70/inst81x81_70_34.txt : 1020 ms.
--------------------------------------------------
benchmarks/INST_81x81/70/inst81x81_70_35.txt find answer: 0.000000
benchmarks/INST_81x81/70/inst81x81_70_35.txt : 854 ms.
--------------------------------------------------
benchmarks/INST_81x81/70/inst81x81_70_36.txt find answer: 0.000000
benchmarks/INST_81x81/70/inst81x81_70_36.txt : 773 ms.
--------------------------------------------------
benchmarks/INST_81x81/70/inst81x81_70_37.txt find answer: 0.000000
benchmarks/INST_81x81/70/inst81x81_70_37.txt : 733 ms.
--------------------------------------------------
benchmarks/INST_81x81/70/inst81x81_70_38.txt find answer: 0.000000
benchmarks/INST_81x81/70/inst81x81_70_38.txt : 947 ms.
--------------------------------------------------
benchmarks/INST_81x81/70/inst81x81_70_39.txt find answer: 0.000000
benchmarks/INST_81x81/70/inst81x81_70_39.txt : 944 ms.
--------------------------------------------------
benchmarks/INST_81x81/70/inst81x81_70_3.txt find answer: 0.000000
benchmarks/INST_81x81/70/inst81x81_70_3.txt : 757 ms.
--------------------------------------------------
benchmarks/INST_81x81/70/inst81x81_70_40.txt find answer: 0.000000
benchmarks/INST_81x81/70/inst81x81_70_40.txt : 926 ms.
--------------------------------------------------
benchmarks/INST_81x81/70/inst81x81_70_41.txt find answer: 0.000000
benchmarks/INST_81x81/70/inst81x81_70_41.txt : 1066 ms.
--------------------------------------------------
benchmarks/INST_81x81/70/inst81x81_70_42.txt find answer: 0.000000
benchmarks/INST_81x81/70/inst81x81_70_42.txt : 871 ms.
--------------------------------------------------
benchmarks/INST_81x81/70/inst81x81_70_43.txt find answer: 0.010000
benchmarks/INST_81x81/70/inst81x81_70_43.txt : 900 ms.
--------------------------------------------------
benchmarks/INST_81x81/70/inst81x81_70_44.txt find answer: 0.000000
benchmarks/INST_81x81/70/inst81x81_70_44.txt : 879 ms.
--------------------------------------------------
benchmarks/INST_81x81/70/inst81x81_70_45.txt find answer: 0.000000
benchmarks/INST_81x81/70/inst81x81_70_45.txt : 742 ms.
--------------------------------------------------
benchmarks/INST_81x81/70/inst81x81_70_46.txt find answer: 0.000000
benchmarks/INST_81x81/70/inst81x81_70_46.txt : 731 ms.
--------------------------------------------------
benchmarks/INST_81x81/70/inst81x81_70_47.txt find answer: 0.000000
benchmarks/INST_81x81/70/inst81x81_70_47.txt : 753 ms.
--------------------------------------------------
benchmarks/INST_81x81/70/inst81x81_70_48.txt find answer: 0.000000
benchmarks/INST_81x81/70/inst81x81_70_48.txt : 759 ms.
--------------------------------------------------
benchmarks/INST_81x81/70/inst81x81_70_49.txt find answer: 0.000000
benchmarks/INST_81x81/70/inst81x81_70_49.txt : 757 ms.
--------------------------------------------------
benchmarks/INST_81x81/70/inst81x81_70_4.txt find answer: 0.000000
benchmarks/INST_81x81/70/inst81x81_70_4.txt : 736 ms.
--------------------------------------------------
benchmarks/INST_81x81/70/inst81x81_70_50.txt find answer: 0.000000
benchmarks/INST_81x81/70/inst81x81_70_50.txt : 744 ms.
--------------------------------------------------
benchmarks/INST_81x81/70/inst81x81_70_51.txt find answer: 0.000000
benchmarks/INST_81x81/70/inst81x81_70_51.txt : 742 ms.
--------------------------------------------------
benchmarks/INST_81x81/70/inst81x81_70_52.txt find answer: 0.000000
benchmarks/INST_81x81/70/inst81x81_70_52.txt : 742 ms.
--------------------------------------------------
benchmarks/INST_81x81/70/inst81x81_70_53.txt find answer: 0.000000
benchmarks/INST_81x81/70/inst81x81_70_53.txt : 744 ms.
--------------------------------------------------
benchmarks/INST_81x81/70/inst81x81_70_54.txt find answer: 0.000000
benchmarks/INST_81x81/70/inst81x81_70_54.txt : 749 ms.
--------------------------------------------------
benchmarks/INST_81x81/70/inst81x81_70_55.txt find answer: 0.000000
benchmarks/INST_81x81/70/inst81x81_70_55.txt : 743 ms.
--------------------------------------------------
benchmarks/INST_81x81/70/inst81x81_70_56.txt find answer: 0.000000
benchmarks/INST_81x81/70/inst81x81_70_56.txt : 743 ms.
--------------------------------------------------
benchmarks/INST_81x81/70/inst81x81_70_57.txt find answer: 0.000000
benchmarks/INST_81x81/70/inst81x81_70_57.txt : 743 ms.
--------------------------------------------------
benchmarks/INST_81x81/70/inst81x81_70_58.txt find answer: 0.000000
benchmarks/INST_81x81/70/inst81x81_70_58.txt : 742 ms.
--------------------------------------------------
benchmarks/INST_81x81/70/inst81x81_70_59.txt find answer: 0.000000
benchmarks/INST_81x81/70/inst81x81_70_59.txt : 743 ms.
--------------------------------------------------
benchmarks/INST_81x81/70/inst81x81_70_5.txt find answer: 0.000000
benchmarks/INST_81x81/70/inst81x81_70_5.txt : 745 ms.
--------------------------------------------------
benchmarks/INST_81x81/70/inst81x81_70_60.txt find answer: 0.000000
benchmarks/INST_81x81/70/inst81x81_70_60.txt : 753 ms.
--------------------------------------------------
benchmarks/INST_81x81/70/inst81x81_70_61.txt find answer: 0.000000
benchmarks/INST_81x81/70/inst81x81_70_61.txt : 751 ms.
--------------------------------------------------
benchmarks/INST_81x81/70/inst81x81_70_62.txt find answer: 0.000000
benchmarks/INST_81x81/70/inst81x81_70_62.txt : 744 ms.
--------------------------------------------------
benchmarks/INST_81x81/70/inst81x81_70_63.txt find answer: 0.000000
benchmarks/INST_81x81/70/inst81x81_70_63.txt : 743 ms.
--------------------------------------------------
benchmarks/INST_81x81/70/inst81x81_70_64.txt find answer: 0.000000
benchmarks/INST_81x81/70/inst81x81_70_64.txt : 744 ms.
--------------------------------------------------
benchmarks/INST_81x81/70/inst81x81_70_65.txt find answer: 0.000000
benchmarks/INST_81x81/70/inst81x81_70_65.txt : 749 ms.
--------------------------------------------------
benchmarks/INST_81x81/70/inst81x81_70_66.txt find answer: 0.000000
benchmarks/INST_81x81/70/inst81x81_70_66.txt : 920 ms.
--------------------------------------------------
benchmarks/INST_81x81/70/inst81x81_70_67.txt find answer: 0.000000
benchmarks/INST_81x81/70/inst81x81_70_67.txt : 868 ms.
--------------------------------------------------
benchmarks/INST_81x81/70/inst81x81_70_68.txt find answer: 0.000000
benchmarks/INST_81x81/70/inst81x81_70_68.txt : 871 ms.
--------------------------------------------------
benchmarks/INST_81x81/70/inst81x81_70_69.txt find answer: 0.000000
benchmarks/INST_81x81/70/inst81x81_70_69.txt : 1071 ms.
--------------------------------------------------
benchmarks/INST_81x81/70/inst81x81_70_6.txt find answer: 0.000000
benchmarks/INST_81x81/70/inst81x81_70_6.txt : 930 ms.
--------------------------------------------------
benchmarks/INST_81x81/70/inst81x81_70_70.txt find answer: 0.000000
benchmarks/INST_81x81/70/inst81x81_70_70.txt : 968 ms.
--------------------------------------------------
benchmarks/INST_81x81/70/inst81x81_70_71.txt find answer: 0.000000
benchmarks/INST_81x81/70/inst81x81_70_71.txt : 749 ms.
--------------------------------------------------
benchmarks/INST_81x81/70/inst81x81_70_72.txt find answer: 0.000000
benchmarks/INST_81x81/70/inst81x81_70_72.txt : 980 ms.
--------------------------------------------------
benchmarks/INST_81x81/70/inst81x81_70_73.txt find answer: 0.000000
benchmarks/INST_81x81/70/inst81x81_70_73.txt : 874 ms.
--------------------------------------------------
benchmarks/INST_81x81/70/inst81x81_70_74.txt find answer: 0.000000
benchmarks/INST_81x81/70/inst81x81_70_74.txt : 913 ms.
--------------------------------------------------
benchmarks/INST_81x81/70/inst81x81_70_75.txt find answer: 0.000000
benchmarks/INST_81x81/70/inst81x81_70_75.txt : 764 ms.
--------------------------------------------------
benchmarks/INST_81x81/70/inst81x81_70_76.txt find answer: 0.000000
benchmarks/INST_81x81/70/inst81x81_70_76.txt : 876 ms.
--------------------------------------------------
benchmarks/INST_81x81/70/inst81x81_70_77.txt find answer: 0.010000
benchmarks/INST_81x81/70/inst81x81_70_77.txt : 783 ms.
--------------------------------------------------
benchmarks/INST_81x81/70/inst81x81_70_78.txt find answer: 0.000000
benchmarks/INST_81x81/70/inst81x81_70_78.txt : 929 ms.
--------------------------------------------------
benchmarks/INST_81x81/70/inst81x81_70_79.txt find answer: 0.000000
benchmarks/INST_81x81/70/inst81x81_70_79.txt : 849 ms.
--------------------------------------------------
benchmarks/INST_81x81/70/inst81x81_70_7.txt find answer: 0.000000
benchmarks/INST_81x81/70/inst81x81_70_7.txt : 753 ms.
--------------------------------------------------
benchmarks/INST_81x81/70/inst81x81_70_80.txt find answer: 0.000000
benchmarks/INST_81x81/70/inst81x81_70_80.txt : 737 ms.
--------------------------------------------------
benchmarks/INST_81x81/70/inst81x81_70_81.txt find answer: 0.010000
benchmarks/INST_81x81/70/inst81x81_70_81.txt : 808 ms.
--------------------------------------------------
benchmarks/INST_81x81/70/inst81x81_70_82.txt find answer: 0.000000
benchmarks/INST_81x81/70/inst81x81_70_82.txt : 773 ms.
--------------------------------------------------
benchmarks/INST_81x81/70/inst81x81_70_83.txt find answer: 0.010000
benchmarks/INST_81x81/70/inst81x81_70_83.txt : 756 ms.
--------------------------------------------------
benchmarks/INST_81x81/70/inst81x81_70_84.txt find answer: 0.000000
benchmarks/INST_81x81/70/inst81x81_70_84.txt : 750 ms.
--------------------------------------------------
benchmarks/INST_81x81/70/inst81x81_70_85.txt find answer: 0.000000
benchmarks/INST_81x81/70/inst81x81_70_85.txt : 742 ms.
--------------------------------------------------
benchmarks/INST_81x81/70/inst81x81_70_86.txt find answer: 0.000000
benchmarks/INST_81x81/70/inst81x81_70_86.txt : 977 ms.
--------------------------------------------------
benchmarks/INST_81x81/70/inst81x81_70_87.txt find answer: 0.000000
benchmarks/INST_81x81/70/inst81x81_70_87.txt : 901 ms.
--------------------------------------------------
benchmarks/INST_81x81/70/inst81x81_70_88.txt find answer: 0.000000
benchmarks/INST_81x81/70/inst81x81_70_88.txt : 866 ms.
--------------------------------------------------
benchmarks/INST_81x81/70/inst81x81_70_89.txt find answer: 0.000000
benchmarks/INST_81x81/70/inst81x81_70_89.txt : 1017 ms.
--------------------------------------------------
benchmarks/INST_81x81/70/inst81x81_70_8.txt find answer: 0.000000
benchmarks/INST_81x81/70/inst81x81_70_8.txt : 891 ms.
--------------------------------------------------
benchmarks/INST_81x81/70/inst81x81_70_90.txt find answer: 0.000000
benchmarks/INST_81x81/70/inst81x81_70_90.txt : 999 ms.
--------------------------------------------------
benchmarks/INST_81x81/70/inst81x81_70_91.txt find answer: 0.010000
benchmarks/INST_81x81/70/inst81x81_70_91.txt : 928 ms.
--------------------------------------------------
benchmarks/INST_81x81/70/inst81x81_70_92.txt find answer: 0.000000
benchmarks/INST_81x81/70/inst81x81_70_92.txt : 750 ms.
--------------------------------------------------
benchmarks/INST_81x81/70/inst81x81_70_93.txt find answer: 0.010000
benchmarks/INST_81x81/70/inst81x81_70_93.txt : 738 ms.
--------------------------------------------------
benchmarks/INST_81x81/70/inst81x81_70_94.txt find answer: 0.000000
benchmarks/INST_81x81/70/inst81x81_70_94.txt : 894 ms.
--------------------------------------------------
benchmarks/INST_81x81/70/inst81x81_70_95.txt find answer: 0.000000
benchmarks/INST_81x81/70/inst81x81_70_95.txt : 764 ms.
--------------------------------------------------
benchmarks/INST_81x81/70/inst81x81_70_96.txt find answer: 0.000000
benchmarks/INST_81x81/70/inst81x81_70_96.txt : 781 ms.
--------------------------------------------------
benchmarks/INST_81x81/70/inst81x81_70_97.txt find answer: 0.000000
benchmarks/INST_81x81/70/inst81x81_70_97.txt : 922 ms.
--------------------------------------------------
benchmarks/INST_81x81/70/inst81x81_70_98.txt find answer: 0.000000
benchmarks/INST_81x81/70/inst81x81_70_98.txt : 857 ms.
--------------------------------------------------
benchmarks/INST_81x81/70/inst81x81_70_99.txt find answer: 0.000000
benchmarks/INST_81x81/70/inst81x81_70_99.txt : 820 ms.
--------------------------------------------------
benchmarks/INST_81x81/70/inst81x81_70_9.txt find answer: 0.010000
benchmarks/INST_81x81/70/inst81x81_70_9.txt : 886 ms.
run.sh: line 77: 3: command not found
run.sh: line 78: syntax error near unexpected token `fi'
run.sh: line 78: `    fi'
