--------------------------------------------------
minizinc: Unrecognized option or bad format `benchmarks/INST_9x9/80/inst9x9_80_0.txt'
minizinc: MiniZinc driver.
Usage: minizinc  [<options>] [-I <include path>] <model>.mzn [<data>.dzn ...] or just <flat>.fzn
More info with "minizinc --help"
benchmarks/INST_9x9/80/inst9x9_80_0.txt : 65 ms.
--------------------------------------------------
minizinc: Unrecognized option or bad format `benchmarks/INST_9x9/80/inst9x9_80_10.txt'
minizinc: MiniZinc driver.
Usage: minizinc  [<options>] [-I <include path>] <model>.mzn [<data>.dzn ...] or just <flat>.fzn
More info with "minizinc --help"
benchmarks/INST_9x9/80/inst9x9_80_10.txt : 68 ms.
--------------------------------------------------
minizinc: Unrecognized option or bad format `benchmarks/INST_9x9/80/inst9x9_80_11.txt'
minizinc: MiniZinc driver.
Usage: minizinc  [<options>] [-I <include path>] <model>.mzn [<data>.dzn ...] or just <flat>.fzn
More info with "minizinc --help"
benchmarks/INST_9x9/80/inst9x9_80_11.txt : 66 ms.
--------------------------------------------------
minizinc: Unrecognized option or bad format `benchmarks/INST_9x9/80/inst9x9_80_12.txt'
minizinc: MiniZinc driver.
Usage: minizinc  [<options>] [-I <include path>] <model>.mzn [<data>.dzn ...] or just <flat>.fzn
More info with "minizinc --help"
benchmarks/INST_9x9/80/inst9x9_80_12.txt : 76 ms.
--------------------------------------------------
minizinc: Unrecognized option or bad format `benchmarks/INST_9x9/80/inst9x9_80_13.txt'
minizinc: MiniZinc driver.
Usage: minizinc  [<options>] [-I <include path>] <model>.mzn [<data>.dzn ...] or just <flat>.fzn
More info with "minizinc --help"
benchmarks/INST_9x9/80/inst9x9_80_13.txt : 72 ms.
--------------------------------------------------
minizinc: Unrecognized option or bad format `benchmarks/INST_9x9/80/inst9x9_80_14.txt'
minizinc: MiniZinc driver.
Usage: minizinc  [<options>] [-I <include path>] <model>.mzn [<data>.dzn ...] or just <flat>.fzn
More info with "minizinc --help"
benchmarks/INST_9x9/80/inst9x9_80_14.txt : 67 ms.
--------------------------------------------------
minizinc: Unrecognized option or bad format `benchmarks/INST_9x9/80/inst9x9_80_15.txt'
minizinc: MiniZinc driver.
Usage: minizinc  [<options>] [-I <include path>] <model>.mzn [<data>.dzn ...] or just <flat>.fzn
More info with "minizinc --help"
benchmarks/INST_9x9/80/inst9x9_80_15.txt : 70 ms.
--------------------------------------------------
minizinc: Unrecognized option or bad format `benchmarks/INST_9x9/80/inst9x9_80_16.txt'
minizinc: MiniZinc driver.
Usage: minizinc  [<options>] [-I <include path>] <model>.mzn [<data>.dzn ...] or just <flat>.fzn
More info with "minizinc --help"
benchmarks/INST_9x9/80/inst9x9_80_16.txt : 61 ms.
--------------------------------------------------
minizinc: Unrecognized option or bad format `benchmarks/INST_9x9/80/inst9x9_80_17.txt'
minizinc: MiniZinc driver.
Usage: minizinc  [<options>] [-I <include path>] <model>.mzn [<data>.dzn ...] or just <flat>.fzn
More info with "minizinc --help"
benchmarks/INST_9x9/80/inst9x9_80_17.txt : 76 ms.
--------------------------------------------------
minizinc: Unrecognized option or bad format `benchmarks/INST_9x9/80/inst9x9_80_18.txt'
minizinc: MiniZinc driver.
Usage: minizinc  [<options>] [-I <include path>] <model>.mzn [<data>.dzn ...] or just <flat>.fzn
More info with "minizinc --help"
benchmarks/INST_9x9/80/inst9x9_80_18.txt : 64 ms.
--------------------------------------------------
minizinc: Unrecognized option or bad format `benchmarks/INST_9x9/80/inst9x9_80_19.txt'
minizinc: MiniZinc driver.
Usage: minizinc  [<options>] [-I <include path>] <model>.mzn [<data>.dzn ...] or just <flat>.fzn
More info with "minizinc --help"
benchmarks/INST_9x9/80/inst9x9_80_19.txt : 65 ms.
--------------------------------------------------
minizinc: Unrecognized option or bad format `benchmarks/INST_9x9/80/inst9x9_80_1.txt'
minizinc: MiniZinc driver.
Usage: minizinc  [<options>] [-I <include path>] <model>.mzn [<data>.dzn ...] or just <flat>.fzn
More info with "minizinc --help"
benchmarks/INST_9x9/80/inst9x9_80_1.txt : 72 ms.
--------------------------------------------------
minizinc: Unrecognized option or bad format `benchmarks/INST_9x9/80/inst9x9_80_20.txt'
minizinc: MiniZinc driver.
Usage: minizinc  [<options>] [-I <include path>] <model>.mzn [<data>.dzn ...] or just <flat>.fzn
More info with "minizinc --help"
benchmarks/INST_9x9/80/inst9x9_80_20.txt : 70 ms.
--------------------------------------------------
minizinc: Unrecognized option or bad format `benchmarks/INST_9x9/80/inst9x9_80_21.txt'
minizinc: MiniZinc driver.
Usage: minizinc  [<options>] [-I <include path>] <model>.mzn [<data>.dzn ...] or just <flat>.fzn
More info with "minizinc --help"
benchmarks/INST_9x9/80/inst9x9_80_21.txt : 63 ms.
--------------------------------------------------
minizinc: Unrecognized option or bad format `benchmarks/INST_9x9/80/inst9x9_80_22.txt'
minizinc: MiniZinc driver.
Usage: minizinc  [<options>] [-I <include path>] <model>.mzn [<data>.dzn ...] or just <flat>.fzn
More info with "minizinc --help"
benchmarks/INST_9x9/80/inst9x9_80_22.txt : 56 ms.
--------------------------------------------------
minizinc: Unrecognized option or bad format `benchmarks/INST_9x9/80/inst9x9_80_23.txt'
minizinc: MiniZinc driver.
Usage: minizinc  [<options>] [-I <include path>] <model>.mzn [<data>.dzn ...] or just <flat>.fzn
More info with "minizinc --help"
benchmarks/INST_9x9/80/inst9x9_80_23.txt : 59 ms.
--------------------------------------------------
minizinc: Unrecognized option or bad format `benchmarks/INST_9x9/80/inst9x9_80_24.txt'
minizinc: MiniZinc driver.
Usage: minizinc  [<options>] [-I <include path>] <model>.mzn [<data>.dzn ...] or just <flat>.fzn
More info with "minizinc --help"
benchmarks/INST_9x9/80/inst9x9_80_24.txt : 65 ms.
--------------------------------------------------
minizinc: Unrecognized option or bad format `benchmarks/INST_9x9/80/inst9x9_80_25.txt'
minizinc: MiniZinc driver.
Usage: minizinc  [<options>] [-I <include path>] <model>.mzn [<data>.dzn ...] or just <flat>.fzn
More info with "minizinc --help"
benchmarks/INST_9x9/80/inst9x9_80_25.txt : 57 ms.
--------------------------------------------------
minizinc: Unrecognized option or bad format `benchmarks/INST_9x9/80/inst9x9_80_26.txt'
minizinc: MiniZinc driver.
Usage: minizinc  [<options>] [-I <include path>] <model>.mzn [<data>.dzn ...] or just <flat>.fzn
More info with "minizinc --help"
benchmarks/INST_9x9/80/inst9x9_80_26.txt : 62 ms.
--------------------------------------------------
minizinc: Unrecognized option or bad format `benchmarks/INST_9x9/80/inst9x9_80_27.txt'
minizinc: MiniZinc driver.
Usage: minizinc  [<options>] [-I <include path>] <model>.mzn [<data>.dzn ...] or just <flat>.fzn
More info with "minizinc --help"
benchmarks/INST_9x9/80/inst9x9_80_27.txt : 61 ms.
--------------------------------------------------
minizinc: Unrecognized option or bad format `benchmarks/INST_9x9/80/inst9x9_80_28.txt'
minizinc: MiniZinc driver.
Usage: minizinc  [<options>] [-I <include path>] <model>.mzn [<data>.dzn ...] or just <flat>.fzn
More info with "minizinc --help"
benchmarks/INST_9x9/80/inst9x9_80_28.txt : 67 ms.
--------------------------------------------------
minizinc: Unrecognized option or bad format `benchmarks/INST_9x9/80/inst9x9_80_29.txt'
minizinc: MiniZinc driver.
Usage: minizinc  [<options>] [-I <include path>] <model>.mzn [<data>.dzn ...] or just <flat>.fzn
More info with "minizinc --help"
benchmarks/INST_9x9/80/inst9x9_80_29.txt : 63 ms.
--------------------------------------------------
minizinc: Unrecognized option or bad format `benchmarks/INST_9x9/80/inst9x9_80_2.txt'
minizinc: MiniZinc driver.
Usage: minizinc  [<options>] [-I <include path>] <model>.mzn [<data>.dzn ...] or just <flat>.fzn
More info with "minizinc --help"
benchmarks/INST_9x9/80/inst9x9_80_2.txt : 63 ms.
--------------------------------------------------
minizinc: Unrecognized option or bad format `benchmarks/INST_9x9/80/inst9x9_80_30.txt'
minizinc: MiniZinc driver.
Usage: minizinc  [<options>] [-I <include path>] <model>.mzn [<data>.dzn ...] or just <flat>.fzn
More info with "minizinc --help"
benchmarks/INST_9x9/80/inst9x9_80_30.txt : 75 ms.
--------------------------------------------------
minizinc: Unrecognized option or bad format `benchmarks/INST_9x9/80/inst9x9_80_31.txt'
minizinc: MiniZinc driver.
Usage: minizinc  [<options>] [-I <include path>] <model>.mzn [<data>.dzn ...] or just <flat>.fzn
More info with "minizinc --help"
benchmarks/INST_9x9/80/inst9x9_80_31.txt : 210 ms.
--------------------------------------------------
minizinc: Unrecognized option or bad format `benchmarks/INST_9x9/80/inst9x9_80_32.txt'
minizinc: MiniZinc driver.
Usage: minizinc  [<options>] [-I <include path>] <model>.mzn [<data>.dzn ...] or just <flat>.fzn
More info with "minizinc --help"
benchmarks/INST_9x9/80/inst9x9_80_32.txt : 43 ms.
--------------------------------------------------
minizinc: Unrecognized option or bad format `benchmarks/INST_9x9/80/inst9x9_80_33.txt'
minizinc: MiniZinc driver.
Usage: minizinc  [<options>] [-I <include path>] <model>.mzn [<data>.dzn ...] or just <flat>.fzn
More info with "minizinc --help"
benchmarks/INST_9x9/80/inst9x9_80_33.txt : 71 ms.
--------------------------------------------------
minizinc: Unrecognized option or bad format `benchmarks/INST_9x9/80/inst9x9_80_34.txt'
minizinc: MiniZinc driver.
Usage: minizinc  [<options>] [-I <include path>] <model>.mzn [<data>.dzn ...] or just <flat>.fzn
More info with "minizinc --help"
benchmarks/INST_9x9/80/inst9x9_80_34.txt : 66 ms.
--------------------------------------------------
minizinc: Unrecognized option or bad format `benchmarks/INST_9x9/80/inst9x9_80_35.txt'
minizinc: MiniZinc driver.
Usage: minizinc  [<options>] [-I <include path>] <model>.mzn [<data>.dzn ...] or just <flat>.fzn
More info with "minizinc --help"
benchmarks/INST_9x9/80/inst9x9_80_35.txt : 64 ms.
--------------------------------------------------
minizinc: Unrecognized option or bad format `benchmarks/INST_9x9/80/inst9x9_80_36.txt'
minizinc: MiniZinc driver.
Usage: minizinc  [<options>] [-I <include path>] <model>.mzn [<data>.dzn ...] or just <flat>.fzn
More info with "minizinc --help"
benchmarks/INST_9x9/80/inst9x9_80_36.txt : 57 ms.
--------------------------------------------------
minizinc: Unrecognized option or bad format `benchmarks/INST_9x9/80/inst9x9_80_37.txt'
minizinc: MiniZinc driver.
Usage: minizinc  [<options>] [-I <include path>] <model>.mzn [<data>.dzn ...] or just <flat>.fzn
More info with "minizinc --help"
benchmarks/INST_9x9/80/inst9x9_80_37.txt : 71 ms.
--------------------------------------------------
minizinc: Unrecognized option or bad format `benchmarks/INST_9x9/80/inst9x9_80_38.txt'
minizinc: MiniZinc driver.
Usage: minizinc  [<options>] [-I <include path>] <model>.mzn [<data>.dzn ...] or just <flat>.fzn
More info with "minizinc --help"
benchmarks/INST_9x9/80/inst9x9_80_38.txt : 66 ms.
--------------------------------------------------
minizinc: Unrecognized option or bad format `benchmarks/INST_9x9/80/inst9x9_80_39.txt'
minizinc: MiniZinc driver.
Usage: minizinc  [<options>] [-I <include path>] <model>.mzn [<data>.dzn ...] or just <flat>.fzn
More info with "minizinc --help"
benchmarks/INST_9x9/80/inst9x9_80_39.txt : 78 ms.
--------------------------------------------------
minizinc: Unrecognized option or bad format `benchmarks/INST_9x9/80/inst9x9_80_3.txt'
minizinc: MiniZinc driver.
Usage: minizinc  [<options>] [-I <include path>] <model>.mzn [<data>.dzn ...] or just <flat>.fzn
More info with "minizinc --help"
benchmarks/INST_9x9/80/inst9x9_80_3.txt : 69 ms.
--------------------------------------------------
minizinc: Unrecognized option or bad format `benchmarks/INST_9x9/80/inst9x9_80_40.txt'
minizinc: MiniZinc driver.
Usage: minizinc  [<options>] [-I <include path>] <model>.mzn [<data>.dzn ...] or just <flat>.fzn
More info with "minizinc --help"
benchmarks/INST_9x9/80/inst9x9_80_40.txt : 67 ms.
--------------------------------------------------
minizinc: Unrecognized option or bad format `benchmarks/INST_9x9/80/inst9x9_80_41.txt'
minizinc: MiniZinc driver.
Usage: minizinc  [<options>] [-I <include path>] <model>.mzn [<data>.dzn ...] or just <flat>.fzn
More info with "minizinc --help"
benchmarks/INST_9x9/80/inst9x9_80_41.txt : 58 ms.
--------------------------------------------------
minizinc: Unrecognized option or bad format `benchmarks/INST_9x9/80/inst9x9_80_42.txt'
minizinc: MiniZinc driver.
Usage: minizinc  [<options>] [-I <include path>] <model>.mzn [<data>.dzn ...] or just <flat>.fzn
More info with "minizinc --help"
benchmarks/INST_9x9/80/inst9x9_80_42.txt : 63 ms.
--------------------------------------------------
minizinc: Unrecognized option or bad format `benchmarks/INST_9x9/80/inst9x9_80_43.txt'
minizinc: MiniZinc driver.
Usage: minizinc  [<options>] [-I <include path>] <model>.mzn [<data>.dzn ...] or just <flat>.fzn
More info with "minizinc --help"
benchmarks/INST_9x9/80/inst9x9_80_43.txt : 55 ms.
--------------------------------------------------
minizinc: Unrecognized option or bad format `benchmarks/INST_9x9/80/inst9x9_80_44.txt'
minizinc: MiniZinc driver.
Usage: minizinc  [<options>] [-I <include path>] <model>.mzn [<data>.dzn ...] or just <flat>.fzn
More info with "minizinc --help"
benchmarks/INST_9x9/80/inst9x9_80_44.txt : 59 ms.
--------------------------------------------------
minizinc: Unrecognized option or bad format `benchmarks/INST_9x9/80/inst9x9_80_45.txt'
minizinc: MiniZinc driver.
Usage: minizinc  [<options>] [-I <include path>] <model>.mzn [<data>.dzn ...] or just <flat>.fzn
More info with "minizinc --help"
benchmarks/INST_9x9/80/inst9x9_80_45.txt : 63 ms.
--------------------------------------------------
minizinc: Unrecognized option or bad format `benchmarks/INST_9x9/80/inst9x9_80_46.txt'
minizinc: MiniZinc driver.
Usage: minizinc  [<options>] [-I <include path>] <model>.mzn [<data>.dzn ...] or just <flat>.fzn
More info with "minizinc --help"
benchmarks/INST_9x9/80/inst9x9_80_46.txt : 69 ms.
--------------------------------------------------
minizinc: Unrecognized option or bad format `benchmarks/INST_9x9/80/inst9x9_80_47.txt'
minizinc: MiniZinc driver.
Usage: minizinc  [<options>] [-I <include path>] <model>.mzn [<data>.dzn ...] or just <flat>.fzn
More info with "minizinc --help"
benchmarks/INST_9x9/80/inst9x9_80_47.txt : 65 ms.
--------------------------------------------------
minizinc: Unrecognized option or bad format `benchmarks/INST_9x9/80/inst9x9_80_48.txt'
minizinc: MiniZinc driver.
Usage: minizinc  [<options>] [-I <include path>] <model>.mzn [<data>.dzn ...] or just <flat>.fzn
More info with "minizinc --help"
benchmarks/INST_9x9/80/inst9x9_80_48.txt : 66 ms.
--------------------------------------------------
minizinc: Unrecognized option or bad format `benchmarks/INST_9x9/80/inst9x9_80_49.txt'
minizinc: MiniZinc driver.
Usage: minizinc  [<options>] [-I <include path>] <model>.mzn [<data>.dzn ...] or just <flat>.fzn
More info with "minizinc --help"
benchmarks/INST_9x9/80/inst9x9_80_49.txt : 71 ms.
--------------------------------------------------
minizinc: Unrecognized option or bad format `benchmarks/INST_9x9/80/inst9x9_80_4.txt'
minizinc: MiniZinc driver.
Usage: minizinc  [<options>] [-I <include path>] <model>.mzn [<data>.dzn ...] or just <flat>.fzn
More info with "minizinc --help"
benchmarks/INST_9x9/80/inst9x9_80_4.txt : 73 ms.
--------------------------------------------------
minizinc: Unrecognized option or bad format `benchmarks/INST_9x9/80/inst9x9_80_50.txt'
minizinc: MiniZinc driver.
Usage: minizinc  [<options>] [-I <include path>] <model>.mzn [<data>.dzn ...] or just <flat>.fzn
More info with "minizinc --help"
benchmarks/INST_9x9/80/inst9x9_80_50.txt : 68 ms.
--------------------------------------------------
minizinc: Unrecognized option or bad format `benchmarks/INST_9x9/80/inst9x9_80_51.txt'
minizinc: MiniZinc driver.
Usage: minizinc  [<options>] [-I <include path>] <model>.mzn [<data>.dzn ...] or just <flat>.fzn
More info with "minizinc --help"
benchmarks/INST_9x9/80/inst9x9_80_51.txt : 66 ms.
--------------------------------------------------
minizinc: Unrecognized option or bad format `benchmarks/INST_9x9/80/inst9x9_80_52.txt'
minizinc: MiniZinc driver.
Usage: minizinc  [<options>] [-I <include path>] <model>.mzn [<data>.dzn ...] or just <flat>.fzn
More info with "minizinc --help"
benchmarks/INST_9x9/80/inst9x9_80_52.txt : 69 ms.
--------------------------------------------------
minizinc: Unrecognized option or bad format `benchmarks/INST_9x9/80/inst9x9_80_53.txt'
minizinc: MiniZinc driver.
Usage: minizinc  [<options>] [-I <include path>] <model>.mzn [<data>.dzn ...] or just <flat>.fzn
More info with "minizinc --help"
benchmarks/INST_9x9/80/inst9x9_80_53.txt : 62 ms.
--------------------------------------------------
minizinc: Unrecognized option or bad format `benchmarks/INST_9x9/80/inst9x9_80_54.txt'
minizinc: MiniZinc driver.
Usage: minizinc  [<options>] [-I <include path>] <model>.mzn [<data>.dzn ...] or just <flat>.fzn
More info with "minizinc --help"
benchmarks/INST_9x9/80/inst9x9_80_54.txt : 63 ms.
--------------------------------------------------
minizinc: Unrecognized option or bad format `benchmarks/INST_9x9/80/inst9x9_80_55.txt'
minizinc: MiniZinc driver.
Usage: minizinc  [<options>] [-I <include path>] <model>.mzn [<data>.dzn ...] or just <flat>.fzn
More info with "minizinc --help"
benchmarks/INST_9x9/80/inst9x9_80_55.txt : 62 ms.
--------------------------------------------------
minizinc: Unrecognized option or bad format `benchmarks/INST_9x9/80/inst9x9_80_56.txt'
minizinc: MiniZinc driver.
Usage: minizinc  [<options>] [-I <include path>] <model>.mzn [<data>.dzn ...] or just <flat>.fzn
More info with "minizinc --help"
benchmarks/INST_9x9/80/inst9x9_80_56.txt : 74 ms.
--------------------------------------------------
minizinc: Unrecognized option or bad format `benchmarks/INST_9x9/80/inst9x9_80_57.txt'
minizinc: MiniZinc driver.
Usage: minizinc  [<options>] [-I <include path>] <model>.mzn [<data>.dzn ...] or just <flat>.fzn
More info with "minizinc --help"
benchmarks/INST_9x9/80/inst9x9_80_57.txt : 66 ms.
--------------------------------------------------
minizinc: Unrecognized option or bad format `benchmarks/INST_9x9/80/inst9x9_80_58.txt'
minizinc: MiniZinc driver.
Usage: minizinc  [<options>] [-I <include path>] <model>.mzn [<data>.dzn ...] or just <flat>.fzn
More info with "minizinc --help"
benchmarks/INST_9x9/80/inst9x9_80_58.txt : 64 ms.
--------------------------------------------------
minizinc: Unrecognized option or bad format `benchmarks/INST_9x9/80/inst9x9_80_59.txt'
minizinc: MiniZinc driver.
Usage: minizinc  [<options>] [-I <include path>] <model>.mzn [<data>.dzn ...] or just <flat>.fzn
More info with "minizinc --help"
benchmarks/INST_9x9/80/inst9x9_80_59.txt : 64 ms.
--------------------------------------------------
minizinc: Unrecognized option or bad format `benchmarks/INST_9x9/80/inst9x9_80_5.txt'
minizinc: MiniZinc driver.
Usage: minizinc  [<options>] [-I <include path>] <model>.mzn [<data>.dzn ...] or just <flat>.fzn
More info with "minizinc --help"
benchmarks/INST_9x9/80/inst9x9_80_5.txt : 65 ms.
--------------------------------------------------
minizinc: Unrecognized option or bad format `benchmarks/INST_9x9/80/inst9x9_80_60.txt'
minizinc: MiniZinc driver.
Usage: minizinc  [<options>] [-I <include path>] <model>.mzn [<data>.dzn ...] or just <flat>.fzn
More info with "minizinc --help"
benchmarks/INST_9x9/80/inst9x9_80_60.txt : 66 ms.
--------------------------------------------------
minizinc: Unrecognized option or bad format `benchmarks/INST_9x9/80/inst9x9_80_61.txt'
minizinc: MiniZinc driver.
Usage: minizinc  [<options>] [-I <include path>] <model>.mzn [<data>.dzn ...] or just <flat>.fzn
More info with "minizinc --help"
benchmarks/INST_9x9/80/inst9x9_80_61.txt : 70 ms.
--------------------------------------------------
minizinc: Unrecognized option or bad format `benchmarks/INST_9x9/80/inst9x9_80_62.txt'
minizinc: MiniZinc driver.
Usage: minizinc  [<options>] [-I <include path>] <model>.mzn [<data>.dzn ...] or just <flat>.fzn
More info with "minizinc --help"
benchmarks/INST_9x9/80/inst9x9_80_62.txt : 58 ms.
--------------------------------------------------
minizinc: Unrecognized option or bad format `benchmarks/INST_9x9/80/inst9x9_80_63.txt'
minizinc: MiniZinc driver.
Usage: minizinc  [<options>] [-I <include path>] <model>.mzn [<data>.dzn ...] or just <flat>.fzn
More info with "minizinc --help"
benchmarks/INST_9x9/80/inst9x9_80_63.txt : 63 ms.
--------------------------------------------------
minizinc: Unrecognized option or bad format `benchmarks/INST_9x9/80/inst9x9_80_64.txt'
minizinc: MiniZinc driver.
Usage: minizinc  [<options>] [-I <include path>] <model>.mzn [<data>.dzn ...] or just <flat>.fzn
More info with "minizinc --help"
benchmarks/INST_9x9/80/inst9x9_80_64.txt : 78 ms.
--------------------------------------------------
minizinc: Unrecognized option or bad format `benchmarks/INST_9x9/80/inst9x9_80_65.txt'
minizinc: MiniZinc driver.
Usage: minizinc  [<options>] [-I <include path>] <model>.mzn [<data>.dzn ...] or just <flat>.fzn
More info with "minizinc --help"
benchmarks/INST_9x9/80/inst9x9_80_65.txt : 64 ms.
--------------------------------------------------
minizinc: Unrecognized option or bad format `benchmarks/INST_9x9/80/inst9x9_80_66.txt'
minizinc: MiniZinc driver.
Usage: minizinc  [<options>] [-I <include path>] <model>.mzn [<data>.dzn ...] or just <flat>.fzn
More info with "minizinc --help"
benchmarks/INST_9x9/80/inst9x9_80_66.txt : 60 ms.
--------------------------------------------------
minizinc: Unrecognized option or bad format `benchmarks/INST_9x9/80/inst9x9_80_67.txt'
minizinc: MiniZinc driver.
Usage: minizinc  [<options>] [-I <include path>] <model>.mzn [<data>.dzn ...] or just <flat>.fzn
More info with "minizinc --help"
benchmarks/INST_9x9/80/inst9x9_80_67.txt : 64 ms.
--------------------------------------------------
minizinc: Unrecognized option or bad format `benchmarks/INST_9x9/80/inst9x9_80_68.txt'
minizinc: MiniZinc driver.
Usage: minizinc  [<options>] [-I <include path>] <model>.mzn [<data>.dzn ...] or just <flat>.fzn
More info with "minizinc --help"
benchmarks/INST_9x9/80/inst9x9_80_68.txt : 56 ms.
--------------------------------------------------
minizinc: Unrecognized option or bad format `benchmarks/INST_9x9/80/inst9x9_80_69.txt'
minizinc: MiniZinc driver.
Usage: minizinc  [<options>] [-I <include path>] <model>.mzn [<data>.dzn ...] or just <flat>.fzn
More info with "minizinc --help"
benchmarks/INST_9x9/80/inst9x9_80_69.txt : 59 ms.
--------------------------------------------------
minizinc: Unrecognized option or bad format `benchmarks/INST_9x9/80/inst9x9_80_6.txt'
minizinc: MiniZinc driver.
Usage: minizinc  [<options>] [-I <include path>] <model>.mzn [<data>.dzn ...] or just <flat>.fzn
More info with "minizinc --help"
benchmarks/INST_9x9/80/inst9x9_80_6.txt : 65 ms.
--------------------------------------------------
minizinc: Unrecognized option or bad format `benchmarks/INST_9x9/80/inst9x9_80_70.txt'
minizinc: MiniZinc driver.
Usage: minizinc  [<options>] [-I <include path>] <model>.mzn [<data>.dzn ...] or just <flat>.fzn
More info with "minizinc --help"
benchmarks/INST_9x9/80/inst9x9_80_70.txt : 74 ms.
--------------------------------------------------
minizinc: Unrecognized option or bad format `benchmarks/INST_9x9/80/inst9x9_80_71.txt'
minizinc: MiniZinc driver.
Usage: minizinc  [<options>] [-I <include path>] <model>.mzn [<data>.dzn ...] or just <flat>.fzn
More info with "minizinc --help"
benchmarks/INST_9x9/80/inst9x9_80_71.txt : 75 ms.
--------------------------------------------------
minizinc: Unrecognized option or bad format `benchmarks/INST_9x9/80/inst9x9_80_72.txt'
minizinc: MiniZinc driver.
Usage: minizinc  [<options>] [-I <include path>] <model>.mzn [<data>.dzn ...] or just <flat>.fzn
More info with "minizinc --help"
benchmarks/INST_9x9/80/inst9x9_80_72.txt : 71 ms.
--------------------------------------------------
minizinc: Unrecognized option or bad format `benchmarks/INST_9x9/80/inst9x9_80_73.txt'
minizinc: MiniZinc driver.
Usage: minizinc  [<options>] [-I <include path>] <model>.mzn [<data>.dzn ...] or just <flat>.fzn
More info with "minizinc --help"
benchmarks/INST_9x9/80/inst9x9_80_73.txt : 68 ms.
--------------------------------------------------
minizinc: Unrecognized option or bad format `benchmarks/INST_9x9/80/inst9x9_80_74.txt'
minizinc: MiniZinc driver.
Usage: minizinc  [<options>] [-I <include path>] <model>.mzn [<data>.dzn ...] or just <flat>.fzn
More info with "minizinc --help"
benchmarks/INST_9x9/80/inst9x9_80_74.txt : 70 ms.
--------------------------------------------------
minizinc: Unrecognized option or bad format `benchmarks/INST_9x9/80/inst9x9_80_75.txt'
minizinc: MiniZinc driver.
Usage: minizinc  [<options>] [-I <include path>] <model>.mzn [<data>.dzn ...] or just <flat>.fzn
More info with "minizinc --help"
benchmarks/INST_9x9/80/inst9x9_80_75.txt : 67 ms.
--------------------------------------------------
minizinc: Unrecognized option or bad format `benchmarks/INST_9x9/80/inst9x9_80_76.txt'
minizinc: MiniZinc driver.
Usage: minizinc  [<options>] [-I <include path>] <model>.mzn [<data>.dzn ...] or just <flat>.fzn
More info with "minizinc --help"
benchmarks/INST_9x9/80/inst9x9_80_76.txt : 68 ms.
--------------------------------------------------
minizinc: Unrecognized option or bad format `benchmarks/INST_9x9/80/inst9x9_80_77.txt'
minizinc: MiniZinc driver.
Usage: minizinc  [<options>] [-I <include path>] <model>.mzn [<data>.dzn ...] or just <flat>.fzn
More info with "minizinc --help"
benchmarks/INST_9x9/80/inst9x9_80_77.txt : 63 ms.
--------------------------------------------------
minizinc: Unrecognized option or bad format `benchmarks/INST_9x9/80/inst9x9_80_78.txt'
minizinc: MiniZinc driver.
Usage: minizinc  [<options>] [-I <include path>] <model>.mzn [<data>.dzn ...] or just <flat>.fzn
More info with "minizinc --help"
benchmarks/INST_9x9/80/inst9x9_80_78.txt : 52 ms.
--------------------------------------------------
minizinc: Unrecognized option or bad format `benchmarks/INST_9x9/80/inst9x9_80_79.txt'
minizinc: MiniZinc driver.
Usage: minizinc  [<options>] [-I <include path>] <model>.mzn [<data>.dzn ...] or just <flat>.fzn
More info with "minizinc --help"
benchmarks/INST_9x9/80/inst9x9_80_79.txt : 61 ms.
--------------------------------------------------
minizinc: Unrecognized option or bad format `benchmarks/INST_9x9/80/inst9x9_80_7.txt'
minizinc: MiniZinc driver.
Usage: minizinc  [<options>] [-I <include path>] <model>.mzn [<data>.dzn ...] or just <flat>.fzn
More info with "minizinc --help"
benchmarks/INST_9x9/80/inst9x9_80_7.txt : 66 ms.
--------------------------------------------------
minizinc: Unrecognized option or bad format `benchmarks/INST_9x9/80/inst9x9_80_80.txt'
minizinc: MiniZinc driver.
Usage: minizinc  [<options>] [-I <include path>] <model>.mzn [<data>.dzn ...] or just <flat>.fzn
More info with "minizinc --help"
benchmarks/INST_9x9/80/inst9x9_80_80.txt : 65 ms.
--------------------------------------------------
minizinc: Unrecognized option or bad format `benchmarks/INST_9x9/80/inst9x9_80_81.txt'
minizinc: MiniZinc driver.
Usage: minizinc  [<options>] [-I <include path>] <model>.mzn [<data>.dzn ...] or just <flat>.fzn
More info with "minizinc --help"
benchmarks/INST_9x9/80/inst9x9_80_81.txt : 63 ms.
--------------------------------------------------
minizinc: Unrecognized option or bad format `benchmarks/INST_9x9/80/inst9x9_80_82.txt'
minizinc: MiniZinc driver.
Usage: minizinc  [<options>] [-I <include path>] <model>.mzn [<data>.dzn ...] or just <flat>.fzn
More info with "minizinc --help"
benchmarks/INST_9x9/80/inst9x9_80_82.txt : 67 ms.
--------------------------------------------------
minizinc: Unrecognized option or bad format `benchmarks/INST_9x9/80/inst9x9_80_83.txt'
minizinc: MiniZinc driver.
Usage: minizinc  [<options>] [-I <include path>] <model>.mzn [<data>.dzn ...] or just <flat>.fzn
More info with "minizinc --help"
benchmarks/INST_9x9/80/inst9x9_80_83.txt : 59 ms.
--------------------------------------------------
minizinc: Unrecognized option or bad format `benchmarks/INST_9x9/80/inst9x9_80_84.txt'
minizinc: MiniZinc driver.
Usage: minizinc  [<options>] [-I <include path>] <model>.mzn [<data>.dzn ...] or just <flat>.fzn
More info with "minizinc --help"
benchmarks/INST_9x9/80/inst9x9_80_84.txt : 63 ms.
--------------------------------------------------
minizinc: Unrecognized option or bad format `benchmarks/INST_9x9/80/inst9x9_80_85.txt'
minizinc: MiniZinc driver.
Usage: minizinc  [<options>] [-I <include path>] <model>.mzn [<data>.dzn ...] or just <flat>.fzn
More info with "minizinc --help"
benchmarks/INST_9x9/80/inst9x9_80_85.txt : 60 ms.
--------------------------------------------------
minizinc: Unrecognized option or bad format `benchmarks/INST_9x9/80/inst9x9_80_86.txt'
minizinc: MiniZinc driver.
Usage: minizinc  [<options>] [-I <include path>] <model>.mzn [<data>.dzn ...] or just <flat>.fzn
More info with "minizinc --help"
benchmarks/INST_9x9/80/inst9x9_80_86.txt : 67 ms.
--------------------------------------------------
minizinc: Unrecognized option or bad format `benchmarks/INST_9x9/80/inst9x9_80_87.txt'
minizinc: MiniZinc driver.
Usage: minizinc  [<options>] [-I <include path>] <model>.mzn [<data>.dzn ...] or just <flat>.fzn
More info with "minizinc --help"
benchmarks/INST_9x9/80/inst9x9_80_87.txt : 58 ms.
--------------------------------------------------
minizinc: Unrecognized option or bad format `benchmarks/INST_9x9/80/inst9x9_80_88.txt'
minizinc: MiniZinc driver.
Usage: minizinc  [<options>] [-I <include path>] <model>.mzn [<data>.dzn ...] or just <flat>.fzn
More info with "minizinc --help"
benchmarks/INST_9x9/80/inst9x9_80_88.txt : 61 ms.
--------------------------------------------------
minizinc: Unrecognized option or bad format `benchmarks/INST_9x9/80/inst9x9_80_89.txt'
minizinc: MiniZinc driver.
Usage: minizinc  [<options>] [-I <include path>] <model>.mzn [<data>.dzn ...] or just <flat>.fzn
More info with "minizinc --help"
benchmarks/INST_9x9/80/inst9x9_80_89.txt : 65 ms.
--------------------------------------------------
minizinc: Unrecognized option or bad format `benchmarks/INST_9x9/80/inst9x9_80_8.txt'
minizinc: MiniZinc driver.
Usage: minizinc  [<options>] [-I <include path>] <model>.mzn [<data>.dzn ...] or just <flat>.fzn
More info with "minizinc --help"
benchmarks/INST_9x9/80/inst9x9_80_8.txt : 61 ms.
--------------------------------------------------
minizinc: Unrecognized option or bad format `benchmarks/INST_9x9/80/inst9x9_80_90.txt'
minizinc: MiniZinc driver.
Usage: minizinc  [<options>] [-I <include path>] <model>.mzn [<data>.dzn ...] or just <flat>.fzn
More info with "minizinc --help"
benchmarks/INST_9x9/80/inst9x9_80_90.txt : 52 ms.
--------------------------------------------------
minizinc: Unrecognized option or bad format `benchmarks/INST_9x9/80/inst9x9_80_91.txt'
minizinc: MiniZinc driver.
Usage: minizinc  [<options>] [-I <include path>] <model>.mzn [<data>.dzn ...] or just <flat>.fzn
More info with "minizinc --help"
benchmarks/INST_9x9/80/inst9x9_80_91.txt : 51 ms.
--------------------------------------------------
minizinc: Unrecognized option or bad format `benchmarks/INST_9x9/80/inst9x9_80_92.txt'
minizinc: MiniZinc driver.
Usage: minizinc  [<options>] [-I <include path>] <model>.mzn [<data>.dzn ...] or just <flat>.fzn
More info with "minizinc --help"
benchmarks/INST_9x9/80/inst9x9_80_92.txt : 43 ms.
--------------------------------------------------
minizinc: Unrecognized option or bad format `benchmarks/INST_9x9/80/inst9x9_80_93.txt'
minizinc: MiniZinc driver.
Usage: minizinc  [<options>] [-I <include path>] <model>.mzn [<data>.dzn ...] or just <flat>.fzn
More info with "minizinc --help"
benchmarks/INST_9x9/80/inst9x9_80_93.txt : 32 ms.
--------------------------------------------------
minizinc: Unrecognized option or bad format `benchmarks/INST_9x9/80/inst9x9_80_94.txt'
minizinc: MiniZinc driver.
Usage: minizinc  [<options>] [-I <include path>] <model>.mzn [<data>.dzn ...] or just <flat>.fzn
More info with "minizinc --help"
benchmarks/INST_9x9/80/inst9x9_80_94.txt : 40 ms.
--------------------------------------------------
minizinc: Unrecognized option or bad format `benchmarks/INST_9x9/80/inst9x9_80_95.txt'
minizinc: MiniZinc driver.
Usage: minizinc  [<options>] [-I <include path>] <model>.mzn [<data>.dzn ...] or just <flat>.fzn
More info with "minizinc --help"
benchmarks/INST_9x9/80/inst9x9_80_95.txt : 39 ms.
--------------------------------------------------
minizinc: Unrecognized option or bad format `benchmarks/INST_9x9/80/inst9x9_80_96.txt'
minizinc: MiniZinc driver.
Usage: minizinc  [<options>] [-I <include path>] <model>.mzn [<data>.dzn ...] or just <flat>.fzn
More info with "minizinc --help"
benchmarks/INST_9x9/80/inst9x9_80_96.txt : 35 ms.
--------------------------------------------------
minizinc: Unrecognized option or bad format `benchmarks/INST_9x9/80/inst9x9_80_97.txt'
minizinc: MiniZinc driver.
Usage: minizinc  [<options>] [-I <include path>] <model>.mzn [<data>.dzn ...] or just <flat>.fzn
More info with "minizinc --help"
benchmarks/INST_9x9/80/inst9x9_80_97.txt : 29 ms.
--------------------------------------------------
minizinc: Unrecognized option or bad format `benchmarks/INST_9x9/80/inst9x9_80_98.txt'
minizinc: MiniZinc driver.
Usage: minizinc  [<options>] [-I <include path>] <model>.mzn [<data>.dzn ...] or just <flat>.fzn
More info with "minizinc --help"
benchmarks/INST_9x9/80/inst9x9_80_98.txt : 28 ms.
--------------------------------------------------
minizinc: Unrecognized option or bad format `benchmarks/INST_9x9/80/inst9x9_80_99.txt'
minizinc: MiniZinc driver.
Usage: minizinc  [<options>] [-I <include path>] <model>.mzn [<data>.dzn ...] or just <flat>.fzn
More info with "minizinc --help"
benchmarks/INST_9x9/80/inst9x9_80_99.txt : 28 ms.
--------------------------------------------------
minizinc: Unrecognized option or bad format `benchmarks/INST_9x9/80/inst9x9_80_9.txt'
minizinc: MiniZinc driver.
Usage: minizinc  [<options>] [-I <include path>] <model>.mzn [<data>.dzn ...] or just <flat>.fzn
More info with "minizinc --help"
benchmarks/INST_9x9/80/inst9x9_80_9.txt : 30 ms.
