--------------------------------------------------
minizinc: Unrecognized option or bad format `benchmarks/INST_9x9/70/inst9x9_70_0.txt'
minizinc: MiniZinc driver.
Usage: minizinc  [<options>] [-I <include path>] <model>.mzn [<data>.dzn ...] or just <flat>.fzn
More info with "minizinc --help"
benchmarks/INST_9x9/70/inst9x9_70_0.txt : 72 ms.
--------------------------------------------------
minizinc: Unrecognized option or bad format `benchmarks/INST_9x9/70/inst9x9_70_10.txt'
minizinc: MiniZinc driver.
Usage: minizinc  [<options>] [-I <include path>] <model>.mzn [<data>.dzn ...] or just <flat>.fzn
More info with "minizinc --help"
benchmarks/INST_9x9/70/inst9x9_70_10.txt : 65 ms.
--------------------------------------------------
minizinc: Unrecognized option or bad format `benchmarks/INST_9x9/70/inst9x9_70_11.txt'
minizinc: MiniZinc driver.
Usage: minizinc  [<options>] [-I <include path>] <model>.mzn [<data>.dzn ...] or just <flat>.fzn
More info with "minizinc --help"
benchmarks/INST_9x9/70/inst9x9_70_11.txt : 67 ms.
--------------------------------------------------
minizinc: Unrecognized option or bad format `benchmarks/INST_9x9/70/inst9x9_70_12.txt'
minizinc: MiniZinc driver.
Usage: minizinc  [<options>] [-I <include path>] <model>.mzn [<data>.dzn ...] or just <flat>.fzn
More info with "minizinc --help"
benchmarks/INST_9x9/70/inst9x9_70_12.txt : 68 ms.
--------------------------------------------------
minizinc: Unrecognized option or bad format `benchmarks/INST_9x9/70/inst9x9_70_13.txt'
minizinc: MiniZinc driver.
Usage: minizinc  [<options>] [-I <include path>] <model>.mzn [<data>.dzn ...] or just <flat>.fzn
More info with "minizinc --help"
benchmarks/INST_9x9/70/inst9x9_70_13.txt : 70 ms.
--------------------------------------------------
minizinc: Unrecognized option or bad format `benchmarks/INST_9x9/70/inst9x9_70_14.txt'
minizinc: MiniZinc driver.
Usage: minizinc  [<options>] [-I <include path>] <model>.mzn [<data>.dzn ...] or just <flat>.fzn
More info with "minizinc --help"
benchmarks/INST_9x9/70/inst9x9_70_14.txt : 76 ms.
--------------------------------------------------
minizinc: Unrecognized option or bad format `benchmarks/INST_9x9/70/inst9x9_70_15.txt'
minizinc: MiniZinc driver.
Usage: minizinc  [<options>] [-I <include path>] <model>.mzn [<data>.dzn ...] or just <flat>.fzn
More info with "minizinc --help"
benchmarks/INST_9x9/70/inst9x9_70_15.txt : 70 ms.
--------------------------------------------------
minizinc: Unrecognized option or bad format `benchmarks/INST_9x9/70/inst9x9_70_16.txt'
minizinc: MiniZinc driver.
Usage: minizinc  [<options>] [-I <include path>] <model>.mzn [<data>.dzn ...] or just <flat>.fzn
More info with "minizinc --help"
benchmarks/INST_9x9/70/inst9x9_70_16.txt : 63 ms.
--------------------------------------------------
minizinc: Unrecognized option or bad format `benchmarks/INST_9x9/70/inst9x9_70_17.txt'
minizinc: MiniZinc driver.
Usage: minizinc  [<options>] [-I <include path>] <model>.mzn [<data>.dzn ...] or just <flat>.fzn
More info with "minizinc --help"
benchmarks/INST_9x9/70/inst9x9_70_17.txt : 66 ms.
--------------------------------------------------
minizinc: Unrecognized option or bad format `benchmarks/INST_9x9/70/inst9x9_70_18.txt'
minizinc: MiniZinc driver.
Usage: minizinc  [<options>] [-I <include path>] <model>.mzn [<data>.dzn ...] or just <flat>.fzn
More info with "minizinc --help"
benchmarks/INST_9x9/70/inst9x9_70_18.txt : 73 ms.
--------------------------------------------------
minizinc: Unrecognized option or bad format `benchmarks/INST_9x9/70/inst9x9_70_19.txt'
minizinc: MiniZinc driver.
Usage: minizinc  [<options>] [-I <include path>] <model>.mzn [<data>.dzn ...] or just <flat>.fzn
More info with "minizinc --help"
benchmarks/INST_9x9/70/inst9x9_70_19.txt : 68 ms.
--------------------------------------------------
minizinc: Unrecognized option or bad format `benchmarks/INST_9x9/70/inst9x9_70_1.txt'
minizinc: MiniZinc driver.
Usage: minizinc  [<options>] [-I <include path>] <model>.mzn [<data>.dzn ...] or just <flat>.fzn
More info with "minizinc --help"
benchmarks/INST_9x9/70/inst9x9_70_1.txt : 75 ms.
--------------------------------------------------
minizinc: Unrecognized option or bad format `benchmarks/INST_9x9/70/inst9x9_70_20.txt'
minizinc: MiniZinc driver.
Usage: minizinc  [<options>] [-I <include path>] <model>.mzn [<data>.dzn ...] or just <flat>.fzn
More info with "minizinc --help"
benchmarks/INST_9x9/70/inst9x9_70_20.txt : 67 ms.
--------------------------------------------------
minizinc: Unrecognized option or bad format `benchmarks/INST_9x9/70/inst9x9_70_21.txt'
minizinc: MiniZinc driver.
Usage: minizinc  [<options>] [-I <include path>] <model>.mzn [<data>.dzn ...] or just <flat>.fzn
More info with "minizinc --help"
benchmarks/INST_9x9/70/inst9x9_70_21.txt : 66 ms.
--------------------------------------------------
minizinc: Unrecognized option or bad format `benchmarks/INST_9x9/70/inst9x9_70_22.txt'
minizinc: MiniZinc driver.
Usage: minizinc  [<options>] [-I <include path>] <model>.mzn [<data>.dzn ...] or just <flat>.fzn
More info with "minizinc --help"
benchmarks/INST_9x9/70/inst9x9_70_22.txt : 60 ms.
--------------------------------------------------
minizinc: Unrecognized option or bad format `benchmarks/INST_9x9/70/inst9x9_70_23.txt'
minizinc: MiniZinc driver.
Usage: minizinc  [<options>] [-I <include path>] <model>.mzn [<data>.dzn ...] or just <flat>.fzn
More info with "minizinc --help"
benchmarks/INST_9x9/70/inst9x9_70_23.txt : 58 ms.
--------------------------------------------------
minizinc: Unrecognized option or bad format `benchmarks/INST_9x9/70/inst9x9_70_24.txt'
minizinc: MiniZinc driver.
Usage: minizinc  [<options>] [-I <include path>] <model>.mzn [<data>.dzn ...] or just <flat>.fzn
More info with "minizinc --help"
benchmarks/INST_9x9/70/inst9x9_70_24.txt : 56 ms.
--------------------------------------------------
minizinc: Unrecognized option or bad format `benchmarks/INST_9x9/70/inst9x9_70_25.txt'
minizinc: MiniZinc driver.
Usage: minizinc  [<options>] [-I <include path>] <model>.mzn [<data>.dzn ...] or just <flat>.fzn
More info with "minizinc --help"
benchmarks/INST_9x9/70/inst9x9_70_25.txt : 63 ms.
--------------------------------------------------
minizinc: Unrecognized option or bad format `benchmarks/INST_9x9/70/inst9x9_70_26.txt'
minizinc: MiniZinc driver.
Usage: minizinc  [<options>] [-I <include path>] <model>.mzn [<data>.dzn ...] or just <flat>.fzn
More info with "minizinc --help"
benchmarks/INST_9x9/70/inst9x9_70_26.txt : 60 ms.
--------------------------------------------------
minizinc: Unrecognized option or bad format `benchmarks/INST_9x9/70/inst9x9_70_27.txt'
minizinc: MiniZinc driver.
Usage: minizinc  [<options>] [-I <include path>] <model>.mzn [<data>.dzn ...] or just <flat>.fzn
More info with "minizinc --help"
benchmarks/INST_9x9/70/inst9x9_70_27.txt : 60 ms.
--------------------------------------------------
minizinc: Unrecognized option or bad format `benchmarks/INST_9x9/70/inst9x9_70_28.txt'
minizinc: MiniZinc driver.
Usage: minizinc  [<options>] [-I <include path>] <model>.mzn [<data>.dzn ...] or just <flat>.fzn
More info with "minizinc --help"
benchmarks/INST_9x9/70/inst9x9_70_28.txt : 66 ms.
--------------------------------------------------
minizinc: Unrecognized option or bad format `benchmarks/INST_9x9/70/inst9x9_70_29.txt'
minizinc: MiniZinc driver.
Usage: minizinc  [<options>] [-I <include path>] <model>.mzn [<data>.dzn ...] or just <flat>.fzn
More info with "minizinc --help"
benchmarks/INST_9x9/70/inst9x9_70_29.txt : 68 ms.
--------------------------------------------------
minizinc: Unrecognized option or bad format `benchmarks/INST_9x9/70/inst9x9_70_2.txt'
minizinc: MiniZinc driver.
Usage: minizinc  [<options>] [-I <include path>] <model>.mzn [<data>.dzn ...] or just <flat>.fzn
More info with "minizinc --help"
benchmarks/INST_9x9/70/inst9x9_70_2.txt : 70 ms.
--------------------------------------------------
minizinc: Unrecognized option or bad format `benchmarks/INST_9x9/70/inst9x9_70_30.txt'
minizinc: MiniZinc driver.
Usage: minizinc  [<options>] [-I <include path>] <model>.mzn [<data>.dzn ...] or just <flat>.fzn
More info with "minizinc --help"
benchmarks/INST_9x9/70/inst9x9_70_30.txt : 76 ms.
--------------------------------------------------
minizinc: Unrecognized option or bad format `benchmarks/INST_9x9/70/inst9x9_70_31.txt'
minizinc: MiniZinc driver.
Usage: minizinc  [<options>] [-I <include path>] <model>.mzn [<data>.dzn ...] or just <flat>.fzn
More info with "minizinc --help"
benchmarks/INST_9x9/70/inst9x9_70_31.txt : 72 ms.
--------------------------------------------------
minizinc: Unrecognized option or bad format `benchmarks/INST_9x9/70/inst9x9_70_32.txt'
minizinc: MiniZinc driver.
Usage: minizinc  [<options>] [-I <include path>] <model>.mzn [<data>.dzn ...] or just <flat>.fzn
More info with "minizinc --help"
benchmarks/INST_9x9/70/inst9x9_70_32.txt : 179 ms.
--------------------------------------------------
minizinc: Unrecognized option or bad format `benchmarks/INST_9x9/70/inst9x9_70_33.txt'
minizinc: MiniZinc driver.
Usage: minizinc  [<options>] [-I <include path>] <model>.mzn [<data>.dzn ...] or just <flat>.fzn
More info with "minizinc --help"
benchmarks/INST_9x9/70/inst9x9_70_33.txt : 63 ms.
--------------------------------------------------
minizinc: Unrecognized option or bad format `benchmarks/INST_9x9/70/inst9x9_70_34.txt'
minizinc: MiniZinc driver.
Usage: minizinc  [<options>] [-I <include path>] <model>.mzn [<data>.dzn ...] or just <flat>.fzn
More info with "minizinc --help"
benchmarks/INST_9x9/70/inst9x9_70_34.txt : 66 ms.
--------------------------------------------------
minizinc: Unrecognized option or bad format `benchmarks/INST_9x9/70/inst9x9_70_35.txt'
minizinc: MiniZinc driver.
Usage: minizinc  [<options>] [-I <include path>] <model>.mzn [<data>.dzn ...] or just <flat>.fzn
More info with "minizinc --help"
benchmarks/INST_9x9/70/inst9x9_70_35.txt : 67 ms.
--------------------------------------------------
minizinc: Unrecognized option or bad format `benchmarks/INST_9x9/70/inst9x9_70_36.txt'
minizinc: MiniZinc driver.
Usage: minizinc  [<options>] [-I <include path>] <model>.mzn [<data>.dzn ...] or just <flat>.fzn
More info with "minizinc --help"
benchmarks/INST_9x9/70/inst9x9_70_36.txt : 55 ms.
--------------------------------------------------
minizinc: Unrecognized option or bad format `benchmarks/INST_9x9/70/inst9x9_70_37.txt'
minizinc: MiniZinc driver.
Usage: minizinc  [<options>] [-I <include path>] <model>.mzn [<data>.dzn ...] or just <flat>.fzn
More info with "minizinc --help"
benchmarks/INST_9x9/70/inst9x9_70_37.txt : 59 ms.
--------------------------------------------------
minizinc: Unrecognized option or bad format `benchmarks/INST_9x9/70/inst9x9_70_38.txt'
minizinc: MiniZinc driver.
Usage: minizinc  [<options>] [-I <include path>] <model>.mzn [<data>.dzn ...] or just <flat>.fzn
More info with "minizinc --help"
benchmarks/INST_9x9/70/inst9x9_70_38.txt : 61 ms.
--------------------------------------------------
minizinc: Unrecognized option or bad format `benchmarks/INST_9x9/70/inst9x9_70_39.txt'
minizinc: MiniZinc driver.
Usage: minizinc  [<options>] [-I <include path>] <model>.mzn [<data>.dzn ...] or just <flat>.fzn
More info with "minizinc --help"
benchmarks/INST_9x9/70/inst9x9_70_39.txt : 77 ms.
--------------------------------------------------
minizinc: Unrecognized option or bad format `benchmarks/INST_9x9/70/inst9x9_70_3.txt'
minizinc: MiniZinc driver.
Usage: minizinc  [<options>] [-I <include path>] <model>.mzn [<data>.dzn ...] or just <flat>.fzn
More info with "minizinc --help"
benchmarks/INST_9x9/70/inst9x9_70_3.txt : 67 ms.
--------------------------------------------------
minizinc: Unrecognized option or bad format `benchmarks/INST_9x9/70/inst9x9_70_40.txt'
minizinc: MiniZinc driver.
Usage: minizinc  [<options>] [-I <include path>] <model>.mzn [<data>.dzn ...] or just <flat>.fzn
More info with "minizinc --help"
benchmarks/INST_9x9/70/inst9x9_70_40.txt : 67 ms.
--------------------------------------------------
minizinc: Unrecognized option or bad format `benchmarks/INST_9x9/70/inst9x9_70_41.txt'
minizinc: MiniZinc driver.
Usage: minizinc  [<options>] [-I <include path>] <model>.mzn [<data>.dzn ...] or just <flat>.fzn
More info with "minizinc --help"
benchmarks/INST_9x9/70/inst9x9_70_41.txt : 64 ms.
--------------------------------------------------
minizinc: Unrecognized option or bad format `benchmarks/INST_9x9/70/inst9x9_70_42.txt'
minizinc: MiniZinc driver.
Usage: minizinc  [<options>] [-I <include path>] <model>.mzn [<data>.dzn ...] or just <flat>.fzn
More info with "minizinc --help"
benchmarks/INST_9x9/70/inst9x9_70_42.txt : 65 ms.
--------------------------------------------------
minizinc: Unrecognized option or bad format `benchmarks/INST_9x9/70/inst9x9_70_43.txt'
minizinc: MiniZinc driver.
Usage: minizinc  [<options>] [-I <include path>] <model>.mzn [<data>.dzn ...] or just <flat>.fzn
More info with "minizinc --help"
benchmarks/INST_9x9/70/inst9x9_70_43.txt : 60 ms.
--------------------------------------------------
minizinc: Unrecognized option or bad format `benchmarks/INST_9x9/70/inst9x9_70_44.txt'
minizinc: MiniZinc driver.
Usage: minizinc  [<options>] [-I <include path>] <model>.mzn [<data>.dzn ...] or just <flat>.fzn
More info with "minizinc --help"
benchmarks/INST_9x9/70/inst9x9_70_44.txt : 64 ms.
--------------------------------------------------
minizinc: Unrecognized option or bad format `benchmarks/INST_9x9/70/inst9x9_70_45.txt'
minizinc: MiniZinc driver.
Usage: minizinc  [<options>] [-I <include path>] <model>.mzn [<data>.dzn ...] or just <flat>.fzn
More info with "minizinc --help"
benchmarks/INST_9x9/70/inst9x9_70_45.txt : 64 ms.
--------------------------------------------------
minizinc: Unrecognized option or bad format `benchmarks/INST_9x9/70/inst9x9_70_46.txt'
minizinc: MiniZinc driver.
Usage: minizinc  [<options>] [-I <include path>] <model>.mzn [<data>.dzn ...] or just <flat>.fzn
More info with "minizinc --help"
benchmarks/INST_9x9/70/inst9x9_70_46.txt : 62 ms.
--------------------------------------------------
minizinc: Unrecognized option or bad format `benchmarks/INST_9x9/70/inst9x9_70_47.txt'
minizinc: MiniZinc driver.
Usage: minizinc  [<options>] [-I <include path>] <model>.mzn [<data>.dzn ...] or just <flat>.fzn
More info with "minizinc --help"
benchmarks/INST_9x9/70/inst9x9_70_47.txt : 59 ms.
--------------------------------------------------
minizinc: Unrecognized option or bad format `benchmarks/INST_9x9/70/inst9x9_70_48.txt'
minizinc: MiniZinc driver.
Usage: minizinc  [<options>] [-I <include path>] <model>.mzn [<data>.dzn ...] or just <flat>.fzn
More info with "minizinc --help"
benchmarks/INST_9x9/70/inst9x9_70_48.txt : 66 ms.
--------------------------------------------------
minizinc: Unrecognized option or bad format `benchmarks/INST_9x9/70/inst9x9_70_49.txt'
minizinc: MiniZinc driver.
Usage: minizinc  [<options>] [-I <include path>] <model>.mzn [<data>.dzn ...] or just <flat>.fzn
More info with "minizinc --help"
benchmarks/INST_9x9/70/inst9x9_70_49.txt : 73 ms.
--------------------------------------------------
minizinc: Unrecognized option or bad format `benchmarks/INST_9x9/70/inst9x9_70_4.txt'
minizinc: MiniZinc driver.
Usage: minizinc  [<options>] [-I <include path>] <model>.mzn [<data>.dzn ...] or just <flat>.fzn
More info with "minizinc --help"
benchmarks/INST_9x9/70/inst9x9_70_4.txt : 70 ms.
--------------------------------------------------
minizinc: Unrecognized option or bad format `benchmarks/INST_9x9/70/inst9x9_70_50.txt'
minizinc: MiniZinc driver.
Usage: minizinc  [<options>] [-I <include path>] <model>.mzn [<data>.dzn ...] or just <flat>.fzn
More info with "minizinc --help"
benchmarks/INST_9x9/70/inst9x9_70_50.txt : 69 ms.
--------------------------------------------------
minizinc: Unrecognized option or bad format `benchmarks/INST_9x9/70/inst9x9_70_51.txt'
minizinc: MiniZinc driver.
Usage: minizinc  [<options>] [-I <include path>] <model>.mzn [<data>.dzn ...] or just <flat>.fzn
More info with "minizinc --help"
benchmarks/INST_9x9/70/inst9x9_70_51.txt : 65 ms.
--------------------------------------------------
minizinc: Unrecognized option or bad format `benchmarks/INST_9x9/70/inst9x9_70_52.txt'
minizinc: MiniZinc driver.
Usage: minizinc  [<options>] [-I <include path>] <model>.mzn [<data>.dzn ...] or just <flat>.fzn
More info with "minizinc --help"
benchmarks/INST_9x9/70/inst9x9_70_52.txt : 69 ms.
--------------------------------------------------
minizinc: Unrecognized option or bad format `benchmarks/INST_9x9/70/inst9x9_70_53.txt'
minizinc: MiniZinc driver.
Usage: minizinc  [<options>] [-I <include path>] <model>.mzn [<data>.dzn ...] or just <flat>.fzn
More info with "minizinc --help"
benchmarks/INST_9x9/70/inst9x9_70_53.txt : 68 ms.
--------------------------------------------------
minizinc: Unrecognized option or bad format `benchmarks/INST_9x9/70/inst9x9_70_54.txt'
minizinc: MiniZinc driver.
Usage: minizinc  [<options>] [-I <include path>] <model>.mzn [<data>.dzn ...] or just <flat>.fzn
More info with "minizinc --help"
benchmarks/INST_9x9/70/inst9x9_70_54.txt : 64 ms.
--------------------------------------------------
minizinc: Unrecognized option or bad format `benchmarks/INST_9x9/70/inst9x9_70_55.txt'
minizinc: MiniZinc driver.
Usage: minizinc  [<options>] [-I <include path>] <model>.mzn [<data>.dzn ...] or just <flat>.fzn
More info with "minizinc --help"
benchmarks/INST_9x9/70/inst9x9_70_55.txt : 65 ms.
--------------------------------------------------
minizinc: Unrecognized option or bad format `benchmarks/INST_9x9/70/inst9x9_70_56.txt'
minizinc: MiniZinc driver.
Usage: minizinc  [<options>] [-I <include path>] <model>.mzn [<data>.dzn ...] or just <flat>.fzn
More info with "minizinc --help"
benchmarks/INST_9x9/70/inst9x9_70_56.txt : 64 ms.
--------------------------------------------------
minizinc: Unrecognized option or bad format `benchmarks/INST_9x9/70/inst9x9_70_57.txt'
minizinc: MiniZinc driver.
Usage: minizinc  [<options>] [-I <include path>] <model>.mzn [<data>.dzn ...] or just <flat>.fzn
More info with "minizinc --help"
benchmarks/INST_9x9/70/inst9x9_70_57.txt : 72 ms.
--------------------------------------------------
minizinc: Unrecognized option or bad format `benchmarks/INST_9x9/70/inst9x9_70_58.txt'
minizinc: MiniZinc driver.
Usage: minizinc  [<options>] [-I <include path>] <model>.mzn [<data>.dzn ...] or just <flat>.fzn
More info with "minizinc --help"
benchmarks/INST_9x9/70/inst9x9_70_58.txt : 60 ms.
--------------------------------------------------
minizinc: Unrecognized option or bad format `benchmarks/INST_9x9/70/inst9x9_70_59.txt'
minizinc: MiniZinc driver.
Usage: minizinc  [<options>] [-I <include path>] <model>.mzn [<data>.dzn ...] or just <flat>.fzn
More info with "minizinc --help"
benchmarks/INST_9x9/70/inst9x9_70_59.txt : 64 ms.
--------------------------------------------------
minizinc: Unrecognized option or bad format `benchmarks/INST_9x9/70/inst9x9_70_5.txt'
minizinc: MiniZinc driver.
Usage: minizinc  [<options>] [-I <include path>] <model>.mzn [<data>.dzn ...] or just <flat>.fzn
More info with "minizinc --help"
benchmarks/INST_9x9/70/inst9x9_70_5.txt : 63 ms.
--------------------------------------------------
minizinc: Unrecognized option or bad format `benchmarks/INST_9x9/70/inst9x9_70_60.txt'
minizinc: MiniZinc driver.
Usage: minizinc  [<options>] [-I <include path>] <model>.mzn [<data>.dzn ...] or just <flat>.fzn
More info with "minizinc --help"
benchmarks/INST_9x9/70/inst9x9_70_60.txt : 68 ms.
--------------------------------------------------
minizinc: Unrecognized option or bad format `benchmarks/INST_9x9/70/inst9x9_70_61.txt'
minizinc: MiniZinc driver.
Usage: minizinc  [<options>] [-I <include path>] <model>.mzn [<data>.dzn ...] or just <flat>.fzn
More info with "minizinc --help"
benchmarks/INST_9x9/70/inst9x9_70_61.txt : 61 ms.
--------------------------------------------------
minizinc: Unrecognized option or bad format `benchmarks/INST_9x9/70/inst9x9_70_62.txt'
minizinc: MiniZinc driver.
Usage: minizinc  [<options>] [-I <include path>] <model>.mzn [<data>.dzn ...] or just <flat>.fzn
More info with "minizinc --help"
benchmarks/INST_9x9/70/inst9x9_70_62.txt : 64 ms.
--------------------------------------------------
minizinc: Unrecognized option or bad format `benchmarks/INST_9x9/70/inst9x9_70_63.txt'
minizinc: MiniZinc driver.
Usage: minizinc  [<options>] [-I <include path>] <model>.mzn [<data>.dzn ...] or just <flat>.fzn
More info with "minizinc --help"
benchmarks/INST_9x9/70/inst9x9_70_63.txt : 58 ms.
--------------------------------------------------
minizinc: Unrecognized option or bad format `benchmarks/INST_9x9/70/inst9x9_70_64.txt'
minizinc: MiniZinc driver.
Usage: minizinc  [<options>] [-I <include path>] <model>.mzn [<data>.dzn ...] or just <flat>.fzn
More info with "minizinc --help"
benchmarks/INST_9x9/70/inst9x9_70_64.txt : 68 ms.
--------------------------------------------------
minizinc: Unrecognized option or bad format `benchmarks/INST_9x9/70/inst9x9_70_65.txt'
minizinc: MiniZinc driver.
Usage: minizinc  [<options>] [-I <include path>] <model>.mzn [<data>.dzn ...] or just <flat>.fzn
More info with "minizinc --help"
benchmarks/INST_9x9/70/inst9x9_70_65.txt : 75 ms.
--------------------------------------------------
minizinc: Unrecognized option or bad format `benchmarks/INST_9x9/70/inst9x9_70_66.txt'
minizinc: MiniZinc driver.
Usage: minizinc  [<options>] [-I <include path>] <model>.mzn [<data>.dzn ...] or just <flat>.fzn
More info with "minizinc --help"
benchmarks/INST_9x9/70/inst9x9_70_66.txt : 63 ms.
--------------------------------------------------
minizinc: Unrecognized option or bad format `benchmarks/INST_9x9/70/inst9x9_70_67.txt'
minizinc: MiniZinc driver.
Usage: minizinc  [<options>] [-I <include path>] <model>.mzn [<data>.dzn ...] or just <flat>.fzn
More info with "minizinc --help"
benchmarks/INST_9x9/70/inst9x9_70_67.txt : 58 ms.
--------------------------------------------------
minizinc: Unrecognized option or bad format `benchmarks/INST_9x9/70/inst9x9_70_68.txt'
minizinc: MiniZinc driver.
Usage: minizinc  [<options>] [-I <include path>] <model>.mzn [<data>.dzn ...] or just <flat>.fzn
More info with "minizinc --help"
benchmarks/INST_9x9/70/inst9x9_70_68.txt : 61 ms.
--------------------------------------------------
minizinc: Unrecognized option or bad format `benchmarks/INST_9x9/70/inst9x9_70_69.txt'
minizinc: MiniZinc driver.
Usage: minizinc  [<options>] [-I <include path>] <model>.mzn [<data>.dzn ...] or just <flat>.fzn
More info with "minizinc --help"
benchmarks/INST_9x9/70/inst9x9_70_69.txt : 54 ms.
--------------------------------------------------
minizinc: Unrecognized option or bad format `benchmarks/INST_9x9/70/inst9x9_70_6.txt'
minizinc: MiniZinc driver.
Usage: minizinc  [<options>] [-I <include path>] <model>.mzn [<data>.dzn ...] or just <flat>.fzn
More info with "minizinc --help"
benchmarks/INST_9x9/70/inst9x9_70_6.txt : 71 ms.
--------------------------------------------------
minizinc: Unrecognized option or bad format `benchmarks/INST_9x9/70/inst9x9_70_70.txt'
minizinc: MiniZinc driver.
Usage: minizinc  [<options>] [-I <include path>] <model>.mzn [<data>.dzn ...] or just <flat>.fzn
More info with "minizinc --help"
benchmarks/INST_9x9/70/inst9x9_70_70.txt : 61 ms.
--------------------------------------------------
minizinc: Unrecognized option or bad format `benchmarks/INST_9x9/70/inst9x9_70_71.txt'
minizinc: MiniZinc driver.
Usage: minizinc  [<options>] [-I <include path>] <model>.mzn [<data>.dzn ...] or just <flat>.fzn
More info with "minizinc --help"
benchmarks/INST_9x9/70/inst9x9_70_71.txt : 75 ms.
--------------------------------------------------
minizinc: Unrecognized option or bad format `benchmarks/INST_9x9/70/inst9x9_70_72.txt'
minizinc: MiniZinc driver.
Usage: minizinc  [<options>] [-I <include path>] <model>.mzn [<data>.dzn ...] or just <flat>.fzn
More info with "minizinc --help"
benchmarks/INST_9x9/70/inst9x9_70_72.txt : 61 ms.
--------------------------------------------------
minizinc: Unrecognized option or bad format `benchmarks/INST_9x9/70/inst9x9_70_73.txt'
minizinc: MiniZinc driver.
Usage: minizinc  [<options>] [-I <include path>] <model>.mzn [<data>.dzn ...] or just <flat>.fzn
More info with "minizinc --help"
benchmarks/INST_9x9/70/inst9x9_70_73.txt : 70 ms.
--------------------------------------------------
minizinc: Unrecognized option or bad format `benchmarks/INST_9x9/70/inst9x9_70_74.txt'
minizinc: MiniZinc driver.
Usage: minizinc  [<options>] [-I <include path>] <model>.mzn [<data>.dzn ...] or just <flat>.fzn
More info with "minizinc --help"
benchmarks/INST_9x9/70/inst9x9_70_74.txt : 68 ms.
--------------------------------------------------
minizinc: Unrecognized option or bad format `benchmarks/INST_9x9/70/inst9x9_70_75.txt'
minizinc: MiniZinc driver.
Usage: minizinc  [<options>] [-I <include path>] <model>.mzn [<data>.dzn ...] or just <flat>.fzn
More info with "minizinc --help"
benchmarks/INST_9x9/70/inst9x9_70_75.txt : 64 ms.
--------------------------------------------------
minizinc: Unrecognized option or bad format `benchmarks/INST_9x9/70/inst9x9_70_76.txt'
minizinc: MiniZinc driver.
Usage: minizinc  [<options>] [-I <include path>] <model>.mzn [<data>.dzn ...] or just <flat>.fzn
More info with "minizinc --help"
benchmarks/INST_9x9/70/inst9x9_70_76.txt : 74 ms.
--------------------------------------------------
minizinc: Unrecognized option or bad format `benchmarks/INST_9x9/70/inst9x9_70_77.txt'
minizinc: MiniZinc driver.
Usage: minizinc  [<options>] [-I <include path>] <model>.mzn [<data>.dzn ...] or just <flat>.fzn
More info with "minizinc --help"
benchmarks/INST_9x9/70/inst9x9_70_77.txt : 60 ms.
--------------------------------------------------
minizinc: Unrecognized option or bad format `benchmarks/INST_9x9/70/inst9x9_70_78.txt'
minizinc: MiniZinc driver.
Usage: minizinc  [<options>] [-I <include path>] <model>.mzn [<data>.dzn ...] or just <flat>.fzn
More info with "minizinc --help"
benchmarks/INST_9x9/70/inst9x9_70_78.txt : 56 ms.
--------------------------------------------------
minizinc: Unrecognized option or bad format `benchmarks/INST_9x9/70/inst9x9_70_79.txt'
minizinc: MiniZinc driver.
Usage: minizinc  [<options>] [-I <include path>] <model>.mzn [<data>.dzn ...] or just <flat>.fzn
More info with "minizinc --help"
benchmarks/INST_9x9/70/inst9x9_70_79.txt : 58 ms.
--------------------------------------------------
minizinc: Unrecognized option or bad format `benchmarks/INST_9x9/70/inst9x9_70_7.txt'
minizinc: MiniZinc driver.
Usage: minizinc  [<options>] [-I <include path>] <model>.mzn [<data>.dzn ...] or just <flat>.fzn
More info with "minizinc --help"
benchmarks/INST_9x9/70/inst9x9_70_7.txt : 73 ms.
--------------------------------------------------
minizinc: Unrecognized option or bad format `benchmarks/INST_9x9/70/inst9x9_70_80.txt'
minizinc: MiniZinc driver.
Usage: minizinc  [<options>] [-I <include path>] <model>.mzn [<data>.dzn ...] or just <flat>.fzn
More info with "minizinc --help"
benchmarks/INST_9x9/70/inst9x9_70_80.txt : 74 ms.
--------------------------------------------------
minizinc: Unrecognized option or bad format `benchmarks/INST_9x9/70/inst9x9_70_81.txt'
minizinc: MiniZinc driver.
Usage: minizinc  [<options>] [-I <include path>] <model>.mzn [<data>.dzn ...] or just <flat>.fzn
More info with "minizinc --help"
benchmarks/INST_9x9/70/inst9x9_70_81.txt : 54 ms.
--------------------------------------------------
minizinc: Unrecognized option or bad format `benchmarks/INST_9x9/70/inst9x9_70_82.txt'
minizinc: MiniZinc driver.
Usage: minizinc  [<options>] [-I <include path>] <model>.mzn [<data>.dzn ...] or just <flat>.fzn
More info with "minizinc --help"
benchmarks/INST_9x9/70/inst9x9_70_82.txt : 64 ms.
--------------------------------------------------
minizinc: Unrecognized option or bad format `benchmarks/INST_9x9/70/inst9x9_70_83.txt'
minizinc: MiniZinc driver.
Usage: minizinc  [<options>] [-I <include path>] <model>.mzn [<data>.dzn ...] or just <flat>.fzn
More info with "minizinc --help"
benchmarks/INST_9x9/70/inst9x9_70_83.txt : 68 ms.
--------------------------------------------------
minizinc: Unrecognized option or bad format `benchmarks/INST_9x9/70/inst9x9_70_84.txt'
minizinc: MiniZinc driver.
Usage: minizinc  [<options>] [-I <include path>] <model>.mzn [<data>.dzn ...] or just <flat>.fzn
More info with "minizinc --help"
benchmarks/INST_9x9/70/inst9x9_70_84.txt : 61 ms.
--------------------------------------------------
minizinc: Unrecognized option or bad format `benchmarks/INST_9x9/70/inst9x9_70_85.txt'
minizinc: MiniZinc driver.
Usage: minizinc  [<options>] [-I <include path>] <model>.mzn [<data>.dzn ...] or just <flat>.fzn
More info with "minizinc --help"
benchmarks/INST_9x9/70/inst9x9_70_85.txt : 63 ms.
--------------------------------------------------
minizinc: Unrecognized option or bad format `benchmarks/INST_9x9/70/inst9x9_70_86.txt'
minizinc: MiniZinc driver.
Usage: minizinc  [<options>] [-I <include path>] <model>.mzn [<data>.dzn ...] or just <flat>.fzn
More info with "minizinc --help"
benchmarks/INST_9x9/70/inst9x9_70_86.txt : 61 ms.
--------------------------------------------------
minizinc: Unrecognized option or bad format `benchmarks/INST_9x9/70/inst9x9_70_87.txt'
minizinc: MiniZinc driver.
Usage: minizinc  [<options>] [-I <include path>] <model>.mzn [<data>.dzn ...] or just <flat>.fzn
More info with "minizinc --help"
benchmarks/INST_9x9/70/inst9x9_70_87.txt : 60 ms.
--------------------------------------------------
minizinc: Unrecognized option or bad format `benchmarks/INST_9x9/70/inst9x9_70_88.txt'
minizinc: MiniZinc driver.
Usage: minizinc  [<options>] [-I <include path>] <model>.mzn [<data>.dzn ...] or just <flat>.fzn
More info with "minizinc --help"
benchmarks/INST_9x9/70/inst9x9_70_88.txt : 65 ms.
--------------------------------------------------
minizinc: Unrecognized option or bad format `benchmarks/INST_9x9/70/inst9x9_70_89.txt'
minizinc: MiniZinc driver.
Usage: minizinc  [<options>] [-I <include path>] <model>.mzn [<data>.dzn ...] or just <flat>.fzn
More info with "minizinc --help"
benchmarks/INST_9x9/70/inst9x9_70_89.txt : 65 ms.
--------------------------------------------------
minizinc: Unrecognized option or bad format `benchmarks/INST_9x9/70/inst9x9_70_8.txt'
minizinc: MiniZinc driver.
Usage: minizinc  [<options>] [-I <include path>] <model>.mzn [<data>.dzn ...] or just <flat>.fzn
More info with "minizinc --help"
benchmarks/INST_9x9/70/inst9x9_70_8.txt : 62 ms.
--------------------------------------------------
minizinc: Unrecognized option or bad format `benchmarks/INST_9x9/70/inst9x9_70_90.txt'
minizinc: MiniZinc driver.
Usage: minizinc  [<options>] [-I <include path>] <model>.mzn [<data>.dzn ...] or just <flat>.fzn
More info with "minizinc --help"
benchmarks/INST_9x9/70/inst9x9_70_90.txt : 58 ms.
--------------------------------------------------
minizinc: Unrecognized option or bad format `benchmarks/INST_9x9/70/inst9x9_70_91.txt'
minizinc: MiniZinc driver.
Usage: minizinc  [<options>] [-I <include path>] <model>.mzn [<data>.dzn ...] or just <flat>.fzn
More info with "minizinc --help"
benchmarks/INST_9x9/70/inst9x9_70_91.txt : 59 ms.
--------------------------------------------------
minizinc: Unrecognized option or bad format `benchmarks/INST_9x9/70/inst9x9_70_92.txt'
minizinc: MiniZinc driver.
Usage: minizinc  [<options>] [-I <include path>] <model>.mzn [<data>.dzn ...] or just <flat>.fzn
More info with "minizinc --help"
benchmarks/INST_9x9/70/inst9x9_70_92.txt : 41 ms.
--------------------------------------------------
minizinc: Unrecognized option or bad format `benchmarks/INST_9x9/70/inst9x9_70_93.txt'
minizinc: MiniZinc driver.
Usage: minizinc  [<options>] [-I <include path>] <model>.mzn [<data>.dzn ...] or just <flat>.fzn
More info with "minizinc --help"
benchmarks/INST_9x9/70/inst9x9_70_93.txt : 50 ms.
--------------------------------------------------
minizinc: Unrecognized option or bad format `benchmarks/INST_9x9/70/inst9x9_70_94.txt'
minizinc: MiniZinc driver.
Usage: minizinc  [<options>] [-I <include path>] <model>.mzn [<data>.dzn ...] or just <flat>.fzn
More info with "minizinc --help"
benchmarks/INST_9x9/70/inst9x9_70_94.txt : 39 ms.
--------------------------------------------------
minizinc: Unrecognized option or bad format `benchmarks/INST_9x9/70/inst9x9_70_95.txt'
minizinc: MiniZinc driver.
Usage: minizinc  [<options>] [-I <include path>] <model>.mzn [<data>.dzn ...] or just <flat>.fzn
More info with "minizinc --help"
benchmarks/INST_9x9/70/inst9x9_70_95.txt : 39 ms.
--------------------------------------------------
minizinc: Unrecognized option or bad format `benchmarks/INST_9x9/70/inst9x9_70_96.txt'
minizinc: MiniZinc driver.
Usage: minizinc  [<options>] [-I <include path>] <model>.mzn [<data>.dzn ...] or just <flat>.fzn
More info with "minizinc --help"
benchmarks/INST_9x9/70/inst9x9_70_96.txt : 30 ms.
--------------------------------------------------
minizinc: Unrecognized option or bad format `benchmarks/INST_9x9/70/inst9x9_70_97.txt'
minizinc: MiniZinc driver.
Usage: minizinc  [<options>] [-I <include path>] <model>.mzn [<data>.dzn ...] or just <flat>.fzn
More info with "minizinc --help"
benchmarks/INST_9x9/70/inst9x9_70_97.txt : 31 ms.
--------------------------------------------------
minizinc: Unrecognized option or bad format `benchmarks/INST_9x9/70/inst9x9_70_98.txt'
minizinc: MiniZinc driver.
Usage: minizinc  [<options>] [-I <include path>] <model>.mzn [<data>.dzn ...] or just <flat>.fzn
More info with "minizinc --help"
benchmarks/INST_9x9/70/inst9x9_70_98.txt : 39 ms.
--------------------------------------------------
minizinc: Unrecognized option or bad format `benchmarks/INST_9x9/70/inst9x9_70_99.txt'
minizinc: MiniZinc driver.
Usage: minizinc  [<options>] [-I <include path>] <model>.mzn [<data>.dzn ...] or just <flat>.fzn
More info with "minizinc --help"
benchmarks/INST_9x9/70/inst9x9_70_99.txt : 27 ms.
--------------------------------------------------
minizinc: Unrecognized option or bad format `benchmarks/INST_9x9/70/inst9x9_70_9.txt'
minizinc: MiniZinc driver.
Usage: minizinc  [<options>] [-I <include path>] <model>.mzn [<data>.dzn ...] or just <flat>.fzn
More info with "minizinc --help"
benchmarks/INST_9x9/70/inst9x9_70_9.txt : 28 ms.
