--------------------------------------------------
benchmarks/N-Queens/INST_600/80/inst600_80_0.txt : 2485 ms.
--------------------------------------------------
benchmarks/N-Queens/INST_600/80/inst600_80_10.txt : 521 ms.
--------------------------------------------------
benchmarks/N-Queens/INST_600/80/inst600_80_11.txt : 515 ms.
--------------------------------------------------
benchmarks/N-Queens/INST_600/80/inst600_80_12.txt : 568 ms.
--------------------------------------------------
benchmarks/N-Queens/INST_600/80/inst600_80_13.txt : 499 ms.
--------------------------------------------------
Traceback (most recent call last):
  File "/home/hanrui/AllDifferent-LS/solvers/nqueens_ort/n-queens_ortools.py", line 98, in <module>
    main(file)
  File "/home/hanrui/AllDifferent-LS/solvers/nqueens_ort/n-queens_ortools.py", line 49, in main
    lines.append(int(f.readline().strip()))
ValueError: invalid literal for int() with base 10: ''
benchmarks/N-Queens/INST_600/80/inst600_80_14.txt : 468 ms.
--------------------------------------------------
benchmarks/N-Queens/INST_600/80/inst600_80_15.txt : 522 ms.
--------------------------------------------------
SAT
benchmarks/N-Queens/INST_600/80/inst600_80_16.txt : 11330 ms.
--------------------------------------------------
SAT
benchmarks/N-Queens/INST_600/80/inst600_80_17.txt : 13606 ms.
--------------------------------------------------
SAT
benchmarks/N-Queens/INST_600/80/inst600_80_18.txt : 15296 ms.
--------------------------------------------------
benchmarks/N-Queens/INST_600/80/inst600_80_19.txt : 785 ms.
--------------------------------------------------
benchmarks/N-Queens/INST_600/80/inst600_80_1.txt : 790 ms.
--------------------------------------------------
benchmarks/N-Queens/INST_600/80/inst600_80_20.txt : 987 ms.
--------------------------------------------------
benchmarks/N-Queens/INST_600/80/inst600_80_21.txt : 1003 ms.
--------------------------------------------------
SAT
benchmarks/N-Queens/INST_600/80/inst600_80_22.txt : 21620 ms.
--------------------------------------------------
benchmarks/N-Queens/INST_600/80/inst600_80_23.txt : 2760 ms.
--------------------------------------------------
Traceback (most recent call last):
  File "/home/hanrui/AllDifferent-LS/solvers/nqueens_ort/n-queens_ortools.py", line 98, in <module>
    main(file)
  File "/home/hanrui/AllDifferent-LS/solvers/nqueens_ort/n-queens_ortools.py", line 49, in main
    lines.append(int(f.readline().strip()))
ValueError: invalid literal for int() with base 10: ''
benchmarks/N-Queens/INST_600/80/inst600_80_24.txt : 1797 ms.
--------------------------------------------------
benchmarks/N-Queens/INST_600/80/inst600_80_25.txt : 2681 ms.
--------------------------------------------------
SAT
benchmarks/N-Queens/INST_600/80/inst600_80_26.txt : 19039 ms.
--------------------------------------------------
benchmarks/N-Queens/INST_600/80/inst600_80_27.txt : 1237 ms.
--------------------------------------------------
benchmarks/N-Queens/INST_600/80/inst600_80_28.txt : 1245 ms.
--------------------------------------------------
benchmarks/N-Queens/INST_600/80/inst600_80_29.txt : 2119 ms.
--------------------------------------------------
benchmarks/N-Queens/INST_600/80/inst600_80_2.txt : 2961 ms.
--------------------------------------------------
SAT
benchmarks/N-Queens/INST_600/80/inst600_80_30.txt : 22585 ms.
--------------------------------------------------
benchmarks/N-Queens/INST_600/80/inst600_80_31.txt : 895 ms.
--------------------------------------------------
benchmarks/N-Queens/INST_600/80/inst600_80_32.txt : 877 ms.
--------------------------------------------------
benchmarks/N-Queens/INST_600/80/inst600_80_33.txt : 914 ms.
--------------------------------------------------
Traceback (most recent call last):
  File "/home/hanrui/AllDifferent-LS/solvers/nqueens_ort/n-queens_ortools.py", line 98, in <module>
    main(file)
  File "/home/hanrui/AllDifferent-LS/solvers/nqueens_ort/n-queens_ortools.py", line 49, in main
    lines.append(int(f.readline().strip()))
ValueError: invalid literal for int() with base 10: ''
benchmarks/N-Queens/INST_600/80/inst600_80_34.txt : 650 ms.
--------------------------------------------------
benchmarks/N-Queens/INST_600/80/inst600_80_35.txt : 549 ms.
--------------------------------------------------
benchmarks/N-Queens/INST_600/80/inst600_80_36.txt : 529 ms.
--------------------------------------------------
benchmarks/N-Queens/INST_600/80/inst600_80_37.txt : 544 ms.
--------------------------------------------------
benchmarks/N-Queens/INST_600/80/inst600_80_38.txt : 483 ms.
--------------------------------------------------
benchmarks/N-Queens/INST_600/80/inst600_80_39.txt : 485 ms.
--------------------------------------------------
benchmarks/N-Queens/INST_600/80/inst600_80_3.txt : 463 ms.
--------------------------------------------------
benchmarks/N-Queens/INST_600/80/inst600_80_40.txt : 514 ms.
--------------------------------------------------
benchmarks/N-Queens/INST_600/80/inst600_80_41.txt : 562 ms.
--------------------------------------------------
benchmarks/N-Queens/INST_600/80/inst600_80_42.txt : 455 ms.
--------------------------------------------------
benchmarks/N-Queens/INST_600/80/inst600_80_43.txt : 544 ms.
--------------------------------------------------
Traceback (most recent call last):
  File "/home/hanrui/AllDifferent-LS/solvers/nqueens_ort/n-queens_ortools.py", line 98, in <module>
    main(file)
  File "/home/hanrui/AllDifferent-LS/solvers/nqueens_ort/n-queens_ortools.py", line 49, in main
    lines.append(int(f.readline().strip()))
ValueError: invalid literal for int() with base 10: ''
benchmarks/N-Queens/INST_600/80/inst600_80_44.txt : 859 ms.
--------------------------------------------------
benchmarks/N-Queens/INST_600/80/inst600_80_45.txt : 979 ms.
--------------------------------------------------
benchmarks/N-Queens/INST_600/80/inst600_80_46.txt : 1205 ms.
--------------------------------------------------
benchmarks/N-Queens/INST_600/80/inst600_80_47.txt : 1421 ms.
--------------------------------------------------
benchmarks/N-Queens/INST_600/80/inst600_80_48.txt : 1474 ms.
--------------------------------------------------
benchmarks/N-Queens/INST_600/80/inst600_80_49.txt : 1160 ms.
--------------------------------------------------
Traceback (most recent call last):
  File "/home/hanrui/AllDifferent-LS/solvers/nqueens_ort/n-queens_ortools.py", line 98, in <module>
    main(file)
  File "/home/hanrui/AllDifferent-LS/solvers/nqueens_ort/n-queens_ortools.py", line 49, in main
    lines.append(int(f.readline().strip()))
ValueError: invalid literal for int() with base 10: ''
benchmarks/N-Queens/INST_600/80/inst600_80_4.txt : 782 ms.
--------------------------------------------------
benchmarks/N-Queens/INST_600/80/inst600_80_50.txt : 918 ms.
--------------------------------------------------
SAT
benchmarks/N-Queens/INST_600/80/inst600_80_51.txt : 15566 ms.
--------------------------------------------------
benchmarks/N-Queens/INST_600/80/inst600_80_52.txt : 637 ms.
--------------------------------------------------
benchmarks/N-Queens/INST_600/80/inst600_80_53.txt : 676 ms.
--------------------------------------------------
Traceback (most recent call last):
  File "/home/hanrui/AllDifferent-LS/solvers/nqueens_ort/n-queens_ortools.py", line 98, in <module>
    main(file)
  File "/home/hanrui/AllDifferent-LS/solvers/nqueens_ort/n-queens_ortools.py", line 49, in main
    lines.append(int(f.readline().strip()))
ValueError: invalid literal for int() with base 10: ''
benchmarks/N-Queens/INST_600/80/inst600_80_54.txt : 663 ms.
--------------------------------------------------
benchmarks/N-Queens/INST_600/80/inst600_80_55.txt : 693 ms.
--------------------------------------------------
SAT
benchmarks/N-Queens/INST_600/80/inst600_80_56.txt : 25815 ms.
--------------------------------------------------
benchmarks/N-Queens/INST_600/80/inst600_80_57.txt : 1823 ms.
--------------------------------------------------
benchmarks/N-Queens/INST_600/80/inst600_80_58.txt : 1369 ms.
--------------------------------------------------
benchmarks/N-Queens/INST_600/80/inst600_80_59.txt : 1235 ms.
--------------------------------------------------
SAT
benchmarks/N-Queens/INST_600/80/inst600_80_5.txt : 24427 ms.
--------------------------------------------------
benchmarks/N-Queens/INST_600/80/inst600_80_60.txt : 1060 ms.
--------------------------------------------------
benchmarks/N-Queens/INST_600/80/inst600_80_61.txt : 691 ms.
--------------------------------------------------
benchmarks/N-Queens/INST_600/80/inst600_80_62.txt : 695 ms.
--------------------------------------------------
benchmarks/N-Queens/INST_600/80/inst600_80_63.txt : 657 ms.
--------------------------------------------------
Traceback (most recent call last):
  File "/home/hanrui/AllDifferent-LS/solvers/nqueens_ort/n-queens_ortools.py", line 98, in <module>
    main(file)
  File "/home/hanrui/AllDifferent-LS/solvers/nqueens_ort/n-queens_ortools.py", line 49, in main
    lines.append(int(f.readline().strip()))
ValueError: invalid literal for int() with base 10: ''
benchmarks/N-Queens/INST_600/80/inst600_80_64.txt : 471 ms.
--------------------------------------------------
benchmarks/N-Queens/INST_600/80/inst600_80_65.txt : 544 ms.
--------------------------------------------------
benchmarks/N-Queens/INST_600/80/inst600_80_66.txt : 633 ms.
--------------------------------------------------
benchmarks/N-Queens/INST_600/80/inst600_80_67.txt : 579 ms.
--------------------------------------------------
benchmarks/N-Queens/INST_600/80/inst600_80_68.txt : 610 ms.
--------------------------------------------------
SAT
benchmarks/N-Queens/INST_600/80/inst600_80_69.txt : 18523 ms.
--------------------------------------------------
SAT
benchmarks/N-Queens/INST_600/80/inst600_80_6.txt : 28404 ms.
--------------------------------------------------
benchmarks/N-Queens/INST_600/80/inst600_80_70.txt : 1420 ms.
--------------------------------------------------
benchmarks/N-Queens/INST_600/80/inst600_80_71.txt : 1176 ms.
--------------------------------------------------
benchmarks/N-Queens/INST_600/80/inst600_80_72.txt : 873 ms.
--------------------------------------------------
benchmarks/N-Queens/INST_600/80/inst600_80_73.txt : 549 ms.
--------------------------------------------------
Traceback (most recent call last):
  File "/home/hanrui/AllDifferent-LS/solvers/nqueens_ort/n-queens_ortools.py", line 98, in <module>
    main(file)
  File "/home/hanrui/AllDifferent-LS/solvers/nqueens_ort/n-queens_ortools.py", line 49, in main
    lines.append(int(f.readline().strip()))
ValueError: invalid literal for int() with base 10: ''
benchmarks/N-Queens/INST_600/80/inst600_80_74.txt : 459 ms.
--------------------------------------------------
benchmarks/N-Queens/INST_600/80/inst600_80_75.txt : 539 ms.
--------------------------------------------------
benchmarks/N-Queens/INST_600/80/inst600_80_76.txt : 605 ms.
--------------------------------------------------
benchmarks/N-Queens/INST_600/80/inst600_80_77.txt : 1173 ms.
--------------------------------------------------
benchmarks/N-Queens/INST_600/80/inst600_80_78.txt : 573 ms.
--------------------------------------------------
benchmarks/N-Queens/INST_600/80/inst600_80_79.txt : 576 ms.
--------------------------------------------------
SAT
benchmarks/N-Queens/INST_600/80/inst600_80_7.txt : 21113 ms.
--------------------------------------------------
benchmarks/N-Queens/INST_600/80/inst600_80_80.txt : 2350 ms.
--------------------------------------------------
SAT
benchmarks/N-Queens/INST_600/80/inst600_80_81.txt : 24357 ms.
--------------------------------------------------
benchmarks/N-Queens/INST_600/80/inst600_80_82.txt : 699 ms.
--------------------------------------------------
benchmarks/N-Queens/INST_600/80/inst600_80_83.txt : 1750 ms.
--------------------------------------------------
Traceback (most recent call last):
  File "/home/hanrui/AllDifferent-LS/solvers/nqueens_ort/n-queens_ortools.py", line 98, in <module>
    main(file)
  File "/home/hanrui/AllDifferent-LS/solvers/nqueens_ort/n-queens_ortools.py", line 49, in main
    lines.append(int(f.readline().strip()))
ValueError: invalid literal for int() with base 10: ''
benchmarks/N-Queens/INST_600/80/inst600_80_84.txt : 1074 ms.
--------------------------------------------------
SAT
benchmarks/N-Queens/INST_600/80/inst600_80_85.txt : 24864 ms.
--------------------------------------------------
benchmarks/N-Queens/INST_600/80/inst600_80_86.txt : 1286 ms.
--------------------------------------------------
benchmarks/N-Queens/INST_600/80/inst600_80_87.txt : 1064 ms.
--------------------------------------------------
SAT
benchmarks/N-Queens/INST_600/80/inst600_80_88.txt : 23144 ms.
--------------------------------------------------
benchmarks/N-Queens/INST_600/80/inst600_80_89.txt : 1230 ms.
--------------------------------------------------
benchmarks/N-Queens/INST_600/80/inst600_80_8.txt : 1025 ms.
--------------------------------------------------
benchmarks/N-Queens/INST_600/80/inst600_80_90.txt : 814 ms.
--------------------------------------------------
benchmarks/N-Queens/INST_600/80/inst600_80_91.txt : 1572 ms.
--------------------------------------------------
benchmarks/N-Queens/INST_600/80/inst600_80_92.txt : 926 ms.
--------------------------------------------------
benchmarks/N-Queens/INST_600/80/inst600_80_93.txt : 1094 ms.
--------------------------------------------------
Traceback (most recent call last):
  File "/home/hanrui/AllDifferent-LS/solvers/nqueens_ort/n-queens_ortools.py", line 98, in <module>
    main(file)
  File "/home/hanrui/AllDifferent-LS/solvers/nqueens_ort/n-queens_ortools.py", line 49, in main
    lines.append(int(f.readline().strip()))
ValueError: invalid literal for int() with base 10: ''
benchmarks/N-Queens/INST_600/80/inst600_80_94.txt : 721 ms.
--------------------------------------------------
SAT
benchmarks/N-Queens/INST_600/80/inst600_80_95.txt : 31008 ms.
--------------------------------------------------
benchmarks/N-Queens/INST_600/80/inst600_80_96.txt : 1272 ms.
--------------------------------------------------
benchmarks/N-Queens/INST_600/80/inst600_80_97.txt : 888 ms.
--------------------------------------------------
benchmarks/N-Queens/INST_600/80/inst600_80_98.txt : 734 ms.
--------------------------------------------------
benchmarks/N-Queens/INST_600/80/inst600_80_99.txt : 749 ms.
--------------------------------------------------
benchmarks/N-Queens/INST_600/80/inst600_80_9.txt : 968 ms.
