--------------------------------------------------
benchmarks/INST_25x25/40/inst25x25_40_0.txt : 1013413 ms.
--------------------------------------------------
benchmarks/INST_25x25/40/inst25x25_40_10.txt : 1006279 ms.
--------------------------------------------------
benchmarks/INST_25x25/40/inst25x25_40_11.txt : 1003750 ms.
--------------------------------------------------
benchmarks/INST_25x25/40/inst25x25_40_12.txt : 1009727 ms.
--------------------------------------------------
benchmarks/INST_25x25/40/inst25x25_40_13.txt : 1015253 ms.
--------------------------------------------------
benchmarks/INST_25x25/40/inst25x25_40_14.txt : 1007600 ms.
--------------------------------------------------
benchmarks/INST_25x25/40/inst25x25_40_15.txt find answer: 18.980000
benchmarks/INST_25x25/40/inst25x25_40_15.txt : 19072 ms.
--------------------------------------------------
benchmarks/INST_25x25/40/inst25x25_40_16.txt : 1004287 ms.
--------------------------------------------------
benchmarks/INST_25x25/40/inst25x25_40_17.txt : 1004458 ms.
--------------------------------------------------
benchmarks/INST_25x25/40/inst25x25_40_18.txt : 1007431 ms.
--------------------------------------------------
benchmarks/INST_25x25/40/inst25x25_40_19.txt : 1008135 ms.
--------------------------------------------------
benchmarks/INST_25x25/40/inst25x25_40_1.txt : 1009695 ms.
--------------------------------------------------
benchmarks/INST_25x25/40/inst25x25_40_20.txt find answer: 10.370000
benchmarks/INST_25x25/40/inst25x25_40_20.txt : 10437 ms.
--------------------------------------------------
benchmarks/INST_25x25/40/inst25x25_40_21.txt : 1002405 ms.
--------------------------------------------------
benchmarks/INST_25x25/40/inst25x25_40_22.txt find answer: 17.680000
benchmarks/INST_25x25/40/inst25x25_40_22.txt : 17739 ms.
--------------------------------------------------
benchmarks/INST_25x25/40/inst25x25_40_23.txt : 1003314 ms.
--------------------------------------------------
benchmarks/INST_25x25/40/inst25x25_40_24.txt : 1005899 ms.
--------------------------------------------------
benchmarks/INST_25x25/40/inst25x25_40_25.txt : 1011183 ms.
--------------------------------------------------
benchmarks/INST_25x25/40/inst25x25_40_26.txt : 1008427 ms.
--------------------------------------------------
benchmarks/INST_25x25/40/inst25x25_40_27.txt : 1004293 ms.
--------------------------------------------------
benchmarks/INST_25x25/40/inst25x25_40_28.txt : 1004424 ms.
--------------------------------------------------
benchmarks/INST_25x25/40/inst25x25_40_29.txt : 1005265 ms.
--------------------------------------------------
benchmarks/INST_25x25/40/inst25x25_40_2.txt find answer: 17.720000
benchmarks/INST_25x25/40/inst25x25_40_2.txt : 17806 ms.
--------------------------------------------------
benchmarks/INST_25x25/40/inst25x25_40_30.txt : 1012502 ms.
--------------------------------------------------
benchmarks/INST_25x25/40/inst25x25_40_31.txt : 1006100 ms.
--------------------------------------------------
benchmarks/INST_25x25/40/inst25x25_40_32.txt : 1005433 ms.
--------------------------------------------------
benchmarks/INST_25x25/40/inst25x25_40_33.txt find answer: 3.790000
benchmarks/INST_25x25/40/inst25x25_40_33.txt : 3848 ms.
--------------------------------------------------
benchmarks/INST_25x25/40/inst25x25_40_34.txt find answer: 671.140000
benchmarks/INST_25x25/40/inst25x25_40_34.txt : 672770 ms.
--------------------------------------------------
benchmarks/INST_25x25/40/inst25x25_40_35.txt find answer: 6.980000
benchmarks/INST_25x25/40/inst25x25_40_35.txt : 7023 ms.
--------------------------------------------------
benchmarks/INST_25x25/40/inst25x25_40_36.txt : 1003309 ms.
--------------------------------------------------
benchmarks/INST_25x25/40/inst25x25_40_37.txt : 1005762 ms.
--------------------------------------------------
benchmarks/INST_25x25/40/inst25x25_40_38.txt : 1016653 ms.
--------------------------------------------------
benchmarks/INST_25x25/40/inst25x25_40_39.txt : 1028148 ms.
--------------------------------------------------
benchmarks/INST_25x25/40/inst25x25_40_3.txt : 1007409 ms.
--------------------------------------------------
benchmarks/INST_25x25/40/inst25x25_40_40.txt : 1018761 ms.
--------------------------------------------------
benchmarks/INST_25x25/40/inst25x25_40_41.txt : 1008725 ms.
--------------------------------------------------
benchmarks/INST_25x25/40/inst25x25_40_42.txt : 1003819 ms.
--------------------------------------------------
benchmarks/INST_25x25/40/inst25x25_40_43.txt : 1015579 ms.
--------------------------------------------------
benchmarks/INST_25x25/40/inst25x25_40_44.txt : 1014715 ms.
--------------------------------------------------
benchmarks/INST_25x25/40/inst25x25_40_45.txt : 1006004 ms.
--------------------------------------------------
benchmarks/INST_25x25/40/inst25x25_40_46.txt : 1002724 ms.
--------------------------------------------------
benchmarks/INST_25x25/40/inst25x25_40_47.txt : 1014667 ms.
--------------------------------------------------
benchmarks/INST_25x25/40/inst25x25_40_48.txt : 1005143 ms.
--------------------------------------------------
benchmarks/INST_25x25/40/inst25x25_40_49.txt : 1021412 ms.
--------------------------------------------------
benchmarks/INST_25x25/40/inst25x25_40_4.txt : 1006662 ms.
--------------------------------------------------
benchmarks/INST_25x25/40/inst25x25_40_50.txt : 1004158 ms.
--------------------------------------------------
benchmarks/INST_25x25/40/inst25x25_40_51.txt : 1008149 ms.
--------------------------------------------------
benchmarks/INST_25x25/40/inst25x25_40_52.txt : 1012185 ms.
--------------------------------------------------
benchmarks/INST_25x25/40/inst25x25_40_53.txt find answer: 16.520000
benchmarks/INST_25x25/40/inst25x25_40_53.txt : 16587 ms.
--------------------------------------------------
benchmarks/INST_25x25/40/inst25x25_40_54.txt : 1014733 ms.
--------------------------------------------------
benchmarks/INST_25x25/40/inst25x25_40_55.txt find answer: 70.990000
benchmarks/INST_25x25/40/inst25x25_40_55.txt : 71180 ms.
--------------------------------------------------
benchmarks/INST_25x25/40/inst25x25_40_56.txt : 1004279 ms.
--------------------------------------------------
benchmarks/INST_25x25/40/inst25x25_40_57.txt : 1007483 ms.
--------------------------------------------------
benchmarks/INST_25x25/40/inst25x25_40_58.txt : 1004578 ms.
--------------------------------------------------
benchmarks/INST_25x25/40/inst25x25_40_59.txt : 1006582 ms.
--------------------------------------------------
benchmarks/INST_25x25/40/inst25x25_40_5.txt find answer: 155.360000
benchmarks/INST_25x25/40/inst25x25_40_5.txt : 155764 ms.
--------------------------------------------------
benchmarks/INST_25x25/40/inst25x25_40_60.txt : 1013208 ms.
--------------------------------------------------
benchmarks/INST_25x25/40/inst25x25_40_61.txt : 1012296 ms.
--------------------------------------------------
benchmarks/INST_25x25/40/inst25x25_40_62.txt : 1009076 ms.
--------------------------------------------------
benchmarks/INST_25x25/40/inst25x25_40_63.txt : 1006084 ms.
--------------------------------------------------
benchmarks/INST_25x25/40/inst25x25_40_64.txt : 1006868 ms.
--------------------------------------------------
benchmarks/INST_25x25/40/inst25x25_40_65.txt : 1009060 ms.
--------------------------------------------------
benchmarks/INST_25x25/40/inst25x25_40_66.txt : 1013553 ms.
--------------------------------------------------
benchmarks/INST_25x25/40/inst25x25_40_67.txt : 1003863 ms.
--------------------------------------------------
benchmarks/INST_25x25/40/inst25x25_40_68.txt : 1006590 ms.
--------------------------------------------------
benchmarks/INST_25x25/40/inst25x25_40_69.txt : 1027637 ms.
--------------------------------------------------
benchmarks/INST_25x25/40/inst25x25_40_6.txt : 1043983 ms.
--------------------------------------------------
benchmarks/INST_25x25/40/inst25x25_40_70.txt : 1004708 ms.
--------------------------------------------------
benchmarks/INST_25x25/40/inst25x25_40_71.txt : 1013325 ms.
--------------------------------------------------
benchmarks/INST_25x25/40/inst25x25_40_72.txt : 1011021 ms.
--------------------------------------------------
benchmarks/INST_25x25/40/inst25x25_40_73.txt : 1006246 ms.
--------------------------------------------------
benchmarks/INST_25x25/40/inst25x25_40_74.txt : 1007014 ms.
--------------------------------------------------
benchmarks/INST_25x25/40/inst25x25_40_75.txt : 1010878 ms.
--------------------------------------------------
benchmarks/INST_25x25/40/inst25x25_40_76.txt : 1004503 ms.
--------------------------------------------------
benchmarks/INST_25x25/40/inst25x25_40_77.txt find answer: 192.120000
benchmarks/INST_25x25/40/inst25x25_40_77.txt : 192607 ms.
--------------------------------------------------
benchmarks/INST_25x25/40/inst25x25_40_78.txt : 1008112 ms.
--------------------------------------------------
benchmarks/INST_25x25/40/inst25x25_40_79.txt : 1009578 ms.
--------------------------------------------------
benchmarks/INST_25x25/40/inst25x25_40_7.txt : 1009705 ms.
--------------------------------------------------
benchmarks/INST_25x25/40/inst25x25_40_80.txt : 1008518 ms.
--------------------------------------------------
benchmarks/INST_25x25/40/inst25x25_40_81.txt : 1009808 ms.
--------------------------------------------------
benchmarks/INST_25x25/40/inst25x25_40_82.txt : 1004339 ms.
--------------------------------------------------
benchmarks/INST_25x25/40/inst25x25_40_83.txt : 1010089 ms.
--------------------------------------------------
benchmarks/INST_25x25/40/inst25x25_40_84.txt find answer: 486.820000
benchmarks/INST_25x25/40/inst25x25_40_84.txt : 487999 ms.
--------------------------------------------------
benchmarks/INST_25x25/40/inst25x25_40_85.txt : 1003578 ms.
--------------------------------------------------
benchmarks/INST_25x25/40/inst25x25_40_86.txt : 1010825 ms.
--------------------------------------------------
benchmarks/INST_25x25/40/inst25x25_40_87.txt : 1007172 ms.
--------------------------------------------------
benchmarks/INST_25x25/40/inst25x25_40_88.txt find answer: 8.080000
benchmarks/INST_25x25/40/inst25x25_40_88.txt : 8228 ms.
--------------------------------------------------
benchmarks/INST_25x25/40/inst25x25_40_89.txt : 1006315 ms.
--------------------------------------------------
benchmarks/INST_25x25/40/inst25x25_40_8.txt : 1010424 ms.
--------------------------------------------------
benchmarks/INST_25x25/40/inst25x25_40_90.txt : 1016170 ms.
--------------------------------------------------
benchmarks/INST_25x25/40/inst25x25_40_91.txt : 1005994 ms.
--------------------------------------------------
benchmarks/INST_25x25/40/inst25x25_40_92.txt : 1008552 ms.
--------------------------------------------------
benchmarks/INST_25x25/40/inst25x25_40_93.txt : 1011897 ms.
--------------------------------------------------
benchmarks/INST_25x25/40/inst25x25_40_94.txt : 1007985 ms.
--------------------------------------------------
benchmarks/INST_25x25/40/inst25x25_40_95.txt : 1006683 ms.
--------------------------------------------------
benchmarks/INST_25x25/40/inst25x25_40_96.txt : 1005070 ms.
--------------------------------------------------
benchmarks/INST_25x25/40/inst25x25_40_97.txt : 1013240 ms.
--------------------------------------------------
benchmarks/INST_25x25/40/inst25x25_40_98.txt : 1011144 ms.
--------------------------------------------------
benchmarks/INST_25x25/40/inst25x25_40_99.txt : 1006664 ms.
--------------------------------------------------
benchmarks/INST_25x25/40/inst25x25_40_9.txt find answer: 65.360000
benchmarks/INST_25x25/40/inst25x25_40_9.txt : 65550 ms.
run.sh: line 77: 3: command not found
run.sh: line 78: syntax error near unexpected token `fi'
run.sh: line 78: `    fi'
