--------------------------------------------------
benchmarks_EXC/INST_49x49/40/inst49x49_40_0.txt : 1003132 ms.
--------------------------------------------------
benchmarks_EXC/INST_49x49/40/inst49x49_40_10.txt : 1003314 ms.
--------------------------------------------------
benchmarks_EXC/INST_49x49/40/inst49x49_40_11.txt : 1003691 ms.
--------------------------------------------------
benchmarks_EXC/INST_49x49/40/inst49x49_40_12.txt : 1003745 ms.
--------------------------------------------------
benchmarks_EXC/INST_49x49/40/inst49x49_40_13.txt : 1003635 ms.
--------------------------------------------------
benchmarks_EXC/INST_49x49/40/inst49x49_40_14.txt : 1003682 ms.
--------------------------------------------------
benchmarks_EXC/INST_49x49/40/inst49x49_40_15.txt : 1003385 ms.
--------------------------------------------------
benchmarks_EXC/INST_49x49/40/inst49x49_40_16.txt : 1004036 ms.
--------------------------------------------------
benchmarks_EXC/INST_49x49/40/inst49x49_40_17.txt : 1003413 ms.
--------------------------------------------------
benchmarks_EXC/INST_49x49/40/inst49x49_40_18.txt : 1003498 ms.
--------------------------------------------------
benchmarks_EXC/INST_49x49/40/inst49x49_40_19.txt : 1003554 ms.
--------------------------------------------------
benchmarks_EXC/INST_49x49/40/inst49x49_40_1.txt : 1003337 ms.
--------------------------------------------------
benchmarks_EXC/INST_49x49/40/inst49x49_40_20.txt : 1003408 ms.
--------------------------------------------------
benchmarks_EXC/INST_49x49/40/inst49x49_40_21.txt : 1004093 ms.
--------------------------------------------------
benchmarks_EXC/INST_49x49/40/inst49x49_40_22.txt : 1004046 ms.
--------------------------------------------------
benchmarks_EXC/INST_49x49/40/inst49x49_40_23.txt : 1002572 ms.
--------------------------------------------------
benchmarks_EXC/INST_49x49/40/inst49x49_40_24.txt : 1004394 ms.
--------------------------------------------------
benchmarks_EXC/INST_49x49/40/inst49x49_40_25.txt : 1003566 ms.
--------------------------------------------------
benchmarks_EXC/INST_49x49/40/inst49x49_40_26.txt : 1003600 ms.
--------------------------------------------------
benchmarks_EXC/INST_49x49/40/inst49x49_40_27.txt : 1003945 ms.
--------------------------------------------------
benchmarks_EXC/INST_49x49/40/inst49x49_40_28.txt : 1004083 ms.
--------------------------------------------------
benchmarks_EXC/INST_49x49/40/inst49x49_40_29.txt : 1003475 ms.
--------------------------------------------------
benchmarks_EXC/INST_49x49/40/inst49x49_40_2.txt : 1003353 ms.
--------------------------------------------------
benchmarks_EXC/INST_49x49/40/inst49x49_40_30.txt : 1002519 ms.
--------------------------------------------------
benchmarks_EXC/INST_49x49/40/inst49x49_40_31.txt : 1002635 ms.
--------------------------------------------------
benchmarks_EXC/INST_49x49/40/inst49x49_40_32.txt : 1003200 ms.
--------------------------------------------------
benchmarks_EXC/INST_49x49/40/inst49x49_40_33.txt : 1003377 ms.
--------------------------------------------------
benchmarks_EXC/INST_49x49/40/inst49x49_40_34.txt : 1002924 ms.
--------------------------------------------------
benchmarks_EXC/INST_49x49/40/inst49x49_40_35.txt : 1003262 ms.
--------------------------------------------------
benchmarks_EXC/INST_49x49/40/inst49x49_40_36.txt : 1003169 ms.
--------------------------------------------------
benchmarks_EXC/INST_49x49/40/inst49x49_40_37.txt : 1002808 ms.
--------------------------------------------------
benchmarks_EXC/INST_49x49/40/inst49x49_40_38.txt : 1003609 ms.
--------------------------------------------------
benchmarks_EXC/INST_49x49/40/inst49x49_40_39.txt : 1003088 ms.
--------------------------------------------------
benchmarks_EXC/INST_49x49/40/inst49x49_40_3.txt : 1003168 ms.
--------------------------------------------------
benchmarks_EXC/INST_49x49/40/inst49x49_40_40.txt : 1003634 ms.
--------------------------------------------------
benchmarks_EXC/INST_49x49/40/inst49x49_40_41.txt : 1002867 ms.
--------------------------------------------------
benchmarks_EXC/INST_49x49/40/inst49x49_40_42.txt : 1003034 ms.
--------------------------------------------------
benchmarks_EXC/INST_49x49/40/inst49x49_40_43.txt : 1003570 ms.
--------------------------------------------------
benchmarks_EXC/INST_49x49/40/inst49x49_40_44.txt : 1003867 ms.
--------------------------------------------------
benchmarks_EXC/INST_49x49/40/inst49x49_40_45.txt : 1002482 ms.
--------------------------------------------------
benchmarks_EXC/INST_49x49/40/inst49x49_40_46.txt : 1002843 ms.
--------------------------------------------------
benchmarks_EXC/INST_49x49/40/inst49x49_40_47.txt : 1003482 ms.
--------------------------------------------------
benchmarks_EXC/INST_49x49/40/inst49x49_40_48.txt : 1002961 ms.
--------------------------------------------------
benchmarks_EXC/INST_49x49/40/inst49x49_40_49.txt : 1003299 ms.
--------------------------------------------------
benchmarks_EXC/INST_49x49/40/inst49x49_40_4.txt : 1002520 ms.
--------------------------------------------------
benchmarks_EXC/INST_49x49/40/inst49x49_40_50.txt : 1003473 ms.
--------------------------------------------------
benchmarks_EXC/INST_49x49/40/inst49x49_40_51.txt : 1003196 ms.
--------------------------------------------------
benchmarks_EXC/INST_49x49/40/inst49x49_40_52.txt : 1003708 ms.
--------------------------------------------------
benchmarks_EXC/INST_49x49/40/inst49x49_40_53.txt : 1002680 ms.
--------------------------------------------------
benchmarks_EXC/INST_49x49/40/inst49x49_40_54.txt : 1002992 ms.
--------------------------------------------------
benchmarks_EXC/INST_49x49/40/inst49x49_40_55.txt : 1002872 ms.
--------------------------------------------------
benchmarks_EXC/INST_49x49/40/inst49x49_40_56.txt : 1003387 ms.
--------------------------------------------------
benchmarks_EXC/INST_49x49/40/inst49x49_40_57.txt : 1002913 ms.
--------------------------------------------------
benchmarks_EXC/INST_49x49/40/inst49x49_40_58.txt : 1002776 ms.
--------------------------------------------------
benchmarks_EXC/INST_49x49/40/inst49x49_40_59.txt : 1003369 ms.
--------------------------------------------------
benchmarks_EXC/INST_49x49/40/inst49x49_40_5.txt : 1003425 ms.
--------------------------------------------------
benchmarks_EXC/INST_49x49/40/inst49x49_40_60.txt : 1003288 ms.
--------------------------------------------------
benchmarks_EXC/INST_49x49/40/inst49x49_40_61.txt : 1002559 ms.
--------------------------------------------------
benchmarks_EXC/INST_49x49/40/inst49x49_40_62.txt : 1003410 ms.
--------------------------------------------------
benchmarks_EXC/INST_49x49/40/inst49x49_40_63.txt : 1002906 ms.
--------------------------------------------------
benchmarks_EXC/INST_49x49/40/inst49x49_40_64.txt : 1003015 ms.
--------------------------------------------------
benchmarks_EXC/INST_49x49/40/inst49x49_40_65.txt : 1004147 ms.
--------------------------------------------------
benchmarks_EXC/INST_49x49/40/inst49x49_40_66.txt : 1002800 ms.
--------------------------------------------------
benchmarks_EXC/INST_49x49/40/inst49x49_40_67.txt : 1003542 ms.
--------------------------------------------------
benchmarks_EXC/INST_49x49/40/inst49x49_40_68.txt : 1003762 ms.
--------------------------------------------------
benchmarks_EXC/INST_49x49/40/inst49x49_40_69.txt : 1003782 ms.
--------------------------------------------------
python: can't open file '/home/hanrui/Sudoku-LS/solvers/sudoku_ort/sudoku_dyh.py': [Errno 2] No such file or directory
benchmarks_EXC/INST_49x49/40/inst49x49_40_6.txt : 307 ms.
--------------------------------------------------
python: can't open file '/home/hanrui/Sudoku-LS/solvers/sudoku_ort/sudoku_dyh.py': [Errno 2] No such file or directory
benchmarks_EXC/INST_49x49/40/inst49x49_40_70.txt : 61 ms.
--------------------------------------------------
python: can't open file '/home/hanrui/Sudoku-LS/solvers/sudoku_ort/sudoku_dyh.py': [Errno 2] No such file or directory
benchmarks_EXC/INST_49x49/40/inst49x49_40_71.txt : 54 ms.
--------------------------------------------------
python: can't open file '/home/hanrui/Sudoku-LS/solvers/sudoku_ort/sudoku_dyh.py': [Errno 2] No such file or directory
benchmarks_EXC/INST_49x49/40/inst49x49_40_72.txt : 64 ms.
--------------------------------------------------
python: can't open file '/home/hanrui/Sudoku-LS/solvers/sudoku_ort/sudoku_dyh.py': [Errno 2] No such file or directory
benchmarks_EXC/INST_49x49/40/inst49x49_40_73.txt : 64 ms.
--------------------------------------------------
python: can't open file '/home/hanrui/Sudoku-LS/solvers/sudoku_ort/sudoku_dyh.py': [Errno 2] No such file or directory
benchmarks_EXC/INST_49x49/40/inst49x49_40_74.txt : 59 ms.
--------------------------------------------------
python: can't open file '/home/hanrui/Sudoku-LS/solvers/sudoku_ort/sudoku_dyh.py': [Errno 2] No such file or directory
benchmarks_EXC/INST_49x49/40/inst49x49_40_75.txt : 56 ms.
--------------------------------------------------
python: can't open file '/home/hanrui/Sudoku-LS/solvers/sudoku_ort/sudoku_dyh.py': [Errno 2] No such file or directory
benchmarks_EXC/INST_49x49/40/inst49x49_40_76.txt : 57 ms.
--------------------------------------------------
python: can't open file '/home/hanrui/Sudoku-LS/solvers/sudoku_ort/sudoku_dyh.py': [Errno 2] No such file or directory
benchmarks_EXC/INST_49x49/40/inst49x49_40_77.txt : 54 ms.
--------------------------------------------------
python: can't open file '/home/hanrui/Sudoku-LS/solvers/sudoku_ort/sudoku_dyh.py': [Errno 2] No such file or directory
benchmarks_EXC/INST_49x49/40/inst49x49_40_78.txt : 55 ms.
--------------------------------------------------
python: can't open file '/home/hanrui/Sudoku-LS/solvers/sudoku_ort/sudoku_dyh.py': [Errno 2] No such file or directory
benchmarks_EXC/INST_49x49/40/inst49x49_40_79.txt : 56 ms.
--------------------------------------------------
python: can't open file '/home/hanrui/Sudoku-LS/solvers/sudoku_ort/sudoku_dyh.py': [Errno 2] No such file or directory
benchmarks_EXC/INST_49x49/40/inst49x49_40_7.txt : 57 ms.
--------------------------------------------------
python: can't open file '/home/hanrui/Sudoku-LS/solvers/sudoku_ort/sudoku_dyh.py': [Errno 2] No such file or directory
benchmarks_EXC/INST_49x49/40/inst49x49_40_80.txt : 54 ms.
--------------------------------------------------
python: can't open file '/home/hanrui/Sudoku-LS/solvers/sudoku_ort/sudoku_dyh.py': [Errno 2] No such file or directory
benchmarks_EXC/INST_49x49/40/inst49x49_40_81.txt : 54 ms.
--------------------------------------------------
python: can't open file '/home/hanrui/Sudoku-LS/solvers/sudoku_ort/sudoku_dyh.py': [Errno 2] No such file or directory
benchmarks_EXC/INST_49x49/40/inst49x49_40_82.txt : 58 ms.
--------------------------------------------------
python: can't open file '/home/hanrui/Sudoku-LS/solvers/sudoku_ort/sudoku_dyh.py': [Errno 2] No such file or directory
benchmarks_EXC/INST_49x49/40/inst49x49_40_83.txt : 56 ms.
--------------------------------------------------
python: can't open file '/home/hanrui/Sudoku-LS/solvers/sudoku_ort/sudoku_dyh.py': [Errno 2] No such file or directory
benchmarks_EXC/INST_49x49/40/inst49x49_40_84.txt : 55 ms.
--------------------------------------------------
python: can't open file '/home/hanrui/Sudoku-LS/solvers/sudoku_ort/sudoku_dyh.py': [Errno 2] No such file or directory
benchmarks_EXC/INST_49x49/40/inst49x49_40_85.txt : 56 ms.
--------------------------------------------------
python: can't open file '/home/hanrui/Sudoku-LS/solvers/sudoku_ort/sudoku_dyh.py': [Errno 2] No such file or directory
benchmarks_EXC/INST_49x49/40/inst49x49_40_86.txt : 59 ms.
--------------------------------------------------
python: can't open file '/home/hanrui/Sudoku-LS/solvers/sudoku_ort/sudoku_dyh.py': [Errno 2] No such file or directory
benchmarks_EXC/INST_49x49/40/inst49x49_40_87.txt : 58 ms.
--------------------------------------------------
python: can't open file '/home/hanrui/Sudoku-LS/solvers/sudoku_ort/sudoku_dyh.py': [Errno 2] No such file or directory
benchmarks_EXC/INST_49x49/40/inst49x49_40_88.txt : 60 ms.
--------------------------------------------------
python: can't open file '/home/hanrui/Sudoku-LS/solvers/sudoku_ort/sudoku_dyh.py': [Errno 2] No such file or directory
benchmarks_EXC/INST_49x49/40/inst49x49_40_89.txt : 56 ms.
--------------------------------------------------
python: can't open file '/home/hanrui/Sudoku-LS/solvers/sudoku_ort/sudoku_dyh.py': [Errno 2] No such file or directory
benchmarks_EXC/INST_49x49/40/inst49x49_40_8.txt : 55 ms.
--------------------------------------------------
python: can't open file '/home/hanrui/Sudoku-LS/solvers/sudoku_ort/sudoku_dyh.py': [Errno 2] No such file or directory
benchmarks_EXC/INST_49x49/40/inst49x49_40_90.txt : 55 ms.
--------------------------------------------------
python: can't open file '/home/hanrui/Sudoku-LS/solvers/sudoku_ort/sudoku_dyh.py': [Errno 2] No such file or directory
benchmarks_EXC/INST_49x49/40/inst49x49_40_91.txt : 53 ms.
--------------------------------------------------
python: can't open file '/home/hanrui/Sudoku-LS/solvers/sudoku_ort/sudoku_dyh.py': [Errno 2] No such file or directory
benchmarks_EXC/INST_49x49/40/inst49x49_40_92.txt : 51 ms.
--------------------------------------------------
python: can't open file '/home/hanrui/Sudoku-LS/solvers/sudoku_ort/sudoku_dyh.py': [Errno 2] No such file or directory
benchmarks_EXC/INST_49x49/40/inst49x49_40_93.txt : 52 ms.
--------------------------------------------------
python: can't open file '/home/hanrui/Sudoku-LS/solvers/sudoku_ort/sudoku_dyh.py': [Errno 2] No such file or directory
benchmarks_EXC/INST_49x49/40/inst49x49_40_94.txt : 55 ms.
--------------------------------------------------
python: can't open file '/home/hanrui/Sudoku-LS/solvers/sudoku_ort/sudoku_dyh.py': [Errno 2] No such file or directory
benchmarks_EXC/INST_49x49/40/inst49x49_40_95.txt : 58 ms.
--------------------------------------------------
python: can't open file '/home/hanrui/Sudoku-LS/solvers/sudoku_ort/sudoku_dyh.py': [Errno 2] No such file or directory
benchmarks_EXC/INST_49x49/40/inst49x49_40_96.txt : 62 ms.
--------------------------------------------------
python: can't open file '/home/hanrui/Sudoku-LS/solvers/sudoku_ort/sudoku_dyh.py': [Errno 2] No such file or directory
benchmarks_EXC/INST_49x49/40/inst49x49_40_97.txt : 63 ms.
--------------------------------------------------
python: can't open file '/home/hanrui/Sudoku-LS/solvers/sudoku_ort/sudoku_dyh.py': [Errno 2] No such file or directory
benchmarks_EXC/INST_49x49/40/inst49x49_40_98.txt : 54 ms.
--------------------------------------------------
python: can't open file '/home/hanrui/Sudoku-LS/solvers/sudoku_ort/sudoku_dyh.py': [Errno 2] No such file or directory
benchmarks_EXC/INST_49x49/40/inst49x49_40_99.txt : 61 ms.
--------------------------------------------------
python: can't open file '/home/hanrui/Sudoku-LS/solvers/sudoku_ort/sudoku_dyh.py': [Errno 2] No such file or directory
benchmarks_EXC/INST_49x49/40/inst49x49_40_9.txt : 62 ms.
run.sh: line 84: syntax error near unexpected token `fi'
run.sh: line 84: `    fi'
