--------------------------------------------------
timeout: the monitored command dumped core
run.sh: line 11: 145300 Segmentation fault      timeout $time_t python solvers/nqueens_ort/n-queens_ortools.py $file
benchmarks_1/N-Queens/INST_1200/40/inst1200_40_0.txt : 53326 ms.
--------------------------------------------------
timeout: the monitored command dumped core
run.sh: line 11: 214718 Segmentation fault      timeout $time_t python solvers/nqueens_ort/n-queens_ortools.py $file
benchmarks_1/N-Queens/INST_1200/40/inst1200_40_10.txt : 67598 ms.
--------------------------------------------------
timeout: the monitored command dumped core
run.sh: line 11: 239554 Segmentation fault      timeout $time_t python solvers/nqueens_ort/n-queens_ortools.py $file
benchmarks_1/N-Queens/INST_1200/40/inst1200_40_11.txt : 82905 ms.
--------------------------------------------------
timeout: the monitored command dumped core
run.sh: line 11: 249391 Segmentation fault      timeout $time_t python solvers/nqueens_ort/n-queens_ortools.py $file
benchmarks_1/N-Queens/INST_1200/40/inst1200_40_12.txt : 67782 ms.
--------------------------------------------------
timeout: the monitored command dumped core
run.sh: line 11: 251391 Segmentation fault      timeout $time_t python solvers/nqueens_ort/n-queens_ortools.py $file
benchmarks_1/N-Queens/INST_1200/40/inst1200_40_13.txt : 89056 ms.
--------------------------------------------------
timeout: the monitored command dumped core
run.sh: line 11: 253633 Segmentation fault      timeout $time_t python solvers/nqueens_ort/n-queens_ortools.py $file
benchmarks_1/N-Queens/INST_1200/40/inst1200_40_14.txt : 85462 ms.
--------------------------------------------------
timeout: the monitored command dumped core
run.sh: line 11: 256668 Segmentation fault      timeout $time_t python solvers/nqueens_ort/n-queens_ortools.py $file
benchmarks_1/N-Queens/INST_1200/40/inst1200_40_15.txt : 66861 ms.
--------------------------------------------------
timeout: the monitored command dumped core
run.sh: line 11: 259070 Segmentation fault      timeout $time_t python solvers/nqueens_ort/n-queens_ortools.py $file
benchmarks_1/N-Queens/INST_1200/40/inst1200_40_16.txt : 70313 ms.
--------------------------------------------------
timeout: the monitored command dumped core
run.sh: line 11: 261956 Segmentation fault      timeout $time_t python solvers/nqueens_ort/n-queens_ortools.py $file
benchmarks_1/N-Queens/INST_1200/40/inst1200_40_17.txt : 68151 ms.
--------------------------------------------------
timeout: the monitored command dumped core
run.sh: line 11: 264796 Segmentation fault      timeout $time_t python solvers/nqueens_ort/n-queens_ortools.py $file
benchmarks_1/N-Queens/INST_1200/40/inst1200_40_18.txt : 69242 ms.
--------------------------------------------------
timeout: the monitored command dumped core
run.sh: line 11: 267675 Segmentation fault      timeout $time_t python solvers/nqueens_ort/n-queens_ortools.py $file
benchmarks_1/N-Queens/INST_1200/40/inst1200_40_19.txt : 61111 ms.
--------------------------------------------------
timeout: the monitored command dumped core
run.sh: line 11: 270597 Segmentation fault      timeout $time_t python solvers/nqueens_ort/n-queens_ortools.py $file
benchmarks_1/N-Queens/INST_1200/40/inst1200_40_1.txt : 83888 ms.
--------------------------------------------------
SAT
benchmarks_1/N-Queens/INST_1200/40/inst1200_40_20.txt : 805936 ms.
--------------------------------------------------
timeout: the monitored command dumped core
run.sh: line 11: 296481 Segmentation fault      timeout $time_t python solvers/nqueens_ort/n-queens_ortools.py $file
benchmarks_1/N-Queens/INST_1200/40/inst1200_40_21.txt : 76526 ms.
--------------------------------------------------
timeout: the monitored command dumped core
run.sh: line 11: 298425 Segmentation fault      timeout $time_t python solvers/nqueens_ort/n-queens_ortools.py $file
benchmarks_1/N-Queens/INST_1200/40/inst1200_40_22.txt : 62268 ms.
--------------------------------------------------
timeout: the monitored command dumped core
run.sh: line 11: 300526 Segmentation fault      timeout $time_t python solvers/nqueens_ort/n-queens_ortools.py $file
benchmarks_1/N-Queens/INST_1200/40/inst1200_40_23.txt : 69857 ms.
--------------------------------------------------
timeout: the monitored command dumped core
run.sh: line 11: 303150 Segmentation fault      timeout $time_t python solvers/nqueens_ort/n-queens_ortools.py $file
benchmarks_1/N-Queens/INST_1200/40/inst1200_40_24.txt : 77136 ms.
--------------------------------------------------
timeout: the monitored command dumped core
run.sh: line 11: 305296 Segmentation fault      timeout $time_t python solvers/nqueens_ort/n-queens_ortools.py $file
benchmarks_1/N-Queens/INST_1200/40/inst1200_40_25.txt : 68368 ms.
--------------------------------------------------
timeout: the monitored command dumped core
run.sh: line 11: 308009 Segmentation fault      timeout $time_t python solvers/nqueens_ort/n-queens_ortools.py $file
benchmarks_1/N-Queens/INST_1200/40/inst1200_40_26.txt : 66036 ms.
--------------------------------------------------
SAT
benchmarks_1/N-Queens/INST_1200/40/inst1200_40_27.txt : 798177 ms.
--------------------------------------------------
timeout: the monitored command dumped core
run.sh: line 11: 330121 Segmentation fault      timeout $time_t python solvers/nqueens_ort/n-queens_ortools.py $file
benchmarks_1/N-Queens/INST_1200/40/inst1200_40_28.txt : 60183 ms.
--------------------------------------------------
timeout: the monitored command dumped core
run.sh: line 11: 332462 Segmentation fault      timeout $time_t python solvers/nqueens_ort/n-queens_ortools.py $file
benchmarks_1/N-Queens/INST_1200/40/inst1200_40_29.txt : 87476 ms.
--------------------------------------------------
SAT
benchmarks_1/N-Queens/INST_1200/40/inst1200_40_2.txt : 830551 ms.
--------------------------------------------------
SAT
benchmarks_1/N-Queens/INST_1200/40/inst1200_40_30.txt : 948588 ms.
--------------------------------------------------
timeout: the monitored command dumped core
run.sh: line 11: 375423 Segmentation fault      timeout $time_t python solvers/nqueens_ort/n-queens_ortools.py $file
benchmarks_1/N-Queens/INST_1200/40/inst1200_40_31.txt : 61857 ms.
--------------------------------------------------
timeout: the monitored command dumped core
run.sh: line 11: 378234 Segmentation fault      timeout $time_t python solvers/nqueens_ort/n-queens_ortools.py $file
benchmarks_1/N-Queens/INST_1200/40/inst1200_40_32.txt : 85450 ms.
--------------------------------------------------
timeout: the monitored command dumped core
run.sh: line 11: 380432 Segmentation fault      timeout $time_t python solvers/nqueens_ort/n-queens_ortools.py $file
benchmarks_1/N-Queens/INST_1200/40/inst1200_40_33.txt : 80648 ms.
--------------------------------------------------
timeout: the monitored command dumped core
run.sh: line 11: 382482 Segmentation fault      timeout $time_t python solvers/nqueens_ort/n-queens_ortools.py $file
benchmarks_1/N-Queens/INST_1200/40/inst1200_40_34.txt : 67182 ms.
--------------------------------------------------
SAT
benchmarks_1/N-Queens/INST_1200/40/inst1200_40_35.txt : 931343 ms.
--------------------------------------------------
SAT
benchmarks_1/N-Queens/INST_1200/40/inst1200_40_36.txt : 842892 ms.
--------------------------------------------------
SAT
benchmarks_1/N-Queens/INST_1200/40/inst1200_40_37.txt : 869554 ms.
--------------------------------------------------
SAT
benchmarks_1/N-Queens/INST_1200/40/inst1200_40_38.txt : 768553 ms.
--------------------------------------------------
SAT
benchmarks_1/N-Queens/INST_1200/40/inst1200_40_39.txt : 750916 ms.
--------------------------------------------------
timeout: the monitored command dumped core
run.sh: line 11: 428628 Segmentation fault      timeout $time_t python solvers/nqueens_ort/n-queens_ortools.py $file
benchmarks_1/N-Queens/INST_1200/40/inst1200_40_3.txt : 69923 ms.
--------------------------------------------------
timeout: the monitored command dumped core
run.sh: line 11: 429384 Segmentation fault      timeout $time_t python solvers/nqueens_ort/n-queens_ortools.py $file
benchmarks_1/N-Queens/INST_1200/40/inst1200_40_40.txt : 88975 ms.
--------------------------------------------------
SAT
benchmarks_1/N-Queens/INST_1200/40/inst1200_40_41.txt : 886768 ms.
--------------------------------------------------
SAT
benchmarks_1/N-Queens/INST_1200/40/inst1200_40_42.txt : 850671 ms.
--------------------------------------------------
SAT
benchmarks_1/N-Queens/INST_1200/40/inst1200_40_43.txt : 823688 ms.
--------------------------------------------------
SAT
benchmarks_1/N-Queens/INST_1200/40/inst1200_40_44.txt : 801443 ms.
--------------------------------------------------
SAT
benchmarks_1/N-Queens/INST_1200/40/inst1200_40_45.txt : 708578 ms.
--------------------------------------------------
timeout: the monitored command dumped core
run.sh: line 11:  2877 Segmentation fault      timeout $time_t python solvers/nqueens_ort/n-queens_ortools.py $file
benchmarks_1/N-Queens/INST_1200/40/inst1200_40_46.txt : 68169 ms.
--------------------------------------------------
timeout: the monitored command dumped core
run.sh: line 11:  4268 Segmentation fault      timeout $time_t python solvers/nqueens_ort/n-queens_ortools.py $file
benchmarks_1/N-Queens/INST_1200/40/inst1200_40_47.txt : 66260 ms.
--------------------------------------------------
timeout: the monitored command dumped core
run.sh: line 11:  4708 Segmentation fault      timeout $time_t python solvers/nqueens_ort/n-queens_ortools.py $file
benchmarks_1/N-Queens/INST_1200/40/inst1200_40_48.txt : 62530 ms.
--------------------------------------------------
SAT
benchmarks_1/N-Queens/INST_1200/40/inst1200_40_49.txt : 758964 ms.
--------------------------------------------------
timeout: the monitored command dumped core
run.sh: line 11: 10714 Segmentation fault      timeout $time_t python solvers/nqueens_ort/n-queens_ortools.py $file
benchmarks_1/N-Queens/INST_1200/40/inst1200_40_4.txt : 77184 ms.
--------------------------------------------------
SAT
benchmarks_1/N-Queens/INST_1200/40/inst1200_40_50.txt : 876538 ms.
--------------------------------------------------
SAT
benchmarks_1/N-Queens/INST_1200/40/inst1200_40_51.txt : 879724 ms.
--------------------------------------------------
SAT
benchmarks_1/N-Queens/INST_1200/40/inst1200_40_52.txt : 714940 ms.
--------------------------------------------------
SAT
benchmarks_1/N-Queens/INST_1200/40/inst1200_40_53.txt : 796899 ms.
--------------------------------------------------
SAT
benchmarks_1/N-Queens/INST_1200/40/inst1200_40_54.txt : 910692 ms.
--------------------------------------------------
SAT
benchmarks_1/N-Queens/INST_1200/40/inst1200_40_55.txt : 763054 ms.
--------------------------------------------------
SAT
benchmarks_1/N-Queens/INST_1200/40/inst1200_40_56.txt : 666053 ms.
--------------------------------------------------
SAT
benchmarks_1/N-Queens/INST_1200/40/inst1200_40_57.txt : 704468 ms.
--------------------------------------------------
SAT
benchmarks_1/N-Queens/INST_1200/40/inst1200_40_58.txt : 672263 ms.
--------------------------------------------------
SAT
benchmarks_1/N-Queens/INST_1200/40/inst1200_40_59.txt : 783866 ms.
--------------------------------------------------
SAT
benchmarks_1/N-Queens/INST_1200/40/inst1200_40_5.txt : 784246 ms.
--------------------------------------------------
SAT
benchmarks_1/N-Queens/INST_1200/40/inst1200_40_60.txt : 698242 ms.
--------------------------------------------------
SAT
benchmarks_1/N-Queens/INST_1200/40/inst1200_40_61.txt : 761143 ms.
--------------------------------------------------
SAT
benchmarks_1/N-Queens/INST_1200/40/inst1200_40_62.txt : 743836 ms.
--------------------------------------------------
SAT
benchmarks_1/N-Queens/INST_1200/40/inst1200_40_63.txt : 765622 ms.
--------------------------------------------------
SAT
benchmarks_1/N-Queens/INST_1200/40/inst1200_40_64.txt : 779329 ms.
--------------------------------------------------
SAT
benchmarks_1/N-Queens/INST_1200/40/inst1200_40_65.txt : 752138 ms.
--------------------------------------------------
SAT
benchmarks_1/N-Queens/INST_1200/40/inst1200_40_66.txt : 715424 ms.
--------------------------------------------------
SAT
benchmarks_1/N-Queens/INST_1200/40/inst1200_40_67.txt : 723125 ms.
--------------------------------------------------
SAT
benchmarks_1/N-Queens/INST_1200/40/inst1200_40_68.txt : 583772 ms.
--------------------------------------------------
SAT
benchmarks_1/N-Queens/INST_1200/40/inst1200_40_69.txt : 701545 ms.
--------------------------------------------------
SAT
benchmarks_1/N-Queens/INST_1200/40/inst1200_40_6.txt : 784415 ms.
--------------------------------------------------
SAT
benchmarks_1/N-Queens/INST_1200/40/inst1200_40_70.txt : 635514 ms.
--------------------------------------------------
SAT
benchmarks_1/N-Queens/INST_1200/40/inst1200_40_71.txt : 677580 ms.
--------------------------------------------------
SAT
benchmarks_1/N-Queens/INST_1200/40/inst1200_40_72.txt : 703171 ms.
--------------------------------------------------
SAT
benchmarks_1/N-Queens/INST_1200/40/inst1200_40_73.txt : 698183 ms.
--------------------------------------------------
SAT
benchmarks_1/N-Queens/INST_1200/40/inst1200_40_74.txt : 775462 ms.
--------------------------------------------------
SAT
benchmarks_1/N-Queens/INST_1200/40/inst1200_40_75.txt : 673831 ms.
--------------------------------------------------
SAT
benchmarks_1/N-Queens/INST_1200/40/inst1200_40_76.txt : 648068 ms.
--------------------------------------------------
SAT
benchmarks_1/N-Queens/INST_1200/40/inst1200_40_77.txt : 632065 ms.
--------------------------------------------------
SAT
benchmarks_1/N-Queens/INST_1200/40/inst1200_40_78.txt : 627695 ms.
--------------------------------------------------
SAT
benchmarks_1/N-Queens/INST_1200/40/inst1200_40_79.txt : 642804 ms.
--------------------------------------------------
SAT
benchmarks_1/N-Queens/INST_1200/40/inst1200_40_7.txt : 589821 ms.
--------------------------------------------------
SAT
benchmarks_1/N-Queens/INST_1200/40/inst1200_40_80.txt : 680434 ms.
--------------------------------------------------
SAT
benchmarks_1/N-Queens/INST_1200/40/inst1200_40_81.txt : 638862 ms.
--------------------------------------------------
SAT
benchmarks_1/N-Queens/INST_1200/40/inst1200_40_82.txt : 567159 ms.
--------------------------------------------------
SAT
benchmarks_1/N-Queens/INST_1200/40/inst1200_40_83.txt : 558738 ms.
--------------------------------------------------
SAT
benchmarks_1/N-Queens/INST_1200/40/inst1200_40_84.txt : 687728 ms.
--------------------------------------------------
SAT
benchmarks_1/N-Queens/INST_1200/40/inst1200_40_85.txt : 525004 ms.
--------------------------------------------------
SAT
benchmarks_1/N-Queens/INST_1200/40/inst1200_40_86.txt : 690077 ms.
--------------------------------------------------
SAT
benchmarks_1/N-Queens/INST_1200/40/inst1200_40_87.txt : 604482 ms.
--------------------------------------------------
SAT
benchmarks_1/N-Queens/INST_1200/40/inst1200_40_88.txt : 569368 ms.
--------------------------------------------------
SAT
benchmarks_1/N-Queens/INST_1200/40/inst1200_40_89.txt : 623211 ms.
--------------------------------------------------
SAT
benchmarks_1/N-Queens/INST_1200/40/inst1200_40_8.txt : 560855 ms.
--------------------------------------------------
SAT
benchmarks_1/N-Queens/INST_1200/40/inst1200_40_90.txt : 683964 ms.
--------------------------------------------------
SAT
benchmarks_1/N-Queens/INST_1200/40/inst1200_40_91.txt : 598086 ms.
--------------------------------------------------
SAT
benchmarks_1/N-Queens/INST_1200/40/inst1200_40_92.txt : 652256 ms.
--------------------------------------------------
SAT
benchmarks_1/N-Queens/INST_1200/40/inst1200_40_93.txt : 638412 ms.
--------------------------------------------------
SAT
benchmarks_1/N-Queens/INST_1200/40/inst1200_40_94.txt : 589444 ms.
--------------------------------------------------
SAT
benchmarks_1/N-Queens/INST_1200/40/inst1200_40_95.txt : 584465 ms.
--------------------------------------------------
SAT
benchmarks_1/N-Queens/INST_1200/40/inst1200_40_96.txt : 672078 ms.
--------------------------------------------------
SAT
benchmarks_1/N-Queens/INST_1200/40/inst1200_40_97.txt : 653095 ms.
--------------------------------------------------
SAT
benchmarks_1/N-Queens/INST_1200/40/inst1200_40_98.txt : 594718 ms.
--------------------------------------------------
SAT
benchmarks_1/N-Queens/INST_1200/40/inst1200_40_99.txt : 473504 ms.
--------------------------------------------------
SAT
benchmarks_1/N-Queens/INST_1200/40/inst1200_40_9.txt : 681102 ms.
