--------------------------------------------------
SAT
benchmarks_1/N-Queens/INST_1200/80/inst1200_80_0.txt : 32138 ms.
--------------------------------------------------
SAT
benchmarks_1/N-Queens/INST_1200/80/inst1200_80_10.txt : 45764 ms.
--------------------------------------------------
SAT
benchmarks_1/N-Queens/INST_1200/80/inst1200_80_11.txt : 47255 ms.
--------------------------------------------------
SAT
benchmarks_1/N-Queens/INST_1200/80/inst1200_80_12.txt : 64162 ms.
--------------------------------------------------
SAT
benchmarks_1/N-Queens/INST_1200/80/inst1200_80_13.txt : 46769 ms.
--------------------------------------------------
timeout: the monitored command dumped core
run.sh: line 11: 250527 Segmentation fault      timeout $time_t python solvers/nqueens_ort/n-queens_ortools.py $file
benchmarks_1/N-Queens/INST_1200/80/inst1200_80_14.txt : 15701 ms.
--------------------------------------------------
SAT
benchmarks_1/N-Queens/INST_1200/80/inst1200_80_15.txt : 55595 ms.
--------------------------------------------------
SAT
benchmarks_1/N-Queens/INST_1200/80/inst1200_80_16.txt : 93422 ms.
--------------------------------------------------
SAT
benchmarks_1/N-Queens/INST_1200/80/inst1200_80_17.txt : 59451 ms.
--------------------------------------------------
timeout: the monitored command dumped core
run.sh: line 11: 257091 Segmentation fault      timeout $time_t python solvers/nqueens_ort/n-queens_ortools.py $file
benchmarks_1/N-Queens/INST_1200/80/inst1200_80_18.txt : 8177 ms.
--------------------------------------------------
timeout: the monitored command dumped core
run.sh: line 11: 257694 Segmentation fault      timeout $time_t python solvers/nqueens_ort/n-queens_ortools.py $file
benchmarks_1/N-Queens/INST_1200/80/inst1200_80_19.txt : 7289 ms.
--------------------------------------------------
timeout: the monitored command dumped core
run.sh: line 11: 257884 Segmentation fault      timeout $time_t python solvers/nqueens_ort/n-queens_ortools.py $file
benchmarks_1/N-Queens/INST_1200/80/inst1200_80_1.txt : 6299 ms.
--------------------------------------------------
timeout: the monitored command dumped core
run.sh: line 11: 258043 Segmentation fault      timeout $time_t python solvers/nqueens_ort/n-queens_ortools.py $file
benchmarks_1/N-Queens/INST_1200/80/inst1200_80_20.txt : 6503 ms.
--------------------------------------------------
SAT
benchmarks_1/N-Queens/INST_1200/80/inst1200_80_21.txt : 68033 ms.
--------------------------------------------------
timeout: the monitored command dumped core
run.sh: line 11: 260589 Segmentation fault      timeout $time_t python solvers/nqueens_ort/n-queens_ortools.py $file
benchmarks_1/N-Queens/INST_1200/80/inst1200_80_22.txt : 6509 ms.
--------------------------------------------------
timeout: the monitored command dumped core
run.sh: line 11: 260683 Segmentation fault      timeout $time_t python solvers/nqueens_ort/n-queens_ortools.py $file
benchmarks_1/N-Queens/INST_1200/80/inst1200_80_23.txt : 9208 ms.
--------------------------------------------------
SAT
benchmarks_1/N-Queens/INST_1200/80/inst1200_80_24.txt : 44531 ms.
--------------------------------------------------
SAT
benchmarks_1/N-Queens/INST_1200/80/inst1200_80_25.txt : 53237 ms.
--------------------------------------------------
timeout: the monitored command dumped core
run.sh: line 11: 265875 Segmentation fault      timeout $time_t python solvers/nqueens_ort/n-queens_ortools.py $file
benchmarks_1/N-Queens/INST_1200/80/inst1200_80_26.txt : 11678 ms.
--------------------------------------------------
timeout: the monitored command dumped core
run.sh: line 11: 266041 Segmentation fault      timeout $time_t python solvers/nqueens_ort/n-queens_ortools.py $file
benchmarks_1/N-Queens/INST_1200/80/inst1200_80_27.txt : 17199 ms.
--------------------------------------------------
timeout: the monitored command dumped core
run.sh: line 11: 266900 Segmentation fault      timeout $time_t python solvers/nqueens_ort/n-queens_ortools.py $file
benchmarks_1/N-Queens/INST_1200/80/inst1200_80_28.txt : 7101 ms.
--------------------------------------------------
timeout: the monitored command dumped core
run.sh: line 11: 267368 Segmentation fault      timeout $time_t python solvers/nqueens_ort/n-queens_ortools.py $file
benchmarks_1/N-Queens/INST_1200/80/inst1200_80_29.txt : 8139 ms.
--------------------------------------------------
SAT
benchmarks_1/N-Queens/INST_1200/80/inst1200_80_2.txt : 46776 ms.
--------------------------------------------------
timeout: the monitored command dumped core
run.sh: line 11: 269330 Segmentation fault      timeout $time_t python solvers/nqueens_ort/n-queens_ortools.py $file
benchmarks_1/N-Queens/INST_1200/80/inst1200_80_30.txt : 6071 ms.
--------------------------------------------------
timeout: the monitored command dumped core
run.sh: line 11: 269681 Segmentation fault      timeout $time_t python solvers/nqueens_ort/n-queens_ortools.py $file
benchmarks_1/N-Queens/INST_1200/80/inst1200_80_31.txt : 6151 ms.
--------------------------------------------------
timeout: the monitored command dumped core
run.sh: line 11: 269774 Segmentation fault      timeout $time_t python solvers/nqueens_ort/n-queens_ortools.py $file
benchmarks_1/N-Queens/INST_1200/80/inst1200_80_32.txt : 6640 ms.
--------------------------------------------------
timeout: the monitored command dumped core
run.sh: line 11: 270218 Segmentation fault      timeout $time_t python solvers/nqueens_ort/n-queens_ortools.py $file
benchmarks_1/N-Queens/INST_1200/80/inst1200_80_33.txt : 6024 ms.
--------------------------------------------------
timeout: the monitored command dumped core
run.sh: line 11: 270879 Segmentation fault      timeout $time_t python solvers/nqueens_ort/n-queens_ortools.py $file
benchmarks_1/N-Queens/INST_1200/80/inst1200_80_34.txt : 6872 ms.
--------------------------------------------------
timeout: the monitored command dumped core
run.sh: line 11: 271415 Segmentation fault      timeout $time_t python solvers/nqueens_ort/n-queens_ortools.py $file
benchmarks_1/N-Queens/INST_1200/80/inst1200_80_35.txt : 6838 ms.
--------------------------------------------------
timeout: the monitored command dumped core
run.sh: line 11: 271601 Segmentation fault      timeout $time_t python solvers/nqueens_ort/n-queens_ortools.py $file
benchmarks_1/N-Queens/INST_1200/80/inst1200_80_36.txt : 14829 ms.
--------------------------------------------------
timeout: the monitored command dumped core
run.sh: line 11: 271828 Segmentation fault      timeout $time_t python solvers/nqueens_ort/n-queens_ortools.py $file
benchmarks_1/N-Queens/INST_1200/80/inst1200_80_37.txt : 11296 ms.
--------------------------------------------------
timeout: the monitored command dumped core
run.sh: line 11: 272173 Segmentation fault      timeout $time_t python solvers/nqueens_ort/n-queens_ortools.py $file
benchmarks_1/N-Queens/INST_1200/80/inst1200_80_38.txt : 22634 ms.
--------------------------------------------------
timeout: the monitored command dumped core
run.sh: line 11: 272809 Segmentation fault      timeout $time_t python solvers/nqueens_ort/n-queens_ortools.py $file
benchmarks_1/N-Queens/INST_1200/80/inst1200_80_39.txt : 15362 ms.
--------------------------------------------------
timeout: the monitored command dumped core
run.sh: line 11: 273226 Segmentation fault      timeout $time_t python solvers/nqueens_ort/n-queens_ortools.py $file
benchmarks_1/N-Queens/INST_1200/80/inst1200_80_3.txt : 13051 ms.
--------------------------------------------------
timeout: the monitored command dumped core
run.sh: line 11: 273663 Segmentation fault      timeout $time_t python solvers/nqueens_ort/n-queens_ortools.py $file
benchmarks_1/N-Queens/INST_1200/80/inst1200_80_40.txt : 12788 ms.
--------------------------------------------------
SAT
benchmarks_1/N-Queens/INST_1200/80/inst1200_80_41.txt : 67647 ms.
--------------------------------------------------
SAT
benchmarks_1/N-Queens/INST_1200/80/inst1200_80_42.txt : 44661 ms.
--------------------------------------------------
SAT
benchmarks_1/N-Queens/INST_1200/80/inst1200_80_43.txt : 53997 ms.
--------------------------------------------------
SAT
benchmarks_1/N-Queens/INST_1200/80/inst1200_80_44.txt : 41566 ms.
--------------------------------------------------
SAT
benchmarks_1/N-Queens/INST_1200/80/inst1200_80_45.txt : 65848 ms.
--------------------------------------------------
timeout: the monitored command dumped core
run.sh: line 11: 282083 Segmentation fault      timeout $time_t python solvers/nqueens_ort/n-queens_ortools.py $file
benchmarks_1/N-Queens/INST_1200/80/inst1200_80_46.txt : 25827 ms.
--------------------------------------------------
SAT
benchmarks_1/N-Queens/INST_1200/80/inst1200_80_47.txt : 107480 ms.
--------------------------------------------------
timeout: the monitored command dumped core
run.sh: line 11: 284370 Segmentation fault      timeout $time_t python solvers/nqueens_ort/n-queens_ortools.py $file
benchmarks_1/N-Queens/INST_1200/80/inst1200_80_48.txt : 11975 ms.
--------------------------------------------------
SAT
benchmarks_1/N-Queens/INST_1200/80/inst1200_80_49.txt : 60871 ms.
--------------------------------------------------
SAT
benchmarks_1/N-Queens/INST_1200/80/inst1200_80_4.txt : 80660 ms.
--------------------------------------------------
timeout: the monitored command dumped core
run.sh: line 11: 289076 Segmentation fault      timeout $time_t python solvers/nqueens_ort/n-queens_ortools.py $file
benchmarks_1/N-Queens/INST_1200/80/inst1200_80_50.txt : 13875 ms.
--------------------------------------------------
timeout: the monitored command dumped core
run.sh: line 11: 289334 Segmentation fault      timeout $time_t python solvers/nqueens_ort/n-queens_ortools.py $file
benchmarks_1/N-Queens/INST_1200/80/inst1200_80_51.txt : 9936 ms.
--------------------------------------------------
timeout: the monitored command dumped core
run.sh: line 11: 289779 Segmentation fault      timeout $time_t python solvers/nqueens_ort/n-queens_ortools.py $file
benchmarks_1/N-Queens/INST_1200/80/inst1200_80_52.txt : 20700 ms.
--------------------------------------------------
SAT
benchmarks_1/N-Queens/INST_1200/80/inst1200_80_53.txt : 52209 ms.
--------------------------------------------------
timeout: the monitored command dumped core
run.sh: line 11: 291655 Segmentation fault      timeout $time_t python solvers/nqueens_ort/n-queens_ortools.py $file
benchmarks_1/N-Queens/INST_1200/80/inst1200_80_54.txt : 6526 ms.
--------------------------------------------------
timeout: the monitored command dumped core
run.sh: line 11: 292234 Segmentation fault      timeout $time_t python solvers/nqueens_ort/n-queens_ortools.py $file
benchmarks_1/N-Queens/INST_1200/80/inst1200_80_55.txt : 7831 ms.
--------------------------------------------------
timeout: the monitored command dumped core
run.sh: line 11: 292394 Segmentation fault      timeout $time_t python solvers/nqueens_ort/n-queens_ortools.py $file
benchmarks_1/N-Queens/INST_1200/80/inst1200_80_56.txt : 9821 ms.
--------------------------------------------------
SAT
benchmarks_1/N-Queens/INST_1200/80/inst1200_80_57.txt : 44207 ms.
--------------------------------------------------
timeout: the monitored command dumped core
run.sh: line 11: 294324 Segmentation fault      timeout $time_t python solvers/nqueens_ort/n-queens_ortools.py $file
benchmarks_1/N-Queens/INST_1200/80/inst1200_80_58.txt : 8772 ms.
--------------------------------------------------
timeout: the monitored command dumped core
run.sh: line 11: 294807 Segmentation fault      timeout $time_t python solvers/nqueens_ort/n-queens_ortools.py $file
benchmarks_1/N-Queens/INST_1200/80/inst1200_80_59.txt : 7413 ms.
--------------------------------------------------
timeout: the monitored command dumped core
run.sh: line 11: 295036 Segmentation fault      timeout $time_t python solvers/nqueens_ort/n-queens_ortools.py $file
benchmarks_1/N-Queens/INST_1200/80/inst1200_80_5.txt : 7537 ms.
--------------------------------------------------
timeout: the monitored command dumped core
run.sh: line 11: 295354 Segmentation fault      timeout $time_t python solvers/nqueens_ort/n-queens_ortools.py $file
benchmarks_1/N-Queens/INST_1200/80/inst1200_80_60.txt : 10035 ms.
--------------------------------------------------
SAT
benchmarks_1/N-Queens/INST_1200/80/inst1200_80_61.txt : 50445 ms.
--------------------------------------------------
timeout: the monitored command dumped core
run.sh: line 11: 297227 Segmentation fault      timeout $time_t python solvers/nqueens_ort/n-queens_ortools.py $file
benchmarks_1/N-Queens/INST_1200/80/inst1200_80_62.txt : 8785 ms.
--------------------------------------------------
timeout: the monitored command dumped core
run.sh: line 11: 297546 Segmentation fault      timeout $time_t python solvers/nqueens_ort/n-queens_ortools.py $file
benchmarks_1/N-Queens/INST_1200/80/inst1200_80_63.txt : 7672 ms.
--------------------------------------------------
timeout: the monitored command dumped core
run.sh: line 11: 297780 Segmentation fault      timeout $time_t python solvers/nqueens_ort/n-queens_ortools.py $file
benchmarks_1/N-Queens/INST_1200/80/inst1200_80_64.txt : 8478 ms.
--------------------------------------------------
timeout: the monitored command dumped core
run.sh: line 11: 297939 Segmentation fault      timeout $time_t python solvers/nqueens_ort/n-queens_ortools.py $file
benchmarks_1/N-Queens/INST_1200/80/inst1200_80_65.txt : 17422 ms.
--------------------------------------------------
SAT
benchmarks_1/N-Queens/INST_1200/80/inst1200_80_66.txt : 51687 ms.
--------------------------------------------------
timeout: the monitored command dumped core
run.sh: line 11: 299814 Segmentation fault      timeout $time_t python solvers/nqueens_ort/n-queens_ortools.py $file
benchmarks_1/N-Queens/INST_1200/80/inst1200_80_67.txt : 6556 ms.
--------------------------------------------------
timeout: the monitored command dumped core
run.sh: line 11: 300136 Segmentation fault      timeout $time_t python solvers/nqueens_ort/n-queens_ortools.py $file
benchmarks_1/N-Queens/INST_1200/80/inst1200_80_68.txt : 5606 ms.
--------------------------------------------------
timeout: the monitored command dumped core
run.sh: line 11: 300298 Segmentation fault      timeout $time_t python solvers/nqueens_ort/n-queens_ortools.py $file
benchmarks_1/N-Queens/INST_1200/80/inst1200_80_69.txt : 5623 ms.
--------------------------------------------------
timeout: the monitored command dumped core
run.sh: line 11: 300685 Segmentation fault      timeout $time_t python solvers/nqueens_ort/n-queens_ortools.py $file
benchmarks_1/N-Queens/INST_1200/80/inst1200_80_6.txt : 9489 ms.
--------------------------------------------------
timeout: the monitored command dumped core
run.sh: line 11: 301004 Segmentation fault      timeout $time_t python solvers/nqueens_ort/n-queens_ortools.py $file
benchmarks_1/N-Queens/INST_1200/80/inst1200_80_70.txt : 7605 ms.
--------------------------------------------------
timeout: the monitored command dumped core
run.sh: line 11: 301483 Segmentation fault      timeout $time_t python solvers/nqueens_ort/n-queens_ortools.py $file
benchmarks_1/N-Queens/INST_1200/80/inst1200_80_71.txt : 7747 ms.
--------------------------------------------------
timeout: the monitored command dumped core
run.sh: line 11: 301643 Segmentation fault      timeout $time_t python solvers/nqueens_ort/n-queens_ortools.py $file
benchmarks_1/N-Queens/INST_1200/80/inst1200_80_72.txt : 10798 ms.
--------------------------------------------------
timeout: the monitored command dumped core
run.sh: line 11: 301962 Segmentation fault      timeout $time_t python solvers/nqueens_ort/n-queens_ortools.py $file
benchmarks_1/N-Queens/INST_1200/80/inst1200_80_73.txt : 9435 ms.
--------------------------------------------------
timeout: the monitored command dumped core
run.sh: line 11: 302282 Segmentation fault      timeout $time_t python solvers/nqueens_ort/n-queens_ortools.py $file
benchmarks_1/N-Queens/INST_1200/80/inst1200_80_74.txt : 11188 ms.
--------------------------------------------------
timeout: the monitored command dumped core
run.sh: line 11: 302602 Segmentation fault      timeout $time_t python solvers/nqueens_ort/n-queens_ortools.py $file
benchmarks_1/N-Queens/INST_1200/80/inst1200_80_75.txt : 6205 ms.
--------------------------------------------------
timeout: the monitored command dumped core
run.sh: line 11: 302923 Segmentation fault      timeout $time_t python solvers/nqueens_ort/n-queens_ortools.py $file
benchmarks_1/N-Queens/INST_1200/80/inst1200_80_76.txt : 6934 ms.
--------------------------------------------------
timeout: the monitored command dumped core
run.sh: line 11: 303309 Segmentation fault      timeout $time_t python solvers/nqueens_ort/n-queens_ortools.py $file
benchmarks_1/N-Queens/INST_1200/80/inst1200_80_77.txt : 15221 ms.
--------------------------------------------------
timeout: the monitored command dumped core
run.sh: line 11: 304045 Segmentation fault      timeout $time_t python solvers/nqueens_ort/n-queens_ortools.py $file
benchmarks_1/N-Queens/INST_1200/80/inst1200_80_78.txt : 8884 ms.
--------------------------------------------------
SAT
benchmarks_1/N-Queens/INST_1200/80/inst1200_80_79.txt : 63129 ms.
--------------------------------------------------
timeout: the monitored command dumped core
run.sh: line 11: 305505 Segmentation fault      timeout $time_t python solvers/nqueens_ort/n-queens_ortools.py $file
benchmarks_1/N-Queens/INST_1200/80/inst1200_80_7.txt : 7732 ms.
--------------------------------------------------
SAT
benchmarks_1/N-Queens/INST_1200/80/inst1200_80_80.txt : 52342 ms.
--------------------------------------------------
SAT
benchmarks_1/N-Queens/INST_1200/80/inst1200_80_81.txt : 49088 ms.
--------------------------------------------------
SAT
benchmarks_1/N-Queens/INST_1200/80/inst1200_80_82.txt : 55448 ms.
--------------------------------------------------
SAT
benchmarks_1/N-Queens/INST_1200/80/inst1200_80_83.txt : 57819 ms.
--------------------------------------------------
SAT
benchmarks_1/N-Queens/INST_1200/80/inst1200_80_84.txt : 37965 ms.
--------------------------------------------------
timeout: the monitored command dumped core
run.sh: line 11: 313039 Segmentation fault      timeout $time_t python solvers/nqueens_ort/n-queens_ortools.py $file
benchmarks_1/N-Queens/INST_1200/80/inst1200_80_85.txt : 14302 ms.
--------------------------------------------------
SAT
benchmarks_1/N-Queens/INST_1200/80/inst1200_80_86.txt : 76918 ms.
--------------------------------------------------
SAT
benchmarks_1/N-Queens/INST_1200/80/inst1200_80_87.txt : 62270 ms.
--------------------------------------------------
SAT
benchmarks_1/N-Queens/INST_1200/80/inst1200_80_88.txt : 54674 ms.
--------------------------------------------------
timeout: the monitored command dumped core
run.sh: line 11: 317762 Segmentation fault      timeout $time_t python solvers/nqueens_ort/n-queens_ortools.py $file
benchmarks_1/N-Queens/INST_1200/80/inst1200_80_89.txt : 6223 ms.
--------------------------------------------------
timeout: the monitored command dumped core
run.sh: line 11: 318055 Segmentation fault      timeout $time_t python solvers/nqueens_ort/n-queens_ortools.py $file
benchmarks_1/N-Queens/INST_1200/80/inst1200_80_8.txt : 7742 ms.
--------------------------------------------------
timeout: the monitored command dumped core
run.sh: line 11: 318377 Segmentation fault      timeout $time_t python solvers/nqueens_ort/n-queens_ortools.py $file
benchmarks_1/N-Queens/INST_1200/80/inst1200_80_90.txt : 7827 ms.
--------------------------------------------------
timeout: the monitored command dumped core
run.sh: line 11: 318695 Segmentation fault      timeout $time_t python solvers/nqueens_ort/n-queens_ortools.py $file
benchmarks_1/N-Queens/INST_1200/80/inst1200_80_91.txt : 9920 ms.
--------------------------------------------------
timeout: the monitored command dumped core
run.sh: line 11: 319271 Segmentation fault      timeout $time_t python solvers/nqueens_ort/n-queens_ortools.py $file
benchmarks_1/N-Queens/INST_1200/80/inst1200_80_92.txt : 6508 ms.
--------------------------------------------------
timeout: the monitored command dumped core
run.sh: line 11: 319591 Segmentation fault      timeout $time_t python solvers/nqueens_ort/n-queens_ortools.py $file
benchmarks_1/N-Queens/INST_1200/80/inst1200_80_93.txt : 8900 ms.
--------------------------------------------------
timeout: the monitored command dumped core
run.sh: line 11: 319913 Segmentation fault      timeout $time_t python solvers/nqueens_ort/n-queens_ortools.py $file
benchmarks_1/N-Queens/INST_1200/80/inst1200_80_94.txt : 15987 ms.
--------------------------------------------------
timeout: the monitored command dumped core
run.sh: line 11: 320233 Segmentation fault      timeout $time_t python solvers/nqueens_ort/n-queens_ortools.py $file
benchmarks_1/N-Queens/INST_1200/80/inst1200_80_95.txt : 8647 ms.
--------------------------------------------------
timeout: the monitored command dumped core
run.sh: line 11: 320458 Segmentation fault      timeout $time_t python solvers/nqueens_ort/n-queens_ortools.py $file
benchmarks_1/N-Queens/INST_1200/80/inst1200_80_96.txt : 9719 ms.
--------------------------------------------------
timeout: the monitored command dumped core
run.sh: line 11: 320847 Segmentation fault      timeout $time_t python solvers/nqueens_ort/n-queens_ortools.py $file
benchmarks_1/N-Queens/INST_1200/80/inst1200_80_97.txt : 8222 ms.
--------------------------------------------------
timeout: the monitored command dumped core
run.sh: line 11: 321165 Segmentation fault      timeout $time_t python solvers/nqueens_ort/n-queens_ortools.py $file
benchmarks_1/N-Queens/INST_1200/80/inst1200_80_98.txt : 6964 ms.
--------------------------------------------------
timeout: the monitored command dumped core
run.sh: line 11: 321575 Segmentation fault      timeout $time_t python solvers/nqueens_ort/n-queens_ortools.py $file
benchmarks_1/N-Queens/INST_1200/80/inst1200_80_99.txt : 6566 ms.
--------------------------------------------------
SAT
benchmarks_1/N-Queens/INST_1200/80/inst1200_80_9.txt : 42596 ms.
