--------------------------------------------------
======================================================================
current best clash: 0
----------------------------------------------------------------------
current col clash: 0
current row clash: 0
current squ clash: 0
benchmarks_simp/INST_81x81/70/inst81x81_70_0.txt find answer: 0.000000
benchmarks_simp/INST_81x81/70/inst81x81_70_0.txt : 3326 ms.
--------------------------------------------------
======================================================================
current best clash: 0
----------------------------------------------------------------------
current col clash: 0
current row clash: 0
current squ clash: 0
benchmarks_simp/INST_81x81/70/inst81x81_70_10.txt find answer: 0.000000
benchmarks_simp/INST_81x81/70/inst81x81_70_10.txt : 3089 ms.
--------------------------------------------------
======================================================================
current best clash: 0
----------------------------------------------------------------------
current col clash: 0
current row clash: 0
current squ clash: 0
benchmarks_simp/INST_81x81/70/inst81x81_70_11.txt find answer: 0.000000
benchmarks_simp/INST_81x81/70/inst81x81_70_11.txt : 3685 ms.
--------------------------------------------------
======================================================================
current best clash: 0
----------------------------------------------------------------------
current col clash: 0
current row clash: 0
current squ clash: 0
benchmarks_simp/INST_81x81/70/inst81x81_70_12.txt find answer: 0.000000
benchmarks_simp/INST_81x81/70/inst81x81_70_12.txt : 2981 ms.
--------------------------------------------------
======================================================================
current best clash: 0
----------------------------------------------------------------------
current col clash: 0
current row clash: 0
current squ clash: 0
benchmarks_simp/INST_81x81/70/inst81x81_70_13.txt find answer: 0.000000
benchmarks_simp/INST_81x81/70/inst81x81_70_13.txt : 3039 ms.
--------------------------------------------------
======================================================================
current best clash: 0
----------------------------------------------------------------------
current col clash: 0
current row clash: 0
current squ clash: 0
benchmarks_simp/INST_81x81/70/inst81x81_70_14.txt find answer: 0.000000
benchmarks_simp/INST_81x81/70/inst81x81_70_14.txt : 3106 ms.
--------------------------------------------------
======================================================================
current best clash: 0
----------------------------------------------------------------------
current col clash: 0
current row clash: 0
current squ clash: 0
benchmarks_simp/INST_81x81/70/inst81x81_70_15.txt find answer: 0.000000
benchmarks_simp/INST_81x81/70/inst81x81_70_15.txt : 3271 ms.
--------------------------------------------------
