--------------------------------------------------
======================================================================
current best clash: 34
vertex(63, 12) and vertex(63, 15) same color: 6
vertex(61, 19) and vertex(61, 47) same color: 47
vertex(21, 55) and vertex(21, 59) same color: 49
vertex(58, 8) and vertex(58, 27) same color: 18
vertex(80, 2) and vertex(80, 50) same color: 53
vertex(12, 6) and vertex(12, 7) same color: 4
vertex(78, 77) and vertex(78, 79) same color: 21
vertex(62, 31) and vertex(62, 35) same color: 78
vertex(77, 16) and vertex(77, 24) same color: 20
vertex(37, 30) and vertex(76, 30) same color: 23
vertex(43, 2) and vertex(71, 2) same color: 8
vertex(38, 37) and vertex(38, 44) same color: 54
vertex(2, 15) and vertex(2, 80) same color: 60
vertex(28, 11) and vertex(69, 11) same color: 6
vertex(1, 13) and vertex(30, 13) same color: 42
vertex(5, 6) and vertex(5, 7) same color: 80
vertex(17, 34) and vertex(17, 36) same color: 24
vertex(73, 59) and vertex(73, 60) same color: 57
vertex(65, 80) and vertex(69, 80) same color: 41
vertex(75, 44) and vertex(75, 50) same color: 1
vertex(15, 17) and vertex(15, 74) same color: 69
vertex(12, 9) and vertex(16, 9) same color: 69
vertex(39, 5) and vertex(75, 5) same color: 80
vertex(47, 42) and vertex(68, 42) same color: 81
vertex(4, 43) and vertex(51, 43) same color: 54
vertex(38, 35) and vertex(66, 35) same color: 76
vertex(71, 2) and vertex(71, 4) same color: 8
vertex(62, 5) and vertex(72, 5) same color: 51
vertex(11, 1) and vertex(50, 1) same color: 22
vertex(39, 28) and vertex(65, 28) same color: 35
vertex(79, 4) and vertex(79, 73) same color: 72
vertex(77, 14) and vertex(77, 39) same color: 6
vertex(23, 33) and vertex(23, 50) same color: 80
vertex(12, 6) and vertex(22, 6) same color: 4
----------------------------------------------------------------------
current col clash: 20
current row clash: 14
current squ clash: 12
======================================================================
current best clash: 23
vertex(54, 48) and vertex(54, 69) same color: 40
vertex(34, 25) and vertex(34, 46) same color: 42
vertex(29, 9) and vertex(61, 9) same color: 37
vertex(53, 14) and vertex(53, 60) same color: 81
vertex(79, 46) and vertex(79, 69) same color: 48
vertex(10, 12) and vertex(13, 12) same color: 25
vertex(26, 4) and vertex(26, 55) same color: 19
vertex(17, 4) and vertex(17, 48) same color: 25
vertex(48, 3) and vertex(48, 5) same color: 3
vertex(29, 8) and vertex(29, 9) same color: 37
vertex(8, 29) and vertex(16, 29) same color: 54
vertex(74, 2) and vertex(74, 6) same color: 7
vertex(4, 8) and vertex(75, 8) same color: 3
vertex(19, 31) and vertex(39, 31) same color: 28
vertex(6, 75) and vertex(41, 75) same color: 38
vertex(23, 35) and vertex(38, 35) same color: 76
vertex(65, 23) and vertex(65, 71) same color: 5
vertex(27, 10) and vertex(27, 72) same color: 8
vertex(17, 32) and vertex(56, 32) same color: 36
vertex(33, 81) and vertex(39, 81) same color: 64
vertex(15, 5) and vertex(15, 58) same color: 81
vertex(66, 28) and vertex(66, 30) same color: 76
vertex(81, 51) and vertex(81, 56) same color: 61
----------------------------------------------------------------------
current col clash: 14
current row clash: 9
current squ clash: 5
======================================================================
current best clash: 18
vertex(4, 29) and vertex(8, 34) same color: 20
vertex(49, 10) and vertex(49, 73) same color: 11
vertex(6, 31) and vertex(32, 31) same color: 58
vertex(7, 64) and vertex(49, 64) same color: 34
vertex(42, 30) and vertex(42, 55) same color: 35
vertex(41, 3) and vertex(41, 13) same color: 16
vertex(2, 52) and vertex(2, 80) same color: 20
vertex(12, 9) and vertex(12, 42) same color: 8
vertex(46, 3) and vertex(46, 53) same color: 73
vertex(17, 4) and vertex(39, 4) same color: 57
vertex(12, 32) and vertex(69, 32) same color: 32
vertex(39, 33) and vertex(61, 33) same color: 14
vertex(11, 66) and vertex(13, 66) same color: 8
vertex(38, 41) and vertex(38, 58) same color: 40
vertex(48, 38) and vertex(48, 80) same color: 60
vertex(43, 1) and vertex(69, 1) same color: 12
vertex(50, 43) and vertex(54, 43) same color: 11
vertex(18, 36) and vertex(51, 36) same color: 20
----------------------------------------------------------------------
current col clash: 8
current row clash: 9
current squ clash: 3
======================================================================
current best clash: 18
vertex(20, 35) and vertex(62, 35) same color: 78
vertex(2, 42) and vertex(2, 52) same color: 22
vertex(4, 80) and vertex(68, 80) same color: 17
vertex(11, 66) and vertex(13, 66) same color: 8
vertex(38, 60) and vertex(38, 63) same color: 57
vertex(19, 1) and vertex(43, 1) same color: 63
vertex(12, 9) and vertex(12, 42) same color: 8
vertex(39, 33) and vertex(57, 33) same color: 4
vertex(46, 20) and vertex(46, 33) same color: 29
vertex(47, 1) and vertex(47, 58) same color: 40
vertex(54, 56) and vertex(59, 56) same color: 13
vertex(41, 13) and vertex(41, 68) same color: 2
vertex(5, 31) and vertex(42, 31) same color: 77
vertex(7, 64) and vertex(49, 64) same color: 34
vertex(13, 58) and vertex(23, 58) same color: 57
vertex(42, 9) and vertex(61, 9) same color: 37
vertex(53, 77) and vertex(53, 79) same color: 17
vertex(4, 29) and vertex(4, 31) same color: 4
----------------------------------------------------------------------
current col clash: 8
current row clash: 10
current squ clash: 4
======================================================================
current best clash: 13
vertex(29, 1) and vertex(29, 39) same color: 5
vertex(3, 49) and vertex(6, 49) same color: 17
vertex(48, 42) and vertex(48, 62) same color: 52
vertex(50, 43) and vertex(50, 70) same color: 11
vertex(33, 66) and vertex(73, 66) same color: 16
vertex(7, 21) and vertex(7, 42) same color: 17
vertex(72, 5) and vertex(72, 49) same color: 29
vertex(31, 2) and vertex(53, 2) same color: 27
vertex(68, 20) and vertex(68, 48) same color: 80
vertex(28, 5) and vertex(28, 45) same color: 44
vertex(37, 64) and vertex(53, 64) same color: 55
vertex(21, 9) and vertex(81, 9) same color: 25
vertex(2, 70) and vertex(61, 70) same color: 33
----------------------------------------------------------------------
current col clash: 7
current row clash: 6
current squ clash: 1
======================================================================
current best clash: 13
vertex(68, 20) and vertex(68, 48) same color: 80
vertex(46, 66) and vertex(73, 66) same color: 42
vertex(50, 43) and vertex(71, 43) same color: 81
vertex(37, 64) and vertex(53, 64) same color: 55
vertex(28, 45) and vertex(54, 45) same color: 5
vertex(20, 39) and vertex(29, 39) same color: 44
vertex(21, 9) and vertex(81, 9) same color: 25
vertex(3, 49) and vertex(6, 49) same color: 17
vertex(31, 2) and vertex(53, 2) same color: 27
vertex(7, 21) and vertex(7, 42) same color: 17
vertex(72, 5) and vertex(72, 49) same color: 29
vertex(32, 69) and vertex(40, 69) same color: 24
vertex(28, 41) and vertex(78, 41) same color: 11
----------------------------------------------------------------------
current col clash: 3
current row clash: 10
current squ clash: 1
======================================================================
current best clash: 9
vertex(1, 67) and vertex(2, 67) same color: 38
vertex(8, 38) and vertex(8, 51) same color: 34
vertex(12, 5) and vertex(12, 48) same color: 66
vertex(42, 69) and vertex(42, 70) same color: 44
vertex(14, 47) and vertex(14, 62) same color: 72
vertex(38, 17) and vertex(38, 44) same color: 31
vertex(40, 6) and vertex(40, 11) same color: 27
vertex(44, 42) and vertex(44, 51) same color: 35
vertex(5, 6) and vertex(5, 20) same color: 38
----------------------------------------------------------------------
current col clash: 8
current row clash: 1
current squ clash: 2
======================================================================
current best clash: 8
vertex(37, 12) and vertex(37, 77) same color: 68
vertex(38, 72) and vertex(43, 72) same color: 45
vertex(14, 58) and vertex(14, 73) same color: 57
vertex(13, 38) and vertex(15, 38) same color: 57
vertex(46, 67) and vertex(81, 67) same color: 28
vertex(40, 6) and vertex(40, 73) same color: 45
vertex(42, 19) and vertex(42, 31) same color: 21
vertex(53, 42) and vertex(53, 43) same color: 35
----------------------------------------------------------------------
current col clash: 5
current row clash: 3
current squ clash: 3
======================================================================
current best clash: 8
vertex(33, 17) and vertex(62, 17) same color: 61
vertex(37, 62) and vertex(37, 67) same color: 53
vertex(14, 58) and vertex(16, 58) same color: 35
vertex(13, 38) and vertex(15, 38) same color: 57
vertex(38, 54) and vertex(38, 79) same color: 14
vertex(53, 42) and vertex(53, 43) same color: 35
vertex(40, 40) and vertex(40, 73) same color: 45
vertex(37, 13) and vertex(46, 13) same color: 16
----------------------------------------------------------------------
current col clash: 4
current row clash: 4
current squ clash: 3
======================================================================
current best clash: 7
vertex(37, 62) and vertex(37, 67) same color: 53
vertex(51, 65) and vertex(51, 76) same color: 58
vertex(47, 3) and vertex(47, 13) same color: 53
vertex(38, 54) and vertex(38, 79) same color: 14
vertex(35, 9) and vertex(55, 9) same color: 79
vertex(40, 6) and vertex(40, 73) same color: 45
vertex(28, 4) and vertex(80, 4) same color: 9
----------------------------------------------------------------------
current col clash: 5
current row clash: 2
current squ clash: 0
======================================================================
current best clash: 7
vertex(40, 6) and vertex(40, 73) same color: 45
vertex(38, 54) and vertex(38, 79) same color: 14
vertex(28, 4) and vertex(80, 4) same color: 9
vertex(47, 3) and vertex(47, 13) same color: 53
vertex(37, 62) and vertex(37, 67) same color: 53
vertex(35, 9) and vertex(55, 9) same color: 79
vertex(54, 49) and vertex(54, 65) same color: 58
----------------------------------------------------------------------
current col clash: 5
current row clash: 2
current squ clash: 0
======================================================================
current best clash: 6
vertex(14, 28) and vertex(14, 77) same color: 47
vertex(62, 41) and vertex(62, 66) same color: 56
vertex(21, 51) and vertex(21, 77) same color: 13
vertex(22, 9) and vertex(22, 45) same color: 67
vertex(61, 38) and vertex(61, 73) same color: 12
vertex(12, 2) and vertex(12, 60) same color: 54
----------------------------------------------------------------------
current col clash: 6
current row clash: 0
current squ clash: 0
======================================================================
current best clash: 4
vertex(26, 42) and vertex(47, 42) same color: 24
vertex(28, 41) and vertex(49, 41) same color: 81
vertex(22, 9) and vertex(22, 45) same color: 67
vertex(21, 51) and vertex(23, 51) same color: 67
----------------------------------------------------------------------
current col clash: 1
current row clash: 3
current squ clash: 1
======================================================================
current best clash: 4
vertex(21, 25) and vertex(21, 44) same color: 3
vertex(22, 9) and vertex(22, 45) same color: 67
vertex(51, 32) and vertex(51, 68) same color: 5
vertex(49, 20) and vertex(49, 60) same color: 81
----------------------------------------------------------------------
current col clash: 4
current row clash: 0
current squ clash: 0
======================================================================
current best clash: 4
vertex(21, 51) and vertex(21, 77) same color: 13
vertex(40, 9) and vertex(40, 40) same color: 45
vertex(37, 3) and vertex(37, 52) same color: 21
vertex(22, 9) and vertex(22, 45) same color: 67
----------------------------------------------------------------------
current col clash: 4
current row clash: 0
current squ clash: 0
======================================================================
current best clash: 2
vertex(48, 5) and vertex(48, 60) same color: 28
vertex(52, 43) and vertex(52, 50) same color: 54
----------------------------------------------------------------------
current col clash: 2
current row clash: 0
current squ clash: 0
======================================================================
current best clash: 2
vertex(52, 43) and vertex(52, 50) same color: 54
vertex(48, 60) and vertex(48, 69) same color: 81
----------------------------------------------------------------------
current col clash: 2
current row clash: 0
current squ clash: 0
======================================================================
current best clash: 2
vertex(41, 68) and vertex(54, 68) same color: 30
vertex(9, 65) and vertex(69, 65) same color: 79
----------------------------------------------------------------------
current col clash: 0
current row clash: 2
current squ clash: 0
======================================================================
current best clash: 2
vertex(41, 68) and vertex(57, 68) same color: 22
vertex(38, 69) and vertex(48, 69) same color: 69
----------------------------------------------------------------------
current col clash: 0
current row clash: 2
current squ clash: 0
======================================================================
current best clash: 2
vertex(27, 68) and vertex(57, 68) same color: 60
vertex(38, 69) and vertex(48, 69) same color: 69
----------------------------------------------------------------------
current col clash: 0
current row clash: 2
current squ clash: 0
======================================================================
current best clash: 2
vertex(52, 43) and vertex(52, 50) same color: 54
vertex(48, 60) and vertex(48, 69) same color: 81
----------------------------------------------------------------------
current col clash: 2
current row clash: 0
current squ clash: 0
======================================================================
current best clash: 2
vertex(48, 60) and vertex(48, 69) same color: 81
vertex(49, 32) and vertex(49, 68) same color: 79
----------------------------------------------------------------------
current col clash: 2
current row clash: 0
current squ clash: 0
======================================================================
current best clash: 2
vertex(48, 42) and vertex(48, 69) same color: 52
vertex(51, 43) and vertex(51, 81) same color: 54
----------------------------------------------------------------------
current col clash: 2
current row clash: 0
current squ clash: 0
======================================================================
current best clash: 2
vertex(33, 72) and vertex(52, 72) same color: 16
vertex(11, 69) and vertex(48, 69) same color: 54
----------------------------------------------------------------------
current col clash: 0
current row clash: 2
current squ clash: 0
======================================================================
current best clash: 2
vertex(47, 34) and vertex(47, 55) same color: 65
vertex(49, 9) and vertex(49, 79) same color: 64
----------------------------------------------------------------------
current col clash: 2
current row clash: 0
current squ clash: 0
======================================================================
current best clash: 2
vertex(60, 9) and vertex(60, 70) same color: 24
vertex(55, 6) and vertex(55, 47) same color: 77
----------------------------------------------------------------------
current col clash: 2
current row clash: 0
current squ clash: 0
======================================================================
current best clash: 2
vertex(51, 43) and vertex(51, 68) same color: 54
vertex(47, 6) and vertex(48, 6) same color: 54
----------------------------------------------------------------------
current col clash: 1
current row clash: 1
current squ clash: 1
======================================================================
current best clash: 2
vertex(47, 24) and vertex(61, 24) same color: 54
vertex(32, 20) and vertex(50, 20) same color: 1
----------------------------------------------------------------------
current col clash: 0
current row clash: 2
current squ clash: 0
======================================================================
current best clash: 2
vertex(46, 15) and vertex(46, 38) same color: 19
vertex(54, 61) and vertex(54, 76) same color: 76
----------------------------------------------------------------------
current col clash: 2
current row clash: 0
current squ clash: 0
======================================================================
current best clash: 0
----------------------------------------------------------------------
current col clash: 0
current row clash: 0
current squ clash: 0
benchmarks_simp/INST_81x81/40/inst81x81_40_0.txt find answer: 18.200000
benchmarks_simp/INST_81x81/40/inst81x81_40_0.txt : 21291 ms.
--------------------------------------------------
