--------------------------------------------------
======================================================================
current best clash: 0
----------------------------------------------------------------------
current col clash: 0
current row clash: 0
current squ clash: 0
benchmarks_simp/INST_81x81/80/inst81x81_80_0.txt find answer: 0.000000
benchmarks_simp/INST_81x81/80/inst81x81_80_0.txt : 3473 ms.
--------------------------------------------------
======================================================================
current best clash: 0
----------------------------------------------------------------------
current col clash: 0
current row clash: 0
current squ clash: 0
benchmarks_simp/INST_81x81/80/inst81x81_80_10.txt find answer: 0.000000
benchmarks_simp/INST_81x81/80/inst81x81_80_10.txt : 3010 ms.
--------------------------------------------------
======================================================================
current best clash: 0
----------------------------------------------------------------------
current col clash: 0
current row clash: 0
current squ clash: 0
benchmarks_simp/INST_81x81/80/inst81x81_80_11.txt find answer: 0.000000
benchmarks_simp/INST_81x81/80/inst81x81_80_11.txt : 3611 ms.
--------------------------------------------------
======================================================================
current best clash: 0
----------------------------------------------------------------------
current col clash: 0
current row clash: 0
current squ clash: 0
benchmarks_simp/INST_81x81/80/inst81x81_80_12.txt find answer: 0.000000
benchmarks_simp/INST_81x81/80/inst81x81_80_12.txt : 3032 ms.
--------------------------------------------------
======================================================================
current best clash: 0
----------------------------------------------------------------------
current col clash: 0
current row clash: 0
current squ clash: 0
benchmarks_simp/INST_81x81/80/inst81x81_80_13.txt find answer: 0.000000
benchmarks_simp/INST_81x81/80/inst81x81_80_13.txt : 3011 ms.
--------------------------------------------------
======================================================================
current best clash: 0
----------------------------------------------------------------------
current col clash: 0
current row clash: 0
current squ clash: 0
benchmarks_simp/INST_81x81/80/inst81x81_80_14.txt find answer: 0.000000
benchmarks_simp/INST_81x81/80/inst81x81_80_14.txt : 2989 ms.
--------------------------------------------------
======================================================================
current best clash: 0
----------------------------------------------------------------------
current col clash: 0
current row clash: 0
current squ clash: 0
benchmarks_simp/INST_81x81/80/inst81x81_80_15.txt find answer: 0.000000
benchmarks_simp/INST_81x81/80/inst81x81_80_15.txt : 3003 ms.
--------------------------------------------------
