--------------------------------------------------
======================================================================
current best clash: 82
vertex(37, 34) and vertex(37, 81) same color: 7
vertex(29, 19) and vertex(29, 50) same color: 62
vertex(10, 34) and vertex(10, 56) same color: 67
vertex(31, 14) and vertex(34, 14) same color: 62
vertex(13, 69) and vertex(16, 68) same color: 76
vertex(15, 44) and vertex(17, 43) same color: 12
vertex(3, 25) and vertex(22, 25) same color: 16
vertex(6, 79) and vertex(81, 79) same color: 59
vertex(21, 10) and vertex(31, 10) same color: 53
vertex(27, 7) and vertex(68, 7) same color: 27
vertex(3, 13) and vertex(57, 13) same color: 48
vertex(12, 12) and vertex(44, 12) same color: 32
vertex(73, 38) and vertex(73, 44) same color: 44
vertex(67, 4) and vertex(71, 4) same color: 1
vertex(78, 29) and vertex(78, 32) same color: 12
vertex(14, 74) and vertex(49, 74) same color: 30
vertex(4, 23) and vertex(6, 22) same color: 1
vertex(18, 27) and vertex(68, 27) same color: 37
vertex(44, 5) and vertex(44, 16) same color: 30
vertex(34, 43) and vertex(34, 45) same color: 72
vertex(63, 31) and vertex(63, 49) same color: 48
vertex(81, 69) and vertex(81, 70) same color: 8
vertex(43, 2) and vertex(71, 2) same color: 79
vertex(7, 29) and vertex(70, 29) same color: 1
vertex(50, 65) and vertex(52, 69) same color: 44
vertex(31, 78) and vertex(31, 80) same color: 9
vertex(10, 12) and vertex(17, 12) same color: 54
vertex(26, 54) and vertex(27, 54) same color: 71
vertex(35, 68) and vertex(35, 71) same color: 8
vertex(43, 80) and vertex(43, 81) same color: 66
vertex(11, 44) and vertex(18, 44) same color: 40
vertex(77, 15) and vertex(77, 48) same color: 70
vertex(30, 73) and vertex(30, 76) same color: 76
vertex(73, 4) and vertex(73, 24) same color: 77
vertex(37, 10) and vertex(79, 10) same color: 45
vertex(25, 57) and vertex(25, 74) same color: 53
vertex(21, 10) and vertex(24, 14) same color: 53
vertex(46, 29) and vertex(46, 35) same color: 31
vertex(79, 73) and vertex(79, 78) same color: 30
vertex(47, 18) and vertex(54, 18) same color: 76
vertex(65, 24) and vertex(70, 24) same color: 8
vertex(74, 64) and vertex(74, 70) same color: 62
vertex(24, 38) and vertex(24, 42) same color: 30
vertex(23, 20) and vertex(23, 78) same color: 71
vertex(3, 77) and vertex(76, 77) same color: 9
vertex(60, 66) and vertex(60, 72) same color: 5
vertex(63, 22) and vertex(63, 27) same color: 57
vertex(68, 38) and vertex(68, 72) same color: 76
vertex(67, 39) and vertex(68, 38) same color: 76
vertex(47, 72) and vertex(60, 72) same color: 5
vertex(62, 11) and vertex(62, 13) same color: 6
vertex(24, 65) and vertex(37, 65) same color: 56
vertex(10, 50) and vertex(66, 50) same color: 79
vertex(17, 8) and vertex(17, 27) same color: 76
vertex(31, 34) and vertex(59, 34) same color: 31
vertex(7, 70) and vertex(81, 70) same color: 8
vertex(79, 10) and vertex(81, 12) same color: 45
vertex(29, 31) and vertex(29, 48) same color: 52
vertex(67, 64) and vertex(70, 64) same color: 30
vertex(11, 30) and vertex(11, 36) same color: 1
vertex(8, 30) and vertex(65, 30) same color: 48
vertex(5, 15) and vertex(5, 58) same color: 76
vertex(22, 49) and vertex(45, 49) same color: 47
vertex(39, 11) and vertex(45, 16) same color: 28
vertex(33, 5) and vertex(34, 5) same color: 15
vertex(16, 17) and vertex(72, 17) same color: 6
vertex(36, 8) and vertex(36, 21) same color: 13
vertex(9, 7) and vertex(9, 62) same color: 48
vertex(3, 49) and vertex(18, 49) same color: 57
vertex(28, 24) and vertex(28, 26) same color: 37
vertex(21, 39) and vertex(49, 39) same color: 12
vertex(41, 46) and vertex(41, 75) same color: 28
vertex(38, 54) and vertex(38, 63) same color: 80
vertex(54, 73) and vertex(64, 73) same color: 18
vertex(18, 47) and vertex(18, 79) same color: 72
vertex(14, 36) and vertex(14, 50) same color: 42
vertex(4, 23) and vertex(4, 54) same color: 1
vertex(32, 53) and vertex(32, 54) same color: 57
vertex(40, 13) and vertex(40, 32) same color: 53
vertex(14, 42) and vertex(79, 42) same color: 76
vertex(76, 56) and vertex(78, 56) same color: 16
vertex(36, 22) and vertex(63, 22) same color: 57
----------------------------------------------------------------------
current col clash: 39
current row clash: 35
current squ clash: 36
======================================================================
current best clash: 56
vertex(40, 17) and vertex(43, 10) same color: 45
vertex(72, 37) and vertex(80, 37) same color: 55
vertex(22, 78) and vertex(31, 78) same color: 28
vertex(64, 12) and vertex(70, 11) same color: 12
vertex(13, 72) and vertex(66, 72) same color: 1
vertex(1, 57) and vertex(1, 70) same color: 31
vertex(67, 64) and vertex(67, 67) same color: 2
vertex(43, 55) and vertex(43, 80) same color: 17
vertex(60, 50) and vertex(60, 67) same color: 32
vertex(71, 3) and vertex(71, 65) same color: 46
vertex(62, 22) and vertex(65, 22) same color: 46
vertex(33, 81) and vertex(58, 81) same color: 37
vertex(28, 8) and vertex(33, 8) same color: 39
vertex(69, 1) and vertex(69, 24) same color: 34
vertex(21, 66) and vertex(73, 66) same color: 2
vertex(33, 38) and vertex(33, 61) same color: 71
vertex(34, 42) and vertex(34, 68) same color: 39
vertex(25, 68) and vertex(75, 68) same color: 56
vertex(78, 23) and vertex(78, 58) same color: 27
vertex(3, 20) and vertex(81, 20) same color: 77
vertex(38, 7) and vertex(38, 75) same color: 19
vertex(31, 17) and vertex(40, 17) same color: 45
vertex(59, 13) and vertex(59, 15) same color: 66
vertex(8, 17) and vertex(8, 32) same color: 70
vertex(31, 34) and vertex(34, 34) same color: 43
vertex(24, 70) and vertex(39, 70) same color: 46
vertex(64, 12) and vertex(64, 34) same color: 12
vertex(79, 30) and vertex(81, 30) same color: 27
vertex(54, 7) and vertex(54, 18) same color: 77
vertex(73, 52) and vertex(73, 72) same color: 46
vertex(56, 43) and vertex(59, 43) same color: 79
vertex(25, 5) and vertex(51, 5) same color: 45
vertex(75, 51) and vertex(75, 55) same color: 47
vertex(37, 1) and vertex(78, 1) same color: 54
vertex(5, 4) and vertex(5, 7) same color: 45
vertex(46, 37) and vertex(46, 55) same color: 46
vertex(5, 45) and vertex(6, 45) same color: 55
vertex(14, 79) and vertex(37, 79) same color: 31
vertex(31, 41) and vertex(73, 41) same color: 23
vertex(52, 39) and vertex(52, 43) same color: 23
vertex(4, 44) and vertex(71, 44) same color: 64
vertex(32, 80) and vertex(33, 81) same color: 37
vertex(81, 62) and vertex(81, 66) same color: 36
vertex(72, 42) and vertex(72, 54) same color: 45
vertex(66, 5) and vertex(66, 76) same color: 26
vertex(5, 15) and vertex(5, 53) same color: 57
vertex(24, 18) and vertex(29, 18) same color: 32
vertex(79, 73) and vertex(79, 77) same color: 45
vertex(61, 59) and vertex(61, 66) same color: 14
vertex(37, 33) and vertex(37, 35) same color: 37
vertex(56, 31) and vertex(61, 31) same color: 32
vertex(1, 64) and vertex(8, 64) same color: 57
vertex(74, 11) and vertex(74, 16) same color: 40
vertex(23, 35) and vertex(46, 35) same color: 31
vertex(38, 75) and vertex(42, 75) same color: 19
vertex(39, 69) and vertex(39, 70) same color: 46
----------------------------------------------------------------------
current col clash: 28
current row clash: 25
current squ clash: 19
======================================================================
current best clash: 56
vertex(72, 42) and vertex(72, 54) same color: 45
vertex(28, 8) and vertex(33, 8) same color: 39
vertex(67, 64) and vertex(67, 67) same color: 2
vertex(23, 35) and vertex(46, 35) same color: 31
vertex(81, 62) and vertex(81, 66) same color: 36
vertex(13, 72) and vertex(66, 72) same color: 1
vertex(8, 17) and vertex(8, 32) same color: 70
vertex(38, 75) and vertex(72, 75) same color: 61
vertex(25, 68) and vertex(75, 68) same color: 56
vertex(5, 4) and vertex(73, 4) same color: 55
vertex(69, 1) and vertex(69, 24) same color: 34
vertex(28, 81) and vertex(33, 81) same color: 11
vertex(59, 13) and vertex(59, 15) same color: 66
vertex(31, 41) and vertex(73, 41) same color: 23
vertex(56, 43) and vertex(59, 43) same color: 79
vertex(24, 18) and vertex(29, 18) same color: 32
vertex(37, 33) and vertex(37, 35) same color: 37
vertex(5, 15) and vertex(5, 53) same color: 57
vertex(25, 5) and vertex(25, 6) same color: 44
vertex(54, 7) and vertex(54, 18) same color: 77
vertex(79, 73) and vertex(79, 77) same color: 45
vertex(3, 20) and vertex(81, 20) same color: 77
vertex(74, 11) and vertex(74, 16) same color: 40
vertex(31, 34) and vertex(34, 34) same color: 43
vertex(34, 68) and vertex(34, 71) same color: 73
vertex(4, 44) and vertex(71, 44) same color: 64
vertex(56, 31) and vertex(56, 36) same color: 14
vertex(75, 51) and vertex(75, 55) same color: 47
vertex(37, 65) and vertex(41, 65) same color: 17
vertex(1, 70) and vertex(7, 70) same color: 48
vertex(73, 52) and vertex(73, 72) same color: 46
vertex(66, 5) and vertex(66, 76) same color: 26
vertex(52, 39) and vertex(52, 43) same color: 23
vertex(21, 66) and vertex(73, 66) same color: 2
vertex(62, 17) and vertex(69, 17) same color: 40
vertex(5, 45) and vertex(38, 45) same color: 13
vertex(33, 38) and vertex(33, 61) same color: 71
vertex(14, 79) and vertex(37, 79) same color: 31
vertex(78, 29) and vertex(78, 30) same color: 31
vertex(40, 13) and vertex(40, 17) same color: 13
vertex(71, 3) and vertex(71, 65) same color: 46
vertex(13, 37) and vertex(46, 37) same color: 52
vertex(22, 78) and vertex(31, 78) same color: 28
vertex(62, 22) and vertex(65, 22) same color: 46
vertex(37, 1) and vertex(78, 1) same color: 54
vertex(43, 55) and vertex(43, 80) same color: 17
vertex(12, 12) and vertex(64, 12) same color: 42
vertex(64, 13) and vertex(67, 13) same color: 26
vertex(38, 75) and vertex(38, 80) same color: 61
vertex(39, 38) and vertex(39, 70) same color: 56
vertex(61, 59) and vertex(61, 66) same color: 14
vertex(60, 50) and vertex(60, 67) same color: 32
vertex(3, 36) and vertex(33, 36) same color: 37
vertex(72, 37) and vertex(80, 37) same color: 55
vertex(1, 70) and vertex(1, 80) same color: 48
vertex(76, 43) and vertex(81, 43) same color: 46
----------------------------------------------------------------------
current col clash: 28
current row clash: 28
current squ clash: 20
======================================================================
current best clash: 49
vertex(31, 78) and vertex(50, 78) same color: 43
vertex(52, 3) and vertex(61, 3) same color: 30
vertex(28, 27) and vertex(28, 81) same color: 42
vertex(48, 66) and vertex(48, 68) same color: 31
vertex(23, 27) and vertex(48, 27) same color: 63
vertex(32, 11) and vertex(34, 11) same color: 42
vertex(65, 5) and vertex(65, 24) same color: 6
vertex(50, 10) and vertex(50, 48) same color: 31
vertex(14, 36) and vertex(57, 36) same color: 25
vertex(71, 44) and vertex(71, 56) same color: 64
vertex(75, 45) and vertex(75, 65) same color: 53
vertex(20, 30) and vertex(20, 71) same color: 4
vertex(30, 8) and vertex(36, 8) same color: 42
vertex(23, 31) and vertex(24, 31) same color: 66
vertex(21, 75) and vertex(72, 75) same color: 8
vertex(26, 64) and vertex(27, 64) same color: 44
vertex(39, 26) and vertex(39, 69) same color: 22
vertex(24, 62) and vertex(24, 80) same color: 44
vertex(29, 30) and vertex(29, 48) same color: 42
vertex(43, 33) and vertex(45, 33) same color: 20
vertex(66, 12) and vertex(66, 21) same color: 46
vertex(70, 3) and vertex(70, 56) same color: 35
vertex(67, 30) and vertex(67, 34) same color: 25
vertex(31, 10) and vertex(43, 10) same color: 45
vertex(81, 70) and vertex(81, 81) same color: 17
vertex(67, 23) and vertex(78, 23) same color: 27
vertex(69, 21) and vertex(69, 45) same color: 58
vertex(8, 28) and vertex(8, 51) same color: 16
vertex(8, 1) and vertex(16, 1) same color: 18
vertex(76, 4) and vertex(76, 23) same color: 12
vertex(81, 73) and vertex(81, 75) same color: 34
vertex(5, 45) and vertex(9, 45) same color: 16
vertex(78, 13) and vertex(78, 14) same color: 32
vertex(7, 17) and vertex(7, 27) same color: 36
vertex(8, 17) and vertex(49, 17) same color: 70
vertex(27, 21) and vertex(74, 21) same color: 4
vertex(12, 15) and vertex(29, 15) same color: 32
vertex(5, 69) and vertex(46, 69) same color: 32
vertex(22, 13) and vertex(22, 15) same color: 1
vertex(6, 8) and vertex(6, 13) same color: 61
vertex(49, 4) and vertex(49, 32) same color: 1
vertex(46, 73) and vertex(54, 73) same color: 76
vertex(20, 6) and vertex(67, 6) same color: 8
vertex(10, 43) and vertex(56, 43) same color: 49
vertex(71, 28) and vertex(71, 51) same color: 21
vertex(41, 21) and vertex(41, 76) same color: 20
vertex(31, 22) and vertex(31, 73) same color: 69
vertex(64, 13) and vertex(64, 16) same color: 64
vertex(7, 70) and vertex(17, 70) same color: 15
----------------------------------------------------------------------
current col clash: 27
current row clash: 22
current squ clash: 13
======================================================================
current best clash: 48
vertex(67, 30) and vertex(67, 34) same color: 25
vertex(6, 8) and vertex(6, 13) same color: 61
vertex(14, 36) and vertex(57, 36) same color: 25
vertex(37, 13) and vertex(78, 13) same color: 63
vertex(32, 11) and vertex(34, 11) same color: 42
vertex(21, 75) and vertex(72, 75) same color: 8
vertex(66, 25) and vertex(66, 56) same color: 35
vertex(41, 21) and vertex(41, 76) same color: 20
vertex(49, 13) and vertex(49, 73) same color: 34
vertex(20, 30) and vertex(20, 71) same color: 4
vertex(48, 66) and vertex(48, 68) same color: 31
vertex(69, 21) and vertex(70, 21) same color: 66
vertex(29, 30) and vertex(29, 48) same color: 42
vertex(67, 23) and vertex(78, 23) same color: 27
vertex(39, 26) and vertex(39, 69) same color: 22
vertex(12, 15) and vertex(29, 15) same color: 32
vertex(20, 6) and vertex(67, 6) same color: 8
vertex(28, 27) and vertex(28, 81) same color: 42
vertex(8, 28) and vertex(8, 51) same color: 16
vertex(71, 28) and vertex(71, 51) same color: 21
vertex(43, 33) and vertex(45, 33) same color: 20
vertex(22, 67) and vertex(22, 69) same color: 15
vertex(65, 5) and vertex(65, 24) same color: 6
vertex(10, 43) and vertex(56, 43) same color: 49
vertex(1, 17) and vertex(7, 17) same color: 64
vertex(81, 73) and vertex(81, 80) same color: 8
vertex(8, 17) and vertex(49, 17) same color: 70
vertex(23, 31) and vertex(24, 31) same color: 66
vertex(50, 10) and vertex(50, 48) same color: 31
vertex(46, 49) and vertex(46, 73) same color: 4
vertex(8, 1) and vertex(16, 1) same color: 18
vertex(31, 22) and vertex(31, 73) same color: 69
vertex(52, 3) and vertex(61, 3) same color: 30
vertex(5, 45) and vertex(9, 45) same color: 16
vertex(31, 78) and vertex(50, 78) same color: 43
vertex(17, 70) and vertex(17, 71) same color: 32
vertex(23, 27) and vertex(23, 80) same color: 4
vertex(30, 8) and vertex(36, 8) same color: 42
vertex(81, 70) and vertex(81, 81) same color: 17
vertex(71, 29) and vertex(71, 56) same color: 14
vertex(76, 4) and vertex(76, 23) same color: 12
vertex(49, 4) and vertex(49, 32) same color: 1
vertex(26, 21) and vertex(26, 26) same color: 46
vertex(64, 13) and vertex(64, 16) same color: 64
vertex(31, 10) and vertex(43, 10) same color: 45
vertex(75, 41) and vertex(75, 45) same color: 49
vertex(19, 10) and vertex(19, 45) same color: 66
vertex(22, 15) and vertex(73, 15) same color: 76
----------------------------------------------------------------------
current col clash: 28
current row clash: 20
current squ clash: 15
======================================================================
current best clash: 46
vertex(22, 67) and vertex(22, 69) same color: 15
vertex(40, 12) and vertex(40, 17) same color: 35
vertex(28, 6) and vertex(54, 6) same color: 77
vertex(52, 15) and vertex(52, 17) same color: 46
vertex(76, 39) and vertex(76, 64) same color: 23
vertex(66, 12) and vertex(66, 21) same color: 46
vertex(16, 7) and vertex(50, 7) same color: 37
vertex(76, 4) and vertex(76, 23) same color: 12
vertex(28, 37) and vertex(28, 56) same color: 59
vertex(6, 8) and vertex(6, 9) same color: 33
vertex(20, 8) and vertex(20, 23) same color: 63
vertex(71, 28) and vertex(71, 51) same color: 21
vertex(39, 19) and vertex(39, 26) same color: 10
vertex(65, 33) and vertex(65, 55) same color: 66
vertex(26, 31) and vertex(26, 33) same color: 14
vertex(19, 10) and vertex(19, 45) same color: 66
vertex(43, 33) and vertex(45, 33) same color: 20
vertex(23, 27) and vertex(23, 39) same color: 4
vertex(78, 22) and vertex(78, 23) same color: 20
vertex(80, 73) and vertex(81, 73) same color: 12
vertex(7, 26) and vertex(39, 26) same color: 10
vertex(10, 43) and vertex(56, 43) same color: 49
vertex(50, 10) and vertex(74, 10) same color: 52
vertex(73, 4) and vertex(73, 77) same color: 63
vertex(32, 11) and vertex(34, 11) same color: 42
vertex(21, 17) and vertex(26, 17) same color: 65
vertex(67, 30) and vertex(67, 34) same color: 25
vertex(28, 10) and vertex(62, 10) same color: 35
vertex(31, 81) and vertex(45, 81) same color: 7
vertex(64, 13) and vertex(70, 16) same color: 64
vertex(9, 14) and vertex(76, 14) same color: 76
vertex(21, 75) and vertex(72, 75) same color: 8
vertex(31, 78) and vertex(31, 80) same color: 9
vertex(5, 45) and vertex(9, 45) same color: 16
vertex(14, 36) and vertex(57, 36) same color: 25
vertex(29, 15) and vertex(30, 15) same color: 59
vertex(19, 5) and vertex(23, 5) same color: 46
vertex(1, 17) and vertex(7, 17) same color: 64
vertex(8, 28) and vertex(8, 51) same color: 16
vertex(70, 16) and vertex(70, 56) same color: 64
vertex(46, 68) and vertex(48, 66) same color: 31
vertex(7, 70) and vertex(17, 70) same color: 15
vertex(75, 41) and vertex(75, 45) same color: 49
vertex(81, 70) and vertex(81, 81) same color: 17
vertex(46, 6) and vertex(46, 73) same color: 66
vertex(6, 8) and vertex(56, 8) same color: 33
----------------------------------------------------------------------
current col clash: 24
current row clash: 20
current squ clash: 20
======================================================================
current best clash: 35
vertex(30, 73) and vertex(54, 73) same color: 70
vertex(18, 10) and vertex(37, 10) same color: 25
vertex(57, 4) and vertex(57, 33) same color: 3
vertex(60, 17) and vertex(60, 73) same color: 17
vertex(67, 66) and vertex(68, 66) same color: 72
vertex(64, 15) and vertex(64, 18) same color: 29
vertex(27, 13) and vertex(75, 13) same color: 66
vertex(56, 12) and vertex(56, 28) same color: 79
vertex(66, 3) and vertex(66, 33) same color: 28
vertex(32, 18) and vertex(34, 14) same color: 62
vertex(55, 15) and vertex(55, 64) same color: 66
vertex(60, 56) and vertex(68, 56) same color: 58
vertex(13, 12) and vertex(35, 12) same color: 49
vertex(23, 65) and vertex(25, 65) same color: 30
vertex(21, 78) and vertex(22, 78) same color: 31
vertex(40, 31) and vertex(57, 31) same color: 45
vertex(22, 18) and vertex(22, 38) same color: 30
vertex(21, 12) and vertex(73, 12) same color: 65
vertex(10, 17) and vertex(48, 17) same color: 24
vertex(18, 12) and vertex(39, 12) same color: 2
vertex(61, 23) and vertex(69, 23) same color: 66
vertex(61, 23) and vertex(61, 24) same color: 66
vertex(52, 17) and vertex(52, 66) same color: 40
vertex(72, 7) and vertex(72, 48) same color: 72
vertex(51, 9) and vertex(51, 63) same color: 46
vertex(12, 16) and vertex(62, 16) same color: 39
vertex(62, 29) and vertex(62, 36) same color: 69
vertex(30, 73) and vertex(30, 79) same color: 70
vertex(55, 55) and vertex(59, 55) same color: 3
vertex(71, 35) and vertex(76, 35) same color: 79
vertex(13, 30) and vertex(37, 30) same color: 69
vertex(27, 21) and vertex(27, 60) same color: 36
vertex(47, 16) and vertex(47, 70) same color: 77
vertex(70, 54) and vertex(70, 71) same color: 45
vertex(20, 14) and vertex(34, 14) same color: 62
----------------------------------------------------------------------
current col clash: 16
current row clash: 18
current squ clash: 9
======================================================================
current best clash: 32
vertex(37, 12) and vertex(44, 12) same color: 15
vertex(18, 12) and vertex(39, 12) same color: 2
vertex(18, 67) and vertex(51, 67) same color: 40
vertex(3, 29) and vertex(45, 29) same color: 47
vertex(21, 66) and vertex(67, 66) same color: 29
vertex(73, 12) and vertex(73, 13) same color: 24
vertex(37, 30) and vertex(38, 30) same color: 23
vertex(58, 13) and vertex(58, 17) same color: 45
vertex(55, 28) and vertex(55, 38) same color: 43
vertex(10, 17) and vertex(48, 17) same color: 24
vertex(23, 52) and vertex(66, 52) same color: 45
vertex(8, 30) and vertex(15, 30) same color: 21
vertex(37, 33) and vertex(48, 33) same color: 14
vertex(23, 35) and vertex(23, 78) same color: 71
vertex(47, 28) and vertex(47, 70) same color: 27
vertex(27, 21) and vertex(27, 60) same color: 36
vertex(41, 54) and vertex(60, 54) same color: 80
vertex(31, 10) and vertex(43, 10) same color: 45
vertex(27, 13) and vertex(75, 13) same color: 66
vertex(52, 66) and vertex(52, 77) same color: 5
vertex(53, 16) and vertex(64, 16) same color: 37
vertex(11, 14) and vertex(33, 14) same color: 38
vertex(29, 45) and vertex(29, 62) same color: 76
vertex(34, 5) and vertex(34, 39) same color: 19
vertex(56, 9) and vertex(56, 43) same color: 64
vertex(22, 78) and vertex(23, 78) same color: 71
vertex(61, 43) and vertex(61, 47) same color: 10
vertex(22, 18) and vertex(22, 38) same color: 30
vertex(71, 35) and vertex(76, 35) same color: 79
vertex(41, 69) and vertex(72, 69) same color: 64
vertex(30, 73) and vertex(33, 76) same color: 76
vertex(30, 73) and vertex(49, 73) same color: 76
----------------------------------------------------------------------
current col clash: 12
current row clash: 19
current squ clash: 6
======================================================================
current best clash: 27
vertex(46, 11) and vertex(58, 11) same color: 6
vertex(42, 48) and vertex(51, 48) same color: 35
vertex(27, 13) and vertex(50, 13) same color: 59
vertex(71, 12) and vertex(71, 81) same color: 21
vertex(10, 35) and vertex(48, 35) same color: 64
vertex(35, 18) and vertex(35, 58) same color: 11
vertex(22, 17) and vertex(22, 73) same color: 50
vertex(39, 29) and vertex(60, 29) same color: 79
vertex(9, 21) and vertex(70, 21) same color: 12
vertex(30, 36) and vertex(56, 36) same color: 56
vertex(24, 43) and vertex(24, 47) same color: 69
vertex(10, 26) and vertex(14, 26) same color: 54
vertex(18, 39) and vertex(18, 75) same color: 54
vertex(15, 16) and vertex(16, 16) same color: 16
vertex(19, 27) and vertex(23, 27) same color: 50
vertex(53, 10) and vertex(53, 35) same color: 35
vertex(28, 7) and vertex(28, 66) same color: 65
vertex(4, 25) and vertex(14, 25) same color: 53
vertex(20, 28) and vertex(65, 28) same color: 69
vertex(12, 12) and vertex(53, 12) same color: 61
vertex(29, 76) and vertex(51, 76) same color: 6
vertex(8, 30) and vertex(15, 30) same color: 21
vertex(69, 73) and vertex(70, 73) same color: 33
vertex(50, 46) and vertex(51, 48) same color: 35
vertex(67, 31) and vertex(67, 43) same color: 33
vertex(71, 81) and vertex(72, 81) same color: 21
vertex(10, 17) and vertex(48, 17) same color: 24
----------------------------------------------------------------------
current col clash: 8
current row clash: 18
current squ clash: 6
======================================================================
current best clash: 27
vertex(48, 22) and vertex(48, 67) same color: 68
vertex(15, 16) and vertex(16, 16) same color: 16
vertex(67, 43) and vertex(72, 43) same color: 32
vertex(19, 27) and vertex(23, 27) same color: 50
vertex(9, 21) and vertex(70, 21) same color: 12
vertex(10, 17) and vertex(48, 17) same color: 24
vertex(27, 13) and vertex(75, 13) same color: 66
vertex(51, 47) and vertex(51, 51) same color: 9
vertex(35, 18) and vertex(35, 58) same color: 11
vertex(24, 43) and vertex(24, 47) same color: 69
vertex(39, 3) and vertex(39, 29) same color: 43
vertex(18, 39) and vertex(18, 75) same color: 54
vertex(49, 28) and vertex(49, 73) same color: 30
vertex(53, 10) and vertex(53, 35) same color: 35
vertex(22, 17) and vertex(22, 73) same color: 50
vertex(28, 7) and vertex(28, 66) same color: 65
vertex(10, 26) and vertex(14, 26) same color: 54
vertex(71, 77) and vertex(71, 78) same color: 16
vertex(12, 12) and vertex(53, 12) same color: 61
vertex(37, 35) and vertex(46, 35) same color: 37
vertex(70, 26) and vertex(70, 73) same color: 81
vertex(3, 11) and vertex(54, 11) same color: 63
vertex(4, 25) and vertex(14, 25) same color: 53
vertex(42, 24) and vertex(42, 31) same color: 79
vertex(30, 36) and vertex(56, 36) same color: 56
vertex(5, 76) and vertex(33, 76) same color: 16
vertex(22, 51) and vertex(51, 51) same color: 9
----------------------------------------------------------------------
current col clash: 13
current row clash: 14
current squ clash: 6
======================================================================
current best clash: 26
vertex(44, 20) and vertex(75, 20) same color: 11
vertex(11, 23) and vertex(61, 23) same color: 7
vertex(50, 13) and vertex(50, 37) same color: 61
vertex(16, 25) and vertex(78, 25) same color: 45
vertex(76, 1) and vertex(76, 44) same color: 8
vertex(74, 7) and vertex(74, 45) same color: 68
vertex(27, 21) and vertex(27, 60) same color: 36
vertex(51, 76) and vertex(62, 76) same color: 79
vertex(2, 19) and vertex(39, 19) same color: 20
vertex(61, 5) and vertex(61, 43) same color: 10
vertex(53, 10) and vertex(53, 35) same color: 35
vertex(70, 8) and vertex(70, 46) same color: 25
vertex(7, 79) and vertex(14, 79) same color: 6
vertex(26, 81) and vertex(67, 81) same color: 13
vertex(22, 17) and vertex(22, 73) same color: 50
vertex(60, 27) and vertex(60, 66) same color: 27
vertex(42, 24) and vertex(45, 24) same color: 35
vertex(71, 51) and vertex(71, 81) same color: 21
vertex(45, 13) and vertex(50, 13) same color: 61
vertex(18, 39) and vertex(18, 75) same color: 54
vertex(43, 13) and vertex(43, 32) same color: 53
vertex(10, 16) and vertex(16, 16) same color: 51
vertex(42, 48) and vertex(44, 48) same color: 53
vertex(10, 26) and vertex(14, 26) same color: 54
vertex(50, 46) and vertex(51, 48) same color: 35
vertex(14, 79) and vertex(14, 80) same color: 6
----------------------------------------------------------------------
current col clash: 13
current row clash: 12
current squ clash: 6
======================================================================
current best clash: 25
vertex(2, 27) and vertex(70, 27) same color: 14
vertex(70, 24) and vertex(70, 65) same color: 8
vertex(67, 77) and vertex(67, 81) same color: 17
vertex(61, 23) and vertex(78, 23) same color: 28
vertex(72, 1) and vertex(76, 1) same color: 80
vertex(22, 51) and vertex(51, 51) same color: 9
vertex(5, 9) and vertex(14, 9) same color: 34
vertex(39, 32) and vertex(39, 70) same color: 65
vertex(11, 80) and vertex(81, 80) same color: 17
vertex(42, 22) and vertex(42, 33) same color: 16
vertex(14, 26) and vertex(32, 26) same color: 37
vertex(4, 25) and vertex(14, 25) same color: 53
vertex(27, 79) and vertex(42, 79) same color: 49
vertex(30, 74) and vertex(73, 74) same color: 70
vertex(22, 17) and vertex(22, 67) same color: 15
vertex(9, 21) and vertex(29, 21) same color: 12
vertex(71, 43) and vertex(71, 51) same color: 29
vertex(23, 25) and vertex(63, 25) same color: 9
vertex(17, 27) and vertex(46, 27) same color: 54
vertex(21, 48) and vertex(27, 48) same color: 17
vertex(28, 24) and vertex(74, 24) same color: 4
vertex(34, 20) and vertex(44, 20) same color: 64
vertex(53, 10) and vertex(53, 35) same color: 35
vertex(51, 47) and vertex(51, 51) same color: 9
vertex(25, 5) and vertex(25, 79) same color: 17
----------------------------------------------------------------------
current col clash: 9
current row clash: 16
current squ clash: 3
======================================================================
current best clash: 22
vertex(34, 20) and vertex(44, 20) same color: 64
vertex(2, 78) and vertex(23, 78) same color: 66
vertex(51, 6) and vertex(51, 48) same color: 23
vertex(67, 22) and vertex(67, 23) same color: 77
vertex(33, 27) and vertex(47, 27) same color: 12
vertex(16, 25) and vertex(16, 27) same color: 16
vertex(38, 20) and vertex(42, 19) same color: 53
vertex(20, 75) and vertex(63, 75) same color: 25
vertex(70, 24) and vertex(70, 65) same color: 8
vertex(5, 8) and vertex(37, 8) same color: 18
vertex(71, 29) and vertex(71, 81) same color: 62
vertex(22, 17) and vertex(22, 67) same color: 15
vertex(48, 48) and vertex(51, 48) same color: 23
vertex(14, 36) and vertex(14, 79) same color: 31
vertex(25, 3) and vertex(25, 52) same color: 1
vertex(27, 21) and vertex(27, 40) same color: 53
vertex(3, 25) and vertex(23, 25) same color: 75
vertex(39, 32) and vertex(39, 45) same color: 53
vertex(72, 43) and vertex(72, 75) same color: 32
vertex(53, 10) and vertex(53, 35) same color: 35
vertex(8, 1) and vertex(72, 1) same color: 65
vertex(67, 23) and vertex(80, 23) same color: 77
----------------------------------------------------------------------
current col clash: 12
current row clash: 9
current squ clash: 4
======================================================================
current best clash: 22
vertex(70, 24) and vertex(70, 65) same color: 8
vertex(22, 17) and vertex(22, 67) same color: 15
vertex(34, 20) and vertex(44, 20) same color: 64
vertex(20, 75) and vertex(63, 75) same color: 25
vertex(43, 48) and vertex(51, 48) same color: 9
vertex(51, 47) and vertex(51, 48) same color: 9
vertex(5, 8) and vertex(37, 8) same color: 18
vertex(2, 78) and vertex(23, 78) same color: 66
vertex(33, 27) and vertex(47, 27) same color: 12
vertex(3, 25) and vertex(23, 25) same color: 75
vertex(14, 36) and vertex(14, 79) same color: 31
vertex(4, 23) and vertex(4, 24) same color: 64
vertex(67, 77) and vertex(67, 81) same color: 17
vertex(53, 10) and vertex(53, 35) same color: 35
vertex(38, 20) and vertex(42, 19) same color: 53
vertex(25, 3) and vertex(25, 52) same color: 1
vertex(39, 32) and vertex(39, 45) same color: 53
vertex(27, 21) and vertex(27, 40) same color: 53
vertex(71, 51) and vertex(71, 81) same color: 21
vertex(8, 1) and vertex(72, 1) same color: 65
vertex(16, 25) and vertex(16, 27) same color: 16
vertex(11, 80) and vertex(81, 80) same color: 17
----------------------------------------------------------------------
current col clash: 12
current row clash: 9
current squ clash: 5
======================================================================
current best clash: 22
vertex(14, 5) and vertex(14, 36) same color: 65
vertex(53, 10) and vertex(53, 35) same color: 35
vertex(27, 21) and vertex(27, 40) same color: 53
vertex(72, 10) and vertex(72, 43) same color: 30
vertex(22, 51) and vertex(51, 51) same color: 9
vertex(33, 81) and vertex(54, 81) same color: 18
vertex(25, 11) and vertex(25, 52) same color: 60
vertex(38, 20) and vertex(42, 19) same color: 53
vertex(4, 23) and vertex(4, 24) same color: 64
vertex(30, 74) and vertex(43, 74) same color: 27
vertex(22, 17) and vertex(22, 67) same color: 15
vertex(16, 25) and vertex(16, 27) same color: 16
vertex(39, 32) and vertex(39, 45) same color: 53
vertex(31, 8) and vertex(37, 8) same color: 54
vertex(34, 20) and vertex(44, 20) same color: 64
vertex(33, 27) and vertex(47, 27) same color: 12
vertex(64, 63) and vertex(64, 65) same color: 8
vertex(8, 1) and vertex(72, 1) same color: 65
vertex(51, 47) and vertex(51, 51) same color: 9
vertex(2, 77) and vertex(56, 77) same color: 66
vertex(3, 25) and vertex(23, 25) same color: 75
vertex(67, 43) and vertex(67, 69) same color: 29
----------------------------------------------------------------------
current col clash: 12
current row clash: 9
current squ clash: 4
======================================================================
current best clash: 22
vertex(2, 78) and vertex(23, 78) same color: 66
vertex(51, 26) and vertex(51, 48) same color: 21
vertex(71, 29) and vertex(71, 81) same color: 62
vertex(53, 10) and vertex(53, 35) same color: 35
vertex(2, 6) and vertex(2, 27) same color: 75
vertex(49, 29) and vertex(49, 48) same color: 59
vertex(8, 1) and vertex(12, 1) same color: 31
vertex(16, 25) and vertex(16, 27) same color: 16
vertex(25, 11) and vertex(25, 52) same color: 60
vertex(3, 25) and vertex(3, 66) same color: 14
vertex(67, 23) and vertex(67, 43) same color: 30
vertex(27, 21) and vertex(27, 40) same color: 53
vertex(38, 20) and vertex(42, 19) same color: 53
vertex(14, 5) and vertex(14, 36) same color: 65
vertex(39, 32) and vertex(39, 45) same color: 53
vertex(72, 43) and vertex(72, 75) same color: 32
vertex(22, 17) and vertex(22, 67) same color: 15
vertex(70, 24) and vertex(70, 65) same color: 8
vertex(31, 8) and vertex(37, 8) same color: 54
vertex(59, 75) and vertex(73, 75) same color: 70
vertex(34, 20) and vertex(44, 20) same color: 64
vertex(67, 23) and vertex(71, 23) same color: 30
----------------------------------------------------------------------
current col clash: 15
current row clash: 6
current squ clash: 3
======================================================================
current best clash: 22
vertex(53, 10) and vertex(53, 35) same color: 35
vertex(8, 1) and vertex(8, 52) same color: 18
vertex(59, 50) and vertex(60, 50) same color: 20
vertex(30, 74) and vertex(43, 74) same color: 27
vertex(51, 48) and vertex(51, 51) same color: 17
vertex(22, 17) and vertex(22, 67) same color: 15
vertex(27, 21) and vertex(27, 40) same color: 53
vertex(33, 27) and vertex(70, 27) same color: 15
vertex(66, 79) and vertex(67, 77) same color: 8
vertex(27, 79) and vertex(42, 79) same color: 49
vertex(45, 53) and vertex(46, 53) same color: 47
vertex(62, 17) and vertex(62, 19) same color: 20
vertex(5, 8) and vertex(5, 76) same color: 31
vertex(39, 19) and vertex(42, 19) same color: 53
vertex(3, 25) and vertex(23, 25) same color: 75
vertex(25, 3) and vertex(25, 52) same color: 1
vertex(33, 51) and vertex(51, 51) same color: 17
vertex(70, 24) and vertex(70, 65) same color: 8
vertex(4, 22) and vertex(23, 22) same color: 27
vertex(38, 77) and vertex(67, 77) same color: 8
vertex(71, 43) and vertex(71, 51) same color: 29
vertex(39, 19) and vertex(39, 32) same color: 53
----------------------------------------------------------------------
current col clash: 11
current row clash: 10
current squ clash: 4
======================================================================
current best clash: 22
vertex(3, 72) and vertex(3, 80) same color: 65
vertex(71, 43) and vertex(71, 51) same color: 29
vertex(8, 1) and vertex(8, 52) same color: 18
vertex(16, 25) and vertex(16, 27) same color: 16
vertex(63, 81) and vertex(67, 81) same color: 8
vertex(22, 17) and vertex(22, 67) same color: 15
vertex(66, 79) and vertex(67, 81) same color: 8
vertex(64, 63) and vertex(64, 65) same color: 8
vertex(53, 10) and vertex(53, 35) same color: 35
vertex(2, 78) and vertex(23, 78) same color: 66
vertex(34, 20) and vertex(44, 20) same color: 64
vertex(39, 32) and vertex(39, 45) same color: 53
vertex(27, 21) and vertex(27, 40) same color: 53
vertex(14, 5) and vertex(14, 36) same color: 65
vertex(20, 75) and vertex(63, 75) same color: 25
vertex(38, 20) and vertex(42, 19) same color: 53
vertex(51, 26) and vertex(51, 48) same color: 21
vertex(49, 29) and vertex(49, 48) same color: 59
vertex(25, 11) and vertex(25, 52) same color: 60
vertex(33, 27) and vertex(47, 27) same color: 12
vertex(3, 25) and vertex(23, 25) same color: 75
vertex(4, 23) and vertex(67, 23) same color: 27
----------------------------------------------------------------------
current col clash: 13
current row clash: 7
current squ clash: 3
======================================================================
current best clash: 19
vertex(18, 48) and vertex(72, 48) same color: 72
vertex(28, 63) and vertex(45, 63) same color: 56
vertex(22, 17) and vertex(22, 67) same color: 15
vertex(50, 11) and vertex(50, 13) same color: 67
vertex(26, 16) and vertex(81, 16) same color: 54
vertex(9, 14) and vertex(50, 14) same color: 1
vertex(17, 59) and vertex(73, 59) same color: 17
vertex(4, 25) and vertex(74, 25) same color: 24
vertex(37, 32) and vertex(37, 59) same color: 58
vertex(17, 62) and vertex(41, 62) same color: 66
vertex(9, 12) and vertex(9, 14) same color: 1
vertex(48, 47) and vertex(48, 53) same color: 72
vertex(4, 55) and vertex(6, 55) same color: 67
vertex(29, 15) and vertex(52, 15) same color: 29
vertex(45, 29) and vertex(45, 74) same color: 37
vertex(18, 20) and vertex(48, 20) same color: 37
vertex(64, 58) and vertex(80, 58) same color: 61
vertex(24, 37) and vertex(24, 76) same color: 57
vertex(53, 41) and vertex(53, 49) same color: 6
----------------------------------------------------------------------
current col clash: 8
current row clash: 11
current squ clash: 4
======================================================================
current best clash: 15
vertex(51, 52) and vertex(51, 77) same color: 31
vertex(77, 80) and vertex(81, 80) same color: 79
vertex(48, 20) and vertex(48, 21) same color: 52
vertex(51, 28) and vertex(51, 34) same color: 4
vertex(37, 74) and vertex(37, 79) same color: 32
vertex(26, 30) and vertex(38, 30) same color: 4
vertex(22, 17) and vertex(22, 67) same color: 15
vertex(7, 30) and vertex(7, 33) same color: 80
vertex(73, 63) and vertex(73, 67) same color: 6
vertex(22, 25) and vertex(41, 25) same color: 16
vertex(25, 41) and vertex(25, 73) same color: 62
vertex(20, 26) and vertex(20, 80) same color: 28
vertex(81, 49) and vertex(81, 80) same color: 79
vertex(2, 22) and vertex(3, 22) same color: 48
vertex(53, 10) and vertex(53, 49) same color: 46
----------------------------------------------------------------------
current col clash: 11
current row clash: 4
current squ clash: 6
======================================================================
current best clash: 15
vertex(22, 25) and vertex(41, 25) same color: 16
vertex(22, 17) and vertex(22, 67) same color: 15
vertex(25, 41) and vertex(25, 73) same color: 62
vertex(48, 20) and vertex(48, 21) same color: 52
vertex(3, 79) and vertex(42, 79) same color: 16
vertex(73, 77) and vertex(81, 77) same color: 63
vertex(7, 11) and vertex(7, 30) same color: 48
vertex(80, 30) and vertex(80, 48) same color: 63
vertex(2, 22) and vertex(3, 22) same color: 48
vertex(26, 30) and vertex(38, 30) same color: 4
vertex(20, 26) and vertex(20, 80) same color: 28
vertex(27, 28) and vertex(51, 28) same color: 80
vertex(51, 6) and vertex(51, 52) same color: 23
vertex(73, 63) and vertex(73, 67) same color: 6
vertex(53, 10) and vertex(53, 35) same color: 35
----------------------------------------------------------------------
current col clash: 9
current row clash: 6
current squ clash: 3
======================================================================
current best clash: 15
vertex(3, 22) and vertex(6, 21) same color: 16
vertex(73, 77) and vertex(81, 77) same color: 63
vertex(73, 63) and vertex(73, 67) same color: 6
vertex(22, 17) and vertex(22, 67) same color: 15
vertex(7, 30) and vertex(7, 33) same color: 80
vertex(22, 25) and vertex(41, 25) same color: 16
vertex(27, 28) and vertex(51, 28) same color: 80
vertex(20, 14) and vertex(20, 80) same color: 1
vertex(80, 30) and vertex(80, 48) same color: 63
vertex(26, 30) and vertex(38, 30) same color: 4
vertex(3, 79) and vertex(4, 79) same color: 48
vertex(48, 20) and vertex(48, 21) same color: 52
vertex(25, 41) and vertex(25, 73) same color: 62
vertex(53, 10) and vertex(53, 35) same color: 35
vertex(51, 52) and vertex(51, 77) same color: 31
----------------------------------------------------------------------
current col clash: 9
current row clash: 5
current squ clash: 5
======================================================================
current best clash: 13
vertex(5, 55) and vertex(5, 73) same color: 73
vertex(37, 59) and vertex(73, 59) same color: 17
vertex(46, 35) and vertex(53, 35) same color: 37
vertex(48, 16) and vertex(48, 20) same color: 37
vertex(51, 6) and vertex(51, 58) same color: 28
vertex(26, 17) and vertex(26, 33) same color: 80
vertex(11, 55) and vertex(67, 55) same color: 45
vertex(27, 27) and vertex(27, 70) same color: 69
vertex(21, 16) and vertex(21, 79) same color: 63
vertex(20, 6) and vertex(20, 39) same color: 64
vertex(20, 14) and vertex(20, 80) same color: 1
vertex(9, 30) and vertex(9, 62) same color: 48
vertex(22, 13) and vertex(22, 41) same color: 62
----------------------------------------------------------------------
current col clash: 10
current row clash: 3
current squ clash: 1
======================================================================
current best clash: 13
vertex(26, 42) and vertex(26, 46) same color: 63
vertex(26, 17) and vertex(26, 33) same color: 80
vertex(81, 55) and vertex(81, 80) same color: 17
vertex(50, 59) and vertex(58, 59) same color: 66
vertex(73, 63) and vertex(73, 67) same color: 6
vertex(5, 55) and vertex(5, 73) same color: 73
vertex(20, 26) and vertex(20, 80) same color: 28
vertex(1, 61) and vertex(54, 61) same color: 52
vertex(51, 10) and vertex(51, 77) same color: 31
vertex(9, 30) and vertex(9, 62) same color: 48
vertex(48, 16) and vertex(48, 17) same color: 30
vertex(27, 27) and vertex(27, 48) same color: 74
vertex(43, 11) and vertex(64, 11) same color: 30
----------------------------------------------------------------------
current col clash: 10
current row clash: 3
current squ clash: 1
