--------------------------------------------------
benchmarks/N-Queens/inst1000.txt : 1076574 ms.
--------------------------------------------------
Exception in thread "main" java.lang.OutOfMemoryError: Required array size too large
	at java.base/java.nio.file.Files.readAllBytes(Files.java:3294)
	at yuck.flatzinc.runner.FlatZincFileParser.call(FlatZincFileParser.scala:23)
	at yuck.flatzinc.runner.FlatZincRunner$.$anonfun$1(FlatZincRunner.scala:176)
	at yuck.util.logging.LazyLogger.withTimedLogScope$$anonfun$1$$anonfun$1(LazyLogger.scala:149)
	at yuck.util.arm.package$.scoped$$anonfun$1(package.scala:43)
	at yuck.util.arm.package$.using(package.scala:27)
	at yuck.util.arm.package$.scoped(package.scala:43)
	at yuck.util.logging.LazyLogger.withTimedLogScope$$anonfun$1(LazyLogger.scala:150)
	at yuck.util.arm.package$.scoped$$anonfun$1(package.scala:43)
	at yuck.util.arm.package$.using(package.scala:27)
	at yuck.util.arm.package$.scoped(package.scala:43)
	at yuck.util.logging.LazyLogger.withTimedLogScope(LazyLogger.scala:151)
	at yuck.flatzinc.runner.FlatZincRunner$.trySolve(FlatZincRunner.scala:177)
	at yuck.flatzinc.runner.FlatZincRunner$.solve(FlatZincRunner.scala:162)
	at yuck.flatzinc.runner.FlatZincRunner$.main$$anonfun$2$$anonfun$1$$anonfun$2$$anonfun$1(FlatZincRunner.scala:114)
	at yuck.flatzinc.runner.FlatZincRunner$.main$$anonfun$2$$anonfun$1$$anonfun$2$$anonfun$adapted$1(FlatZincRunner.scala:115)
	at yuck.util.arm.package$.maybeTimeboxed(package.scala:75)
	at yuck.flatzinc.runner.FlatZincRunner$.main$$anonfun$2$$anonfun$1$$anonfun$2(FlatZincRunner.scala:115)
	at yuck.flatzinc.runner.FlatZincRunner$.main$$anonfun$2$$anonfun$1$$anonfun$adapted$2(FlatZincRunner.scala:116)
	at yuck.util.arm.package$.scoped$$anonfun$1(package.scala:43)
	at yuck.util.arm.package$.using(package.scala:27)
	at yuck.util.arm.package$.scoped(package.scala:43)
	at yuck.flatzinc.runner.FlatZincRunner$.main$$anonfun$2$$anonfun$1(FlatZincRunner.scala:116)
	at yuck.flatzinc.runner.FlatZincRunner$.main$$anonfun$2$$anonfun$adapted$1(FlatZincRunner.scala:118)
	at yuck.util.arm.package$.scoped$$anonfun$1(package.scala:43)
	at yuck.util.arm.package$.using(package.scala:27)
	at yuck.util.arm.package$.scoped(package.scala:43)
	at yuck.flatzinc.runner.FlatZincRunner$.main$$anonfun$2(FlatZincRunner.scala:118)
	at yuck.flatzinc.runner.FlatZincRunner$.main$$anonfun$adapted$2(FlatZincRunner.scala:119)
	at yuck.util.arm.package$.scoped$$anonfun$1(package.scala:43)
	at yuck.util.arm.package$.using(package.scala:27)
	at yuck.util.arm.package$.scoped(package.scala:43)
	at yuck.flatzinc.runner.FlatZincRunner$.main(FlatZincRunner.scala:119)
	at yuck.flatzinc.runner.FlatZincRunner.main(FlatZincRunner.scala)
=====ERROR=====
benchmarks/N-Queens/inst1200.txt : 136058 ms.
--------------------------------------------------
Exception in thread "main" java.lang.OutOfMemoryError: Required array size too large
	at java.base/java.nio.file.Files.readAllBytes(Files.java:3294)
	at yuck.flatzinc.runner.FlatZincFileParser.call(FlatZincFileParser.scala:23)
	at yuck.flatzinc.runner.FlatZincRunner$.$anonfun$1(FlatZincRunner.scala:176)
	at yuck.util.logging.LazyLogger.withTimedLogScope$$anonfun$1$$anonfun$1(LazyLogger.scala:149)
	at yuck.util.arm.package$.scoped$$anonfun$1(package.scala:43)
	at yuck.util.arm.package$.using(package.scala:27)
	at yuck.util.arm.package$.scoped(package.scala:43)
	at yuck.util.logging.LazyLogger.withTimedLogScope$$anonfun$1(LazyLogger.scala:150)
	at yuck.util.arm.package$.scoped$$anonfun$1(package.scala:43)
	at yuck.util.arm.package$.using(package.scala:27)
	at yuck.util.arm.package$.scoped(package.scala:43)
	at yuck.util.logging.LazyLogger.withTimedLogScope(LazyLogger.scala:151)
	at yuck.flatzinc.runner.FlatZincRunner$.trySolve(FlatZincRunner.scala:177)
	at yuck.flatzinc.runner.FlatZincRunner$.solve(FlatZincRunner.scala:162)
	at yuck.flatzinc.runner.FlatZincRunner$.main$$anonfun$2$$anonfun$1$$anonfun$2$$anonfun$1(FlatZincRunner.scala:114)
	at yuck.flatzinc.runner.FlatZincRunner$.main$$anonfun$2$$anonfun$1$$anonfun$2$$anonfun$adapted$1(FlatZincRunner.scala:115)
	at yuck.util.arm.package$.maybeTimeboxed(package.scala:75)
	at yuck.flatzinc.runner.FlatZincRunner$.main$$anonfun$2$$anonfun$1$$anonfun$2(FlatZincRunner.scala:115)
	at yuck.flatzinc.runner.FlatZincRunner$.main$$anonfun$2$$anonfun$1$$anonfun$adapted$2(FlatZincRunner.scala:116)
	at yuck.util.arm.package$.scoped$$anonfun$1(package.scala:43)
	at yuck.util.arm.package$.using(package.scala:27)
	at yuck.util.arm.package$.scoped(package.scala:43)
	at yuck.flatzinc.runner.FlatZincRunner$.main$$anonfun$2$$anonfun$1(FlatZincRunner.scala:116)
	at yuck.flatzinc.runner.FlatZincRunner$.main$$anonfun$2$$anonfun$adapted$1(FlatZincRunner.scala:118)
	at yuck.util.arm.package$.scoped$$anonfun$1(package.scala:43)
	at yuck.util.arm.package$.using(package.scala:27)
	at yuck.util.arm.package$.scoped(package.scala:43)
	at yuck.flatzinc.runner.FlatZincRunner$.main$$anonfun$2(FlatZincRunner.scala:118)
	at yuck.flatzinc.runner.FlatZincRunner$.main$$anonfun$adapted$2(FlatZincRunner.scala:119)
	at yuck.util.arm.package$.scoped$$anonfun$1(package.scala:43)
	at yuck.util.arm.package$.using(package.scala:27)
	at yuck.util.arm.package$.scoped(package.scala:43)
	at yuck.flatzinc.runner.FlatZincRunner$.main(FlatZincRunner.scala:119)
	at yuck.flatzinc.runner.FlatZincRunner.main(FlatZincRunner.scala)
=====ERROR=====
benchmarks/N-Queens/inst1400.txt : 173032 ms.
--------------------------------------------------
Exception in thread "main" java.lang.OutOfMemoryError: Required array size too large
	at java.base/java.nio.file.Files.readAllBytes(Files.java:3294)
	at yuck.flatzinc.runner.FlatZincFileParser.call(FlatZincFileParser.scala:23)
	at yuck.flatzinc.runner.FlatZincRunner$.$anonfun$1(FlatZincRunner.scala:176)
	at yuck.util.logging.LazyLogger.withTimedLogScope$$anonfun$1$$anonfun$1(LazyLogger.scala:149)
	at yuck.util.arm.package$.scoped$$anonfun$1(package.scala:43)
	at yuck.util.arm.package$.using(package.scala:27)
	at yuck.util.arm.package$.scoped(package.scala:43)
	at yuck.util.logging.LazyLogger.withTimedLogScope$$anonfun$1(LazyLogger.scala:150)
	at yuck.util.arm.package$.scoped$$anonfun$1(package.scala:43)
	at yuck.util.arm.package$.using(package.scala:27)
	at yuck.util.arm.package$.scoped(package.scala:43)
	at yuck.util.logging.LazyLogger.withTimedLogScope(LazyLogger.scala:151)
	at yuck.flatzinc.runner.FlatZincRunner$.trySolve(FlatZincRunner.scala:177)
	at yuck.flatzinc.runner.FlatZincRunner$.solve(FlatZincRunner.scala:162)
	at yuck.flatzinc.runner.FlatZincRunner$.main$$anonfun$2$$anonfun$1$$anonfun$2$$anonfun$1(FlatZincRunner.scala:114)
	at yuck.flatzinc.runner.FlatZincRunner$.main$$anonfun$2$$anonfun$1$$anonfun$2$$anonfun$adapted$1(FlatZincRunner.scala:115)
	at yuck.util.arm.package$.maybeTimeboxed(package.scala:75)
	at yuck.flatzinc.runner.FlatZincRunner$.main$$anonfun$2$$anonfun$1$$anonfun$2(FlatZincRunner.scala:115)
	at yuck.flatzinc.runner.FlatZincRunner$.main$$anonfun$2$$anonfun$1$$anonfun$adapted$2(FlatZincRunner.scala:116)
	at yuck.util.arm.package$.scoped$$anonfun$1(package.scala:43)
	at yuck.util.arm.package$.using(package.scala:27)
	at yuck.util.arm.package$.scoped(package.scala:43)
	at yuck.flatzinc.runner.FlatZincRunner$.main$$anonfun$2$$anonfun$1(FlatZincRunner.scala:116)
	at yuck.flatzinc.runner.FlatZincRunner$.main$$anonfun$2$$anonfun$adapted$1(FlatZincRunner.scala:118)
	at yuck.util.arm.package$.scoped$$anonfun$1(package.scala:43)
	at yuck.util.arm.package$.using(package.scala:27)
	at yuck.util.arm.package$.scoped(package.scala:43)
	at yuck.flatzinc.runner.FlatZincRunner$.main$$anonfun$2(FlatZincRunner.scala:118)
	at yuck.flatzinc.runner.FlatZincRunner$.main$$anonfun$adapted$2(FlatZincRunner.scala:119)
	at yuck.util.arm.package$.scoped$$anonfun$1(package.scala:43)
	at yuck.util.arm.package$.using(package.scala:27)
	at yuck.util.arm.package$.scoped(package.scala:43)
	at yuck.flatzinc.runner.FlatZincRunner$.main(FlatZincRunner.scala:119)
	at yuck.flatzinc.runner.FlatZincRunner.main(FlatZincRunner.scala)
=====ERROR=====
benchmarks/N-Queens/inst1600.txt : 237446 ms.
--------------------------------------------------
Exception in thread "main" java.lang.OutOfMemoryError: Required array size too large
	at java.base/java.nio.file.Files.readAllBytes(Files.java:3294)
	at yuck.flatzinc.runner.FlatZincFileParser.call(FlatZincFileParser.scala:23)
	at yuck.flatzinc.runner.FlatZincRunner$.$anonfun$1(FlatZincRunner.scala:176)
	at yuck.util.logging.LazyLogger.withTimedLogScope$$anonfun$1$$anonfun$1(LazyLogger.scala:149)
	at yuck.util.arm.package$.scoped$$anonfun$1(package.scala:43)
	at yuck.util.arm.package$.using(package.scala:27)
	at yuck.util.arm.package$.scoped(package.scala:43)
	at yuck.util.logging.LazyLogger.withTimedLogScope$$anonfun$1(LazyLogger.scala:150)
	at yuck.util.arm.package$.scoped$$anonfun$1(package.scala:43)
	at yuck.util.arm.package$.using(package.scala:27)
	at yuck.util.arm.package$.scoped(package.scala:43)
	at yuck.util.logging.LazyLogger.withTimedLogScope(LazyLogger.scala:151)
	at yuck.flatzinc.runner.FlatZincRunner$.trySolve(FlatZincRunner.scala:177)
	at yuck.flatzinc.runner.FlatZincRunner$.solve(FlatZincRunner.scala:162)
	at yuck.flatzinc.runner.FlatZincRunner$.main$$anonfun$2$$anonfun$1$$anonfun$2$$anonfun$1(FlatZincRunner.scala:114)
	at yuck.flatzinc.runner.FlatZincRunner$.main$$anonfun$2$$anonfun$1$$anonfun$2$$anonfun$adapted$1(FlatZincRunner.scala:115)
	at yuck.util.arm.package$.maybeTimeboxed(package.scala:75)
	at yuck.flatzinc.runner.FlatZincRunner$.main$$anonfun$2$$anonfun$1$$anonfun$2(FlatZincRunner.scala:115)
	at yuck.flatzinc.runner.FlatZincRunner$.main$$anonfun$2$$anonfun$1$$anonfun$adapted$2(FlatZincRunner.scala:116)
	at yuck.util.arm.package$.scoped$$anonfun$1(package.scala:43)
	at yuck.util.arm.package$.using(package.scala:27)
	at yuck.util.arm.package$.scoped(package.scala:43)
	at yuck.flatzinc.runner.FlatZincRunner$.main$$anonfun$2$$anonfun$1(FlatZincRunner.scala:116)
	at yuck.flatzinc.runner.FlatZincRunner$.main$$anonfun$2$$anonfun$adapted$1(FlatZincRunner.scala:118)
	at yuck.util.arm.package$.scoped$$anonfun$1(package.scala:43)
	at yuck.util.arm.package$.using(package.scala:27)
	at yuck.util.arm.package$.scoped(package.scala:43)
	at yuck.flatzinc.runner.FlatZincRunner$.main$$anonfun$2(FlatZincRunner.scala:118)
	at yuck.flatzinc.runner.FlatZincRunner$.main$$anonfun$adapted$2(FlatZincRunner.scala:119)
	at yuck.util.arm.package$.scoped$$anonfun$1(package.scala:43)
	at yuck.util.arm.package$.using(package.scala:27)
	at yuck.util.arm.package$.scoped(package.scala:43)
	at yuck.flatzinc.runner.FlatZincRunner$.main(FlatZincRunner.scala:119)
	at yuck.flatzinc.runner.FlatZincRunner.main(FlatZincRunner.scala)
=====ERROR=====
benchmarks/N-Queens/inst1800.txt : 292031 ms.
--------------------------------------------------
Exception in thread "main" java.lang.OutOfMemoryError: Required array size too large
	at java.base/java.nio.file.Files.readAllBytes(Files.java:3294)
	at yuck.flatzinc.runner.FlatZincFileParser.call(FlatZincFileParser.scala:23)
	at yuck.flatzinc.runner.FlatZincRunner$.$anonfun$1(FlatZincRunner.scala:176)
	at yuck.util.logging.LazyLogger.withTimedLogScope$$anonfun$1$$anonfun$1(LazyLogger.scala:149)
	at yuck.util.arm.package$.scoped$$anonfun$1(package.scala:43)
	at yuck.util.arm.package$.using(package.scala:27)
	at yuck.util.arm.package$.scoped(package.scala:43)
	at yuck.util.logging.LazyLogger.withTimedLogScope$$anonfun$1(LazyLogger.scala:150)
	at yuck.util.arm.package$.scoped$$anonfun$1(package.scala:43)
	at yuck.util.arm.package$.using(package.scala:27)
	at yuck.util.arm.package$.scoped(package.scala:43)
	at yuck.util.logging.LazyLogger.withTimedLogScope(LazyLogger.scala:151)
	at yuck.flatzinc.runner.FlatZincRunner$.trySolve(FlatZincRunner.scala:177)
	at yuck.flatzinc.runner.FlatZincRunner$.solve(FlatZincRunner.scala:162)
	at yuck.flatzinc.runner.FlatZincRunner$.main$$anonfun$2$$anonfun$1$$anonfun$2$$anonfun$1(FlatZincRunner.scala:114)
	at yuck.flatzinc.runner.FlatZincRunner$.main$$anonfun$2$$anonfun$1$$anonfun$2$$anonfun$adapted$1(FlatZincRunner.scala:115)
	at yuck.util.arm.package$.maybeTimeboxed(package.scala:75)
	at yuck.flatzinc.runner.FlatZincRunner$.main$$anonfun$2$$anonfun$1$$anonfun$2(FlatZincRunner.scala:115)
	at yuck.flatzinc.runner.FlatZincRunner$.main$$anonfun$2$$anonfun$1$$anonfun$adapted$2(FlatZincRunner.scala:116)
	at yuck.util.arm.package$.scoped$$anonfun$1(package.scala:43)
	at yuck.util.arm.package$.using(package.scala:27)
	at yuck.util.arm.package$.scoped(package.scala:43)
	at yuck.flatzinc.runner.FlatZincRunner$.main$$anonfun$2$$anonfun$1(FlatZincRunner.scala:116)
	at yuck.flatzinc.runner.FlatZincRunner$.main$$anonfun$2$$anonfun$adapted$1(FlatZincRunner.scala:118)
	at yuck.util.arm.package$.scoped$$anonfun$1(package.scala:43)
	at yuck.util.arm.package$.using(package.scala:27)
	at yuck.util.arm.package$.scoped(package.scala:43)
	at yuck.flatzinc.runner.FlatZincRunner$.main$$anonfun$2(FlatZincRunner.scala:118)
	at yuck.flatzinc.runner.FlatZincRunner$.main$$anonfun$adapted$2(FlatZincRunner.scala:119)
	at yuck.util.arm.package$.scoped$$anonfun$1(package.scala:43)
	at yuck.util.arm.package$.using(package.scala:27)
	at yuck.util.arm.package$.scoped(package.scala:43)
	at yuck.flatzinc.runner.FlatZincRunner$.main(FlatZincRunner.scala:119)
	at yuck.flatzinc.runner.FlatZincRunner.main(FlatZincRunner.scala)
=====ERROR=====
benchmarks/N-Queens/inst2000.txt : 389648 ms.
--------------------------------------------------
SAT
----------
benchmarks/N-Queens/inst200.txt : 35410 ms.
--------------------------------------------------
Exception in thread "main" java.lang.OutOfMemoryError: Required array size too large
	at java.base/java.nio.file.Files.readAllBytes(Files.java:3294)
	at yuck.flatzinc.runner.FlatZincFileParser.call(FlatZincFileParser.scala:23)
	at yuck.flatzinc.runner.FlatZincRunner$.$anonfun$1(FlatZincRunner.scala:176)
	at yuck.util.logging.LazyLogger.withTimedLogScope$$anonfun$1$$anonfun$1(LazyLogger.scala:149)
	at yuck.util.arm.package$.scoped$$anonfun$1(package.scala:43)
	at yuck.util.arm.package$.using(package.scala:27)
	at yuck.util.arm.package$.scoped(package.scala:43)
	at yuck.util.logging.LazyLogger.withTimedLogScope$$anonfun$1(LazyLogger.scala:150)
	at yuck.util.arm.package$.scoped$$anonfun$1(package.scala:43)
	at yuck.util.arm.package$.using(package.scala:27)
	at yuck.util.arm.package$.scoped(package.scala:43)
	at yuck.util.logging.LazyLogger.withTimedLogScope(LazyLogger.scala:151)
	at yuck.flatzinc.runner.FlatZincRunner$.trySolve(FlatZincRunner.scala:177)
	at yuck.flatzinc.runner.FlatZincRunner$.solve(FlatZincRunner.scala:162)
	at yuck.flatzinc.runner.FlatZincRunner$.main$$anonfun$2$$anonfun$1$$anonfun$2$$anonfun$1(FlatZincRunner.scala:114)
	at yuck.flatzinc.runner.FlatZincRunner$.main$$anonfun$2$$anonfun$1$$anonfun$2$$anonfun$adapted$1(FlatZincRunner.scala:115)
	at yuck.util.arm.package$.maybeTimeboxed(package.scala:75)
	at yuck.flatzinc.runner.FlatZincRunner$.main$$anonfun$2$$anonfun$1$$anonfun$2(FlatZincRunner.scala:115)
	at yuck.flatzinc.runner.FlatZincRunner$.main$$anonfun$2$$anonfun$1$$anonfun$adapted$2(FlatZincRunner.scala:116)
	at yuck.util.arm.package$.scoped$$anonfun$1(package.scala:43)
	at yuck.util.arm.package$.using(package.scala:27)
	at yuck.util.arm.package$.scoped(package.scala:43)
	at yuck.flatzinc.runner.FlatZincRunner$.main$$anonfun$2$$anonfun$1(FlatZincRunner.scala:116)
	at yuck.flatzinc.runner.FlatZincRunner$.main$$anonfun$2$$anonfun$adapted$1(FlatZincRunner.scala:118)
	at yuck.util.arm.package$.scoped$$anonfun$1(package.scala:43)
	at yuck.util.arm.package$.using(package.scala:27)
	at yuck.util.arm.package$.scoped(package.scala:43)
	at yuck.flatzinc.runner.FlatZincRunner$.main$$anonfun$2(FlatZincRunner.scala:118)
	at yuck.flatzinc.runner.FlatZincRunner$.main$$anonfun$adapted$2(FlatZincRunner.scala:119)
	at yuck.util.arm.package$.scoped$$anonfun$1(package.scala:43)
	at yuck.util.arm.package$.using(package.scala:27)
	at yuck.util.arm.package$.scoped(package.scala:43)
	at yuck.flatzinc.runner.FlatZincRunner$.main(FlatZincRunner.scala:119)
	at yuck.flatzinc.runner.FlatZincRunner.main(FlatZincRunner.scala)
=====ERROR=====
benchmarks/N-Queens/inst2200.txt : 478575 ms.
--------------------------------------------------
Exception in thread "main" java.lang.OutOfMemoryError: Required array size too large
	at java.base/java.nio.file.Files.readAllBytes(Files.java:3294)
	at yuck.flatzinc.runner.FlatZincFileParser.call(FlatZincFileParser.scala:23)
	at yuck.flatzinc.runner.FlatZincRunner$.$anonfun$1(FlatZincRunner.scala:176)
	at yuck.util.logging.LazyLogger.withTimedLogScope$$anonfun$1$$anonfun$1(LazyLogger.scala:149)
	at yuck.util.arm.package$.scoped$$anonfun$1(package.scala:43)
	at yuck.util.arm.package$.using(package.scala:27)
	at yuck.util.arm.package$.scoped(package.scala:43)
	at yuck.util.logging.LazyLogger.withTimedLogScope$$anonfun$1(LazyLogger.scala:150)
	at yuck.util.arm.package$.scoped$$anonfun$1(package.scala:43)
	at yuck.util.arm.package$.using(package.scala:27)
	at yuck.util.arm.package$.scoped(package.scala:43)
	at yuck.util.logging.LazyLogger.withTimedLogScope(LazyLogger.scala:151)
	at yuck.flatzinc.runner.FlatZincRunner$.trySolve(FlatZincRunner.scala:177)
	at yuck.flatzinc.runner.FlatZincRunner$.solve(FlatZincRunner.scala:162)
	at yuck.flatzinc.runner.FlatZincRunner$.main$$anonfun$2$$anonfun$1$$anonfun$2$$anonfun$1(FlatZincRunner.scala:114)
	at yuck.flatzinc.runner.FlatZincRunner$.main$$anonfun$2$$anonfun$1$$anonfun$2$$anonfun$adapted$1(FlatZincRunner.scala:115)
	at yuck.util.arm.package$.maybeTimeboxed(package.scala:75)
	at yuck.flatzinc.runner.FlatZincRunner$.main$$anonfun$2$$anonfun$1$$anonfun$2(FlatZincRunner.scala:115)
	at yuck.flatzinc.runner.FlatZincRunner$.main$$anonfun$2$$anonfun$1$$anonfun$adapted$2(FlatZincRunner.scala:116)
	at yuck.util.arm.package$.scoped$$anonfun$1(package.scala:43)
	at yuck.util.arm.package$.using(package.scala:27)
	at yuck.util.arm.package$.scoped(package.scala:43)
	at yuck.flatzinc.runner.FlatZincRunner$.main$$anonfun$2$$anonfun$1(FlatZincRunner.scala:116)
	at yuck.flatzinc.runner.FlatZincRunner$.main$$anonfun$2$$anonfun$adapted$1(FlatZincRunner.scala:118)
	at yuck.util.arm.package$.scoped$$anonfun$1(package.scala:43)
	at yuck.util.arm.package$.using(package.scala:27)
	at yuck.util.arm.package$.scoped(package.scala:43)
	at yuck.flatzinc.runner.FlatZincRunner$.main$$anonfun$2(FlatZincRunner.scala:118)
	at yuck.flatzinc.runner.FlatZincRunner$.main$$anonfun$adapted$2(FlatZincRunner.scala:119)
	at yuck.util.arm.package$.scoped$$anonfun$1(package.scala:43)
	at yuck.util.arm.package$.using(package.scala:27)
	at yuck.util.arm.package$.scoped(package.scala:43)
	at yuck.flatzinc.runner.FlatZincRunner$.main(FlatZincRunner.scala:119)
	at yuck.flatzinc.runner.FlatZincRunner.main(FlatZincRunner.scala)
=====ERROR=====
benchmarks/N-Queens/inst2400.txt : 604912 ms.
--------------------------------------------------
Exception in thread "main" java.lang.OutOfMemoryError: Required array size too large
	at java.base/java.nio.file.Files.readAllBytes(Files.java:3294)
	at yuck.flatzinc.runner.FlatZincFileParser.call(FlatZincFileParser.scala:23)
	at yuck.flatzinc.runner.FlatZincRunner$.$anonfun$1(FlatZincRunner.scala:176)
	at yuck.util.logging.LazyLogger.withTimedLogScope$$anonfun$1$$anonfun$1(LazyLogger.scala:149)
	at yuck.util.arm.package$.scoped$$anonfun$1(package.scala:43)
	at yuck.util.arm.package$.using(package.scala:27)
	at yuck.util.arm.package$.scoped(package.scala:43)
	at yuck.util.logging.LazyLogger.withTimedLogScope$$anonfun$1(LazyLogger.scala:150)
	at yuck.util.arm.package$.scoped$$anonfun$1(package.scala:43)
	at yuck.util.arm.package$.using(package.scala:27)
	at yuck.util.arm.package$.scoped(package.scala:43)
	at yuck.util.logging.LazyLogger.withTimedLogScope(LazyLogger.scala:151)
	at yuck.flatzinc.runner.FlatZincRunner$.trySolve(FlatZincRunner.scala:177)
	at yuck.flatzinc.runner.FlatZincRunner$.solve(FlatZincRunner.scala:162)
	at yuck.flatzinc.runner.FlatZincRunner$.main$$anonfun$2$$anonfun$1$$anonfun$2$$anonfun$1(FlatZincRunner.scala:114)
	at yuck.flatzinc.runner.FlatZincRunner$.main$$anonfun$2$$anonfun$1$$anonfun$2$$anonfun$adapted$1(FlatZincRunner.scala:115)
	at yuck.util.arm.package$.maybeTimeboxed(package.scala:75)
	at yuck.flatzinc.runner.FlatZincRunner$.main$$anonfun$2$$anonfun$1$$anonfun$2(FlatZincRunner.scala:115)
	at yuck.flatzinc.runner.FlatZincRunner$.main$$anonfun$2$$anonfun$1$$anonfun$adapted$2(FlatZincRunner.scala:116)
	at yuck.util.arm.package$.scoped$$anonfun$1(package.scala:43)
	at yuck.util.arm.package$.using(package.scala:27)
	at yuck.util.arm.package$.scoped(package.scala:43)
	at yuck.flatzinc.runner.FlatZincRunner$.main$$anonfun$2$$anonfun$1(FlatZincRunner.scala:116)
	at yuck.flatzinc.runner.FlatZincRunner$.main$$anonfun$2$$anonfun$adapted$1(FlatZincRunner.scala:118)
	at yuck.util.arm.package$.scoped$$anonfun$1(package.scala:43)
	at yuck.util.arm.package$.using(package.scala:27)
	at yuck.util.arm.package$.scoped(package.scala:43)
	at yuck.flatzinc.runner.FlatZincRunner$.main$$anonfun$2(FlatZincRunner.scala:118)
	at yuck.flatzinc.runner.FlatZincRunner$.main$$anonfun$adapted$2(FlatZincRunner.scala:119)
	at yuck.util.arm.package$.scoped$$anonfun$1(package.scala:43)
	at yuck.util.arm.package$.using(package.scala:27)
	at yuck.util.arm.package$.scoped(package.scala:43)
	at yuck.flatzinc.runner.FlatZincRunner$.main(FlatZincRunner.scala:119)
	at yuck.flatzinc.runner.FlatZincRunner.main(FlatZincRunner.scala)
=====ERROR=====
benchmarks/N-Queens/inst2600.txt : 905634 ms.
--------------------------------------------------
benchmarks/N-Queens/inst2800.txt : 1002628 ms.
--------------------------------------------------
benchmarks/N-Queens/inst3000.txt : 1014006 ms.
--------------------------------------------------
benchmarks/N-Queens/inst3200.txt : 1131475 ms.
--------------------------------------------------
benchmarks/N-Queens/inst3400.txt : 1246875 ms.
--------------------------------------------------
benchmarks/N-Queens/inst3600.txt : 1287126 ms.
--------------------------------------------------
benchmarks/N-Queens/inst3800.txt : 1230824 ms.
--------------------------------------------------
benchmarks/N-Queens/inst4000.txt : 1193885 ms.
--------------------------------------------------
SAT
----------
benchmarks/N-Queens/inst400.txt : 891648 ms.
--------------------------------------------------
SAT
----------
benchmarks/N-Queens/inst600.txt : 412911 ms.
--------------------------------------------------
=====UNKNOWN=====
benchmarks/N-Queens/inst800.txt : 1002758 ms.
