--------------------------------------------------
SAT
----------
36and49/INST_49x49/10/inst49x49_10_0.dzn : 8250 ms.
--------------------------------------------------
SAT
----------
36and49/INST_49x49/10/inst49x49_10_10.dzn : 16534 ms.
--------------------------------------------------
SAT
----------
36and49/INST_49x49/10/inst49x49_10_11.dzn : 11205 ms.
--------------------------------------------------
SAT
----------
36and49/INST_49x49/10/inst49x49_10_12.dzn : 24257 ms.
--------------------------------------------------
SAT
----------
36and49/INST_49x49/10/inst49x49_10_13.dzn : 3696 ms.
--------------------------------------------------
SAT
----------
36and49/INST_49x49/10/inst49x49_10_14.dzn : 3753 ms.
--------------------------------------------------
SAT
----------
36and49/INST_49x49/10/inst49x49_10_15.dzn : 22447 ms.
--------------------------------------------------
SAT
----------
36and49/INST_49x49/10/inst49x49_10_16.dzn : 67525 ms.
--------------------------------------------------
SAT
----------
36and49/INST_49x49/10/inst49x49_10_17.dzn : 10951 ms.
--------------------------------------------------
SAT
----------
36and49/INST_49x49/10/inst49x49_10_18.dzn : 3533 ms.
--------------------------------------------------
=====UNKNOWN=====
36and49/INST_49x49/10/inst49x49_10_19.dzn : 1000852 ms.
--------------------------------------------------
=====UNKNOWN=====
36and49/INST_49x49/10/inst49x49_10_1.dzn : 1000845 ms.
--------------------------------------------------
=====UNKNOWN=====
36and49/INST_49x49/10/inst49x49_10_20.dzn : 1000805 ms.
--------------------------------------------------
SAT
----------
36and49/INST_49x49/10/inst49x49_10_21.dzn : 6692 ms.
--------------------------------------------------
SAT
----------
36and49/INST_49x49/10/inst49x49_10_22.dzn : 464576 ms.
--------------------------------------------------
SAT
----------
36and49/INST_49x49/10/inst49x49_10_23.dzn : 120328 ms.
--------------------------------------------------
SAT
----------
36and49/INST_49x49/10/inst49x49_10_24.dzn : 48693 ms.
--------------------------------------------------
SAT
----------
36and49/INST_49x49/10/inst49x49_10_25.dzn : 23971 ms.
--------------------------------------------------
=====UNKNOWN=====
36and49/INST_49x49/10/inst49x49_10_26.dzn : 1000881 ms.
--------------------------------------------------
SAT
----------
36and49/INST_49x49/10/inst49x49_10_27.dzn : 9806 ms.
--------------------------------------------------
SAT
----------
36and49/INST_49x49/10/inst49x49_10_28.dzn : 16185 ms.
--------------------------------------------------
=====UNKNOWN=====
36and49/INST_49x49/10/inst49x49_10_29.dzn : 1000793 ms.
--------------------------------------------------
SAT
----------
36and49/INST_49x49/10/inst49x49_10_2.dzn : 37661 ms.
--------------------------------------------------
SAT
----------
36and49/INST_49x49/10/inst49x49_10_30.dzn : 118948 ms.
--------------------------------------------------
SAT
----------
36and49/INST_49x49/10/inst49x49_10_31.dzn : 7435 ms.
--------------------------------------------------
SAT
----------
36and49/INST_49x49/10/inst49x49_10_32.dzn : 9458 ms.
--------------------------------------------------
SAT
----------
36and49/INST_49x49/10/inst49x49_10_33.dzn : 58997 ms.
--------------------------------------------------
SAT
----------
36and49/INST_49x49/10/inst49x49_10_34.dzn : 2743 ms.
--------------------------------------------------
SAT
----------
36and49/INST_49x49/10/inst49x49_10_35.dzn : 21036 ms.
--------------------------------------------------
SAT
----------
36and49/INST_49x49/10/inst49x49_10_36.dzn : 40218 ms.
--------------------------------------------------
SAT
----------
36and49/INST_49x49/10/inst49x49_10_37.dzn : 58956 ms.
--------------------------------------------------
SAT
----------
36and49/INST_49x49/10/inst49x49_10_38.dzn : 2374 ms.
--------------------------------------------------
SAT
----------
36and49/INST_49x49/10/inst49x49_10_39.dzn : 91449 ms.
--------------------------------------------------
SAT
----------
36and49/INST_49x49/10/inst49x49_10_3.dzn : 4332 ms.
--------------------------------------------------
SAT
----------
36and49/INST_49x49/10/inst49x49_10_40.dzn : 19758 ms.
--------------------------------------------------
SAT
----------
36and49/INST_49x49/10/inst49x49_10_41.dzn : 11940 ms.
--------------------------------------------------
SAT
----------
36and49/INST_49x49/10/inst49x49_10_42.dzn : 36928 ms.
--------------------------------------------------
SAT
----------
36and49/INST_49x49/10/inst49x49_10_43.dzn : 7780 ms.
--------------------------------------------------
=====UNKNOWN=====
36and49/INST_49x49/10/inst49x49_10_44.dzn : 1000810 ms.
--------------------------------------------------
SAT
----------
36and49/INST_49x49/10/inst49x49_10_45.dzn : 25716 ms.
--------------------------------------------------
SAT
----------
36and49/INST_49x49/10/inst49x49_10_46.dzn : 82460 ms.
--------------------------------------------------
SAT
----------
36and49/INST_49x49/10/inst49x49_10_47.dzn : 94058 ms.
--------------------------------------------------
SAT
----------
36and49/INST_49x49/10/inst49x49_10_48.dzn : 49569 ms.
--------------------------------------------------
SAT
----------
36and49/INST_49x49/10/inst49x49_10_49.dzn : 37614 ms.
--------------------------------------------------
=====UNKNOWN=====
36and49/INST_49x49/10/inst49x49_10_4.dzn : 1000816 ms.
--------------------------------------------------
SAT
----------
36and49/INST_49x49/10/inst49x49_10_50.dzn : 30858 ms.
--------------------------------------------------
SAT
----------
36and49/INST_49x49/10/inst49x49_10_51.dzn : 987331 ms.
--------------------------------------------------
SAT
----------
36and49/INST_49x49/10/inst49x49_10_52.dzn : 188502 ms.
--------------------------------------------------
SAT
----------
36and49/INST_49x49/10/inst49x49_10_53.dzn : 29960 ms.
--------------------------------------------------
SAT
----------
36and49/INST_49x49/10/inst49x49_10_54.dzn : 3114 ms.
--------------------------------------------------
SAT
----------
36and49/INST_49x49/10/inst49x49_10_55.dzn : 15855 ms.
--------------------------------------------------
SAT
----------
36and49/INST_49x49/10/inst49x49_10_56.dzn : 4421 ms.
--------------------------------------------------
SAT
----------
36and49/INST_49x49/10/inst49x49_10_57.dzn : 2919 ms.
--------------------------------------------------
SAT
----------
36and49/INST_49x49/10/inst49x49_10_58.dzn : 3529 ms.
--------------------------------------------------
SAT
----------
36and49/INST_49x49/10/inst49x49_10_59.dzn : 7831 ms.
--------------------------------------------------
SAT
----------
36and49/INST_49x49/10/inst49x49_10_5.dzn : 32188 ms.
--------------------------------------------------
SAT
----------
36and49/INST_49x49/10/inst49x49_10_60.dzn : 81936 ms.
--------------------------------------------------
SAT
----------
36and49/INST_49x49/10/inst49x49_10_61.dzn : 2607 ms.
--------------------------------------------------
SAT
----------
36and49/INST_49x49/10/inst49x49_10_62.dzn : 28206 ms.
--------------------------------------------------
SAT
----------
36and49/INST_49x49/10/inst49x49_10_63.dzn : 136201 ms.
--------------------------------------------------
SAT
----------
36and49/INST_49x49/10/inst49x49_10_64.dzn : 14838 ms.
--------------------------------------------------
SAT
----------
36and49/INST_49x49/10/inst49x49_10_65.dzn : 58764 ms.
--------------------------------------------------
SAT
----------
36and49/INST_49x49/10/inst49x49_10_66.dzn : 9228 ms.
--------------------------------------------------
SAT
----------
36and49/INST_49x49/10/inst49x49_10_67.dzn : 9254 ms.
--------------------------------------------------
=====UNKNOWN=====
36and49/INST_49x49/10/inst49x49_10_68.dzn : 1000792 ms.
--------------------------------------------------
SAT
----------
36and49/INST_49x49/10/inst49x49_10_69.dzn : 18751 ms.
--------------------------------------------------
SAT
----------
36and49/INST_49x49/10/inst49x49_10_6.dzn : 20870 ms.
--------------------------------------------------
SAT
----------
36and49/INST_49x49/10/inst49x49_10_70.dzn : 74363 ms.
--------------------------------------------------
SAT
----------
36and49/INST_49x49/10/inst49x49_10_71.dzn : 8508 ms.
--------------------------------------------------
SAT
----------
36and49/INST_49x49/10/inst49x49_10_72.dzn : 6024 ms.
--------------------------------------------------
SAT
----------
36and49/INST_49x49/10/inst49x49_10_73.dzn : 3665 ms.
--------------------------------------------------
SAT
----------
36and49/INST_49x49/10/inst49x49_10_74.dzn : 63145 ms.
--------------------------------------------------
SAT
----------
36and49/INST_49x49/10/inst49x49_10_75.dzn : 21526 ms.
--------------------------------------------------
SAT
----------
36and49/INST_49x49/10/inst49x49_10_76.dzn : 106410 ms.
--------------------------------------------------
SAT
----------
36and49/INST_49x49/10/inst49x49_10_77.dzn : 8319 ms.
--------------------------------------------------
SAT
----------
36and49/INST_49x49/10/inst49x49_10_78.dzn : 48936 ms.
--------------------------------------------------
=====UNKNOWN=====
36and49/INST_49x49/10/inst49x49_10_79.dzn : 1000826 ms.
--------------------------------------------------
SAT
----------
36and49/INST_49x49/10/inst49x49_10_7.dzn : 11567 ms.
--------------------------------------------------
SAT
----------
36and49/INST_49x49/10/inst49x49_10_80.dzn : 63506 ms.
--------------------------------------------------
SAT
----------
36and49/INST_49x49/10/inst49x49_10_81.dzn : 117481 ms.
--------------------------------------------------
SAT
----------
36and49/INST_49x49/10/inst49x49_10_82.dzn : 76816 ms.
--------------------------------------------------
SAT
----------
36and49/INST_49x49/10/inst49x49_10_83.dzn : 102486 ms.
--------------------------------------------------
SAT
----------
36and49/INST_49x49/10/inst49x49_10_84.dzn : 49540 ms.
--------------------------------------------------
SAT
----------
36and49/INST_49x49/10/inst49x49_10_85.dzn : 3550 ms.
--------------------------------------------------
SAT
----------
36and49/INST_49x49/10/inst49x49_10_86.dzn : 68883 ms.
--------------------------------------------------
SAT
----------
36and49/INST_49x49/10/inst49x49_10_87.dzn : 25695 ms.
--------------------------------------------------
SAT
----------
36and49/INST_49x49/10/inst49x49_10_88.dzn : 14669 ms.
--------------------------------------------------
SAT
----------
36and49/INST_49x49/10/inst49x49_10_89.dzn : 24297 ms.
--------------------------------------------------
SAT
----------
36and49/INST_49x49/10/inst49x49_10_8.dzn : 2656 ms.
--------------------------------------------------
=====UNKNOWN=====
36and49/INST_49x49/10/inst49x49_10_90.dzn : 1000817 ms.
--------------------------------------------------
SAT
----------
36and49/INST_49x49/10/inst49x49_10_91.dzn : 34627 ms.
--------------------------------------------------
SAT
----------
36and49/INST_49x49/10/inst49x49_10_92.dzn : 13570 ms.
--------------------------------------------------
SAT
----------
36and49/INST_49x49/10/inst49x49_10_93.dzn : 12414 ms.
--------------------------------------------------
SAT
----------
36and49/INST_49x49/10/inst49x49_10_94.dzn : 676450 ms.
--------------------------------------------------
SAT
----------
36and49/INST_49x49/10/inst49x49_10_95.dzn : 126243 ms.
--------------------------------------------------
SAT
----------
36and49/INST_49x49/10/inst49x49_10_96.dzn : 7186 ms.
--------------------------------------------------
SAT
----------
36and49/INST_49x49/10/inst49x49_10_97.dzn : 31416 ms.
--------------------------------------------------
SAT
----------
36and49/INST_49x49/10/inst49x49_10_98.dzn : 41300 ms.
--------------------------------------------------
SAT
----------
36and49/INST_49x49/10/inst49x49_10_99.dzn : 2576 ms.
--------------------------------------------------
SAT
----------
36and49/INST_49x49/10/inst49x49_10_9.dzn : 77241 ms.
