--------------------------------------------------
benchmarks/INST_81x81/50/inst81x81_50_0.txt find answer: 371.220000
benchmarks/INST_81x81/50/inst81x81_50_0.txt : 372853 ms.
--------------------------------------------------
benchmarks/INST_81x81/50/inst81x81_50_10.txt find answer: 594.560000
benchmarks/INST_81x81/50/inst81x81_50_10.txt : 596675 ms.
--------------------------------------------------
benchmarks/INST_81x81/50/inst81x81_50_11.txt : 1007362 ms.
--------------------------------------------------
benchmarks/INST_81x81/50/inst81x81_50_12.txt find answer: 850.440000
benchmarks/INST_81x81/50/inst81x81_50_12.txt : 853136 ms.
--------------------------------------------------
benchmarks/INST_81x81/50/inst81x81_50_13.txt : 1010555 ms.
--------------------------------------------------
benchmarks/INST_81x81/50/inst81x81_50_14.txt find answer: 206.730000
benchmarks/INST_81x81/50/inst81x81_50_14.txt : 207982 ms.
--------------------------------------------------
benchmarks/INST_81x81/50/inst81x81_50_15.txt : 1018321 ms.
--------------------------------------------------
benchmarks/INST_81x81/50/inst81x81_50_16.txt : 1023850 ms.
--------------------------------------------------
benchmarks/INST_81x81/50/inst81x81_50_17.txt : 1023078 ms.
--------------------------------------------------
benchmarks/INST_81x81/50/inst81x81_50_18.txt find answer: 688.730000
benchmarks/INST_81x81/50/inst81x81_50_18.txt : 691036 ms.
--------------------------------------------------
benchmarks/INST_81x81/50/inst81x81_50_19.txt : 1004524 ms.
--------------------------------------------------
benchmarks/INST_81x81/50/inst81x81_50_1.txt find answer: 627.370000
benchmarks/INST_81x81/50/inst81x81_50_1.txt : 629534 ms.
--------------------------------------------------
benchmarks/INST_81x81/50/inst81x81_50_20.txt : 1005137 ms.
--------------------------------------------------
benchmarks/INST_81x81/50/inst81x81_50_21.txt : 1008856 ms.
--------------------------------------------------
benchmarks/INST_81x81/50/inst81x81_50_22.txt : 1004430 ms.
--------------------------------------------------
benchmarks/INST_81x81/50/inst81x81_50_23.txt find answer: 209.650000
benchmarks/INST_81x81/50/inst81x81_50_23.txt : 210955 ms.
--------------------------------------------------
benchmarks/INST_81x81/50/inst81x81_50_24.txt : 1010740 ms.
--------------------------------------------------
benchmarks/INST_81x81/50/inst81x81_50_25.txt : 1011103 ms.
--------------------------------------------------
benchmarks/INST_81x81/50/inst81x81_50_26.txt find answer: 166.060000
benchmarks/INST_81x81/50/inst81x81_50_26.txt : 167145 ms.
--------------------------------------------------
benchmarks/INST_81x81/50/inst81x81_50_27.txt find answer: 721.790000
benchmarks/INST_81x81/50/inst81x81_50_27.txt : 724276 ms.
--------------------------------------------------
benchmarks/INST_81x81/50/inst81x81_50_28.txt : 1007424 ms.
--------------------------------------------------
benchmarks/INST_81x81/50/inst81x81_50_29.txt : 1006099 ms.
--------------------------------------------------
benchmarks/INST_81x81/50/inst81x81_50_2.txt : 1025916 ms.
--------------------------------------------------
benchmarks/INST_81x81/50/inst81x81_50_30.txt find answer: 790.480000
benchmarks/INST_81x81/50/inst81x81_50_30.txt : 793082 ms.
--------------------------------------------------
benchmarks/INST_81x81/50/inst81x81_50_31.txt : 1004068 ms.
--------------------------------------------------
benchmarks/INST_81x81/50/inst81x81_50_32.txt : 1010996 ms.
--------------------------------------------------
benchmarks/INST_81x81/50/inst81x81_50_33.txt : 1021123 ms.
--------------------------------------------------
benchmarks/INST_81x81/50/inst81x81_50_34.txt find answer: 510.230000
benchmarks/INST_81x81/50/inst81x81_50_34.txt : 512103 ms.
--------------------------------------------------
benchmarks/INST_81x81/50/inst81x81_50_35.txt : 1007311 ms.
--------------------------------------------------
benchmarks/INST_81x81/50/inst81x81_50_36.txt : 1011251 ms.
--------------------------------------------------
benchmarks/INST_81x81/50/inst81x81_50_37.txt : 1009001 ms.
--------------------------------------------------
benchmarks/INST_81x81/50/inst81x81_50_38.txt find answer: 699.810000
benchmarks/INST_81x81/50/inst81x81_50_38.txt : 702211 ms.
--------------------------------------------------
benchmarks/INST_81x81/50/inst81x81_50_39.txt find answer: 639.930000
benchmarks/INST_81x81/50/inst81x81_50_39.txt : 642251 ms.
--------------------------------------------------
benchmarks/INST_81x81/50/inst81x81_50_3.txt : 1004724 ms.
--------------------------------------------------
benchmarks/INST_81x81/50/inst81x81_50_40.txt : 1007841 ms.
--------------------------------------------------
benchmarks/INST_81x81/50/inst81x81_50_41.txt : 1003430 ms.
--------------------------------------------------
benchmarks/INST_81x81/50/inst81x81_50_42.txt : 1008469 ms.
--------------------------------------------------
benchmarks/INST_81x81/50/inst81x81_50_43.txt find answer: 998.800000
benchmarks/INST_81x81/50/inst81x81_50_43.txt : 1001852 ms.
--------------------------------------------------
benchmarks/INST_81x81/50/inst81x81_50_44.txt find answer: 160.650000
benchmarks/INST_81x81/50/inst81x81_50_44.txt : 161909 ms.
--------------------------------------------------
benchmarks/INST_81x81/50/inst81x81_50_45.txt find answer: 219.160000
benchmarks/INST_81x81/50/inst81x81_50_45.txt : 220624 ms.
--------------------------------------------------
benchmarks/INST_81x81/50/inst81x81_50_46.txt : 1005510 ms.
--------------------------------------------------
benchmarks/INST_81x81/50/inst81x81_50_47.txt : 1012396 ms.
--------------------------------------------------
benchmarks/INST_81x81/50/inst81x81_50_48.txt find answer: 325.910000
benchmarks/INST_81x81/50/inst81x81_50_48.txt : 327461 ms.
--------------------------------------------------
benchmarks/INST_81x81/50/inst81x81_50_49.txt : 1004108 ms.
--------------------------------------------------
benchmarks/INST_81x81/50/inst81x81_50_4.txt find answer: 913.110000
benchmarks/INST_81x81/50/inst81x81_50_4.txt : 916028 ms.
--------------------------------------------------
benchmarks/INST_81x81/50/inst81x81_50_50.txt find answer: 839.460000
benchmarks/INST_81x81/50/inst81x81_50_50.txt : 842358 ms.
--------------------------------------------------
benchmarks/INST_81x81/50/inst81x81_50_51.txt : 1007311 ms.
--------------------------------------------------
benchmarks/INST_81x81/50/inst81x81_50_52.txt : 1014622 ms.
--------------------------------------------------
benchmarks/INST_81x81/50/inst81x81_50_53.txt find answer: 464.040000
benchmarks/INST_81x81/50/inst81x81_50_53.txt : 465887 ms.
--------------------------------------------------
benchmarks/INST_81x81/50/inst81x81_50_54.txt : 1020258 ms.
--------------------------------------------------
benchmarks/INST_81x81/50/inst81x81_50_55.txt find answer: 767.660000
benchmarks/INST_81x81/50/inst81x81_50_55.txt : 770213 ms.
--------------------------------------------------
benchmarks/INST_81x81/50/inst81x81_50_56.txt find answer: 282.680000
benchmarks/INST_81x81/50/inst81x81_50_56.txt : 284044 ms.
--------------------------------------------------
benchmarks/INST_81x81/50/inst81x81_50_57.txt : 1006655 ms.
--------------------------------------------------
benchmarks/INST_81x81/50/inst81x81_50_58.txt : 1005872 ms.
--------------------------------------------------
benchmarks/INST_81x81/50/inst81x81_50_59.txt : 1011020 ms.
--------------------------------------------------
benchmarks/INST_81x81/50/inst81x81_50_5.txt : 1004343 ms.
--------------------------------------------------
benchmarks/INST_81x81/50/inst81x81_50_60.txt : 1007320 ms.
--------------------------------------------------
benchmarks/INST_81x81/50/inst81x81_50_61.txt find answer: 179.320000
benchmarks/INST_81x81/50/inst81x81_50_61.txt : 180474 ms.
--------------------------------------------------
benchmarks/INST_81x81/50/inst81x81_50_62.txt find answer: 492.090000
benchmarks/INST_81x81/50/inst81x81_50_62.txt : 493932 ms.
--------------------------------------------------
benchmarks/INST_81x81/50/inst81x81_50_63.txt : 1003301 ms.
--------------------------------------------------
benchmarks/INST_81x81/50/inst81x81_50_64.txt : 1010225 ms.
--------------------------------------------------
benchmarks/INST_81x81/50/inst81x81_50_65.txt find answer: 931.530000
benchmarks/INST_81x81/50/inst81x81_50_65.txt : 934481 ms.
--------------------------------------------------
benchmarks/INST_81x81/50/inst81x81_50_66.txt find answer: 767.050000
benchmarks/INST_81x81/50/inst81x81_50_66.txt : 769781 ms.
--------------------------------------------------
benchmarks/INST_81x81/50/inst81x81_50_67.txt find answer: 176.230000
benchmarks/INST_81x81/50/inst81x81_50_67.txt : 177418 ms.
--------------------------------------------------
benchmarks/INST_81x81/50/inst81x81_50_68.txt : 1016124 ms.
--------------------------------------------------
benchmarks/INST_81x81/50/inst81x81_50_69.txt : 1017459 ms.
--------------------------------------------------
benchmarks/INST_81x81/50/inst81x81_50_6.txt : 1003105 ms.
--------------------------------------------------
benchmarks/INST_81x81/50/inst81x81_50_70.txt find answer: 987.970000
benchmarks/INST_81x81/50/inst81x81_50_70.txt : 991190 ms.
--------------------------------------------------
benchmarks/INST_81x81/50/inst81x81_50_71.txt : 1003580 ms.
--------------------------------------------------
benchmarks/INST_81x81/50/inst81x81_50_72.txt : 1003239 ms.
--------------------------------------------------
benchmarks/INST_81x81/50/inst81x81_50_73.txt find answer: 910.840000
benchmarks/INST_81x81/50/inst81x81_50_73.txt : 913886 ms.
--------------------------------------------------
benchmarks/INST_81x81/50/inst81x81_50_74.txt : 1007583 ms.
--------------------------------------------------
benchmarks/INST_81x81/50/inst81x81_50_75.txt find answer: 316.090000
benchmarks/INST_81x81/50/inst81x81_50_75.txt : 317544 ms.
--------------------------------------------------
benchmarks/INST_81x81/50/inst81x81_50_76.txt : 1017569 ms.
--------------------------------------------------
benchmarks/INST_81x81/50/inst81x81_50_77.txt : 1006157 ms.
--------------------------------------------------
benchmarks/INST_81x81/50/inst81x81_50_78.txt : 1017606 ms.
--------------------------------------------------
benchmarks/INST_81x81/50/inst81x81_50_79.txt find answer: 308.800000
benchmarks/INST_81x81/50/inst81x81_50_79.txt : 310544 ms.
--------------------------------------------------
benchmarks/INST_81x81/50/inst81x81_50_7.txt : 1006541 ms.
--------------------------------------------------
benchmarks/INST_81x81/50/inst81x81_50_80.txt find answer: 708.020000
benchmarks/INST_81x81/50/inst81x81_50_80.txt : 710593 ms.
--------------------------------------------------
benchmarks/INST_81x81/50/inst81x81_50_81.txt : 1007065 ms.
--------------------------------------------------
benchmarks/INST_81x81/50/inst81x81_50_82.txt find answer: 989.070000
benchmarks/INST_81x81/50/inst81x81_50_82.txt : 992314 ms.
--------------------------------------------------
benchmarks/INST_81x81/50/inst81x81_50_83.txt : 1005936 ms.
--------------------------------------------------
benchmarks/INST_81x81/50/inst81x81_50_84.txt : 1003522 ms.
--------------------------------------------------
benchmarks/INST_81x81/50/inst81x81_50_85.txt find answer: 429.700000
benchmarks/INST_81x81/50/inst81x81_50_85.txt : 431512 ms.
--------------------------------------------------
benchmarks/INST_81x81/50/inst81x81_50_86.txt find answer: 869.550000
benchmarks/INST_81x81/50/inst81x81_50_86.txt : 872415 ms.
--------------------------------------------------
benchmarks/INST_81x81/50/inst81x81_50_87.txt : 1006439 ms.
--------------------------------------------------
benchmarks/INST_81x81/50/inst81x81_50_88.txt : 1024651 ms.
--------------------------------------------------
benchmarks/INST_81x81/50/inst81x81_50_89.txt : 1022181 ms.
--------------------------------------------------
benchmarks/INST_81x81/50/inst81x81_50_8.txt : 1006105 ms.
--------------------------------------------------
benchmarks/INST_81x81/50/inst81x81_50_90.txt : 1020851 ms.
--------------------------------------------------
benchmarks/INST_81x81/50/inst81x81_50_91.txt : 1003977 ms.
--------------------------------------------------
benchmarks/INST_81x81/50/inst81x81_50_92.txt : 1003985 ms.
--------------------------------------------------
benchmarks/INST_81x81/50/inst81x81_50_93.txt : 1003497 ms.
--------------------------------------------------
benchmarks/INST_81x81/50/inst81x81_50_94.txt find answer: 545.610000
benchmarks/INST_81x81/50/inst81x81_50_94.txt : 547767 ms.
--------------------------------------------------
benchmarks/INST_81x81/50/inst81x81_50_95.txt : 1003163 ms.
--------------------------------------------------
benchmarks/INST_81x81/50/inst81x81_50_96.txt find answer: 646.910000
benchmarks/INST_81x81/50/inst81x81_50_96.txt : 649281 ms.
--------------------------------------------------
benchmarks/INST_81x81/50/inst81x81_50_97.txt : 1007792 ms.
--------------------------------------------------
benchmarks/INST_81x81/50/inst81x81_50_98.txt : 1016026 ms.
--------------------------------------------------
benchmarks/INST_81x81/50/inst81x81_50_99.txt find answer: 694.370000
benchmarks/INST_81x81/50/inst81x81_50_99.txt : 696675 ms.
--------------------------------------------------
benchmarks/INST_81x81/50/inst81x81_50_9.txt : 1006578 ms.
run.sh: line 77: 3: command not found
run.sh: line 78: syntax error near unexpected token `fi'
run.sh: line 78: `    fi'
