--------------------------------------------------
benchmarks/INST_36x36/10/inst36x36_10_0.txt : 1006840 ms.
--------------------------------------------------
benchmarks/INST_36x36/10/inst36x36_10_10.txt find answer: 11.410000
benchmarks/INST_36x36/10/inst36x36_10_10.txt : 11490 ms.
--------------------------------------------------
benchmarks/INST_36x36/10/inst36x36_10_11.txt find answer: 30.820000
benchmarks/INST_36x36/10/inst36x36_10_11.txt : 30952 ms.
--------------------------------------------------
benchmarks/INST_36x36/10/inst36x36_10_12.txt find answer: 72.100000
benchmarks/INST_36x36/10/inst36x36_10_12.txt : 72338 ms.
--------------------------------------------------
benchmarks/INST_36x36/10/inst36x36_10_13.txt find answer: 78.690000
benchmarks/INST_36x36/10/inst36x36_10_13.txt : 78942 ms.
--------------------------------------------------
benchmarks/INST_36x36/10/inst36x36_10_14.txt : 1012603 ms.
--------------------------------------------------
benchmarks/INST_36x36/10/inst36x36_10_15.txt find answer: 15.360000
benchmarks/INST_36x36/10/inst36x36_10_15.txt : 15458 ms.
--------------------------------------------------
benchmarks/INST_36x36/10/inst36x36_10_16.txt find answer: 15.850000
benchmarks/INST_36x36/10/inst36x36_10_16.txt : 15947 ms.
--------------------------------------------------
benchmarks/INST_36x36/10/inst36x36_10_17.txt find answer: 20.220000
benchmarks/INST_36x36/10/inst36x36_10_17.txt : 20333 ms.
--------------------------------------------------
benchmarks/INST_36x36/10/inst36x36_10_18.txt : 1007092 ms.
--------------------------------------------------
benchmarks/INST_36x36/10/inst36x36_10_19.txt find answer: 31.280000
benchmarks/INST_36x36/10/inst36x36_10_19.txt : 31425 ms.
--------------------------------------------------
benchmarks/INST_36x36/10/inst36x36_10_1.txt : 1009091 ms.
--------------------------------------------------
benchmarks/INST_36x36/10/inst36x36_10_20.txt find answer: 743.680000
benchmarks/INST_36x36/10/inst36x36_10_20.txt : 745502 ms.
--------------------------------------------------
benchmarks/INST_36x36/10/inst36x36_10_21.txt find answer: 17.400000
benchmarks/INST_36x36/10/inst36x36_10_21.txt : 17478 ms.
--------------------------------------------------
benchmarks/INST_36x36/10/inst36x36_10_22.txt find answer: 33.350000
benchmarks/INST_36x36/10/inst36x36_10_22.txt : 33492 ms.
--------------------------------------------------
benchmarks/INST_36x36/10/inst36x36_10_23.txt : 1009732 ms.
--------------------------------------------------
benchmarks/INST_36x36/10/inst36x36_10_24.txt : 1008659 ms.
--------------------------------------------------
benchmarks/INST_36x36/10/inst36x36_10_25.txt find answer: 82.780000
benchmarks/INST_36x36/10/inst36x36_10_25.txt : 83021 ms.
--------------------------------------------------
benchmarks/INST_36x36/10/inst36x36_10_26.txt find answer: 9.170000
benchmarks/INST_36x36/10/inst36x36_10_26.txt : 9253 ms.
--------------------------------------------------
benchmarks/INST_36x36/10/inst36x36_10_27.txt find answer: 109.730000
benchmarks/INST_36x36/10/inst36x36_10_27.txt : 110076 ms.
--------------------------------------------------
benchmarks/INST_36x36/10/inst36x36_10_28.txt find answer: 12.900000
benchmarks/INST_36x36/10/inst36x36_10_28.txt : 13001 ms.
--------------------------------------------------
benchmarks/INST_36x36/10/inst36x36_10_29.txt find answer: 29.440000
benchmarks/INST_36x36/10/inst36x36_10_29.txt : 29589 ms.
--------------------------------------------------
benchmarks/INST_36x36/10/inst36x36_10_2.txt : 1013118 ms.
--------------------------------------------------
benchmarks/INST_36x36/10/inst36x36_10_30.txt find answer: 24.710000
benchmarks/INST_36x36/10/inst36x36_10_30.txt : 24832 ms.
--------------------------------------------------
benchmarks/INST_36x36/10/inst36x36_10_31.txt find answer: 2.720000
benchmarks/INST_36x36/10/inst36x36_10_31.txt : 2787 ms.
--------------------------------------------------
benchmarks/INST_36x36/10/inst36x36_10_32.txt find answer: 7.280000
benchmarks/INST_36x36/10/inst36x36_10_32.txt : 7381 ms.
--------------------------------------------------
benchmarks/INST_36x36/10/inst36x36_10_33.txt : 1004300 ms.
--------------------------------------------------
benchmarks/INST_36x36/10/inst36x36_10_34.txt find answer: 132.030000
benchmarks/INST_36x36/10/inst36x36_10_34.txt : 132416 ms.
--------------------------------------------------
benchmarks/INST_36x36/10/inst36x36_10_35.txt find answer: 22.400000
benchmarks/INST_36x36/10/inst36x36_10_35.txt : 22517 ms.
--------------------------------------------------
benchmarks/INST_36x36/10/inst36x36_10_36.txt find answer: 1.950000
benchmarks/INST_36x36/10/inst36x36_10_36.txt : 2013 ms.
--------------------------------------------------
benchmarks/INST_36x36/10/inst36x36_10_37.txt find answer: 78.170000
benchmarks/INST_36x36/10/inst36x36_10_37.txt : 78424 ms.
--------------------------------------------------
benchmarks/INST_36x36/10/inst36x36_10_38.txt find answer: 28.060000
benchmarks/INST_36x36/10/inst36x36_10_38.txt : 28189 ms.
--------------------------------------------------
benchmarks/INST_36x36/10/inst36x36_10_39.txt : 1004653 ms.
--------------------------------------------------
benchmarks/INST_36x36/10/inst36x36_10_3.txt find answer: 122.310000
benchmarks/INST_36x36/10/inst36x36_10_3.txt : 122653 ms.
--------------------------------------------------
benchmarks/INST_36x36/10/inst36x36_10_40.txt : 1008333 ms.
--------------------------------------------------
benchmarks/INST_36x36/10/inst36x36_10_41.txt : 1009340 ms.
--------------------------------------------------
benchmarks/INST_36x36/10/inst36x36_10_42.txt : 1012256 ms.
--------------------------------------------------
benchmarks/INST_36x36/10/inst36x36_10_43.txt find answer: 28.310000
benchmarks/INST_36x36/10/inst36x36_10_43.txt : 28441 ms.
--------------------------------------------------
benchmarks/INST_36x36/10/inst36x36_10_44.txt find answer: 14.580000
benchmarks/INST_36x36/10/inst36x36_10_44.txt : 14683 ms.
--------------------------------------------------
benchmarks/INST_36x36/10/inst36x36_10_45.txt find answer: 12.270000
benchmarks/INST_36x36/10/inst36x36_10_45.txt : 12360 ms.
--------------------------------------------------
benchmarks/INST_36x36/10/inst36x36_10_46.txt find answer: 59.500000
benchmarks/INST_36x36/10/inst36x36_10_46.txt : 59714 ms.
--------------------------------------------------
benchmarks/INST_36x36/10/inst36x36_10_47.txt : 1015542 ms.
--------------------------------------------------
benchmarks/INST_36x36/10/inst36x36_10_48.txt : 1004422 ms.
--------------------------------------------------
benchmarks/INST_36x36/10/inst36x36_10_49.txt find answer: 50.610000
benchmarks/INST_36x36/10/inst36x36_10_49.txt : 50815 ms.
--------------------------------------------------
benchmarks/INST_36x36/10/inst36x36_10_4.txt find answer: 82.260000
benchmarks/INST_36x36/10/inst36x36_10_4.txt : 82529 ms.
--------------------------------------------------
benchmarks/INST_36x36/10/inst36x36_10_50.txt find answer: 38.070000
benchmarks/INST_36x36/10/inst36x36_10_50.txt : 38222 ms.
--------------------------------------------------
benchmarks/INST_36x36/10/inst36x36_10_51.txt find answer: 42.540000
benchmarks/INST_36x36/10/inst36x36_10_51.txt : 42710 ms.
--------------------------------------------------
benchmarks/INST_36x36/10/inst36x36_10_52.txt find answer: 35.750000
benchmarks/INST_36x36/10/inst36x36_10_52.txt : 35906 ms.
--------------------------------------------------
benchmarks/INST_36x36/10/inst36x36_10_53.txt find answer: 8.990000
benchmarks/INST_36x36/10/inst36x36_10_53.txt : 9069 ms.
--------------------------------------------------
benchmarks/INST_36x36/10/inst36x36_10_54.txt find answer: 26.930000
benchmarks/INST_36x36/10/inst36x36_10_54.txt : 27057 ms.
--------------------------------------------------
benchmarks/INST_36x36/10/inst36x36_10_55.txt find answer: 80.410000
benchmarks/INST_36x36/10/inst36x36_10_55.txt : 80665 ms.
--------------------------------------------------
benchmarks/INST_36x36/10/inst36x36_10_56.txt find answer: 109.670000
benchmarks/INST_36x36/10/inst36x36_10_56.txt : 110013 ms.
--------------------------------------------------
benchmarks/INST_36x36/10/inst36x36_10_57.txt find answer: 5.300000
benchmarks/INST_36x36/10/inst36x36_10_57.txt : 5374 ms.
--------------------------------------------------
benchmarks/INST_36x36/10/inst36x36_10_58.txt find answer: 7.290000
benchmarks/INST_36x36/10/inst36x36_10_58.txt : 7360 ms.
--------------------------------------------------
benchmarks/INST_36x36/10/inst36x36_10_59.txt find answer: 18.710000
benchmarks/INST_36x36/10/inst36x36_10_59.txt : 18813 ms.
--------------------------------------------------
benchmarks/INST_36x36/10/inst36x36_10_5.txt find answer: 121.470000
benchmarks/INST_36x36/10/inst36x36_10_5.txt : 121818 ms.
--------------------------------------------------
benchmarks/INST_36x36/10/inst36x36_10_60.txt find answer: 106.440000
benchmarks/INST_36x36/10/inst36x36_10_60.txt : 106754 ms.
--------------------------------------------------
benchmarks/INST_36x36/10/inst36x36_10_61.txt find answer: 13.820000
benchmarks/INST_36x36/10/inst36x36_10_61.txt : 13915 ms.
--------------------------------------------------
benchmarks/INST_36x36/10/inst36x36_10_62.txt find answer: 154.110000
benchmarks/INST_36x36/10/inst36x36_10_62.txt : 154537 ms.
--------------------------------------------------
benchmarks/INST_36x36/10/inst36x36_10_63.txt find answer: 5.970000
benchmarks/INST_36x36/10/inst36x36_10_63.txt : 6047 ms.
--------------------------------------------------
benchmarks/INST_36x36/10/inst36x36_10_64.txt find answer: 27.660000
benchmarks/INST_36x36/10/inst36x36_10_64.txt : 27779 ms.
--------------------------------------------------
benchmarks/INST_36x36/10/inst36x36_10_65.txt find answer: 13.210000
benchmarks/INST_36x36/10/inst36x36_10_65.txt : 13293 ms.
--------------------------------------------------
benchmarks/INST_36x36/10/inst36x36_10_66.txt find answer: 7.820000
benchmarks/INST_36x36/10/inst36x36_10_66.txt : 7894 ms.
--------------------------------------------------
benchmarks/INST_36x36/10/inst36x36_10_67.txt find answer: 7.560000
benchmarks/INST_36x36/10/inst36x36_10_67.txt : 7649 ms.
--------------------------------------------------
benchmarks/INST_36x36/10/inst36x36_10_68.txt find answer: 76.700000
benchmarks/INST_36x36/10/inst36x36_10_68.txt : 76950 ms.
--------------------------------------------------
benchmarks/INST_36x36/10/inst36x36_10_69.txt find answer: 25.490000
benchmarks/INST_36x36/10/inst36x36_10_69.txt : 25628 ms.
--------------------------------------------------
benchmarks/INST_36x36/10/inst36x36_10_6.txt find answer: 12.310000
benchmarks/INST_36x36/10/inst36x36_10_6.txt : 12401 ms.
--------------------------------------------------
benchmarks/INST_36x36/10/inst36x36_10_70.txt find answer: 7.470000
benchmarks/INST_36x36/10/inst36x36_10_70.txt : 7544 ms.
--------------------------------------------------
benchmarks/INST_36x36/10/inst36x36_10_71.txt find answer: 3.900000
benchmarks/INST_36x36/10/inst36x36_10_71.txt : 3947 ms.
--------------------------------------------------
benchmarks/INST_36x36/10/inst36x36_10_72.txt : 1010074 ms.
--------------------------------------------------
benchmarks/INST_36x36/10/inst36x36_10_73.txt find answer: 10.230000
benchmarks/INST_36x36/10/inst36x36_10_73.txt : 10326 ms.
--------------------------------------------------
benchmarks/INST_36x36/10/inst36x36_10_74.txt : 1019598 ms.
--------------------------------------------------
benchmarks/INST_36x36/10/inst36x36_10_75.txt find answer: 13.050000
benchmarks/INST_36x36/10/inst36x36_10_75.txt : 13149 ms.
--------------------------------------------------
benchmarks/INST_36x36/10/inst36x36_10_76.txt find answer: 65.030000
benchmarks/INST_36x36/10/inst36x36_10_76.txt : 65247 ms.
--------------------------------------------------
benchmarks/INST_36x36/10/inst36x36_10_77.txt : 1015564 ms.
--------------------------------------------------
benchmarks/INST_36x36/10/inst36x36_10_78.txt find answer: 7.480000
benchmarks/INST_36x36/10/inst36x36_10_78.txt : 7563 ms.
--------------------------------------------------
benchmarks/INST_36x36/10/inst36x36_10_79.txt find answer: 47.150000
benchmarks/INST_36x36/10/inst36x36_10_79.txt : 47325 ms.
--------------------------------------------------
benchmarks/INST_36x36/10/inst36x36_10_7.txt find answer: 26.220000
benchmarks/INST_36x36/10/inst36x36_10_7.txt : 26340 ms.
--------------------------------------------------
benchmarks/INST_36x36/10/inst36x36_10_80.txt : 1013415 ms.
--------------------------------------------------
benchmarks/INST_36x36/10/inst36x36_10_81.txt find answer: 30.780000
benchmarks/INST_36x36/10/inst36x36_10_81.txt : 30947 ms.
--------------------------------------------------
benchmarks/INST_36x36/10/inst36x36_10_82.txt find answer: 16.410000
benchmarks/INST_36x36/10/inst36x36_10_82.txt : 16512 ms.
--------------------------------------------------
benchmarks/INST_36x36/10/inst36x36_10_83.txt find answer: 9.900000
benchmarks/INST_36x36/10/inst36x36_10_83.txt : 9995 ms.
--------------------------------------------------
benchmarks/INST_36x36/10/inst36x36_10_84.txt find answer: 34.690000
benchmarks/INST_36x36/10/inst36x36_10_84.txt : 34845 ms.
--------------------------------------------------
benchmarks/INST_36x36/10/inst36x36_10_85.txt find answer: 182.770000
benchmarks/INST_36x36/10/inst36x36_10_85.txt : 183272 ms.
--------------------------------------------------
benchmarks/INST_36x36/10/inst36x36_10_86.txt find answer: 16.710000
benchmarks/INST_36x36/10/inst36x36_10_86.txt : 16815 ms.
--------------------------------------------------
benchmarks/INST_36x36/10/inst36x36_10_87.txt find answer: 26.530000
benchmarks/INST_36x36/10/inst36x36_10_87.txt : 26668 ms.
--------------------------------------------------
benchmarks/INST_36x36/10/inst36x36_10_88.txt find answer: 569.850000
benchmarks/INST_36x36/10/inst36x36_10_88.txt : 571256 ms.
--------------------------------------------------
benchmarks/INST_36x36/10/inst36x36_10_89.txt find answer: 63.840000
benchmarks/INST_36x36/10/inst36x36_10_89.txt : 64053 ms.
--------------------------------------------------
benchmarks/INST_36x36/10/inst36x36_10_8.txt find answer: 83.450000
benchmarks/INST_36x36/10/inst36x36_10_8.txt : 83769 ms.
--------------------------------------------------
benchmarks/INST_36x36/10/inst36x36_10_90.txt find answer: 28.570000
benchmarks/INST_36x36/10/inst36x36_10_90.txt : 28712 ms.
--------------------------------------------------
benchmarks/INST_36x36/10/inst36x36_10_91.txt find answer: 8.720000
benchmarks/INST_36x36/10/inst36x36_10_91.txt : 8791 ms.
--------------------------------------------------
benchmarks/INST_36x36/10/inst36x36_10_92.txt find answer: 2.900000
benchmarks/INST_36x36/10/inst36x36_10_92.txt : 2964 ms.
--------------------------------------------------
benchmarks/INST_36x36/10/inst36x36_10_93.txt : 1012762 ms.
--------------------------------------------------
benchmarks/INST_36x36/10/inst36x36_10_94.txt find answer: 283.060000
benchmarks/INST_36x36/10/inst36x36_10_94.txt : 283793 ms.
--------------------------------------------------
benchmarks/INST_36x36/10/inst36x36_10_95.txt find answer: 14.110000
benchmarks/INST_36x36/10/inst36x36_10_95.txt : 14204 ms.
--------------------------------------------------
benchmarks/INST_36x36/10/inst36x36_10_96.txt : 1015061 ms.
--------------------------------------------------
benchmarks/INST_36x36/10/inst36x36_10_97.txt find answer: 12.020000
benchmarks/INST_36x36/10/inst36x36_10_97.txt : 12117 ms.
--------------------------------------------------
benchmarks/INST_36x36/10/inst36x36_10_98.txt : 1004262 ms.
--------------------------------------------------
benchmarks/INST_36x36/10/inst36x36_10_99.txt find answer: 183.490000
benchmarks/INST_36x36/10/inst36x36_10_99.txt : 183985 ms.
--------------------------------------------------
benchmarks/INST_36x36/10/inst36x36_10_9.txt find answer: 11.700000
benchmarks/INST_36x36/10/inst36x36_10_9.txt : 11784 ms.
run.sh: line 77: 3: command not found
run.sh: line 78: syntax error near unexpected token `fi'
run.sh: line 78: `    fi'
