--------------------------------------------------
benchmarks_EXC/INST_49x49/40/inst49x49_40_0.txt : 1001675 ms.
--------------------------------------------------
benchmarks_EXC/INST_49x49/40/inst49x49_40_10.txt : 1001567 ms.
--------------------------------------------------
benchmarks_EXC/INST_49x49/40/inst49x49_40_11.txt find answer: 71.840000
benchmarks_EXC/INST_49x49/40/inst49x49_40_11.txt : 71995 ms.
--------------------------------------------------
benchmarks_EXC/INST_49x49/40/inst49x49_40_12.txt : 1003742 ms.
--------------------------------------------------
benchmarks_EXC/INST_49x49/40/inst49x49_40_13.txt : 1009281 ms.
--------------------------------------------------
benchmarks_EXC/INST_49x49/40/inst49x49_40_14.txt find answer: 290.170000
benchmarks_EXC/INST_49x49/40/inst49x49_40_14.txt : 290613 ms.
--------------------------------------------------
benchmarks_EXC/INST_49x49/40/inst49x49_40_15.txt : 1003383 ms.
--------------------------------------------------
benchmarks_EXC/INST_49x49/40/inst49x49_40_16.txt : 1003176 ms.
--------------------------------------------------
benchmarks_EXC/INST_49x49/40/inst49x49_40_17.txt find answer: 669.650000
benchmarks_EXC/INST_49x49/40/inst49x49_40_17.txt : 669895 ms.
--------------------------------------------------
benchmarks_EXC/INST_49x49/40/inst49x49_40_18.txt find answer: 644.140000
benchmarks_EXC/INST_49x49/40/inst49x49_40_18.txt : 644313 ms.
--------------------------------------------------
benchmarks_EXC/INST_49x49/40/inst49x49_40_19.txt : 1002002 ms.
--------------------------------------------------
benchmarks_EXC/INST_49x49/40/inst49x49_40_1.txt : 1000163 ms.
--------------------------------------------------
benchmarks_EXC/INST_49x49/40/inst49x49_40_20.txt : 1004355 ms.
--------------------------------------------------
benchmarks_EXC/INST_49x49/40/inst49x49_40_21.txt : 1008010 ms.
--------------------------------------------------
benchmarks_EXC/INST_49x49/40/inst49x49_40_22.txt : 1007745 ms.
--------------------------------------------------
benchmarks_EXC/INST_49x49/40/inst49x49_40_23.txt : 1002401 ms.
--------------------------------------------------
benchmarks_EXC/INST_49x49/40/inst49x49_40_24.txt find answer: 134.020000
benchmarks_EXC/INST_49x49/40/inst49x49_40_24.txt : 134187 ms.
--------------------------------------------------
benchmarks_EXC/INST_49x49/40/inst49x49_40_25.txt : 1000946 ms.
--------------------------------------------------
benchmarks_EXC/INST_49x49/40/inst49x49_40_26.txt : 1013175 ms.
--------------------------------------------------
benchmarks_EXC/INST_49x49/40/inst49x49_40_27.txt : 1000883 ms.
--------------------------------------------------
benchmarks_EXC/INST_49x49/40/inst49x49_40_28.txt find answer: 805.130000
benchmarks_EXC/INST_49x49/40/inst49x49_40_28.txt : 805282 ms.
--------------------------------------------------
benchmarks_EXC/INST_49x49/40/inst49x49_40_29.txt : 1003676 ms.
--------------------------------------------------
benchmarks_EXC/INST_49x49/40/inst49x49_40_2.txt find answer: 885.480000
benchmarks_EXC/INST_49x49/40/inst49x49_40_2.txt : 885630 ms.
--------------------------------------------------
benchmarks_EXC/INST_49x49/40/inst49x49_40_30.txt : 1003327 ms.
--------------------------------------------------
benchmarks_EXC/INST_49x49/40/inst49x49_40_31.txt : 1001833 ms.
--------------------------------------------------
benchmarks_EXC/INST_49x49/40/inst49x49_40_32.txt find answer: 163.430000
benchmarks_EXC/INST_49x49/40/inst49x49_40_32.txt : 163831 ms.
--------------------------------------------------
benchmarks_EXC/INST_49x49/40/inst49x49_40_33.txt find answer: 114.640000
benchmarks_EXC/INST_49x49/40/inst49x49_40_33.txt : 114793 ms.
--------------------------------------------------
benchmarks_EXC/INST_49x49/40/inst49x49_40_34.txt : 1003746 ms.
--------------------------------------------------
benchmarks_EXC/INST_49x49/40/inst49x49_40_35.txt : 1000787 ms.
--------------------------------------------------
benchmarks_EXC/INST_49x49/40/inst49x49_40_36.txt : 1002763 ms.
--------------------------------------------------
benchmarks_EXC/INST_49x49/40/inst49x49_40_37.txt : 1003459 ms.
--------------------------------------------------
benchmarks_EXC/INST_49x49/40/inst49x49_40_38.txt : 1001418 ms.
--------------------------------------------------
benchmarks_EXC/INST_49x49/40/inst49x49_40_39.txt : 1000568 ms.
--------------------------------------------------
benchmarks_EXC/INST_49x49/40/inst49x49_40_3.txt : 1000813 ms.
--------------------------------------------------
benchmarks_EXC/INST_49x49/40/inst49x49_40_40.txt find answer: 667.590000
benchmarks_EXC/INST_49x49/40/inst49x49_40_40.txt : 667863 ms.
--------------------------------------------------
benchmarks_EXC/INST_49x49/40/inst49x49_40_41.txt : 1000626 ms.
--------------------------------------------------
benchmarks_EXC/INST_49x49/40/inst49x49_40_42.txt : 1005040 ms.
--------------------------------------------------
benchmarks_EXC/INST_49x49/40/inst49x49_40_43.txt : 1002170 ms.
--------------------------------------------------
benchmarks_EXC/INST_49x49/40/inst49x49_40_44.txt find answer: 435.700000
benchmarks_EXC/INST_49x49/40/inst49x49_40_44.txt : 436329 ms.
--------------------------------------------------
benchmarks_EXC/INST_49x49/40/inst49x49_40_45.txt find answer: 966.710000
benchmarks_EXC/INST_49x49/40/inst49x49_40_45.txt : 967366 ms.
--------------------------------------------------
benchmarks_EXC/INST_49x49/40/inst49x49_40_46.txt : 1007262 ms.
--------------------------------------------------
benchmarks_EXC/INST_49x49/40/inst49x49_40_47.txt : 1002886 ms.
--------------------------------------------------
benchmarks_EXC/INST_49x49/40/inst49x49_40_48.txt find answer: 652.630000
benchmarks_EXC/INST_49x49/40/inst49x49_40_48.txt : 653035 ms.
--------------------------------------------------
benchmarks_EXC/INST_49x49/40/inst49x49_40_49.txt find answer: 788.380000
benchmarks_EXC/INST_49x49/40/inst49x49_40_49.txt : 788573 ms.
--------------------------------------------------
benchmarks_EXC/INST_49x49/40/inst49x49_40_4.txt find answer: 984.030000
benchmarks_EXC/INST_49x49/40/inst49x49_40_4.txt : 984252 ms.
--------------------------------------------------
benchmarks_EXC/INST_49x49/40/inst49x49_40_50.txt find answer: 991.920000
benchmarks_EXC/INST_49x49/40/inst49x49_40_50.txt : 992253 ms.
--------------------------------------------------
benchmarks_EXC/INST_49x49/40/inst49x49_40_51.txt : 1005048 ms.
--------------------------------------------------
benchmarks_EXC/INST_49x49/40/inst49x49_40_52.txt find answer: 391.680000
benchmarks_EXC/INST_49x49/40/inst49x49_40_52.txt : 391893 ms.
--------------------------------------------------
benchmarks_EXC/INST_49x49/40/inst49x49_40_53.txt find answer: 972.330000
benchmarks_EXC/INST_49x49/40/inst49x49_40_53.txt : 972562 ms.
--------------------------------------------------
benchmarks_EXC/INST_49x49/40/inst49x49_40_54.txt find answer: 424.870000
benchmarks_EXC/INST_49x49/40/inst49x49_40_54.txt : 425103 ms.
--------------------------------------------------
benchmarks_EXC/INST_49x49/40/inst49x49_40_55.txt : 1000742 ms.
--------------------------------------------------
benchmarks_EXC/INST_49x49/40/inst49x49_40_56.txt : 1003760 ms.
--------------------------------------------------
benchmarks_EXC/INST_49x49/40/inst49x49_40_57.txt find answer: 585.760000
benchmarks_EXC/INST_49x49/40/inst49x49_40_57.txt : 585978 ms.
--------------------------------------------------
benchmarks_EXC/INST_49x49/40/inst49x49_40_58.txt : 1001005 ms.
--------------------------------------------------
benchmarks_EXC/INST_49x49/40/inst49x49_40_59.txt : 1000715 ms.
--------------------------------------------------
benchmarks_EXC/INST_49x49/40/inst49x49_40_5.txt find answer: 459.580000
benchmarks_EXC/INST_49x49/40/inst49x49_40_5.txt : 459765 ms.
--------------------------------------------------
benchmarks_EXC/INST_49x49/40/inst49x49_40_60.txt : 1002002 ms.
--------------------------------------------------
benchmarks_EXC/INST_49x49/40/inst49x49_40_61.txt find answer: 586.940000
benchmarks_EXC/INST_49x49/40/inst49x49_40_61.txt : 587102 ms.
--------------------------------------------------
benchmarks_EXC/INST_49x49/40/inst49x49_40_62.txt : 1001082 ms.
--------------------------------------------------
benchmarks_EXC/INST_49x49/40/inst49x49_40_63.txt : 1005825 ms.
--------------------------------------------------
benchmarks_EXC/INST_49x49/40/inst49x49_40_64.txt find answer: 652.050000
benchmarks_EXC/INST_49x49/40/inst49x49_40_64.txt : 652214 ms.
--------------------------------------------------
benchmarks_EXC/INST_49x49/40/inst49x49_40_65.txt : 1004377 ms.
--------------------------------------------------
benchmarks_EXC/INST_49x49/40/inst49x49_40_66.txt : 1012037 ms.
--------------------------------------------------
benchmarks_EXC/INST_49x49/40/inst49x49_40_67.txt find answer: 971.150000
benchmarks_EXC/INST_49x49/40/inst49x49_40_67.txt : 971369 ms.
--------------------------------------------------
benchmarks_EXC/INST_49x49/40/inst49x49_40_68.txt : 1007195 ms.
--------------------------------------------------
benchmarks_EXC/INST_49x49/40/inst49x49_40_69.txt : 1004901 ms.
--------------------------------------------------
benchmarks_EXC/INST_49x49/40/inst49x49_40_6.txt : 1000340 ms.
--------------------------------------------------
benchmarks_EXC/INST_49x49/40/inst49x49_40_70.txt : 1005473 ms.
--------------------------------------------------
benchmarks_EXC/INST_49x49/40/inst49x49_40_71.txt : 1004868 ms.
--------------------------------------------------
benchmarks_EXC/INST_49x49/40/inst49x49_40_72.txt : 1002202 ms.
--------------------------------------------------
benchmarks_EXC/INST_49x49/40/inst49x49_40_73.txt : 1004955 ms.
--------------------------------------------------
benchmarks_EXC/INST_49x49/40/inst49x49_40_74.txt : 1001870 ms.
--------------------------------------------------
benchmarks_EXC/INST_49x49/40/inst49x49_40_75.txt : 1000452 ms.
--------------------------------------------------
benchmarks_EXC/INST_49x49/40/inst49x49_40_76.txt : 1001983 ms.
--------------------------------------------------
benchmarks_EXC/INST_49x49/40/inst49x49_40_77.txt find answer: 837.140000
benchmarks_EXC/INST_49x49/40/inst49x49_40_77.txt : 837371 ms.
--------------------------------------------------
benchmarks_EXC/INST_49x49/40/inst49x49_40_78.txt find answer: 300.150000
benchmarks_EXC/INST_49x49/40/inst49x49_40_78.txt : 300316 ms.
--------------------------------------------------
benchmarks_EXC/INST_49x49/40/inst49x49_40_79.txt : 1005655 ms.
--------------------------------------------------
benchmarks_EXC/INST_49x49/40/inst49x49_40_7.txt : 1001342 ms.
--------------------------------------------------
benchmarks_EXC/INST_49x49/40/inst49x49_40_80.txt find answer: 463.780000
benchmarks_EXC/INST_49x49/40/inst49x49_40_80.txt : 464049 ms.
--------------------------------------------------
benchmarks_EXC/INST_49x49/40/inst49x49_40_81.txt find answer: 949.250000
benchmarks_EXC/INST_49x49/40/inst49x49_40_81.txt : 949513 ms.
--------------------------------------------------
benchmarks_EXC/INST_49x49/40/inst49x49_40_82.txt : 1004629 ms.
--------------------------------------------------
benchmarks_EXC/INST_49x49/40/inst49x49_40_83.txt : 1002782 ms.
--------------------------------------------------
benchmarks_EXC/INST_49x49/40/inst49x49_40_84.txt : 1007202 ms.
--------------------------------------------------
benchmarks_EXC/INST_49x49/40/inst49x49_40_85.txt : 1016138 ms.
--------------------------------------------------
benchmarks_EXC/INST_49x49/40/inst49x49_40_86.txt : 1008161 ms.
--------------------------------------------------
benchmarks_EXC/INST_49x49/40/inst49x49_40_87.txt : 1000493 ms.
--------------------------------------------------
benchmarks_EXC/INST_49x49/40/inst49x49_40_88.txt find answer: 316.300000
benchmarks_EXC/INST_49x49/40/inst49x49_40_88.txt : 316512 ms.
--------------------------------------------------
benchmarks_EXC/INST_49x49/40/inst49x49_40_89.txt find answer: 1003.590000
benchmarks_EXC/INST_49x49/40/inst49x49_40_89.txt : 1003811 ms.
--------------------------------------------------
benchmarks_EXC/INST_49x49/40/inst49x49_40_8.txt : 1002123 ms.
--------------------------------------------------
benchmarks_EXC/INST_49x49/40/inst49x49_40_90.txt find answer: 377.250000
benchmarks_EXC/INST_49x49/40/inst49x49_40_90.txt : 377399 ms.
--------------------------------------------------
benchmarks_EXC/INST_49x49/40/inst49x49_40_91.txt find answer: 390.760000
benchmarks_EXC/INST_49x49/40/inst49x49_40_91.txt : 390929 ms.
--------------------------------------------------
benchmarks_EXC/INST_49x49/40/inst49x49_40_92.txt find answer: 481.220000
benchmarks_EXC/INST_49x49/40/inst49x49_40_92.txt : 481399 ms.
--------------------------------------------------
benchmarks_EXC/INST_49x49/40/inst49x49_40_93.txt find answer: 375.820000
benchmarks_EXC/INST_49x49/40/inst49x49_40_93.txt : 376006 ms.
--------------------------------------------------
benchmarks_EXC/INST_49x49/40/inst49x49_40_94.txt : 1002219 ms.
--------------------------------------------------
benchmarks_EXC/INST_49x49/40/inst49x49_40_95.txt find answer: 146.050000
benchmarks_EXC/INST_49x49/40/inst49x49_40_95.txt : 146262 ms.
--------------------------------------------------
benchmarks_EXC/INST_49x49/40/inst49x49_40_96.txt : 1003137 ms.
--------------------------------------------------
benchmarks_EXC/INST_49x49/40/inst49x49_40_97.txt : 1004276 ms.
--------------------------------------------------
benchmarks_EXC/INST_49x49/40/inst49x49_40_98.txt find answer: 381.560000
benchmarks_EXC/INST_49x49/40/inst49x49_40_98.txt : 381885 ms.
--------------------------------------------------
benchmarks_EXC/INST_49x49/40/inst49x49_40_99.txt : 1001234 ms.
--------------------------------------------------
benchmarks_EXC/INST_49x49/40/inst49x49_40_9.txt find answer: 984.030000
benchmarks_EXC/INST_49x49/40/inst49x49_40_9.txt : 984339 ms.
benchmarks_EXC/INST_49x49/40/inst49x49_40_9.txt reduce vertex: 1441
run.sh: line 91: syntax error near unexpected token `fi'
run.sh: line 91: `    fi'
