--------------------------------------------------
minizinc: Unrecognized option or bad format `benchmarks/INST_100x100/80/inst100x100_80_0.txt'
minizinc: MiniZinc driver.
Usage: minizinc  [<options>] [-I <include path>] <model>.mzn [<data>.dzn ...] or just <flat>.fzn
More info with "minizinc --help"
benchmarks/INST_100x100/80/inst100x100_80_0.txt : 153 ms.
--------------------------------------------------
minizinc: Unrecognized option or bad format `benchmarks/INST_100x100/80/inst100x100_80_10.txt'
minizinc: MiniZinc driver.
Usage: minizinc  [<options>] [-I <include path>] <model>.mzn [<data>.dzn ...] or just <flat>.fzn
More info with "minizinc --help"
benchmarks/INST_100x100/80/inst100x100_80_10.txt : 52 ms.
--------------------------------------------------
minizinc: Unrecognized option or bad format `benchmarks/INST_100x100/80/inst100x100_80_11.txt'
minizinc: MiniZinc driver.
Usage: minizinc  [<options>] [-I <include path>] <model>.mzn [<data>.dzn ...] or just <flat>.fzn
More info with "minizinc --help"
benchmarks/INST_100x100/80/inst100x100_80_11.txt : 75 ms.
--------------------------------------------------
minizinc: Unrecognized option or bad format `benchmarks/INST_100x100/80/inst100x100_80_12.txt'
minizinc: MiniZinc driver.
Usage: minizinc  [<options>] [-I <include path>] <model>.mzn [<data>.dzn ...] or just <flat>.fzn
More info with "minizinc --help"
benchmarks/INST_100x100/80/inst100x100_80_12.txt : 49 ms.
--------------------------------------------------
minizinc: Unrecognized option or bad format `benchmarks/INST_100x100/80/inst100x100_80_13.txt'
minizinc: MiniZinc driver.
Usage: minizinc  [<options>] [-I <include path>] <model>.mzn [<data>.dzn ...] or just <flat>.fzn
More info with "minizinc --help"
benchmarks/INST_100x100/80/inst100x100_80_13.txt : 46 ms.
--------------------------------------------------
minizinc: Unrecognized option or bad format `benchmarks/INST_100x100/80/inst100x100_80_14.txt'
minizinc: MiniZinc driver.
Usage: minizinc  [<options>] [-I <include path>] <model>.mzn [<data>.dzn ...] or just <flat>.fzn
More info with "minizinc --help"
benchmarks/INST_100x100/80/inst100x100_80_14.txt : 37 ms.
--------------------------------------------------
minizinc: Unrecognized option or bad format `benchmarks/INST_100x100/80/inst100x100_80_15.txt'
minizinc: MiniZinc driver.
Usage: minizinc  [<options>] [-I <include path>] <model>.mzn [<data>.dzn ...] or just <flat>.fzn
More info with "minizinc --help"
benchmarks/INST_100x100/80/inst100x100_80_15.txt : 750 ms.
--------------------------------------------------
minizinc: Unrecognized option or bad format `benchmarks/INST_100x100/80/inst100x100_80_16.txt'
minizinc: MiniZinc driver.
Usage: minizinc  [<options>] [-I <include path>] <model>.mzn [<data>.dzn ...] or just <flat>.fzn
More info with "minizinc --help"
benchmarks/INST_100x100/80/inst100x100_80_16.txt : 62 ms.
--------------------------------------------------
minizinc: Unrecognized option or bad format `benchmarks/INST_100x100/80/inst100x100_80_17.txt'
minizinc: MiniZinc driver.
Usage: minizinc  [<options>] [-I <include path>] <model>.mzn [<data>.dzn ...] or just <flat>.fzn
More info with "minizinc --help"
benchmarks/INST_100x100/80/inst100x100_80_17.txt : 61 ms.
--------------------------------------------------
minizinc: Unrecognized option or bad format `benchmarks/INST_100x100/80/inst100x100_80_18.txt'
minizinc: MiniZinc driver.
Usage: minizinc  [<options>] [-I <include path>] <model>.mzn [<data>.dzn ...] or just <flat>.fzn
More info with "minizinc --help"
benchmarks/INST_100x100/80/inst100x100_80_18.txt : 77 ms.
--------------------------------------------------
minizinc: Unrecognized option or bad format `benchmarks/INST_100x100/80/inst100x100_80_19.txt'
minizinc: MiniZinc driver.
Usage: minizinc  [<options>] [-I <include path>] <model>.mzn [<data>.dzn ...] or just <flat>.fzn
More info with "minizinc --help"
benchmarks/INST_100x100/80/inst100x100_80_19.txt : 74 ms.
--------------------------------------------------
minizinc: Unrecognized option or bad format `benchmarks/INST_100x100/80/inst100x100_80_1.txt'
minizinc: MiniZinc driver.
Usage: minizinc  [<options>] [-I <include path>] <model>.mzn [<data>.dzn ...] or just <flat>.fzn
More info with "minizinc --help"
benchmarks/INST_100x100/80/inst100x100_80_1.txt : 64 ms.
--------------------------------------------------
minizinc: Unrecognized option or bad format `benchmarks/INST_100x100/80/inst100x100_80_20.txt'
minizinc: MiniZinc driver.
Usage: minizinc  [<options>] [-I <include path>] <model>.mzn [<data>.dzn ...] or just <flat>.fzn
More info with "minizinc --help"
benchmarks/INST_100x100/80/inst100x100_80_20.txt : 63 ms.
--------------------------------------------------
minizinc: Unrecognized option or bad format `benchmarks/INST_100x100/80/inst100x100_80_21.txt'
minizinc: MiniZinc driver.
Usage: minizinc  [<options>] [-I <include path>] <model>.mzn [<data>.dzn ...] or just <flat>.fzn
More info with "minizinc --help"
benchmarks/INST_100x100/80/inst100x100_80_21.txt : 69 ms.
--------------------------------------------------
minizinc: Unrecognized option or bad format `benchmarks/INST_100x100/80/inst100x100_80_22.txt'
minizinc: MiniZinc driver.
Usage: minizinc  [<options>] [-I <include path>] <model>.mzn [<data>.dzn ...] or just <flat>.fzn
More info with "minizinc --help"
benchmarks/INST_100x100/80/inst100x100_80_22.txt : 71 ms.
--------------------------------------------------
minizinc: Unrecognized option or bad format `benchmarks/INST_100x100/80/inst100x100_80_23.txt'
minizinc: MiniZinc driver.
Usage: minizinc  [<options>] [-I <include path>] <model>.mzn [<data>.dzn ...] or just <flat>.fzn
More info with "minizinc --help"
benchmarks/INST_100x100/80/inst100x100_80_23.txt : 63 ms.
--------------------------------------------------
minizinc: Unrecognized option or bad format `benchmarks/INST_100x100/80/inst100x100_80_24.txt'
minizinc: MiniZinc driver.
Usage: minizinc  [<options>] [-I <include path>] <model>.mzn [<data>.dzn ...] or just <flat>.fzn
More info with "minizinc --help"
benchmarks/INST_100x100/80/inst100x100_80_24.txt : 59 ms.
--------------------------------------------------
minizinc: Unrecognized option or bad format `benchmarks/INST_100x100/80/inst100x100_80_25.txt'
minizinc: MiniZinc driver.
Usage: minizinc  [<options>] [-I <include path>] <model>.mzn [<data>.dzn ...] or just <flat>.fzn
More info with "minizinc --help"
benchmarks/INST_100x100/80/inst100x100_80_25.txt : 64 ms.
--------------------------------------------------
minizinc: Unrecognized option or bad format `benchmarks/INST_100x100/80/inst100x100_80_26.txt'
minizinc: MiniZinc driver.
Usage: minizinc  [<options>] [-I <include path>] <model>.mzn [<data>.dzn ...] or just <flat>.fzn
More info with "minizinc --help"
benchmarks/INST_100x100/80/inst100x100_80_26.txt : 72 ms.
--------------------------------------------------
minizinc: Unrecognized option or bad format `benchmarks/INST_100x100/80/inst100x100_80_27.txt'
minizinc: MiniZinc driver.
Usage: minizinc  [<options>] [-I <include path>] <model>.mzn [<data>.dzn ...] or just <flat>.fzn
More info with "minizinc --help"
benchmarks/INST_100x100/80/inst100x100_80_27.txt : 69 ms.
--------------------------------------------------
minizinc: Unrecognized option or bad format `benchmarks/INST_100x100/80/inst100x100_80_28.txt'
minizinc: MiniZinc driver.
Usage: minizinc  [<options>] [-I <include path>] <model>.mzn [<data>.dzn ...] or just <flat>.fzn
More info with "minizinc --help"
benchmarks/INST_100x100/80/inst100x100_80_28.txt : 72 ms.
--------------------------------------------------
minizinc: Unrecognized option or bad format `benchmarks/INST_100x100/80/inst100x100_80_29.txt'
minizinc: MiniZinc driver.
Usage: minizinc  [<options>] [-I <include path>] <model>.mzn [<data>.dzn ...] or just <flat>.fzn
More info with "minizinc --help"
benchmarks/INST_100x100/80/inst100x100_80_29.txt : 85 ms.
--------------------------------------------------
minizinc: Unrecognized option or bad format `benchmarks/INST_100x100/80/inst100x100_80_2.txt'
minizinc: MiniZinc driver.
Usage: minizinc  [<options>] [-I <include path>] <model>.mzn [<data>.dzn ...] or just <flat>.fzn
More info with "minizinc --help"
benchmarks/INST_100x100/80/inst100x100_80_2.txt : 67 ms.
--------------------------------------------------
minizinc: Unrecognized option or bad format `benchmarks/INST_100x100/80/inst100x100_80_30.txt'
minizinc: MiniZinc driver.
Usage: minizinc  [<options>] [-I <include path>] <model>.mzn [<data>.dzn ...] or just <flat>.fzn
More info with "minizinc --help"
benchmarks/INST_100x100/80/inst100x100_80_30.txt : 57 ms.
--------------------------------------------------
minizinc: Unrecognized option or bad format `benchmarks/INST_100x100/80/inst100x100_80_31.txt'
minizinc: MiniZinc driver.
Usage: minizinc  [<options>] [-I <include path>] <model>.mzn [<data>.dzn ...] or just <flat>.fzn
More info with "minizinc --help"
benchmarks/INST_100x100/80/inst100x100_80_31.txt : 62 ms.
--------------------------------------------------
minizinc: Unrecognized option or bad format `benchmarks/INST_100x100/80/inst100x100_80_32.txt'
minizinc: MiniZinc driver.
Usage: minizinc  [<options>] [-I <include path>] <model>.mzn [<data>.dzn ...] or just <flat>.fzn
More info with "minizinc --help"
benchmarks/INST_100x100/80/inst100x100_80_32.txt : 55 ms.
--------------------------------------------------
minizinc: Unrecognized option or bad format `benchmarks/INST_100x100/80/inst100x100_80_33.txt'
minizinc: MiniZinc driver.
Usage: minizinc  [<options>] [-I <include path>] <model>.mzn [<data>.dzn ...] or just <flat>.fzn
More info with "minizinc --help"
benchmarks/INST_100x100/80/inst100x100_80_33.txt : 69 ms.
--------------------------------------------------
minizinc: Unrecognized option or bad format `benchmarks/INST_100x100/80/inst100x100_80_34.txt'
minizinc: MiniZinc driver.
Usage: minizinc  [<options>] [-I <include path>] <model>.mzn [<data>.dzn ...] or just <flat>.fzn
More info with "minizinc --help"
benchmarks/INST_100x100/80/inst100x100_80_34.txt : 63 ms.
--------------------------------------------------
minizinc: Unrecognized option or bad format `benchmarks/INST_100x100/80/inst100x100_80_35.txt'
minizinc: MiniZinc driver.
Usage: minizinc  [<options>] [-I <include path>] <model>.mzn [<data>.dzn ...] or just <flat>.fzn
More info with "minizinc --help"
benchmarks/INST_100x100/80/inst100x100_80_35.txt : 68 ms.
--------------------------------------------------
minizinc: Unrecognized option or bad format `benchmarks/INST_100x100/80/inst100x100_80_36.txt'
minizinc: MiniZinc driver.
Usage: minizinc  [<options>] [-I <include path>] <model>.mzn [<data>.dzn ...] or just <flat>.fzn
More info with "minizinc --help"
benchmarks/INST_100x100/80/inst100x100_80_36.txt : 67 ms.
--------------------------------------------------
minizinc: Unrecognized option or bad format `benchmarks/INST_100x100/80/inst100x100_80_37.txt'
minizinc: MiniZinc driver.
Usage: minizinc  [<options>] [-I <include path>] <model>.mzn [<data>.dzn ...] or just <flat>.fzn
More info with "minizinc --help"
benchmarks/INST_100x100/80/inst100x100_80_37.txt : 62 ms.
--------------------------------------------------
minizinc: Unrecognized option or bad format `benchmarks/INST_100x100/80/inst100x100_80_38.txt'
minizinc: MiniZinc driver.
Usage: minizinc  [<options>] [-I <include path>] <model>.mzn [<data>.dzn ...] or just <flat>.fzn
More info with "minizinc --help"
benchmarks/INST_100x100/80/inst100x100_80_38.txt : 61 ms.
--------------------------------------------------
minizinc: Unrecognized option or bad format `benchmarks/INST_100x100/80/inst100x100_80_39.txt'
minizinc: MiniZinc driver.
Usage: minizinc  [<options>] [-I <include path>] <model>.mzn [<data>.dzn ...] or just <flat>.fzn
More info with "minizinc --help"
benchmarks/INST_100x100/80/inst100x100_80_39.txt : 64 ms.
--------------------------------------------------
minizinc: Unrecognized option or bad format `benchmarks/INST_100x100/80/inst100x100_80_3.txt'
minizinc: MiniZinc driver.
Usage: minizinc  [<options>] [-I <include path>] <model>.mzn [<data>.dzn ...] or just <flat>.fzn
More info with "minizinc --help"
benchmarks/INST_100x100/80/inst100x100_80_3.txt : 69 ms.
--------------------------------------------------
minizinc: Unrecognized option or bad format `benchmarks/INST_100x100/80/inst100x100_80_40.txt'
minizinc: MiniZinc driver.
Usage: minizinc  [<options>] [-I <include path>] <model>.mzn [<data>.dzn ...] or just <flat>.fzn
More info with "minizinc --help"
benchmarks/INST_100x100/80/inst100x100_80_40.txt : 196 ms.
--------------------------------------------------
minizinc: Unrecognized option or bad format `benchmarks/INST_100x100/80/inst100x100_80_41.txt'
minizinc: MiniZinc driver.
Usage: minizinc  [<options>] [-I <include path>] <model>.mzn [<data>.dzn ...] or just <flat>.fzn
More info with "minizinc --help"
benchmarks/INST_100x100/80/inst100x100_80_41.txt : 53 ms.
--------------------------------------------------
minizinc: Unrecognized option or bad format `benchmarks/INST_100x100/80/inst100x100_80_42.txt'
minizinc: MiniZinc driver.
Usage: minizinc  [<options>] [-I <include path>] <model>.mzn [<data>.dzn ...] or just <flat>.fzn
More info with "minizinc --help"
benchmarks/INST_100x100/80/inst100x100_80_42.txt : 67 ms.
--------------------------------------------------
minizinc: Unrecognized option or bad format `benchmarks/INST_100x100/80/inst100x100_80_43.txt'
minizinc: MiniZinc driver.
Usage: minizinc  [<options>] [-I <include path>] <model>.mzn [<data>.dzn ...] or just <flat>.fzn
More info with "minizinc --help"
benchmarks/INST_100x100/80/inst100x100_80_43.txt : 64 ms.
--------------------------------------------------
minizinc: Unrecognized option or bad format `benchmarks/INST_100x100/80/inst100x100_80_44.txt'
minizinc: MiniZinc driver.
Usage: minizinc  [<options>] [-I <include path>] <model>.mzn [<data>.dzn ...] or just <flat>.fzn
More info with "minizinc --help"
benchmarks/INST_100x100/80/inst100x100_80_44.txt : 58 ms.
--------------------------------------------------
minizinc: Unrecognized option or bad format `benchmarks/INST_100x100/80/inst100x100_80_45.txt'
minizinc: MiniZinc driver.
Usage: minizinc  [<options>] [-I <include path>] <model>.mzn [<data>.dzn ...] or just <flat>.fzn
More info with "minizinc --help"
benchmarks/INST_100x100/80/inst100x100_80_45.txt : 63 ms.
--------------------------------------------------
minizinc: Unrecognized option or bad format `benchmarks/INST_100x100/80/inst100x100_80_46.txt'
minizinc: MiniZinc driver.
Usage: minizinc  [<options>] [-I <include path>] <model>.mzn [<data>.dzn ...] or just <flat>.fzn
More info with "minizinc --help"
benchmarks/INST_100x100/80/inst100x100_80_46.txt : 67 ms.
--------------------------------------------------
minizinc: Unrecognized option or bad format `benchmarks/INST_100x100/80/inst100x100_80_47.txt'
minizinc: MiniZinc driver.
Usage: minizinc  [<options>] [-I <include path>] <model>.mzn [<data>.dzn ...] or just <flat>.fzn
More info with "minizinc --help"
benchmarks/INST_100x100/80/inst100x100_80_47.txt : 62 ms.
--------------------------------------------------
minizinc: Unrecognized option or bad format `benchmarks/INST_100x100/80/inst100x100_80_48.txt'
minizinc: MiniZinc driver.
Usage: minizinc  [<options>] [-I <include path>] <model>.mzn [<data>.dzn ...] or just <flat>.fzn
More info with "minizinc --help"
benchmarks/INST_100x100/80/inst100x100_80_48.txt : 79 ms.
--------------------------------------------------
minizinc: Unrecognized option or bad format `benchmarks/INST_100x100/80/inst100x100_80_49.txt'
minizinc: MiniZinc driver.
Usage: minizinc  [<options>] [-I <include path>] <model>.mzn [<data>.dzn ...] or just <flat>.fzn
More info with "minizinc --help"
benchmarks/INST_100x100/80/inst100x100_80_49.txt : 64 ms.
--------------------------------------------------
minizinc: Unrecognized option or bad format `benchmarks/INST_100x100/80/inst100x100_80_4.txt'
minizinc: MiniZinc driver.
Usage: minizinc  [<options>] [-I <include path>] <model>.mzn [<data>.dzn ...] or just <flat>.fzn
More info with "minizinc --help"
benchmarks/INST_100x100/80/inst100x100_80_4.txt : 77 ms.
--------------------------------------------------
minizinc: Unrecognized option or bad format `benchmarks/INST_100x100/80/inst100x100_80_50.txt'
minizinc: MiniZinc driver.
Usage: minizinc  [<options>] [-I <include path>] <model>.mzn [<data>.dzn ...] or just <flat>.fzn
More info with "minizinc --help"
benchmarks/INST_100x100/80/inst100x100_80_50.txt : 56 ms.
--------------------------------------------------
minizinc: Unrecognized option or bad format `benchmarks/INST_100x100/80/inst100x100_80_51.txt'
minizinc: MiniZinc driver.
Usage: minizinc  [<options>] [-I <include path>] <model>.mzn [<data>.dzn ...] or just <flat>.fzn
More info with "minizinc --help"
benchmarks/INST_100x100/80/inst100x100_80_51.txt : 66 ms.
--------------------------------------------------
minizinc: Unrecognized option or bad format `benchmarks/INST_100x100/80/inst100x100_80_52.txt'
minizinc: MiniZinc driver.
Usage: minizinc  [<options>] [-I <include path>] <model>.mzn [<data>.dzn ...] or just <flat>.fzn
More info with "minizinc --help"
benchmarks/INST_100x100/80/inst100x100_80_52.txt : 60 ms.
--------------------------------------------------
minizinc: Unrecognized option or bad format `benchmarks/INST_100x100/80/inst100x100_80_53.txt'
minizinc: MiniZinc driver.
Usage: minizinc  [<options>] [-I <include path>] <model>.mzn [<data>.dzn ...] or just <flat>.fzn
More info with "minizinc --help"
benchmarks/INST_100x100/80/inst100x100_80_53.txt : 67 ms.
--------------------------------------------------
minizinc: Unrecognized option or bad format `benchmarks/INST_100x100/80/inst100x100_80_54.txt'
minizinc: MiniZinc driver.
Usage: minizinc  [<options>] [-I <include path>] <model>.mzn [<data>.dzn ...] or just <flat>.fzn
More info with "minizinc --help"
benchmarks/INST_100x100/80/inst100x100_80_54.txt : 61 ms.
--------------------------------------------------
minizinc: Unrecognized option or bad format `benchmarks/INST_100x100/80/inst100x100_80_55.txt'
minizinc: MiniZinc driver.
Usage: minizinc  [<options>] [-I <include path>] <model>.mzn [<data>.dzn ...] or just <flat>.fzn
More info with "minizinc --help"
benchmarks/INST_100x100/80/inst100x100_80_55.txt : 57 ms.
--------------------------------------------------
minizinc: Unrecognized option or bad format `benchmarks/INST_100x100/80/inst100x100_80_56.txt'
minizinc: MiniZinc driver.
Usage: minizinc  [<options>] [-I <include path>] <model>.mzn [<data>.dzn ...] or just <flat>.fzn
More info with "minizinc --help"
benchmarks/INST_100x100/80/inst100x100_80_56.txt : 60 ms.
--------------------------------------------------
minizinc: Unrecognized option or bad format `benchmarks/INST_100x100/80/inst100x100_80_57.txt'
minizinc: MiniZinc driver.
Usage: minizinc  [<options>] [-I <include path>] <model>.mzn [<data>.dzn ...] or just <flat>.fzn
More info with "minizinc --help"
benchmarks/INST_100x100/80/inst100x100_80_57.txt : 63 ms.
--------------------------------------------------
minizinc: Unrecognized option or bad format `benchmarks/INST_100x100/80/inst100x100_80_58.txt'
minizinc: MiniZinc driver.
Usage: minizinc  [<options>] [-I <include path>] <model>.mzn [<data>.dzn ...] or just <flat>.fzn
More info with "minizinc --help"
benchmarks/INST_100x100/80/inst100x100_80_58.txt : 67 ms.
--------------------------------------------------
minizinc: Unrecognized option or bad format `benchmarks/INST_100x100/80/inst100x100_80_59.txt'
minizinc: MiniZinc driver.
Usage: minizinc  [<options>] [-I <include path>] <model>.mzn [<data>.dzn ...] or just <flat>.fzn
More info with "minizinc --help"
benchmarks/INST_100x100/80/inst100x100_80_59.txt : 70 ms.
--------------------------------------------------
minizinc: Unrecognized option or bad format `benchmarks/INST_100x100/80/inst100x100_80_5.txt'
minizinc: MiniZinc driver.
Usage: minizinc  [<options>] [-I <include path>] <model>.mzn [<data>.dzn ...] or just <flat>.fzn
More info with "minizinc --help"
benchmarks/INST_100x100/80/inst100x100_80_5.txt : 67 ms.
--------------------------------------------------
minizinc: Unrecognized option or bad format `benchmarks/INST_100x100/80/inst100x100_80_60.txt'
minizinc: MiniZinc driver.
Usage: minizinc  [<options>] [-I <include path>] <model>.mzn [<data>.dzn ...] or just <flat>.fzn
More info with "minizinc --help"
benchmarks/INST_100x100/80/inst100x100_80_60.txt : 71 ms.
--------------------------------------------------
minizinc: Unrecognized option or bad format `benchmarks/INST_100x100/80/inst100x100_80_61.txt'
minizinc: MiniZinc driver.
Usage: minizinc  [<options>] [-I <include path>] <model>.mzn [<data>.dzn ...] or just <flat>.fzn
More info with "minizinc --help"
benchmarks/INST_100x100/80/inst100x100_80_61.txt : 61 ms.
--------------------------------------------------
minizinc: Unrecognized option or bad format `benchmarks/INST_100x100/80/inst100x100_80_62.txt'
minizinc: MiniZinc driver.
Usage: minizinc  [<options>] [-I <include path>] <model>.mzn [<data>.dzn ...] or just <flat>.fzn
More info with "minizinc --help"
benchmarks/INST_100x100/80/inst100x100_80_62.txt : 60 ms.
--------------------------------------------------
minizinc: Unrecognized option or bad format `benchmarks/INST_100x100/80/inst100x100_80_63.txt'
minizinc: MiniZinc driver.
Usage: minizinc  [<options>] [-I <include path>] <model>.mzn [<data>.dzn ...] or just <flat>.fzn
More info with "minizinc --help"
benchmarks/INST_100x100/80/inst100x100_80_63.txt : 59 ms.
--------------------------------------------------
minizinc: Unrecognized option or bad format `benchmarks/INST_100x100/80/inst100x100_80_64.txt'
minizinc: MiniZinc driver.
Usage: minizinc  [<options>] [-I <include path>] <model>.mzn [<data>.dzn ...] or just <flat>.fzn
More info with "minizinc --help"
benchmarks/INST_100x100/80/inst100x100_80_64.txt : 55 ms.
--------------------------------------------------
minizinc: Unrecognized option or bad format `benchmarks/INST_100x100/80/inst100x100_80_65.txt'
minizinc: MiniZinc driver.
Usage: minizinc  [<options>] [-I <include path>] <model>.mzn [<data>.dzn ...] or just <flat>.fzn
More info with "minizinc --help"
benchmarks/INST_100x100/80/inst100x100_80_65.txt : 64 ms.
--------------------------------------------------
minizinc: Unrecognized option or bad format `benchmarks/INST_100x100/80/inst100x100_80_66.txt'
minizinc: MiniZinc driver.
Usage: minizinc  [<options>] [-I <include path>] <model>.mzn [<data>.dzn ...] or just <flat>.fzn
More info with "minizinc --help"
benchmarks/INST_100x100/80/inst100x100_80_66.txt : 85 ms.
--------------------------------------------------
minizinc: Unrecognized option or bad format `benchmarks/INST_100x100/80/inst100x100_80_67.txt'
minizinc: MiniZinc driver.
Usage: minizinc  [<options>] [-I <include path>] <model>.mzn [<data>.dzn ...] or just <flat>.fzn
More info with "minizinc --help"
benchmarks/INST_100x100/80/inst100x100_80_67.txt : 63 ms.
--------------------------------------------------
minizinc: Unrecognized option or bad format `benchmarks/INST_100x100/80/inst100x100_80_68.txt'
minizinc: MiniZinc driver.
Usage: minizinc  [<options>] [-I <include path>] <model>.mzn [<data>.dzn ...] or just <flat>.fzn
More info with "minizinc --help"
benchmarks/INST_100x100/80/inst100x100_80_68.txt : 62 ms.
--------------------------------------------------
minizinc: Unrecognized option or bad format `benchmarks/INST_100x100/80/inst100x100_80_69.txt'
minizinc: MiniZinc driver.
Usage: minizinc  [<options>] [-I <include path>] <model>.mzn [<data>.dzn ...] or just <flat>.fzn
More info with "minizinc --help"
benchmarks/INST_100x100/80/inst100x100_80_69.txt : 58 ms.
--------------------------------------------------
minizinc: Unrecognized option or bad format `benchmarks/INST_100x100/80/inst100x100_80_6.txt'
minizinc: MiniZinc driver.
Usage: minizinc  [<options>] [-I <include path>] <model>.mzn [<data>.dzn ...] or just <flat>.fzn
More info with "minizinc --help"
benchmarks/INST_100x100/80/inst100x100_80_6.txt : 67 ms.
--------------------------------------------------
minizinc: Unrecognized option or bad format `benchmarks/INST_100x100/80/inst100x100_80_70.txt'
minizinc: MiniZinc driver.
Usage: minizinc  [<options>] [-I <include path>] <model>.mzn [<data>.dzn ...] or just <flat>.fzn
More info with "minizinc --help"
benchmarks/INST_100x100/80/inst100x100_80_70.txt : 73 ms.
--------------------------------------------------
minizinc: Unrecognized option or bad format `benchmarks/INST_100x100/80/inst100x100_80_71.txt'
minizinc: MiniZinc driver.
Usage: minizinc  [<options>] [-I <include path>] <model>.mzn [<data>.dzn ...] or just <flat>.fzn
More info with "minizinc --help"
benchmarks/INST_100x100/80/inst100x100_80_71.txt : 64 ms.
--------------------------------------------------
minizinc: Unrecognized option or bad format `benchmarks/INST_100x100/80/inst100x100_80_72.txt'
minizinc: MiniZinc driver.
Usage: minizinc  [<options>] [-I <include path>] <model>.mzn [<data>.dzn ...] or just <flat>.fzn
More info with "minizinc --help"
benchmarks/INST_100x100/80/inst100x100_80_72.txt : 62 ms.
--------------------------------------------------
minizinc: Unrecognized option or bad format `benchmarks/INST_100x100/80/inst100x100_80_73.txt'
minizinc: MiniZinc driver.
Usage: minizinc  [<options>] [-I <include path>] <model>.mzn [<data>.dzn ...] or just <flat>.fzn
More info with "minizinc --help"
benchmarks/INST_100x100/80/inst100x100_80_73.txt : 58 ms.
--------------------------------------------------
minizinc: Unrecognized option or bad format `benchmarks/INST_100x100/80/inst100x100_80_74.txt'
minizinc: MiniZinc driver.
Usage: minizinc  [<options>] [-I <include path>] <model>.mzn [<data>.dzn ...] or just <flat>.fzn
More info with "minizinc --help"
benchmarks/INST_100x100/80/inst100x100_80_74.txt : 69 ms.
--------------------------------------------------
minizinc: Unrecognized option or bad format `benchmarks/INST_100x100/80/inst100x100_80_75.txt'
minizinc: MiniZinc driver.
Usage: minizinc  [<options>] [-I <include path>] <model>.mzn [<data>.dzn ...] or just <flat>.fzn
More info with "minizinc --help"
benchmarks/INST_100x100/80/inst100x100_80_75.txt : 62 ms.
--------------------------------------------------
minizinc: Unrecognized option or bad format `benchmarks/INST_100x100/80/inst100x100_80_76.txt'
minizinc: MiniZinc driver.
Usage: minizinc  [<options>] [-I <include path>] <model>.mzn [<data>.dzn ...] or just <flat>.fzn
More info with "minizinc --help"
benchmarks/INST_100x100/80/inst100x100_80_76.txt : 60 ms.
--------------------------------------------------
minizinc: Unrecognized option or bad format `benchmarks/INST_100x100/80/inst100x100_80_77.txt'
minizinc: MiniZinc driver.
Usage: minizinc  [<options>] [-I <include path>] <model>.mzn [<data>.dzn ...] or just <flat>.fzn
More info with "minizinc --help"
benchmarks/INST_100x100/80/inst100x100_80_77.txt : 62 ms.
--------------------------------------------------
minizinc: Unrecognized option or bad format `benchmarks/INST_100x100/80/inst100x100_80_78.txt'
minizinc: MiniZinc driver.
Usage: minizinc  [<options>] [-I <include path>] <model>.mzn [<data>.dzn ...] or just <flat>.fzn
More info with "minizinc --help"
benchmarks/INST_100x100/80/inst100x100_80_78.txt : 60 ms.
--------------------------------------------------
minizinc: Unrecognized option or bad format `benchmarks/INST_100x100/80/inst100x100_80_79.txt'
minizinc: MiniZinc driver.
Usage: minizinc  [<options>] [-I <include path>] <model>.mzn [<data>.dzn ...] or just <flat>.fzn
More info with "minizinc --help"
benchmarks/INST_100x100/80/inst100x100_80_79.txt : 61 ms.
--------------------------------------------------
minizinc: Unrecognized option or bad format `benchmarks/INST_100x100/80/inst100x100_80_7.txt'
minizinc: MiniZinc driver.
Usage: minizinc  [<options>] [-I <include path>] <model>.mzn [<data>.dzn ...] or just <flat>.fzn
More info with "minizinc --help"
benchmarks/INST_100x100/80/inst100x100_80_7.txt : 65 ms.
--------------------------------------------------
minizinc: Unrecognized option or bad format `benchmarks/INST_100x100/80/inst100x100_80_80.txt'
minizinc: MiniZinc driver.
Usage: minizinc  [<options>] [-I <include path>] <model>.mzn [<data>.dzn ...] or just <flat>.fzn
More info with "minizinc --help"
benchmarks/INST_100x100/80/inst100x100_80_80.txt : 69 ms.
--------------------------------------------------
minizinc: Unrecognized option or bad format `benchmarks/INST_100x100/80/inst100x100_80_81.txt'
minizinc: MiniZinc driver.
Usage: minizinc  [<options>] [-I <include path>] <model>.mzn [<data>.dzn ...] or just <flat>.fzn
More info with "minizinc --help"
benchmarks/INST_100x100/80/inst100x100_80_81.txt : 77 ms.
--------------------------------------------------
minizinc: Unrecognized option or bad format `benchmarks/INST_100x100/80/inst100x100_80_82.txt'
minizinc: MiniZinc driver.
Usage: minizinc  [<options>] [-I <include path>] <model>.mzn [<data>.dzn ...] or just <flat>.fzn
More info with "minizinc --help"
benchmarks/INST_100x100/80/inst100x100_80_82.txt : 59 ms.
--------------------------------------------------
minizinc: Unrecognized option or bad format `benchmarks/INST_100x100/80/inst100x100_80_83.txt'
minizinc: MiniZinc driver.
Usage: minizinc  [<options>] [-I <include path>] <model>.mzn [<data>.dzn ...] or just <flat>.fzn
More info with "minizinc --help"
benchmarks/INST_100x100/80/inst100x100_80_83.txt : 64 ms.
--------------------------------------------------
minizinc: Unrecognized option or bad format `benchmarks/INST_100x100/80/inst100x100_80_84.txt'
minizinc: MiniZinc driver.
Usage: minizinc  [<options>] [-I <include path>] <model>.mzn [<data>.dzn ...] or just <flat>.fzn
More info with "minizinc --help"
benchmarks/INST_100x100/80/inst100x100_80_84.txt : 58 ms.
--------------------------------------------------
minizinc: Unrecognized option or bad format `benchmarks/INST_100x100/80/inst100x100_80_85.txt'
minizinc: MiniZinc driver.
Usage: minizinc  [<options>] [-I <include path>] <model>.mzn [<data>.dzn ...] or just <flat>.fzn
More info with "minizinc --help"
benchmarks/INST_100x100/80/inst100x100_80_85.txt : 69 ms.
--------------------------------------------------
minizinc: Unrecognized option or bad format `benchmarks/INST_100x100/80/inst100x100_80_86.txt'
minizinc: MiniZinc driver.
Usage: minizinc  [<options>] [-I <include path>] <model>.mzn [<data>.dzn ...] or just <flat>.fzn
More info with "minizinc --help"
benchmarks/INST_100x100/80/inst100x100_80_86.txt : 63 ms.
--------------------------------------------------
minizinc: Unrecognized option or bad format `benchmarks/INST_100x100/80/inst100x100_80_87.txt'
minizinc: MiniZinc driver.
Usage: minizinc  [<options>] [-I <include path>] <model>.mzn [<data>.dzn ...] or just <flat>.fzn
More info with "minizinc --help"
benchmarks/INST_100x100/80/inst100x100_80_87.txt : 66 ms.
--------------------------------------------------
minizinc: Unrecognized option or bad format `benchmarks/INST_100x100/80/inst100x100_80_88.txt'
minizinc: MiniZinc driver.
Usage: minizinc  [<options>] [-I <include path>] <model>.mzn [<data>.dzn ...] or just <flat>.fzn
More info with "minizinc --help"
benchmarks/INST_100x100/80/inst100x100_80_88.txt : 55 ms.
--------------------------------------------------
minizinc: Unrecognized option or bad format `benchmarks/INST_100x100/80/inst100x100_80_89.txt'
minizinc: MiniZinc driver.
Usage: minizinc  [<options>] [-I <include path>] <model>.mzn [<data>.dzn ...] or just <flat>.fzn
More info with "minizinc --help"
benchmarks/INST_100x100/80/inst100x100_80_89.txt : 60 ms.
--------------------------------------------------
minizinc: Unrecognized option or bad format `benchmarks/INST_100x100/80/inst100x100_80_8.txt'
minizinc: MiniZinc driver.
Usage: minizinc  [<options>] [-I <include path>] <model>.mzn [<data>.dzn ...] or just <flat>.fzn
More info with "minizinc --help"
benchmarks/INST_100x100/80/inst100x100_80_8.txt : 78 ms.
--------------------------------------------------
minizinc: Unrecognized option or bad format `benchmarks/INST_100x100/80/inst100x100_80_90.txt'
minizinc: MiniZinc driver.
Usage: minizinc  [<options>] [-I <include path>] <model>.mzn [<data>.dzn ...] or just <flat>.fzn
More info with "minizinc --help"
benchmarks/INST_100x100/80/inst100x100_80_90.txt : 68 ms.
--------------------------------------------------
minizinc: Unrecognized option or bad format `benchmarks/INST_100x100/80/inst100x100_80_91.txt'
minizinc: MiniZinc driver.
Usage: minizinc  [<options>] [-I <include path>] <model>.mzn [<data>.dzn ...] or just <flat>.fzn
More info with "minizinc --help"
benchmarks/INST_100x100/80/inst100x100_80_91.txt : 68 ms.
--------------------------------------------------
minizinc: Unrecognized option or bad format `benchmarks/INST_100x100/80/inst100x100_80_92.txt'
minizinc: MiniZinc driver.
Usage: minizinc  [<options>] [-I <include path>] <model>.mzn [<data>.dzn ...] or just <flat>.fzn
More info with "minizinc --help"
benchmarks/INST_100x100/80/inst100x100_80_92.txt : 65 ms.
--------------------------------------------------
minizinc: Unrecognized option or bad format `benchmarks/INST_100x100/80/inst100x100_80_93.txt'
minizinc: MiniZinc driver.
Usage: minizinc  [<options>] [-I <include path>] <model>.mzn [<data>.dzn ...] or just <flat>.fzn
More info with "minizinc --help"
benchmarks/INST_100x100/80/inst100x100_80_93.txt : 69 ms.
--------------------------------------------------
minizinc: Unrecognized option or bad format `benchmarks/INST_100x100/80/inst100x100_80_94.txt'
minizinc: MiniZinc driver.
Usage: minizinc  [<options>] [-I <include path>] <model>.mzn [<data>.dzn ...] or just <flat>.fzn
More info with "minizinc --help"
benchmarks/INST_100x100/80/inst100x100_80_94.txt : 69 ms.
--------------------------------------------------
minizinc: Unrecognized option or bad format `benchmarks/INST_100x100/80/inst100x100_80_95.txt'
minizinc: MiniZinc driver.
Usage: minizinc  [<options>] [-I <include path>] <model>.mzn [<data>.dzn ...] or just <flat>.fzn
More info with "minizinc --help"
benchmarks/INST_100x100/80/inst100x100_80_95.txt : 60 ms.
--------------------------------------------------
minizinc: Unrecognized option or bad format `benchmarks/INST_100x100/80/inst100x100_80_96.txt'
minizinc: MiniZinc driver.
Usage: minizinc  [<options>] [-I <include path>] <model>.mzn [<data>.dzn ...] or just <flat>.fzn
More info with "minizinc --help"
benchmarks/INST_100x100/80/inst100x100_80_96.txt : 65 ms.
--------------------------------------------------
minizinc: Unrecognized option or bad format `benchmarks/INST_100x100/80/inst100x100_80_97.txt'
minizinc: MiniZinc driver.
Usage: minizinc  [<options>] [-I <include path>] <model>.mzn [<data>.dzn ...] or just <flat>.fzn
More info with "minizinc --help"
benchmarks/INST_100x100/80/inst100x100_80_97.txt : 66 ms.
--------------------------------------------------
minizinc: Unrecognized option or bad format `benchmarks/INST_100x100/80/inst100x100_80_98.txt'
minizinc: MiniZinc driver.
Usage: minizinc  [<options>] [-I <include path>] <model>.mzn [<data>.dzn ...] or just <flat>.fzn
More info with "minizinc --help"
benchmarks/INST_100x100/80/inst100x100_80_98.txt : 67 ms.
--------------------------------------------------
minizinc: Unrecognized option or bad format `benchmarks/INST_100x100/80/inst100x100_80_99.txt'
minizinc: MiniZinc driver.
Usage: minizinc  [<options>] [-I <include path>] <model>.mzn [<data>.dzn ...] or just <flat>.fzn
More info with "minizinc --help"
benchmarks/INST_100x100/80/inst100x100_80_99.txt : 63 ms.
--------------------------------------------------
minizinc: Unrecognized option or bad format `benchmarks/INST_100x100/80/inst100x100_80_9.txt'
minizinc: MiniZinc driver.
Usage: minizinc  [<options>] [-I <include path>] <model>.mzn [<data>.dzn ...] or just <flat>.fzn
More info with "minizinc --help"
benchmarks/INST_100x100/80/inst100x100_80_9.txt : 52 ms.
