--------------------------------------------------
benchmarks/INST_49x49/30/inst49x49_30_0.txt : 1011695 ms.
--------------------------------------------------
benchmarks/INST_49x49/30/inst49x49_30_10.txt : 1006549 ms.
--------------------------------------------------
benchmarks/INST_49x49/30/inst49x49_30_11.txt : 1012979 ms.
--------------------------------------------------
benchmarks/INST_49x49/30/inst49x49_30_12.txt : 1004520 ms.
--------------------------------------------------
benchmarks/INST_49x49/30/inst49x49_30_13.txt : 1006273 ms.
--------------------------------------------------
benchmarks/INST_49x49/30/inst49x49_30_14.txt : 1012701 ms.
--------------------------------------------------
benchmarks/INST_49x49/30/inst49x49_30_15.txt : 1014236 ms.
--------------------------------------------------
benchmarks/INST_49x49/30/inst49x49_30_16.txt : 1005525 ms.
--------------------------------------------------
benchmarks/INST_49x49/30/inst49x49_30_17.txt : 1008651 ms.
--------------------------------------------------
benchmarks/INST_49x49/30/inst49x49_30_18.txt : 1002923 ms.
--------------------------------------------------
benchmarks/INST_49x49/30/inst49x49_30_19.txt : 1008122 ms.
--------------------------------------------------
benchmarks/INST_49x49/30/inst49x49_30_1.txt : 1013913 ms.
--------------------------------------------------
benchmarks/INST_49x49/30/inst49x49_30_20.txt : 1008581 ms.
--------------------------------------------------
benchmarks/INST_49x49/30/inst49x49_30_21.txt : 1008040 ms.
--------------------------------------------------
benchmarks/INST_49x49/30/inst49x49_30_22.txt : 1006531 ms.
--------------------------------------------------
benchmarks/INST_49x49/30/inst49x49_30_23.txt : 1008965 ms.
--------------------------------------------------
benchmarks/INST_49x49/30/inst49x49_30_24.txt : 1011905 ms.
--------------------------------------------------
benchmarks/INST_49x49/30/inst49x49_30_25.txt : 1004475 ms.
--------------------------------------------------
benchmarks/INST_49x49/30/inst49x49_30_26.txt : 1002738 ms.
--------------------------------------------------
benchmarks/INST_49x49/30/inst49x49_30_27.txt : 1005184 ms.
--------------------------------------------------
benchmarks/INST_49x49/30/inst49x49_30_28.txt : 1004381 ms.
--------------------------------------------------
benchmarks/INST_49x49/30/inst49x49_30_29.txt : 1005744 ms.
--------------------------------------------------
benchmarks/INST_49x49/30/inst49x49_30_2.txt : 1003759 ms.
--------------------------------------------------
benchmarks/INST_49x49/30/inst49x49_30_30.txt : 1004129 ms.
--------------------------------------------------
benchmarks/INST_49x49/30/inst49x49_30_31.txt : 1004005 ms.
--------------------------------------------------
benchmarks/INST_49x49/30/inst49x49_30_32.txt : 1007560 ms.
--------------------------------------------------
benchmarks/INST_49x49/30/inst49x49_30_33.txt : 1005235 ms.
--------------------------------------------------
benchmarks/INST_49x49/30/inst49x49_30_34.txt : 1006798 ms.
--------------------------------------------------
benchmarks/INST_49x49/30/inst49x49_30_35.txt : 1002944 ms.
--------------------------------------------------
benchmarks/INST_49x49/30/inst49x49_30_36.txt : 1004038 ms.
--------------------------------------------------
benchmarks/INST_49x49/30/inst49x49_30_37.txt : 1006039 ms.
--------------------------------------------------
benchmarks/INST_49x49/30/inst49x49_30_38.txt : 1013800 ms.
--------------------------------------------------
benchmarks/INST_49x49/30/inst49x49_30_39.txt : 1007053 ms.
--------------------------------------------------
benchmarks/INST_49x49/30/inst49x49_30_3.txt : 1014778 ms.
--------------------------------------------------
benchmarks/INST_49x49/30/inst49x49_30_40.txt : 1006154 ms.
--------------------------------------------------
benchmarks/INST_49x49/30/inst49x49_30_41.txt : 1009047 ms.
--------------------------------------------------
benchmarks/INST_49x49/30/inst49x49_30_42.txt : 1007606 ms.
--------------------------------------------------
benchmarks/INST_49x49/30/inst49x49_30_43.txt : 1008172 ms.
--------------------------------------------------
benchmarks/INST_49x49/30/inst49x49_30_44.txt : 1017643 ms.
--------------------------------------------------
benchmarks/INST_49x49/30/inst49x49_30_45.txt : 1002669 ms.
--------------------------------------------------
benchmarks/INST_49x49/30/inst49x49_30_46.txt : 1005594 ms.
--------------------------------------------------
benchmarks/INST_49x49/30/inst49x49_30_47.txt : 1004555 ms.
--------------------------------------------------
benchmarks/INST_49x49/30/inst49x49_30_48.txt : 1002867 ms.
--------------------------------------------------
benchmarks/INST_49x49/30/inst49x49_30_49.txt : 1007455 ms.
--------------------------------------------------
benchmarks/INST_49x49/30/inst49x49_30_4.txt : 1006574 ms.
--------------------------------------------------
benchmarks/INST_49x49/30/inst49x49_30_50.txt : 1012461 ms.
--------------------------------------------------
benchmarks/INST_49x49/30/inst49x49_30_51.txt : 1003262 ms.
--------------------------------------------------
benchmarks/INST_49x49/30/inst49x49_30_52.txt : 1002708 ms.
--------------------------------------------------
benchmarks/INST_49x49/30/inst49x49_30_53.txt : 1008137 ms.
--------------------------------------------------
benchmarks/INST_49x49/30/inst49x49_30_54.txt : 1004196 ms.
--------------------------------------------------
benchmarks/INST_49x49/30/inst49x49_30_55.txt : 1006656 ms.
--------------------------------------------------
benchmarks/INST_49x49/30/inst49x49_30_56.txt : 1004229 ms.
--------------------------------------------------
benchmarks/INST_49x49/30/inst49x49_30_57.txt : 1012059 ms.
--------------------------------------------------
benchmarks/INST_49x49/30/inst49x49_30_58.txt : 1003539 ms.
--------------------------------------------------
benchmarks/INST_49x49/30/inst49x49_30_59.txt : 1003894 ms.
--------------------------------------------------
benchmarks/INST_49x49/30/inst49x49_30_5.txt : 1014009 ms.
--------------------------------------------------
benchmarks/INST_49x49/30/inst49x49_30_60.txt : 1005850 ms.
--------------------------------------------------
benchmarks/INST_49x49/30/inst49x49_30_61.txt : 1008377 ms.
--------------------------------------------------
benchmarks/INST_49x49/30/inst49x49_30_62.txt : 1009356 ms.
--------------------------------------------------
benchmarks/INST_49x49/30/inst49x49_30_63.txt : 1002820 ms.
--------------------------------------------------
benchmarks/INST_49x49/30/inst49x49_30_64.txt : 1008881 ms.
--------------------------------------------------
benchmarks/INST_49x49/30/inst49x49_30_65.txt : 1013579 ms.
--------------------------------------------------
benchmarks/INST_49x49/30/inst49x49_30_66.txt : 1013308 ms.
--------------------------------------------------
benchmarks/INST_49x49/30/inst49x49_30_67.txt : 1002721 ms.
--------------------------------------------------
benchmarks/INST_49x49/30/inst49x49_30_68.txt : 1012980 ms.
--------------------------------------------------
benchmarks/INST_49x49/30/inst49x49_30_69.txt : 1013828 ms.
--------------------------------------------------
benchmarks/INST_49x49/30/inst49x49_30_6.txt : 1009326 ms.
--------------------------------------------------
benchmarks/INST_49x49/30/inst49x49_30_70.txt : 1003333 ms.
--------------------------------------------------
benchmarks/INST_49x49/30/inst49x49_30_71.txt : 1004240 ms.
--------------------------------------------------
benchmarks/INST_49x49/30/inst49x49_30_72.txt : 1008154 ms.
--------------------------------------------------
benchmarks/INST_49x49/30/inst49x49_30_73.txt : 1012251 ms.
--------------------------------------------------
benchmarks/INST_49x49/30/inst49x49_30_74.txt : 1009326 ms.
--------------------------------------------------
benchmarks/INST_49x49/30/inst49x49_30_75.txt : 1012047 ms.
--------------------------------------------------
benchmarks/INST_49x49/30/inst49x49_30_76.txt : 1009437 ms.
--------------------------------------------------
benchmarks/INST_49x49/30/inst49x49_30_77.txt : 1006560 ms.
--------------------------------------------------
benchmarks/INST_49x49/30/inst49x49_30_78.txt : 1005704 ms.
--------------------------------------------------
benchmarks/INST_49x49/30/inst49x49_30_79.txt : 1014613 ms.
--------------------------------------------------
benchmarks/INST_49x49/30/inst49x49_30_7.txt : 1022118 ms.
--------------------------------------------------
benchmarks/INST_49x49/30/inst49x49_30_80.txt : 1005764 ms.
--------------------------------------------------
benchmarks/INST_49x49/30/inst49x49_30_81.txt : 1003846 ms.
--------------------------------------------------
benchmarks/INST_49x49/30/inst49x49_30_82.txt : 1004484 ms.
--------------------------------------------------
benchmarks/INST_49x49/30/inst49x49_30_83.txt : 1005238 ms.
--------------------------------------------------
benchmarks/INST_49x49/30/inst49x49_30_84.txt : 1005212 ms.
--------------------------------------------------
benchmarks/INST_49x49/30/inst49x49_30_85.txt : 1013706 ms.
--------------------------------------------------
benchmarks/INST_49x49/30/inst49x49_30_86.txt : 1002724 ms.
--------------------------------------------------
benchmarks/INST_49x49/30/inst49x49_30_87.txt : 1017605 ms.
--------------------------------------------------
benchmarks/INST_49x49/30/inst49x49_30_88.txt : 1016142 ms.
--------------------------------------------------
benchmarks/INST_49x49/30/inst49x49_30_89.txt : 1004891 ms.
--------------------------------------------------
benchmarks/INST_49x49/30/inst49x49_30_8.txt : 1005256 ms.
--------------------------------------------------
benchmarks/INST_49x49/30/inst49x49_30_90.txt : 1008076 ms.
--------------------------------------------------
benchmarks/INST_49x49/30/inst49x49_30_91.txt : 1006882 ms.
--------------------------------------------------
benchmarks/INST_49x49/30/inst49x49_30_92.txt : 1005927 ms.
--------------------------------------------------
benchmarks/INST_49x49/30/inst49x49_30_93.txt : 1003895 ms.
--------------------------------------------------
benchmarks/INST_49x49/30/inst49x49_30_94.txt : 1002974 ms.
--------------------------------------------------
benchmarks/INST_49x49/30/inst49x49_30_95.txt : 1009450 ms.
--------------------------------------------------
benchmarks/INST_49x49/30/inst49x49_30_96.txt : 1003781 ms.
--------------------------------------------------
benchmarks/INST_49x49/30/inst49x49_30_97.txt : 1009760 ms.
--------------------------------------------------
benchmarks/INST_49x49/30/inst49x49_30_98.txt : 1003445 ms.
--------------------------------------------------
benchmarks/INST_49x49/30/inst49x49_30_99.txt : 1009160 ms.
--------------------------------------------------
benchmarks/INST_49x49/30/inst49x49_30_9.txt : 1011515 ms.
run.sh: line 77: 3: command not found
run.sh: line 78: syntax error near unexpected token `fi'
run.sh: line 78: `    fi'
