--------------------------------------------------
1: Invalid order. Reason: Must be between 1 and 9.
39: Invalid order. Reason: Must be between 1 and 9.
66: Invalid order. Reason: Must be between 1 and 9.
80: Invalid order. Reason: Must be between 1 and 9.
88: Invalid order. Reason: Must be between 1 and 9.
89: Invalid order. Reason: Must be between 1 and 9.
100: Invalid order. Reason: Must be between 1 and 9.
0
benchmarks/INST_100x100/10/inst100x100_10_0.txt : 14 ms.
--------------------------------------------------
1: Invalid order. Reason: Must be between 1 and 9.
8: Invalid order. Reason: Must be between 1 and 9.
39: Invalid order. Reason: Must be between 1 and 9.
44: Invalid order. Reason: Must be between 1 and 9.
58: Invalid order. Reason: Must be between 1 and 9.
79: Invalid order. Reason: Must be between 1 and 9.
98: Invalid order. Reason: Must be between 1 and 9.
100: Invalid order. Reason: Must be between 1 and 9.
0
benchmarks/INST_100x100/10/inst100x100_10_10.txt : 8 ms.
--------------------------------------------------
1: Invalid order. Reason: Must be between 1 and 9.
4: Invalid order. Reason: Must be between 1 and 9.
18: Invalid order. Reason: Must be between 1 and 9.
97: Invalid order. Reason: Must be between 1 and 9.
0
benchmarks/INST_100x100/10/inst100x100_10_11.txt : 21 ms.
--------------------------------------------------
1: Invalid order. Reason: Must be between 1 and 9.
10: Invalid order. Reason: Must be between 1 and 9.
16: Invalid order. Reason: Must be between 1 and 9.
28: Invalid order. Reason: Must be between 1 and 9.
37: Invalid order. Reason: Must be between 1 and 9.
102: Incomplete Sudoku!
0
benchmarks/INST_100x100/10/inst100x100_10_12.txt : 21 ms.
--------------------------------------------------
1: Invalid order. Reason: Must be between 1 and 9.
4: Invalid order. Reason: Must be between 1 and 9.
14: Invalid order. Reason: Must be between 1 and 9.
15: Invalid order. Reason: Must be between 1 and 9.
26: Invalid order. Reason: Must be between 1 and 9.
65: Invalid order. Reason: Must be between 1 and 9.
79: Invalid order. Reason: Must be between 1 and 9.
82: Invalid order. Reason: Must be between 1 and 9.
85: Invalid order. Reason: Must be between 1 and 9.
0
benchmarks/INST_100x100/10/inst100x100_10_13.txt : 17 ms.
--------------------------------------------------
1: Invalid order. Reason: Must be between 1 and 9.
8: Invalid order. Reason: Must be between 1 and 9.
43: Invalid order. Reason: Must be between 1 and 9.
47: Invalid order. Reason: Must be between 1 and 9.
58: Invalid order. Reason: Must be between 1 and 9.
62: Invalid order. Reason: Must be between 1 and 9.
76: Invalid order. Reason: Must be between 1 and 9.
84: Invalid order. Reason: Must be between 1 and 9.
89: Invalid order. Reason: Must be between 1 and 9.
91: Invalid order. Reason: Must be between 1 and 9.
95: Invalid order. Reason: Must be between 1 and 9.
run.sh: line 11: 260137 Floating point exception(core dumped) ./solvers/sudoku_ils/build/ilsSolver --instanceFile $file --timeLimit $time_t --mcProbability 100 --iterationLimit 1000 --tabuListSize 0.05 --alpha 0.8 --acceptanceProb 15 --outfile output.txt --logfile log.txt
benchmarks/INST_100x100/10/inst100x100_10_14.txt : 55 ms.
--------------------------------------------------
1: Invalid order. Reason: Must be between 1 and 9.
10: Invalid order. Reason: Must be between 1 and 9.
14: Invalid order. Reason: Must be between 1 and 9.
28: Invalid order. Reason: Must be between 1 and 9.
34: Invalid order. Reason: Must be between 1 and 9.
35: Invalid order. Reason: Must be between 1 and 9.
37: Invalid order. Reason: Must be between 1 and 9.
45: Invalid order. Reason: Must be between 1 and 9.
51: Invalid order. Reason: Must be between 1 and 9.
58: Invalid order. Reason: Must be between 1 and 9.
59: Invalid order. Reason: Must be between 1 and 9.
77: Invalid order. Reason: Must be between 1 and 9.
86: Invalid order. Reason: Must be between 1 and 9.
87: Invalid order. Reason: Must be between 1 and 9.
0
benchmarks/INST_100x100/10/inst100x100_10_15.txt : 22 ms.
--------------------------------------------------
1: Invalid order. Reason: Must be between 1 and 9.
8: Invalid order. Reason: Must be between 1 and 9.
22: Invalid order. Reason: Must be between 1 and 9.
27: Invalid order. Reason: Must be between 1 and 9.
31: Invalid order. Reason: Must be between 1 and 9.
33: Invalid order. Reason: Must be between 1 and 9.
82: Invalid order. Reason: Must be between 1 and 9.
85: Invalid order. Reason: Must be between 1 and 9.
87: Invalid order. Reason: Must be between 1 and 9.
88: Invalid order. Reason: Must be between 1 and 9.
92: Invalid order. Reason: Must be between 1 and 9.
94: Invalid order. Reason: Must be between 1 and 9.
95: Invalid order. Reason: Must be between 1 and 9.
98: Invalid order. Reason: Must be between 1 and 9.
0
benchmarks/INST_100x100/10/inst100x100_10_16.txt : 18 ms.
--------------------------------------------------
1: Invalid order. Reason: Must be between 1 and 9.
29: Invalid order. Reason: Must be between 1 and 9.
38: Invalid order. Reason: Must be between 1 and 9.
52: Invalid order. Reason: Must be between 1 and 9.
66: Invalid order. Reason: Must be between 1 and 9.
91: Invalid order. Reason: Must be between 1 and 9.
0
benchmarks/INST_100x100/10/inst100x100_10_17.txt : 18 ms.
--------------------------------------------------
1: Invalid order. Reason: Must be between 1 and 9.
31: Invalid order. Reason: Must be between 1 and 9.
54: Invalid order. Reason: Must be between 1 and 9.
58: Invalid order. Reason: Must be between 1 and 9.
60: Invalid order. Reason: Must be between 1 and 9.
77: Invalid order. Reason: Must be between 1 and 9.
0
benchmarks/INST_100x100/10/inst100x100_10_18.txt : 21 ms.
--------------------------------------------------
1: Invalid order. Reason: Must be between 1 and 9.
11: Invalid order. Reason: Must be between 1 and 9.
16: Invalid order. Reason: Must be between 1 and 9.
27: Invalid order. Reason: Must be between 1 and 9.
37: Invalid order. Reason: Must be between 1 and 9.
52: Invalid order. Reason: Must be between 1 and 9.
63: Invalid order. Reason: Must be between 1 and 9.
75: Invalid order. Reason: Must be between 1 and 9.
run.sh: line 11: 260463 Floating point exception./solvers/sudoku_ils/build/ilsSolver --instanceFile $file --timeLimit $time_t --mcProbability 100 --iterationLimit 1000 --tabuListSize 0.05 --alpha 0.8 --acceptanceProb 15 --outfile output.txt --logfile log.txt
benchmarks/INST_100x100/10/inst100x100_10_19.txt : 24 ms.
--------------------------------------------------
1: Invalid order. Reason: Must be between 1 and 9.
8: Invalid order. Reason: Must be between 1 and 9.
11: Invalid order. Reason: Must be between 1 and 9.
63: Invalid order. Reason: Must be between 1 and 9.
64: Invalid order. Reason: Must be between 1 and 9.
78: Invalid order. Reason: Must be between 1 and 9.
79: Invalid order. Reason: Must be between 1 and 9.
88: Invalid order. Reason: Must be between 1 and 9.
95: Invalid order. Reason: Must be between 1 and 9.
98: Invalid order. Reason: Must be between 1 and 9.
0
benchmarks/INST_100x100/10/inst100x100_10_1.txt : 20 ms.
--------------------------------------------------
1: Invalid order. Reason: Must be between 1 and 9.
10: Invalid order. Reason: Must be between 1 and 9.
15: Invalid order. Reason: Must be between 1 and 9.
23: Invalid order. Reason: Must be between 1 and 9.
30: Invalid order. Reason: Must be between 1 and 9.
34: Invalid order. Reason: Must be between 1 and 9.
39: Invalid order. Reason: Must be between 1 and 9.
102: Incomplete Sudoku!
0
benchmarks/INST_100x100/10/inst100x100_10_20.txt : 19 ms.
--------------------------------------------------
1: Invalid order. Reason: Must be between 1 and 9.
4: Invalid order. Reason: Must be between 1 and 9.
14: Invalid order. Reason: Must be between 1 and 9.
39: Invalid order. Reason: Must be between 1 and 9.
102: Incomplete Sudoku!
0
benchmarks/INST_100x100/10/inst100x100_10_21.txt : 21 ms.
--------------------------------------------------
1: Invalid order. Reason: Must be between 1 and 9.
16: Invalid order. Reason: Must be between 1 and 9.
18: Invalid order. Reason: Must be between 1 and 9.
21: Invalid order. Reason: Must be between 1 and 9.
32: Invalid order. Reason: Must be between 1 and 9.
41: Invalid order. Reason: Must be between 1 and 9.
62: Invalid order. Reason: Must be between 1 and 9.
63: Invalid order. Reason: Must be between 1 and 9.
69: Invalid order. Reason: Must be between 1 and 9.
102: Incomplete Sudoku!
0
benchmarks/INST_100x100/10/inst100x100_10_22.txt : 19 ms.
--------------------------------------------------
1: Invalid order. Reason: Must be between 1 and 9.
6: Invalid order. Reason: Must be between 1 and 9.
9: Invalid order. Reason: Must be between 1 and 9.
15: Invalid order. Reason: Must be between 1 and 9.
22: Invalid order. Reason: Must be between 1 and 9.
24: Invalid order. Reason: Must be between 1 and 9.
26: Invalid order. Reason: Must be between 1 and 9.
38: Invalid order. Reason: Must be between 1 and 9.
39: Invalid order. Reason: Must be between 1 and 9.
42: Invalid order. Reason: Must be between 1 and 9.
46: Invalid order. Reason: Must be between 1 and 9.
58: Invalid order. Reason: Must be between 1 and 9.
80: Invalid order. Reason: Must be between 1 and 9.
84: Invalid order. Reason: Must be between 1 and 9.
101: Invalid order. Reason: Must be between 1 and 9.
0
benchmarks/INST_100x100/10/inst100x100_10_23.txt : 16 ms.
--------------------------------------------------
1: Invalid order. Reason: Must be between 1 and 9.
33: Invalid order. Reason: Must be between 1 and 9.
37: Invalid order. Reason: Must be between 1 and 9.
43: Invalid order. Reason: Must be between 1 and 9.
47: Invalid order. Reason: Must be between 1 and 9.
48: Invalid order. Reason: Must be between 1 and 9.
50: Invalid order. Reason: Must be between 1 and 9.
60: Invalid order. Reason: Must be between 1 and 9.
67: Invalid order. Reason: Must be between 1 and 9.
87: Invalid order. Reason: Must be between 1 and 9.
95: Invalid order. Reason: Must be between 1 and 9.
0
benchmarks/INST_100x100/10/inst100x100_10_24.txt : 21 ms.
--------------------------------------------------
1: Invalid order. Reason: Must be between 1 and 9.
16: Invalid order. Reason: Must be between 1 and 9.
27: Invalid order. Reason: Must be between 1 and 9.
30: Invalid order. Reason: Must be between 1 and 9.
61: Invalid order. Reason: Must be between 1 and 9.
74: Invalid order. Reason: Must be between 1 and 9.
78: Invalid order. Reason: Must be between 1 and 9.
92: Invalid order. Reason: Must be between 1 and 9.
102: Incomplete Sudoku!
0
benchmarks/INST_100x100/10/inst100x100_10_25.txt : 20 ms.
--------------------------------------------------
1: Invalid order. Reason: Must be between 1 and 9.
7: Invalid order. Reason: Must be between 1 and 9.
9: Invalid order. Reason: Must be between 1 and 9.
13: Invalid order. Reason: Must be between 1 and 9.
17: Invalid order. Reason: Must be between 1 and 9.
25: Invalid order. Reason: Must be between 1 and 9.
32: Invalid order. Reason: Must be between 1 and 9.
40: Invalid order. Reason: Must be between 1 and 9.
77: Invalid order. Reason: Must be between 1 and 9.
81: Invalid order. Reason: Must be between 1 and 9.
88: Invalid order. Reason: Must be between 1 and 9.
0
benchmarks/INST_100x100/10/inst100x100_10_26.txt : 20 ms.
--------------------------------------------------
1: Invalid order. Reason: Must be between 1 and 9.
10: Invalid order. Reason: Must be between 1 and 9.
26: Invalid order. Reason: Must be between 1 and 9.
31: Invalid order. Reason: Must be between 1 and 9.
57: Invalid order. Reason: Must be between 1 and 9.
0
benchmarks/INST_100x100/10/inst100x100_10_27.txt : 21 ms.
--------------------------------------------------
1: Invalid order. Reason: Must be between 1 and 9.
4: Invalid order. Reason: Must be between 1 and 9.
15: Invalid order. Reason: Must be between 1 and 9.
17: Invalid order. Reason: Must be between 1 and 9.
32: Invalid order. Reason: Must be between 1 and 9.
44: Invalid order. Reason: Must be between 1 and 9.
46: Invalid order. Reason: Must be between 1 and 9.
58: Invalid order. Reason: Must be between 1 and 9.
60: Invalid order. Reason: Must be between 1 and 9.
97: Invalid order. Reason: Must be between 1 and 9.
0
benchmarks/INST_100x100/10/inst100x100_10_28.txt : 21 ms.
--------------------------------------------------
1: Invalid order. Reason: Must be between 1 and 9.
4: Invalid order. Reason: Must be between 1 and 9.
95: Invalid order. Reason: Must be between 1 and 9.
98: Invalid order. Reason: Must be between 1 and 9.
0
benchmarks/INST_100x100/10/inst100x100_10_29.txt : 19 ms.
--------------------------------------------------
1: Invalid order. Reason: Must be between 1 and 9.
4: Invalid order. Reason: Must be between 1 and 9.
15: Invalid order. Reason: Must be between 1 and 9.
91: Invalid order. Reason: Must be between 1 and 9.
96: Invalid order. Reason: Must be between 1 and 9.
100: Invalid order. Reason: Must be between 1 and 9.
0
benchmarks/INST_100x100/10/inst100x100_10_2.txt : 18 ms.
--------------------------------------------------
1: Invalid order. Reason: Must be between 1 and 9.
12: Invalid order. Reason: Must be between 1 and 9.
19: Invalid order. Reason: Must be between 1 and 9.
64: Invalid order. Reason: Must be between 1 and 9.
67: Invalid order. Reason: Must be between 1 and 9.
68: Invalid order. Reason: Must be between 1 and 9.
72: Invalid order. Reason: Must be between 1 and 9.
75: Invalid order. Reason: Must be between 1 and 9.
79: Invalid order. Reason: Must be between 1 and 9.
82: Invalid order. Reason: Must be between 1 and 9.
98: Invalid order. Reason: Must be between 1 and 9.
101: Invalid order. Reason: Must be between 1 and 9.
0
benchmarks/INST_100x100/10/inst100x100_10_30.txt : 23 ms.
--------------------------------------------------
1: Invalid order. Reason: Must be between 1 and 9.
5: Invalid order. Reason: Must be between 1 and 9.
7: Invalid order. Reason: Must be between 1 and 9.
101: Invalid order. Reason: Must be between 1 and 9.
0
benchmarks/INST_100x100/10/inst100x100_10_31.txt : 25 ms.
--------------------------------------------------
1: Invalid order. Reason: Must be between 1 and 9.
10: Invalid order. Reason: Must be between 1 and 9.
22: Invalid order. Reason: Must be between 1 and 9.
30: Invalid order. Reason: Must be between 1 and 9.
63: Invalid order. Reason: Must be between 1 and 9.
71: Invalid order. Reason: Must be between 1 and 9.
82: Invalid order. Reason: Must be between 1 and 9.
101: Invalid order. Reason: Must be between 1 and 9.
0
benchmarks/INST_100x100/10/inst100x100_10_32.txt : 20 ms.
--------------------------------------------------
1: Invalid order. Reason: Must be between 1 and 9.
5: Invalid order. Reason: Must be between 1 and 9.
64: Invalid order. Reason: Must be between 1 and 9.
74: Invalid order. Reason: Must be between 1 and 9.
79: Invalid order. Reason: Must be between 1 and 9.
81: Invalid order. Reason: Must be between 1 and 9.
87: Invalid order. Reason: Must be between 1 and 9.
93: Invalid order. Reason: Must be between 1 and 9.
97: Invalid order. Reason: Must be between 1 and 9.
101: Invalid order. Reason: Must be between 1 and 9.
0
benchmarks/INST_100x100/10/inst100x100_10_33.txt : 21 ms.
--------------------------------------------------
1: Invalid order. Reason: Must be between 1 and 9.
38: Invalid order. Reason: Must be between 1 and 9.
83: Invalid order. Reason: Must be between 1 and 9.
95: Invalid order. Reason: Must be between 1 and 9.
99: Invalid order. Reason: Must be between 1 and 9.
run.sh: line 11: 261322 Floating point exception./solvers/sudoku_ils/build/ilsSolver --instanceFile $file --timeLimit $time_t --mcProbability 100 --iterationLimit 1000 --tabuListSize 0.05 --alpha 0.8 --acceptanceProb 15 --outfile output.txt --logfile log.txt
benchmarks/INST_100x100/10/inst100x100_10_34.txt : 24 ms.
--------------------------------------------------
1: Invalid order. Reason: Must be between 1 and 9.
7: Invalid order. Reason: Must be between 1 and 9.
9: Invalid order. Reason: Must be between 1 and 9.
16: Invalid order. Reason: Must be between 1 and 9.
23: Invalid order. Reason: Must be between 1 and 9.
36: Invalid order. Reason: Must be between 1 and 9.
42: Invalid order. Reason: Must be between 1 and 9.
62: Invalid order. Reason: Must be between 1 and 9.
72: Invalid order. Reason: Must be between 1 and 9.
83: Invalid order. Reason: Must be between 1 and 9.
0
benchmarks/INST_100x100/10/inst100x100_10_35.txt : 16 ms.
--------------------------------------------------
1: Invalid order. Reason: Must be between 1 and 9.
4: Invalid order. Reason: Must be between 1 and 9.
24: Invalid order. Reason: Must be between 1 and 9.
27: Invalid order. Reason: Must be between 1 and 9.
30: Invalid order. Reason: Must be between 1 and 9.
42: Invalid order. Reason: Must be between 1 and 9.
77: Invalid order. Reason: Must be between 1 and 9.
98: Invalid order. Reason: Must be between 1 and 9.
0
benchmarks/INST_100x100/10/inst100x100_10_36.txt : 20 ms.
--------------------------------------------------
1: Invalid order. Reason: Must be between 1 and 9.
9: Invalid order. Reason: Must be between 1 and 9.
10: Invalid order. Reason: Must be between 1 and 9.
27: Invalid order. Reason: Must be between 1 and 9.
73: Invalid order. Reason: Must be between 1 and 9.
87: Invalid order. Reason: Must be between 1 and 9.
102: Incomplete Sudoku!
0
benchmarks/INST_100x100/10/inst100x100_10_37.txt : 20 ms.
--------------------------------------------------
1: Invalid order. Reason: Must be between 1 and 9.
12: Invalid order. Reason: Must be between 1 and 9.
0
benchmarks/INST_100x100/10/inst100x100_10_38.txt : 25 ms.
--------------------------------------------------
1: Invalid order. Reason: Must be between 1 and 9.
18: Invalid order. Reason: Must be between 1 and 9.
24: Invalid order. Reason: Must be between 1 and 9.
102: Incomplete Sudoku!
0
benchmarks/INST_100x100/10/inst100x100_10_39.txt : 22 ms.
--------------------------------------------------
1: Invalid order. Reason: Must be between 1 and 9.
13: Invalid order. Reason: Must be between 1 and 9.
17: Invalid order. Reason: Must be between 1 and 9.
22: Invalid order. Reason: Must be between 1 and 9.
29: Invalid order. Reason: Must be between 1 and 9.
31: Invalid order. Reason: Must be between 1 and 9.
45: Invalid order. Reason: Must be between 1 and 9.
49: Invalid order. Reason: Must be between 1 and 9.
59: Invalid order. Reason: Must be between 1 and 9.
102: Incomplete Sudoku!
0
benchmarks/INST_100x100/10/inst100x100_10_3.txt : 21 ms.
--------------------------------------------------
1: Invalid order. Reason: Must be between 1 and 9.
92: Invalid order. Reason: Must be between 1 and 9.
95: Invalid order. Reason: Must be between 1 and 9.
102: Incomplete Sudoku!
0
benchmarks/INST_100x100/10/inst100x100_10_40.txt : 23 ms.
--------------------------------------------------
1: Invalid order. Reason: Must be between 1 and 9.
19: Invalid order. Reason: Must be between 1 and 9.
25: Invalid order. Reason: Must be between 1 and 9.
35: Invalid order. Reason: Must be between 1 and 9.
69: Invalid order. Reason: Must be between 1 and 9.
86: Invalid order. Reason: Must be between 1 and 9.
88: Invalid order. Reason: Must be between 1 and 9.
100: Invalid order. Reason: Must be between 1 and 9.
0
benchmarks/INST_100x100/10/inst100x100_10_41.txt : 20 ms.
--------------------------------------------------
1: Invalid order. Reason: Must be between 1 and 9.
5: Invalid order. Reason: Must be between 1 and 9.
6: Invalid order. Reason: Must be between 1 and 9.
12: Invalid order. Reason: Must be between 1 and 9.
15: Invalid order. Reason: Must be between 1 and 9.
23: Invalid order. Reason: Must be between 1 and 9.
69: Invalid order. Reason: Must be between 1 and 9.
72: Invalid order. Reason: Must be between 1 and 9.
85: Invalid order. Reason: Must be between 1 and 9.
101: Invalid order. Reason: Must be between 1 and 9.
run.sh: line 11: 261784 Floating point exception./solvers/sudoku_ils/build/ilsSolver --instanceFile $file --timeLimit $time_t --mcProbability 100 --iterationLimit 1000 --tabuListSize 0.05 --alpha 0.8 --acceptanceProb 15 --outfile output.txt --logfile log.txt
benchmarks/INST_100x100/10/inst100x100_10_42.txt : 20 ms.
--------------------------------------------------
1: Invalid order. Reason: Must be between 1 and 9.
13: Invalid order. Reason: Must be between 1 and 9.
25: Invalid order. Reason: Must be between 1 and 9.
36: Invalid order. Reason: Must be between 1 and 9.
37: Invalid order. Reason: Must be between 1 and 9.
40: Invalid order. Reason: Must be between 1 and 9.
42: Invalid order. Reason: Must be between 1 and 9.
62: Invalid order. Reason: Must be between 1 and 9.
66: Invalid order. Reason: Must be between 1 and 9.
71: Invalid order. Reason: Must be between 1 and 9.
76: Invalid order. Reason: Must be between 1 and 9.
98: Invalid order. Reason: Must be between 1 and 9.
0
benchmarks/INST_100x100/10/inst100x100_10_43.txt : 23 ms.
--------------------------------------------------
1: Invalid order. Reason: Must be between 1 and 9.
99: Invalid order. Reason: Must be between 1 and 9.
0
benchmarks/INST_100x100/10/inst100x100_10_44.txt : 23 ms.
--------------------------------------------------
1: Invalid order. Reason: Must be between 1 and 9.
4: Invalid order. Reason: Must be between 1 and 9.
14: Invalid order. Reason: Must be between 1 and 9.
34: Invalid order. Reason: Must be between 1 and 9.
37: Invalid order. Reason: Must be between 1 and 9.
39: Invalid order. Reason: Must be between 1 and 9.
54: Invalid order. Reason: Must be between 1 and 9.
77: Invalid order. Reason: Must be between 1 and 9.
82: Invalid order. Reason: Must be between 1 and 9.
88: Invalid order. Reason: Must be between 1 and 9.
97: Invalid order. Reason: Must be between 1 and 9.
0
benchmarks/INST_100x100/10/inst100x100_10_45.txt : 20 ms.
--------------------------------------------------
1: Invalid order. Reason: Must be between 1 and 9.
5: Invalid order. Reason: Must be between 1 and 9.
8: Invalid order. Reason: Must be between 1 and 9.
36: Invalid order. Reason: Must be between 1 and 9.
37: Invalid order. Reason: Must be between 1 and 9.
47: Invalid order. Reason: Must be between 1 and 9.
62: Invalid order. Reason: Must be between 1 and 9.
80: Invalid order. Reason: Must be between 1 and 9.
102: Incomplete Sudoku!
run.sh: line 11: 261997 Floating point exception(core dumped) ./solvers/sudoku_ils/build/ilsSolver --instanceFile $file --timeLimit $time_t --mcProbability 100 --iterationLimit 1000 --tabuListSize 0.05 --alpha 0.8 --acceptanceProb 15 --outfile output.txt --logfile log.txt
benchmarks/INST_100x100/10/inst100x100_10_46.txt : 48 ms.
--------------------------------------------------
1: Invalid order. Reason: Must be between 1 and 9.
8: Invalid order. Reason: Must be between 1 and 9.
11: Invalid order. Reason: Must be between 1 and 9.
14: Invalid order. Reason: Must be between 1 and 9.
16: Invalid order. Reason: Must be between 1 and 9.
58: Invalid order. Reason: Must be between 1 and 9.
65: Invalid order. Reason: Must be between 1 and 9.
86: Invalid order. Reason: Must be between 1 and 9.
0
benchmarks/INST_100x100/10/inst100x100_10_47.txt : 21 ms.
--------------------------------------------------
1: Invalid order. Reason: Must be between 1 and 9.
8: Invalid order. Reason: Must be between 1 and 9.
13: Invalid order. Reason: Must be between 1 and 9.
22: Invalid order. Reason: Must be between 1 and 9.
46: Invalid order. Reason: Must be between 1 and 9.
52: Invalid order. Reason: Must be between 1 and 9.
70: Invalid order. Reason: Must be between 1 and 9.
82: Invalid order. Reason: Must be between 1 and 9.
0
benchmarks/INST_100x100/10/inst100x100_10_48.txt : 22 ms.
--------------------------------------------------
1: Invalid order. Reason: Must be between 1 and 9.
12: Invalid order. Reason: Must be between 1 and 9.
22: Invalid order. Reason: Must be between 1 and 9.
23: Invalid order. Reason: Must be between 1 and 9.
53: Invalid order. Reason: Must be between 1 and 9.
64: Invalid order. Reason: Must be between 1 and 9.
65: Invalid order. Reason: Must be between 1 and 9.
72: Invalid order. Reason: Must be between 1 and 9.
75: Invalid order. Reason: Must be between 1 and 9.
93: Invalid order. Reason: Must be between 1 and 9.
96: Invalid order. Reason: Must be between 1 and 9.
100: Invalid order. Reason: Must be between 1 and 9.
0
benchmarks/INST_100x100/10/inst100x100_10_49.txt : 21 ms.
--------------------------------------------------
1: Invalid order. Reason: Must be between 1 and 9.
12: Invalid order. Reason: Must be between 1 and 9.
24: Invalid order. Reason: Must be between 1 and 9.
78: Invalid order. Reason: Must be between 1 and 9.
88: Invalid order. Reason: Must be between 1 and 9.
89: Invalid order. Reason: Must be between 1 and 9.
97: Invalid order. Reason: Must be between 1 and 9.
0
benchmarks/INST_100x100/10/inst100x100_10_4.txt : 20 ms.
--------------------------------------------------
1: Invalid order. Reason: Must be between 1 and 9.
20: Invalid order. Reason: Must be between 1 and 9.
33: Invalid order. Reason: Must be between 1 and 9.
37: Invalid order. Reason: Must be between 1 and 9.
47: Invalid order. Reason: Must be between 1 and 9.
67: Invalid order. Reason: Must be between 1 and 9.
79: Invalid order. Reason: Must be between 1 and 9.
80: Invalid order. Reason: Must be between 1 and 9.
0
benchmarks/INST_100x100/10/inst100x100_10_50.txt : 18 ms.
--------------------------------------------------
1: Invalid order. Reason: Must be between 1 and 9.
10: Invalid order. Reason: Must be between 1 and 9.
61: Invalid order. Reason: Must be between 1 and 9.
62: Invalid order. Reason: Must be between 1 and 9.
102: Incomplete Sudoku!
0
benchmarks/INST_100x100/10/inst100x100_10_51.txt : 22 ms.
--------------------------------------------------
1: Invalid order. Reason: Must be between 1 and 9.
23: Invalid order. Reason: Must be between 1 and 9.
34: Invalid order. Reason: Must be between 1 and 9.
40: Invalid order. Reason: Must be between 1 and 9.
46: Invalid order. Reason: Must be between 1 and 9.
50: Invalid order. Reason: Must be between 1 and 9.
55: Invalid order. Reason: Must be between 1 and 9.
71: Invalid order. Reason: Must be between 1 and 9.
72: Invalid order. Reason: Must be between 1 and 9.
83: Invalid order. Reason: Must be between 1 and 9.
92: Invalid order. Reason: Must be between 1 and 9.
95: Invalid order. Reason: Must be between 1 and 9.
0
benchmarks/INST_100x100/10/inst100x100_10_52.txt : 21 ms.
--------------------------------------------------
1: Invalid order. Reason: Must be between 1 and 9.
8: Invalid order. Reason: Must be between 1 and 9.
20: Invalid order. Reason: Must be between 1 and 9.
30: Invalid order. Reason: Must be between 1 and 9.
32: Invalid order. Reason: Must be between 1 and 9.
37: Invalid order. Reason: Must be between 1 and 9.
72: Invalid order. Reason: Must be between 1 and 9.
102: Incomplete Sudoku!
0
benchmarks/INST_100x100/10/inst100x100_10_53.txt : 23 ms.
--------------------------------------------------
1: Invalid order. Reason: Must be between 1 and 9.
59: Invalid order. Reason: Must be between 1 and 9.
78: Invalid order. Reason: Must be between 1 and 9.
80: Invalid order. Reason: Must be between 1 and 9.
81: Invalid order. Reason: Must be between 1 and 9.
88: Invalid order. Reason: Must be between 1 and 9.
89: Invalid order. Reason: Must be between 1 and 9.
93: Invalid order. Reason: Must be between 1 and 9.
98: Invalid order. Reason: Must be between 1 and 9.
0
benchmarks/INST_100x100/10/inst100x100_10_54.txt : 22 ms.
--------------------------------------------------
1: Invalid order. Reason: Must be between 1 and 9.
7: Invalid order. Reason: Must be between 1 and 9.
17: Invalid order. Reason: Must be between 1 and 9.
19: Invalid order. Reason: Must be between 1 and 9.
25: Invalid order. Reason: Must be between 1 and 9.
41: Invalid order. Reason: Must be between 1 and 9.
49: Invalid order. Reason: Must be between 1 and 9.
56: Invalid order. Reason: Must be between 1 and 9.
59: Invalid order. Reason: Must be between 1 and 9.
62: Invalid order. Reason: Must be between 1 and 9.
66: Invalid order. Reason: Must be between 1 and 9.
75: Invalid order. Reason: Must be between 1 and 9.
94: Invalid order. Reason: Must be between 1 and 9.
100: Invalid order. Reason: Must be between 1 and 9.
0
benchmarks/INST_100x100/10/inst100x100_10_55.txt : 21 ms.
--------------------------------------------------
1: Invalid order. Reason: Must be between 1 and 9.
25: Invalid order. Reason: Must be between 1 and 9.
32: Invalid order. Reason: Must be between 1 and 9.
37: Invalid order. Reason: Must be between 1 and 9.
49: Invalid order. Reason: Must be between 1 and 9.
51: Invalid order. Reason: Must be between 1 and 9.
54: Invalid order. Reason: Must be between 1 and 9.
63: Invalid order. Reason: Must be between 1 and 9.
80: Invalid order. Reason: Must be between 1 and 9.
94: Invalid order. Reason: Must be between 1 and 9.
100: Invalid order. Reason: Must be between 1 and 9.
0
benchmarks/INST_100x100/10/inst100x100_10_56.txt : 20 ms.
--------------------------------------------------
1: Invalid order. Reason: Must be between 1 and 9.
8: Invalid order. Reason: Must be between 1 and 9.
13: Invalid order. Reason: Must be between 1 and 9.
20: Invalid order. Reason: Must be between 1 and 9.
31: Invalid order. Reason: Must be between 1 and 9.
41: Invalid order. Reason: Must be between 1 and 9.
53: Invalid order. Reason: Must be between 1 and 9.
66: Invalid order. Reason: Must be between 1 and 9.
83: Invalid order. Reason: Must be between 1 and 9.
87: Invalid order. Reason: Must be between 1 and 9.
92: Invalid order. Reason: Must be between 1 and 9.
100: Invalid order. Reason: Must be between 1 and 9.
102: Invalid order. Reason: Must be between 1 and 9.
0
benchmarks/INST_100x100/10/inst100x100_10_57.txt : 19 ms.
--------------------------------------------------
1: Invalid order. Reason: Must be between 1 and 9.
17: Invalid order. Reason: Must be between 1 and 9.
25: Invalid order. Reason: Must be between 1 and 9.
41: Invalid order. Reason: Must be between 1 and 9.
42: Invalid order. Reason: Must be between 1 and 9.
73: Invalid order. Reason: Must be between 1 and 9.
74: Invalid order. Reason: Must be between 1 and 9.
84: Invalid order. Reason: Must be between 1 and 9.
86: Invalid order. Reason: Must be between 1 and 9.
92: Invalid order. Reason: Must be between 1 and 9.
0
benchmarks/INST_100x100/10/inst100x100_10_58.txt : 20 ms.
--------------------------------------------------
1: Invalid order. Reason: Must be between 1 and 9.
28: Invalid order. Reason: Must be between 1 and 9.
102: Incomplete Sudoku!
0
benchmarks/INST_100x100/10/inst100x100_10_59.txt : 23 ms.
--------------------------------------------------
1: Invalid order. Reason: Must be between 1 and 9.
4: Invalid order. Reason: Must be between 1 and 9.
5: Invalid order. Reason: Must be between 1 and 9.
0
benchmarks/INST_100x100/10/inst100x100_10_5.txt : 22 ms.
--------------------------------------------------
1: Invalid order. Reason: Must be between 1 and 9.
6: Invalid order. Reason: Must be between 1 and 9.
57: Invalid order. Reason: Must be between 1 and 9.
65: Invalid order. Reason: Must be between 1 and 9.
66: Invalid order. Reason: Must be between 1 and 9.
78: Invalid order. Reason: Must be between 1 and 9.
0
benchmarks/INST_100x100/10/inst100x100_10_60.txt : 17 ms.
--------------------------------------------------
1: Invalid order. Reason: Must be between 1 and 9.
11: Invalid order. Reason: Must be between 1 and 9.
19: Invalid order. Reason: Must be between 1 and 9.
40: Invalid order. Reason: Must be between 1 and 9.
42: Invalid order. Reason: Must be between 1 and 9.
82: Invalid order. Reason: Must be between 1 and 9.
84: Invalid order. Reason: Must be between 1 and 9.
91: Invalid order. Reason: Must be between 1 and 9.
96: Invalid order. Reason: Must be between 1 and 9.
0
benchmarks/INST_100x100/10/inst100x100_10_61.txt : 22 ms.
--------------------------------------------------
1: Invalid order. Reason: Must be between 1 and 9.
4: Invalid order. Reason: Must be between 1 and 9.
17: Invalid order. Reason: Must be between 1 and 9.
33: Invalid order. Reason: Must be between 1 and 9.
38: Invalid order. Reason: Must be between 1 and 9.
55: Invalid order. Reason: Must be between 1 and 9.
67: Invalid order. Reason: Must be between 1 and 9.
87: Invalid order. Reason: Must be between 1 and 9.
90: Invalid order. Reason: Must be between 1 and 9.
98: Invalid order. Reason: Must be between 1 and 9.
101: Invalid order. Reason: Must be between 1 and 9.
0
benchmarks/INST_100x100/10/inst100x100_10_62.txt : 20 ms.
--------------------------------------------------
1: Invalid order. Reason: Must be between 1 and 9.
27: Invalid order. Reason: Must be between 1 and 9.
32: Invalid order. Reason: Must be between 1 and 9.
33: Invalid order. Reason: Must be between 1 and 9.
35: Invalid order. Reason: Must be between 1 and 9.
42: Invalid order. Reason: Must be between 1 and 9.
72: Invalid order. Reason: Must be between 1 and 9.
75: Invalid order. Reason: Must be between 1 and 9.
0
benchmarks/INST_100x100/10/inst100x100_10_63.txt : 19 ms.
--------------------------------------------------
1: Invalid order. Reason: Must be between 1 and 9.
19: Invalid order. Reason: Must be between 1 and 9.
36: Invalid order. Reason: Must be between 1 and 9.
57: Invalid order. Reason: Must be between 1 and 9.
59: Invalid order. Reason: Must be between 1 and 9.
86: Invalid order. Reason: Must be between 1 and 9.
91: Invalid order. Reason: Must be between 1 and 9.
96: Invalid order. Reason: Must be between 1 and 9.
0
benchmarks/INST_100x100/10/inst100x100_10_64.txt : 17 ms.
--------------------------------------------------
1: Invalid order. Reason: Must be between 1 and 9.
9: Invalid order. Reason: Must be between 1 and 9.
10: Invalid order. Reason: Must be between 1 and 9.
26: Invalid order. Reason: Must be between 1 and 9.
39: Invalid order. Reason: Must be between 1 and 9.
46: Invalid order. Reason: Must be between 1 and 9.
49: Invalid order. Reason: Must be between 1 and 9.
52: Invalid order. Reason: Must be between 1 and 9.
55: Invalid order. Reason: Must be between 1 and 9.
62: Invalid order. Reason: Must be between 1 and 9.
65: Invalid order. Reason: Must be between 1 and 9.
74: Invalid order. Reason: Must be between 1 and 9.
75: Invalid order. Reason: Must be between 1 and 9.
83: Invalid order. Reason: Must be between 1 and 9.
84: Invalid order. Reason: Must be between 1 and 9.
87: Invalid order. Reason: Must be between 1 and 9.
88: Invalid order. Reason: Must be between 1 and 9.
94: Invalid order. Reason: Must be between 1 and 9.
95: Invalid order. Reason: Must be between 1 and 9.
101: Invalid order. Reason: Must be between 1 and 9.
102: Invalid order. Reason: Must be between 1 and 9.
0
benchmarks/INST_100x100/10/inst100x100_10_65.txt : 20 ms.
--------------------------------------------------
1: Invalid order. Reason: Must be between 1 and 9.
37: Invalid order. Reason: Must be between 1 and 9.
60: Invalid order. Reason: Must be between 1 and 9.
61: Invalid order. Reason: Must be between 1 and 9.
70: Invalid order. Reason: Must be between 1 and 9.
75: Invalid order. Reason: Must be between 1 and 9.
80: Invalid order. Reason: Must be between 1 and 9.
102: Incomplete Sudoku!
0
benchmarks/INST_100x100/10/inst100x100_10_66.txt : 22 ms.
--------------------------------------------------
1: Invalid order. Reason: Must be between 1 and 9.
13: Invalid order. Reason: Must be between 1 and 9.
35: Invalid order. Reason: Must be between 1 and 9.
38: Invalid order. Reason: Must be between 1 and 9.
102: Incomplete Sudoku!
run.sh: line 11: 263198 Floating point exception./solvers/sudoku_ils/build/ilsSolver --instanceFile $file --timeLimit $time_t --mcProbability 100 --iterationLimit 1000 --tabuListSize 0.05 --alpha 0.8 --acceptanceProb 15 --outfile output.txt --logfile log.txt
benchmarks/INST_100x100/10/inst100x100_10_67.txt : 25 ms.
--------------------------------------------------
1: Invalid order. Reason: Must be between 1 and 9.
75: Invalid order. Reason: Must be between 1 and 9.
77: Invalid order. Reason: Must be between 1 and 9.
87: Invalid order. Reason: Must be between 1 and 9.
98: Invalid order. Reason: Must be between 1 and 9.
0
benchmarks/INST_100x100/10/inst100x100_10_68.txt : 24 ms.
--------------------------------------------------
1: Invalid order. Reason: Must be between 1 and 9.
10: Invalid order. Reason: Must be between 1 and 9.
15: Invalid order. Reason: Must be between 1 and 9.
23: Invalid order. Reason: Must be between 1 and 9.
25: Invalid order. Reason: Must be between 1 and 9.
28: Invalid order. Reason: Must be between 1 and 9.
38: Invalid order. Reason: Must be between 1 and 9.
50: Invalid order. Reason: Must be between 1 and 9.
56: Invalid order. Reason: Must be between 1 and 9.
64: Invalid order. Reason: Must be between 1 and 9.
0
benchmarks/INST_100x100/10/inst100x100_10_69.txt : 22 ms.
--------------------------------------------------
1: Invalid order. Reason: Must be between 1 and 9.
15: Invalid order. Reason: Must be between 1 and 9.
22: Invalid order. Reason: Must be between 1 and 9.
24: Invalid order. Reason: Must be between 1 and 9.
38: Invalid order. Reason: Must be between 1 and 9.
49: Invalid order. Reason: Must be between 1 and 9.
57: Invalid order. Reason: Must be between 1 and 9.
64: Invalid order. Reason: Must be between 1 and 9.
68: Invalid order. Reason: Must be between 1 and 9.
0
benchmarks/INST_100x100/10/inst100x100_10_6.txt : 20 ms.
--------------------------------------------------
1: Invalid order. Reason: Must be between 1 and 9.
35: Invalid order. Reason: Must be between 1 and 9.
37: Invalid order. Reason: Must be between 1 and 9.
43: Invalid order. Reason: Must be between 1 and 9.
70: Invalid order. Reason: Must be between 1 and 9.
73: Invalid order. Reason: Must be between 1 and 9.
81: Invalid order. Reason: Must be between 1 and 9.
84: Invalid order. Reason: Must be between 1 and 9.
0
benchmarks/INST_100x100/10/inst100x100_10_70.txt : 20 ms.
--------------------------------------------------
1: Invalid order. Reason: Must be between 1 and 9.
10: Invalid order. Reason: Must be between 1 and 9.
15: Invalid order. Reason: Must be between 1 and 9.
17: Invalid order. Reason: Must be between 1 and 9.
20: Invalid order. Reason: Must be between 1 and 9.
35: Invalid order. Reason: Must be between 1 and 9.
36: Invalid order. Reason: Must be between 1 and 9.
54: Invalid order. Reason: Must be between 1 and 9.
83: Invalid order. Reason: Must be between 1 and 9.
94: Invalid order. Reason: Must be between 1 and 9.
97: Invalid order. Reason: Must be between 1 and 9.
99: Invalid order. Reason: Must be between 1 and 9.
100: Invalid order. Reason: Must be between 1 and 9.
run.sh: line 11: 263454 Floating point exception(core dumped) ./solvers/sudoku_ils/build/ilsSolver --instanceFile $file --timeLimit $time_t --mcProbability 100 --iterationLimit 1000 --tabuListSize 0.05 --alpha 0.8 --acceptanceProb 15 --outfile output.txt --logfile log.txt
benchmarks/INST_100x100/10/inst100x100_10_71.txt : 37 ms.
--------------------------------------------------
1: Invalid order. Reason: Must be between 1 and 9.
18: Invalid order. Reason: Must be between 1 and 9.
20: Invalid order. Reason: Must be between 1 and 9.
59: Invalid order. Reason: Must be between 1 and 9.
62: Invalid order. Reason: Must be between 1 and 9.
75: Invalid order. Reason: Must be between 1 and 9.
90: Invalid order. Reason: Must be between 1 and 9.
98: Invalid order. Reason: Must be between 1 and 9.
run.sh: line 11: 263534 Floating point exception(core dumped) ./solvers/sudoku_ils/build/ilsSolver --instanceFile $file --timeLimit $time_t --mcProbability 100 --iterationLimit 1000 --tabuListSize 0.05 --alpha 0.8 --acceptanceProb 15 --outfile output.txt --logfile log.txt
benchmarks/INST_100x100/10/inst100x100_10_72.txt : 52 ms.
--------------------------------------------------
1: Invalid order. Reason: Must be between 1 and 9.
6: Invalid order. Reason: Must be between 1 and 9.
35: Invalid order. Reason: Must be between 1 and 9.
36: Invalid order. Reason: Must be between 1 and 9.
57: Invalid order. Reason: Must be between 1 and 9.
62: Invalid order. Reason: Must be between 1 and 9.
67: Invalid order. Reason: Must be between 1 and 9.
95: Invalid order. Reason: Must be between 1 and 9.
98: Invalid order. Reason: Must be between 1 and 9.
0
benchmarks/INST_100x100/10/inst100x100_10_73.txt : 22 ms.
--------------------------------------------------
1: Invalid order. Reason: Must be between 1 and 9.
16: Invalid order. Reason: Must be between 1 and 9.
24: Invalid order. Reason: Must be between 1 and 9.
26: Invalid order. Reason: Must be between 1 and 9.
60: Invalid order. Reason: Must be between 1 and 9.
69: Invalid order. Reason: Must be between 1 and 9.
76: Invalid order. Reason: Must be between 1 and 9.
102: Incomplete Sudoku!
0
benchmarks/INST_100x100/10/inst100x100_10_74.txt : 18 ms.
--------------------------------------------------
1: Invalid order. Reason: Must be between 1 and 9.
26: Invalid order. Reason: Must be between 1 and 9.
33: Invalid order. Reason: Must be between 1 and 9.
45: Invalid order. Reason: Must be between 1 and 9.
60: Invalid order. Reason: Must be between 1 and 9.
91: Invalid order. Reason: Must be between 1 and 9.
93: Invalid order. Reason: Must be between 1 and 9.
0
benchmarks/INST_100x100/10/inst100x100_10_75.txt : 21 ms.
--------------------------------------------------
1: Invalid order. Reason: Must be between 1 and 9.
9: Invalid order. Reason: Must be between 1 and 9.
0
benchmarks/INST_100x100/10/inst100x100_10_76.txt : 21 ms.
--------------------------------------------------
1: Invalid order. Reason: Must be between 1 and 9.
45: Invalid order. Reason: Must be between 1 and 9.
47: Invalid order. Reason: Must be between 1 and 9.
67: Invalid order. Reason: Must be between 1 and 9.
74: Invalid order. Reason: Must be between 1 and 9.
75: Invalid order. Reason: Must be between 1 and 9.
80: Invalid order. Reason: Must be between 1 and 9.
82: Invalid order. Reason: Must be between 1 and 9.
86: Invalid order. Reason: Must be between 1 and 9.
90: Invalid order. Reason: Must be between 1 and 9.
98: Invalid order. Reason: Must be between 1 and 9.
0
benchmarks/INST_100x100/10/inst100x100_10_77.txt : 18 ms.
--------------------------------------------------
1: Invalid order. Reason: Must be between 1 and 9.
11: Invalid order. Reason: Must be between 1 and 9.
13: Invalid order. Reason: Must be between 1 and 9.
16: Invalid order. Reason: Must be between 1 and 9.
38: Invalid order. Reason: Must be between 1 and 9.
42: Invalid order. Reason: Must be between 1 and 9.
48: Invalid order. Reason: Must be between 1 and 9.
88: Invalid order. Reason: Must be between 1 and 9.
90: Invalid order. Reason: Must be between 1 and 9.
0
benchmarks/INST_100x100/10/inst100x100_10_78.txt : 18 ms.
--------------------------------------------------
1: Invalid order. Reason: Must be between 1 and 9.
17: Invalid order. Reason: Must be between 1 and 9.
42: Invalid order. Reason: Must be between 1 and 9.
44: Invalid order. Reason: Must be between 1 and 9.
46: Invalid order. Reason: Must be between 1 and 9.
50: Invalid order. Reason: Must be between 1 and 9.
59: Invalid order. Reason: Must be between 1 and 9.
68: Invalid order. Reason: Must be between 1 and 9.
102: Incomplete Sudoku!
0
benchmarks/INST_100x100/10/inst100x100_10_79.txt : 22 ms.
--------------------------------------------------
1: Invalid order. Reason: Must be between 1 and 9.
13: Invalid order. Reason: Must be between 1 and 9.
17: Invalid order. Reason: Must be between 1 and 9.
69: Invalid order. Reason: Must be between 1 and 9.
79: Invalid order. Reason: Must be between 1 and 9.
88: Invalid order. Reason: Must be between 1 and 9.
91: Invalid order. Reason: Must be between 1 and 9.
93: Invalid order. Reason: Must be between 1 and 9.
0
benchmarks/INST_100x100/10/inst100x100_10_7.txt : 18 ms.
--------------------------------------------------
1: Invalid order. Reason: Must be between 1 and 9.
15: Invalid order. Reason: Must be between 1 and 9.
24: Invalid order. Reason: Must be between 1 and 9.
26: Invalid order. Reason: Must be between 1 and 9.
33: Invalid order. Reason: Must be between 1 and 9.
48: Invalid order. Reason: Must be between 1 and 9.
51: Invalid order. Reason: Must be between 1 and 9.
79: Invalid order. Reason: Must be between 1 and 9.
83: Invalid order. Reason: Must be between 1 and 9.
92: Invalid order. Reason: Must be between 1 and 9.
0
benchmarks/INST_100x100/10/inst100x100_10_80.txt : 23 ms.
--------------------------------------------------
1: Invalid order. Reason: Must be between 1 and 9.
4: Invalid order. Reason: Must be between 1 and 9.
52: Invalid order. Reason: Must be between 1 and 9.
55: Invalid order. Reason: Must be between 1 and 9.
56: Invalid order. Reason: Must be between 1 and 9.
58: Invalid order. Reason: Must be between 1 and 9.
60: Invalid order. Reason: Must be between 1 and 9.
71: Invalid order. Reason: Must be between 1 and 9.
73: Invalid order. Reason: Must be between 1 and 9.
91: Invalid order. Reason: Must be between 1 and 9.
102: Invalid order. Reason: Must be between 1 and 9.
0
benchmarks/INST_100x100/10/inst100x100_10_81.txt : 22 ms.
--------------------------------------------------
1: Invalid order. Reason: Must be between 1 and 9.
19: Invalid order. Reason: Must be between 1 and 9.
22: Invalid order. Reason: Must be between 1 and 9.
28: Invalid order. Reason: Must be between 1 and 9.
35: Invalid order. Reason: Must be between 1 and 9.
45: Invalid order. Reason: Must be between 1 and 9.
51: Invalid order. Reason: Must be between 1 and 9.
87: Invalid order. Reason: Must be between 1 and 9.
0
benchmarks/INST_100x100/10/inst100x100_10_82.txt : 20 ms.
--------------------------------------------------
1: Invalid order. Reason: Must be between 1 and 9.
5: Invalid order. Reason: Must be between 1 and 9.
39: Invalid order. Reason: Must be between 1 and 9.
42: Invalid order. Reason: Must be between 1 and 9.
55: Invalid order. Reason: Must be between 1 and 9.
60: Invalid order. Reason: Must be between 1 and 9.
75: Invalid order. Reason: Must be between 1 and 9.
78: Invalid order. Reason: Must be between 1 and 9.
82: Invalid order. Reason: Must be between 1 and 9.
85: Invalid order. Reason: Must be between 1 and 9.
89: Invalid order. Reason: Must be between 1 and 9.
0
benchmarks/INST_100x100/10/inst100x100_10_83.txt : 20 ms.
--------------------------------------------------
1: Invalid order. Reason: Must be between 1 and 9.
14: Invalid order. Reason: Must be between 1 and 9.
33: Invalid order. Reason: Must be between 1 and 9.
39: Invalid order. Reason: Must be between 1 and 9.
60: Invalid order. Reason: Must be between 1 and 9.
61: Invalid order. Reason: Must be between 1 and 9.
63: Invalid order. Reason: Must be between 1 and 9.
78: Invalid order. Reason: Must be between 1 and 9.
81: Invalid order. Reason: Must be between 1 and 9.
91: Invalid order. Reason: Must be between 1 and 9.
102: Invalid order. Reason: Must be between 1 and 9.
0
benchmarks/INST_100x100/10/inst100x100_10_84.txt : 21 ms.
--------------------------------------------------
1: Invalid order. Reason: Must be between 1 and 9.
20: Invalid order. Reason: Must be between 1 and 9.
51: Invalid order. Reason: Must be between 1 and 9.
53: Invalid order. Reason: Must be between 1 and 9.
85: Invalid order. Reason: Must be between 1 and 9.
90: Invalid order. Reason: Must be between 1 and 9.
92: Invalid order. Reason: Must be between 1 and 9.
0
benchmarks/INST_100x100/10/inst100x100_10_85.txt : 20 ms.
--------------------------------------------------
1: Invalid order. Reason: Must be between 1 and 9.
7: Invalid order. Reason: Must be between 1 and 9.
11: Invalid order. Reason: Must be between 1 and 9.
36: Invalid order. Reason: Must be between 1 and 9.
37: Invalid order. Reason: Must be between 1 and 9.
61: Invalid order. Reason: Must be between 1 and 9.
80: Invalid order. Reason: Must be between 1 and 9.
92: Invalid order. Reason: Must be between 1 and 9.
93: Invalid order. Reason: Must be between 1 and 9.
0
benchmarks/INST_100x100/10/inst100x100_10_86.txt : 20 ms.
--------------------------------------------------
1: Invalid order. Reason: Must be between 1 and 9.
16: Invalid order. Reason: Must be between 1 and 9.
17: Invalid order. Reason: Must be between 1 and 9.
31: Invalid order. Reason: Must be between 1 and 9.
41: Invalid order. Reason: Must be between 1 and 9.
64: Invalid order. Reason: Must be between 1 and 9.
65: Invalid order. Reason: Must be between 1 and 9.
67: Invalid order. Reason: Must be between 1 and 9.
85: Invalid order. Reason: Must be between 1 and 9.
0
benchmarks/INST_100x100/10/inst100x100_10_87.txt : 19 ms.
--------------------------------------------------
1: Invalid order. Reason: Must be between 1 and 9.
11: Invalid order. Reason: Must be between 1 and 9.
12: Invalid order. Reason: Must be between 1 and 9.
22: Invalid order. Reason: Must be between 1 and 9.
29: Invalid order. Reason: Must be between 1 and 9.
34: Invalid order. Reason: Must be between 1 and 9.
84: Invalid order. Reason: Must be between 1 and 9.
102: Invalid order. Reason: Must be between 1 and 9.
0
benchmarks/INST_100x100/10/inst100x100_10_88.txt : 20 ms.
--------------------------------------------------
1: Invalid order. Reason: Must be between 1 and 9.
12: Invalid order. Reason: Must be between 1 and 9.
13: Invalid order. Reason: Must be between 1 and 9.
15: Invalid order. Reason: Must be between 1 and 9.
19: Invalid order. Reason: Must be between 1 and 9.
29: Invalid order. Reason: Must be between 1 and 9.
39: Invalid order. Reason: Must be between 1 and 9.
48: Invalid order. Reason: Must be between 1 and 9.
58: Invalid order. Reason: Must be between 1 and 9.
61: Invalid order. Reason: Must be between 1 and 9.
92: Invalid order. Reason: Must be between 1 and 9.
95: Invalid order. Reason: Must be between 1 and 9.
98: Invalid order. Reason: Must be between 1 and 9.
0
benchmarks/INST_100x100/10/inst100x100_10_89.txt : 19 ms.
--------------------------------------------------
1: Invalid order. Reason: Must be between 1 and 9.
9: Invalid order. Reason: Must be between 1 and 9.
18: Invalid order. Reason: Must be between 1 and 9.
23: Invalid order. Reason: Must be between 1 and 9.
26: Invalid order. Reason: Must be between 1 and 9.
30: Invalid order. Reason: Must be between 1 and 9.
33: Invalid order. Reason: Must be between 1 and 9.
43: Invalid order. Reason: Must be between 1 and 9.
48: Invalid order. Reason: Must be between 1 and 9.
55: Invalid order. Reason: Must be between 1 and 9.
57: Invalid order. Reason: Must be between 1 and 9.
65: Invalid order. Reason: Must be between 1 and 9.
0
benchmarks/INST_100x100/10/inst100x100_10_8.txt : 21 ms.
--------------------------------------------------
1: Invalid order. Reason: Must be between 1 and 9.
12: Invalid order. Reason: Must be between 1 and 9.
14: Invalid order. Reason: Must be between 1 and 9.
29: Invalid order. Reason: Must be between 1 and 9.
102: Incomplete Sudoku!
0
benchmarks/INST_100x100/10/inst100x100_10_90.txt : 20 ms.
--------------------------------------------------
1: Invalid order. Reason: Must be between 1 and 9.
4: Invalid order. Reason: Must be between 1 and 9.
7: Invalid order. Reason: Must be between 1 and 9.
34: Invalid order. Reason: Must be between 1 and 9.
42: Invalid order. Reason: Must be between 1 and 9.
54: Invalid order. Reason: Must be between 1 and 9.
58: Invalid order. Reason: Must be between 1 and 9.
60: Invalid order. Reason: Must be between 1 and 9.
61: Invalid order. Reason: Must be between 1 and 9.
0
benchmarks/INST_100x100/10/inst100x100_10_91.txt : 17 ms.
--------------------------------------------------
1: Invalid order. Reason: Must be between 1 and 9.
35: Invalid order. Reason: Must be between 1 and 9.
59: Invalid order. Reason: Must be between 1 and 9.
60: Invalid order. Reason: Must be between 1 and 9.
85: Invalid order. Reason: Must be between 1 and 9.
86: Invalid order. Reason: Must be between 1 and 9.
0
benchmarks/INST_100x100/10/inst100x100_10_92.txt : 22 ms.
--------------------------------------------------
1: Invalid order. Reason: Must be between 1 and 9.
18: Invalid order. Reason: Must be between 1 and 9.
22: Invalid order. Reason: Must be between 1 and 9.
23: Invalid order. Reason: Must be between 1 and 9.
43: Invalid order. Reason: Must be between 1 and 9.
64: Invalid order. Reason: Must be between 1 and 9.
77: Invalid order. Reason: Must be between 1 and 9.
78: Invalid order. Reason: Must be between 1 and 9.
102: Incomplete Sudoku!
0
benchmarks/INST_100x100/10/inst100x100_10_93.txt : 19 ms.
--------------------------------------------------
1: Invalid order. Reason: Must be between 1 and 9.
7: Invalid order. Reason: Must be between 1 and 9.
102: Incomplete Sudoku!
0
benchmarks/INST_100x100/10/inst100x100_10_94.txt : 24 ms.
--------------------------------------------------
1: Invalid order. Reason: Must be between 1 and 9.
5: Invalid order. Reason: Must be between 1 and 9.
8: Invalid order. Reason: Must be between 1 and 9.
21: Invalid order. Reason: Must be between 1 and 9.
40: Invalid order. Reason: Must be between 1 and 9.
41: Invalid order. Reason: Must be between 1 and 9.
46: Invalid order. Reason: Must be between 1 and 9.
59: Invalid order. Reason: Must be between 1 and 9.
76: Invalid order. Reason: Must be between 1 and 9.
77: Invalid order. Reason: Must be between 1 and 9.
91: Invalid order. Reason: Must be between 1 and 9.
100: Invalid order. Reason: Must be between 1 and 9.
run.sh: line 11: 264850 Floating point exception./solvers/sudoku_ils/build/ilsSolver --instanceFile $file --timeLimit $time_t --mcProbability 100 --iterationLimit 1000 --tabuListSize 0.05 --alpha 0.8 --acceptanceProb 15 --outfile output.txt --logfile log.txt
benchmarks/INST_100x100/10/inst100x100_10_95.txt : 21 ms.
--------------------------------------------------
1: Invalid order. Reason: Must be between 1 and 9.
8: Invalid order. Reason: Must be between 1 and 9.
28: Invalid order. Reason: Must be between 1 and 9.
97: Invalid order. Reason: Must be between 1 and 9.
0
benchmarks/INST_100x100/10/inst100x100_10_96.txt : 25 ms.
--------------------------------------------------
1: Invalid order. Reason: Must be between 1 and 9.
4: Invalid order. Reason: Must be between 1 and 9.
17: Invalid order. Reason: Must be between 1 and 9.
0
benchmarks/INST_100x100/10/inst100x100_10_97.txt : 26 ms.
--------------------------------------------------
1: Invalid order. Reason: Must be between 1 and 9.
8: Invalid order. Reason: Must be between 1 and 9.
14: Invalid order. Reason: Must be between 1 and 9.
21: Invalid order. Reason: Must be between 1 and 9.
30: Invalid order. Reason: Must be between 1 and 9.
31: Invalid order. Reason: Must be between 1 and 9.
51: Invalid order. Reason: Must be between 1 and 9.
94: Invalid order. Reason: Must be between 1 and 9.
96: Invalid order. Reason: Must be between 1 and 9.
0
benchmarks/INST_100x100/10/inst100x100_10_98.txt : 18 ms.
--------------------------------------------------
1: Invalid order. Reason: Must be between 1 and 9.
7: Invalid order. Reason: Must be between 1 and 9.
22: Invalid order. Reason: Must be between 1 and 9.
26: Invalid order. Reason: Must be between 1 and 9.
32: Invalid order. Reason: Must be between 1 and 9.
49: Invalid order. Reason: Must be between 1 and 9.
66: Invalid order. Reason: Must be between 1 and 9.
71: Invalid order. Reason: Must be between 1 and 9.
83: Invalid order. Reason: Must be between 1 and 9.
90: Invalid order. Reason: Must be between 1 and 9.
92: Invalid order. Reason: Must be between 1 and 9.
0
benchmarks/INST_100x100/10/inst100x100_10_99.txt : 21 ms.
--------------------------------------------------
1: Invalid order. Reason: Must be between 1 and 9.
30: Invalid order. Reason: Must be between 1 and 9.
33: Invalid order. Reason: Must be between 1 and 9.
41: Invalid order. Reason: Must be between 1 and 9.
45: Invalid order. Reason: Must be between 1 and 9.
47: Invalid order. Reason: Must be between 1 and 9.
56: Invalid order. Reason: Must be between 1 and 9.
66: Invalid order. Reason: Must be between 1 and 9.
78: Invalid order. Reason: Must be between 1 and 9.
82: Invalid order. Reason: Must be between 1 and 9.
0
benchmarks/INST_100x100/10/inst100x100_10_9.txt : 20 ms.
