--------------------------------------------------
1: Invalid order. Reason: Must be between 1 and 9.
77: Invalid order. Reason: Must be between 1 and 9.
79: Invalid order. Reason: Must be between 1 and 9.
80: Invalid order. Reason: Must be between 1 and 9.
81: Invalid order. Reason: Must be between 1 and 9.
91: Invalid order. Reason: Must be between 1 and 9.
99: Invalid order. Reason: Must be between 1 and 9.
run.sh: line 11: 259936 Floating point exception(core dumped) ./solvers/sudoku_ils/build/ilsSolver --instanceFile $file --timeLimit $time_t --mcProbability 100 --iterationLimit 1000 --tabuListSize 0.05 --alpha 0.8 --acceptanceProb 15 --outfile output.txt --logfile log.txt
benchmarks/INST_100x100/20/inst100x100_20_0.txt : 44 ms.
--------------------------------------------------
1: Invalid order. Reason: Must be between 1 and 9.
5: Invalid order. Reason: Must be between 1 and 9.
6: Invalid order. Reason: Must be between 1 and 9.
9: Invalid order. Reason: Must be between 1 and 9.
14: Invalid order. Reason: Must be between 1 and 9.
32: Invalid order. Reason: Must be between 1 and 9.
37: Invalid order. Reason: Must be between 1 and 9.
40: Invalid order. Reason: Must be between 1 and 9.
44: Invalid order. Reason: Must be between 1 and 9.
47: Invalid order. Reason: Must be between 1 and 9.
52: Invalid order. Reason: Must be between 1 and 9.
59: Invalid order. Reason: Must be between 1 and 9.
61: Invalid order. Reason: Must be between 1 and 9.
64: Invalid order. Reason: Must be between 1 and 9.
65: Invalid order. Reason: Must be between 1 and 9.
66: Invalid order. Reason: Must be between 1 and 9.
71: Invalid order. Reason: Must be between 1 and 9.
72: Invalid order. Reason: Must be between 1 and 9.
73: Invalid order. Reason: Must be between 1 and 9.
76: Invalid order. Reason: Must be between 1 and 9.
79: Invalid order. Reason: Must be between 1 and 9.
80: Invalid order. Reason: Must be between 1 and 9.
88: Invalid order. Reason: Must be between 1 and 9.
90: Invalid order. Reason: Must be between 1 and 9.
96: Invalid order. Reason: Must be between 1 and 9.
97: Invalid order. Reason: Must be between 1 and 9.
100: Invalid order. Reason: Must be between 1 and 9.
0
benchmarks/INST_100x100/20/inst100x100_20_10.txt : 12 ms.
--------------------------------------------------
1: Invalid order. Reason: Must be between 1 and 9.
8: Invalid order. Reason: Must be between 1 and 9.
11: Invalid order. Reason: Must be between 1 and 9.
26: Invalid order. Reason: Must be between 1 and 9.
29: Invalid order. Reason: Must be between 1 and 9.
38: Invalid order. Reason: Must be between 1 and 9.
39: Invalid order. Reason: Must be between 1 and 9.
49: Invalid order. Reason: Must be between 1 and 9.
56: Invalid order. Reason: Must be between 1 and 9.
81: Invalid order. Reason: Must be between 1 and 9.
83: Invalid order. Reason: Must be between 1 and 9.
88: Invalid order. Reason: Must be between 1 and 9.
89: Invalid order. Reason: Must be between 1 and 9.
91: Invalid order. Reason: Must be between 1 and 9.
93: Invalid order. Reason: Must be between 1 and 9.
99: Invalid order. Reason: Must be between 1 and 9.
0
benchmarks/INST_100x100/20/inst100x100_20_11.txt : 13 ms.
--------------------------------------------------
1: Invalid order. Reason: Must be between 1 and 9.
52: Invalid order. Reason: Must be between 1 and 9.
53: Invalid order. Reason: Must be between 1 and 9.
66: Invalid order. Reason: Must be between 1 and 9.
67: Invalid order. Reason: Must be between 1 and 9.
68: Invalid order. Reason: Must be between 1 and 9.
76: Invalid order. Reason: Must be between 1 and 9.
80: Invalid order. Reason: Must be between 1 and 9.
85: Invalid order. Reason: Must be between 1 and 9.
87: Invalid order. Reason: Must be between 1 and 9.
90: Invalid order. Reason: Must be between 1 and 9.
102: Incomplete Sudoku!
run.sh: line 11: 260099 Floating point exception./solvers/sudoku_ils/build/ilsSolver --instanceFile $file --timeLimit $time_t --mcProbability 100 --iterationLimit 1000 --tabuListSize 0.05 --alpha 0.8 --acceptanceProb 15 --outfile output.txt --logfile log.txt
benchmarks/INST_100x100/20/inst100x100_20_12.txt : 30 ms.
--------------------------------------------------
1: Invalid order. Reason: Must be between 1 and 9.
22: Invalid order. Reason: Must be between 1 and 9.
37: Invalid order. Reason: Must be between 1 and 9.
48: Invalid order. Reason: Must be between 1 and 9.
50: Invalid order. Reason: Must be between 1 and 9.
54: Invalid order. Reason: Must be between 1 and 9.
56: Invalid order. Reason: Must be between 1 and 9.
62: Invalid order. Reason: Must be between 1 and 9.
65: Invalid order. Reason: Must be between 1 and 9.
102: Incomplete Sudoku!
0
benchmarks/INST_100x100/20/inst100x100_20_13.txt : 18 ms.
--------------------------------------------------
1: Invalid order. Reason: Must be between 1 and 9.
7: Invalid order. Reason: Must be between 1 and 9.
20: Invalid order. Reason: Must be between 1 and 9.
31: Invalid order. Reason: Must be between 1 and 9.
34: Invalid order. Reason: Must be between 1 and 9.
36: Invalid order. Reason: Must be between 1 and 9.
37: Invalid order. Reason: Must be between 1 and 9.
39: Invalid order. Reason: Must be between 1 and 9.
40: Invalid order. Reason: Must be between 1 and 9.
41: Invalid order. Reason: Must be between 1 and 9.
44: Invalid order. Reason: Must be between 1 and 9.
74: Invalid order. Reason: Must be between 1 and 9.
78: Invalid order. Reason: Must be between 1 and 9.
84: Invalid order. Reason: Must be between 1 and 9.
86: Invalid order. Reason: Must be between 1 and 9.
87: Invalid order. Reason: Must be between 1 and 9.
89: Invalid order. Reason: Must be between 1 and 9.
91: Invalid order. Reason: Must be between 1 and 9.
94: Invalid order. Reason: Must be between 1 and 9.
98: Invalid order. Reason: Must be between 1 and 9.
102: Invalid order. Reason: Must be between 1 and 9.
0
benchmarks/INST_100x100/20/inst100x100_20_14.txt : 22 ms.
--------------------------------------------------
1: Invalid order. Reason: Must be between 1 and 9.
13: Invalid order. Reason: Must be between 1 and 9.
14: Invalid order. Reason: Must be between 1 and 9.
20: Invalid order. Reason: Must be between 1 and 9.
27: Invalid order. Reason: Must be between 1 and 9.
37: Invalid order. Reason: Must be between 1 and 9.
48: Invalid order. Reason: Must be between 1 and 9.
53: Invalid order. Reason: Must be between 1 and 9.
54: Invalid order. Reason: Must be between 1 and 9.
56: Invalid order. Reason: Must be between 1 and 9.
59: Invalid order. Reason: Must be between 1 and 9.
62: Invalid order. Reason: Must be between 1 and 9.
86: Invalid order. Reason: Must be between 1 and 9.
87: Invalid order. Reason: Must be between 1 and 9.
90: Invalid order. Reason: Must be between 1 and 9.
0
benchmarks/INST_100x100/20/inst100x100_20_15.txt : 21 ms.
--------------------------------------------------
1: Invalid order. Reason: Must be between 1 and 9.
10: Invalid order. Reason: Must be between 1 and 9.
17: Invalid order. Reason: Must be between 1 and 9.
27: Invalid order. Reason: Must be between 1 and 9.
39: Invalid order. Reason: Must be between 1 and 9.
46: Invalid order. Reason: Must be between 1 and 9.
47: Invalid order. Reason: Must be between 1 and 9.
48: Invalid order. Reason: Must be between 1 and 9.
55: Invalid order. Reason: Must be between 1 and 9.
57: Invalid order. Reason: Must be between 1 and 9.
58: Invalid order. Reason: Must be between 1 and 9.
62: Invalid order. Reason: Must be between 1 and 9.
75: Invalid order. Reason: Must be between 1 and 9.
88: Invalid order. Reason: Must be between 1 and 9.
95: Invalid order. Reason: Must be between 1 and 9.
0
benchmarks/INST_100x100/20/inst100x100_20_16.txt : 23 ms.
--------------------------------------------------
1: Invalid order. Reason: Must be between 1 and 9.
13: Invalid order. Reason: Must be between 1 and 9.
30: Invalid order. Reason: Must be between 1 and 9.
36: Invalid order. Reason: Must be between 1 and 9.
39: Invalid order. Reason: Must be between 1 and 9.
42: Invalid order. Reason: Must be between 1 and 9.
48: Invalid order. Reason: Must be between 1 and 9.
49: Invalid order. Reason: Must be between 1 and 9.
52: Invalid order. Reason: Must be between 1 and 9.
102: Incomplete Sudoku!
0
benchmarks/INST_100x100/20/inst100x100_20_17.txt : 23 ms.
--------------------------------------------------
1: Invalid order. Reason: Must be between 1 and 9.
4: Invalid order. Reason: Must be between 1 and 9.
8: Invalid order. Reason: Must be between 1 and 9.
9: Invalid order. Reason: Must be between 1 and 9.
17: Invalid order. Reason: Must be between 1 and 9.
20: Invalid order. Reason: Must be between 1 and 9.
22: Invalid order. Reason: Must be between 1 and 9.
25: Invalid order. Reason: Must be between 1 and 9.
38: Invalid order. Reason: Must be between 1 and 9.
39: Invalid order. Reason: Must be between 1 and 9.
42: Invalid order. Reason: Must be between 1 and 9.
47: Invalid order. Reason: Must be between 1 and 9.
58: Invalid order. Reason: Must be between 1 and 9.
67: Invalid order. Reason: Must be between 1 and 9.
69: Invalid order. Reason: Must be between 1 and 9.
72: Invalid order. Reason: Must be between 1 and 9.
77: Invalid order. Reason: Must be between 1 and 9.
78: Invalid order. Reason: Must be between 1 and 9.
92: Invalid order. Reason: Must be between 1 and 9.
102: Invalid order. Reason: Must be between 1 and 9.
0
benchmarks/INST_100x100/20/inst100x100_20_18.txt : 18 ms.
--------------------------------------------------
1: Invalid order. Reason: Must be between 1 and 9.
11: Invalid order. Reason: Must be between 1 and 9.
12: Invalid order. Reason: Must be between 1 and 9.
19: Invalid order. Reason: Must be between 1 and 9.
22: Invalid order. Reason: Must be between 1 and 9.
102: Incomplete Sudoku!
run.sh: line 11: 260480 Floating point exception./solvers/sudoku_ils/build/ilsSolver --instanceFile $file --timeLimit $time_t --mcProbability 100 --iterationLimit 1000 --tabuListSize 0.05 --alpha 0.8 --acceptanceProb 15 --outfile output.txt --logfile log.txt
benchmarks/INST_100x100/20/inst100x100_20_19.txt : 31 ms.
--------------------------------------------------
1: Invalid order. Reason: Must be between 1 and 9.
4: Invalid order. Reason: Must be between 1 and 9.
7: Invalid order. Reason: Must be between 1 and 9.
8: Invalid order. Reason: Must be between 1 and 9.
20: Invalid order. Reason: Must be between 1 and 9.
22: Invalid order. Reason: Must be between 1 and 9.
31: Invalid order. Reason: Must be between 1 and 9.
40: Invalid order. Reason: Must be between 1 and 9.
43: Invalid order. Reason: Must be between 1 and 9.
59: Invalid order. Reason: Must be between 1 and 9.
64: Invalid order. Reason: Must be between 1 and 9.
76: Invalid order. Reason: Must be between 1 and 9.
83: Invalid order. Reason: Must be between 1 and 9.
94: Invalid order. Reason: Must be between 1 and 9.
0
benchmarks/INST_100x100/20/inst100x100_20_1.txt : 19 ms.
--------------------------------------------------
1: Invalid order. Reason: Must be between 1 and 9.
11: Invalid order. Reason: Must be between 1 and 9.
20: Invalid order. Reason: Must be between 1 and 9.
21: Invalid order. Reason: Must be between 1 and 9.
23: Invalid order. Reason: Must be between 1 and 9.
25: Invalid order. Reason: Must be between 1 and 9.
30: Invalid order. Reason: Must be between 1 and 9.
32: Invalid order. Reason: Must be between 1 and 9.
40: Invalid order. Reason: Must be between 1 and 9.
45: Invalid order. Reason: Must be between 1 and 9.
50: Invalid order. Reason: Must be between 1 and 9.
69: Invalid order. Reason: Must be between 1 and 9.
72: Invalid order. Reason: Must be between 1 and 9.
79: Invalid order. Reason: Must be between 1 and 9.
80: Invalid order. Reason: Must be between 1 and 9.
93: Invalid order. Reason: Must be between 1 and 9.
100: Invalid order. Reason: Must be between 1 and 9.
run.sh: line 11: 260594 Floating point exception(core dumped) ./solvers/sudoku_ils/build/ilsSolver --instanceFile $file --timeLimit $time_t --mcProbability 100 --iterationLimit 1000 --tabuListSize 0.05 --alpha 0.8 --acceptanceProb 15 --outfile output.txt --logfile log.txt
benchmarks/INST_100x100/20/inst100x100_20_20.txt : 47 ms.
--------------------------------------------------
1: Invalid order. Reason: Must be between 1 and 9.
20: Invalid order. Reason: Must be between 1 and 9.
21: Invalid order. Reason: Must be between 1 and 9.
26: Invalid order. Reason: Must be between 1 and 9.
30: Invalid order. Reason: Must be between 1 and 9.
34: Invalid order. Reason: Must be between 1 and 9.
36: Invalid order. Reason: Must be between 1 and 9.
37: Invalid order. Reason: Must be between 1 and 9.
41: Invalid order. Reason: Must be between 1 and 9.
44: Invalid order. Reason: Must be between 1 and 9.
50: Invalid order. Reason: Must be between 1 and 9.
57: Invalid order. Reason: Must be between 1 and 9.
68: Invalid order. Reason: Must be between 1 and 9.
73: Invalid order. Reason: Must be between 1 and 9.
76: Invalid order. Reason: Must be between 1 and 9.
99: Invalid order. Reason: Must be between 1 and 9.
0
benchmarks/INST_100x100/20/inst100x100_20_21.txt : 19 ms.
--------------------------------------------------
1: Invalid order. Reason: Must be between 1 and 9.
14: Invalid order. Reason: Must be between 1 and 9.
17: Invalid order. Reason: Must be between 1 and 9.
22: Invalid order. Reason: Must be between 1 and 9.
23: Invalid order. Reason: Must be between 1 and 9.
27: Invalid order. Reason: Must be between 1 and 9.
81: Invalid order. Reason: Must be between 1 and 9.
83: Invalid order. Reason: Must be between 1 and 9.
91: Invalid order. Reason: Must be between 1 and 9.
102: Invalid order. Reason: Must be between 1 and 9.
0
benchmarks/INST_100x100/20/inst100x100_20_22.txt : 23 ms.
--------------------------------------------------
1: Invalid order. Reason: Must be between 1 and 9.
6: Invalid order. Reason: Must be between 1 and 9.
9: Invalid order. Reason: Must be between 1 and 9.
15: Invalid order. Reason: Must be between 1 and 9.
16: Invalid order. Reason: Must be between 1 and 9.
20: Invalid order. Reason: Must be between 1 and 9.
28: Invalid order. Reason: Must be between 1 and 9.
31: Invalid order. Reason: Must be between 1 and 9.
37: Invalid order. Reason: Must be between 1 and 9.
38: Invalid order. Reason: Must be between 1 and 9.
40: Invalid order. Reason: Must be between 1 and 9.
44: Invalid order. Reason: Must be between 1 and 9.
47: Invalid order. Reason: Must be between 1 and 9.
71: Invalid order. Reason: Must be between 1 and 9.
77: Invalid order. Reason: Must be between 1 and 9.
82: Invalid order. Reason: Must be between 1 and 9.
84: Invalid order. Reason: Must be between 1 and 9.
85: Invalid order. Reason: Must be between 1 and 9.
100: Invalid order. Reason: Must be between 1 and 9.
0
benchmarks/INST_100x100/20/inst100x100_20_23.txt : 22 ms.
--------------------------------------------------
1: Invalid order. Reason: Must be between 1 and 9.
9: Invalid order. Reason: Must be between 1 and 9.
33: Invalid order. Reason: Must be between 1 and 9.
34: Invalid order. Reason: Must be between 1 and 9.
36: Invalid order. Reason: Must be between 1 and 9.
42: Invalid order. Reason: Must be between 1 and 9.
46: Invalid order. Reason: Must be between 1 and 9.
57: Invalid order. Reason: Must be between 1 and 9.
86: Invalid order. Reason: Must be between 1 and 9.
87: Invalid order. Reason: Must be between 1 and 9.
90: Invalid order. Reason: Must be between 1 and 9.
94: Invalid order. Reason: Must be between 1 and 9.
97: Invalid order. Reason: Must be between 1 and 9.
102: Invalid order. Reason: Must be between 1 and 9.
0
benchmarks/INST_100x100/20/inst100x100_20_24.txt : 20 ms.
--------------------------------------------------
1: Invalid order. Reason: Must be between 1 and 9.
11: Invalid order. Reason: Must be between 1 and 9.
17: Invalid order. Reason: Must be between 1 and 9.
20: Invalid order. Reason: Must be between 1 and 9.
25: Invalid order. Reason: Must be between 1 and 9.
28: Invalid order. Reason: Must be between 1 and 9.
30: Invalid order. Reason: Must be between 1 and 9.
80: Invalid order. Reason: Must be between 1 and 9.
83: Invalid order. Reason: Must be between 1 and 9.
86: Invalid order. Reason: Must be between 1 and 9.
92: Invalid order. Reason: Must be between 1 and 9.
102: Incomplete Sudoku!
0
benchmarks/INST_100x100/20/inst100x100_20_25.txt : 24 ms.
--------------------------------------------------
1: Invalid order. Reason: Must be between 1 and 9.
8: Invalid order. Reason: Must be between 1 and 9.
24: Invalid order. Reason: Must be between 1 and 9.
29: Invalid order. Reason: Must be between 1 and 9.
0
benchmarks/INST_100x100/20/inst100x100_20_26.txt : 25 ms.
--------------------------------------------------
1: Invalid order. Reason: Must be between 1 and 9.
7: Invalid order. Reason: Must be between 1 and 9.
14: Invalid order. Reason: Must be between 1 and 9.
20: Invalid order. Reason: Must be between 1 and 9.
35: Invalid order. Reason: Must be between 1 and 9.
86: Invalid order. Reason: Must be between 1 and 9.
87: Invalid order. Reason: Must be between 1 and 9.
102: Incomplete Sudoku!
run.sh: line 11: 261028 Floating point exception./solvers/sudoku_ils/build/ilsSolver --instanceFile $file --timeLimit $time_t --mcProbability 100 --iterationLimit 1000 --tabuListSize 0.05 --alpha 0.8 --acceptanceProb 15 --outfile output.txt --logfile log.txt
benchmarks/INST_100x100/20/inst100x100_20_27.txt : 28 ms.
--------------------------------------------------
1: Invalid order. Reason: Must be between 1 and 9.
4: Invalid order. Reason: Must be between 1 and 9.
7: Invalid order. Reason: Must be between 1 and 9.
8: Invalid order. Reason: Must be between 1 and 9.
11: Invalid order. Reason: Must be between 1 and 9.
12: Invalid order. Reason: Must be between 1 and 9.
17: Invalid order. Reason: Must be between 1 and 9.
28: Invalid order. Reason: Must be between 1 and 9.
31: Invalid order. Reason: Must be between 1 and 9.
36: Invalid order. Reason: Must be between 1 and 9.
40: Invalid order. Reason: Must be between 1 and 9.
42: Invalid order. Reason: Must be between 1 and 9.
46: Invalid order. Reason: Must be between 1 and 9.
48: Invalid order. Reason: Must be between 1 and 9.
51: Invalid order. Reason: Must be between 1 and 9.
56: Invalid order. Reason: Must be between 1 and 9.
57: Invalid order. Reason: Must be between 1 and 9.
80: Invalid order. Reason: Must be between 1 and 9.
83: Invalid order. Reason: Must be between 1 and 9.
90: Invalid order. Reason: Must be between 1 and 9.
93: Invalid order. Reason: Must be between 1 and 9.
run.sh: line 11: 261093 Floating point exception(core dumped) ./solvers/sudoku_ils/build/ilsSolver --instanceFile $file --timeLimit $time_t --mcProbability 100 --iterationLimit 1000 --tabuListSize 0.05 --alpha 0.8 --acceptanceProb 15 --outfile output.txt --logfile log.txt
benchmarks/INST_100x100/20/inst100x100_20_28.txt : 44 ms.
--------------------------------------------------
1: Invalid order. Reason: Must be between 1 and 9.
6: Invalid order. Reason: Must be between 1 and 9.
7: Invalid order. Reason: Must be between 1 and 9.
11: Invalid order. Reason: Must be between 1 and 9.
15: Invalid order. Reason: Must be between 1 and 9.
22: Invalid order. Reason: Must be between 1 and 9.
24: Invalid order. Reason: Must be between 1 and 9.
33: Invalid order. Reason: Must be between 1 and 9.
35: Invalid order. Reason: Must be between 1 and 9.
37: Invalid order. Reason: Must be between 1 and 9.
39: Invalid order. Reason: Must be between 1 and 9.
43: Invalid order. Reason: Must be between 1 and 9.
71: Invalid order. Reason: Must be between 1 and 9.
75: Invalid order. Reason: Must be between 1 and 9.
78: Invalid order. Reason: Must be between 1 and 9.
79: Invalid order. Reason: Must be between 1 and 9.
83: Invalid order. Reason: Must be between 1 and 9.
88: Invalid order. Reason: Must be between 1 and 9.
92: Invalid order. Reason: Must be between 1 and 9.
102: Incomplete Sudoku!
run.sh: line 11: 261183 Floating point exception(core dumped) ./solvers/sudoku_ils/build/ilsSolver --instanceFile $file --timeLimit $time_t --mcProbability 100 --iterationLimit 1000 --tabuListSize 0.05 --alpha 0.8 --acceptanceProb 15 --outfile output.txt --logfile log.txt
benchmarks/INST_100x100/20/inst100x100_20_29.txt : 53 ms.
--------------------------------------------------
1: Invalid order. Reason: Must be between 1 and 9.
10: Invalid order. Reason: Must be between 1 and 9.
12: Invalid order. Reason: Must be between 1 and 9.
15: Invalid order. Reason: Must be between 1 and 9.
20: Invalid order. Reason: Must be between 1 and 9.
44: Invalid order. Reason: Must be between 1 and 9.
55: Invalid order. Reason: Must be between 1 and 9.
64: Invalid order. Reason: Must be between 1 and 9.
66: Invalid order. Reason: Must be between 1 and 9.
102: Incomplete Sudoku!
0
benchmarks/INST_100x100/20/inst100x100_20_2.txt : 23 ms.
--------------------------------------------------
1: Invalid order. Reason: Must be between 1 and 9.
5: Invalid order. Reason: Must be between 1 and 9.
12: Invalid order. Reason: Must be between 1 and 9.
17: Invalid order. Reason: Must be between 1 and 9.
18: Invalid order. Reason: Must be between 1 and 9.
19: Invalid order. Reason: Must be between 1 and 9.
31: Invalid order. Reason: Must be between 1 and 9.
35: Invalid order. Reason: Must be between 1 and 9.
38: Invalid order. Reason: Must be between 1 and 9.
45: Invalid order. Reason: Must be between 1 and 9.
102: Incomplete Sudoku!
0
benchmarks/INST_100x100/20/inst100x100_20_30.txt : 23 ms.
--------------------------------------------------
1: Invalid order. Reason: Must be between 1 and 9.
98: Invalid order. Reason: Must be between 1 and 9.
99: Invalid order. Reason: Must be between 1 and 9.
0
benchmarks/INST_100x100/20/inst100x100_20_31.txt : 24 ms.
--------------------------------------------------
1: Invalid order. Reason: Must be between 1 and 9.
9: Invalid order. Reason: Must be between 1 and 9.
17: Invalid order. Reason: Must be between 1 and 9.
25: Invalid order. Reason: Must be between 1 and 9.
31: Invalid order. Reason: Must be between 1 and 9.
35: Invalid order. Reason: Must be between 1 and 9.
44: Invalid order. Reason: Must be between 1 and 9.
50: Invalid order. Reason: Must be between 1 and 9.
51: Invalid order. Reason: Must be between 1 and 9.
52: Invalid order. Reason: Must be between 1 and 9.
53: Invalid order. Reason: Must be between 1 and 9.
56: Invalid order. Reason: Must be between 1 and 9.
0
benchmarks/INST_100x100/20/inst100x100_20_32.txt : 21 ms.
--------------------------------------------------
1: Invalid order. Reason: Must be between 1 and 9.
8: Invalid order. Reason: Must be between 1 and 9.
10: Invalid order. Reason: Must be between 1 and 9.
16: Invalid order. Reason: Must be between 1 and 9.
18: Invalid order. Reason: Must be between 1 and 9.
26: Invalid order. Reason: Must be between 1 and 9.
27: Invalid order. Reason: Must be between 1 and 9.
29: Invalid order. Reason: Must be between 1 and 9.
30: Invalid order. Reason: Must be between 1 and 9.
33: Invalid order. Reason: Must be between 1 and 9.
34: Invalid order. Reason: Must be between 1 and 9.
35: Invalid order. Reason: Must be between 1 and 9.
44: Invalid order. Reason: Must be between 1 and 9.
49: Invalid order. Reason: Must be between 1 and 9.
102: Incomplete Sudoku!
0
benchmarks/INST_100x100/20/inst100x100_20_33.txt : 22 ms.
--------------------------------------------------
1: Invalid order. Reason: Must be between 1 and 9.
6: Invalid order. Reason: Must be between 1 and 9.
9: Invalid order. Reason: Must be between 1 and 9.
13: Invalid order. Reason: Must be between 1 and 9.
16: Invalid order. Reason: Must be between 1 and 9.
24: Invalid order. Reason: Must be between 1 and 9.
26: Invalid order. Reason: Must be between 1 and 9.
28: Invalid order. Reason: Must be between 1 and 9.
30: Invalid order. Reason: Must be between 1 and 9.
32: Invalid order. Reason: Must be between 1 and 9.
102: Incomplete Sudoku!
0
benchmarks/INST_100x100/20/inst100x100_20_34.txt : 19 ms.
--------------------------------------------------
1: Invalid order. Reason: Must be between 1 and 9.
12: Invalid order. Reason: Must be between 1 and 9.
14: Invalid order. Reason: Must be between 1 and 9.
17: Invalid order. Reason: Must be between 1 and 9.
20: Invalid order. Reason: Must be between 1 and 9.
21: Invalid order. Reason: Must be between 1 and 9.
102: Incomplete Sudoku!
0
benchmarks/INST_100x100/20/inst100x100_20_35.txt : 22 ms.
--------------------------------------------------
1: Invalid order. Reason: Must be between 1 and 9.
4: Invalid order. Reason: Must be between 1 and 9.
7: Invalid order. Reason: Must be between 1 and 9.
18: Invalid order. Reason: Must be between 1 and 9.
21: Invalid order. Reason: Must be between 1 and 9.
24: Invalid order. Reason: Must be between 1 and 9.
27: Invalid order. Reason: Must be between 1 and 9.
33: Invalid order. Reason: Must be between 1 and 9.
39: Invalid order. Reason: Must be between 1 and 9.
49: Invalid order. Reason: Must be between 1 and 9.
56: Invalid order. Reason: Must be between 1 and 9.
94: Invalid order. Reason: Must be between 1 and 9.
95: Invalid order. Reason: Must be between 1 and 9.
102: Incomplete Sudoku!
0
benchmarks/INST_100x100/20/inst100x100_20_36.txt : 19 ms.
--------------------------------------------------
1: Invalid order. Reason: Must be between 1 and 9.
6: Invalid order. Reason: Must be between 1 and 9.
9: Invalid order. Reason: Must be between 1 and 9.
11: Invalid order. Reason: Must be between 1 and 9.
33: Invalid order. Reason: Must be between 1 and 9.
36: Invalid order. Reason: Must be between 1 and 9.
57: Invalid order. Reason: Must be between 1 and 9.
60: Invalid order. Reason: Must be between 1 and 9.
67: Invalid order. Reason: Must be between 1 and 9.
73: Invalid order. Reason: Must be between 1 and 9.
75: Invalid order. Reason: Must be between 1 and 9.
82: Invalid order. Reason: Must be between 1 and 9.
83: Invalid order. Reason: Must be between 1 and 9.
102: Incomplete Sudoku!
0
benchmarks/INST_100x100/20/inst100x100_20_37.txt : 22 ms.
--------------------------------------------------
1: Invalid order. Reason: Must be between 1 and 9.
6: Invalid order. Reason: Must be between 1 and 9.
0
benchmarks/INST_100x100/20/inst100x100_20_38.txt : 29 ms.
--------------------------------------------------
1: Invalid order. Reason: Must be between 1 and 9.
10: Invalid order. Reason: Must be between 1 and 9.
18: Invalid order. Reason: Must be between 1 and 9.
22: Invalid order. Reason: Must be between 1 and 9.
24: Invalid order. Reason: Must be between 1 and 9.
102: Incomplete Sudoku!
0
benchmarks/INST_100x100/20/inst100x100_20_39.txt : 25 ms.
--------------------------------------------------
1: Invalid order. Reason: Must be between 1 and 9.
7: Invalid order. Reason: Must be between 1 and 9.
9: Invalid order. Reason: Must be between 1 and 9.
15: Invalid order. Reason: Must be between 1 and 9.
19: Invalid order. Reason: Must be between 1 and 9.
25: Invalid order. Reason: Must be between 1 and 9.
33: Invalid order. Reason: Must be between 1 and 9.
39: Invalid order. Reason: Must be between 1 and 9.
40: Invalid order. Reason: Must be between 1 and 9.
42: Invalid order. Reason: Must be between 1 and 9.
61: Invalid order. Reason: Must be between 1 and 9.
64: Invalid order. Reason: Must be between 1 and 9.
68: Invalid order. Reason: Must be between 1 and 9.
76: Invalid order. Reason: Must be between 1 and 9.
79: Invalid order. Reason: Must be between 1 and 9.
80: Invalid order. Reason: Must be between 1 and 9.
84: Invalid order. Reason: Must be between 1 and 9.
89: Invalid order. Reason: Must be between 1 and 9.
93: Invalid order. Reason: Must be between 1 and 9.
97: Invalid order. Reason: Must be between 1 and 9.
100: Invalid order. Reason: Must be between 1 and 9.
0
benchmarks/INST_100x100/20/inst100x100_20_3.txt : 19 ms.
--------------------------------------------------
1: Invalid order. Reason: Must be between 1 and 9.
4: Invalid order. Reason: Must be between 1 and 9.
5: Invalid order. Reason: Must be between 1 and 9.
17: Invalid order. Reason: Must be between 1 and 9.
19: Invalid order. Reason: Must be between 1 and 9.
21: Invalid order. Reason: Must be between 1 and 9.
22: Invalid order. Reason: Must be between 1 and 9.
26: Invalid order. Reason: Must be between 1 and 9.
30: Invalid order. Reason: Must be between 1 and 9.
49: Invalid order. Reason: Must be between 1 and 9.
52: Invalid order. Reason: Must be between 1 and 9.
53: Invalid order. Reason: Must be between 1 and 9.
54: Invalid order. Reason: Must be between 1 and 9.
65: Invalid order. Reason: Must be between 1 and 9.
70: Invalid order. Reason: Must be between 1 and 9.
72: Invalid order. Reason: Must be between 1 and 9.
80: Invalid order. Reason: Must be between 1 and 9.
83: Invalid order. Reason: Must be between 1 and 9.
102: Incomplete Sudoku!
0
benchmarks/INST_100x100/20/inst100x100_20_40.txt : 18 ms.
--------------------------------------------------
1: Invalid order. Reason: Must be between 1 and 9.
7: Invalid order. Reason: Must be between 1 and 9.
10: Invalid order. Reason: Must be between 1 and 9.
11: Invalid order. Reason: Must be between 1 and 9.
19: Invalid order. Reason: Must be between 1 and 9.
26: Invalid order. Reason: Must be between 1 and 9.
29: Invalid order. Reason: Must be between 1 and 9.
39: Invalid order. Reason: Must be between 1 and 9.
41: Invalid order. Reason: Must be between 1 and 9.
46: Invalid order. Reason: Must be between 1 and 9.
49: Invalid order. Reason: Must be between 1 and 9.
50: Invalid order. Reason: Must be between 1 and 9.
51: Invalid order. Reason: Must be between 1 and 9.
63: Invalid order. Reason: Must be between 1 and 9.
66: Invalid order. Reason: Must be between 1 and 9.
69: Invalid order. Reason: Must be between 1 and 9.
70: Invalid order. Reason: Must be between 1 and 9.
76: Invalid order. Reason: Must be between 1 and 9.
102: Incomplete Sudoku!
0
benchmarks/INST_100x100/20/inst100x100_20_41.txt : 20 ms.
--------------------------------------------------
1: Invalid order. Reason: Must be between 1 and 9.
7: Invalid order. Reason: Must be between 1 and 9.
11: Invalid order. Reason: Must be between 1 and 9.
12: Invalid order. Reason: Must be between 1 and 9.
13: Invalid order. Reason: Must be between 1 and 9.
14: Invalid order. Reason: Must be between 1 and 9.
16: Invalid order. Reason: Must be between 1 and 9.
19: Invalid order. Reason: Must be between 1 and 9.
22: Invalid order. Reason: Must be between 1 and 9.
24: Invalid order. Reason: Must be between 1 and 9.
29: Invalid order. Reason: Must be between 1 and 9.
30: Invalid order. Reason: Must be between 1 and 9.
31: Invalid order. Reason: Must be between 1 and 9.
34: Invalid order. Reason: Must be between 1 and 9.
44: Invalid order. Reason: Must be between 1 and 9.
91: Invalid order. Reason: Must be between 1 and 9.
102: Invalid order. Reason: Must be between 1 and 9.
run.sh: line 11: 262023 Floating point exception./solvers/sudoku_ils/build/ilsSolver --instanceFile $file --timeLimit $time_t --mcProbability 100 --iterationLimit 1000 --tabuListSize 0.05 --alpha 0.8 --acceptanceProb 15 --outfile output.txt --logfile log.txt
benchmarks/INST_100x100/20/inst100x100_20_42.txt : 27 ms.
--------------------------------------------------
1: Invalid order. Reason: Must be between 1 and 9.
5: Invalid order. Reason: Must be between 1 and 9.
10: Invalid order. Reason: Must be between 1 and 9.
11: Invalid order. Reason: Must be between 1 and 9.
12: Invalid order. Reason: Must be between 1 and 9.
13: Invalid order. Reason: Must be between 1 and 9.
37: Invalid order. Reason: Must be between 1 and 9.
45: Invalid order. Reason: Must be between 1 and 9.
48: Invalid order. Reason: Must be between 1 and 9.
60: Invalid order. Reason: Must be between 1 and 9.
61: Invalid order. Reason: Must be between 1 and 9.
66: Invalid order. Reason: Must be between 1 and 9.
72: Invalid order. Reason: Must be between 1 and 9.
79: Invalid order. Reason: Must be between 1 and 9.
84: Invalid order. Reason: Must be between 1 and 9.
86: Invalid order. Reason: Must be between 1 and 9.
88: Invalid order. Reason: Must be between 1 and 9.
89: Invalid order. Reason: Must be between 1 and 9.
91: Invalid order. Reason: Must be between 1 and 9.
93: Invalid order. Reason: Must be between 1 and 9.
0
benchmarks/INST_100x100/20/inst100x100_20_43.txt : 22 ms.
--------------------------------------------------
1: Invalid order. Reason: Must be between 1 and 9.
8: Invalid order. Reason: Must be between 1 and 9.
9: Invalid order. Reason: Must be between 1 and 9.
10: Invalid order. Reason: Must be between 1 and 9.
16: Invalid order. Reason: Must be between 1 and 9.
26: Invalid order. Reason: Must be between 1 and 9.
29: Invalid order. Reason: Must be between 1 and 9.
35: Invalid order. Reason: Must be between 1 and 9.
49: Invalid order. Reason: Must be between 1 and 9.
51: Invalid order. Reason: Must be between 1 and 9.
52: Invalid order. Reason: Must be between 1 and 9.
54: Invalid order. Reason: Must be between 1 and 9.
61: Invalid order. Reason: Must be between 1 and 9.
63: Invalid order. Reason: Must be between 1 and 9.
69: Invalid order. Reason: Must be between 1 and 9.
70: Invalid order. Reason: Must be between 1 and 9.
71: Invalid order. Reason: Must be between 1 and 9.
75: Invalid order. Reason: Must be between 1 and 9.
77: Invalid order. Reason: Must be between 1 and 9.
78: Invalid order. Reason: Must be between 1 and 9.
81: Invalid order. Reason: Must be between 1 and 9.
82: Invalid order. Reason: Must be between 1 and 9.
83: Invalid order. Reason: Must be between 1 and 9.
86: Invalid order. Reason: Must be between 1 and 9.
0
benchmarks/INST_100x100/20/inst100x100_20_44.txt : 20 ms.
--------------------------------------------------
1: Invalid order. Reason: Must be between 1 and 9.
4: Invalid order. Reason: Must be between 1 and 9.
15: Invalid order. Reason: Must be between 1 and 9.
16: Invalid order. Reason: Must be between 1 and 9.
21: Invalid order. Reason: Must be between 1 and 9.
27: Invalid order. Reason: Must be between 1 and 9.
29: Invalid order. Reason: Must be between 1 and 9.
34: Invalid order. Reason: Must be between 1 and 9.
39: Invalid order. Reason: Must be between 1 and 9.
102: Incomplete Sudoku!
run.sh: line 11: 262191 Floating point exception(core dumped) ./solvers/sudoku_ils/build/ilsSolver --instanceFile $file --timeLimit $time_t --mcProbability 100 --iterationLimit 1000 --tabuListSize 0.05 --alpha 0.8 --acceptanceProb 15 --outfile output.txt --logfile log.txt
benchmarks/INST_100x100/20/inst100x100_20_45.txt : 52 ms.
--------------------------------------------------
1: Invalid order. Reason: Must be between 1 and 9.
8: Invalid order. Reason: Must be between 1 and 9.
9: Invalid order. Reason: Must be between 1 and 9.
24: Invalid order. Reason: Must be between 1 and 9.
26: Invalid order. Reason: Must be between 1 and 9.
33: Invalid order. Reason: Must be between 1 and 9.
37: Invalid order. Reason: Must be between 1 and 9.
43: Invalid order. Reason: Must be between 1 and 9.
49: Invalid order. Reason: Must be between 1 and 9.
54: Invalid order. Reason: Must be between 1 and 9.
57: Invalid order. Reason: Must be between 1 and 9.
58: Invalid order. Reason: Must be between 1 and 9.
64: Invalid order. Reason: Must be between 1 and 9.
71: Invalid order. Reason: Must be between 1 and 9.
74: Invalid order. Reason: Must be between 1 and 9.
78: Invalid order. Reason: Must be between 1 and 9.
89: Invalid order. Reason: Must be between 1 and 9.
96: Invalid order. Reason: Must be between 1 and 9.
97: Invalid order. Reason: Must be between 1 and 9.
102: Incomplete Sudoku!
run.sh: line 11: 262298 Floating point exception(core dumped) ./solvers/sudoku_ils/build/ilsSolver --instanceFile $file --timeLimit $time_t --mcProbability 100 --iterationLimit 1000 --tabuListSize 0.05 --alpha 0.8 --acceptanceProb 15 --outfile output.txt --logfile log.txt
benchmarks/INST_100x100/20/inst100x100_20_46.txt : 49 ms.
--------------------------------------------------
1: Invalid order. Reason: Must be between 1 and 9.
43: Invalid order. Reason: Must be between 1 and 9.
45: Invalid order. Reason: Must be between 1 and 9.
51: Invalid order. Reason: Must be between 1 and 9.
53: Invalid order. Reason: Must be between 1 and 9.
60: Invalid order. Reason: Must be between 1 and 9.
66: Invalid order. Reason: Must be between 1 and 9.
67: Invalid order. Reason: Must be between 1 and 9.
71: Invalid order. Reason: Must be between 1 and 9.
75: Invalid order. Reason: Must be between 1 and 9.
76: Invalid order. Reason: Must be between 1 and 9.
80: Invalid order. Reason: Must be between 1 and 9.
99: Invalid order. Reason: Must be between 1 and 9.
102: Invalid order. Reason: Must be between 1 and 9.
0
benchmarks/INST_100x100/20/inst100x100_20_47.txt : 21 ms.
--------------------------------------------------
1: Invalid order. Reason: Must be between 1 and 9.
6: Invalid order. Reason: Must be between 1 and 9.
96: Invalid order. Reason: Must be between 1 and 9.
97: Invalid order. Reason: Must be between 1 and 9.
0
benchmarks/INST_100x100/20/inst100x100_20_48.txt : 25 ms.
--------------------------------------------------
1: Invalid order. Reason: Must be between 1 and 9.
15: Invalid order. Reason: Must be between 1 and 9.
22: Invalid order. Reason: Must be between 1 and 9.
25: Invalid order. Reason: Must be between 1 and 9.
28: Invalid order. Reason: Must be between 1 and 9.
40: Invalid order. Reason: Must be between 1 and 9.
49: Invalid order. Reason: Must be between 1 and 9.
56: Invalid order. Reason: Must be between 1 and 9.
64: Invalid order. Reason: Must be between 1 and 9.
68: Invalid order. Reason: Must be between 1 and 9.
72: Invalid order. Reason: Must be between 1 and 9.
77: Invalid order. Reason: Must be between 1 and 9.
79: Invalid order. Reason: Must be between 1 and 9.
80: Invalid order. Reason: Must be between 1 and 9.
92: Invalid order. Reason: Must be between 1 and 9.
96: Invalid order. Reason: Must be between 1 and 9.
97: Invalid order. Reason: Must be between 1 and 9.
100: Invalid order. Reason: Must be between 1 and 9.
0
benchmarks/INST_100x100/20/inst100x100_20_49.txt : 20 ms.
--------------------------------------------------
1: Invalid order. Reason: Must be between 1 and 9.
4: Invalid order. Reason: Must be between 1 and 9.
8: Invalid order. Reason: Must be between 1 and 9.
18: Invalid order. Reason: Must be between 1 and 9.
19: Invalid order. Reason: Must be between 1 and 9.
24: Invalid order. Reason: Must be between 1 and 9.
38: Invalid order. Reason: Must be between 1 and 9.
45: Invalid order. Reason: Must be between 1 and 9.
50: Invalid order. Reason: Must be between 1 and 9.
55: Invalid order. Reason: Must be between 1 and 9.
69: Invalid order. Reason: Must be between 1 and 9.
74: Invalid order. Reason: Must be between 1 and 9.
78: Invalid order. Reason: Must be between 1 and 9.
79: Invalid order. Reason: Must be between 1 and 9.
91: Invalid order. Reason: Must be between 1 and 9.
0
benchmarks/INST_100x100/20/inst100x100_20_4.txt : 18 ms.
--------------------------------------------------
1: Invalid order. Reason: Must be between 1 and 9.
16: Invalid order. Reason: Must be between 1 and 9.
20: Invalid order. Reason: Must be between 1 and 9.
21: Invalid order. Reason: Must be between 1 and 9.
26: Invalid order. Reason: Must be between 1 and 9.
31: Invalid order. Reason: Must be between 1 and 9.
32: Invalid order. Reason: Must be between 1 and 9.
33: Invalid order. Reason: Must be between 1 and 9.
35: Invalid order. Reason: Must be between 1 and 9.
36: Invalid order. Reason: Must be between 1 and 9.
43: Invalid order. Reason: Must be between 1 and 9.
45: Invalid order. Reason: Must be between 1 and 9.
51: Invalid order. Reason: Must be between 1 and 9.
68: Invalid order. Reason: Must be between 1 and 9.
72: Invalid order. Reason: Must be between 1 and 9.
75: Invalid order. Reason: Must be between 1 and 9.
86: Invalid order. Reason: Must be between 1 and 9.
87: Invalid order. Reason: Must be between 1 and 9.
89: Invalid order. Reason: Must be between 1 and 9.
102: Incomplete Sudoku!
0
benchmarks/INST_100x100/20/inst100x100_20_50.txt : 20 ms.
--------------------------------------------------
1: Invalid order. Reason: Must be between 1 and 9.
17: Invalid order. Reason: Must be between 1 and 9.
29: Invalid order. Reason: Must be between 1 and 9.
88: Invalid order. Reason: Must be between 1 and 9.
89: Invalid order. Reason: Must be between 1 and 9.
93: Invalid order. Reason: Must be between 1 and 9.
98: Invalid order. Reason: Must be between 1 and 9.
101: Invalid order. Reason: Must be between 1 and 9.
0
benchmarks/INST_100x100/20/inst100x100_20_51.txt : 26 ms.
--------------------------------------------------
1: Invalid order. Reason: Must be between 1 and 9.
11: Invalid order. Reason: Must be between 1 and 9.
16: Invalid order. Reason: Must be between 1 and 9.
21: Invalid order. Reason: Must be between 1 and 9.
24: Invalid order. Reason: Must be between 1 and 9.
25: Invalid order. Reason: Must be between 1 and 9.
28: Invalid order. Reason: Must be between 1 and 9.
35: Invalid order. Reason: Must be between 1 and 9.
46: Invalid order. Reason: Must be between 1 and 9.
51: Invalid order. Reason: Must be between 1 and 9.
59: Invalid order. Reason: Must be between 1 and 9.
63: Invalid order. Reason: Must be between 1 and 9.
65: Invalid order. Reason: Must be between 1 and 9.
71: Invalid order. Reason: Must be between 1 and 9.
73: Invalid order. Reason: Must be between 1 and 9.
102: Incomplete Sudoku!
0
benchmarks/INST_100x100/20/inst100x100_20_52.txt : 24 ms.
--------------------------------------------------
1: Invalid order. Reason: Must be between 1 and 9.
4: Invalid order. Reason: Must be between 1 and 9.
5: Invalid order. Reason: Must be between 1 and 9.
40: Invalid order. Reason: Must be between 1 and 9.
45: Invalid order. Reason: Must be between 1 and 9.
48: Invalid order. Reason: Must be between 1 and 9.
56: Invalid order. Reason: Must be between 1 and 9.
57: Invalid order. Reason: Must be between 1 and 9.
61: Invalid order. Reason: Must be between 1 and 9.
81: Invalid order. Reason: Must be between 1 and 9.
88: Invalid order. Reason: Must be between 1 and 9.
89: Invalid order. Reason: Must be between 1 and 9.
94: Invalid order. Reason: Must be between 1 and 9.
101: Invalid order. Reason: Must be between 1 and 9.
102: Invalid order. Reason: Must be between 1 and 9.
0
benchmarks/INST_100x100/20/inst100x100_20_53.txt : 22 ms.
--------------------------------------------------
1: Invalid order. Reason: Must be between 1 and 9.
4: Invalid order. Reason: Must be between 1 and 9.
5: Invalid order. Reason: Must be between 1 and 9.
16: Invalid order. Reason: Must be between 1 and 9.
20: Invalid order. Reason: Must be between 1 and 9.
22: Invalid order. Reason: Must be between 1 and 9.
24: Invalid order. Reason: Must be between 1 and 9.
27: Invalid order. Reason: Must be between 1 and 9.
32: Invalid order. Reason: Must be between 1 and 9.
34: Invalid order. Reason: Must be between 1 and 9.
43: Invalid order. Reason: Must be between 1 and 9.
46: Invalid order. Reason: Must be between 1 and 9.
48: Invalid order. Reason: Must be between 1 and 9.
61: Invalid order. Reason: Must be between 1 and 9.
62: Invalid order. Reason: Must be between 1 and 9.
67: Invalid order. Reason: Must be between 1 and 9.
100: Invalid order. Reason: Must be between 1 and 9.
run.sh: line 11: 262822 Floating point exception(core dumped) ./solvers/sudoku_ils/build/ilsSolver --instanceFile $file --timeLimit $time_t --mcProbability 100 --iterationLimit 1000 --tabuListSize 0.05 --alpha 0.8 --acceptanceProb 15 --outfile output.txt --logfile log.txt
benchmarks/INST_100x100/20/inst100x100_20_54.txt : 51 ms.
--------------------------------------------------
1: Invalid order. Reason: Must be between 1 and 9.
49: Invalid order. Reason: Must be between 1 and 9.
50: Invalid order. Reason: Must be between 1 and 9.
53: Invalid order. Reason: Must be between 1 and 9.
56: Invalid order. Reason: Must be between 1 and 9.
68: Invalid order. Reason: Must be between 1 and 9.
69: Invalid order. Reason: Must be between 1 and 9.
83: Invalid order. Reason: Must be between 1 and 9.
90: Invalid order. Reason: Must be between 1 and 9.
91: Invalid order. Reason: Must be between 1 and 9.
96: Invalid order. Reason: Must be between 1 and 9.
102: Invalid order. Reason: Must be between 1 and 9.
0
benchmarks/INST_100x100/20/inst100x100_20_55.txt : 22 ms.
--------------------------------------------------
1: Invalid order. Reason: Must be between 1 and 9.
6: Invalid order. Reason: Must be between 1 and 9.
14: Invalid order. Reason: Must be between 1 and 9.
93: Invalid order. Reason: Must be between 1 and 9.
94: Invalid order. Reason: Must be between 1 and 9.
99: Invalid order. Reason: Must be between 1 and 9.
0
benchmarks/INST_100x100/20/inst100x100_20_56.txt : 23 ms.
--------------------------------------------------
1: Invalid order. Reason: Must be between 1 and 9.
7: Invalid order. Reason: Must be between 1 and 9.
14: Invalid order. Reason: Must be between 1 and 9.
32: Invalid order. Reason: Must be between 1 and 9.
34: Invalid order. Reason: Must be between 1 and 9.
41: Invalid order. Reason: Must be between 1 and 9.
43: Invalid order. Reason: Must be between 1 and 9.
51: Invalid order. Reason: Must be between 1 and 9.
58: Invalid order. Reason: Must be between 1 and 9.
61: Invalid order. Reason: Must be between 1 and 9.
66: Invalid order. Reason: Must be between 1 and 9.
73: Invalid order. Reason: Must be between 1 and 9.
75: Invalid order. Reason: Must be between 1 and 9.
83: Invalid order. Reason: Must be between 1 and 9.
90: Invalid order. Reason: Must be between 1 and 9.
92: Invalid order. Reason: Must be between 1 and 9.
101: Invalid order. Reason: Must be between 1 and 9.
0
benchmarks/INST_100x100/20/inst100x100_20_57.txt : 18 ms.
--------------------------------------------------
1: Invalid order. Reason: Must be between 1 and 9.
5: Invalid order. Reason: Must be between 1 and 9.
9: Invalid order. Reason: Must be between 1 and 9.
16: Invalid order. Reason: Must be between 1 and 9.
19: Invalid order. Reason: Must be between 1 and 9.
22: Invalid order. Reason: Must be between 1 and 9.
24: Invalid order. Reason: Must be between 1 and 9.
32: Invalid order. Reason: Must be between 1 and 9.
33: Invalid order. Reason: Must be between 1 and 9.
36: Invalid order. Reason: Must be between 1 and 9.
39: Invalid order. Reason: Must be between 1 and 9.
48: Invalid order. Reason: Must be between 1 and 9.
53: Invalid order. Reason: Must be between 1 and 9.
63: Invalid order. Reason: Must be between 1 and 9.
72: Invalid order. Reason: Must be between 1 and 9.
77: Invalid order. Reason: Must be between 1 and 9.
81: Invalid order. Reason: Must be between 1 and 9.
82: Invalid order. Reason: Must be between 1 and 9.
83: Invalid order. Reason: Must be between 1 and 9.
86: Invalid order. Reason: Must be between 1 and 9.
89: Invalid order. Reason: Must be between 1 and 9.
102: Incomplete Sudoku!
0
benchmarks/INST_100x100/20/inst100x100_20_58.txt : 21 ms.
--------------------------------------------------
1: Invalid order. Reason: Must be between 1 and 9.
95: Invalid order. Reason: Must be between 1 and 9.
98: Invalid order. Reason: Must be between 1 and 9.
0
benchmarks/INST_100x100/20/inst100x100_20_59.txt : 22 ms.
--------------------------------------------------
1: Invalid order. Reason: Must be between 1 and 9.
4: Invalid order. Reason: Must be between 1 and 9.
11: Invalid order. Reason: Must be between 1 and 9.
26: Invalid order. Reason: Must be between 1 and 9.
31: Invalid order. Reason: Must be between 1 and 9.
32: Invalid order. Reason: Must be between 1 and 9.
39: Invalid order. Reason: Must be between 1 and 9.
52: Invalid order. Reason: Must be between 1 and 9.
54: Invalid order. Reason: Must be between 1 and 9.
57: Invalid order. Reason: Must be between 1 and 9.
61: Invalid order. Reason: Must be between 1 and 9.
74: Invalid order. Reason: Must be between 1 and 9.
75: Invalid order. Reason: Must be between 1 and 9.
82: Invalid order. Reason: Must be between 1 and 9.
89: Invalid order. Reason: Must be between 1 and 9.
102: Invalid order. Reason: Must be between 1 and 9.
0
benchmarks/INST_100x100/20/inst100x100_20_5.txt : 24 ms.
--------------------------------------------------
1: Invalid order. Reason: Must be between 1 and 9.
4: Invalid order. Reason: Must be between 1 and 9.
9: Invalid order. Reason: Must be between 1 and 9.
12: Invalid order. Reason: Must be between 1 and 9.
18: Invalid order. Reason: Must be between 1 and 9.
71: Invalid order. Reason: Must be between 1 and 9.
77: Invalid order. Reason: Must be between 1 and 9.
82: Invalid order. Reason: Must be between 1 and 9.
91: Invalid order. Reason: Must be between 1 and 9.
0
benchmarks/INST_100x100/20/inst100x100_20_60.txt : 22 ms.
--------------------------------------------------
1: Invalid order. Reason: Must be between 1 and 9.
6: Invalid order. Reason: Must be between 1 and 9.
7: Invalid order. Reason: Must be between 1 and 9.
8: Invalid order. Reason: Must be between 1 and 9.
14: Invalid order. Reason: Must be between 1 and 9.
20: Invalid order. Reason: Must be between 1 and 9.
32: Invalid order. Reason: Must be between 1 and 9.
40: Invalid order. Reason: Must be between 1 and 9.
43: Invalid order. Reason: Must be between 1 and 9.
62: Invalid order. Reason: Must be between 1 and 9.
67: Invalid order. Reason: Must be between 1 and 9.
72: Invalid order. Reason: Must be between 1 and 9.
80: Invalid order. Reason: Must be between 1 and 9.
85: Invalid order. Reason: Must be between 1 and 9.
99: Invalid order. Reason: Must be between 1 and 9.
0
benchmarks/INST_100x100/20/inst100x100_20_61.txt : 23 ms.
--------------------------------------------------
1: Invalid order. Reason: Must be between 1 and 9.
5: Invalid order. Reason: Must be between 1 and 9.
10: Invalid order. Reason: Must be between 1 and 9.
15: Invalid order. Reason: Must be between 1 and 9.
17: Invalid order. Reason: Must be between 1 and 9.
23: Invalid order. Reason: Must be between 1 and 9.
25: Invalid order. Reason: Must be between 1 and 9.
26: Invalid order. Reason: Must be between 1 and 9.
31: Invalid order. Reason: Must be between 1 and 9.
33: Invalid order. Reason: Must be between 1 and 9.
37: Invalid order. Reason: Must be between 1 and 9.
49: Invalid order. Reason: Must be between 1 and 9.
50: Invalid order. Reason: Must be between 1 and 9.
54: Invalid order. Reason: Must be between 1 and 9.
56: Invalid order. Reason: Must be between 1 and 9.
59: Invalid order. Reason: Must be between 1 and 9.
62: Invalid order. Reason: Must be between 1 and 9.
76: Invalid order. Reason: Must be between 1 and 9.
82: Invalid order. Reason: Must be between 1 and 9.
88: Invalid order. Reason: Must be between 1 and 9.
100: Invalid order. Reason: Must be between 1 and 9.
0
benchmarks/INST_100x100/20/inst100x100_20_62.txt : 19 ms.
--------------------------------------------------
1: Invalid order. Reason: Must be between 1 and 9.
18: Invalid order. Reason: Must be between 1 and 9.
22: Invalid order. Reason: Must be between 1 and 9.
24: Invalid order. Reason: Must be between 1 and 9.
33: Invalid order. Reason: Must be between 1 and 9.
49: Invalid order. Reason: Must be between 1 and 9.
50: Invalid order. Reason: Must be between 1 and 9.
53: Invalid order. Reason: Must be between 1 and 9.
54: Invalid order. Reason: Must be between 1 and 9.
78: Invalid order. Reason: Must be between 1 and 9.
90: Invalid order. Reason: Must be between 1 and 9.
94: Invalid order. Reason: Must be between 1 and 9.
100: Invalid order. Reason: Must be between 1 and 9.
0
benchmarks/INST_100x100/20/inst100x100_20_63.txt : 20 ms.
--------------------------------------------------
1: Invalid order. Reason: Must be between 1 and 9.
4: Invalid order. Reason: Must be between 1 and 9.
7: Invalid order. Reason: Must be between 1 and 9.
14: Invalid order. Reason: Must be between 1 and 9.
16: Invalid order. Reason: Must be between 1 and 9.
31: Invalid order. Reason: Must be between 1 and 9.
44: Invalid order. Reason: Must be between 1 and 9.
47: Invalid order. Reason: Must be between 1 and 9.
52: Invalid order. Reason: Must be between 1 and 9.
58: Invalid order. Reason: Must be between 1 and 9.
65: Invalid order. Reason: Must be between 1 and 9.
66: Invalid order. Reason: Must be between 1 and 9.
73: Invalid order. Reason: Must be between 1 and 9.
77: Invalid order. Reason: Must be between 1 and 9.
95: Invalid order. Reason: Must be between 1 and 9.
98: Invalid order. Reason: Must be between 1 and 9.
99: Invalid order. Reason: Must be between 1 and 9.
0
benchmarks/INST_100x100/20/inst100x100_20_64.txt : 20 ms.
--------------------------------------------------
1: Invalid order. Reason: Must be between 1 and 9.
5: Invalid order. Reason: Must be between 1 and 9.
27: Invalid order. Reason: Must be between 1 and 9.
30: Invalid order. Reason: Must be between 1 and 9.
31: Invalid order. Reason: Must be between 1 and 9.
32: Invalid order. Reason: Must be between 1 and 9.
33: Invalid order. Reason: Must be between 1 and 9.
39: Invalid order. Reason: Must be between 1 and 9.
42: Invalid order. Reason: Must be between 1 and 9.
49: Invalid order. Reason: Must be between 1 and 9.
55: Invalid order. Reason: Must be between 1 and 9.
67: Invalid order. Reason: Must be between 1 and 9.
69: Invalid order. Reason: Must be between 1 and 9.
70: Invalid order. Reason: Must be between 1 and 9.
72: Invalid order. Reason: Must be between 1 and 9.
0
benchmarks/INST_100x100/20/inst100x100_20_65.txt : 18 ms.
--------------------------------------------------
1: Invalid order. Reason: Must be between 1 and 9.
19: Invalid order. Reason: Must be between 1 and 9.
23: Invalid order. Reason: Must be between 1 and 9.
24: Invalid order. Reason: Must be between 1 and 9.
25: Invalid order. Reason: Must be between 1 and 9.
28: Invalid order. Reason: Must be between 1 and 9.
29: Invalid order. Reason: Must be between 1 and 9.
34: Invalid order. Reason: Must be between 1 and 9.
55: Invalid order. Reason: Must be between 1 and 9.
60: Invalid order. Reason: Must be between 1 and 9.
63: Invalid order. Reason: Must be between 1 and 9.
74: Invalid order. Reason: Must be between 1 and 9.
83: Invalid order. Reason: Must be between 1 and 9.
85: Invalid order. Reason: Must be between 1 and 9.
96: Invalid order. Reason: Must be between 1 and 9.
97: Invalid order. Reason: Must be between 1 and 9.
0
benchmarks/INST_100x100/20/inst100x100_20_66.txt : 20 ms.
--------------------------------------------------
1: Invalid order. Reason: Must be between 1 and 9.
5: Invalid order. Reason: Must be between 1 and 9.
18: Invalid order. Reason: Must be between 1 and 9.
21: Invalid order. Reason: Must be between 1 and 9.
34: Invalid order. Reason: Must be between 1 and 9.
37: Invalid order. Reason: Must be between 1 and 9.
39: Invalid order. Reason: Must be between 1 and 9.
44: Invalid order. Reason: Must be between 1 and 9.
52: Invalid order. Reason: Must be between 1 and 9.
54: Invalid order. Reason: Must be between 1 and 9.
57: Invalid order. Reason: Must be between 1 and 9.
59: Invalid order. Reason: Must be between 1 and 9.
60: Invalid order. Reason: Must be between 1 and 9.
64: Invalid order. Reason: Must be between 1 and 9.
69: Invalid order. Reason: Must be between 1 and 9.
72: Invalid order. Reason: Must be between 1 and 9.
87: Invalid order. Reason: Must be between 1 and 9.
90: Invalid order. Reason: Must be between 1 and 9.
97: Invalid order. Reason: Must be between 1 and 9.
98: Invalid order. Reason: Must be between 1 and 9.
102: Invalid order. Reason: Must be between 1 and 9.
0
benchmarks/INST_100x100/20/inst100x100_20_67.txt : 21 ms.
--------------------------------------------------
1: Invalid order. Reason: Must be between 1 and 9.
10: Invalid order. Reason: Must be between 1 and 9.
39: Invalid order. Reason: Must be between 1 and 9.
44: Invalid order. Reason: Must be between 1 and 9.
54: Invalid order. Reason: Must be between 1 and 9.
73: Invalid order. Reason: Must be between 1 and 9.
79: Invalid order. Reason: Must be between 1 and 9.
87: Invalid order. Reason: Must be between 1 and 9.
102: Invalid order. Reason: Must be between 1 and 9.
0
benchmarks/INST_100x100/20/inst100x100_20_68.txt : 22 ms.
--------------------------------------------------
1: Invalid order. Reason: Must be between 1 and 9.
14: Invalid order. Reason: Must be between 1 and 9.
19: Invalid order. Reason: Must be between 1 and 9.
21: Invalid order. Reason: Must be between 1 and 9.
31: Invalid order. Reason: Must be between 1 and 9.
59: Invalid order. Reason: Must be between 1 and 9.
66: Invalid order. Reason: Must be between 1 and 9.
68: Invalid order. Reason: Must be between 1 and 9.
77: Invalid order. Reason: Must be between 1 and 9.
79: Invalid order. Reason: Must be between 1 and 9.
80: Invalid order. Reason: Must be between 1 and 9.
88: Invalid order. Reason: Must be between 1 and 9.
97: Invalid order. Reason: Must be between 1 and 9.
99: Invalid order. Reason: Must be between 1 and 9.
run.sh: line 11: 263671 Floating point exception./solvers/sudoku_ils/build/ilsSolver --instanceFile $file --timeLimit $time_t --mcProbability 100 --iterationLimit 1000 --tabuListSize 0.05 --alpha 0.8 --acceptanceProb 15 --outfile output.txt --logfile log.txt
benchmarks/INST_100x100/20/inst100x100_20_69.txt : 26 ms.
--------------------------------------------------
1: Invalid order. Reason: Must be between 1 and 9.
4: Invalid order. Reason: Must be between 1 and 9.
26: Invalid order. Reason: Must be between 1 and 9.
29: Invalid order. Reason: Must be between 1 and 9.
51: Invalid order. Reason: Must be between 1 and 9.
55: Invalid order. Reason: Must be between 1 and 9.
64: Invalid order. Reason: Must be between 1 and 9.
67: Invalid order. Reason: Must be between 1 and 9.
70: Invalid order. Reason: Must be between 1 and 9.
74: Invalid order. Reason: Must be between 1 and 9.
78: Invalid order. Reason: Must be between 1 and 9.
91: Invalid order. Reason: Must be between 1 and 9.
94: Invalid order. Reason: Must be between 1 and 9.
97: Invalid order. Reason: Must be between 1 and 9.
98: Invalid order. Reason: Must be between 1 and 9.
99: Invalid order. Reason: Must be between 1 and 9.
0
benchmarks/INST_100x100/20/inst100x100_20_6.txt : 18 ms.
--------------------------------------------------
1: Invalid order. Reason: Must be between 1 and 9.
5: Invalid order. Reason: Must be between 1 and 9.
9: Invalid order. Reason: Must be between 1 and 9.
11: Invalid order. Reason: Must be between 1 and 9.
20: Invalid order. Reason: Must be between 1 and 9.
37: Invalid order. Reason: Must be between 1 and 9.
58: Invalid order. Reason: Must be between 1 and 9.
84: Invalid order. Reason: Must be between 1 and 9.
96: Invalid order. Reason: Must be between 1 and 9.
102: Incomplete Sudoku!
0
benchmarks/INST_100x100/20/inst100x100_20_70.txt : 20 ms.
--------------------------------------------------
1: Invalid order. Reason: Must be between 1 and 9.
9: Invalid order. Reason: Must be between 1 and 9.
10: Invalid order. Reason: Must be between 1 and 9.
14: Invalid order. Reason: Must be between 1 and 9.
15: Invalid order. Reason: Must be between 1 and 9.
19: Invalid order. Reason: Must be between 1 and 9.
22: Invalid order. Reason: Must be between 1 and 9.
23: Invalid order. Reason: Must be between 1 and 9.
35: Invalid order. Reason: Must be between 1 and 9.
41: Invalid order. Reason: Must be between 1 and 9.
48: Invalid order. Reason: Must be between 1 and 9.
56: Invalid order. Reason: Must be between 1 and 9.
62: Invalid order. Reason: Must be between 1 and 9.
66: Invalid order. Reason: Must be between 1 and 9.
80: Invalid order. Reason: Must be between 1 and 9.
83: Invalid order. Reason: Must be between 1 and 9.
84: Invalid order. Reason: Must be between 1 and 9.
87: Invalid order. Reason: Must be between 1 and 9.
91: Invalid order. Reason: Must be between 1 and 9.
92: Invalid order. Reason: Must be between 1 and 9.
93: Invalid order. Reason: Must be between 1 and 9.
95: Invalid order. Reason: Must be between 1 and 9.
0
benchmarks/INST_100x100/20/inst100x100_20_71.txt : 18 ms.
--------------------------------------------------
1: Invalid order. Reason: Must be between 1 and 9.
11: Invalid order. Reason: Must be between 1 and 9.
13: Invalid order. Reason: Must be between 1 and 9.
16: Invalid order. Reason: Must be between 1 and 9.
20: Invalid order. Reason: Must be between 1 and 9.
25: Invalid order. Reason: Must be between 1 and 9.
28: Invalid order. Reason: Must be between 1 and 9.
31: Invalid order. Reason: Must be between 1 and 9.
33: Invalid order. Reason: Must be between 1 and 9.
42: Invalid order. Reason: Must be between 1 and 9.
43: Invalid order. Reason: Must be between 1 and 9.
47: Invalid order. Reason: Must be between 1 and 9.
48: Invalid order. Reason: Must be between 1 and 9.
54: Invalid order. Reason: Must be between 1 and 9.
56: Invalid order. Reason: Must be between 1 and 9.
58: Invalid order. Reason: Must be between 1 and 9.
76: Invalid order. Reason: Must be between 1 and 9.
88: Invalid order. Reason: Must be between 1 and 9.
96: Invalid order. Reason: Must be between 1 and 9.
0
benchmarks/INST_100x100/20/inst100x100_20_72.txt : 19 ms.
--------------------------------------------------
1: Invalid order. Reason: Must be between 1 and 9.
5: Invalid order. Reason: Must be between 1 and 9.
14: Invalid order. Reason: Must be between 1 and 9.
58: Invalid order. Reason: Must be between 1 and 9.
64: Invalid order. Reason: Must be between 1 and 9.
72: Invalid order. Reason: Must be between 1 and 9.
73: Invalid order. Reason: Must be between 1 and 9.
74: Invalid order. Reason: Must be between 1 and 9.
76: Invalid order. Reason: Must be between 1 and 9.
86: Invalid order. Reason: Must be between 1 and 9.
95: Invalid order. Reason: Must be between 1 and 9.
97: Invalid order. Reason: Must be between 1 and 9.
101: Invalid order. Reason: Must be between 1 and 9.
run.sh: line 11: 263929 Floating point exception./solvers/sudoku_ils/build/ilsSolver --instanceFile $file --timeLimit $time_t --mcProbability 100 --iterationLimit 1000 --tabuListSize 0.05 --alpha 0.8 --acceptanceProb 15 --outfile output.txt --logfile log.txt
benchmarks/INST_100x100/20/inst100x100_20_73.txt : 22 ms.
--------------------------------------------------
1: Invalid order. Reason: Must be between 1 and 9.
4: Invalid order. Reason: Must be between 1 and 9.
6: Invalid order. Reason: Must be between 1 and 9.
7: Invalid order. Reason: Must be between 1 and 9.
10: Invalid order. Reason: Must be between 1 and 9.
12: Invalid order. Reason: Must be between 1 and 9.
13: Invalid order. Reason: Must be between 1 and 9.
22: Invalid order. Reason: Must be between 1 and 9.
25: Invalid order. Reason: Must be between 1 and 9.
27: Invalid order. Reason: Must be between 1 and 9.
30: Invalid order. Reason: Must be between 1 and 9.
32: Invalid order. Reason: Must be between 1 and 9.
66: Invalid order. Reason: Must be between 1 and 9.
67: Invalid order. Reason: Must be between 1 and 9.
71: Invalid order. Reason: Must be between 1 and 9.
76: Invalid order. Reason: Must be between 1 and 9.
102: Incomplete Sudoku!
0
benchmarks/INST_100x100/20/inst100x100_20_74.txt : 22 ms.
--------------------------------------------------
1: Invalid order. Reason: Must be between 1 and 9.
5: Invalid order. Reason: Must be between 1 and 9.
9: Invalid order. Reason: Must be between 1 and 9.
24: Invalid order. Reason: Must be between 1 and 9.
44: Invalid order. Reason: Must be between 1 and 9.
47: Invalid order. Reason: Must be between 1 and 9.
74: Invalid order. Reason: Must be between 1 and 9.
78: Invalid order. Reason: Must be between 1 and 9.
100: Invalid order. Reason: Must be between 1 and 9.
0
benchmarks/INST_100x100/20/inst100x100_20_75.txt : 18 ms.
--------------------------------------------------
1: Invalid order. Reason: Must be between 1 and 9.
6: Invalid order. Reason: Must be between 1 and 9.
16: Invalid order. Reason: Must be between 1 and 9.
21: Invalid order. Reason: Must be between 1 and 9.
102: Incomplete Sudoku!
run.sh: line 11: 264083 Floating point exception./solvers/sudoku_ils/build/ilsSolver --instanceFile $file --timeLimit $time_t --mcProbability 100 --iterationLimit 1000 --tabuListSize 0.05 --alpha 0.8 --acceptanceProb 15 --outfile output.txt --logfile log.txt
benchmarks/INST_100x100/20/inst100x100_20_76.txt : 25 ms.
--------------------------------------------------
1: Invalid order. Reason: Must be between 1 and 9.
6: Invalid order. Reason: Must be between 1 and 9.
13: Invalid order. Reason: Must be between 1 and 9.
17: Invalid order. Reason: Must be between 1 and 9.
19: Invalid order. Reason: Must be between 1 and 9.
23: Invalid order. Reason: Must be between 1 and 9.
31: Invalid order. Reason: Must be between 1 and 9.
32: Invalid order. Reason: Must be between 1 and 9.
37: Invalid order. Reason: Must be between 1 and 9.
39: Invalid order. Reason: Must be between 1 and 9.
41: Invalid order. Reason: Must be between 1 and 9.
46: Invalid order. Reason: Must be between 1 and 9.
51: Invalid order. Reason: Must be between 1 and 9.
57: Invalid order. Reason: Must be between 1 and 9.
61: Invalid order. Reason: Must be between 1 and 9.
66: Invalid order. Reason: Must be between 1 and 9.
72: Invalid order. Reason: Must be between 1 and 9.
78: Invalid order. Reason: Must be between 1 and 9.
102: Incomplete Sudoku!
run.sh: line 11: 264142 Floating point exception./solvers/sudoku_ils/build/ilsSolver --instanceFile $file --timeLimit $time_t --mcProbability 100 --iterationLimit 1000 --tabuListSize 0.05 --alpha 0.8 --acceptanceProb 15 --outfile output.txt --logfile log.txt
benchmarks/INST_100x100/20/inst100x100_20_77.txt : 23 ms.
--------------------------------------------------
1: Invalid order. Reason: Must be between 1 and 9.
7: Invalid order. Reason: Must be between 1 and 9.
9: Invalid order. Reason: Must be between 1 and 9.
13: Invalid order. Reason: Must be between 1 and 9.
17: Invalid order. Reason: Must be between 1 and 9.
21: Invalid order. Reason: Must be between 1 and 9.
25: Invalid order. Reason: Must be between 1 and 9.
41: Invalid order. Reason: Must be between 1 and 9.
46: Invalid order. Reason: Must be between 1 and 9.
49: Invalid order. Reason: Must be between 1 and 9.
52: Invalid order. Reason: Must be between 1 and 9.
55: Invalid order. Reason: Must be between 1 and 9.
56: Invalid order. Reason: Must be between 1 and 9.
57: Invalid order. Reason: Must be between 1 and 9.
85: Invalid order. Reason: Must be between 1 and 9.
102: Incomplete Sudoku!
0
benchmarks/INST_100x100/20/inst100x100_20_78.txt : 21 ms.
--------------------------------------------------
1: Invalid order. Reason: Must be between 1 and 9.
6: Invalid order. Reason: Must be between 1 and 9.
21: Invalid order. Reason: Must be between 1 and 9.
25: Invalid order. Reason: Must be between 1 and 9.
27: Invalid order. Reason: Must be between 1 and 9.
28: Invalid order. Reason: Must be between 1 and 9.
34: Invalid order. Reason: Must be between 1 and 9.
36: Invalid order. Reason: Must be between 1 and 9.
37: Invalid order. Reason: Must be between 1 and 9.
43: Invalid order. Reason: Must be between 1 and 9.
49: Invalid order. Reason: Must be between 1 and 9.
61: Invalid order. Reason: Must be between 1 and 9.
65: Invalid order. Reason: Must be between 1 and 9.
70: Invalid order. Reason: Must be between 1 and 9.
96: Invalid order. Reason: Must be between 1 and 9.
run.sh: line 11: 264244 Floating point exception./solvers/sudoku_ils/build/ilsSolver --instanceFile $file --timeLimit $time_t --mcProbability 100 --iterationLimit 1000 --tabuListSize 0.05 --alpha 0.8 --acceptanceProb 15 --outfile output.txt --logfile log.txt
benchmarks/INST_100x100/20/inst100x100_20_79.txt : 23 ms.
--------------------------------------------------
1: Invalid order. Reason: Must be between 1 and 9.
4: Invalid order. Reason: Must be between 1 and 9.
13: Invalid order. Reason: Must be between 1 and 9.
14: Invalid order. Reason: Must be between 1 and 9.
16: Invalid order. Reason: Must be between 1 and 9.
34: Invalid order. Reason: Must be between 1 and 9.
35: Invalid order. Reason: Must be between 1 and 9.
102: Incomplete Sudoku!
0
benchmarks/INST_100x100/20/inst100x100_20_7.txt : 22 ms.
--------------------------------------------------
1: Invalid order. Reason: Must be between 1 and 9.
8: Invalid order. Reason: Must be between 1 and 9.
10: Invalid order. Reason: Must be between 1 and 9.
13: Invalid order. Reason: Must be between 1 and 9.
15: Invalid order. Reason: Must be between 1 and 9.
25: Invalid order. Reason: Must be between 1 and 9.
27: Invalid order. Reason: Must be between 1 and 9.
29: Invalid order. Reason: Must be between 1 and 9.
33: Invalid order. Reason: Must be between 1 and 9.
37: Invalid order. Reason: Must be between 1 and 9.
44: Invalid order. Reason: Must be between 1 and 9.
57: Invalid order. Reason: Must be between 1 and 9.
58: Invalid order. Reason: Must be between 1 and 9.
59: Invalid order. Reason: Must be between 1 and 9.
60: Invalid order. Reason: Must be between 1 and 9.
102: Incomplete Sudoku!
0
benchmarks/INST_100x100/20/inst100x100_20_80.txt : 16 ms.
--------------------------------------------------
1: Invalid order. Reason: Must be between 1 and 9.
21: Invalid order. Reason: Must be between 1 and 9.
51: Invalid order. Reason: Must be between 1 and 9.
55: Invalid order. Reason: Must be between 1 and 9.
58: Invalid order. Reason: Must be between 1 and 9.
59: Invalid order. Reason: Must be between 1 and 9.
60: Invalid order. Reason: Must be between 1 and 9.
64: Invalid order. Reason: Must be between 1 and 9.
71: Invalid order. Reason: Must be between 1 and 9.
78: Invalid order. Reason: Must be between 1 and 9.
80: Invalid order. Reason: Must be between 1 and 9.
91: Invalid order. Reason: Must be between 1 and 9.
102: Incomplete Sudoku!
0
benchmarks/INST_100x100/20/inst100x100_20_81.txt : 21 ms.
--------------------------------------------------
1: Invalid order. Reason: Must be between 1 and 9.
4: Invalid order. Reason: Must be between 1 and 9.
5: Invalid order. Reason: Must be between 1 and 9.
11: Invalid order. Reason: Must be between 1 and 9.
17: Invalid order. Reason: Must be between 1 and 9.
19: Invalid order. Reason: Must be between 1 and 9.
24: Invalid order. Reason: Must be between 1 and 9.
28: Invalid order. Reason: Must be between 1 and 9.
42: Invalid order. Reason: Must be between 1 and 9.
45: Invalid order. Reason: Must be between 1 and 9.
52: Invalid order. Reason: Must be between 1 and 9.
66: Invalid order. Reason: Must be between 1 and 9.
71: Invalid order. Reason: Must be between 1 and 9.
77: Invalid order. Reason: Must be between 1 and 9.
81: Invalid order. Reason: Must be between 1 and 9.
82: Invalid order. Reason: Must be between 1 and 9.
84: Invalid order. Reason: Must be between 1 and 9.
89: Invalid order. Reason: Must be between 1 and 9.
91: Invalid order. Reason: Must be between 1 and 9.
102: Incomplete Sudoku!
0
benchmarks/INST_100x100/20/inst100x100_20_82.txt : 22 ms.
--------------------------------------------------
1: Invalid order. Reason: Must be between 1 and 9.
17: Invalid order. Reason: Must be between 1 and 9.
21: Invalid order. Reason: Must be between 1 and 9.
23: Invalid order. Reason: Must be between 1 and 9.
27: Invalid order. Reason: Must be between 1 and 9.
35: Invalid order. Reason: Must be between 1 and 9.
58: Invalid order. Reason: Must be between 1 and 9.
62: Invalid order. Reason: Must be between 1 and 9.
69: Invalid order. Reason: Must be between 1 and 9.
73: Invalid order. Reason: Must be between 1 and 9.
76: Invalid order. Reason: Must be between 1 and 9.
81: Invalid order. Reason: Must be between 1 and 9.
88: Invalid order. Reason: Must be between 1 and 9.
89: Invalid order. Reason: Must be between 1 and 9.
93: Invalid order. Reason: Must be between 1 and 9.
96: Invalid order. Reason: Must be between 1 and 9.
102: Invalid order. Reason: Must be between 1 and 9.
0
benchmarks/INST_100x100/20/inst100x100_20_83.txt : 19 ms.
--------------------------------------------------
1: Invalid order. Reason: Must be between 1 and 9.
6: Invalid order. Reason: Must be between 1 and 9.
10: Invalid order. Reason: Must be between 1 and 9.
18: Invalid order. Reason: Must be between 1 and 9.
23: Invalid order. Reason: Must be between 1 and 9.
36: Invalid order. Reason: Must be between 1 and 9.
37: Invalid order. Reason: Must be between 1 and 9.
40: Invalid order. Reason: Must be between 1 and 9.
46: Invalid order. Reason: Must be between 1 and 9.
102: Incomplete Sudoku!
run.sh: line 11: 264563 Floating point exception(core dumped) ./solvers/sudoku_ils/build/ilsSolver --instanceFile $file --timeLimit $time_t --mcProbability 100 --iterationLimit 1000 --tabuListSize 0.05 --alpha 0.8 --acceptanceProb 15 --outfile output.txt --logfile log.txt
benchmarks/INST_100x100/20/inst100x100_20_84.txt : 54 ms.
--------------------------------------------------
1: Invalid order. Reason: Must be between 1 and 9.
11: Invalid order. Reason: Must be between 1 and 9.
15: Invalid order. Reason: Must be between 1 and 9.
16: Invalid order. Reason: Must be between 1 and 9.
18: Invalid order. Reason: Must be between 1 and 9.
58: Invalid order. Reason: Must be between 1 and 9.
78: Invalid order. Reason: Must be between 1 and 9.
102: Incomplete Sudoku!
run.sh: line 11: 264677 Floating point exception(core dumped) ./solvers/sudoku_ils/build/ilsSolver --instanceFile $file --timeLimit $time_t --mcProbability 100 --iterationLimit 1000 --tabuListSize 0.05 --alpha 0.8 --acceptanceProb 15 --outfile output.txt --logfile log.txt
benchmarks/INST_100x100/20/inst100x100_20_85.txt : 52 ms.
--------------------------------------------------
1: Invalid order. Reason: Must be between 1 and 9.
5: Invalid order. Reason: Must be between 1 and 9.
11: Invalid order. Reason: Must be between 1 and 9.
13: Invalid order. Reason: Must be between 1 and 9.
14: Invalid order. Reason: Must be between 1 and 9.
20: Invalid order. Reason: Must be between 1 and 9.
24: Invalid order. Reason: Must be between 1 and 9.
25: Invalid order. Reason: Must be between 1 and 9.
26: Invalid order. Reason: Must be between 1 and 9.
30: Invalid order. Reason: Must be between 1 and 9.
34: Invalid order. Reason: Must be between 1 and 9.
35: Invalid order. Reason: Must be between 1 and 9.
39: Invalid order. Reason: Must be between 1 and 9.
48: Invalid order. Reason: Must be between 1 and 9.
49: Invalid order. Reason: Must be between 1 and 9.
50: Invalid order. Reason: Must be between 1 and 9.
70: Invalid order. Reason: Must be between 1 and 9.
71: Invalid order. Reason: Must be between 1 and 9.
73: Invalid order. Reason: Must be between 1 and 9.
76: Invalid order. Reason: Must be between 1 and 9.
80: Invalid order. Reason: Must be between 1 and 9.
82: Invalid order. Reason: Must be between 1 and 9.
86: Invalid order. Reason: Must be between 1 and 9.
101: Invalid order. Reason: Must be between 1 and 9.
0
benchmarks/INST_100x100/20/inst100x100_20_86.txt : 22 ms.
--------------------------------------------------
1: Invalid order. Reason: Must be between 1 and 9.
7: Invalid order. Reason: Must be between 1 and 9.
12: Invalid order. Reason: Must be between 1 and 9.
14: Invalid order. Reason: Must be between 1 and 9.
15: Invalid order. Reason: Must be between 1 and 9.
19: Invalid order. Reason: Must be between 1 and 9.
22: Invalid order. Reason: Must be between 1 and 9.
31: Invalid order. Reason: Must be between 1 and 9.
102: Incomplete Sudoku!
0
benchmarks/INST_100x100/20/inst100x100_20_87.txt : 21 ms.
--------------------------------------------------
1: Invalid order. Reason: Must be between 1 and 9.
10: Invalid order. Reason: Must be between 1 and 9.
16: Invalid order. Reason: Must be between 1 and 9.
17: Invalid order. Reason: Must be between 1 and 9.
22: Invalid order. Reason: Must be between 1 and 9.
32: Invalid order. Reason: Must be between 1 and 9.
34: Invalid order. Reason: Must be between 1 and 9.
36: Invalid order. Reason: Must be between 1 and 9.
43: Invalid order. Reason: Must be between 1 and 9.
45: Invalid order. Reason: Must be between 1 and 9.
55: Invalid order. Reason: Must be between 1 and 9.
73: Invalid order. Reason: Must be between 1 and 9.
74: Invalid order. Reason: Must be between 1 and 9.
75: Invalid order. Reason: Must be between 1 and 9.
76: Invalid order. Reason: Must be between 1 and 9.
81: Invalid order. Reason: Must be between 1 and 9.
83: Invalid order. Reason: Must be between 1 and 9.
88: Invalid order. Reason: Must be between 1 and 9.
91: Invalid order. Reason: Must be between 1 and 9.
93: Invalid order. Reason: Must be between 1 and 9.
96: Invalid order. Reason: Must be between 1 and 9.
0
benchmarks/INST_100x100/20/inst100x100_20_88.txt : 19 ms.
--------------------------------------------------
1: Invalid order. Reason: Must be between 1 and 9.
5: Invalid order. Reason: Must be between 1 and 9.
7: Invalid order. Reason: Must be between 1 and 9.
9: Invalid order. Reason: Must be between 1 and 9.
22: Invalid order. Reason: Must be between 1 and 9.
28: Invalid order. Reason: Must be between 1 and 9.
35: Invalid order. Reason: Must be between 1 and 9.
46: Invalid order. Reason: Must be between 1 and 9.
49: Invalid order. Reason: Must be between 1 and 9.
50: Invalid order. Reason: Must be between 1 and 9.
58: Invalid order. Reason: Must be between 1 and 9.
62: Invalid order. Reason: Must be between 1 and 9.
72: Invalid order. Reason: Must be between 1 and 9.
73: Invalid order. Reason: Must be between 1 and 9.
75: Invalid order. Reason: Must be between 1 and 9.
92: Invalid order. Reason: Must be between 1 and 9.
96: Invalid order. Reason: Must be between 1 and 9.
0
benchmarks/INST_100x100/20/inst100x100_20_89.txt : 23 ms.
--------------------------------------------------
1: Invalid order. Reason: Must be between 1 and 9.
11: Invalid order. Reason: Must be between 1 and 9.
15: Invalid order. Reason: Must be between 1 and 9.
21: Invalid order. Reason: Must be between 1 and 9.
24: Invalid order. Reason: Must be between 1 and 9.
29: Invalid order. Reason: Must be between 1 and 9.
34: Invalid order. Reason: Must be between 1 and 9.
35: Invalid order. Reason: Must be between 1 and 9.
36: Invalid order. Reason: Must be between 1 and 9.
37: Invalid order. Reason: Must be between 1 and 9.
38: Invalid order. Reason: Must be between 1 and 9.
40: Invalid order. Reason: Must be between 1 and 9.
48: Invalid order. Reason: Must be between 1 and 9.
54: Invalid order. Reason: Must be between 1 and 9.
56: Invalid order. Reason: Must be between 1 and 9.
60: Invalid order. Reason: Must be between 1 and 9.
63: Invalid order. Reason: Must be between 1 and 9.
64: Invalid order. Reason: Must be between 1 and 9.
69: Invalid order. Reason: Must be between 1 and 9.
73: Invalid order. Reason: Must be between 1 and 9.
77: Invalid order. Reason: Must be between 1 and 9.
97: Invalid order. Reason: Must be between 1 and 9.
0
benchmarks/INST_100x100/20/inst100x100_20_8.txt : 18 ms.
--------------------------------------------------
1: Invalid order. Reason: Must be between 1 and 9.
6: Invalid order. Reason: Must be between 1 and 9.
34: Invalid order. Reason: Must be between 1 and 9.
37: Invalid order. Reason: Must be between 1 and 9.
38: Invalid order. Reason: Must be between 1 and 9.
41: Invalid order. Reason: Must be between 1 and 9.
42: Invalid order. Reason: Must be between 1 and 9.
58: Invalid order. Reason: Must be between 1 and 9.
59: Invalid order. Reason: Must be between 1 and 9.
67: Invalid order. Reason: Must be between 1 and 9.
78: Invalid order. Reason: Must be between 1 and 9.
82: Invalid order. Reason: Must be between 1 and 9.
85: Invalid order. Reason: Must be between 1 and 9.
86: Invalid order. Reason: Must be between 1 and 9.
95: Invalid order. Reason: Must be between 1 and 9.
96: Invalid order. Reason: Must be between 1 and 9.
98: Invalid order. Reason: Must be between 1 and 9.
100: Invalid order. Reason: Must be between 1 and 9.
101: Invalid order. Reason: Must be between 1 and 9.
0
benchmarks/INST_100x100/20/inst100x100_20_90.txt : 17 ms.
--------------------------------------------------
1: Invalid order. Reason: Must be between 1 and 9.
23: Invalid order. Reason: Must be between 1 and 9.
30: Invalid order. Reason: Must be between 1 and 9.
35: Invalid order. Reason: Must be between 1 and 9.
38: Invalid order. Reason: Must be between 1 and 9.
42: Invalid order. Reason: Must be between 1 and 9.
44: Invalid order. Reason: Must be between 1 and 9.
50: Invalid order. Reason: Must be between 1 and 9.
54: Invalid order. Reason: Must be between 1 and 9.
65: Invalid order. Reason: Must be between 1 and 9.
76: Invalid order. Reason: Must be between 1 and 9.
77: Invalid order. Reason: Must be between 1 and 9.
81: Invalid order. Reason: Must be between 1 and 9.
94: Invalid order. Reason: Must be between 1 and 9.
96: Invalid order. Reason: Must be between 1 and 9.
0
benchmarks/INST_100x100/20/inst100x100_20_91.txt : 21 ms.
--------------------------------------------------
1: Invalid order. Reason: Must be between 1 and 9.
4: Invalid order. Reason: Must be between 1 and 9.
10: Invalid order. Reason: Must be between 1 and 9.
12: Invalid order. Reason: Must be between 1 and 9.
23: Invalid order. Reason: Must be between 1 and 9.
24: Invalid order. Reason: Must be between 1 and 9.
26: Invalid order. Reason: Must be between 1 and 9.
28: Invalid order. Reason: Must be between 1 and 9.
31: Invalid order. Reason: Must be between 1 and 9.
37: Invalid order. Reason: Must be between 1 and 9.
39: Invalid order. Reason: Must be between 1 and 9.
43: Invalid order. Reason: Must be between 1 and 9.
44: Invalid order. Reason: Must be between 1 and 9.
47: Invalid order. Reason: Must be between 1 and 9.
50: Invalid order. Reason: Must be between 1 and 9.
52: Invalid order. Reason: Must be between 1 and 9.
58: Invalid order. Reason: Must be between 1 and 9.
59: Invalid order. Reason: Must be between 1 and 9.
60: Invalid order. Reason: Must be between 1 and 9.
66: Invalid order. Reason: Must be between 1 and 9.
67: Invalid order. Reason: Must be between 1 and 9.
75: Invalid order. Reason: Must be between 1 and 9.
76: Invalid order. Reason: Must be between 1 and 9.
78: Invalid order. Reason: Must be between 1 and 9.
83: Invalid order. Reason: Must be between 1 and 9.
87: Invalid order. Reason: Must be between 1 and 9.
90: Invalid order. Reason: Must be between 1 and 9.
95: Invalid order. Reason: Must be between 1 and 9.
98: Invalid order. Reason: Must be between 1 and 9.
0
benchmarks/INST_100x100/20/inst100x100_20_92.txt : 21 ms.
--------------------------------------------------
1: Invalid order. Reason: Must be between 1 and 9.
12: Invalid order. Reason: Must be between 1 and 9.
20: Invalid order. Reason: Must be between 1 and 9.
35: Invalid order. Reason: Must be between 1 and 9.
46: Invalid order. Reason: Must be between 1 and 9.
49: Invalid order. Reason: Must be between 1 and 9.
63: Invalid order. Reason: Must be between 1 and 9.
72: Invalid order. Reason: Must be between 1 and 9.
82: Invalid order. Reason: Must be between 1 and 9.
85: Invalid order. Reason: Must be between 1 and 9.
91: Invalid order. Reason: Must be between 1 and 9.
102: Incomplete Sudoku!
run.sh: line 11: 265148 Floating point exception(core dumped) ./solvers/sudoku_ils/build/ilsSolver --instanceFile $file --timeLimit $time_t --mcProbability 100 --iterationLimit 1000 --tabuListSize 0.05 --alpha 0.8 --acceptanceProb 15 --outfile output.txt --logfile log.txt
benchmarks/INST_100x100/20/inst100x100_20_93.txt : 49 ms.
--------------------------------------------------
1: Invalid order. Reason: Must be between 1 and 9.
13: Invalid order. Reason: Must be between 1 and 9.
24: Invalid order. Reason: Must be between 1 and 9.
27: Invalid order. Reason: Must be between 1 and 9.
31: Invalid order. Reason: Must be between 1 and 9.
36: Invalid order. Reason: Must be between 1 and 9.
39: Invalid order. Reason: Must be between 1 and 9.
47: Invalid order. Reason: Must be between 1 and 9.
49: Invalid order. Reason: Must be between 1 and 9.
50: Invalid order. Reason: Must be between 1 and 9.
57: Invalid order. Reason: Must be between 1 and 9.
59: Invalid order. Reason: Must be between 1 and 9.
60: Invalid order. Reason: Must be between 1 and 9.
102: Incomplete Sudoku!
run.sh: line 11: 265238 Floating point exception./solvers/sudoku_ils/build/ilsSolver --instanceFile $file --timeLimit $time_t --mcProbability 100 --iterationLimit 1000 --tabuListSize 0.05 --alpha 0.8 --acceptanceProb 15 --outfile output.txt --logfile log.txt
benchmarks/INST_100x100/20/inst100x100_20_94.txt : 25 ms.
--------------------------------------------------
1: Invalid order. Reason: Must be between 1 and 9.
60: Invalid order. Reason: Must be between 1 and 9.
73: Invalid order. Reason: Must be between 1 and 9.
85: Invalid order. Reason: Must be between 1 and 9.
87: Invalid order. Reason: Must be between 1 and 9.
93: Invalid order. Reason: Must be between 1 and 9.
96: Invalid order. Reason: Must be between 1 and 9.
97: Invalid order. Reason: Must be between 1 and 9.
99: Invalid order. Reason: Must be between 1 and 9.
101: Invalid order. Reason: Must be between 1 and 9.
0
benchmarks/INST_100x100/20/inst100x100_20_95.txt : 22 ms.
--------------------------------------------------
1: Invalid order. Reason: Must be between 1 and 9.
12: Invalid order. Reason: Must be between 1 and 9.
16: Invalid order. Reason: Must be between 1 and 9.
17: Invalid order. Reason: Must be between 1 and 9.
0
benchmarks/INST_100x100/20/inst100x100_20_96.txt : 27 ms.
--------------------------------------------------
1: Invalid order. Reason: Must be between 1 and 9.
6: Invalid order. Reason: Must be between 1 and 9.
9: Invalid order. Reason: Must be between 1 and 9.
19: Invalid order. Reason: Must be between 1 and 9.
24: Invalid order. Reason: Must be between 1 and 9.
37: Invalid order. Reason: Must be between 1 and 9.
39: Invalid order. Reason: Must be between 1 and 9.
44: Invalid order. Reason: Must be between 1 and 9.
45: Invalid order. Reason: Must be between 1 and 9.
47: Invalid order. Reason: Must be between 1 and 9.
75: Invalid order. Reason: Must be between 1 and 9.
81: Invalid order. Reason: Must be between 1 and 9.
91: Invalid order. Reason: Must be between 1 and 9.
92: Invalid order. Reason: Must be between 1 and 9.
102: Invalid order. Reason: Must be between 1 and 9.
0
benchmarks/INST_100x100/20/inst100x100_20_97.txt : 19 ms.
--------------------------------------------------
1: Invalid order. Reason: Must be between 1 and 9.
7: Invalid order. Reason: Must be between 1 and 9.
8: Invalid order. Reason: Must be between 1 and 9.
9: Invalid order. Reason: Must be between 1 and 9.
10: Invalid order. Reason: Must be between 1 and 9.
11: Invalid order. Reason: Must be between 1 and 9.
20: Invalid order. Reason: Must be between 1 and 9.
34: Invalid order. Reason: Must be between 1 and 9.
39: Invalid order. Reason: Must be between 1 and 9.
102: Incomplete Sudoku!
0
benchmarks/INST_100x100/20/inst100x100_20_98.txt : 20 ms.
--------------------------------------------------
1: Invalid order. Reason: Must be between 1 and 9.
6: Invalid order. Reason: Must be between 1 and 9.
12: Invalid order. Reason: Must be between 1 and 9.
26: Invalid order. Reason: Must be between 1 and 9.
34: Invalid order. Reason: Must be between 1 and 9.
36: Invalid order. Reason: Must be between 1 and 9.
50: Invalid order. Reason: Must be between 1 and 9.
64: Invalid order. Reason: Must be between 1 and 9.
69: Invalid order. Reason: Must be between 1 and 9.
83: Invalid order. Reason: Must be between 1 and 9.
84: Invalid order. Reason: Must be between 1 and 9.
88: Invalid order. Reason: Must be between 1 and 9.
90: Invalid order. Reason: Must be between 1 and 9.
98: Invalid order. Reason: Must be between 1 and 9.
0
benchmarks/INST_100x100/20/inst100x100_20_99.txt : 19 ms.
--------------------------------------------------
1: Invalid order. Reason: Must be between 1 and 9.
5: Invalid order. Reason: Must be between 1 and 9.
9: Invalid order. Reason: Must be between 1 and 9.
31: Invalid order. Reason: Must be between 1 and 9.
34: Invalid order. Reason: Must be between 1 and 9.
48: Invalid order. Reason: Must be between 1 and 9.
58: Invalid order. Reason: Must be between 1 and 9.
60: Invalid order. Reason: Must be between 1 and 9.
68: Invalid order. Reason: Must be between 1 and 9.
70: Invalid order. Reason: Must be between 1 and 9.
75: Invalid order. Reason: Must be between 1 and 9.
78: Invalid order. Reason: Must be between 1 and 9.
79: Invalid order. Reason: Must be between 1 and 9.
83: Invalid order. Reason: Must be between 1 and 9.
93: Invalid order. Reason: Must be between 1 and 9.
94: Invalid order. Reason: Must be between 1 and 9.
97: Invalid order. Reason: Must be between 1 and 9.
99: Invalid order. Reason: Must be between 1 and 9.
100: Invalid order. Reason: Must be between 1 and 9.
0
benchmarks/INST_100x100/20/inst100x100_20_9.txt : 17 ms.
