--------------------------------------------------
SAT
----------
benchmarks/All-Interval/inst10.txt : 1244 ms.
--------------------------------------------------
SAT
----------
benchmarks/All-Interval/inst12.txt : 1650 ms.
--------------------------------------------------
SAT
----------
benchmarks/All-Interval/inst14.txt : 2457 ms.
--------------------------------------------------
SAT
----------
benchmarks/All-Interval/inst16.txt : 7045 ms.
--------------------------------------------------
SAT
----------
benchmarks/All-Interval/inst18.txt : 51612 ms.
--------------------------------------------------
SAT
----------
benchmarks/All-Interval/inst20.txt : 63258 ms.
--------------------------------------------------
SAT
----------
benchmarks/All-Interval/inst22.txt : 565401 ms.
--------------------------------------------------
=====UNKNOWN=====
benchmarks/All-Interval/inst24.txt : 1000152 ms.
