--------------------------------------------------
======================================================================
current best clash: 0
----------------------------------------------------------------------
current col clash: 0
current row clash: 0
current squ clash: 0
benchmarks_simp/INST_36x36/70/inst36x36_70_0.txt find answer: 0.000000
benchmarks_simp/INST_36x36/70/inst36x36_70_0.txt : 880 ms.
--------------------------------------------------
======================================================================
current best clash: 0
----------------------------------------------------------------------
current col clash: 0
current row clash: 0
current squ clash: 0
benchmarks_simp/INST_36x36/70/inst36x36_70_10.txt find answer: 0.000000
benchmarks_simp/INST_36x36/70/inst36x36_70_10.txt : 299 ms.
--------------------------------------------------
======================================================================
current best clash: 0
----------------------------------------------------------------------
current col clash: 0
current row clash: 0
current squ clash: 0
benchmarks_simp/INST_36x36/70/inst36x36_70_11.txt find answer: 0.000000
benchmarks_simp/INST_36x36/70/inst36x36_70_11.txt : 274 ms.
--------------------------------------------------
======================================================================
current best clash: 0
----------------------------------------------------------------------
current col clash: 0
current row clash: 0
current squ clash: 0
benchmarks_simp/INST_36x36/70/inst36x36_70_12.txt find answer: 0.000000
benchmarks_simp/INST_36x36/70/inst36x36_70_12.txt : 283 ms.
--------------------------------------------------
======================================================================
current best clash: 0
----------------------------------------------------------------------
current col clash: 0
current row clash: 0
current squ clash: 0
benchmarks_simp/INST_36x36/70/inst36x36_70_13.txt find answer: 0.000000
benchmarks_simp/INST_36x36/70/inst36x36_70_13.txt : 278 ms.
--------------------------------------------------
======================================================================
current best clash: 0
----------------------------------------------------------------------
current col clash: 0
current row clash: 0
current squ clash: 0
benchmarks_simp/INST_36x36/70/inst36x36_70_14.txt find answer: 0.000000
benchmarks_simp/INST_36x36/70/inst36x36_70_14.txt : 278 ms.
--------------------------------------------------
======================================================================
current best clash: 0
----------------------------------------------------------------------
current col clash: 0
current row clash: 0
current squ clash: 0
benchmarks_simp/INST_36x36/70/inst36x36_70_15.txt find answer: 0.000000
benchmarks_simp/INST_36x36/70/inst36x36_70_15.txt : 288 ms.
--------------------------------------------------
======================================================================
current best clash: 0
----------------------------------------------------------------------
current col clash: 0
current row clash: 0
current squ clash: 0
benchmarks_simp/INST_36x36/70/inst36x36_70_16.txt find answer: 0.000000
benchmarks_simp/INST_36x36/70/inst36x36_70_16.txt : 281 ms.
--------------------------------------------------
======================================================================
current best clash: 0
----------------------------------------------------------------------
current col clash: 0
current row clash: 0
current squ clash: 0
benchmarks_simp/INST_36x36/70/inst36x36_70_17.txt find answer: 0.000000
benchmarks_simp/INST_36x36/70/inst36x36_70_17.txt : 277 ms.
--------------------------------------------------
======================================================================
current best clash: 0
----------------------------------------------------------------------
current col clash: 0
current row clash: 0
current squ clash: 0
benchmarks_simp/INST_36x36/70/inst36x36_70_18.txt find answer: 0.000000
benchmarks_simp/INST_36x36/70/inst36x36_70_18.txt : 283 ms.
--------------------------------------------------
======================================================================
current best clash: 0
----------------------------------------------------------------------
current col clash: 0
current row clash: 0
current squ clash: 0
benchmarks_simp/INST_36x36/70/inst36x36_70_19.txt find answer: 0.000000
benchmarks_simp/INST_36x36/70/inst36x36_70_19.txt : 270 ms.
--------------------------------------------------
======================================================================
current best clash: 0
----------------------------------------------------------------------
current col clash: 0
current row clash: 0
current squ clash: 0
benchmarks_simp/INST_36x36/70/inst36x36_70_1.txt find answer: 0.000000
benchmarks_simp/INST_36x36/70/inst36x36_70_1.txt : 273 ms.
--------------------------------------------------
======================================================================
current best clash: 0
----------------------------------------------------------------------
current col clash: 0
current row clash: 0
current squ clash: 0
benchmarks_simp/INST_36x36/70/inst36x36_70_20.txt find answer: 0.000000
benchmarks_simp/INST_36x36/70/inst36x36_70_20.txt : 282 ms.
--------------------------------------------------
======================================================================
current best clash: 0
----------------------------------------------------------------------
current col clash: 0
current row clash: 0
current squ clash: 0
benchmarks_simp/INST_36x36/70/inst36x36_70_21.txt find answer: 0.000000
benchmarks_simp/INST_36x36/70/inst36x36_70_21.txt : 266 ms.
--------------------------------------------------
======================================================================
current best clash: 0
----------------------------------------------------------------------
current col clash: 0
current row clash: 0
current squ clash: 0
benchmarks_simp/INST_36x36/70/inst36x36_70_22.txt find answer: 0.000000
benchmarks_simp/INST_36x36/70/inst36x36_70_22.txt : 263 ms.
--------------------------------------------------
======================================================================
current best clash: 0
----------------------------------------------------------------------
current col clash: 0
current row clash: 0
current squ clash: 0
benchmarks_simp/INST_36x36/70/inst36x36_70_23.txt find answer: 0.000000
benchmarks_simp/INST_36x36/70/inst36x36_70_23.txt : 265 ms.
--------------------------------------------------
======================================================================
current best clash: 0
----------------------------------------------------------------------
current col clash: 0
current row clash: 0
current squ clash: 0
benchmarks_simp/INST_36x36/70/inst36x36_70_24.txt find answer: 0.000000
benchmarks_simp/INST_36x36/70/inst36x36_70_24.txt : 280 ms.
--------------------------------------------------
======================================================================
current best clash: 0
----------------------------------------------------------------------
current col clash: 0
current row clash: 0
current squ clash: 0
benchmarks_simp/INST_36x36/70/inst36x36_70_25.txt find answer: 0.000000
benchmarks_simp/INST_36x36/70/inst36x36_70_25.txt : 280 ms.
--------------------------------------------------
======================================================================
current best clash: 0
----------------------------------------------------------------------
current col clash: 0
current row clash: 0
current squ clash: 0
benchmarks_simp/INST_36x36/70/inst36x36_70_26.txt find answer: 0.000000
benchmarks_simp/INST_36x36/70/inst36x36_70_26.txt : 276 ms.
--------------------------------------------------
======================================================================
current best clash: 0
----------------------------------------------------------------------
current col clash: 0
current row clash: 0
current squ clash: 0
benchmarks_simp/INST_36x36/70/inst36x36_70_27.txt find answer: 0.000000
benchmarks_simp/INST_36x36/70/inst36x36_70_27.txt : 270 ms.
--------------------------------------------------
======================================================================
current best clash: 0
----------------------------------------------------------------------
current col clash: 0
current row clash: 0
current squ clash: 0
benchmarks_simp/INST_36x36/70/inst36x36_70_28.txt find answer: 0.000000
benchmarks_simp/INST_36x36/70/inst36x36_70_28.txt : 258 ms.
--------------------------------------------------
======================================================================
current best clash: 0
----------------------------------------------------------------------
current col clash: 0
current row clash: 0
current squ clash: 0
benchmarks_simp/INST_36x36/70/inst36x36_70_29.txt find answer: 0.000000
benchmarks_simp/INST_36x36/70/inst36x36_70_29.txt : 277 ms.
--------------------------------------------------
======================================================================
current best clash: 0
----------------------------------------------------------------------
current col clash: 0
current row clash: 0
current squ clash: 0
benchmarks_simp/INST_36x36/70/inst36x36_70_2.txt find answer: 0.000000
benchmarks_simp/INST_36x36/70/inst36x36_70_2.txt : 262 ms.
--------------------------------------------------
======================================================================
current best clash: 0
----------------------------------------------------------------------
current col clash: 0
current row clash: 0
current squ clash: 0
benchmarks_simp/INST_36x36/70/inst36x36_70_30.txt find answer: 0.000000
benchmarks_simp/INST_36x36/70/inst36x36_70_30.txt : 268 ms.
--------------------------------------------------
======================================================================
current best clash: 0
----------------------------------------------------------------------
current col clash: 0
current row clash: 0
current squ clash: 0
benchmarks_simp/INST_36x36/70/inst36x36_70_31.txt find answer: 0.000000
benchmarks_simp/INST_36x36/70/inst36x36_70_31.txt : 268 ms.
--------------------------------------------------
======================================================================
current best clash: 0
----------------------------------------------------------------------
current col clash: 0
current row clash: 0
current squ clash: 0
benchmarks_simp/INST_36x36/70/inst36x36_70_32.txt find answer: 0.000000
benchmarks_simp/INST_36x36/70/inst36x36_70_32.txt : 278 ms.
--------------------------------------------------
======================================================================
current best clash: 0
----------------------------------------------------------------------
current col clash: 0
current row clash: 0
current squ clash: 0
benchmarks_simp/INST_36x36/70/inst36x36_70_33.txt find answer: 0.000000
benchmarks_simp/INST_36x36/70/inst36x36_70_33.txt : 270 ms.
--------------------------------------------------
======================================================================
current best clash: 0
----------------------------------------------------------------------
current col clash: 0
current row clash: 0
current squ clash: 0
benchmarks_simp/INST_36x36/70/inst36x36_70_34.txt find answer: 0.000000
benchmarks_simp/INST_36x36/70/inst36x36_70_34.txt : 288 ms.
--------------------------------------------------
======================================================================
current best clash: 0
----------------------------------------------------------------------
current col clash: 0
current row clash: 0
current squ clash: 0
benchmarks_simp/INST_36x36/70/inst36x36_70_35.txt find answer: 0.000000
benchmarks_simp/INST_36x36/70/inst36x36_70_35.txt : 281 ms.
--------------------------------------------------
======================================================================
current best clash: 0
----------------------------------------------------------------------
current col clash: 0
current row clash: 0
current squ clash: 0
benchmarks_simp/INST_36x36/70/inst36x36_70_36.txt find answer: 0.000000
benchmarks_simp/INST_36x36/70/inst36x36_70_36.txt : 271 ms.
--------------------------------------------------
======================================================================
current best clash: 0
----------------------------------------------------------------------
current col clash: 0
current row clash: 0
current squ clash: 0
benchmarks_simp/INST_36x36/70/inst36x36_70_37.txt find answer: 0.000000
benchmarks_simp/INST_36x36/70/inst36x36_70_37.txt : 277 ms.
--------------------------------------------------
======================================================================
current best clash: 0
----------------------------------------------------------------------
current col clash: 0
current row clash: 0
current squ clash: 0
benchmarks_simp/INST_36x36/70/inst36x36_70_38.txt find answer: 0.000000
benchmarks_simp/INST_36x36/70/inst36x36_70_38.txt : 268 ms.
--------------------------------------------------
======================================================================
current best clash: 0
----------------------------------------------------------------------
current col clash: 0
current row clash: 0
current squ clash: 0
benchmarks_simp/INST_36x36/70/inst36x36_70_39.txt find answer: 0.000000
benchmarks_simp/INST_36x36/70/inst36x36_70_39.txt : 284 ms.
--------------------------------------------------
======================================================================
current best clash: 0
----------------------------------------------------------------------
current col clash: 0
current row clash: 0
current squ clash: 0
benchmarks_simp/INST_36x36/70/inst36x36_70_3.txt find answer: 0.000000
benchmarks_simp/INST_36x36/70/inst36x36_70_3.txt : 698 ms.
--------------------------------------------------
======================================================================
current best clash: 0
----------------------------------------------------------------------
current col clash: 0
current row clash: 0
current squ clash: 0
benchmarks_simp/INST_36x36/70/inst36x36_70_40.txt find answer: 0.000000
benchmarks_simp/INST_36x36/70/inst36x36_70_40.txt : 393 ms.
--------------------------------------------------
======================================================================
current best clash: 0
----------------------------------------------------------------------
current col clash: 0
current row clash: 0
current squ clash: 0
benchmarks_simp/INST_36x36/70/inst36x36_70_41.txt find answer: 0.000000
benchmarks_simp/INST_36x36/70/inst36x36_70_41.txt : 261 ms.
--------------------------------------------------
======================================================================
current best clash: 0
----------------------------------------------------------------------
current col clash: 0
current row clash: 0
current squ clash: 0
benchmarks_simp/INST_36x36/70/inst36x36_70_42.txt find answer: 0.000000
benchmarks_simp/INST_36x36/70/inst36x36_70_42.txt : 272 ms.
--------------------------------------------------
======================================================================
current best clash: 0
----------------------------------------------------------------------
current col clash: 0
current row clash: 0
current squ clash: 0
benchmarks_simp/INST_36x36/70/inst36x36_70_43.txt find answer: 0.000000
benchmarks_simp/INST_36x36/70/inst36x36_70_43.txt : 276 ms.
--------------------------------------------------
======================================================================
current best clash: 0
----------------------------------------------------------------------
current col clash: 0
current row clash: 0
current squ clash: 0
benchmarks_simp/INST_36x36/70/inst36x36_70_44.txt find answer: 0.000000
benchmarks_simp/INST_36x36/70/inst36x36_70_44.txt : 281 ms.
--------------------------------------------------
======================================================================
current best clash: 0
----------------------------------------------------------------------
current col clash: 0
current row clash: 0
current squ clash: 0
benchmarks_simp/INST_36x36/70/inst36x36_70_45.txt find answer: 0.000000
benchmarks_simp/INST_36x36/70/inst36x36_70_45.txt : 271 ms.
--------------------------------------------------
======================================================================
current best clash: 0
----------------------------------------------------------------------
current col clash: 0
current row clash: 0
current squ clash: 0
benchmarks_simp/INST_36x36/70/inst36x36_70_46.txt find answer: 0.000000
benchmarks_simp/INST_36x36/70/inst36x36_70_46.txt : 281 ms.
--------------------------------------------------
======================================================================
current best clash: 0
----------------------------------------------------------------------
current col clash: 0
current row clash: 0
current squ clash: 0
benchmarks_simp/INST_36x36/70/inst36x36_70_47.txt find answer: 0.010000
benchmarks_simp/INST_36x36/70/inst36x36_70_47.txt : 277 ms.
--------------------------------------------------
======================================================================
current best clash: 0
----------------------------------------------------------------------
current col clash: 0
current row clash: 0
current squ clash: 0
benchmarks_simp/INST_36x36/70/inst36x36_70_48.txt find answer: 0.000000
benchmarks_simp/INST_36x36/70/inst36x36_70_48.txt : 256 ms.
--------------------------------------------------
======================================================================
current best clash: 0
----------------------------------------------------------------------
current col clash: 0
current row clash: 0
current squ clash: 0
benchmarks_simp/INST_36x36/70/inst36x36_70_49.txt find answer: 0.000000
benchmarks_simp/INST_36x36/70/inst36x36_70_49.txt : 279 ms.
--------------------------------------------------
======================================================================
current best clash: 0
----------------------------------------------------------------------
current col clash: 0
current row clash: 0
current squ clash: 0
benchmarks_simp/INST_36x36/70/inst36x36_70_4.txt find answer: 0.000000
benchmarks_simp/INST_36x36/70/inst36x36_70_4.txt : 276 ms.
--------------------------------------------------
======================================================================
current best clash: 0
----------------------------------------------------------------------
current col clash: 0
current row clash: 0
current squ clash: 0
benchmarks_simp/INST_36x36/70/inst36x36_70_50.txt find answer: 0.000000
benchmarks_simp/INST_36x36/70/inst36x36_70_50.txt : 275 ms.
--------------------------------------------------
======================================================================
current best clash: 0
----------------------------------------------------------------------
current col clash: 0
current row clash: 0
current squ clash: 0
benchmarks_simp/INST_36x36/70/inst36x36_70_51.txt find answer: 0.000000
benchmarks_simp/INST_36x36/70/inst36x36_70_51.txt : 260 ms.
--------------------------------------------------
======================================================================
current best clash: 0
----------------------------------------------------------------------
current col clash: 0
current row clash: 0
current squ clash: 0
benchmarks_simp/INST_36x36/70/inst36x36_70_52.txt find answer: 0.000000
benchmarks_simp/INST_36x36/70/inst36x36_70_52.txt : 259 ms.
--------------------------------------------------
======================================================================
current best clash: 0
----------------------------------------------------------------------
current col clash: 0
current row clash: 0
current squ clash: 0
benchmarks_simp/INST_36x36/70/inst36x36_70_53.txt find answer: 0.000000
benchmarks_simp/INST_36x36/70/inst36x36_70_53.txt : 265 ms.
--------------------------------------------------
======================================================================
current best clash: 0
----------------------------------------------------------------------
current col clash: 0
current row clash: 0
current squ clash: 0
benchmarks_simp/INST_36x36/70/inst36x36_70_54.txt find answer: 0.000000
benchmarks_simp/INST_36x36/70/inst36x36_70_54.txt : 265 ms.
--------------------------------------------------
======================================================================
current best clash: 0
----------------------------------------------------------------------
current col clash: 0
current row clash: 0
current squ clash: 0
benchmarks_simp/INST_36x36/70/inst36x36_70_55.txt find answer: 0.000000
benchmarks_simp/INST_36x36/70/inst36x36_70_55.txt : 275 ms.
--------------------------------------------------
======================================================================
current best clash: 0
----------------------------------------------------------------------
current col clash: 0
current row clash: 0
current squ clash: 0
benchmarks_simp/INST_36x36/70/inst36x36_70_56.txt find answer: 0.000000
benchmarks_simp/INST_36x36/70/inst36x36_70_56.txt : 255 ms.
--------------------------------------------------
======================================================================
current best clash: 0
----------------------------------------------------------------------
current col clash: 0
current row clash: 0
current squ clash: 0
benchmarks_simp/INST_36x36/70/inst36x36_70_57.txt find answer: 0.000000
benchmarks_simp/INST_36x36/70/inst36x36_70_57.txt : 269 ms.
--------------------------------------------------
======================================================================
current best clash: 0
----------------------------------------------------------------------
current col clash: 0
current row clash: 0
current squ clash: 0
benchmarks_simp/INST_36x36/70/inst36x36_70_58.txt find answer: 0.000000
benchmarks_simp/INST_36x36/70/inst36x36_70_58.txt : 256 ms.
--------------------------------------------------
======================================================================
current best clash: 0
----------------------------------------------------------------------
current col clash: 0
current row clash: 0
current squ clash: 0
benchmarks_simp/INST_36x36/70/inst36x36_70_59.txt find answer: 0.000000
benchmarks_simp/INST_36x36/70/inst36x36_70_59.txt : 278 ms.
--------------------------------------------------
======================================================================
current best clash: 0
----------------------------------------------------------------------
current col clash: 0
current row clash: 0
current squ clash: 0
benchmarks_simp/INST_36x36/70/inst36x36_70_5.txt find answer: 0.000000
benchmarks_simp/INST_36x36/70/inst36x36_70_5.txt : 270 ms.
--------------------------------------------------
======================================================================
current best clash: 0
----------------------------------------------------------------------
current col clash: 0
current row clash: 0
current squ clash: 0
benchmarks_simp/INST_36x36/70/inst36x36_70_60.txt find answer: 0.000000
benchmarks_simp/INST_36x36/70/inst36x36_70_60.txt : 261 ms.
--------------------------------------------------
======================================================================
current best clash: 0
----------------------------------------------------------------------
current col clash: 0
current row clash: 0
current squ clash: 0
benchmarks_simp/INST_36x36/70/inst36x36_70_61.txt find answer: 0.000000
benchmarks_simp/INST_36x36/70/inst36x36_70_61.txt : 266 ms.
--------------------------------------------------
======================================================================
current best clash: 0
----------------------------------------------------------------------
current col clash: 0
current row clash: 0
current squ clash: 0
benchmarks_simp/INST_36x36/70/inst36x36_70_62.txt find answer: 0.000000
benchmarks_simp/INST_36x36/70/inst36x36_70_62.txt : 280 ms.
--------------------------------------------------
======================================================================
current best clash: 0
----------------------------------------------------------------------
current col clash: 0
current row clash: 0
current squ clash: 0
benchmarks_simp/INST_36x36/70/inst36x36_70_63.txt find answer: 0.000000
benchmarks_simp/INST_36x36/70/inst36x36_70_63.txt : 272 ms.
--------------------------------------------------
======================================================================
current best clash: 0
----------------------------------------------------------------------
current col clash: 0
current row clash: 0
current squ clash: 0
benchmarks_simp/INST_36x36/70/inst36x36_70_64.txt find answer: 0.000000
benchmarks_simp/INST_36x36/70/inst36x36_70_64.txt : 277 ms.
--------------------------------------------------
======================================================================
current best clash: 0
----------------------------------------------------------------------
current col clash: 0
current row clash: 0
current squ clash: 0
benchmarks_simp/INST_36x36/70/inst36x36_70_65.txt find answer: 0.000000
benchmarks_simp/INST_36x36/70/inst36x36_70_65.txt : 258 ms.
--------------------------------------------------
======================================================================
current best clash: 0
----------------------------------------------------------------------
current col clash: 0
current row clash: 0
current squ clash: 0
benchmarks_simp/INST_36x36/70/inst36x36_70_66.txt find answer: 0.000000
benchmarks_simp/INST_36x36/70/inst36x36_70_66.txt : 266 ms.
--------------------------------------------------
======================================================================
current best clash: 0
----------------------------------------------------------------------
current col clash: 0
current row clash: 0
current squ clash: 0
benchmarks_simp/INST_36x36/70/inst36x36_70_67.txt find answer: 0.000000
benchmarks_simp/INST_36x36/70/inst36x36_70_67.txt : 263 ms.
--------------------------------------------------
======================================================================
current best clash: 0
----------------------------------------------------------------------
current col clash: 0
current row clash: 0
current squ clash: 0
benchmarks_simp/INST_36x36/70/inst36x36_70_68.txt find answer: 0.000000
benchmarks_simp/INST_36x36/70/inst36x36_70_68.txt : 276 ms.
--------------------------------------------------
======================================================================
current best clash: 0
----------------------------------------------------------------------
current col clash: 0
current row clash: 0
current squ clash: 0
benchmarks_simp/INST_36x36/70/inst36x36_70_69.txt find answer: 0.000000
benchmarks_simp/INST_36x36/70/inst36x36_70_69.txt : 260 ms.
--------------------------------------------------
======================================================================
current best clash: 0
----------------------------------------------------------------------
current col clash: 0
current row clash: 0
current squ clash: 0
benchmarks_simp/INST_36x36/70/inst36x36_70_6.txt find answer: 0.000000
benchmarks_simp/INST_36x36/70/inst36x36_70_6.txt : 256 ms.
--------------------------------------------------
======================================================================
current best clash: 0
----------------------------------------------------------------------
current col clash: 0
current row clash: 0
current squ clash: 0
benchmarks_simp/INST_36x36/70/inst36x36_70_70.txt find answer: 0.000000
benchmarks_simp/INST_36x36/70/inst36x36_70_70.txt : 626 ms.
--------------------------------------------------
======================================================================
current best clash: 0
----------------------------------------------------------------------
current col clash: 0
current row clash: 0
current squ clash: 0
benchmarks_simp/INST_36x36/70/inst36x36_70_71.txt find answer: 0.000000
benchmarks_simp/INST_36x36/70/inst36x36_70_71.txt : 486 ms.
--------------------------------------------------
======================================================================
current best clash: 0
----------------------------------------------------------------------
current col clash: 0
current row clash: 0
current squ clash: 0
benchmarks_simp/INST_36x36/70/inst36x36_70_72.txt find answer: 0.000000
benchmarks_simp/INST_36x36/70/inst36x36_70_72.txt : 274 ms.
--------------------------------------------------
======================================================================
current best clash: 0
----------------------------------------------------------------------
current col clash: 0
current row clash: 0
current squ clash: 0
benchmarks_simp/INST_36x36/70/inst36x36_70_73.txt find answer: 0.000000
benchmarks_simp/INST_36x36/70/inst36x36_70_73.txt : 267 ms.
--------------------------------------------------
======================================================================
current best clash: 0
----------------------------------------------------------------------
current col clash: 0
current row clash: 0
current squ clash: 0
benchmarks_simp/INST_36x36/70/inst36x36_70_74.txt find answer: 0.000000
benchmarks_simp/INST_36x36/70/inst36x36_70_74.txt : 277 ms.
--------------------------------------------------
======================================================================
current best clash: 0
----------------------------------------------------------------------
current col clash: 0
current row clash: 0
current squ clash: 0
benchmarks_simp/INST_36x36/70/inst36x36_70_75.txt find answer: 0.000000
benchmarks_simp/INST_36x36/70/inst36x36_70_75.txt : 274 ms.
--------------------------------------------------
======================================================================
current best clash: 0
----------------------------------------------------------------------
current col clash: 0
current row clash: 0
current squ clash: 0
benchmarks_simp/INST_36x36/70/inst36x36_70_76.txt find answer: 0.000000
benchmarks_simp/INST_36x36/70/inst36x36_70_76.txt : 264 ms.
--------------------------------------------------
======================================================================
current best clash: 0
----------------------------------------------------------------------
current col clash: 0
current row clash: 0
current squ clash: 0
benchmarks_simp/INST_36x36/70/inst36x36_70_77.txt find answer: 0.000000
benchmarks_simp/INST_36x36/70/inst36x36_70_77.txt : 263 ms.
--------------------------------------------------
======================================================================
current best clash: 0
----------------------------------------------------------------------
current col clash: 0
current row clash: 0
current squ clash: 0
benchmarks_simp/INST_36x36/70/inst36x36_70_78.txt find answer: 0.000000
benchmarks_simp/INST_36x36/70/inst36x36_70_78.txt : 257 ms.
--------------------------------------------------
======================================================================
current best clash: 0
----------------------------------------------------------------------
current col clash: 0
current row clash: 0
current squ clash: 0
benchmarks_simp/INST_36x36/70/inst36x36_70_79.txt find answer: 0.000000
benchmarks_simp/INST_36x36/70/inst36x36_70_79.txt : 259 ms.
--------------------------------------------------
======================================================================
current best clash: 0
----------------------------------------------------------------------
current col clash: 0
current row clash: 0
current squ clash: 0
benchmarks_simp/INST_36x36/70/inst36x36_70_7.txt find answer: 0.000000
benchmarks_simp/INST_36x36/70/inst36x36_70_7.txt : 254 ms.
--------------------------------------------------
======================================================================
current best clash: 0
----------------------------------------------------------------------
current col clash: 0
current row clash: 0
current squ clash: 0
benchmarks_simp/INST_36x36/70/inst36x36_70_80.txt find answer: 0.000000
benchmarks_simp/INST_36x36/70/inst36x36_70_80.txt : 252 ms.
--------------------------------------------------
======================================================================
current best clash: 0
----------------------------------------------------------------------
current col clash: 0
current row clash: 0
current squ clash: 0
benchmarks_simp/INST_36x36/70/inst36x36_70_81.txt find answer: 0.000000
benchmarks_simp/INST_36x36/70/inst36x36_70_81.txt : 273 ms.
--------------------------------------------------
======================================================================
current best clash: 0
----------------------------------------------------------------------
current col clash: 0
current row clash: 0
current squ clash: 0
benchmarks_simp/INST_36x36/70/inst36x36_70_82.txt find answer: 0.000000
