--------------------------------------------------
benchmarks_LEQ/INST_64x64/40/inst64x64_40_0.txt find answer: 70.970000
benchmarks_LEQ/INST_64x64/40/inst64x64_40_0.txt : 71310 ms.
--------------------------------------------------
benchmarks_LEQ/INST_64x64/40/inst64x64_40_10.txt find answer: 196.010000
benchmarks_LEQ/INST_64x64/40/inst64x64_40_10.txt : 196354 ms.
--------------------------------------------------
benchmarks_LEQ/INST_64x64/40/inst64x64_40_11.txt find answer: 16.890000
benchmarks_LEQ/INST_64x64/40/inst64x64_40_11.txt : 17223 ms.
--------------------------------------------------
benchmarks_LEQ/INST_64x64/40/inst64x64_40_12.txt find answer: 8.080000
benchmarks_LEQ/INST_64x64/40/inst64x64_40_12.txt : 8405 ms.
--------------------------------------------------
benchmarks_LEQ/INST_64x64/40/inst64x64_40_13.txt find answer: 12.880000
benchmarks_LEQ/INST_64x64/40/inst64x64_40_13.txt : 13448 ms.
--------------------------------------------------
benchmarks_LEQ/INST_64x64/40/inst64x64_40_14.txt find answer: 25.220000
benchmarks_LEQ/INST_64x64/40/inst64x64_40_14.txt : 25541 ms.
--------------------------------------------------
benchmarks_LEQ/INST_64x64/40/inst64x64_40_15.txt find answer: 4.680000
benchmarks_LEQ/INST_64x64/40/inst64x64_40_15.txt : 5075 ms.
--------------------------------------------------
benchmarks_LEQ/INST_64x64/40/inst64x64_40_16.txt find answer: 89.410000
benchmarks_LEQ/INST_64x64/40/inst64x64_40_16.txt : 89745 ms.
--------------------------------------------------
benchmarks_LEQ/INST_64x64/40/inst64x64_40_17.txt find answer: 12.970000
benchmarks_LEQ/INST_64x64/40/inst64x64_40_17.txt : 13532 ms.
--------------------------------------------------
benchmarks_LEQ/INST_64x64/40/inst64x64_40_18.txt find answer: 13.050000
benchmarks_LEQ/INST_64x64/40/inst64x64_40_18.txt : 13384 ms.
--------------------------------------------------
benchmarks_LEQ/INST_64x64/40/inst64x64_40_19.txt find answer: 29.950000
benchmarks_LEQ/INST_64x64/40/inst64x64_40_19.txt : 30286 ms.
--------------------------------------------------
benchmarks_LEQ/INST_64x64/40/inst64x64_40_1.txt find answer: 21.600000
benchmarks_LEQ/INST_64x64/40/inst64x64_40_1.txt : 21960 ms.
--------------------------------------------------
benchmarks_LEQ/INST_64x64/40/inst64x64_40_20.txt find answer: 53.520000
benchmarks_LEQ/INST_64x64/40/inst64x64_40_20.txt : 53841 ms.
--------------------------------------------------
benchmarks_LEQ/INST_64x64/40/inst64x64_40_21.txt find answer: 5.880000
benchmarks_LEQ/INST_64x64/40/inst64x64_40_21.txt : 8310 ms.
--------------------------------------------------
benchmarks_LEQ/INST_64x64/40/inst64x64_40_22.txt find answer: 27.200000
benchmarks_LEQ/INST_64x64/40/inst64x64_40_22.txt : 27640 ms.
--------------------------------------------------
benchmarks_LEQ/INST_64x64/40/inst64x64_40_23.txt find answer: 4.850000
benchmarks_LEQ/INST_64x64/40/inst64x64_40_23.txt : 5183 ms.
--------------------------------------------------
benchmarks_LEQ/INST_64x64/40/inst64x64_40_24.txt find answer: 2.820000
benchmarks_LEQ/INST_64x64/40/inst64x64_40_24.txt : 3151 ms.
--------------------------------------------------
benchmarks_LEQ/INST_64x64/40/inst64x64_40_25.txt find answer: 105.560000
benchmarks_LEQ/INST_64x64/40/inst64x64_40_25.txt : 105917 ms.
--------------------------------------------------
benchmarks_LEQ/INST_64x64/40/inst64x64_40_26.txt find answer: 5.060000
benchmarks_LEQ/INST_64x64/40/inst64x64_40_26.txt : 5399 ms.
--------------------------------------------------
benchmarks_LEQ/INST_64x64/40/inst64x64_40_27.txt find answer: 147.790000
benchmarks_LEQ/INST_64x64/40/inst64x64_40_27.txt : 148206 ms.
--------------------------------------------------
benchmarks_LEQ/INST_64x64/40/inst64x64_40_28.txt find answer: 43.240000
benchmarks_LEQ/INST_64x64/40/inst64x64_40_28.txt : 43594 ms.
--------------------------------------------------
benchmarks_LEQ/INST_64x64/40/inst64x64_40_29.txt find answer: 39.730000
benchmarks_LEQ/INST_64x64/40/inst64x64_40_29.txt : 40068 ms.
--------------------------------------------------
benchmarks_LEQ/INST_64x64/40/inst64x64_40_2.txt find answer: 5.970000
benchmarks_LEQ/INST_64x64/40/inst64x64_40_2.txt : 6314 ms.
--------------------------------------------------
benchmarks_LEQ/INST_64x64/40/inst64x64_40_30.txt find answer: 4.110000
benchmarks_LEQ/INST_64x64/40/inst64x64_40_30.txt : 4441 ms.
--------------------------------------------------
benchmarks_LEQ/INST_64x64/40/inst64x64_40_31.txt find answer: 313.590000
benchmarks_LEQ/INST_64x64/40/inst64x64_40_31.txt : 315343 ms.
--------------------------------------------------
benchmarks_LEQ/INST_64x64/40/inst64x64_40_32.txt find answer: 19.860000
benchmarks_LEQ/INST_64x64/40/inst64x64_40_32.txt : 20217 ms.
--------------------------------------------------
benchmarks_LEQ/INST_64x64/40/inst64x64_40_33.txt find answer: 4.380000
benchmarks_LEQ/INST_64x64/40/inst64x64_40_33.txt : 4698 ms.
--------------------------------------------------
benchmarks_LEQ/INST_64x64/40/inst64x64_40_34.txt find answer: 86.610000
benchmarks_LEQ/INST_64x64/40/inst64x64_40_34.txt : 87740 ms.
--------------------------------------------------
benchmarks_LEQ/INST_64x64/40/inst64x64_40_35.txt find answer: 36.780000
benchmarks_LEQ/INST_64x64/40/inst64x64_40_35.txt : 37141 ms.
--------------------------------------------------
benchmarks_LEQ/INST_64x64/40/inst64x64_40_36.txt find answer: 7.530000
benchmarks_LEQ/INST_64x64/40/inst64x64_40_36.txt : 7845 ms.
--------------------------------------------------
benchmarks_LEQ/INST_64x64/40/inst64x64_40_37.txt find answer: 8.290000
benchmarks_LEQ/INST_64x64/40/inst64x64_40_37.txt : 8624 ms.
--------------------------------------------------
benchmarks_LEQ/INST_64x64/40/inst64x64_40_38.txt find answer: 16.920000
benchmarks_LEQ/INST_64x64/40/inst64x64_40_38.txt : 17232 ms.
--------------------------------------------------
benchmarks_LEQ/INST_64x64/40/inst64x64_40_39.txt find answer: 8.040000
benchmarks_LEQ/INST_64x64/40/inst64x64_40_39.txt : 8401 ms.
--------------------------------------------------
benchmarks_LEQ/INST_64x64/40/inst64x64_40_3.txt find answer: 9.410000
benchmarks_LEQ/INST_64x64/40/inst64x64_40_3.txt : 9744 ms.
--------------------------------------------------
benchmarks_LEQ/INST_64x64/40/inst64x64_40_40.txt find answer: 734.880000
benchmarks_LEQ/INST_64x64/40/inst64x64_40_40.txt : 735248 ms.
--------------------------------------------------
benchmarks_LEQ/INST_64x64/40/inst64x64_40_41.txt find answer: 12.430000
benchmarks_LEQ/INST_64x64/40/inst64x64_40_41.txt : 12755 ms.
--------------------------------------------------
benchmarks_LEQ/INST_64x64/40/inst64x64_40_42.txt find answer: 13.580000
benchmarks_LEQ/INST_64x64/40/inst64x64_40_42.txt : 13909 ms.
--------------------------------------------------
benchmarks_LEQ/INST_64x64/40/inst64x64_40_43.txt find answer: 154.360000
benchmarks_LEQ/INST_64x64/40/inst64x64_40_43.txt : 154704 ms.
--------------------------------------------------
benchmarks_LEQ/INST_64x64/40/inst64x64_40_44.txt find answer: 3.010000
benchmarks_LEQ/INST_64x64/40/inst64x64_40_44.txt : 3340 ms.
--------------------------------------------------
benchmarks_LEQ/INST_64x64/40/inst64x64_40_45.txt find answer: 27.560000
benchmarks_LEQ/INST_64x64/40/inst64x64_40_45.txt : 27885 ms.
--------------------------------------------------
benchmarks_LEQ/INST_64x64/40/inst64x64_40_46.txt find answer: 12.410000
benchmarks_LEQ/INST_64x64/40/inst64x64_40_46.txt : 12735 ms.
--------------------------------------------------
benchmarks_LEQ/INST_64x64/40/inst64x64_40_47.txt find answer: 19.880000
benchmarks_LEQ/INST_64x64/40/inst64x64_40_47.txt : 20203 ms.
--------------------------------------------------
benchmarks_LEQ/INST_64x64/40/inst64x64_40_48.txt find answer: 35.850000
benchmarks_LEQ/INST_64x64/40/inst64x64_40_48.txt : 36173 ms.
--------------------------------------------------
benchmarks_LEQ/INST_64x64/40/inst64x64_40_49.txt find answer: 7.640000
benchmarks_LEQ/INST_64x64/40/inst64x64_40_49.txt : 7965 ms.
--------------------------------------------------
benchmarks_LEQ/INST_64x64/40/inst64x64_40_4.txt find answer: 6.770000
benchmarks_LEQ/INST_64x64/40/inst64x64_40_4.txt : 7098 ms.
--------------------------------------------------
benchmarks_LEQ/INST_64x64/40/inst64x64_40_50.txt find answer: 44.630000
benchmarks_LEQ/INST_64x64/40/inst64x64_40_50.txt : 44968 ms.
--------------------------------------------------
benchmarks_LEQ/INST_64x64/40/inst64x64_40_51.txt find answer: 67.920000
benchmarks_LEQ/INST_64x64/40/inst64x64_40_51.txt : 68260 ms.
--------------------------------------------------
benchmarks_LEQ/INST_64x64/40/inst64x64_40_52.txt find answer: 5.010000
benchmarks_LEQ/INST_64x64/40/inst64x64_40_52.txt : 5336 ms.
--------------------------------------------------
benchmarks_LEQ/INST_64x64/40/inst64x64_40_53.txt find answer: 10.560000
benchmarks_LEQ/INST_64x64/40/inst64x64_40_53.txt : 10886 ms.
--------------------------------------------------
benchmarks_LEQ/INST_64x64/40/inst64x64_40_54.txt find answer: 9.460000
benchmarks_LEQ/INST_64x64/40/inst64x64_40_54.txt : 9789 ms.
--------------------------------------------------
benchmarks_LEQ/INST_64x64/40/inst64x64_40_55.txt find answer: 26.260000
benchmarks_LEQ/INST_64x64/40/inst64x64_40_55.txt : 26581 ms.
--------------------------------------------------
benchmarks_LEQ/INST_64x64/40/inst64x64_40_56.txt find answer: 7.050000
benchmarks_LEQ/INST_64x64/40/inst64x64_40_56.txt : 7391 ms.
--------------------------------------------------
benchmarks_LEQ/INST_64x64/40/inst64x64_40_57.txt find answer: 3.950000
benchmarks_LEQ/INST_64x64/40/inst64x64_40_57.txt : 4275 ms.
--------------------------------------------------
benchmarks_LEQ/INST_64x64/40/inst64x64_40_58.txt find answer: 5.380000
benchmarks_LEQ/INST_64x64/40/inst64x64_40_58.txt : 5697 ms.
--------------------------------------------------
benchmarks_LEQ/INST_64x64/40/inst64x64_40_59.txt find answer: 13.860000
benchmarks_LEQ/INST_64x64/40/inst64x64_40_59.txt : 14178 ms.
--------------------------------------------------
benchmarks_LEQ/INST_64x64/40/inst64x64_40_5.txt find answer: 18.500000
benchmarks_LEQ/INST_64x64/40/inst64x64_40_5.txt : 18841 ms.
--------------------------------------------------
benchmarks_LEQ/INST_64x64/40/inst64x64_40_60.txt find answer: 13.830000
benchmarks_LEQ/INST_64x64/40/inst64x64_40_60.txt : 14164 ms.
--------------------------------------------------
benchmarks_LEQ/INST_64x64/40/inst64x64_40_61.txt find answer: 14.990000
benchmarks_LEQ/INST_64x64/40/inst64x64_40_61.txt : 15321 ms.
--------------------------------------------------
benchmarks_LEQ/INST_64x64/40/inst64x64_40_62.txt find answer: 51.800000
benchmarks_LEQ/INST_64x64/40/inst64x64_40_62.txt : 52131 ms.
--------------------------------------------------
benchmarks_LEQ/INST_64x64/40/inst64x64_40_63.txt find answer: 142.780000
benchmarks_LEQ/INST_64x64/40/inst64x64_40_63.txt : 143117 ms.
--------------------------------------------------
benchmarks_LEQ/INST_64x64/40/inst64x64_40_64.txt find answer: 11.730000
benchmarks_LEQ/INST_64x64/40/inst64x64_40_64.txt : 12063 ms.
--------------------------------------------------
benchmarks_LEQ/INST_64x64/40/inst64x64_40_65.txt find answer: 28.350000
benchmarks_LEQ/INST_64x64/40/inst64x64_40_65.txt : 28673 ms.
--------------------------------------------------
benchmarks_LEQ/INST_64x64/40/inst64x64_40_66.txt find answer: 43.440000
benchmarks_LEQ/INST_64x64/40/inst64x64_40_66.txt : 43777 ms.
--------------------------------------------------
benchmarks_LEQ/INST_64x64/40/inst64x64_40_67.txt find answer: 19.890000
benchmarks_LEQ/INST_64x64/40/inst64x64_40_67.txt : 20211 ms.
--------------------------------------------------
benchmarks_LEQ/INST_64x64/40/inst64x64_40_68.txt find answer: 29.270000
benchmarks_LEQ/INST_64x64/40/inst64x64_40_68.txt : 29590 ms.
--------------------------------------------------
benchmarks_LEQ/INST_64x64/40/inst64x64_40_69.txt find answer: 191.820000
benchmarks_LEQ/INST_64x64/40/inst64x64_40_69.txt : 192164 ms.
--------------------------------------------------
benchmarks_LEQ/INST_64x64/40/inst64x64_40_6.txt find answer: 80.850000
benchmarks_LEQ/INST_64x64/40/inst64x64_40_6.txt : 81184 ms.
--------------------------------------------------
benchmarks_LEQ/INST_64x64/40/inst64x64_40_70.txt find answer: 68.820000
benchmarks_LEQ/INST_64x64/40/inst64x64_40_70.txt : 69154 ms.
--------------------------------------------------
benchmarks_LEQ/INST_64x64/40/inst64x64_40_71.txt find answer: 15.330000
benchmarks_LEQ/INST_64x64/40/inst64x64_40_71.txt : 15652 ms.
--------------------------------------------------
benchmarks_LEQ/INST_64x64/40/inst64x64_40_72.txt find answer: 21.330000
benchmarks_LEQ/INST_64x64/40/inst64x64_40_72.txt : 21657 ms.
--------------------------------------------------
benchmarks_LEQ/INST_64x64/40/inst64x64_40_73.txt find answer: 6.750000
benchmarks_LEQ/INST_64x64/40/inst64x64_40_73.txt : 7069 ms.
--------------------------------------------------
benchmarks_LEQ/INST_64x64/40/inst64x64_40_74.txt find answer: 9.930000
benchmarks_LEQ/INST_64x64/40/inst64x64_40_74.txt : 10252 ms.
--------------------------------------------------
benchmarks_LEQ/INST_64x64/40/inst64x64_40_75.txt find answer: 7.940000
benchmarks_LEQ/INST_64x64/40/inst64x64_40_75.txt : 8266 ms.
--------------------------------------------------
benchmarks_LEQ/INST_64x64/40/inst64x64_40_76.txt find answer: 605.930000
benchmarks_LEQ/INST_64x64/40/inst64x64_40_76.txt : 606286 ms.
--------------------------------------------------
benchmarks_LEQ/INST_64x64/40/inst64x64_40_77.txt find answer: 6.550000
benchmarks_LEQ/INST_64x64/40/inst64x64_40_77.txt : 6863 ms.
--------------------------------------------------
benchmarks_LEQ/INST_64x64/40/inst64x64_40_78.txt find answer: 95.180000
benchmarks_LEQ/INST_64x64/40/inst64x64_40_78.txt : 95514 ms.
--------------------------------------------------
benchmarks_LEQ/INST_64x64/40/inst64x64_40_79.txt find answer: 24.080000
benchmarks_LEQ/INST_64x64/40/inst64x64_40_79.txt : 24415 ms.
--------------------------------------------------
benchmarks_LEQ/INST_64x64/40/inst64x64_40_7.txt find answer: 136.590000
benchmarks_LEQ/INST_64x64/40/inst64x64_40_7.txt : 136921 ms.
--------------------------------------------------
benchmarks_LEQ/INST_64x64/40/inst64x64_40_80.txt find answer: 11.660000
benchmarks_LEQ/INST_64x64/40/inst64x64_40_80.txt : 12029 ms.
--------------------------------------------------
benchmarks_LEQ/INST_64x64/40/inst64x64_40_81.txt find answer: 12.040000
benchmarks_LEQ/INST_64x64/40/inst64x64_40_81.txt : 12367 ms.
--------------------------------------------------
benchmarks_LEQ/INST_64x64/40/inst64x64_40_82.txt find answer: 35.870000
benchmarks_LEQ/INST_64x64/40/inst64x64_40_82.txt : 36405 ms.
--------------------------------------------------
benchmarks_LEQ/INST_64x64/40/inst64x64_40_83.txt find answer: 15.400000
benchmarks_LEQ/INST_64x64/40/inst64x64_40_83.txt : 15796 ms.
--------------------------------------------------
benchmarks_LEQ/INST_64x64/40/inst64x64_40_84.txt find answer: 6.230000
benchmarks_LEQ/INST_64x64/40/inst64x64_40_84.txt : 6539 ms.
--------------------------------------------------
benchmarks_LEQ/INST_64x64/40/inst64x64_40_85.txt find answer: 5.870000
benchmarks_LEQ/INST_64x64/40/inst64x64_40_85.txt : 6193 ms.
--------------------------------------------------
benchmarks_LEQ/INST_64x64/40/inst64x64_40_86.txt find answer: 9.150000
benchmarks_LEQ/INST_64x64/40/inst64x64_40_86.txt : 9472 ms.
--------------------------------------------------
benchmarks_LEQ/INST_64x64/40/inst64x64_40_87.txt find answer: 26.800000
benchmarks_LEQ/INST_64x64/40/inst64x64_40_87.txt : 27135 ms.
--------------------------------------------------
benchmarks_LEQ/INST_64x64/40/inst64x64_40_88.txt find answer: 117.500000
benchmarks_LEQ/INST_64x64/40/inst64x64_40_88.txt : 117840 ms.
--------------------------------------------------
benchmarks_LEQ/INST_64x64/40/inst64x64_40_89.txt find answer: 8.550000
benchmarks_LEQ/INST_64x64/40/inst64x64_40_89.txt : 8879 ms.
--------------------------------------------------
benchmarks_LEQ/INST_64x64/40/inst64x64_40_8.txt find answer: 17.200000
benchmarks_LEQ/INST_64x64/40/inst64x64_40_8.txt : 17532 ms.
--------------------------------------------------
benchmarks_LEQ/INST_64x64/40/inst64x64_40_90.txt find answer: 7.060000
benchmarks_LEQ/INST_64x64/40/inst64x64_40_90.txt : 7383 ms.
--------------------------------------------------
benchmarks_LEQ/INST_64x64/40/inst64x64_40_91.txt find answer: 247.050000
benchmarks_LEQ/INST_64x64/40/inst64x64_40_91.txt : 247392 ms.
--------------------------------------------------
benchmarks_LEQ/INST_64x64/40/inst64x64_40_92.txt find answer: 79.830000
benchmarks_LEQ/INST_64x64/40/inst64x64_40_92.txt : 80163 ms.
--------------------------------------------------
benchmarks_LEQ/INST_64x64/40/inst64x64_40_93.txt find answer: 93.750000
benchmarks_LEQ/INST_64x64/40/inst64x64_40_93.txt : 94093 ms.
--------------------------------------------------
benchmarks_LEQ/INST_64x64/40/inst64x64_40_94.txt find answer: 6.770000
benchmarks_LEQ/INST_64x64/40/inst64x64_40_94.txt : 7103 ms.
--------------------------------------------------
benchmarks_LEQ/INST_64x64/40/inst64x64_40_95.txt : 1001769 ms.
--------------------------------------------------
benchmarks_LEQ/INST_64x64/40/inst64x64_40_96.txt find answer: 5.200000
benchmarks_LEQ/INST_64x64/40/inst64x64_40_96.txt : 5530 ms.
--------------------------------------------------
benchmarks_LEQ/INST_64x64/40/inst64x64_40_97.txt find answer: 2.820000
benchmarks_LEQ/INST_64x64/40/inst64x64_40_97.txt : 3139 ms.
--------------------------------------------------
benchmarks_LEQ/INST_64x64/40/inst64x64_40_98.txt find answer: 11.900000
benchmarks_LEQ/INST_64x64/40/inst64x64_40_98.txt : 12233 ms.
--------------------------------------------------
benchmarks_LEQ/INST_64x64/40/inst64x64_40_99.txt find answer: 14.710000
benchmarks_LEQ/INST_64x64/40/inst64x64_40_99.txt : 15027 ms.
--------------------------------------------------
benchmarks_LEQ/INST_64x64/40/inst64x64_40_9.txt find answer: 22.580000
benchmarks_LEQ/INST_64x64/40/inst64x64_40_9.txt : 22898 ms.
benchmarks_LEQ/INST_64x64/40/inst64x64_40_9.txt reduce vertex: 2458
run.sh: line 91: syntax error near unexpected token `fi'
run.sh: line 91: `    fi'
