--------------------------------------------------
SAT
benchmarks_1/N-Queens/INST_1000/100/inst1000_100_0.txt : 1207 ms.
--------------------------------------------------
SAT
benchmarks_1/N-Queens/INST_1000/100/inst1000_100_10.txt : 398 ms.
--------------------------------------------------
SAT
benchmarks_1/N-Queens/INST_1000/100/inst1000_100_11.txt : 417 ms.
--------------------------------------------------
SAT
benchmarks_1/N-Queens/INST_1000/100/inst1000_100_12.txt : 469 ms.
--------------------------------------------------
SAT
benchmarks_1/N-Queens/INST_1000/100/inst1000_100_13.txt : 399 ms.
--------------------------------------------------
SAT
benchmarks_1/N-Queens/INST_1000/100/inst1000_100_14.txt : 429 ms.
--------------------------------------------------
SAT
benchmarks_1/N-Queens/INST_1000/100/inst1000_100_15.txt : 451 ms.
--------------------------------------------------
SAT
benchmarks_1/N-Queens/INST_1000/100/inst1000_100_16.txt : 435 ms.
--------------------------------------------------
SAT
benchmarks_1/N-Queens/INST_1000/100/inst1000_100_17.txt : 467 ms.
--------------------------------------------------
SAT
benchmarks_1/N-Queens/INST_1000/100/inst1000_100_18.txt : 455 ms.
--------------------------------------------------
SAT
benchmarks_1/N-Queens/INST_1000/100/inst1000_100_19.txt : 435 ms.
--------------------------------------------------
SAT
benchmarks_1/N-Queens/INST_1000/100/inst1000_100_1.txt : 463 ms.
--------------------------------------------------
SAT
benchmarks_1/N-Queens/INST_1000/100/inst1000_100_20.txt : 502 ms.
--------------------------------------------------
SAT
benchmarks_1/N-Queens/INST_1000/100/inst1000_100_21.txt : 454 ms.
--------------------------------------------------
SAT
benchmarks_1/N-Queens/INST_1000/100/inst1000_100_22.txt : 498 ms.
--------------------------------------------------
SAT
benchmarks_1/N-Queens/INST_1000/100/inst1000_100_23.txt : 479 ms.
--------------------------------------------------
SAT
benchmarks_1/N-Queens/INST_1000/100/inst1000_100_24.txt : 472 ms.
--------------------------------------------------
SAT
benchmarks_1/N-Queens/INST_1000/100/inst1000_100_25.txt : 498 ms.
--------------------------------------------------
SAT
benchmarks_1/N-Queens/INST_1000/100/inst1000_100_26.txt : 446 ms.
--------------------------------------------------
SAT
benchmarks_1/N-Queens/INST_1000/100/inst1000_100_27.txt : 447 ms.
--------------------------------------------------
SAT
benchmarks_1/N-Queens/INST_1000/100/inst1000_100_28.txt : 415 ms.
--------------------------------------------------
SAT
benchmarks_1/N-Queens/INST_1000/100/inst1000_100_29.txt : 460 ms.
--------------------------------------------------
SAT
benchmarks_1/N-Queens/INST_1000/100/inst1000_100_2.txt : 597 ms.
--------------------------------------------------
SAT
benchmarks_1/N-Queens/INST_1000/100/inst1000_100_30.txt : 535 ms.
--------------------------------------------------
SAT
benchmarks_1/N-Queens/INST_1000/100/inst1000_100_31.txt : 541 ms.
--------------------------------------------------
SAT
benchmarks_1/N-Queens/INST_1000/100/inst1000_100_32.txt : 601 ms.
--------------------------------------------------
SAT
benchmarks_1/N-Queens/INST_1000/100/inst1000_100_33.txt : 508 ms.
--------------------------------------------------
SAT
benchmarks_1/N-Queens/INST_1000/100/inst1000_100_34.txt : 512 ms.
--------------------------------------------------
SAT
benchmarks_1/N-Queens/INST_1000/100/inst1000_100_35.txt : 515 ms.
--------------------------------------------------
SAT
benchmarks_1/N-Queens/INST_1000/100/inst1000_100_36.txt : 551 ms.
--------------------------------------------------
SAT
benchmarks_1/N-Queens/INST_1000/100/inst1000_100_37.txt : 428 ms.
--------------------------------------------------
SAT
benchmarks_1/N-Queens/INST_1000/100/inst1000_100_38.txt : 473 ms.
--------------------------------------------------
SAT
benchmarks_1/N-Queens/INST_1000/100/inst1000_100_39.txt : 503 ms.
--------------------------------------------------
SAT
benchmarks_1/N-Queens/INST_1000/100/inst1000_100_3.txt : 534 ms.
--------------------------------------------------
SAT
benchmarks_1/N-Queens/INST_1000/100/inst1000_100_40.txt : 502 ms.
--------------------------------------------------
SAT
benchmarks_1/N-Queens/INST_1000/100/inst1000_100_41.txt : 454 ms.
--------------------------------------------------
SAT
benchmarks_1/N-Queens/INST_1000/100/inst1000_100_42.txt : 547 ms.
--------------------------------------------------
SAT
benchmarks_1/N-Queens/INST_1000/100/inst1000_100_43.txt : 490 ms.
--------------------------------------------------
SAT
benchmarks_1/N-Queens/INST_1000/100/inst1000_100_44.txt : 523 ms.
--------------------------------------------------
SAT
benchmarks_1/N-Queens/INST_1000/100/inst1000_100_45.txt : 431 ms.
--------------------------------------------------
SAT
benchmarks_1/N-Queens/INST_1000/100/inst1000_100_46.txt : 518 ms.
--------------------------------------------------
SAT
benchmarks_1/N-Queens/INST_1000/100/inst1000_100_47.txt : 533 ms.
--------------------------------------------------
SAT
benchmarks_1/N-Queens/INST_1000/100/inst1000_100_48.txt : 502 ms.
--------------------------------------------------
SAT
benchmarks_1/N-Queens/INST_1000/100/inst1000_100_49.txt : 490 ms.
--------------------------------------------------
SAT
benchmarks_1/N-Queens/INST_1000/100/inst1000_100_4.txt : 539 ms.
--------------------------------------------------
SAT
benchmarks_1/N-Queens/INST_1000/100/inst1000_100_50.txt : 1087 ms.
--------------------------------------------------
timeout: the monitored command dumped core
run.sh: line 11: 186254 Aborted                 timeout $time_t python solvers/nqueens_ort/n-queens_ortools.py $file
benchmarks_1/N-Queens/INST_1000/100/inst1000_100_51.txt : 537 ms.
--------------------------------------------------
SAT
benchmarks_1/N-Queens/INST_1000/100/inst1000_100_52.txt : 499 ms.
--------------------------------------------------
SAT
benchmarks_1/N-Queens/INST_1000/100/inst1000_100_53.txt : 456 ms.
--------------------------------------------------
SAT
benchmarks_1/N-Queens/INST_1000/100/inst1000_100_54.txt : 492 ms.
--------------------------------------------------
SAT
benchmarks_1/N-Queens/INST_1000/100/inst1000_100_55.txt : 450 ms.
--------------------------------------------------
SAT
benchmarks_1/N-Queens/INST_1000/100/inst1000_100_56.txt : 514 ms.
--------------------------------------------------
SAT
benchmarks_1/N-Queens/INST_1000/100/inst1000_100_57.txt : 504 ms.
--------------------------------------------------
SAT
benchmarks_1/N-Queens/INST_1000/100/inst1000_100_58.txt : 557 ms.
--------------------------------------------------
SAT
benchmarks_1/N-Queens/INST_1000/100/inst1000_100_59.txt : 526 ms.
--------------------------------------------------
SAT
benchmarks_1/N-Queens/INST_1000/100/inst1000_100_5.txt : 526 ms.
--------------------------------------------------
SAT
benchmarks_1/N-Queens/INST_1000/100/inst1000_100_60.txt : 451 ms.
--------------------------------------------------
SAT
benchmarks_1/N-Queens/INST_1000/100/inst1000_100_61.txt : 493 ms.
--------------------------------------------------
SAT
benchmarks_1/N-Queens/INST_1000/100/inst1000_100_62.txt : 491 ms.
--------------------------------------------------
SAT
benchmarks_1/N-Queens/INST_1000/100/inst1000_100_63.txt : 460 ms.
--------------------------------------------------
SAT
benchmarks_1/N-Queens/INST_1000/100/inst1000_100_64.txt : 496 ms.
--------------------------------------------------
SAT
benchmarks_1/N-Queens/INST_1000/100/inst1000_100_65.txt : 485 ms.
--------------------------------------------------
SAT
benchmarks_1/N-Queens/INST_1000/100/inst1000_100_66.txt : 533 ms.
--------------------------------------------------
SAT
benchmarks_1/N-Queens/INST_1000/100/inst1000_100_67.txt : 502 ms.
--------------------------------------------------
SAT
benchmarks_1/N-Queens/INST_1000/100/inst1000_100_68.txt : 573 ms.
--------------------------------------------------
SAT
benchmarks_1/N-Queens/INST_1000/100/inst1000_100_69.txt : 480 ms.
--------------------------------------------------
SAT
benchmarks_1/N-Queens/INST_1000/100/inst1000_100_6.txt : 516 ms.
--------------------------------------------------
SAT
benchmarks_1/N-Queens/INST_1000/100/inst1000_100_70.txt : 578 ms.
--------------------------------------------------
SAT
benchmarks_1/N-Queens/INST_1000/100/inst1000_100_71.txt : 505 ms.
--------------------------------------------------
SAT
benchmarks_1/N-Queens/INST_1000/100/inst1000_100_72.txt : 535 ms.
--------------------------------------------------
SAT
benchmarks_1/N-Queens/INST_1000/100/inst1000_100_73.txt : 515 ms.
--------------------------------------------------
SAT
benchmarks_1/N-Queens/INST_1000/100/inst1000_100_74.txt : 552 ms.
--------------------------------------------------
SAT
benchmarks_1/N-Queens/INST_1000/100/inst1000_100_75.txt : 523 ms.
--------------------------------------------------
timeout: the monitored command dumped core
run.sh: line 11: 203195 Aborted                 timeout $time_t python solvers/nqueens_ort/n-queens_ortools.py $file
benchmarks_1/N-Queens/INST_1000/100/inst1000_100_76.txt : 462 ms.
--------------------------------------------------
timeout: the monitored command dumped core
run.sh: line 11: 204269 Aborted                 timeout $time_t python solvers/nqueens_ort/n-queens_ortools.py $file
benchmarks_1/N-Queens/INST_1000/100/inst1000_100_77.txt : 499 ms.
--------------------------------------------------
SAT
benchmarks_1/N-Queens/INST_1000/100/inst1000_100_78.txt : 505 ms.
--------------------------------------------------
timeout: the monitored command dumped core
run.sh: line 11: 205381 Aborted                 timeout $time_t python solvers/nqueens_ort/n-queens_ortools.py $file
benchmarks_1/N-Queens/INST_1000/100/inst1000_100_79.txt : 457 ms.
--------------------------------------------------
SAT
benchmarks_1/N-Queens/INST_1000/100/inst1000_100_7.txt : 502 ms.
--------------------------------------------------
SAT
benchmarks_1/N-Queens/INST_1000/100/inst1000_100_80.txt : 517 ms.
--------------------------------------------------
timeout: the monitored command dumped core
run.sh: line 11: 207073 Aborted                 timeout $time_t python solvers/nqueens_ort/n-queens_ortools.py $file
benchmarks_1/N-Queens/INST_1000/100/inst1000_100_81.txt : 528 ms.
--------------------------------------------------
timeout: the monitored command dumped core
run.sh: line 11: 207885 Aborted                 timeout $time_t python solvers/nqueens_ort/n-queens_ortools.py $file
benchmarks_1/N-Queens/INST_1000/100/inst1000_100_82.txt : 476 ms.
--------------------------------------------------
timeout: the monitored command dumped core
run.sh: line 11: 208055 Aborted                 timeout $time_t python solvers/nqueens_ort/n-queens_ortools.py $file
benchmarks_1/N-Queens/INST_1000/100/inst1000_100_83.txt : 465 ms.
--------------------------------------------------
SAT
benchmarks_1/N-Queens/INST_1000/100/inst1000_100_84.txt : 552 ms.
--------------------------------------------------
timeout: the monitored command dumped core
run.sh: line 11: 208844 Aborted                 timeout $time_t python solvers/nqueens_ort/n-queens_ortools.py $file
benchmarks_1/N-Queens/INST_1000/100/inst1000_100_85.txt : 493 ms.
--------------------------------------------------
timeout: the monitored command dumped core
run.sh: line 11: 209576 Aborted                 timeout $time_t python solvers/nqueens_ort/n-queens_ortools.py $file
benchmarks_1/N-Queens/INST_1000/100/inst1000_100_86.txt : 513 ms.
--------------------------------------------------
timeout: the monitored command dumped core
run.sh: line 11: 210061 Aborted                 timeout $time_t python solvers/nqueens_ort/n-queens_ortools.py $file
benchmarks_1/N-Queens/INST_1000/100/inst1000_100_87.txt : 488 ms.
--------------------------------------------------
timeout: the monitored command dumped core
run.sh: line 11: 210214 Segmentation fault      timeout $time_t python solvers/nqueens_ort/n-queens_ortools.py $file
benchmarks_1/N-Queens/INST_1000/100/inst1000_100_88.txt : 466 ms.
--------------------------------------------------
timeout: the monitored command dumped core
run.sh: line 11: 210317 Segmentation fault      timeout $time_t python solvers/nqueens_ort/n-queens_ortools.py $file
benchmarks_1/N-Queens/INST_1000/100/inst1000_100_89.txt : 529 ms.
--------------------------------------------------
timeout: the monitored command dumped core
run.sh: line 11: 210556 Aborted                 timeout $time_t python solvers/nqueens_ort/n-queens_ortools.py $file
benchmarks_1/N-Queens/INST_1000/100/inst1000_100_8.txt : 480 ms.
--------------------------------------------------
timeout: the monitored command dumped core
run.sh: line 11: 210642 Aborted                 timeout $time_t python solvers/nqueens_ort/n-queens_ortools.py $file
benchmarks_1/N-Queens/INST_1000/100/inst1000_100_90.txt : 501 ms.
--------------------------------------------------
timeout: the monitored command dumped core
run.sh: line 11: 210894 Aborted                 timeout $time_t python solvers/nqueens_ort/n-queens_ortools.py $file
benchmarks_1/N-Queens/INST_1000/100/inst1000_100_91.txt : 472 ms.
--------------------------------------------------
timeout: the monitored command dumped core
run.sh: line 11: 211116 Segmentation fault      timeout $time_t python solvers/nqueens_ort/n-queens_ortools.py $file
benchmarks_1/N-Queens/INST_1000/100/inst1000_100_92.txt : 597 ms.
--------------------------------------------------
timeout: the monitored command dumped core
run.sh: line 11: 211434 Segmentation fault      timeout $time_t python solvers/nqueens_ort/n-queens_ortools.py $file
benchmarks_1/N-Queens/INST_1000/100/inst1000_100_93.txt : 548 ms.
--------------------------------------------------
timeout: the monitored command dumped core
run.sh: line 11: 211622 Aborted                 timeout $time_t python solvers/nqueens_ort/n-queens_ortools.py $file
benchmarks_1/N-Queens/INST_1000/100/inst1000_100_94.txt : 534 ms.
--------------------------------------------------
timeout: the monitored command dumped core
run.sh: line 11: 212009 Aborted                 timeout $time_t python solvers/nqueens_ort/n-queens_ortools.py $file
benchmarks_1/N-Queens/INST_1000/100/inst1000_100_95.txt : 506 ms.
--------------------------------------------------
timeout: the monitored command dumped core
run.sh: line 11: 212305 Aborted                 timeout $time_t python solvers/nqueens_ort/n-queens_ortools.py $file
benchmarks_1/N-Queens/INST_1000/100/inst1000_100_96.txt : 513 ms.
--------------------------------------------------
timeout: the monitored command dumped core
run.sh: line 11: 212775 Aborted                 timeout $time_t python solvers/nqueens_ort/n-queens_ortools.py $file
benchmarks_1/N-Queens/INST_1000/100/inst1000_100_97.txt : 519 ms.
--------------------------------------------------
timeout: the monitored command dumped core
run.sh: line 11: 213107 Aborted                 timeout $time_t python solvers/nqueens_ort/n-queens_ortools.py $file
benchmarks_1/N-Queens/INST_1000/100/inst1000_100_98.txt : 588 ms.
--------------------------------------------------
timeout: the monitored command dumped core
run.sh: line 11: 213450 Aborted                 timeout $time_t python solvers/nqueens_ort/n-queens_ortools.py $file
benchmarks_1/N-Queens/INST_1000/100/inst1000_100_99.txt : 512 ms.
--------------------------------------------------
timeout: the monitored command dumped core
run.sh: line 11: 213751 Aborted                 timeout $time_t python solvers/nqueens_ort/n-queens_ortools.py $file
benchmarks_1/N-Queens/INST_1000/100/inst1000_100_9.txt : 489 ms.
