--------------------------------------------------
SAT
benchmarks_1/N-Queens/INST_1000/50/inst1000_50_0.txt : 394527 ms.
--------------------------------------------------
SAT
benchmarks_1/N-Queens/INST_1000/50/inst1000_50_10.txt : 370566 ms.
--------------------------------------------------
timeout: the monitored command dumped core
run.sh: line 11: 269516 Segmentation fault      timeout $time_t python solvers/nqueens_ort/n-queens_ortools.py $file
benchmarks_1/N-Queens/INST_1000/50/inst1000_50_11.txt : 26533 ms.
--------------------------------------------------
timeout: the monitored command dumped core
run.sh: line 11: 271229 Segmentation fault      timeout $time_t python solvers/nqueens_ort/n-queens_ortools.py $file
benchmarks_1/N-Queens/INST_1000/50/inst1000_50_12.txt : 33117 ms.
--------------------------------------------------
timeout: the monitored command dumped core
run.sh: line 11: 272080 Segmentation fault      timeout $time_t python solvers/nqueens_ort/n-queens_ortools.py $file
benchmarks_1/N-Queens/INST_1000/50/inst1000_50_13.txt : 42442 ms.
--------------------------------------------------
timeout: the monitored command dumped core
run.sh: line 11: 273564 Segmentation fault      timeout $time_t python solvers/nqueens_ort/n-queens_ortools.py $file
benchmarks_1/N-Queens/INST_1000/50/inst1000_50_14.txt : 47657 ms.
--------------------------------------------------
SAT
benchmarks_1/N-Queens/INST_1000/50/inst1000_50_15.txt : 403016 ms.
--------------------------------------------------
SAT
benchmarks_1/N-Queens/INST_1000/50/inst1000_50_16.txt : 446923 ms.
--------------------------------------------------
timeout: the monitored command dumped core
run.sh: line 11: 298749 Segmentation fault      timeout $time_t python solvers/nqueens_ort/n-queens_ortools.py $file
benchmarks_1/N-Queens/INST_1000/50/inst1000_50_17.txt : 34643 ms.
--------------------------------------------------
timeout: the monitored command dumped core
run.sh: line 11: 299977 Segmentation fault      timeout $time_t python solvers/nqueens_ort/n-queens_ortools.py $file
benchmarks_1/N-Queens/INST_1000/50/inst1000_50_18.txt : 25078 ms.
--------------------------------------------------
timeout: the monitored command dumped core
run.sh: line 11: 301165 Segmentation fault      timeout $time_t python solvers/nqueens_ort/n-queens_ortools.py $file
benchmarks_1/N-Queens/INST_1000/50/inst1000_50_19.txt : 34245 ms.
--------------------------------------------------
timeout: the monitored command dumped core
run.sh: line 11: 302441 Segmentation fault      timeout $time_t python solvers/nqueens_ort/n-queens_ortools.py $file
benchmarks_1/N-Queens/INST_1000/50/inst1000_50_1.txt : 31737 ms.
--------------------------------------------------
timeout: the monitored command dumped core
run.sh: line 11: 303977 Segmentation fault      timeout $time_t python solvers/nqueens_ort/n-queens_ortools.py $file
benchmarks_1/N-Queens/INST_1000/50/inst1000_50_20.txt : 33395 ms.
--------------------------------------------------
timeout: the monitored command dumped core
run.sh: line 11: 304785 Segmentation fault      timeout $time_t python solvers/nqueens_ort/n-queens_ortools.py $file
benchmarks_1/N-Queens/INST_1000/50/inst1000_50_21.txt : 37061 ms.
--------------------------------------------------
timeout: the monitored command dumped core
run.sh: line 11: 305364 Segmentation fault      timeout $time_t python solvers/nqueens_ort/n-queens_ortools.py $file
benchmarks_1/N-Queens/INST_1000/50/inst1000_50_22.txt : 31113 ms.
--------------------------------------------------
SAT
benchmarks_1/N-Queens/INST_1000/50/inst1000_50_23.txt : 370496 ms.
--------------------------------------------------
SAT
benchmarks_1/N-Queens/INST_1000/50/inst1000_50_24.txt : 447567 ms.
--------------------------------------------------
SAT
benchmarks_1/N-Queens/INST_1000/50/inst1000_50_25.txt : 486969 ms.
--------------------------------------------------
timeout: the monitored command dumped core
run.sh: line 11: 339060 Segmentation fault      timeout $time_t python solvers/nqueens_ort/n-queens_ortools.py $file
benchmarks_1/N-Queens/INST_1000/50/inst1000_50_26.txt : 33258 ms.
--------------------------------------------------
timeout: the monitored command dumped core
run.sh: line 11: 340254 Segmentation fault      timeout $time_t python solvers/nqueens_ort/n-queens_ortools.py $file
benchmarks_1/N-Queens/INST_1000/50/inst1000_50_27.txt : 35126 ms.
--------------------------------------------------
timeout: the monitored command dumped core
run.sh: line 11: 341222 Segmentation fault      timeout $time_t python solvers/nqueens_ort/n-queens_ortools.py $file
benchmarks_1/N-Queens/INST_1000/50/inst1000_50_28.txt : 30644 ms.
--------------------------------------------------
timeout: the monitored command dumped core
run.sh: line 11: 341820 Segmentation fault      timeout $time_t python solvers/nqueens_ort/n-queens_ortools.py $file
benchmarks_1/N-Queens/INST_1000/50/inst1000_50_29.txt : 28213 ms.
--------------------------------------------------
timeout: the monitored command dumped core
run.sh: line 11: 342963 Segmentation fault      timeout $time_t python solvers/nqueens_ort/n-queens_ortools.py $file
benchmarks_1/N-Queens/INST_1000/50/inst1000_50_2.txt : 32124 ms.
--------------------------------------------------
timeout: the monitored command dumped core
run.sh: line 11: 343738 Segmentation fault      timeout $time_t python solvers/nqueens_ort/n-queens_ortools.py $file
benchmarks_1/N-Queens/INST_1000/50/inst1000_50_30.txt : 27662 ms.
--------------------------------------------------
timeout: the monitored command dumped core
run.sh: line 11: 345004 Segmentation fault      timeout $time_t python solvers/nqueens_ort/n-queens_ortools.py $file
benchmarks_1/N-Queens/INST_1000/50/inst1000_50_31.txt : 33923 ms.
--------------------------------------------------
timeout: the monitored command dumped core
run.sh: line 11: 345916 Segmentation fault      timeout $time_t python solvers/nqueens_ort/n-queens_ortools.py $file
benchmarks_1/N-Queens/INST_1000/50/inst1000_50_32.txt : 38979 ms.
--------------------------------------------------
timeout: the monitored command dumped core
run.sh: line 11: 347377 Segmentation fault      timeout $time_t python solvers/nqueens_ort/n-queens_ortools.py $file
benchmarks_1/N-Queens/INST_1000/50/inst1000_50_33.txt : 25336 ms.
--------------------------------------------------
SAT
benchmarks_1/N-Queens/INST_1000/50/inst1000_50_34.txt : 378731 ms.
--------------------------------------------------
SAT
benchmarks_1/N-Queens/INST_1000/50/inst1000_50_35.txt : 497185 ms.
--------------------------------------------------
SAT
benchmarks_1/N-Queens/INST_1000/50/inst1000_50_36.txt : 440998 ms.
--------------------------------------------------
timeout: the monitored command dumped core
run.sh: line 11: 378824 Segmentation fault      timeout $time_t python solvers/nqueens_ort/n-queens_ortools.py $file
benchmarks_1/N-Queens/INST_1000/50/inst1000_50_37.txt : 35928 ms.
--------------------------------------------------
SAT
benchmarks_1/N-Queens/INST_1000/50/inst1000_50_38.txt : 373583 ms.
--------------------------------------------------
timeout: the monitored command dumped core
run.sh: line 11: 387390 Segmentation fault      timeout $time_t python solvers/nqueens_ort/n-queens_ortools.py $file
benchmarks_1/N-Queens/INST_1000/50/inst1000_50_39.txt : 34275 ms.
--------------------------------------------------
SAT
benchmarks_1/N-Queens/INST_1000/50/inst1000_50_3.txt : 489468 ms.
--------------------------------------------------
SAT
benchmarks_1/N-Queens/INST_1000/50/inst1000_50_40.txt : 441405 ms.
--------------------------------------------------
SAT
benchmarks_1/N-Queens/INST_1000/50/inst1000_50_41.txt : 421409 ms.
--------------------------------------------------
SAT
benchmarks_1/N-Queens/INST_1000/50/inst1000_50_42.txt : 390355 ms.
--------------------------------------------------
SAT
benchmarks_1/N-Queens/INST_1000/50/inst1000_50_43.txt : 443224 ms.
--------------------------------------------------
timeout: the monitored command dumped core
run.sh: line 11: 414306 Segmentation fault      timeout $time_t python solvers/nqueens_ort/n-queens_ortools.py $file
benchmarks_1/N-Queens/INST_1000/50/inst1000_50_44.txt : 39812 ms.
--------------------------------------------------
timeout: the monitored command dumped core
run.sh: line 11: 414732 Segmentation fault      timeout $time_t python solvers/nqueens_ort/n-queens_ortools.py $file
benchmarks_1/N-Queens/INST_1000/50/inst1000_50_45.txt : 32551 ms.
--------------------------------------------------
SAT
benchmarks_1/N-Queens/INST_1000/50/inst1000_50_46.txt : 380717 ms.
--------------------------------------------------
SAT
benchmarks_1/N-Queens/INST_1000/50/inst1000_50_47.txt : 383538 ms.
--------------------------------------------------
SAT
benchmarks_1/N-Queens/INST_1000/50/inst1000_50_48.txt : 453878 ms.
--------------------------------------------------
SAT
benchmarks_1/N-Queens/INST_1000/50/inst1000_50_49.txt : 385219 ms.
--------------------------------------------------
SAT
benchmarks_1/N-Queens/INST_1000/50/inst1000_50_4.txt : 353027 ms.
--------------------------------------------------
timeout: the monitored command dumped core
run.sh: line 11: 430876 Segmentation fault      timeout $time_t python solvers/nqueens_ort/n-queens_ortools.py $file
benchmarks_1/N-Queens/INST_1000/50/inst1000_50_50.txt : 37931 ms.
--------------------------------------------------
SAT
benchmarks_1/N-Queens/INST_1000/50/inst1000_50_51.txt : 440495 ms.
--------------------------------------------------
SAT
benchmarks_1/N-Queens/INST_1000/50/inst1000_50_52.txt : 373256 ms.
--------------------------------------------------
timeout: the monitored command dumped core
run.sh: line 11: 437689 Segmentation fault      timeout $time_t python solvers/nqueens_ort/n-queens_ortools.py $file
benchmarks_1/N-Queens/INST_1000/50/inst1000_50_53.txt : 28466 ms.
--------------------------------------------------
timeout: the monitored command dumped core
run.sh: line 11: 437864 Segmentation fault      timeout $time_t python solvers/nqueens_ort/n-queens_ortools.py $file
benchmarks_1/N-Queens/INST_1000/50/inst1000_50_54.txt : 36164 ms.
--------------------------------------------------
timeout: the monitored command dumped core
run.sh: line 11: 438206 Segmentation fault      timeout $time_t python solvers/nqueens_ort/n-queens_ortools.py $file
benchmarks_1/N-Queens/INST_1000/50/inst1000_50_55.txt : 37891 ms.
--------------------------------------------------
timeout: the monitored command dumped core
run.sh: line 11: 438551 Segmentation fault      timeout $time_t python solvers/nqueens_ort/n-queens_ortools.py $file
benchmarks_1/N-Queens/INST_1000/50/inst1000_50_56.txt : 30510 ms.
--------------------------------------------------
SAT
benchmarks_1/N-Queens/INST_1000/50/inst1000_50_57.txt : 444663 ms.
--------------------------------------------------
SAT
benchmarks_1/N-Queens/INST_1000/50/inst1000_50_58.txt : 321012 ms.
--------------------------------------------------
SAT
benchmarks_1/N-Queens/INST_1000/50/inst1000_50_59.txt : 411316 ms.
--------------------------------------------------
SAT
benchmarks_1/N-Queens/INST_1000/50/inst1000_50_5.txt : 425845 ms.
--------------------------------------------------
SAT
benchmarks_1/N-Queens/INST_1000/50/inst1000_50_60.txt : 440982 ms.
--------------------------------------------------
SAT
benchmarks_1/N-Queens/INST_1000/50/inst1000_50_61.txt : 456758 ms.
--------------------------------------------------
SAT
benchmarks_1/N-Queens/INST_1000/50/inst1000_50_62.txt : 437115 ms.
--------------------------------------------------
SAT
benchmarks_1/N-Queens/INST_1000/50/inst1000_50_63.txt : 432569 ms.
--------------------------------------------------
SAT
benchmarks_1/N-Queens/INST_1000/50/inst1000_50_64.txt : 431770 ms.
--------------------------------------------------
SAT
benchmarks_1/N-Queens/INST_1000/50/inst1000_50_65.txt : 402068 ms.
--------------------------------------------------
SAT
benchmarks_1/N-Queens/INST_1000/50/inst1000_50_66.txt : 457192 ms.
--------------------------------------------------
SAT
benchmarks_1/N-Queens/INST_1000/50/inst1000_50_67.txt : 330018 ms.
--------------------------------------------------
timeout: the monitored command dumped core
run.sh: line 11: 18078 Segmentation fault      timeout $time_t python solvers/nqueens_ort/n-queens_ortools.py $file
benchmarks_1/N-Queens/INST_1000/50/inst1000_50_68.txt : 26076 ms.
--------------------------------------------------
timeout: the monitored command dumped core
run.sh: line 11: 18327 Segmentation fault      timeout $time_t python solvers/nqueens_ort/n-queens_ortools.py $file
benchmarks_1/N-Queens/INST_1000/50/inst1000_50_69.txt : 28350 ms.
--------------------------------------------------
timeout: the monitored command dumped core
run.sh: line 11: 18573 Segmentation fault      timeout $time_t python solvers/nqueens_ort/n-queens_ortools.py $file
benchmarks_1/N-Queens/INST_1000/50/inst1000_50_6.txt : 46544 ms.
--------------------------------------------------
SAT
benchmarks_1/N-Queens/INST_1000/50/inst1000_50_70.txt : 408121 ms.
--------------------------------------------------
SAT
benchmarks_1/N-Queens/INST_1000/50/inst1000_50_71.txt : 380435 ms.
--------------------------------------------------
timeout: the monitored command dumped core
run.sh: line 11: 24115 Segmentation fault      timeout $time_t python solvers/nqueens_ort/n-queens_ortools.py $file
benchmarks_1/N-Queens/INST_1000/50/inst1000_50_72.txt : 39391 ms.
--------------------------------------------------
SAT
benchmarks_1/N-Queens/INST_1000/50/inst1000_50_73.txt : 364539 ms.
--------------------------------------------------
SAT
benchmarks_1/N-Queens/INST_1000/50/inst1000_50_74.txt : 376490 ms.
--------------------------------------------------
SAT
benchmarks_1/N-Queens/INST_1000/50/inst1000_50_75.txt : 418350 ms.
--------------------------------------------------
SAT
benchmarks_1/N-Queens/INST_1000/50/inst1000_50_76.txt : 368069 ms.
--------------------------------------------------
SAT
benchmarks_1/N-Queens/INST_1000/50/inst1000_50_77.txt : 397847 ms.
--------------------------------------------------
timeout: the monitored command dumped core
run.sh: line 11: 35889 Segmentation fault      timeout $time_t python solvers/nqueens_ort/n-queens_ortools.py $file
benchmarks_1/N-Queens/INST_1000/50/inst1000_50_78.txt : 35556 ms.
--------------------------------------------------
SAT
benchmarks_1/N-Queens/INST_1000/50/inst1000_50_79.txt : 337962 ms.
--------------------------------------------------
SAT
benchmarks_1/N-Queens/INST_1000/50/inst1000_50_7.txt : 447663 ms.
--------------------------------------------------
SAT
benchmarks_1/N-Queens/INST_1000/50/inst1000_50_80.txt : 400658 ms.
--------------------------------------------------
SAT
benchmarks_1/N-Queens/INST_1000/50/inst1000_50_81.txt : 357239 ms.
--------------------------------------------------
SAT
benchmarks_1/N-Queens/INST_1000/50/inst1000_50_82.txt : 401193 ms.
--------------------------------------------------
SAT
benchmarks_1/N-Queens/INST_1000/50/inst1000_50_83.txt : 383553 ms.
--------------------------------------------------
SAT
benchmarks_1/N-Queens/INST_1000/50/inst1000_50_84.txt : 385991 ms.
--------------------------------------------------
SAT
benchmarks_1/N-Queens/INST_1000/50/inst1000_50_85.txt : 313043 ms.
--------------------------------------------------
SAT
benchmarks_1/N-Queens/INST_1000/50/inst1000_50_86.txt : 434199 ms.
--------------------------------------------------
SAT
benchmarks_1/N-Queens/INST_1000/50/inst1000_50_87.txt : 389288 ms.
--------------------------------------------------
SAT
benchmarks_1/N-Queens/INST_1000/50/inst1000_50_88.txt : 377643 ms.
--------------------------------------------------
SAT
benchmarks_1/N-Queens/INST_1000/50/inst1000_50_89.txt : 350214 ms.
--------------------------------------------------
SAT
benchmarks_1/N-Queens/INST_1000/50/inst1000_50_8.txt : 322564 ms.
--------------------------------------------------
SAT
benchmarks_1/N-Queens/INST_1000/50/inst1000_50_90.txt : 416144 ms.
--------------------------------------------------
SAT
benchmarks_1/N-Queens/INST_1000/50/inst1000_50_91.txt : 325231 ms.
--------------------------------------------------
SAT
benchmarks_1/N-Queens/INST_1000/50/inst1000_50_92.txt : 432127 ms.
--------------------------------------------------
SAT
benchmarks_1/N-Queens/INST_1000/50/inst1000_50_93.txt : 336668 ms.
--------------------------------------------------
SAT
benchmarks_1/N-Queens/INST_1000/50/inst1000_50_94.txt : 418328 ms.
--------------------------------------------------
SAT
benchmarks_1/N-Queens/INST_1000/50/inst1000_50_95.txt : 338007 ms.
--------------------------------------------------
SAT
benchmarks_1/N-Queens/INST_1000/50/inst1000_50_96.txt : 430291 ms.
--------------------------------------------------
SAT
benchmarks_1/N-Queens/INST_1000/50/inst1000_50_97.txt : 316263 ms.
--------------------------------------------------
SAT
benchmarks_1/N-Queens/INST_1000/50/inst1000_50_98.txt : 345838 ms.
--------------------------------------------------
SAT
benchmarks_1/N-Queens/INST_1000/50/inst1000_50_99.txt : 290368 ms.
--------------------------------------------------
SAT
benchmarks_1/N-Queens/INST_1000/50/inst1000_50_9.txt : 366080 ms.
