--------------------------------------------------
benchmarks_1/N-Queens/INST_1000/10/inst1000_10_0.txt : 1035876 ms.
--------------------------------------------------
benchmarks_1/N-Queens/INST_1000/10/inst1000_10_10.txt : 1037014 ms.
--------------------------------------------------
benchmarks_1/N-Queens/INST_1000/10/inst1000_10_11.txt : 1040543 ms.
--------------------------------------------------
benchmarks_1/N-Queens/INST_1000/10/inst1000_10_12.txt : 1034855 ms.
--------------------------------------------------
benchmarks_1/N-Queens/INST_1000/10/inst1000_10_13.txt : 1035964 ms.
--------------------------------------------------
benchmarks_1/N-Queens/INST_1000/10/inst1000_10_14.txt : 1044463 ms.
--------------------------------------------------
benchmarks_1/N-Queens/INST_1000/10/inst1000_10_15.txt : 1037849 ms.
--------------------------------------------------
benchmarks_1/N-Queens/INST_1000/10/inst1000_10_16.txt : 1049504 ms.
--------------------------------------------------
timeout: the monitored command dumped core
run.sh: line 11: 420434 Segmentation fault      timeout $time_t python solvers/nqueens_ort/n-queens_ortools.py $file
benchmarks_1/N-Queens/INST_1000/10/inst1000_10_17.txt : 146447 ms.
--------------------------------------------------
benchmarks_1/N-Queens/INST_1000/10/inst1000_10_18.txt : 1041452 ms.
--------------------------------------------------
timeout: the monitored command dumped core
run.sh: line 11: 430799 Segmentation fault      timeout $time_t python solvers/nqueens_ort/n-queens_ortools.py $file
benchmarks_1/N-Queens/INST_1000/10/inst1000_10_19.txt : 141024 ms.
--------------------------------------------------
benchmarks_1/N-Queens/INST_1000/10/inst1000_10_1.txt : 1043057 ms.
--------------------------------------------------
benchmarks_1/N-Queens/INST_1000/10/inst1000_10_20.txt : 1039833 ms.
--------------------------------------------------
benchmarks_1/N-Queens/INST_1000/10/inst1000_10_21.txt : 1068407 ms.
--------------------------------------------------
benchmarks_1/N-Queens/INST_1000/10/inst1000_10_22.txt : 1050595 ms.
--------------------------------------------------
benchmarks_1/N-Queens/INST_1000/10/inst1000_10_23.txt : 1057491 ms.
--------------------------------------------------
benchmarks_1/N-Queens/INST_1000/10/inst1000_10_24.txt : 1050829 ms.
--------------------------------------------------
benchmarks_1/N-Queens/INST_1000/10/inst1000_10_25.txt : 1044138 ms.
--------------------------------------------------
benchmarks_1/N-Queens/INST_1000/10/inst1000_10_26.txt : 1033456 ms.
--------------------------------------------------
benchmarks_1/N-Queens/INST_1000/10/inst1000_10_27.txt : 1035936 ms.
--------------------------------------------------
benchmarks_1/N-Queens/INST_1000/10/inst1000_10_28.txt : 1049323 ms.
--------------------------------------------------
benchmarks_1/N-Queens/INST_1000/10/inst1000_10_29.txt : 1032309 ms.
--------------------------------------------------
benchmarks_1/N-Queens/INST_1000/10/inst1000_10_2.txt : 1042851 ms.
--------------------------------------------------
benchmarks_1/N-Queens/INST_1000/10/inst1000_10_30.txt : 1054416 ms.
--------------------------------------------------
benchmarks_1/N-Queens/INST_1000/10/inst1000_10_31.txt : 1035910 ms.
--------------------------------------------------
benchmarks_1/N-Queens/INST_1000/10/inst1000_10_32.txt : 1036684 ms.
--------------------------------------------------
benchmarks_1/N-Queens/INST_1000/10/inst1000_10_33.txt : 1048268 ms.
--------------------------------------------------
benchmarks_1/N-Queens/INST_1000/10/inst1000_10_34.txt : 1048114 ms.
--------------------------------------------------
benchmarks_1/N-Queens/INST_1000/10/inst1000_10_35.txt : 1048829 ms.
--------------------------------------------------
benchmarks_1/N-Queens/INST_1000/10/inst1000_10_36.txt : 1038542 ms.
--------------------------------------------------
benchmarks_1/N-Queens/INST_1000/10/inst1000_10_37.txt : 1045424 ms.
--------------------------------------------------
benchmarks_1/N-Queens/INST_1000/10/inst1000_10_38.txt : 1037852 ms.
--------------------------------------------------
benchmarks_1/N-Queens/INST_1000/10/inst1000_10_39.txt : 1053525 ms.
--------------------------------------------------
benchmarks_1/N-Queens/INST_1000/10/inst1000_10_3.txt : 1037716 ms.
--------------------------------------------------
benchmarks_1/N-Queens/INST_1000/10/inst1000_10_40.txt : 1051631 ms.
--------------------------------------------------
benchmarks_1/N-Queens/INST_1000/10/inst1000_10_41.txt : 1041140 ms.
--------------------------------------------------
benchmarks_1/N-Queens/INST_1000/10/inst1000_10_42.txt : 1036425 ms.
--------------------------------------------------
benchmarks_1/N-Queens/INST_1000/10/inst1000_10_43.txt : 1053649 ms.
--------------------------------------------------
benchmarks_1/N-Queens/INST_1000/10/inst1000_10_44.txt : 1055748 ms.
--------------------------------------------------
benchmarks_1/N-Queens/INST_1000/10/inst1000_10_45.txt : 1044613 ms.
--------------------------------------------------
benchmarks_1/N-Queens/INST_1000/10/inst1000_10_46.txt : 1048419 ms.
--------------------------------------------------
benchmarks_1/N-Queens/INST_1000/10/inst1000_10_47.txt : 1042855 ms.
--------------------------------------------------
benchmarks_1/N-Queens/INST_1000/10/inst1000_10_48.txt : 1059317 ms.
--------------------------------------------------
benchmarks_1/N-Queens/INST_1000/10/inst1000_10_49.txt : 1054138 ms.
--------------------------------------------------
benchmarks_1/N-Queens/INST_1000/10/inst1000_10_4.txt : 1038359 ms.
--------------------------------------------------
benchmarks_1/N-Queens/INST_1000/10/inst1000_10_50.txt : 1056630 ms.
--------------------------------------------------
benchmarks_1/N-Queens/INST_1000/10/inst1000_10_51.txt : 1041793 ms.
--------------------------------------------------
benchmarks_1/N-Queens/INST_1000/10/inst1000_10_52.txt : 1038502 ms.
--------------------------------------------------
benchmarks_1/N-Queens/INST_1000/10/inst1000_10_53.txt : 1044654 ms.
--------------------------------------------------
benchmarks_1/N-Queens/INST_1000/10/inst1000_10_54.txt : 1041279 ms.
--------------------------------------------------
benchmarks_1/N-Queens/INST_1000/10/inst1000_10_55.txt : 1038167 ms.
--------------------------------------------------
benchmarks_1/N-Queens/INST_1000/10/inst1000_10_56.txt : 1032967 ms.
--------------------------------------------------
benchmarks_1/N-Queens/INST_1000/10/inst1000_10_57.txt : 1029938 ms.
--------------------------------------------------
benchmarks_1/N-Queens/INST_1000/10/inst1000_10_58.txt : 1036185 ms.
--------------------------------------------------
benchmarks_1/N-Queens/INST_1000/10/inst1000_10_59.txt : 1060349 ms.
--------------------------------------------------
benchmarks_1/N-Queens/INST_1000/10/inst1000_10_5.txt : 1037132 ms.
--------------------------------------------------
benchmarks_1/N-Queens/INST_1000/10/inst1000_10_60.txt : 1030847 ms.
--------------------------------------------------
benchmarks_1/N-Queens/INST_1000/10/inst1000_10_61.txt : 1030851 ms.
--------------------------------------------------
benchmarks_1/N-Queens/INST_1000/10/inst1000_10_62.txt : 1035761 ms.
--------------------------------------------------
benchmarks_1/N-Queens/INST_1000/10/inst1000_10_63.txt : 1044632 ms.
--------------------------------------------------
benchmarks_1/N-Queens/INST_1000/10/inst1000_10_64.txt : 1029522 ms.
--------------------------------------------------
benchmarks_1/N-Queens/INST_1000/10/inst1000_10_65.txt : 1050560 ms.
--------------------------------------------------
benchmarks_1/N-Queens/INST_1000/10/inst1000_10_66.txt : 1039279 ms.
--------------------------------------------------
benchmarks_1/N-Queens/INST_1000/10/inst1000_10_67.txt : 1025017 ms.
--------------------------------------------------
benchmarks_1/N-Queens/INST_1000/10/inst1000_10_68.txt : 1029526 ms.
--------------------------------------------------
benchmarks_1/N-Queens/INST_1000/10/inst1000_10_69.txt : 1030010 ms.
--------------------------------------------------
benchmarks_1/N-Queens/INST_1000/10/inst1000_10_6.txt : 1022826 ms.
--------------------------------------------------
benchmarks_1/N-Queens/INST_1000/10/inst1000_10_70.txt : 1015616 ms.
--------------------------------------------------
benchmarks_1/N-Queens/INST_1000/10/inst1000_10_71.txt : 1018500 ms.
--------------------------------------------------
benchmarks_1/N-Queens/INST_1000/10/inst1000_10_72.txt : 1017492 ms.
--------------------------------------------------
benchmarks_1/N-Queens/INST_1000/10/inst1000_10_73.txt : 1029395 ms.
--------------------------------------------------
benchmarks_1/N-Queens/INST_1000/10/inst1000_10_74.txt : 1014307 ms.
--------------------------------------------------
benchmarks_1/N-Queens/INST_1000/10/inst1000_10_75.txt : 1031307 ms.
--------------------------------------------------
benchmarks_1/N-Queens/INST_1000/10/inst1000_10_76.txt : 1035299 ms.
--------------------------------------------------
benchmarks_1/N-Queens/INST_1000/10/inst1000_10_77.txt : 1018644 ms.
--------------------------------------------------
benchmarks_1/N-Queens/INST_1000/10/inst1000_10_78.txt : 1013812 ms.
--------------------------------------------------
benchmarks_1/N-Queens/INST_1000/10/inst1000_10_79.txt : 1015798 ms.
--------------------------------------------------
benchmarks_1/N-Queens/INST_1000/10/inst1000_10_7.txt : 1020773 ms.
--------------------------------------------------
benchmarks_1/N-Queens/INST_1000/10/inst1000_10_80.txt : 1014892 ms.
--------------------------------------------------
SAT
benchmarks_1/N-Queens/INST_1000/10/inst1000_10_81.txt : 983465 ms.
--------------------------------------------------
benchmarks_1/N-Queens/INST_1000/10/inst1000_10_82.txt : 1018373 ms.
--------------------------------------------------
benchmarks_1/N-Queens/INST_1000/10/inst1000_10_83.txt : 1015761 ms.
--------------------------------------------------
benchmarks_1/N-Queens/INST_1000/10/inst1000_10_84.txt : 1029339 ms.
--------------------------------------------------
benchmarks_1/N-Queens/INST_1000/10/inst1000_10_85.txt : 1016004 ms.
--------------------------------------------------
benchmarks_1/N-Queens/INST_1000/10/inst1000_10_86.txt : 1013598 ms.
--------------------------------------------------
benchmarks_1/N-Queens/INST_1000/10/inst1000_10_87.txt : 1020755 ms.
--------------------------------------------------
benchmarks_1/N-Queens/INST_1000/10/inst1000_10_88.txt : 1018140 ms.
--------------------------------------------------
benchmarks_1/N-Queens/INST_1000/10/inst1000_10_89.txt : 1013676 ms.
--------------------------------------------------
benchmarks_1/N-Queens/INST_1000/10/inst1000_10_8.txt : 1015528 ms.
--------------------------------------------------
SAT
benchmarks_1/N-Queens/INST_1000/10/inst1000_10_90.txt : 998967 ms.
--------------------------------------------------
SAT
benchmarks_1/N-Queens/INST_1000/10/inst1000_10_91.txt : 990879 ms.
--------------------------------------------------
SAT
benchmarks_1/N-Queens/INST_1000/10/inst1000_10_92.txt : 973969 ms.
--------------------------------------------------
SAT
benchmarks_1/N-Queens/INST_1000/10/inst1000_10_93.txt : 978904 ms.
--------------------------------------------------
SAT
benchmarks_1/N-Queens/INST_1000/10/inst1000_10_94.txt : 963607 ms.
--------------------------------------------------
benchmarks_1/N-Queens/INST_1000/10/inst1000_10_95.txt : 1002556 ms.
--------------------------------------------------
SAT
benchmarks_1/N-Queens/INST_1000/10/inst1000_10_96.txt : 926018 ms.
--------------------------------------------------
SAT
benchmarks_1/N-Queens/INST_1000/10/inst1000_10_97.txt : 847132 ms.
--------------------------------------------------
SAT
benchmarks_1/N-Queens/INST_1000/10/inst1000_10_98.txt : 829755 ms.
--------------------------------------------------
SAT
benchmarks_1/N-Queens/INST_1000/10/inst1000_10_99.txt : 866064 ms.
--------------------------------------------------
SAT
benchmarks_1/N-Queens/INST_1000/10/inst1000_10_9.txt : 855171 ms.
