--------------------------------------------------
0
0.000187
benchmarks/INST_16x16/90/inst16x16_90_0.txt : 23 ms.
--------------------------------------------------
0
0.000118
benchmarks/INST_16x16/90/inst16x16_90_10.txt : 14 ms.
--------------------------------------------------
0
0.000149
benchmarks/INST_16x16/90/inst16x16_90_11.txt : 16 ms.
--------------------------------------------------
0
0.00013
benchmarks/INST_16x16/90/inst16x16_90_12.txt : 11 ms.
--------------------------------------------------
0
0.000223
benchmarks/INST_16x16/90/inst16x16_90_13.txt : 15 ms.
--------------------------------------------------
0
0.000103
benchmarks/INST_16x16/90/inst16x16_90_14.txt : 12 ms.
--------------------------------------------------
0
0.000105
benchmarks/INST_16x16/90/inst16x16_90_15.txt : 12 ms.
--------------------------------------------------
0
0.000219
benchmarks/INST_16x16/90/inst16x16_90_16.txt : 19 ms.
--------------------------------------------------
0
0.00013
benchmarks/INST_16x16/90/inst16x16_90_17.txt : 13 ms.
--------------------------------------------------
0
0.000178
benchmarks/INST_16x16/90/inst16x16_90_18.txt : 18 ms.
--------------------------------------------------
0
0.000211
benchmarks/INST_16x16/90/inst16x16_90_19.txt : 41 ms.
--------------------------------------------------
0
0.00013
benchmarks/INST_16x16/90/inst16x16_90_1.txt : 17 ms.
--------------------------------------------------
0
0.000209
benchmarks/INST_16x16/90/inst16x16_90_20.txt : 19 ms.
--------------------------------------------------
0
0.000122
benchmarks/INST_16x16/90/inst16x16_90_21.txt : 15 ms.
--------------------------------------------------
0
0.000113
benchmarks/INST_16x16/90/inst16x16_90_22.txt : 21 ms.
--------------------------------------------------
0
0.000223
benchmarks/INST_16x16/90/inst16x16_90_23.txt : 20 ms.
--------------------------------------------------
0
0.000188
benchmarks/INST_16x16/90/inst16x16_90_24.txt : 20 ms.
--------------------------------------------------
0
0.00023
benchmarks/INST_16x16/90/inst16x16_90_25.txt : 20 ms.
--------------------------------------------------
0
0.000103
benchmarks/INST_16x16/90/inst16x16_90_26.txt : 17 ms.
--------------------------------------------------
0
0.000175
benchmarks/INST_16x16/90/inst16x16_90_27.txt : 19 ms.
--------------------------------------------------
0
0.000145
benchmarks/INST_16x16/90/inst16x16_90_28.txt : 20 ms.
--------------------------------------------------
0
0.000183
benchmarks/INST_16x16/90/inst16x16_90_29.txt : 21 ms.
--------------------------------------------------
0
0.000214
benchmarks/INST_16x16/90/inst16x16_90_2.txt : 20 ms.
--------------------------------------------------
0
0.000211
benchmarks/INST_16x16/90/inst16x16_90_30.txt : 24 ms.
--------------------------------------------------
0
0.000231
benchmarks/INST_16x16/90/inst16x16_90_31.txt : 21 ms.
--------------------------------------------------
0
0.00019
benchmarks/INST_16x16/90/inst16x16_90_32.txt : 22 ms.
--------------------------------------------------
0
8.6e-05
benchmarks/INST_16x16/90/inst16x16_90_33.txt : 18 ms.
--------------------------------------------------
0
0.000209
benchmarks/INST_16x16/90/inst16x16_90_34.txt : 21 ms.
--------------------------------------------------
0
0.000117
benchmarks/INST_16x16/90/inst16x16_90_35.txt : 18 ms.
--------------------------------------------------
0
0.000114
benchmarks/INST_16x16/90/inst16x16_90_36.txt : 21 ms.
--------------------------------------------------
0
0.000189
benchmarks/INST_16x16/90/inst16x16_90_37.txt : 23 ms.
--------------------------------------------------
0
0.000213
benchmarks/INST_16x16/90/inst16x16_90_38.txt : 27 ms.
--------------------------------------------------
0
0.000129
benchmarks/INST_16x16/90/inst16x16_90_39.txt : 20 ms.
--------------------------------------------------
0
0.000215
benchmarks/INST_16x16/90/inst16x16_90_3.txt : 26 ms.
--------------------------------------------------
0
0.000196
benchmarks/INST_16x16/90/inst16x16_90_40.txt : 28 ms.
--------------------------------------------------
0
0.000104
benchmarks/INST_16x16/90/inst16x16_90_41.txt : 17 ms.
--------------------------------------------------
0
0.000103
benchmarks/INST_16x16/90/inst16x16_90_42.txt : 20 ms.
--------------------------------------------------
0
0.000158
benchmarks/INST_16x16/90/inst16x16_90_43.txt : 22 ms.
--------------------------------------------------
0
0.000134
benchmarks/INST_16x16/90/inst16x16_90_44.txt : 23 ms.
--------------------------------------------------
0
0.000101
benchmarks/INST_16x16/90/inst16x16_90_45.txt : 24 ms.
--------------------------------------------------
0
0.000255
benchmarks/INST_16x16/90/inst16x16_90_46.txt : 28 ms.
--------------------------------------------------
0
0.000247
benchmarks/INST_16x16/90/inst16x16_90_47.txt : 24 ms.
--------------------------------------------------
0
0.000199
benchmarks/INST_16x16/90/inst16x16_90_48.txt : 29 ms.
--------------------------------------------------
0
0.00024
benchmarks/INST_16x16/90/inst16x16_90_49.txt : 28 ms.
--------------------------------------------------
0
0.000234
benchmarks/INST_16x16/90/inst16x16_90_4.txt : 25 ms.
--------------------------------------------------
0
0.000144
benchmarks/INST_16x16/90/inst16x16_90_50.txt : 23 ms.
--------------------------------------------------
0
0.000188
benchmarks/INST_16x16/90/inst16x16_90_51.txt : 20 ms.
--------------------------------------------------
0
9.6e-05
benchmarks/INST_16x16/90/inst16x16_90_52.txt : 19 ms.
--------------------------------------------------
0
0.000242
benchmarks/INST_16x16/90/inst16x16_90_53.txt : 23 ms.
--------------------------------------------------
0
0.000252
benchmarks/INST_16x16/90/inst16x16_90_54.txt : 20 ms.
--------------------------------------------------
0
0.000232
benchmarks/INST_16x16/90/inst16x16_90_55.txt : 21 ms.
--------------------------------------------------
0
0.000104
benchmarks/INST_16x16/90/inst16x16_90_56.txt : 18 ms.
--------------------------------------------------
0
0.000138
benchmarks/INST_16x16/90/inst16x16_90_57.txt : 19 ms.
--------------------------------------------------
0
0.000172
benchmarks/INST_16x16/90/inst16x16_90_58.txt : 24 ms.
--------------------------------------------------
0
0.000122
benchmarks/INST_16x16/90/inst16x16_90_59.txt : 20 ms.
--------------------------------------------------
0
0.000231
benchmarks/INST_16x16/90/inst16x16_90_5.txt : 21 ms.
--------------------------------------------------
0
0.000229
benchmarks/INST_16x16/90/inst16x16_90_60.txt : 23 ms.
--------------------------------------------------
0
0.000229
benchmarks/INST_16x16/90/inst16x16_90_61.txt : 20 ms.
--------------------------------------------------
0
0.000183
benchmarks/INST_16x16/90/inst16x16_90_62.txt : 22 ms.
--------------------------------------------------
0
0.000171
benchmarks/INST_16x16/90/inst16x16_90_63.txt : 22 ms.
--------------------------------------------------
0
0.000101
benchmarks/INST_16x16/90/inst16x16_90_64.txt : 20 ms.
--------------------------------------------------
0
0.000124
benchmarks/INST_16x16/90/inst16x16_90_65.txt : 21 ms.
--------------------------------------------------
0
0.000253
benchmarks/INST_16x16/90/inst16x16_90_66.txt : 24 ms.
--------------------------------------------------
0
0.000156
benchmarks/INST_16x16/90/inst16x16_90_67.txt : 21 ms.
--------------------------------------------------
0
0.000127
benchmarks/INST_16x16/90/inst16x16_90_68.txt : 21 ms.
--------------------------------------------------
0
0.000122
benchmarks/INST_16x16/90/inst16x16_90_69.txt : 24 ms.
--------------------------------------------------
0
0.000182
benchmarks/INST_16x16/90/inst16x16_90_6.txt : 23 ms.
--------------------------------------------------
0
0.000169
benchmarks/INST_16x16/90/inst16x16_90_70.txt : 30 ms.
--------------------------------------------------
0
0.000224
benchmarks/INST_16x16/90/inst16x16_90_71.txt : 28 ms.
--------------------------------------------------
0
0.000229
benchmarks/INST_16x16/90/inst16x16_90_72.txt : 24 ms.
--------------------------------------------------
0
0.000224
benchmarks/INST_16x16/90/inst16x16_90_73.txt : 26 ms.
--------------------------------------------------
0
0.000219
benchmarks/INST_16x16/90/inst16x16_90_74.txt : 27 ms.
--------------------------------------------------
0
0.000171
benchmarks/INST_16x16/90/inst16x16_90_75.txt : 24 ms.
--------------------------------------------------
0
0.00021
benchmarks/INST_16x16/90/inst16x16_90_76.txt : 21 ms.
--------------------------------------------------
0
0.000222
benchmarks/INST_16x16/90/inst16x16_90_77.txt : 24 ms.
--------------------------------------------------
0
0.000153
benchmarks/INST_16x16/90/inst16x16_90_78.txt : 25 ms.
--------------------------------------------------
0
0.000123
benchmarks/INST_16x16/90/inst16x16_90_79.txt : 18 ms.
--------------------------------------------------
0
0.000113
benchmarks/INST_16x16/90/inst16x16_90_7.txt : 16 ms.
--------------------------------------------------
0
0.000202
benchmarks/INST_16x16/90/inst16x16_90_80.txt : 20 ms.
--------------------------------------------------
0
0.000232
benchmarks/INST_16x16/90/inst16x16_90_81.txt : 23 ms.
--------------------------------------------------
0
9.4e-05
benchmarks/INST_16x16/90/inst16x16_90_82.txt : 18 ms.
--------------------------------------------------
0
0.000201
benchmarks/INST_16x16/90/inst16x16_90_83.txt : 22 ms.
--------------------------------------------------
0
0.000157
benchmarks/INST_16x16/90/inst16x16_90_84.txt : 18 ms.
--------------------------------------------------
0
9.6e-05
benchmarks/INST_16x16/90/inst16x16_90_85.txt : 18 ms.
--------------------------------------------------
0
0.000111
benchmarks/INST_16x16/90/inst16x16_90_86.txt : 17 ms.
--------------------------------------------------
0
0.00013
benchmarks/INST_16x16/90/inst16x16_90_87.txt : 18 ms.
--------------------------------------------------
0
0.000169
benchmarks/INST_16x16/90/inst16x16_90_88.txt : 21 ms.
--------------------------------------------------
0
0.000227
benchmarks/INST_16x16/90/inst16x16_90_89.txt : 22 ms.
--------------------------------------------------
0
0.000118
benchmarks/INST_16x16/90/inst16x16_90_8.txt : 17 ms.
--------------------------------------------------
0
0.000122
benchmarks/INST_16x16/90/inst16x16_90_90.txt : 20 ms.
--------------------------------------------------
0
0.000327
benchmarks/INST_16x16/90/inst16x16_90_91.txt : 25 ms.
--------------------------------------------------
0
0.000221
benchmarks/INST_16x16/90/inst16x16_90_92.txt : 24 ms.
--------------------------------------------------
0
0.000255
benchmarks/INST_16x16/90/inst16x16_90_93.txt : 25 ms.
--------------------------------------------------
0
9.5e-05
benchmarks/INST_16x16/90/inst16x16_90_94.txt : 21 ms.
--------------------------------------------------
0
9.5e-05
benchmarks/INST_16x16/90/inst16x16_90_95.txt : 19 ms.
--------------------------------------------------
0
0.000101
benchmarks/INST_16x16/90/inst16x16_90_96.txt : 26 ms.
--------------------------------------------------
0
0.000241
benchmarks/INST_16x16/90/inst16x16_90_97.txt : 23 ms.
--------------------------------------------------
0
0.000142
benchmarks/INST_16x16/90/inst16x16_90_98.txt : 23 ms.
--------------------------------------------------
0
0.00019
benchmarks/INST_16x16/90/inst16x16_90_99.txt : 29 ms.
--------------------------------------------------
0
9.1e-05
benchmarks/INST_16x16/90/inst16x16_90_9.txt : 20 ms.
