--------------------------------------------------
0
0.000232
benchmarks/INST_16x16/70/inst16x16_70_0.txt : 14 ms.
--------------------------------------------------
0
0.000128
benchmarks/INST_16x16/70/inst16x16_70_10.txt : 25 ms.
--------------------------------------------------
0
0.000128
benchmarks/INST_16x16/70/inst16x16_70_11.txt : 15 ms.
--------------------------------------------------
0
0.000126
benchmarks/INST_16x16/70/inst16x16_70_12.txt : 12 ms.
--------------------------------------------------
0
0.000112
benchmarks/INST_16x16/70/inst16x16_70_13.txt : 14 ms.
--------------------------------------------------
0
0.000119
benchmarks/INST_16x16/70/inst16x16_70_14.txt : 13 ms.
--------------------------------------------------
0
0.000144
benchmarks/INST_16x16/70/inst16x16_70_15.txt : 13 ms.
--------------------------------------------------
0
9.9e-05
benchmarks/INST_16x16/70/inst16x16_70_16.txt : 30 ms.
--------------------------------------------------
0
0.000232
benchmarks/INST_16x16/70/inst16x16_70_17.txt : 19 ms.
--------------------------------------------------
0
0.000111
benchmarks/INST_16x16/70/inst16x16_70_18.txt : 14 ms.
--------------------------------------------------
0
0.00015
benchmarks/INST_16x16/70/inst16x16_70_19.txt : 14 ms.
--------------------------------------------------
0
0.000236
benchmarks/INST_16x16/70/inst16x16_70_1.txt : 23 ms.
--------------------------------------------------
0
0.000228
benchmarks/INST_16x16/70/inst16x16_70_20.txt : 20 ms.
--------------------------------------------------
0
0.000118
benchmarks/INST_16x16/70/inst16x16_70_21.txt : 15 ms.
--------------------------------------------------
0
0.000171
benchmarks/INST_16x16/70/inst16x16_70_22.txt : 21 ms.
--------------------------------------------------
0
0.000193
benchmarks/INST_16x16/70/inst16x16_70_23.txt : 19 ms.
--------------------------------------------------
0
0.000173
benchmarks/INST_16x16/70/inst16x16_70_24.txt : 19 ms.
--------------------------------------------------
0
0.000149
benchmarks/INST_16x16/70/inst16x16_70_25.txt : 18 ms.
--------------------------------------------------
0
0.000226
benchmarks/INST_16x16/70/inst16x16_70_26.txt : 21 ms.
--------------------------------------------------
0
0.000117
benchmarks/INST_16x16/70/inst16x16_70_27.txt : 19 ms.
--------------------------------------------------
0
0.000276
benchmarks/INST_16x16/70/inst16x16_70_28.txt : 24 ms.
--------------------------------------------------
0
9.8e-05
benchmarks/INST_16x16/70/inst16x16_70_29.txt : 20 ms.
--------------------------------------------------
0
0.00024
benchmarks/INST_16x16/70/inst16x16_70_2.txt : 22 ms.
--------------------------------------------------
0
0.000315
benchmarks/INST_16x16/70/inst16x16_70_30.txt : 22 ms.
--------------------------------------------------
0
0.000116
benchmarks/INST_16x16/70/inst16x16_70_31.txt : 18 ms.
--------------------------------------------------
0
0.000239
benchmarks/INST_16x16/70/inst16x16_70_32.txt : 23 ms.
--------------------------------------------------
0
9.8e-05
benchmarks/INST_16x16/70/inst16x16_70_33.txt : 22 ms.
--------------------------------------------------
0
0.000158
benchmarks/INST_16x16/70/inst16x16_70_34.txt : 22 ms.
--------------------------------------------------
0
0.000184
benchmarks/INST_16x16/70/inst16x16_70_35.txt : 20 ms.
--------------------------------------------------
0
0.000358
benchmarks/INST_16x16/70/inst16x16_70_36.txt : 27 ms.
--------------------------------------------------
0
0.000232
benchmarks/INST_16x16/70/inst16x16_70_37.txt : 24 ms.
--------------------------------------------------
0
0.000241
benchmarks/INST_16x16/70/inst16x16_70_38.txt : 30 ms.
--------------------------------------------------
0
0.000197
benchmarks/INST_16x16/70/inst16x16_70_39.txt : 25 ms.
--------------------------------------------------
0
0.000198
benchmarks/INST_16x16/70/inst16x16_70_3.txt : 25 ms.
--------------------------------------------------
0
0.000135
benchmarks/INST_16x16/70/inst16x16_70_40.txt : 24 ms.
--------------------------------------------------
0
0.00012
benchmarks/INST_16x16/70/inst16x16_70_41.txt : 21 ms.
--------------------------------------------------
0
0.000143
benchmarks/INST_16x16/70/inst16x16_70_42.txt : 21 ms.
--------------------------------------------------
0
0.000286
benchmarks/INST_16x16/70/inst16x16_70_43.txt : 24 ms.
--------------------------------------------------
0
0.000111
benchmarks/INST_16x16/70/inst16x16_70_44.txt : 23 ms.
--------------------------------------------------
0
0.000227
benchmarks/INST_16x16/70/inst16x16_70_45.txt : 24 ms.
--------------------------------------------------
0
0.000115
benchmarks/INST_16x16/70/inst16x16_70_46.txt : 23 ms.
--------------------------------------------------
0
0.000108
benchmarks/INST_16x16/70/inst16x16_70_47.txt : 22 ms.
--------------------------------------------------
0
0.000122
benchmarks/INST_16x16/70/inst16x16_70_48.txt : 24 ms.
--------------------------------------------------
0
0.000148
benchmarks/INST_16x16/70/inst16x16_70_49.txt : 22 ms.
--------------------------------------------------
0
0.000101
benchmarks/INST_16x16/70/inst16x16_70_4.txt : 21 ms.
--------------------------------------------------
0
0.000109
benchmarks/INST_16x16/70/inst16x16_70_50.txt : 16 ms.
--------------------------------------------------
0
0.0002
benchmarks/INST_16x16/70/inst16x16_70_51.txt : 22 ms.
--------------------------------------------------
0
9.7e-05
benchmarks/INST_16x16/70/inst16x16_70_52.txt : 16 ms.
--------------------------------------------------
0
0.000126
benchmarks/INST_16x16/70/inst16x16_70_53.txt : 20 ms.
--------------------------------------------------
0
9.5e-05
benchmarks/INST_16x16/70/inst16x16_70_54.txt : 17 ms.
--------------------------------------------------
0
0.000101
benchmarks/INST_16x16/70/inst16x16_70_55.txt : 17 ms.
--------------------------------------------------
0
9.8e-05
benchmarks/INST_16x16/70/inst16x16_70_56.txt : 19 ms.
--------------------------------------------------
0
0.000128
benchmarks/INST_16x16/70/inst16x16_70_57.txt : 18 ms.
--------------------------------------------------
0
0.00015
benchmarks/INST_16x16/70/inst16x16_70_58.txt : 19 ms.
--------------------------------------------------
0
0.000103
benchmarks/INST_16x16/70/inst16x16_70_59.txt : 20 ms.
--------------------------------------------------
0
0.00015
benchmarks/INST_16x16/70/inst16x16_70_5.txt : 21 ms.
--------------------------------------------------
0
0.000252
benchmarks/INST_16x16/70/inst16x16_70_60.txt : 21 ms.
--------------------------------------------------
0
0.000291
benchmarks/INST_16x16/70/inst16x16_70_61.txt : 28 ms.
--------------------------------------------------
0
0.000323
benchmarks/INST_16x16/70/inst16x16_70_62.txt : 20 ms.
--------------------------------------------------
0
0.000225
benchmarks/INST_16x16/70/inst16x16_70_63.txt : 21 ms.
--------------------------------------------------
0
0.000249
benchmarks/INST_16x16/70/inst16x16_70_64.txt : 24 ms.
--------------------------------------------------
0
0.00012
benchmarks/INST_16x16/70/inst16x16_70_65.txt : 22 ms.
--------------------------------------------------
0
0.000141
benchmarks/INST_16x16/70/inst16x16_70_66.txt : 21 ms.
--------------------------------------------------
0
0.00014
benchmarks/INST_16x16/70/inst16x16_70_67.txt : 22 ms.
--------------------------------------------------
0
9.2e-05
benchmarks/INST_16x16/70/inst16x16_70_68.txt : 21 ms.
--------------------------------------------------
0
0.000182
benchmarks/INST_16x16/70/inst16x16_70_69.txt : 23 ms.
--------------------------------------------------
0
0.000218
benchmarks/INST_16x16/70/inst16x16_70_6.txt : 24 ms.
--------------------------------------------------
0
0.000168
benchmarks/INST_16x16/70/inst16x16_70_70.txt : 24 ms.
--------------------------------------------------
0
0.000251
benchmarks/INST_16x16/70/inst16x16_70_71.txt : 25 ms.
--------------------------------------------------
0
0.00011
benchmarks/INST_16x16/70/inst16x16_70_72.txt : 26 ms.
--------------------------------------------------
0
0.000113
benchmarks/INST_16x16/70/inst16x16_70_73.txt : 23 ms.
--------------------------------------------------
0
0.000122
benchmarks/INST_16x16/70/inst16x16_70_74.txt : 23 ms.
--------------------------------------------------
0
0.000131
benchmarks/INST_16x16/70/inst16x16_70_75.txt : 26 ms.
--------------------------------------------------
0
0.000133
benchmarks/INST_16x16/70/inst16x16_70_76.txt : 21 ms.
--------------------------------------------------
0
0.000222
benchmarks/INST_16x16/70/inst16x16_70_77.txt : 21 ms.
--------------------------------------------------
0
0.000136
benchmarks/INST_16x16/70/inst16x16_70_78.txt : 22 ms.
--------------------------------------------------
0
0.000321
benchmarks/INST_16x16/70/inst16x16_70_79.txt : 26 ms.
--------------------------------------------------
0
0.000306
benchmarks/INST_16x16/70/inst16x16_70_7.txt : 25 ms.
--------------------------------------------------
0
0.000345
benchmarks/INST_16x16/70/inst16x16_70_80.txt : 22 ms.
--------------------------------------------------
0
9.8e-05
benchmarks/INST_16x16/70/inst16x16_70_81.txt : 17 ms.
--------------------------------------------------
0
0.000105
benchmarks/INST_16x16/70/inst16x16_70_82.txt : 18 ms.
--------------------------------------------------
0
0.000192
benchmarks/INST_16x16/70/inst16x16_70_83.txt : 17 ms.
--------------------------------------------------
0
0.000224
benchmarks/INST_16x16/70/inst16x16_70_84.txt : 22 ms.
--------------------------------------------------
0
0.000112
benchmarks/INST_16x16/70/inst16x16_70_85.txt : 19 ms.
--------------------------------------------------
0
0.000151
benchmarks/INST_16x16/70/inst16x16_70_86.txt : 18 ms.
--------------------------------------------------
0
9.5e-05
benchmarks/INST_16x16/70/inst16x16_70_87.txt : 18 ms.
--------------------------------------------------
0
0.000255
benchmarks/INST_16x16/70/inst16x16_70_88.txt : 18 ms.
--------------------------------------------------
0
0.000222
benchmarks/INST_16x16/70/inst16x16_70_89.txt : 22 ms.
--------------------------------------------------
0
9.7e-05
benchmarks/INST_16x16/70/inst16x16_70_8.txt : 18 ms.
--------------------------------------------------
0
0.000129
benchmarks/INST_16x16/70/inst16x16_70_90.txt : 16 ms.
--------------------------------------------------
0
0.000237
benchmarks/INST_16x16/70/inst16x16_70_91.txt : 20 ms.
--------------------------------------------------
0
9.8e-05
benchmarks/INST_16x16/70/inst16x16_70_92.txt : 18 ms.
--------------------------------------------------
0
0.000191
benchmarks/INST_16x16/70/inst16x16_70_93.txt : 21 ms.
--------------------------------------------------
0
0.000135
benchmarks/INST_16x16/70/inst16x16_70_94.txt : 23 ms.
--------------------------------------------------
0
0.000234
benchmarks/INST_16x16/70/inst16x16_70_95.txt : 22 ms.
--------------------------------------------------
0
0.000183
benchmarks/INST_16x16/70/inst16x16_70_96.txt : 27 ms.
--------------------------------------------------
0
0.000294
benchmarks/INST_16x16/70/inst16x16_70_97.txt : 28 ms.
--------------------------------------------------
0
0.000244
benchmarks/INST_16x16/70/inst16x16_70_98.txt : 25 ms.
--------------------------------------------------
0
0.000191
benchmarks/INST_16x16/70/inst16x16_70_99.txt : 26 ms.
--------------------------------------------------
0
0.00031
benchmarks/INST_16x16/70/inst16x16_70_9.txt : 29 ms.
