--------------------------------------------------
0
0.000236
benchmarks/INST_16x16/60/inst16x16_60_0.txt : 15 ms.
--------------------------------------------------
0
0.000412
benchmarks/INST_16x16/60/inst16x16_60_10.txt : 17 ms.
--------------------------------------------------
0
0.00041
benchmarks/INST_16x16/60/inst16x16_60_11.txt : 14 ms.
--------------------------------------------------
0
0.000252
benchmarks/INST_16x16/60/inst16x16_60_12.txt : 17 ms.
--------------------------------------------------
0
0.000165
benchmarks/INST_16x16/60/inst16x16_60_13.txt : 12 ms.
--------------------------------------------------
0
0.000397
benchmarks/INST_16x16/60/inst16x16_60_14.txt : 19 ms.
--------------------------------------------------
0
0.000115
benchmarks/INST_16x16/60/inst16x16_60_15.txt : 12 ms.
--------------------------------------------------
0
0.000105
benchmarks/INST_16x16/60/inst16x16_60_16.txt : 29 ms.
--------------------------------------------------
0
0.000505
benchmarks/INST_16x16/60/inst16x16_60_17.txt : 19 ms.
--------------------------------------------------
0
0.000158
benchmarks/INST_16x16/60/inst16x16_60_18.txt : 16 ms.
--------------------------------------------------
0
9.7e-05
benchmarks/INST_16x16/60/inst16x16_60_19.txt : 15 ms.
--------------------------------------------------
0
0.000192
benchmarks/INST_16x16/60/inst16x16_60_1.txt : 25 ms.
--------------------------------------------------
0
0.000358
benchmarks/INST_16x16/60/inst16x16_60_20.txt : 22 ms.
--------------------------------------------------
0
0.000244
benchmarks/INST_16x16/60/inst16x16_60_21.txt : 18 ms.
--------------------------------------------------
0
0.000223
benchmarks/INST_16x16/60/inst16x16_60_22.txt : 19 ms.
--------------------------------------------------
0
0.000264
benchmarks/INST_16x16/60/inst16x16_60_23.txt : 21 ms.
--------------------------------------------------
0
0.000205
benchmarks/INST_16x16/60/inst16x16_60_24.txt : 18 ms.
--------------------------------------------------
0
0.000115
benchmarks/INST_16x16/60/inst16x16_60_25.txt : 18 ms.
--------------------------------------------------
0
0.000903
benchmarks/INST_16x16/60/inst16x16_60_26.txt : 22 ms.
--------------------------------------------------
0
0.000216
benchmarks/INST_16x16/60/inst16x16_60_27.txt : 21 ms.
--------------------------------------------------
0
0.000481
benchmarks/INST_16x16/60/inst16x16_60_28.txt : 22 ms.
--------------------------------------------------
0
0.000222
benchmarks/INST_16x16/60/inst16x16_60_29.txt : 24 ms.
--------------------------------------------------
0
0.000355
benchmarks/INST_16x16/60/inst16x16_60_2.txt : 25 ms.
--------------------------------------------------
0
0.000397
benchmarks/INST_16x16/60/inst16x16_60_30.txt : 22 ms.
--------------------------------------------------
0
0.000515
benchmarks/INST_16x16/60/inst16x16_60_31.txt : 21 ms.
--------------------------------------------------
0
0.000239
benchmarks/INST_16x16/60/inst16x16_60_32.txt : 30 ms.
--------------------------------------------------
0
0.00018
benchmarks/INST_16x16/60/inst16x16_60_33.txt : 19 ms.
--------------------------------------------------
0
0.000159
benchmarks/INST_16x16/60/inst16x16_60_34.txt : 19 ms.
--------------------------------------------------
0
0.00018
benchmarks/INST_16x16/60/inst16x16_60_35.txt : 22 ms.
--------------------------------------------------
0
0.00037
benchmarks/INST_16x16/60/inst16x16_60_36.txt : 22 ms.
--------------------------------------------------
0
0.000225
benchmarks/INST_16x16/60/inst16x16_60_37.txt : 25 ms.
--------------------------------------------------
0
0.000231
benchmarks/INST_16x16/60/inst16x16_60_38.txt : 22 ms.
--------------------------------------------------
0
0.000155
benchmarks/INST_16x16/60/inst16x16_60_39.txt : 23 ms.
--------------------------------------------------
0
0.000116
benchmarks/INST_16x16/60/inst16x16_60_3.txt : 24 ms.
--------------------------------------------------
0
0.000134
benchmarks/INST_16x16/60/inst16x16_60_40.txt : 25 ms.
--------------------------------------------------
0
0.000313
benchmarks/INST_16x16/60/inst16x16_60_41.txt : 28 ms.
--------------------------------------------------
0
9.8e-05
benchmarks/INST_16x16/60/inst16x16_60_42.txt : 23 ms.
--------------------------------------------------
0
0.000397
benchmarks/INST_16x16/60/inst16x16_60_43.txt : 22 ms.
--------------------------------------------------
0
0.000216
benchmarks/INST_16x16/60/inst16x16_60_44.txt : 24 ms.
--------------------------------------------------
0
0.000151
benchmarks/INST_16x16/60/inst16x16_60_45.txt : 24 ms.
--------------------------------------------------
0
0.000207
benchmarks/INST_16x16/60/inst16x16_60_46.txt : 27 ms.
--------------------------------------------------
0
0.000426
benchmarks/INST_16x16/60/inst16x16_60_47.txt : 31 ms.
--------------------------------------------------
0
0.000379
benchmarks/INST_16x16/60/inst16x16_60_48.txt : 27 ms.
--------------------------------------------------
0
9.4e-05
benchmarks/INST_16x16/60/inst16x16_60_49.txt : 19 ms.
--------------------------------------------------
0
0.000358
benchmarks/INST_16x16/60/inst16x16_60_4.txt : 25 ms.
--------------------------------------------------
0
9.6e-05
benchmarks/INST_16x16/60/inst16x16_60_50.txt : 18 ms.
--------------------------------------------------
0
0.000116
benchmarks/INST_16x16/60/inst16x16_60_51.txt : 17 ms.
--------------------------------------------------
0
0.000136
benchmarks/INST_16x16/60/inst16x16_60_52.txt : 22 ms.
--------------------------------------------------
0
0.00021
benchmarks/INST_16x16/60/inst16x16_60_53.txt : 20 ms.
--------------------------------------------------
0
0.000293
benchmarks/INST_16x16/60/inst16x16_60_54.txt : 22 ms.
--------------------------------------------------
0
0.00021
benchmarks/INST_16x16/60/inst16x16_60_55.txt : 24 ms.
--------------------------------------------------
0
0.000378
benchmarks/INST_16x16/60/inst16x16_60_56.txt : 25 ms.
--------------------------------------------------
0
0.000232
benchmarks/INST_16x16/60/inst16x16_60_57.txt : 23 ms.
--------------------------------------------------
0
0.000731
benchmarks/INST_16x16/60/inst16x16_60_58.txt : 24 ms.
--------------------------------------------------
0
0.000233
benchmarks/INST_16x16/60/inst16x16_60_59.txt : 21 ms.
--------------------------------------------------
0
0.000123
benchmarks/INST_16x16/60/inst16x16_60_5.txt : 20 ms.
--------------------------------------------------
0
0.000114
benchmarks/INST_16x16/60/inst16x16_60_60.txt : 14 ms.
--------------------------------------------------
0
0.000156
benchmarks/INST_16x16/60/inst16x16_60_61.txt : 18 ms.
--------------------------------------------------
0
0.000382
benchmarks/INST_16x16/60/inst16x16_60_62.txt : 25 ms.
--------------------------------------------------
0
0.000228
benchmarks/INST_16x16/60/inst16x16_60_63.txt : 20 ms.
--------------------------------------------------
0
0.000133
benchmarks/INST_16x16/60/inst16x16_60_64.txt : 19 ms.
--------------------------------------------------
0
0.000308
benchmarks/INST_16x16/60/inst16x16_60_65.txt : 23 ms.
--------------------------------------------------
0
0.000144
benchmarks/INST_16x16/60/inst16x16_60_66.txt : 22 ms.
--------------------------------------------------
0
0.000261
benchmarks/INST_16x16/60/inst16x16_60_67.txt : 25 ms.
--------------------------------------------------
0
0.00013
benchmarks/INST_16x16/60/inst16x16_60_68.txt : 26 ms.
--------------------------------------------------
0
0.000174
benchmarks/INST_16x16/60/inst16x16_60_69.txt : 21 ms.
--------------------------------------------------
0
0.000237
benchmarks/INST_16x16/60/inst16x16_60_6.txt : 23 ms.
--------------------------------------------------
0
0.000247
benchmarks/INST_16x16/60/inst16x16_60_70.txt : 26 ms.
--------------------------------------------------
0
0.000244
benchmarks/INST_16x16/60/inst16x16_60_71.txt : 25 ms.
--------------------------------------------------
0
0.000139
benchmarks/INST_16x16/60/inst16x16_60_72.txt : 24 ms.
--------------------------------------------------
0
0.000241
benchmarks/INST_16x16/60/inst16x16_60_73.txt : 31 ms.
--------------------------------------------------
0
0.000236
benchmarks/INST_16x16/60/inst16x16_60_74.txt : 21 ms.
--------------------------------------------------
0
0.000161
benchmarks/INST_16x16/60/inst16x16_60_75.txt : 24 ms.
--------------------------------------------------
0
0.000102
benchmarks/INST_16x16/60/inst16x16_60_76.txt : 24 ms.
--------------------------------------------------
0
0.000288
benchmarks/INST_16x16/60/inst16x16_60_77.txt : 24 ms.
--------------------------------------------------
0
0.000328
benchmarks/INST_16x16/60/inst16x16_60_78.txt : 24 ms.
--------------------------------------------------
0
0.000217
benchmarks/INST_16x16/60/inst16x16_60_79.txt : 20 ms.
--------------------------------------------------
0
0.000178
benchmarks/INST_16x16/60/inst16x16_60_7.txt : 16 ms.
--------------------------------------------------
0
0.000159
benchmarks/INST_16x16/60/inst16x16_60_80.txt : 16 ms.
--------------------------------------------------
0
0.000176
benchmarks/INST_16x16/60/inst16x16_60_81.txt : 20 ms.
--------------------------------------------------
0
0.000222
benchmarks/INST_16x16/60/inst16x16_60_82.txt : 22 ms.
--------------------------------------------------
0
0.000237
benchmarks/INST_16x16/60/inst16x16_60_83.txt : 19 ms.
--------------------------------------------------
0
0.000446
benchmarks/INST_16x16/60/inst16x16_60_84.txt : 21 ms.
--------------------------------------------------
0
0.000133
benchmarks/INST_16x16/60/inst16x16_60_85.txt : 18 ms.
--------------------------------------------------
0
0.000762
benchmarks/INST_16x16/60/inst16x16_60_86.txt : 22 ms.
--------------------------------------------------
0
0.000254
benchmarks/INST_16x16/60/inst16x16_60_87.txt : 22 ms.
--------------------------------------------------
0
0.000231
benchmarks/INST_16x16/60/inst16x16_60_88.txt : 21 ms.
--------------------------------------------------
0
0.000271
benchmarks/INST_16x16/60/inst16x16_60_89.txt : 20 ms.
--------------------------------------------------
0
0.000112
benchmarks/INST_16x16/60/inst16x16_60_8.txt : 20 ms.
--------------------------------------------------
0
0.000405
benchmarks/INST_16x16/60/inst16x16_60_90.txt : 22 ms.
--------------------------------------------------
0
0.000253
benchmarks/INST_16x16/60/inst16x16_60_91.txt : 19 ms.
--------------------------------------------------
0
0.000157
benchmarks/INST_16x16/60/inst16x16_60_92.txt : 23 ms.
--------------------------------------------------
0
9.4e-05
benchmarks/INST_16x16/60/inst16x16_60_93.txt : 19 ms.
--------------------------------------------------
0
0.000275
benchmarks/INST_16x16/60/inst16x16_60_94.txt : 25 ms.
--------------------------------------------------
0
0.000403
benchmarks/INST_16x16/60/inst16x16_60_95.txt : 28 ms.
--------------------------------------------------
0
0.000124
benchmarks/INST_16x16/60/inst16x16_60_96.txt : 26 ms.
--------------------------------------------------
0
0.000219
benchmarks/INST_16x16/60/inst16x16_60_97.txt : 26 ms.
--------------------------------------------------
0
0.000157
benchmarks/INST_16x16/60/inst16x16_60_98.txt : 27 ms.
--------------------------------------------------
0
0.000451
benchmarks/INST_16x16/60/inst16x16_60_99.txt : 26 ms.
--------------------------------------------------
0
0.000254
benchmarks/INST_16x16/60/inst16x16_60_9.txt : 22 ms.
