--------------------------------------------------
0
0.000236
benchmarks/INST_16x16/85/inst16x16_85_0.txt : 15 ms.
--------------------------------------------------
0
0.000248
benchmarks/INST_16x16/85/inst16x16_85_10.txt : 25 ms.
--------------------------------------------------
0
0.000237
benchmarks/INST_16x16/85/inst16x16_85_11.txt : 18 ms.
--------------------------------------------------
0
0.000107
benchmarks/INST_16x16/85/inst16x16_85_12.txt : 11 ms.
--------------------------------------------------
0
0.000158
benchmarks/INST_16x16/85/inst16x16_85_13.txt : 14 ms.
--------------------------------------------------
0
0.000198
benchmarks/INST_16x16/85/inst16x16_85_14.txt : 19 ms.
--------------------------------------------------
0
0.000176
benchmarks/INST_16x16/85/inst16x16_85_15.txt : 32 ms.
--------------------------------------------------
0
0.000162
benchmarks/INST_16x16/85/inst16x16_85_16.txt : 15 ms.
--------------------------------------------------
0
0.000116
benchmarks/INST_16x16/85/inst16x16_85_17.txt : 13 ms.
--------------------------------------------------
0
9.8e-05
benchmarks/INST_16x16/85/inst16x16_85_18.txt : 15 ms.
--------------------------------------------------
0
0.000138
benchmarks/INST_16x16/85/inst16x16_85_19.txt : 23 ms.
--------------------------------------------------
0
0.000101
benchmarks/INST_16x16/85/inst16x16_85_1.txt : 13 ms.
--------------------------------------------------
0
0.000144
benchmarks/INST_16x16/85/inst16x16_85_20.txt : 17 ms.
--------------------------------------------------
0
0.000202
benchmarks/INST_16x16/85/inst16x16_85_21.txt : 26 ms.
--------------------------------------------------
0
9.9e-05
benchmarks/INST_16x16/85/inst16x16_85_22.txt : 15 ms.
--------------------------------------------------
0
0.00018
benchmarks/INST_16x16/85/inst16x16_85_23.txt : 19 ms.
--------------------------------------------------
0
0.00012
benchmarks/INST_16x16/85/inst16x16_85_24.txt : 19 ms.
--------------------------------------------------
0
0.000241
benchmarks/INST_16x16/85/inst16x16_85_25.txt : 23 ms.
--------------------------------------------------
0
0.000256
benchmarks/INST_16x16/85/inst16x16_85_26.txt : 21 ms.
--------------------------------------------------
0
0.000233
benchmarks/INST_16x16/85/inst16x16_85_27.txt : 27 ms.
--------------------------------------------------
0
0.000112
benchmarks/INST_16x16/85/inst16x16_85_28.txt : 18 ms.
--------------------------------------------------
0
0.000138
benchmarks/INST_16x16/85/inst16x16_85_29.txt : 17 ms.
--------------------------------------------------
0
0.000232
benchmarks/INST_16x16/85/inst16x16_85_2.txt : 25 ms.
--------------------------------------------------
0
0.000116
benchmarks/INST_16x16/85/inst16x16_85_30.txt : 19 ms.
--------------------------------------------------
0
0.000192
benchmarks/INST_16x16/85/inst16x16_85_31.txt : 19 ms.
--------------------------------------------------
0
0.000116
benchmarks/INST_16x16/85/inst16x16_85_32.txt : 24 ms.
--------------------------------------------------
0
0.000239
benchmarks/INST_16x16/85/inst16x16_85_33.txt : 24 ms.
--------------------------------------------------
0
9.9e-05
benchmarks/INST_16x16/85/inst16x16_85_34.txt : 20 ms.
--------------------------------------------------
0
0.000321
benchmarks/INST_16x16/85/inst16x16_85_35.txt : 25 ms.
--------------------------------------------------
0
0.000111
benchmarks/INST_16x16/85/inst16x16_85_36.txt : 23 ms.
--------------------------------------------------
0
0.000137
benchmarks/INST_16x16/85/inst16x16_85_37.txt : 22 ms.
--------------------------------------------------
0
0.000206
benchmarks/INST_16x16/85/inst16x16_85_38.txt : 24 ms.
--------------------------------------------------
0
0.000116
benchmarks/INST_16x16/85/inst16x16_85_39.txt : 24 ms.
--------------------------------------------------
0
0.000193
benchmarks/INST_16x16/85/inst16x16_85_3.txt : 29 ms.
--------------------------------------------------
0
0.000136
benchmarks/INST_16x16/85/inst16x16_85_40.txt : 20 ms.
--------------------------------------------------
0
9.9e-05
benchmarks/INST_16x16/85/inst16x16_85_41.txt : 21 ms.
--------------------------------------------------
0
0.000243
benchmarks/INST_16x16/85/inst16x16_85_42.txt : 22 ms.
--------------------------------------------------
0
0.000139
benchmarks/INST_16x16/85/inst16x16_85_43.txt : 22 ms.
--------------------------------------------------
0
0.000181
benchmarks/INST_16x16/85/inst16x16_85_44.txt : 25 ms.
--------------------------------------------------
0
0.000108
benchmarks/INST_16x16/85/inst16x16_85_45.txt : 24 ms.
--------------------------------------------------
0
9.5e-05
benchmarks/INST_16x16/85/inst16x16_85_46.txt : 20 ms.
--------------------------------------------------
0
9.8e-05
benchmarks/INST_16x16/85/inst16x16_85_47.txt : 30 ms.
--------------------------------------------------
0
0.000113
benchmarks/INST_16x16/85/inst16x16_85_48.txt : 24 ms.
--------------------------------------------------
0
0.000243
benchmarks/INST_16x16/85/inst16x16_85_49.txt : 22 ms.
--------------------------------------------------
0
0.000321
benchmarks/INST_16x16/85/inst16x16_85_4.txt : 22 ms.
--------------------------------------------------
0
0.000112
benchmarks/INST_16x16/85/inst16x16_85_50.txt : 17 ms.
--------------------------------------------------
0
0.000198
benchmarks/INST_16x16/85/inst16x16_85_51.txt : 18 ms.
--------------------------------------------------
0
0.000148
benchmarks/INST_16x16/85/inst16x16_85_52.txt : 22 ms.
--------------------------------------------------
0
0.000162
benchmarks/INST_16x16/85/inst16x16_85_53.txt : 19 ms.
--------------------------------------------------
0
0.000199
benchmarks/INST_16x16/85/inst16x16_85_54.txt : 21 ms.
--------------------------------------------------
0
0.000199
benchmarks/INST_16x16/85/inst16x16_85_55.txt : 23 ms.
--------------------------------------------------
0
0.000184
benchmarks/INST_16x16/85/inst16x16_85_56.txt : 20 ms.
--------------------------------------------------
0
0.000214
benchmarks/INST_16x16/85/inst16x16_85_57.txt : 21 ms.
--------------------------------------------------
0
0.000193
benchmarks/INST_16x16/85/inst16x16_85_58.txt : 27 ms.
--------------------------------------------------
0
0.000119
benchmarks/INST_16x16/85/inst16x16_85_59.txt : 21 ms.
--------------------------------------------------
0
0.000105
benchmarks/INST_16x16/85/inst16x16_85_5.txt : 17 ms.
--------------------------------------------------
0
0.000127
benchmarks/INST_16x16/85/inst16x16_85_60.txt : 21 ms.
--------------------------------------------------
0
9.7e-05
benchmarks/INST_16x16/85/inst16x16_85_61.txt : 20 ms.
--------------------------------------------------
0
0.000135
benchmarks/INST_16x16/85/inst16x16_85_62.txt : 20 ms.
--------------------------------------------------
0
0.000111
benchmarks/INST_16x16/85/inst16x16_85_63.txt : 20 ms.
--------------------------------------------------
0
0.000171
benchmarks/INST_16x16/85/inst16x16_85_64.txt : 22 ms.
--------------------------------------------------
0
0.00024
benchmarks/INST_16x16/85/inst16x16_85_65.txt : 27 ms.
--------------------------------------------------
0
0.000103
benchmarks/INST_16x16/85/inst16x16_85_66.txt : 20 ms.
--------------------------------------------------
0
0.000106
benchmarks/INST_16x16/85/inst16x16_85_67.txt : 24 ms.
--------------------------------------------------
0
0.000107
benchmarks/INST_16x16/85/inst16x16_85_68.txt : 22 ms.
--------------------------------------------------
0
0.000158
benchmarks/INST_16x16/85/inst16x16_85_69.txt : 22 ms.
--------------------------------------------------
0
0.000101
benchmarks/INST_16x16/85/inst16x16_85_6.txt : 21 ms.
--------------------------------------------------
0
0.000227
benchmarks/INST_16x16/85/inst16x16_85_70.txt : 30 ms.
--------------------------------------------------
0
0.000124
benchmarks/INST_16x16/85/inst16x16_85_71.txt : 22 ms.
--------------------------------------------------
0
0.000103
benchmarks/INST_16x16/85/inst16x16_85_72.txt : 26 ms.
--------------------------------------------------
0
0.000151
benchmarks/INST_16x16/85/inst16x16_85_73.txt : 26 ms.
--------------------------------------------------
0
0.000227
benchmarks/INST_16x16/85/inst16x16_85_74.txt : 25 ms.
--------------------------------------------------
0
9.5e-05
benchmarks/INST_16x16/85/inst16x16_85_75.txt : 21 ms.
--------------------------------------------------
0
0.0002
benchmarks/INST_16x16/85/inst16x16_85_76.txt : 24 ms.
--------------------------------------------------
0
0.000238
benchmarks/INST_16x16/85/inst16x16_85_77.txt : 27 ms.
--------------------------------------------------
0
0.000209
benchmarks/INST_16x16/85/inst16x16_85_78.txt : 24 ms.
--------------------------------------------------
0
0.00012
benchmarks/INST_16x16/85/inst16x16_85_79.txt : 19 ms.
--------------------------------------------------
0
0.000205
benchmarks/INST_16x16/85/inst16x16_85_7.txt : 20 ms.
--------------------------------------------------
0
0.000134
benchmarks/INST_16x16/85/inst16x16_85_80.txt : 19 ms.
--------------------------------------------------
0
0.000223
benchmarks/INST_16x16/85/inst16x16_85_81.txt : 21 ms.
--------------------------------------------------
0
0.000102
benchmarks/INST_16x16/85/inst16x16_85_82.txt : 21 ms.
--------------------------------------------------
0
0.000106
benchmarks/INST_16x16/85/inst16x16_85_83.txt : 16 ms.
--------------------------------------------------
0
0.000169
benchmarks/INST_16x16/85/inst16x16_85_84.txt : 20 ms.
--------------------------------------------------
0
0.000162
benchmarks/INST_16x16/85/inst16x16_85_85.txt : 19 ms.
--------------------------------------------------
0
0.000128
benchmarks/INST_16x16/85/inst16x16_85_86.txt : 16 ms.
--------------------------------------------------
0
0.000185
benchmarks/INST_16x16/85/inst16x16_85_87.txt : 20 ms.
--------------------------------------------------
0
0.000237
benchmarks/INST_16x16/85/inst16x16_85_88.txt : 21 ms.
--------------------------------------------------
0
0.000176
benchmarks/INST_16x16/85/inst16x16_85_89.txt : 19 ms.
--------------------------------------------------
0
0.000253
benchmarks/INST_16x16/85/inst16x16_85_8.txt : 25 ms.
--------------------------------------------------
0
0.000141
benchmarks/INST_16x16/85/inst16x16_85_90.txt : 19 ms.
--------------------------------------------------
0
0.000313
benchmarks/INST_16x16/85/inst16x16_85_91.txt : 24 ms.
--------------------------------------------------
0
0.000118
benchmarks/INST_16x16/85/inst16x16_85_92.txt : 24 ms.
--------------------------------------------------
0
0.000245
benchmarks/INST_16x16/85/inst16x16_85_93.txt : 23 ms.
--------------------------------------------------
0
0.000162
benchmarks/INST_16x16/85/inst16x16_85_94.txt : 29 ms.
--------------------------------------------------
0
0.000226
benchmarks/INST_16x16/85/inst16x16_85_95.txt : 30 ms.
--------------------------------------------------
0
0.000104
benchmarks/INST_16x16/85/inst16x16_85_96.txt : 22 ms.
--------------------------------------------------
0
0.000231
benchmarks/INST_16x16/85/inst16x16_85_97.txt : 27 ms.
--------------------------------------------------
0
0.000233
benchmarks/INST_16x16/85/inst16x16_85_98.txt : 26 ms.
--------------------------------------------------
0
0.000192
benchmarks/INST_16x16/85/inst16x16_85_99.txt : 23 ms.
--------------------------------------------------
0
9.2e-05
benchmarks/INST_16x16/85/inst16x16_85_9.txt : 17 ms.
