--------------------------------------------------
Traceback (most recent call last):
  File "/home/hanrui/Sudoku-LS/solvers/sudoku_ort/sudoku_dyh.py", line 103, in <module>
    solve_sudoku(file)
  File "/home/hanrui/Sudoku-LS/solvers/sudoku_ort/sudoku_dyh.py", line 45, in solve_sudoku
    eq_num = int(f.readline().strip())
ValueError: invalid literal for int() with base 10: ''
benchmarks_EXC/INST_36x36/100/inst36x36_100_0.txt : 4539 ms.
--------------------------------------------------
Traceback (most recent call last):
  File "/home/hanrui/Sudoku-LS/solvers/sudoku_ort/sudoku_dyh.py", line 103, in <module>
    solve_sudoku(file)
  File "/home/hanrui/Sudoku-LS/solvers/sudoku_ort/sudoku_dyh.py", line 45, in solve_sudoku
    eq_num = int(f.readline().strip())
ValueError: invalid literal for int() with base 10: ''
benchmarks_EXC/INST_36x36/100/inst36x36_100_10.txt : 917 ms.
--------------------------------------------------
Traceback (most recent call last):
  File "/home/hanrui/Sudoku-LS/solvers/sudoku_ort/sudoku_dyh.py", line 103, in <module>
    solve_sudoku(file)
  File "/home/hanrui/Sudoku-LS/solvers/sudoku_ort/sudoku_dyh.py", line 45, in solve_sudoku
    eq_num = int(f.readline().strip())
ValueError: invalid literal for int() with base 10: ''
benchmarks_EXC/INST_36x36/100/inst36x36_100_11.txt : 962 ms.
--------------------------------------------------
Traceback (most recent call last):
  File "/home/hanrui/Sudoku-LS/solvers/sudoku_ort/sudoku_dyh.py", line 103, in <module>
    solve_sudoku(file)
  File "/home/hanrui/Sudoku-LS/solvers/sudoku_ort/sudoku_dyh.py", line 45, in solve_sudoku
    eq_num = int(f.readline().strip())
ValueError: invalid literal for int() with base 10: ''
benchmarks_EXC/INST_36x36/100/inst36x36_100_12.txt : 824 ms.
--------------------------------------------------
Traceback (most recent call last):
  File "/home/hanrui/Sudoku-LS/solvers/sudoku_ort/sudoku_dyh.py", line 103, in <module>
    solve_sudoku(file)
  File "/home/hanrui/Sudoku-LS/solvers/sudoku_ort/sudoku_dyh.py", line 45, in solve_sudoku
    eq_num = int(f.readline().strip())
ValueError: invalid literal for int() with base 10: ''
benchmarks_EXC/INST_36x36/100/inst36x36_100_13.txt : 1000 ms.
--------------------------------------------------
Traceback (most recent call last):
  File "/home/hanrui/Sudoku-LS/solvers/sudoku_ort/sudoku_dyh.py", line 103, in <module>
    solve_sudoku(file)
  File "/home/hanrui/Sudoku-LS/solvers/sudoku_ort/sudoku_dyh.py", line 45, in solve_sudoku
    eq_num = int(f.readline().strip())
ValueError: invalid literal for int() with base 10: ''
benchmarks_EXC/INST_36x36/100/inst36x36_100_14.txt : 1145 ms.
--------------------------------------------------
Traceback (most recent call last):
  File "/home/hanrui/Sudoku-LS/solvers/sudoku_ort/sudoku_dyh.py", line 103, in <module>
    solve_sudoku(file)
  File "/home/hanrui/Sudoku-LS/solvers/sudoku_ort/sudoku_dyh.py", line 45, in solve_sudoku
    eq_num = int(f.readline().strip())
ValueError: invalid literal for int() with base 10: ''
benchmarks_EXC/INST_36x36/100/inst36x36_100_15.txt : 1394 ms.
--------------------------------------------------
Traceback (most recent call last):
  File "/home/hanrui/Sudoku-LS/solvers/sudoku_ort/sudoku_dyh.py", line 103, in <module>
    solve_sudoku(file)
  File "/home/hanrui/Sudoku-LS/solvers/sudoku_ort/sudoku_dyh.py", line 45, in solve_sudoku
    eq_num = int(f.readline().strip())
ValueError: invalid literal for int() with base 10: ''
benchmarks_EXC/INST_36x36/100/inst36x36_100_16.txt : 1335 ms.
--------------------------------------------------
Traceback (most recent call last):
  File "/home/hanrui/Sudoku-LS/solvers/sudoku_ort/sudoku_dyh.py", line 103, in <module>
    solve_sudoku(file)
  File "/home/hanrui/Sudoku-LS/solvers/sudoku_ort/sudoku_dyh.py", line 45, in solve_sudoku
    eq_num = int(f.readline().strip())
ValueError: invalid literal for int() with base 10: ''
benchmarks_EXC/INST_36x36/100/inst36x36_100_17.txt : 1108 ms.
--------------------------------------------------
Traceback (most recent call last):
  File "/home/hanrui/Sudoku-LS/solvers/sudoku_ort/sudoku_dyh.py", line 103, in <module>
    solve_sudoku(file)
  File "/home/hanrui/Sudoku-LS/solvers/sudoku_ort/sudoku_dyh.py", line 45, in solve_sudoku
    eq_num = int(f.readline().strip())
ValueError: invalid literal for int() with base 10: ''
benchmarks_EXC/INST_36x36/100/inst36x36_100_18.txt : 1064 ms.
--------------------------------------------------
Traceback (most recent call last):
  File "/home/hanrui/Sudoku-LS/solvers/sudoku_ort/sudoku_dyh.py", line 103, in <module>
    solve_sudoku(file)
  File "/home/hanrui/Sudoku-LS/solvers/sudoku_ort/sudoku_dyh.py", line 45, in solve_sudoku
    eq_num = int(f.readline().strip())
ValueError: invalid literal for int() with base 10: ''
benchmarks_EXC/INST_36x36/100/inst36x36_100_19.txt : 1307 ms.
--------------------------------------------------
Traceback (most recent call last):
  File "/home/hanrui/Sudoku-LS/solvers/sudoku_ort/sudoku_dyh.py", line 103, in <module>
    solve_sudoku(file)
  File "/home/hanrui/Sudoku-LS/solvers/sudoku_ort/sudoku_dyh.py", line 45, in solve_sudoku
    eq_num = int(f.readline().strip())
ValueError: invalid literal for int() with base 10: ''
benchmarks_EXC/INST_36x36/100/inst36x36_100_1.txt : 1091 ms.
--------------------------------------------------
Traceback (most recent call last):
  File "/home/hanrui/Sudoku-LS/solvers/sudoku_ort/sudoku_dyh.py", line 103, in <module>
    solve_sudoku(file)
  File "/home/hanrui/Sudoku-LS/solvers/sudoku_ort/sudoku_dyh.py", line 45, in solve_sudoku
    eq_num = int(f.readline().strip())
ValueError: invalid literal for int() with base 10: ''
benchmarks_EXC/INST_36x36/100/inst36x36_100_20.txt : 1069 ms.
--------------------------------------------------
Traceback (most recent call last):
  File "/home/hanrui/Sudoku-LS/solvers/sudoku_ort/sudoku_dyh.py", line 103, in <module>
    solve_sudoku(file)
  File "/home/hanrui/Sudoku-LS/solvers/sudoku_ort/sudoku_dyh.py", line 45, in solve_sudoku
    eq_num = int(f.readline().strip())
ValueError: invalid literal for int() with base 10: ''
benchmarks_EXC/INST_36x36/100/inst36x36_100_21.txt : 1554 ms.
--------------------------------------------------
Traceback (most recent call last):
  File "/home/hanrui/Sudoku-LS/solvers/sudoku_ort/sudoku_dyh.py", line 103, in <module>
    solve_sudoku(file)
  File "/home/hanrui/Sudoku-LS/solvers/sudoku_ort/sudoku_dyh.py", line 45, in solve_sudoku
    eq_num = int(f.readline().strip())
ValueError: invalid literal for int() with base 10: ''
benchmarks_EXC/INST_36x36/100/inst36x36_100_22.txt : 1669 ms.
--------------------------------------------------
Traceback (most recent call last):
  File "/home/hanrui/Sudoku-LS/solvers/sudoku_ort/sudoku_dyh.py", line 103, in <module>
    solve_sudoku(file)
  File "/home/hanrui/Sudoku-LS/solvers/sudoku_ort/sudoku_dyh.py", line 45, in solve_sudoku
    eq_num = int(f.readline().strip())
ValueError: invalid literal for int() with base 10: ''
benchmarks_EXC/INST_36x36/100/inst36x36_100_23.txt : 1579 ms.
--------------------------------------------------
Traceback (most recent call last):
  File "/home/hanrui/Sudoku-LS/solvers/sudoku_ort/sudoku_dyh.py", line 103, in <module>
    solve_sudoku(file)
  File "/home/hanrui/Sudoku-LS/solvers/sudoku_ort/sudoku_dyh.py", line 45, in solve_sudoku
    eq_num = int(f.readline().strip())
ValueError: invalid literal for int() with base 10: ''
benchmarks_EXC/INST_36x36/100/inst36x36_100_24.txt : 1167 ms.
--------------------------------------------------
Traceback (most recent call last):
  File "/home/hanrui/Sudoku-LS/solvers/sudoku_ort/sudoku_dyh.py", line 103, in <module>
    solve_sudoku(file)
  File "/home/hanrui/Sudoku-LS/solvers/sudoku_ort/sudoku_dyh.py", line 45, in solve_sudoku
    eq_num = int(f.readline().strip())
ValueError: invalid literal for int() with base 10: ''
benchmarks_EXC/INST_36x36/100/inst36x36_100_25.txt : 1484 ms.
--------------------------------------------------
Traceback (most recent call last):
  File "/home/hanrui/Sudoku-LS/solvers/sudoku_ort/sudoku_dyh.py", line 103, in <module>
    solve_sudoku(file)
  File "/home/hanrui/Sudoku-LS/solvers/sudoku_ort/sudoku_dyh.py", line 45, in solve_sudoku
    eq_num = int(f.readline().strip())
ValueError: invalid literal for int() with base 10: ''
benchmarks_EXC/INST_36x36/100/inst36x36_100_26.txt : 1441 ms.
--------------------------------------------------
Traceback (most recent call last):
  File "/home/hanrui/Sudoku-LS/solvers/sudoku_ort/sudoku_dyh.py", line 103, in <module>
    solve_sudoku(file)
  File "/home/hanrui/Sudoku-LS/solvers/sudoku_ort/sudoku_dyh.py", line 45, in solve_sudoku
    eq_num = int(f.readline().strip())
ValueError: invalid literal for int() with base 10: ''
benchmarks_EXC/INST_36x36/100/inst36x36_100_27.txt : 1251 ms.
--------------------------------------------------
Traceback (most recent call last):
  File "/home/hanrui/Sudoku-LS/solvers/sudoku_ort/sudoku_dyh.py", line 103, in <module>
    solve_sudoku(file)
  File "/home/hanrui/Sudoku-LS/solvers/sudoku_ort/sudoku_dyh.py", line 45, in solve_sudoku
    eq_num = int(f.readline().strip())
ValueError: invalid literal for int() with base 10: ''
benchmarks_EXC/INST_36x36/100/inst36x36_100_28.txt : 1388 ms.
--------------------------------------------------
Traceback (most recent call last):
  File "/home/hanrui/Sudoku-LS/solvers/sudoku_ort/sudoku_dyh.py", line 103, in <module>
    solve_sudoku(file)
  File "/home/hanrui/Sudoku-LS/solvers/sudoku_ort/sudoku_dyh.py", line 45, in solve_sudoku
    eq_num = int(f.readline().strip())
ValueError: invalid literal for int() with base 10: ''
benchmarks_EXC/INST_36x36/100/inst36x36_100_29.txt : 1446 ms.
--------------------------------------------------
Traceback (most recent call last):
  File "/home/hanrui/Sudoku-LS/solvers/sudoku_ort/sudoku_dyh.py", line 103, in <module>
    solve_sudoku(file)
  File "/home/hanrui/Sudoku-LS/solvers/sudoku_ort/sudoku_dyh.py", line 45, in solve_sudoku
    eq_num = int(f.readline().strip())
ValueError: invalid literal for int() with base 10: ''
benchmarks_EXC/INST_36x36/100/inst36x36_100_2.txt : 1558 ms.
--------------------------------------------------
Traceback (most recent call last):
  File "/home/hanrui/Sudoku-LS/solvers/sudoku_ort/sudoku_dyh.py", line 103, in <module>
    solve_sudoku(file)
  File "/home/hanrui/Sudoku-LS/solvers/sudoku_ort/sudoku_dyh.py", line 45, in solve_sudoku
    eq_num = int(f.readline().strip())
ValueError: invalid literal for int() with base 10: ''
benchmarks_EXC/INST_36x36/100/inst36x36_100_30.txt : 1530 ms.
--------------------------------------------------
Traceback (most recent call last):
  File "/home/hanrui/Sudoku-LS/solvers/sudoku_ort/sudoku_dyh.py", line 103, in <module>
    solve_sudoku(file)
  File "/home/hanrui/Sudoku-LS/solvers/sudoku_ort/sudoku_dyh.py", line 45, in solve_sudoku
    eq_num = int(f.readline().strip())
ValueError: invalid literal for int() with base 10: ''
benchmarks_EXC/INST_36x36/100/inst36x36_100_31.txt : 1473 ms.
--------------------------------------------------
Traceback (most recent call last):
  File "/home/hanrui/Sudoku-LS/solvers/sudoku_ort/sudoku_dyh.py", line 103, in <module>
    solve_sudoku(file)
  File "/home/hanrui/Sudoku-LS/solvers/sudoku_ort/sudoku_dyh.py", line 45, in solve_sudoku
    eq_num = int(f.readline().strip())
ValueError: invalid literal for int() with base 10: ''
benchmarks_EXC/INST_36x36/100/inst36x36_100_32.txt : 1424 ms.
--------------------------------------------------
Traceback (most recent call last):
  File "/home/hanrui/Sudoku-LS/solvers/sudoku_ort/sudoku_dyh.py", line 103, in <module>
    solve_sudoku(file)
  File "/home/hanrui/Sudoku-LS/solvers/sudoku_ort/sudoku_dyh.py", line 45, in solve_sudoku
    eq_num = int(f.readline().strip())
ValueError: invalid literal for int() with base 10: ''
benchmarks_EXC/INST_36x36/100/inst36x36_100_33.txt : 1267 ms.
--------------------------------------------------
Traceback (most recent call last):
  File "/home/hanrui/Sudoku-LS/solvers/sudoku_ort/sudoku_dyh.py", line 103, in <module>
    solve_sudoku(file)
  File "/home/hanrui/Sudoku-LS/solvers/sudoku_ort/sudoku_dyh.py", line 45, in solve_sudoku
    eq_num = int(f.readline().strip())
ValueError: invalid literal for int() with base 10: ''
benchmarks_EXC/INST_36x36/100/inst36x36_100_34.txt : 1287 ms.
--------------------------------------------------
Traceback (most recent call last):
  File "/home/hanrui/Sudoku-LS/solvers/sudoku_ort/sudoku_dyh.py", line 103, in <module>
    solve_sudoku(file)
  File "/home/hanrui/Sudoku-LS/solvers/sudoku_ort/sudoku_dyh.py", line 45, in solve_sudoku
    eq_num = int(f.readline().strip())
ValueError: invalid literal for int() with base 10: ''
benchmarks_EXC/INST_36x36/100/inst36x36_100_35.txt : 1490 ms.
--------------------------------------------------
Traceback (most recent call last):
  File "/home/hanrui/Sudoku-LS/solvers/sudoku_ort/sudoku_dyh.py", line 103, in <module>
    solve_sudoku(file)
  File "/home/hanrui/Sudoku-LS/solvers/sudoku_ort/sudoku_dyh.py", line 45, in solve_sudoku
    eq_num = int(f.readline().strip())
ValueError: invalid literal for int() with base 10: ''
benchmarks_EXC/INST_36x36/100/inst36x36_100_36.txt : 1574 ms.
--------------------------------------------------
Traceback (most recent call last):
  File "/home/hanrui/Sudoku-LS/solvers/sudoku_ort/sudoku_dyh.py", line 103, in <module>
    solve_sudoku(file)
  File "/home/hanrui/Sudoku-LS/solvers/sudoku_ort/sudoku_dyh.py", line 45, in solve_sudoku
    eq_num = int(f.readline().strip())
ValueError: invalid literal for int() with base 10: ''
benchmarks_EXC/INST_36x36/100/inst36x36_100_37.txt : 1445 ms.
--------------------------------------------------
Traceback (most recent call last):
  File "/home/hanrui/Sudoku-LS/solvers/sudoku_ort/sudoku_dyh.py", line 103, in <module>
    solve_sudoku(file)
  File "/home/hanrui/Sudoku-LS/solvers/sudoku_ort/sudoku_dyh.py", line 45, in solve_sudoku
    eq_num = int(f.readline().strip())
ValueError: invalid literal for int() with base 10: ''
benchmarks_EXC/INST_36x36/100/inst36x36_100_38.txt : 1286 ms.
--------------------------------------------------
Traceback (most recent call last):
  File "/home/hanrui/Sudoku-LS/solvers/sudoku_ort/sudoku_dyh.py", line 103, in <module>
    solve_sudoku(file)
  File "/home/hanrui/Sudoku-LS/solvers/sudoku_ort/sudoku_dyh.py", line 45, in solve_sudoku
    eq_num = int(f.readline().strip())
ValueError: invalid literal for int() with base 10: ''
benchmarks_EXC/INST_36x36/100/inst36x36_100_39.txt : 1331 ms.
--------------------------------------------------
Traceback (most recent call last):
  File "/home/hanrui/Sudoku-LS/solvers/sudoku_ort/sudoku_dyh.py", line 103, in <module>
    solve_sudoku(file)
  File "/home/hanrui/Sudoku-LS/solvers/sudoku_ort/sudoku_dyh.py", line 45, in solve_sudoku
    eq_num = int(f.readline().strip())
ValueError: invalid literal for int() with base 10: ''
benchmarks_EXC/INST_36x36/100/inst36x36_100_3.txt : 1442 ms.
--------------------------------------------------
Traceback (most recent call last):
  File "/home/hanrui/Sudoku-LS/solvers/sudoku_ort/sudoku_dyh.py", line 103, in <module>
    solve_sudoku(file)
  File "/home/hanrui/Sudoku-LS/solvers/sudoku_ort/sudoku_dyh.py", line 45, in solve_sudoku
    eq_num = int(f.readline().strip())
ValueError: invalid literal for int() with base 10: ''
benchmarks_EXC/INST_36x36/100/inst36x36_100_40.txt : 1000 ms.
--------------------------------------------------
Traceback (most recent call last):
  File "/home/hanrui/Sudoku-LS/solvers/sudoku_ort/sudoku_dyh.py", line 103, in <module>
    solve_sudoku(file)
  File "/home/hanrui/Sudoku-LS/solvers/sudoku_ort/sudoku_dyh.py", line 45, in solve_sudoku
    eq_num = int(f.readline().strip())
ValueError: invalid literal for int() with base 10: ''
benchmarks_EXC/INST_36x36/100/inst36x36_100_41.txt : 1356 ms.
--------------------------------------------------
Traceback (most recent call last):
  File "/home/hanrui/Sudoku-LS/solvers/sudoku_ort/sudoku_dyh.py", line 103, in <module>
    solve_sudoku(file)
  File "/home/hanrui/Sudoku-LS/solvers/sudoku_ort/sudoku_dyh.py", line 45, in solve_sudoku
    eq_num = int(f.readline().strip())
ValueError: invalid literal for int() with base 10: ''
benchmarks_EXC/INST_36x36/100/inst36x36_100_42.txt : 1458 ms.
--------------------------------------------------
Traceback (most recent call last):
  File "/home/hanrui/Sudoku-LS/solvers/sudoku_ort/sudoku_dyh.py", line 103, in <module>
    solve_sudoku(file)
  File "/home/hanrui/Sudoku-LS/solvers/sudoku_ort/sudoku_dyh.py", line 45, in solve_sudoku
    eq_num = int(f.readline().strip())
ValueError: invalid literal for int() with base 10: ''
benchmarks_EXC/INST_36x36/100/inst36x36_100_43.txt : 1372 ms.
--------------------------------------------------
Traceback (most recent call last):
  File "/home/hanrui/Sudoku-LS/solvers/sudoku_ort/sudoku_dyh.py", line 103, in <module>
    solve_sudoku(file)
  File "/home/hanrui/Sudoku-LS/solvers/sudoku_ort/sudoku_dyh.py", line 45, in solve_sudoku
    eq_num = int(f.readline().strip())
ValueError: invalid literal for int() with base 10: ''
benchmarks_EXC/INST_36x36/100/inst36x36_100_44.txt : 1586 ms.
--------------------------------------------------
Traceback (most recent call last):
  File "/home/hanrui/Sudoku-LS/solvers/sudoku_ort/sudoku_dyh.py", line 103, in <module>
    solve_sudoku(file)
  File "/home/hanrui/Sudoku-LS/solvers/sudoku_ort/sudoku_dyh.py", line 45, in solve_sudoku
    eq_num = int(f.readline().strip())
ValueError: invalid literal for int() with base 10: ''
benchmarks_EXC/INST_36x36/100/inst36x36_100_45.txt : 1498 ms.
--------------------------------------------------
Traceback (most recent call last):
  File "/home/hanrui/Sudoku-LS/solvers/sudoku_ort/sudoku_dyh.py", line 103, in <module>
    solve_sudoku(file)
  File "/home/hanrui/Sudoku-LS/solvers/sudoku_ort/sudoku_dyh.py", line 45, in solve_sudoku
    eq_num = int(f.readline().strip())
ValueError: invalid literal for int() with base 10: ''
benchmarks_EXC/INST_36x36/100/inst36x36_100_46.txt : 1857 ms.
--------------------------------------------------
Traceback (most recent call last):
  File "/home/hanrui/Sudoku-LS/solvers/sudoku_ort/sudoku_dyh.py", line 103, in <module>
    solve_sudoku(file)
  File "/home/hanrui/Sudoku-LS/solvers/sudoku_ort/sudoku_dyh.py", line 45, in solve_sudoku
    eq_num = int(f.readline().strip())
ValueError: invalid literal for int() with base 10: ''
benchmarks_EXC/INST_36x36/100/inst36x36_100_47.txt : 1638 ms.
--------------------------------------------------
Traceback (most recent call last):
  File "/home/hanrui/Sudoku-LS/solvers/sudoku_ort/sudoku_dyh.py", line 103, in <module>
    solve_sudoku(file)
  File "/home/hanrui/Sudoku-LS/solvers/sudoku_ort/sudoku_dyh.py", line 45, in solve_sudoku
    eq_num = int(f.readline().strip())
ValueError: invalid literal for int() with base 10: ''
benchmarks_EXC/INST_36x36/100/inst36x36_100_48.txt : 1554 ms.
--------------------------------------------------
Traceback (most recent call last):
  File "/home/hanrui/Sudoku-LS/solvers/sudoku_ort/sudoku_dyh.py", line 103, in <module>
    solve_sudoku(file)
  File "/home/hanrui/Sudoku-LS/solvers/sudoku_ort/sudoku_dyh.py", line 45, in solve_sudoku
    eq_num = int(f.readline().strip())
ValueError: invalid literal for int() with base 10: ''
benchmarks_EXC/INST_36x36/100/inst36x36_100_49.txt : 1884 ms.
--------------------------------------------------
Traceback (most recent call last):
  File "/home/hanrui/Sudoku-LS/solvers/sudoku_ort/sudoku_dyh.py", line 103, in <module>
    solve_sudoku(file)
  File "/home/hanrui/Sudoku-LS/solvers/sudoku_ort/sudoku_dyh.py", line 45, in solve_sudoku
    eq_num = int(f.readline().strip())
ValueError: invalid literal for int() with base 10: ''
benchmarks_EXC/INST_36x36/100/inst36x36_100_4.txt : 3872 ms.
--------------------------------------------------
Traceback (most recent call last):
  File "/home/hanrui/Sudoku-LS/solvers/sudoku_ort/sudoku_dyh.py", line 103, in <module>
    solve_sudoku(file)
  File "/home/hanrui/Sudoku-LS/solvers/sudoku_ort/sudoku_dyh.py", line 45, in solve_sudoku
    eq_num = int(f.readline().strip())
ValueError: invalid literal for int() with base 10: ''
benchmarks_EXC/INST_36x36/100/inst36x36_100_50.txt : 1952 ms.
--------------------------------------------------
Traceback (most recent call last):
  File "/home/hanrui/Sudoku-LS/solvers/sudoku_ort/sudoku_dyh.py", line 103, in <module>
    solve_sudoku(file)
  File "/home/hanrui/Sudoku-LS/solvers/sudoku_ort/sudoku_dyh.py", line 45, in solve_sudoku
    eq_num = int(f.readline().strip())
ValueError: invalid literal for int() with base 10: ''
benchmarks_EXC/INST_36x36/100/inst36x36_100_51.txt : 1740 ms.
--------------------------------------------------
Traceback (most recent call last):
  File "/home/hanrui/Sudoku-LS/solvers/sudoku_ort/sudoku_dyh.py", line 103, in <module>
    solve_sudoku(file)
  File "/home/hanrui/Sudoku-LS/solvers/sudoku_ort/sudoku_dyh.py", line 45, in solve_sudoku
    eq_num = int(f.readline().strip())
ValueError: invalid literal for int() with base 10: ''
benchmarks_EXC/INST_36x36/100/inst36x36_100_52.txt : 1614 ms.
--------------------------------------------------
Traceback (most recent call last):
  File "/home/hanrui/Sudoku-LS/solvers/sudoku_ort/sudoku_dyh.py", line 103, in <module>
    solve_sudoku(file)
  File "/home/hanrui/Sudoku-LS/solvers/sudoku_ort/sudoku_dyh.py", line 45, in solve_sudoku
    eq_num = int(f.readline().strip())
ValueError: invalid literal for int() with base 10: ''
benchmarks_EXC/INST_36x36/100/inst36x36_100_53.txt : 2004 ms.
--------------------------------------------------
Traceback (most recent call last):
  File "/home/hanrui/Sudoku-LS/solvers/sudoku_ort/sudoku_dyh.py", line 103, in <module>
    solve_sudoku(file)
  File "/home/hanrui/Sudoku-LS/solvers/sudoku_ort/sudoku_dyh.py", line 45, in solve_sudoku
    eq_num = int(f.readline().strip())
ValueError: invalid literal for int() with base 10: ''
benchmarks_EXC/INST_36x36/100/inst36x36_100_54.txt : 1425 ms.
--------------------------------------------------
Traceback (most recent call last):
  File "/home/hanrui/Sudoku-LS/solvers/sudoku_ort/sudoku_dyh.py", line 103, in <module>
    solve_sudoku(file)
  File "/home/hanrui/Sudoku-LS/solvers/sudoku_ort/sudoku_dyh.py", line 45, in solve_sudoku
    eq_num = int(f.readline().strip())
ValueError: invalid literal for int() with base 10: ''
benchmarks_EXC/INST_36x36/100/inst36x36_100_55.txt : 1402 ms.
--------------------------------------------------
Traceback (most recent call last):
  File "/home/hanrui/Sudoku-LS/solvers/sudoku_ort/sudoku_dyh.py", line 103, in <module>
    solve_sudoku(file)
  File "/home/hanrui/Sudoku-LS/solvers/sudoku_ort/sudoku_dyh.py", line 45, in solve_sudoku
    eq_num = int(f.readline().strip())
ValueError: invalid literal for int() with base 10: ''
benchmarks_EXC/INST_36x36/100/inst36x36_100_56.txt : 1445 ms.
--------------------------------------------------
Traceback (most recent call last):
  File "/home/hanrui/Sudoku-LS/solvers/sudoku_ort/sudoku_dyh.py", line 103, in <module>
    solve_sudoku(file)
  File "/home/hanrui/Sudoku-LS/solvers/sudoku_ort/sudoku_dyh.py", line 45, in solve_sudoku
    eq_num = int(f.readline().strip())
ValueError: invalid literal for int() with base 10: ''
benchmarks_EXC/INST_36x36/100/inst36x36_100_57.txt : 1579 ms.
--------------------------------------------------
Traceback (most recent call last):
  File "/home/hanrui/Sudoku-LS/solvers/sudoku_ort/sudoku_dyh.py", line 103, in <module>
    solve_sudoku(file)
  File "/home/hanrui/Sudoku-LS/solvers/sudoku_ort/sudoku_dyh.py", line 45, in solve_sudoku
    eq_num = int(f.readline().strip())
ValueError: invalid literal for int() with base 10: ''
benchmarks_EXC/INST_36x36/100/inst36x36_100_58.txt : 1581 ms.
--------------------------------------------------
Traceback (most recent call last):
  File "/home/hanrui/Sudoku-LS/solvers/sudoku_ort/sudoku_dyh.py", line 103, in <module>
    solve_sudoku(file)
  File "/home/hanrui/Sudoku-LS/solvers/sudoku_ort/sudoku_dyh.py", line 45, in solve_sudoku
    eq_num = int(f.readline().strip())
ValueError: invalid literal for int() with base 10: ''
benchmarks_EXC/INST_36x36/100/inst36x36_100_59.txt : 1394 ms.
--------------------------------------------------
Traceback (most recent call last):
  File "/home/hanrui/Sudoku-LS/solvers/sudoku_ort/sudoku_dyh.py", line 103, in <module>
    solve_sudoku(file)
  File "/home/hanrui/Sudoku-LS/solvers/sudoku_ort/sudoku_dyh.py", line 45, in solve_sudoku
    eq_num = int(f.readline().strip())
ValueError: invalid literal for int() with base 10: ''
benchmarks_EXC/INST_36x36/100/inst36x36_100_5.txt : 1500 ms.
--------------------------------------------------
Traceback (most recent call last):
  File "/home/hanrui/Sudoku-LS/solvers/sudoku_ort/sudoku_dyh.py", line 103, in <module>
    solve_sudoku(file)
  File "/home/hanrui/Sudoku-LS/solvers/sudoku_ort/sudoku_dyh.py", line 45, in solve_sudoku
    eq_num = int(f.readline().strip())
ValueError: invalid literal for int() with base 10: ''
benchmarks_EXC/INST_36x36/100/inst36x36_100_60.txt : 1499 ms.
--------------------------------------------------
Traceback (most recent call last):
  File "/home/hanrui/Sudoku-LS/solvers/sudoku_ort/sudoku_dyh.py", line 103, in <module>
    solve_sudoku(file)
  File "/home/hanrui/Sudoku-LS/solvers/sudoku_ort/sudoku_dyh.py", line 45, in solve_sudoku
    eq_num = int(f.readline().strip())
ValueError: invalid literal for int() with base 10: ''
benchmarks_EXC/INST_36x36/100/inst36x36_100_61.txt : 1509 ms.
--------------------------------------------------
Traceback (most recent call last):
  File "/home/hanrui/Sudoku-LS/solvers/sudoku_ort/sudoku_dyh.py", line 103, in <module>
    solve_sudoku(file)
  File "/home/hanrui/Sudoku-LS/solvers/sudoku_ort/sudoku_dyh.py", line 45, in solve_sudoku
    eq_num = int(f.readline().strip())
ValueError: invalid literal for int() with base 10: ''
benchmarks_EXC/INST_36x36/100/inst36x36_100_62.txt : 1436 ms.
--------------------------------------------------
Traceback (most recent call last):
  File "/home/hanrui/Sudoku-LS/solvers/sudoku_ort/sudoku_dyh.py", line 103, in <module>
    solve_sudoku(file)
  File "/home/hanrui/Sudoku-LS/solvers/sudoku_ort/sudoku_dyh.py", line 45, in solve_sudoku
    eq_num = int(f.readline().strip())
ValueError: invalid literal for int() with base 10: ''
benchmarks_EXC/INST_36x36/100/inst36x36_100_63.txt : 1478 ms.
--------------------------------------------------
Traceback (most recent call last):
  File "/home/hanrui/Sudoku-LS/solvers/sudoku_ort/sudoku_dyh.py", line 103, in <module>
    solve_sudoku(file)
  File "/home/hanrui/Sudoku-LS/solvers/sudoku_ort/sudoku_dyh.py", line 45, in solve_sudoku
    eq_num = int(f.readline().strip())
ValueError: invalid literal for int() with base 10: ''
benchmarks_EXC/INST_36x36/100/inst36x36_100_64.txt : 1583 ms.
--------------------------------------------------
Traceback (most recent call last):
  File "/home/hanrui/Sudoku-LS/solvers/sudoku_ort/sudoku_dyh.py", line 103, in <module>
    solve_sudoku(file)
  File "/home/hanrui/Sudoku-LS/solvers/sudoku_ort/sudoku_dyh.py", line 45, in solve_sudoku
    eq_num = int(f.readline().strip())
ValueError: invalid literal for int() with base 10: ''
benchmarks_EXC/INST_36x36/100/inst36x36_100_65.txt : 1620 ms.
--------------------------------------------------
Traceback (most recent call last):
  File "/home/hanrui/Sudoku-LS/solvers/sudoku_ort/sudoku_dyh.py", line 103, in <module>
    solve_sudoku(file)
  File "/home/hanrui/Sudoku-LS/solvers/sudoku_ort/sudoku_dyh.py", line 45, in solve_sudoku
    eq_num = int(f.readline().strip())
ValueError: invalid literal for int() with base 10: ''
benchmarks_EXC/INST_36x36/100/inst36x36_100_66.txt : 1404 ms.
--------------------------------------------------
Traceback (most recent call last):
  File "/home/hanrui/Sudoku-LS/solvers/sudoku_ort/sudoku_dyh.py", line 103, in <module>
    solve_sudoku(file)
  File "/home/hanrui/Sudoku-LS/solvers/sudoku_ort/sudoku_dyh.py", line 45, in solve_sudoku
    eq_num = int(f.readline().strip())
ValueError: invalid literal for int() with base 10: ''
benchmarks_EXC/INST_36x36/100/inst36x36_100_67.txt : 1442 ms.
--------------------------------------------------
Traceback (most recent call last):
  File "/home/hanrui/Sudoku-LS/solvers/sudoku_ort/sudoku_dyh.py", line 103, in <module>
    solve_sudoku(file)
  File "/home/hanrui/Sudoku-LS/solvers/sudoku_ort/sudoku_dyh.py", line 45, in solve_sudoku
    eq_num = int(f.readline().strip())
ValueError: invalid literal for int() with base 10: ''
benchmarks_EXC/INST_36x36/100/inst36x36_100_68.txt : 1548 ms.
--------------------------------------------------
Traceback (most recent call last):
  File "/home/hanrui/Sudoku-LS/solvers/sudoku_ort/sudoku_dyh.py", line 103, in <module>
    solve_sudoku(file)
  File "/home/hanrui/Sudoku-LS/solvers/sudoku_ort/sudoku_dyh.py", line 45, in solve_sudoku
    eq_num = int(f.readline().strip())
ValueError: invalid literal for int() with base 10: ''
benchmarks_EXC/INST_36x36/100/inst36x36_100_69.txt : 1518 ms.
--------------------------------------------------
Traceback (most recent call last):
  File "/home/hanrui/Sudoku-LS/solvers/sudoku_ort/sudoku_dyh.py", line 103, in <module>
    solve_sudoku(file)
  File "/home/hanrui/Sudoku-LS/solvers/sudoku_ort/sudoku_dyh.py", line 45, in solve_sudoku
    eq_num = int(f.readline().strip())
ValueError: invalid literal for int() with base 10: ''
benchmarks_EXC/INST_36x36/100/inst36x36_100_6.txt : 1650 ms.
--------------------------------------------------
Traceback (most recent call last):
  File "/home/hanrui/Sudoku-LS/solvers/sudoku_ort/sudoku_dyh.py", line 103, in <module>
    solve_sudoku(file)
  File "/home/hanrui/Sudoku-LS/solvers/sudoku_ort/sudoku_dyh.py", line 45, in solve_sudoku
    eq_num = int(f.readline().strip())
ValueError: invalid literal for int() with base 10: ''
benchmarks_EXC/INST_36x36/100/inst36x36_100_70.txt : 1626 ms.
--------------------------------------------------
Traceback (most recent call last):
  File "/home/hanrui/Sudoku-LS/solvers/sudoku_ort/sudoku_dyh.py", line 103, in <module>
    solve_sudoku(file)
  File "/home/hanrui/Sudoku-LS/solvers/sudoku_ort/sudoku_dyh.py", line 45, in solve_sudoku
    eq_num = int(f.readline().strip())
ValueError: invalid literal for int() with base 10: ''
benchmarks_EXC/INST_36x36/100/inst36x36_100_71.txt : 1834 ms.
--------------------------------------------------
Traceback (most recent call last):
  File "/home/hanrui/Sudoku-LS/solvers/sudoku_ort/sudoku_dyh.py", line 103, in <module>
    solve_sudoku(file)
  File "/home/hanrui/Sudoku-LS/solvers/sudoku_ort/sudoku_dyh.py", line 45, in solve_sudoku
    eq_num = int(f.readline().strip())
ValueError: invalid literal for int() with base 10: ''
benchmarks_EXC/INST_36x36/100/inst36x36_100_72.txt : 1611 ms.
--------------------------------------------------
Traceback (most recent call last):
  File "/home/hanrui/Sudoku-LS/solvers/sudoku_ort/sudoku_dyh.py", line 103, in <module>
    solve_sudoku(file)
  File "/home/hanrui/Sudoku-LS/solvers/sudoku_ort/sudoku_dyh.py", line 45, in solve_sudoku
    eq_num = int(f.readline().strip())
ValueError: invalid literal for int() with base 10: ''
benchmarks_EXC/INST_36x36/100/inst36x36_100_73.txt : 1705 ms.
--------------------------------------------------
Traceback (most recent call last):
  File "/home/hanrui/Sudoku-LS/solvers/sudoku_ort/sudoku_dyh.py", line 103, in <module>
    solve_sudoku(file)
  File "/home/hanrui/Sudoku-LS/solvers/sudoku_ort/sudoku_dyh.py", line 45, in solve_sudoku
    eq_num = int(f.readline().strip())
ValueError: invalid literal for int() with base 10: ''
benchmarks_EXC/INST_36x36/100/inst36x36_100_74.txt : 1600 ms.
--------------------------------------------------
Traceback (most recent call last):
  File "/home/hanrui/Sudoku-LS/solvers/sudoku_ort/sudoku_dyh.py", line 103, in <module>
    solve_sudoku(file)
  File "/home/hanrui/Sudoku-LS/solvers/sudoku_ort/sudoku_dyh.py", line 45, in solve_sudoku
    eq_num = int(f.readline().strip())
ValueError: invalid literal for int() with base 10: ''
benchmarks_EXC/INST_36x36/100/inst36x36_100_75.txt : 1491 ms.
--------------------------------------------------
Traceback (most recent call last):
  File "/home/hanrui/Sudoku-LS/solvers/sudoku_ort/sudoku_dyh.py", line 103, in <module>
    solve_sudoku(file)
  File "/home/hanrui/Sudoku-LS/solvers/sudoku_ort/sudoku_dyh.py", line 45, in solve_sudoku
    eq_num = int(f.readline().strip())
ValueError: invalid literal for int() with base 10: ''
benchmarks_EXC/INST_36x36/100/inst36x36_100_76.txt : 1345 ms.
--------------------------------------------------
Traceback (most recent call last):
  File "/home/hanrui/Sudoku-LS/solvers/sudoku_ort/sudoku_dyh.py", line 103, in <module>
    solve_sudoku(file)
  File "/home/hanrui/Sudoku-LS/solvers/sudoku_ort/sudoku_dyh.py", line 45, in solve_sudoku
    eq_num = int(f.readline().strip())
ValueError: invalid literal for int() with base 10: ''
benchmarks_EXC/INST_36x36/100/inst36x36_100_77.txt : 1629 ms.
--------------------------------------------------
Traceback (most recent call last):
  File "/home/hanrui/Sudoku-LS/solvers/sudoku_ort/sudoku_dyh.py", line 103, in <module>
    solve_sudoku(file)
  File "/home/hanrui/Sudoku-LS/solvers/sudoku_ort/sudoku_dyh.py", line 45, in solve_sudoku
    eq_num = int(f.readline().strip())
ValueError: invalid literal for int() with base 10: ''
benchmarks_EXC/INST_36x36/100/inst36x36_100_78.txt : 1601 ms.
--------------------------------------------------
Traceback (most recent call last):
  File "/home/hanrui/Sudoku-LS/solvers/sudoku_ort/sudoku_dyh.py", line 103, in <module>
    solve_sudoku(file)
  File "/home/hanrui/Sudoku-LS/solvers/sudoku_ort/sudoku_dyh.py", line 45, in solve_sudoku
    eq_num = int(f.readline().strip())
ValueError: invalid literal for int() with base 10: ''
benchmarks_EXC/INST_36x36/100/inst36x36_100_79.txt : 1533 ms.
--------------------------------------------------
Traceback (most recent call last):
  File "/home/hanrui/Sudoku-LS/solvers/sudoku_ort/sudoku_dyh.py", line 103, in <module>
    solve_sudoku(file)
  File "/home/hanrui/Sudoku-LS/solvers/sudoku_ort/sudoku_dyh.py", line 45, in solve_sudoku
    eq_num = int(f.readline().strip())
ValueError: invalid literal for int() with base 10: ''
benchmarks_EXC/INST_36x36/100/inst36x36_100_7.txt : 1339 ms.
--------------------------------------------------
Traceback (most recent call last):
  File "/home/hanrui/Sudoku-LS/solvers/sudoku_ort/sudoku_dyh.py", line 103, in <module>
    solve_sudoku(file)
  File "/home/hanrui/Sudoku-LS/solvers/sudoku_ort/sudoku_dyh.py", line 45, in solve_sudoku
    eq_num = int(f.readline().strip())
ValueError: invalid literal for int() with base 10: ''
benchmarks_EXC/INST_36x36/100/inst36x36_100_80.txt : 1467 ms.
--------------------------------------------------
Traceback (most recent call last):
  File "/home/hanrui/Sudoku-LS/solvers/sudoku_ort/sudoku_dyh.py", line 103, in <module>
    solve_sudoku(file)
  File "/home/hanrui/Sudoku-LS/solvers/sudoku_ort/sudoku_dyh.py", line 45, in solve_sudoku
    eq_num = int(f.readline().strip())
ValueError: invalid literal for int() with base 10: ''
benchmarks_EXC/INST_36x36/100/inst36x36_100_81.txt : 1493 ms.
--------------------------------------------------
Traceback (most recent call last):
  File "/home/hanrui/Sudoku-LS/solvers/sudoku_ort/sudoku_dyh.py", line 103, in <module>
    solve_sudoku(file)
  File "/home/hanrui/Sudoku-LS/solvers/sudoku_ort/sudoku_dyh.py", line 45, in solve_sudoku
    eq_num = int(f.readline().strip())
ValueError: invalid literal for int() with base 10: ''
benchmarks_EXC/INST_36x36/100/inst36x36_100_82.txt : 1541 ms.
--------------------------------------------------
Traceback (most recent call last):
  File "/home/hanrui/Sudoku-LS/solvers/sudoku_ort/sudoku_dyh.py", line 103, in <module>
    solve_sudoku(file)
  File "/home/hanrui/Sudoku-LS/solvers/sudoku_ort/sudoku_dyh.py", line 45, in solve_sudoku
    eq_num = int(f.readline().strip())
ValueError: invalid literal for int() with base 10: ''
benchmarks_EXC/INST_36x36/100/inst36x36_100_83.txt : 1430 ms.
--------------------------------------------------
Traceback (most recent call last):
  File "/home/hanrui/Sudoku-LS/solvers/sudoku_ort/sudoku_dyh.py", line 103, in <module>
    solve_sudoku(file)
  File "/home/hanrui/Sudoku-LS/solvers/sudoku_ort/sudoku_dyh.py", line 45, in solve_sudoku
    eq_num = int(f.readline().strip())
ValueError: invalid literal for int() with base 10: ''
benchmarks_EXC/INST_36x36/100/inst36x36_100_84.txt : 1529 ms.
--------------------------------------------------
Traceback (most recent call last):
  File "/home/hanrui/Sudoku-LS/solvers/sudoku_ort/sudoku_dyh.py", line 103, in <module>
    solve_sudoku(file)
  File "/home/hanrui/Sudoku-LS/solvers/sudoku_ort/sudoku_dyh.py", line 45, in solve_sudoku
    eq_num = int(f.readline().strip())
ValueError: invalid literal for int() with base 10: ''
benchmarks_EXC/INST_36x36/100/inst36x36_100_85.txt : 1457 ms.
--------------------------------------------------
Traceback (most recent call last):
  File "/home/hanrui/Sudoku-LS/solvers/sudoku_ort/sudoku_dyh.py", line 103, in <module>
    solve_sudoku(file)
  File "/home/hanrui/Sudoku-LS/solvers/sudoku_ort/sudoku_dyh.py", line 45, in solve_sudoku
    eq_num = int(f.readline().strip())
ValueError: invalid literal for int() with base 10: ''
benchmarks_EXC/INST_36x36/100/inst36x36_100_86.txt : 1535 ms.
--------------------------------------------------
Traceback (most recent call last):
  File "/home/hanrui/Sudoku-LS/solvers/sudoku_ort/sudoku_dyh.py", line 103, in <module>
    solve_sudoku(file)
  File "/home/hanrui/Sudoku-LS/solvers/sudoku_ort/sudoku_dyh.py", line 45, in solve_sudoku
    eq_num = int(f.readline().strip())
ValueError: invalid literal for int() with base 10: ''
benchmarks_EXC/INST_36x36/100/inst36x36_100_87.txt : 1749 ms.
--------------------------------------------------
Traceback (most recent call last):
  File "/home/hanrui/Sudoku-LS/solvers/sudoku_ort/sudoku_dyh.py", line 103, in <module>
    solve_sudoku(file)
  File "/home/hanrui/Sudoku-LS/solvers/sudoku_ort/sudoku_dyh.py", line 45, in solve_sudoku
    eq_num = int(f.readline().strip())
ValueError: invalid literal for int() with base 10: ''
benchmarks_EXC/INST_36x36/100/inst36x36_100_88.txt : 1542 ms.
--------------------------------------------------
Traceback (most recent call last):
  File "/home/hanrui/Sudoku-LS/solvers/sudoku_ort/sudoku_dyh.py", line 103, in <module>
    solve_sudoku(file)
  File "/home/hanrui/Sudoku-LS/solvers/sudoku_ort/sudoku_dyh.py", line 45, in solve_sudoku
    eq_num = int(f.readline().strip())
ValueError: invalid literal for int() with base 10: ''
benchmarks_EXC/INST_36x36/100/inst36x36_100_89.txt : 1878 ms.
--------------------------------------------------
Traceback (most recent call last):
  File "/home/hanrui/Sudoku-LS/solvers/sudoku_ort/sudoku_dyh.py", line 103, in <module>
    solve_sudoku(file)
  File "/home/hanrui/Sudoku-LS/solvers/sudoku_ort/sudoku_dyh.py", line 45, in solve_sudoku
    eq_num = int(f.readline().strip())
ValueError: invalid literal for int() with base 10: ''
benchmarks_EXC/INST_36x36/100/inst36x36_100_8.txt : 1953 ms.
--------------------------------------------------
Traceback (most recent call last):
  File "/home/hanrui/Sudoku-LS/solvers/sudoku_ort/sudoku_dyh.py", line 103, in <module>
    solve_sudoku(file)
  File "/home/hanrui/Sudoku-LS/solvers/sudoku_ort/sudoku_dyh.py", line 45, in solve_sudoku
    eq_num = int(f.readline().strip())
ValueError: invalid literal for int() with base 10: ''
benchmarks_EXC/INST_36x36/100/inst36x36_100_90.txt : 1649 ms.
--------------------------------------------------
Traceback (most recent call last):
  File "/home/hanrui/Sudoku-LS/solvers/sudoku_ort/sudoku_dyh.py", line 103, in <module>
    solve_sudoku(file)
  File "/home/hanrui/Sudoku-LS/solvers/sudoku_ort/sudoku_dyh.py", line 45, in solve_sudoku
    eq_num = int(f.readline().strip())
ValueError: invalid literal for int() with base 10: ''
benchmarks_EXC/INST_36x36/100/inst36x36_100_91.txt : 1825 ms.
--------------------------------------------------
Traceback (most recent call last):
  File "/home/hanrui/Sudoku-LS/solvers/sudoku_ort/sudoku_dyh.py", line 103, in <module>
    solve_sudoku(file)
  File "/home/hanrui/Sudoku-LS/solvers/sudoku_ort/sudoku_dyh.py", line 45, in solve_sudoku
    eq_num = int(f.readline().strip())
ValueError: invalid literal for int() with base 10: ''
benchmarks_EXC/INST_36x36/100/inst36x36_100_92.txt : 1795 ms.
--------------------------------------------------
Traceback (most recent call last):
  File "/home/hanrui/Sudoku-LS/solvers/sudoku_ort/sudoku_dyh.py", line 103, in <module>
    solve_sudoku(file)
  File "/home/hanrui/Sudoku-LS/solvers/sudoku_ort/sudoku_dyh.py", line 45, in solve_sudoku
    eq_num = int(f.readline().strip())
ValueError: invalid literal for int() with base 10: ''
benchmarks_EXC/INST_36x36/100/inst36x36_100_93.txt : 1663 ms.
--------------------------------------------------
Traceback (most recent call last):
  File "/home/hanrui/Sudoku-LS/solvers/sudoku_ort/sudoku_dyh.py", line 103, in <module>
    solve_sudoku(file)
  File "/home/hanrui/Sudoku-LS/solvers/sudoku_ort/sudoku_dyh.py", line 45, in solve_sudoku
    eq_num = int(f.readline().strip())
ValueError: invalid literal for int() with base 10: ''
benchmarks_EXC/INST_36x36/100/inst36x36_100_94.txt : 1808 ms.
--------------------------------------------------
Traceback (most recent call last):
  File "/home/hanrui/Sudoku-LS/solvers/sudoku_ort/sudoku_dyh.py", line 103, in <module>
    solve_sudoku(file)
  File "/home/hanrui/Sudoku-LS/solvers/sudoku_ort/sudoku_dyh.py", line 45, in solve_sudoku
    eq_num = int(f.readline().strip())
ValueError: invalid literal for int() with base 10: ''
benchmarks_EXC/INST_36x36/100/inst36x36_100_95.txt : 1593 ms.
--------------------------------------------------
Traceback (most recent call last):
  File "/home/hanrui/Sudoku-LS/solvers/sudoku_ort/sudoku_dyh.py", line 103, in <module>
    solve_sudoku(file)
  File "/home/hanrui/Sudoku-LS/solvers/sudoku_ort/sudoku_dyh.py", line 45, in solve_sudoku
    eq_num = int(f.readline().strip())
ValueError: invalid literal for int() with base 10: ''
benchmarks_EXC/INST_36x36/100/inst36x36_100_96.txt : 2065 ms.
--------------------------------------------------
Traceback (most recent call last):
  File "/home/hanrui/Sudoku-LS/solvers/sudoku_ort/sudoku_dyh.py", line 103, in <module>
    solve_sudoku(file)
  File "/home/hanrui/Sudoku-LS/solvers/sudoku_ort/sudoku_dyh.py", line 45, in solve_sudoku
    eq_num = int(f.readline().strip())
ValueError: invalid literal for int() with base 10: ''
benchmarks_EXC/INST_36x36/100/inst36x36_100_97.txt : 1642 ms.
--------------------------------------------------
Traceback (most recent call last):
  File "/home/hanrui/Sudoku-LS/solvers/sudoku_ort/sudoku_dyh.py", line 103, in <module>
    solve_sudoku(file)
  File "/home/hanrui/Sudoku-LS/solvers/sudoku_ort/sudoku_dyh.py", line 45, in solve_sudoku
    eq_num = int(f.readline().strip())
ValueError: invalid literal for int() with base 10: ''
benchmarks_EXC/INST_36x36/100/inst36x36_100_98.txt : 1901 ms.
--------------------------------------------------
Traceback (most recent call last):
  File "/home/hanrui/Sudoku-LS/solvers/sudoku_ort/sudoku_dyh.py", line 103, in <module>
    solve_sudoku(file)
  File "/home/hanrui/Sudoku-LS/solvers/sudoku_ort/sudoku_dyh.py", line 45, in solve_sudoku
    eq_num = int(f.readline().strip())
ValueError: invalid literal for int() with base 10: ''
benchmarks_EXC/INST_36x36/100/inst36x36_100_99.txt : 1755 ms.
--------------------------------------------------
Traceback (most recent call last):
  File "/home/hanrui/Sudoku-LS/solvers/sudoku_ort/sudoku_dyh.py", line 103, in <module>
    solve_sudoku(file)
  File "/home/hanrui/Sudoku-LS/solvers/sudoku_ort/sudoku_dyh.py", line 45, in solve_sudoku
    eq_num = int(f.readline().strip())
ValueError: invalid literal for int() with base 10: ''
benchmarks_EXC/INST_36x36/100/inst36x36_100_9.txt : 1806 ms.
