--------------------------------------------------
benchmarks/INST_36x36/30/inst36x36_30_0.txt : 1004126 ms.
--------------------------------------------------
benchmarks/INST_36x36/30/inst36x36_30_10.txt : 1008215 ms.
--------------------------------------------------
benchmarks/INST_36x36/30/inst36x36_30_11.txt find answer: 912.900000
benchmarks/INST_36x36/30/inst36x36_30_11.txt : 915175 ms.
--------------------------------------------------
benchmarks/INST_36x36/30/inst36x36_30_12.txt : 1010352 ms.
--------------------------------------------------
benchmarks/INST_36x36/30/inst36x36_30_13.txt : 1016232 ms.
--------------------------------------------------
benchmarks/INST_36x36/30/inst36x36_30_14.txt : 1003685 ms.
--------------------------------------------------
benchmarks/INST_36x36/30/inst36x36_30_15.txt : 1020963 ms.
--------------------------------------------------
benchmarks/INST_36x36/30/inst36x36_30_16.txt : 1004657 ms.
--------------------------------------------------
benchmarks/INST_36x36/30/inst36x36_30_17.txt : 1016689 ms.
--------------------------------------------------
benchmarks/INST_36x36/30/inst36x36_30_18.txt : 1016225 ms.
--------------------------------------------------
benchmarks/INST_36x36/30/inst36x36_30_19.txt : 1012780 ms.
--------------------------------------------------
benchmarks/INST_36x36/30/inst36x36_30_1.txt : 1007406 ms.
--------------------------------------------------
benchmarks/INST_36x36/30/inst36x36_30_20.txt : 1003186 ms.
--------------------------------------------------
benchmarks/INST_36x36/30/inst36x36_30_21.txt : 1005171 ms.
--------------------------------------------------
benchmarks/INST_36x36/30/inst36x36_30_22.txt : 1004847 ms.
--------------------------------------------------
benchmarks/INST_36x36/30/inst36x36_30_23.txt : 1008059 ms.
--------------------------------------------------
benchmarks/INST_36x36/30/inst36x36_30_24.txt : 1009351 ms.
--------------------------------------------------
benchmarks/INST_36x36/30/inst36x36_30_25.txt find answer: 248.040000
benchmarks/INST_36x36/30/inst36x36_30_25.txt : 248696 ms.
--------------------------------------------------
benchmarks/INST_36x36/30/inst36x36_30_26.txt : 1005098 ms.
--------------------------------------------------
benchmarks/INST_36x36/30/inst36x36_30_27.txt : 1009279 ms.
--------------------------------------------------
benchmarks/INST_36x36/30/inst36x36_30_28.txt : 1004293 ms.
--------------------------------------------------
benchmarks/INST_36x36/30/inst36x36_30_29.txt : 1003017 ms.
--------------------------------------------------
benchmarks/INST_36x36/30/inst36x36_30_2.txt : 1004173 ms.
--------------------------------------------------
benchmarks/INST_36x36/30/inst36x36_30_30.txt : 1003926 ms.
--------------------------------------------------
benchmarks/INST_36x36/30/inst36x36_30_31.txt : 1003575 ms.
--------------------------------------------------
benchmarks/INST_36x36/30/inst36x36_30_32.txt : 1006473 ms.
--------------------------------------------------
benchmarks/INST_36x36/30/inst36x36_30_33.txt : 1009332 ms.
--------------------------------------------------
benchmarks/INST_36x36/30/inst36x36_30_34.txt : 1006207 ms.
--------------------------------------------------
benchmarks/INST_36x36/30/inst36x36_30_35.txt : 1007814 ms.
--------------------------------------------------
benchmarks/INST_36x36/30/inst36x36_30_36.txt : 1006286 ms.
--------------------------------------------------
benchmarks/INST_36x36/30/inst36x36_30_37.txt : 1006764 ms.
--------------------------------------------------
benchmarks/INST_36x36/30/inst36x36_30_38.txt : 1010502 ms.
--------------------------------------------------
benchmarks/INST_36x36/30/inst36x36_30_39.txt : 1005859 ms.
--------------------------------------------------
benchmarks/INST_36x36/30/inst36x36_30_3.txt : 1002448 ms.
--------------------------------------------------
benchmarks/INST_36x36/30/inst36x36_30_40.txt : 1003467 ms.
--------------------------------------------------
benchmarks/INST_36x36/30/inst36x36_30_41.txt : 1008820 ms.
--------------------------------------------------
benchmarks/INST_36x36/30/inst36x36_30_42.txt : 1008544 ms.
--------------------------------------------------
benchmarks/INST_36x36/30/inst36x36_30_43.txt : 1009451 ms.
--------------------------------------------------
benchmarks/INST_36x36/30/inst36x36_30_44.txt : 1013347 ms.
--------------------------------------------------
benchmarks/INST_36x36/30/inst36x36_30_45.txt : 1007912 ms.
--------------------------------------------------
benchmarks/INST_36x36/30/inst36x36_30_46.txt : 1008132 ms.
--------------------------------------------------
benchmarks/INST_36x36/30/inst36x36_30_47.txt : 1003156 ms.
--------------------------------------------------
benchmarks/INST_36x36/30/inst36x36_30_48.txt : 1008623 ms.
--------------------------------------------------
benchmarks/INST_36x36/30/inst36x36_30_49.txt find answer: 405.940000
benchmarks/INST_36x36/30/inst36x36_30_49.txt : 406958 ms.
--------------------------------------------------
benchmarks/INST_36x36/30/inst36x36_30_4.txt : 1005631 ms.
--------------------------------------------------
benchmarks/INST_36x36/30/inst36x36_30_50.txt : 1003110 ms.
--------------------------------------------------
benchmarks/INST_36x36/30/inst36x36_30_51.txt : 1013790 ms.
--------------------------------------------------
benchmarks/INST_36x36/30/inst36x36_30_52.txt : 1004468 ms.
--------------------------------------------------
benchmarks/INST_36x36/30/inst36x36_30_53.txt : 1010653 ms.
--------------------------------------------------
benchmarks/INST_36x36/30/inst36x36_30_54.txt : 1007753 ms.
--------------------------------------------------
benchmarks/INST_36x36/30/inst36x36_30_55.txt : 1014284 ms.
--------------------------------------------------
benchmarks/INST_36x36/30/inst36x36_30_56.txt : 1006130 ms.
--------------------------------------------------
benchmarks/INST_36x36/30/inst36x36_30_57.txt : 1006037 ms.
--------------------------------------------------
benchmarks/INST_36x36/30/inst36x36_30_58.txt : 1004753 ms.
--------------------------------------------------
benchmarks/INST_36x36/30/inst36x36_30_59.txt : 1006056 ms.
--------------------------------------------------
benchmarks/INST_36x36/30/inst36x36_30_5.txt : 1011410 ms.
--------------------------------------------------
benchmarks/INST_36x36/30/inst36x36_30_60.txt : 1005455 ms.
--------------------------------------------------
benchmarks/INST_36x36/30/inst36x36_30_61.txt : 1004483 ms.
--------------------------------------------------
benchmarks/INST_36x36/30/inst36x36_30_62.txt : 1016788 ms.
--------------------------------------------------
benchmarks/INST_36x36/30/inst36x36_30_63.txt : 1005404 ms.
--------------------------------------------------
benchmarks/INST_36x36/30/inst36x36_30_64.txt : 1014839 ms.
--------------------------------------------------
benchmarks/INST_36x36/30/inst36x36_30_65.txt : 1004243 ms.
--------------------------------------------------
benchmarks/INST_36x36/30/inst36x36_30_66.txt : 1005993 ms.
--------------------------------------------------
benchmarks/INST_36x36/30/inst36x36_30_67.txt find answer: 206.490000
benchmarks/INST_36x36/30/inst36x36_30_67.txt : 207079 ms.
--------------------------------------------------
benchmarks/INST_36x36/30/inst36x36_30_68.txt : 1002606 ms.
--------------------------------------------------
benchmarks/INST_36x36/30/inst36x36_30_69.txt : 1007179 ms.
--------------------------------------------------
benchmarks/INST_36x36/30/inst36x36_30_6.txt : 1007581 ms.
--------------------------------------------------
benchmarks/INST_36x36/30/inst36x36_30_70.txt : 1003683 ms.
--------------------------------------------------
benchmarks/INST_36x36/30/inst36x36_30_71.txt : 1005820 ms.
--------------------------------------------------
benchmarks/INST_36x36/30/inst36x36_30_72.txt : 1015362 ms.
--------------------------------------------------
benchmarks/INST_36x36/30/inst36x36_30_73.txt : 1011899 ms.
--------------------------------------------------
benchmarks/INST_36x36/30/inst36x36_30_74.txt : 1009930 ms.
--------------------------------------------------
benchmarks/INST_36x36/30/inst36x36_30_75.txt : 1005883 ms.
--------------------------------------------------
benchmarks/INST_36x36/30/inst36x36_30_76.txt : 1003820 ms.
--------------------------------------------------
benchmarks/INST_36x36/30/inst36x36_30_77.txt : 1005286 ms.
--------------------------------------------------
benchmarks/INST_36x36/30/inst36x36_30_78.txt : 1006578 ms.
--------------------------------------------------
benchmarks/INST_36x36/30/inst36x36_30_79.txt : 1006590 ms.
--------------------------------------------------
benchmarks/INST_36x36/30/inst36x36_30_7.txt : 1008525 ms.
--------------------------------------------------
benchmarks/INST_36x36/30/inst36x36_30_80.txt : 1002658 ms.
--------------------------------------------------
benchmarks/INST_36x36/30/inst36x36_30_81.txt : 1003545 ms.
--------------------------------------------------
benchmarks/INST_36x36/30/inst36x36_30_82.txt : 1002726 ms.
--------------------------------------------------
benchmarks/INST_36x36/30/inst36x36_30_83.txt : 1006411 ms.
--------------------------------------------------
benchmarks/INST_36x36/30/inst36x36_30_84.txt : 1013004 ms.
--------------------------------------------------
benchmarks/INST_36x36/30/inst36x36_30_85.txt : 1008059 ms.
--------------------------------------------------
benchmarks/INST_36x36/30/inst36x36_30_86.txt : 1012208 ms.
--------------------------------------------------
benchmarks/INST_36x36/30/inst36x36_30_87.txt : 1010337 ms.
--------------------------------------------------
benchmarks/INST_36x36/30/inst36x36_30_88.txt : 1002841 ms.
--------------------------------------------------
benchmarks/INST_36x36/30/inst36x36_30_89.txt : 1012638 ms.
--------------------------------------------------
benchmarks/INST_36x36/30/inst36x36_30_8.txt : 1010851 ms.
--------------------------------------------------
benchmarks/INST_36x36/30/inst36x36_30_90.txt : 1004951 ms.
--------------------------------------------------
benchmarks/INST_36x36/30/inst36x36_30_91.txt : 1014418 ms.
--------------------------------------------------
benchmarks/INST_36x36/30/inst36x36_30_92.txt : 1003757 ms.
--------------------------------------------------
benchmarks/INST_36x36/30/inst36x36_30_93.txt : 1005615 ms.
--------------------------------------------------
benchmarks/INST_36x36/30/inst36x36_30_94.txt : 1005547 ms.
--------------------------------------------------
benchmarks/INST_36x36/30/inst36x36_30_95.txt : 1003384 ms.
--------------------------------------------------
benchmarks/INST_36x36/30/inst36x36_30_96.txt : 1007264 ms.
--------------------------------------------------
benchmarks/INST_36x36/30/inst36x36_30_97.txt : 1004864 ms.
--------------------------------------------------
benchmarks/INST_36x36/30/inst36x36_30_98.txt : 1002928 ms.
--------------------------------------------------
benchmarks/INST_36x36/30/inst36x36_30_99.txt : 1007304 ms.
--------------------------------------------------
benchmarks/INST_36x36/30/inst36x36_30_9.txt : 1010803 ms.
run.sh: line 77: 3: command not found
run.sh: line 78: syntax error near unexpected token `fi'
run.sh: line 78: `    fi'
