--------------------------------------------------
benchmarks/INST_49x49/40/inst49x49_40_0.txt : 1017717 ms.
--------------------------------------------------
benchmarks/INST_49x49/40/inst49x49_40_10.txt : 1007693 ms.
--------------------------------------------------
benchmarks/INST_49x49/40/inst49x49_40_11.txt : 1008282 ms.
--------------------------------------------------
benchmarks/INST_49x49/40/inst49x49_40_12.txt : 1006558 ms.
--------------------------------------------------
benchmarks/INST_49x49/40/inst49x49_40_13.txt : 1011605 ms.
--------------------------------------------------
benchmarks/INST_49x49/40/inst49x49_40_14.txt : 1012342 ms.
--------------------------------------------------
benchmarks/INST_49x49/40/inst49x49_40_15.txt : 1008838 ms.
--------------------------------------------------
benchmarks/INST_49x49/40/inst49x49_40_16.txt : 1009877 ms.
--------------------------------------------------
benchmarks/INST_49x49/40/inst49x49_40_17.txt : 1019594 ms.
--------------------------------------------------
benchmarks/INST_49x49/40/inst49x49_40_18.txt : 1003738 ms.
--------------------------------------------------
benchmarks/INST_49x49/40/inst49x49_40_19.txt : 1006834 ms.
--------------------------------------------------
benchmarks/INST_49x49/40/inst49x49_40_1.txt : 1011367 ms.
--------------------------------------------------
benchmarks/INST_49x49/40/inst49x49_40_20.txt : 1015514 ms.
--------------------------------------------------
benchmarks/INST_49x49/40/inst49x49_40_21.txt : 1009794 ms.
--------------------------------------------------
benchmarks/INST_49x49/40/inst49x49_40_22.txt : 1007833 ms.
--------------------------------------------------
benchmarks/INST_49x49/40/inst49x49_40_23.txt : 1003332 ms.
--------------------------------------------------
benchmarks/INST_49x49/40/inst49x49_40_24.txt : 1009491 ms.
--------------------------------------------------
benchmarks/INST_49x49/40/inst49x49_40_25.txt : 1007318 ms.
--------------------------------------------------
benchmarks/INST_49x49/40/inst49x49_40_26.txt : 1004716 ms.
--------------------------------------------------
benchmarks/INST_49x49/40/inst49x49_40_27.txt : 1006433 ms.
--------------------------------------------------
benchmarks/INST_49x49/40/inst49x49_40_28.txt : 1019769 ms.
--------------------------------------------------
benchmarks/INST_49x49/40/inst49x49_40_29.txt : 1010626 ms.
--------------------------------------------------
benchmarks/INST_49x49/40/inst49x49_40_2.txt : 1007613 ms.
--------------------------------------------------
benchmarks/INST_49x49/40/inst49x49_40_30.txt : 1006199 ms.
--------------------------------------------------
benchmarks/INST_49x49/40/inst49x49_40_31.txt : 1003397 ms.
--------------------------------------------------
benchmarks/INST_49x49/40/inst49x49_40_32.txt : 1003888 ms.
--------------------------------------------------
benchmarks/INST_49x49/40/inst49x49_40_33.txt : 1004823 ms.
--------------------------------------------------
benchmarks/INST_49x49/40/inst49x49_40_34.txt : 1004766 ms.
--------------------------------------------------
benchmarks/INST_49x49/40/inst49x49_40_35.txt : 1009652 ms.
--------------------------------------------------
benchmarks/INST_49x49/40/inst49x49_40_36.txt : 1002618 ms.
--------------------------------------------------
benchmarks/INST_49x49/40/inst49x49_40_37.txt : 1002550 ms.
--------------------------------------------------
benchmarks/INST_49x49/40/inst49x49_40_38.txt : 1003342 ms.
--------------------------------------------------
benchmarks/INST_49x49/40/inst49x49_40_39.txt : 1012994 ms.
--------------------------------------------------
benchmarks/INST_49x49/40/inst49x49_40_3.txt : 1006048 ms.
--------------------------------------------------
benchmarks/INST_49x49/40/inst49x49_40_40.txt : 1003077 ms.
--------------------------------------------------
benchmarks/INST_49x49/40/inst49x49_40_41.txt : 1003419 ms.
--------------------------------------------------
benchmarks/INST_49x49/40/inst49x49_40_42.txt : 1015196 ms.
--------------------------------------------------
benchmarks/INST_49x49/40/inst49x49_40_43.txt : 1006102 ms.
--------------------------------------------------
benchmarks/INST_49x49/40/inst49x49_40_44.txt : 1002627 ms.
--------------------------------------------------
benchmarks/INST_49x49/40/inst49x49_40_45.txt : 1004627 ms.
--------------------------------------------------
benchmarks/INST_49x49/40/inst49x49_40_46.txt : 1008537 ms.
--------------------------------------------------
benchmarks/INST_49x49/40/inst49x49_40_47.txt : 1007677 ms.
--------------------------------------------------
benchmarks/INST_49x49/40/inst49x49_40_48.txt : 1008951 ms.
--------------------------------------------------
benchmarks/INST_49x49/40/inst49x49_40_49.txt : 1012891 ms.
--------------------------------------------------
benchmarks/INST_49x49/40/inst49x49_40_4.txt : 1009770 ms.
--------------------------------------------------
benchmarks/INST_49x49/40/inst49x49_40_50.txt : 1003160 ms.
--------------------------------------------------
benchmarks/INST_49x49/40/inst49x49_40_51.txt : 1011528 ms.
--------------------------------------------------
benchmarks/INST_49x49/40/inst49x49_40_52.txt : 1003846 ms.
--------------------------------------------------
benchmarks/INST_49x49/40/inst49x49_40_53.txt : 1010020 ms.
--------------------------------------------------
benchmarks/INST_49x49/40/inst49x49_40_54.txt : 1013430 ms.
--------------------------------------------------
benchmarks/INST_49x49/40/inst49x49_40_55.txt : 1005081 ms.
--------------------------------------------------
benchmarks/INST_49x49/40/inst49x49_40_56.txt : 1004428 ms.
--------------------------------------------------
benchmarks/INST_49x49/40/inst49x49_40_57.txt : 1004409 ms.
--------------------------------------------------
benchmarks/INST_49x49/40/inst49x49_40_58.txt : 1008453 ms.
--------------------------------------------------
benchmarks/INST_49x49/40/inst49x49_40_59.txt : 1002910 ms.
--------------------------------------------------
benchmarks/INST_49x49/40/inst49x49_40_5.txt : 1008246 ms.
--------------------------------------------------
benchmarks/INST_49x49/40/inst49x49_40_60.txt : 1004361 ms.
--------------------------------------------------
benchmarks/INST_49x49/40/inst49x49_40_61.txt : 1007568 ms.
--------------------------------------------------
benchmarks/INST_49x49/40/inst49x49_40_62.txt : 1013690 ms.
--------------------------------------------------
benchmarks/INST_49x49/40/inst49x49_40_63.txt : 1013457 ms.
--------------------------------------------------
benchmarks/INST_49x49/40/inst49x49_40_64.txt : 1009327 ms.
--------------------------------------------------
benchmarks/INST_49x49/40/inst49x49_40_65.txt : 1002558 ms.
--------------------------------------------------
benchmarks/INST_49x49/40/inst49x49_40_66.txt : 1010272 ms.
--------------------------------------------------
benchmarks/INST_49x49/40/inst49x49_40_67.txt : 1002624 ms.
--------------------------------------------------
benchmarks/INST_49x49/40/inst49x49_40_68.txt : 1008370 ms.
--------------------------------------------------
benchmarks/INST_49x49/40/inst49x49_40_69.txt : 1004162 ms.
--------------------------------------------------
benchmarks/INST_49x49/40/inst49x49_40_6.txt : 1008747 ms.
--------------------------------------------------
benchmarks/INST_49x49/40/inst49x49_40_70.txt : 1007279 ms.
--------------------------------------------------
benchmarks/INST_49x49/40/inst49x49_40_71.txt : 1003786 ms.
--------------------------------------------------
benchmarks/INST_49x49/40/inst49x49_40_72.txt : 1018408 ms.
--------------------------------------------------
benchmarks/INST_49x49/40/inst49x49_40_73.txt : 1006088 ms.
--------------------------------------------------
benchmarks/INST_49x49/40/inst49x49_40_74.txt : 1016462 ms.
--------------------------------------------------
benchmarks/INST_49x49/40/inst49x49_40_75.txt : 1015374 ms.
--------------------------------------------------
benchmarks/INST_49x49/40/inst49x49_40_76.txt : 1012366 ms.
--------------------------------------------------
benchmarks/INST_49x49/40/inst49x49_40_77.txt : 1013100 ms.
--------------------------------------------------
benchmarks/INST_49x49/40/inst49x49_40_78.txt : 1007491 ms.
--------------------------------------------------
benchmarks/INST_49x49/40/inst49x49_40_79.txt : 1014381 ms.
--------------------------------------------------
benchmarks/INST_49x49/40/inst49x49_40_7.txt : 1002603 ms.
--------------------------------------------------
benchmarks/INST_49x49/40/inst49x49_40_80.txt : 1024014 ms.
--------------------------------------------------
benchmarks/INST_49x49/40/inst49x49_40_81.txt : 1014816 ms.
--------------------------------------------------
benchmarks/INST_49x49/40/inst49x49_40_82.txt : 1017687 ms.
--------------------------------------------------
benchmarks/INST_49x49/40/inst49x49_40_83.txt : 1005405 ms.
--------------------------------------------------
benchmarks/INST_49x49/40/inst49x49_40_84.txt : 1011504 ms.
--------------------------------------------------
benchmarks/INST_49x49/40/inst49x49_40_85.txt : 1010520 ms.
--------------------------------------------------
benchmarks/INST_49x49/40/inst49x49_40_86.txt : 1016180 ms.
--------------------------------------------------
benchmarks/INST_49x49/40/inst49x49_40_87.txt : 1005532 ms.
--------------------------------------------------
benchmarks/INST_49x49/40/inst49x49_40_88.txt : 1013658 ms.
--------------------------------------------------
benchmarks/INST_49x49/40/inst49x49_40_89.txt : 1004192 ms.
--------------------------------------------------
benchmarks/INST_49x49/40/inst49x49_40_8.txt : 1016234 ms.
--------------------------------------------------
benchmarks/INST_49x49/40/inst49x49_40_90.txt : 1009518 ms.
--------------------------------------------------
benchmarks/INST_49x49/40/inst49x49_40_91.txt : 1002974 ms.
--------------------------------------------------
benchmarks/INST_49x49/40/inst49x49_40_92.txt : 1005320 ms.
--------------------------------------------------
benchmarks/INST_49x49/40/inst49x49_40_93.txt : 1004275 ms.
--------------------------------------------------
benchmarks/INST_49x49/40/inst49x49_40_94.txt : 1013396 ms.
--------------------------------------------------
benchmarks/INST_49x49/40/inst49x49_40_95.txt : 1014116 ms.
--------------------------------------------------
benchmarks/INST_49x49/40/inst49x49_40_96.txt : 1014963 ms.
--------------------------------------------------
benchmarks/INST_49x49/40/inst49x49_40_97.txt : 1004170 ms.
--------------------------------------------------
benchmarks/INST_49x49/40/inst49x49_40_98.txt : 1009296 ms.
--------------------------------------------------
benchmarks/INST_49x49/40/inst49x49_40_99.txt : 1009796 ms.
--------------------------------------------------
benchmarks/INST_49x49/40/inst49x49_40_9.txt : 1007593 ms.
run.sh: line 77: 3: command not found
run.sh: line 78: syntax error near unexpected token `fi'
run.sh: line 78: `    fi'
