--------------------------------------------------
benchmarks/N-Queens/INST_800/70/inst800_70_0.txt : 2479 ms.
--------------------------------------------------
SAT
benchmarks/N-Queens/INST_800/70/inst800_70_10.txt : 92373 ms.
--------------------------------------------------
benchmarks/N-Queens/INST_800/70/inst800_70_11.txt : 990 ms.
--------------------------------------------------
benchmarks/N-Queens/INST_800/70/inst800_70_12.txt : 1253 ms.
--------------------------------------------------
Traceback (most recent call last):
  File "/home/hanrui/AllDifferent-LS/solvers/nqueens_ort/n-queens_ortools.py", line 98, in <module>
    main(file)
  File "/home/hanrui/AllDifferent-LS/solvers/nqueens_ort/n-queens_ortools.py", line 49, in main
    lines.append(int(f.readline().strip()))
ValueError: invalid literal for int() with base 10: ''
benchmarks/N-Queens/INST_800/70/inst800_70_13.txt : 1056 ms.
--------------------------------------------------
benchmarks/N-Queens/INST_800/70/inst800_70_14.txt : 1427 ms.
--------------------------------------------------
benchmarks/N-Queens/INST_800/70/inst800_70_15.txt : 1804 ms.
--------------------------------------------------
benchmarks/N-Queens/INST_800/70/inst800_70_16.txt : 1628 ms.
--------------------------------------------------
SAT
benchmarks/N-Queens/INST_800/70/inst800_70_17.txt : 127271 ms.
--------------------------------------------------
benchmarks/N-Queens/INST_800/70/inst800_70_18.txt : 2223 ms.
--------------------------------------------------
benchmarks/N-Queens/INST_800/70/inst800_70_19.txt : 1277 ms.
--------------------------------------------------
benchmarks/N-Queens/INST_800/70/inst800_70_1.txt : 1294 ms.
--------------------------------------------------
benchmarks/N-Queens/INST_800/70/inst800_70_20.txt : 1205 ms.
--------------------------------------------------
benchmarks/N-Queens/INST_800/70/inst800_70_21.txt : 905 ms.
--------------------------------------------------
Traceback (most recent call last):
  File "/home/hanrui/AllDifferent-LS/solvers/nqueens_ort/n-queens_ortools.py", line 98, in <module>
    main(file)
  File "/home/hanrui/AllDifferent-LS/solvers/nqueens_ort/n-queens_ortools.py", line 49, in main
    lines.append(int(f.readline().strip()))
ValueError: invalid literal for int() with base 10: ''
benchmarks/N-Queens/INST_800/70/inst800_70_22.txt : 854 ms.
--------------------------------------------------
SAT
benchmarks/N-Queens/INST_800/70/inst800_70_23.txt : 119823 ms.
--------------------------------------------------
SAT
benchmarks/N-Queens/INST_800/70/inst800_70_24.txt : 150099 ms.
--------------------------------------------------
benchmarks/N-Queens/INST_800/70/inst800_70_25.txt : 1553 ms.
--------------------------------------------------
benchmarks/N-Queens/INST_800/70/inst800_70_26.txt : 1971 ms.
--------------------------------------------------
SAT
benchmarks/N-Queens/INST_800/70/inst800_70_27.txt : 154669 ms.
--------------------------------------------------
benchmarks/N-Queens/INST_800/70/inst800_70_28.txt : 1076 ms.
--------------------------------------------------
benchmarks/N-Queens/INST_800/70/inst800_70_29.txt : 1179 ms.
--------------------------------------------------
Traceback (most recent call last):
  File "/home/hanrui/AllDifferent-LS/solvers/nqueens_ort/n-queens_ortools.py", line 98, in <module>
    main(file)
  File "/home/hanrui/AllDifferent-LS/solvers/nqueens_ort/n-queens_ortools.py", line 49, in main
    lines.append(int(f.readline().strip()))
ValueError: invalid literal for int() with base 10: ''
benchmarks/N-Queens/INST_800/70/inst800_70_2.txt : 1367 ms.
--------------------------------------------------
benchmarks/N-Queens/INST_800/70/inst800_70_30.txt : 2315 ms.
--------------------------------------------------
SAT
benchmarks/N-Queens/INST_800/70/inst800_70_31.txt : 170368 ms.
--------------------------------------------------
Traceback (most recent call last):
  File "/home/hanrui/AllDifferent-LS/solvers/nqueens_ort/n-queens_ortools.py", line 98, in <module>
    main(file)
  File "/home/hanrui/AllDifferent-LS/solvers/nqueens_ort/n-queens_ortools.py", line 49, in main
    lines.append(int(f.readline().strip()))
ValueError: invalid literal for int() with base 10: ''
benchmarks/N-Queens/INST_800/70/inst800_70_32.txt : 2165 ms.
--------------------------------------------------
benchmarks/N-Queens/INST_800/70/inst800_70_33.txt : 2044 ms.
--------------------------------------------------
benchmarks/N-Queens/INST_800/70/inst800_70_34.txt : 1525 ms.
--------------------------------------------------
benchmarks/N-Queens/INST_800/70/inst800_70_35.txt : 1531 ms.
--------------------------------------------------
benchmarks/N-Queens/INST_800/70/inst800_70_36.txt : 1693 ms.
--------------------------------------------------
SAT
benchmarks/N-Queens/INST_800/70/inst800_70_37.txt : 193576 ms.
--------------------------------------------------
benchmarks/N-Queens/INST_800/70/inst800_70_38.txt : 1335 ms.
--------------------------------------------------
benchmarks/N-Queens/INST_800/70/inst800_70_39.txt : 1189 ms.
--------------------------------------------------
benchmarks/N-Queens/INST_800/70/inst800_70_3.txt : 1409 ms.
--------------------------------------------------
SAT
benchmarks/N-Queens/INST_800/70/inst800_70_40.txt : 148604 ms.
--------------------------------------------------
benchmarks/N-Queens/INST_800/70/inst800_70_41.txt : 1551 ms.
--------------------------------------------------
Traceback (most recent call last):
  File "/home/hanrui/AllDifferent-LS/solvers/nqueens_ort/n-queens_ortools.py", line 98, in <module>
    main(file)
  File "/home/hanrui/AllDifferent-LS/solvers/nqueens_ort/n-queens_ortools.py", line 49, in main
    lines.append(int(f.readline().strip()))
ValueError: invalid literal for int() with base 10: ''
benchmarks/N-Queens/INST_800/70/inst800_70_42.txt : 1214 ms.
--------------------------------------------------
benchmarks/N-Queens/INST_800/70/inst800_70_43.txt : 1391 ms.
--------------------------------------------------
benchmarks/N-Queens/INST_800/70/inst800_70_44.txt : 1420 ms.
--------------------------------------------------
SAT
benchmarks/N-Queens/INST_800/70/inst800_70_45.txt : 114235 ms.
--------------------------------------------------
SAT
benchmarks/N-Queens/INST_800/70/inst800_70_46.txt : 161974 ms.
--------------------------------------------------
SAT
benchmarks/N-Queens/INST_800/70/inst800_70_47.txt : 170359 ms.
--------------------------------------------------
benchmarks/N-Queens/INST_800/70/inst800_70_48.txt : 1641 ms.
--------------------------------------------------
benchmarks/N-Queens/INST_800/70/inst800_70_49.txt : 1030 ms.
--------------------------------------------------
benchmarks/N-Queens/INST_800/70/inst800_70_4.txt : 1522 ms.
--------------------------------------------------
benchmarks/N-Queens/INST_800/70/inst800_70_50.txt : 969 ms.
--------------------------------------------------
benchmarks/N-Queens/INST_800/70/inst800_70_51.txt : 908 ms.
--------------------------------------------------
Traceback (most recent call last):
  File "/home/hanrui/AllDifferent-LS/solvers/nqueens_ort/n-queens_ortools.py", line 98, in <module>
    main(file)
  File "/home/hanrui/AllDifferent-LS/solvers/nqueens_ort/n-queens_ortools.py", line 49, in main
    lines.append(int(f.readline().strip()))
ValueError: invalid literal for int() with base 10: ''
benchmarks/N-Queens/INST_800/70/inst800_70_52.txt : 616 ms.
--------------------------------------------------
benchmarks/N-Queens/INST_800/70/inst800_70_53.txt : 804 ms.
--------------------------------------------------
benchmarks/N-Queens/INST_800/70/inst800_70_54.txt : 947 ms.
--------------------------------------------------
SAT
benchmarks/N-Queens/INST_800/70/inst800_70_55.txt : 155643 ms.
--------------------------------------------------
benchmarks/N-Queens/INST_800/70/inst800_70_56.txt : 1531 ms.
--------------------------------------------------
benchmarks/N-Queens/INST_800/70/inst800_70_57.txt : 2024 ms.
--------------------------------------------------
benchmarks/N-Queens/INST_800/70/inst800_70_58.txt : 2171 ms.
--------------------------------------------------
benchmarks/N-Queens/INST_800/70/inst800_70_59.txt : 1904 ms.
--------------------------------------------------
benchmarks/N-Queens/INST_800/70/inst800_70_5.txt : 1221 ms.
--------------------------------------------------
benchmarks/N-Queens/INST_800/70/inst800_70_60.txt : 1479 ms.
--------------------------------------------------
benchmarks/N-Queens/INST_800/70/inst800_70_61.txt : 1683 ms.
--------------------------------------------------
Traceback (most recent call last):
  File "/home/hanrui/AllDifferent-LS/solvers/nqueens_ort/n-queens_ortools.py", line 98, in <module>
    main(file)
  File "/home/hanrui/AllDifferent-LS/solvers/nqueens_ort/n-queens_ortools.py", line 49, in main
    lines.append(int(f.readline().strip()))
ValueError: invalid literal for int() with base 10: ''
benchmarks/N-Queens/INST_800/70/inst800_70_62.txt : 1310 ms.
--------------------------------------------------
benchmarks/N-Queens/INST_800/70/inst800_70_63.txt : 1634 ms.
--------------------------------------------------
benchmarks/N-Queens/INST_800/70/inst800_70_64.txt : 1272 ms.
--------------------------------------------------
benchmarks/N-Queens/INST_800/70/inst800_70_65.txt : 996 ms.
--------------------------------------------------
benchmarks/N-Queens/INST_800/70/inst800_70_66.txt : 878 ms.
--------------------------------------------------
benchmarks/N-Queens/INST_800/70/inst800_70_67.txt : 702 ms.
--------------------------------------------------
benchmarks/N-Queens/INST_800/70/inst800_70_68.txt : 721 ms.
--------------------------------------------------
benchmarks/N-Queens/INST_800/70/inst800_70_69.txt : 877 ms.
--------------------------------------------------
SAT
benchmarks/N-Queens/INST_800/70/inst800_70_6.txt : 190437 ms.
--------------------------------------------------
SAT
benchmarks/N-Queens/INST_800/70/inst800_70_70.txt : 115733 ms.
--------------------------------------------------
benchmarks/N-Queens/INST_800/70/inst800_70_71.txt : 565 ms.
--------------------------------------------------
Traceback (most recent call last):
  File "/home/hanrui/AllDifferent-LS/solvers/nqueens_ort/n-queens_ortools.py", line 98, in <module>
    main(file)
  File "/home/hanrui/AllDifferent-LS/solvers/nqueens_ort/n-queens_ortools.py", line 49, in main
    lines.append(int(f.readline().strip()))
ValueError: invalid literal for int() with base 10: ''
benchmarks/N-Queens/INST_800/70/inst800_70_72.txt : 479 ms.
--------------------------------------------------
benchmarks/N-Queens/INST_800/70/inst800_70_73.txt : 532 ms.
--------------------------------------------------
benchmarks/N-Queens/INST_800/70/inst800_70_74.txt : 473 ms.
--------------------------------------------------
benchmarks/N-Queens/INST_800/70/inst800_70_75.txt : 615 ms.
--------------------------------------------------
benchmarks/N-Queens/INST_800/70/inst800_70_76.txt : 595 ms.
--------------------------------------------------
benchmarks/N-Queens/INST_800/70/inst800_70_77.txt : 593 ms.
--------------------------------------------------
benchmarks/N-Queens/INST_800/70/inst800_70_78.txt : 722 ms.
--------------------------------------------------
benchmarks/N-Queens/INST_800/70/inst800_70_79.txt : 665 ms.
--------------------------------------------------
benchmarks/N-Queens/INST_800/70/inst800_70_7.txt : 742 ms.
--------------------------------------------------
benchmarks/N-Queens/INST_800/70/inst800_70_80.txt : 825 ms.
--------------------------------------------------
benchmarks/N-Queens/INST_800/70/inst800_70_81.txt : 595 ms.
--------------------------------------------------
Traceback (most recent call last):
  File "/home/hanrui/AllDifferent-LS/solvers/nqueens_ort/n-queens_ortools.py", line 98, in <module>
    main(file)
  File "/home/hanrui/AllDifferent-LS/solvers/nqueens_ort/n-queens_ortools.py", line 49, in main
    lines.append(int(f.readline().strip()))
ValueError: invalid literal for int() with base 10: ''
benchmarks/N-Queens/INST_800/70/inst800_70_82.txt : 473 ms.
--------------------------------------------------
benchmarks/N-Queens/INST_800/70/inst800_70_83.txt : 1269 ms.
--------------------------------------------------
SAT
benchmarks/N-Queens/INST_800/70/inst800_70_84.txt : 149783 ms.
--------------------------------------------------
SAT
benchmarks/N-Queens/INST_800/70/inst800_70_85.txt : 133942 ms.
--------------------------------------------------
benchmarks/N-Queens/INST_800/70/inst800_70_86.txt : 1497 ms.
--------------------------------------------------
benchmarks/N-Queens/INST_800/70/inst800_70_87.txt : 1043 ms.
--------------------------------------------------
benchmarks/N-Queens/INST_800/70/inst800_70_88.txt : 1051 ms.
--------------------------------------------------
SAT
benchmarks/N-Queens/INST_800/70/inst800_70_89.txt : 179103 ms.
--------------------------------------------------
benchmarks/N-Queens/INST_800/70/inst800_70_8.txt : 3172 ms.
--------------------------------------------------
SAT
benchmarks/N-Queens/INST_800/70/inst800_70_90.txt : 188944 ms.
--------------------------------------------------
benchmarks/N-Queens/INST_800/70/inst800_70_91.txt : 927 ms.
--------------------------------------------------
Traceback (most recent call last):
  File "/home/hanrui/AllDifferent-LS/solvers/nqueens_ort/n-queens_ortools.py", line 98, in <module>
    main(file)
  File "/home/hanrui/AllDifferent-LS/solvers/nqueens_ort/n-queens_ortools.py", line 49, in main
    lines.append(int(f.readline().strip()))
ValueError: invalid literal for int() with base 10: ''
benchmarks/N-Queens/INST_800/70/inst800_70_92.txt : 872 ms.
--------------------------------------------------
benchmarks/N-Queens/INST_800/70/inst800_70_93.txt : 871 ms.
--------------------------------------------------
SAT
benchmarks/N-Queens/INST_800/70/inst800_70_94.txt : 199393 ms.
--------------------------------------------------
benchmarks/N-Queens/INST_800/70/inst800_70_95.txt : 1323 ms.
--------------------------------------------------
benchmarks/N-Queens/INST_800/70/inst800_70_96.txt : 1407 ms.
--------------------------------------------------
benchmarks/N-Queens/INST_800/70/inst800_70_97.txt : 1656 ms.
--------------------------------------------------
SAT
benchmarks/N-Queens/INST_800/70/inst800_70_98.txt : 97626 ms.
--------------------------------------------------
benchmarks/N-Queens/INST_800/70/inst800_70_99.txt : 710 ms.
--------------------------------------------------
benchmarks/N-Queens/INST_800/70/inst800_70_9.txt : 736 ms.
