--------------------------------------------------
benchmarks/N-Queens/INST_800/90/inst800_90_0.txt : 2410 ms.
--------------------------------------------------
benchmarks/N-Queens/INST_800/90/inst800_90_10.txt : 594 ms.
--------------------------------------------------
benchmarks/N-Queens/INST_800/90/inst800_90_11.txt : 703 ms.
--------------------------------------------------
benchmarks/N-Queens/INST_800/90/inst800_90_12.txt : 422 ms.
--------------------------------------------------
Traceback (most recent call last):
  File "/home/hanrui/AllDifferent-LS/solvers/nqueens_ort/n-queens_ortools.py", line 98, in <module>
    main(file)
  File "/home/hanrui/AllDifferent-LS/solvers/nqueens_ort/n-queens_ortools.py", line 49, in main
    lines.append(int(f.readline().strip()))
ValueError: invalid literal for int() with base 10: ''
benchmarks/N-Queens/INST_800/90/inst800_90_13.txt : 523 ms.
--------------------------------------------------
benchmarks/N-Queens/INST_800/90/inst800_90_14.txt : 564 ms.
--------------------------------------------------
benchmarks/N-Queens/INST_800/90/inst800_90_15.txt : 604 ms.
--------------------------------------------------
benchmarks/N-Queens/INST_800/90/inst800_90_16.txt : 451 ms.
--------------------------------------------------
benchmarks/N-Queens/INST_800/90/inst800_90_17.txt : 542 ms.
--------------------------------------------------
benchmarks/N-Queens/INST_800/90/inst800_90_18.txt : 621 ms.
--------------------------------------------------
benchmarks/N-Queens/INST_800/90/inst800_90_19.txt : 478 ms.
--------------------------------------------------
benchmarks/N-Queens/INST_800/90/inst800_90_1.txt : 543 ms.
--------------------------------------------------
benchmarks/N-Queens/INST_800/90/inst800_90_20.txt : 530 ms.
--------------------------------------------------
benchmarks/N-Queens/INST_800/90/inst800_90_21.txt : 527 ms.
--------------------------------------------------
benchmarks/N-Queens/INST_800/90/inst800_90_22.txt : 469 ms.
--------------------------------------------------
Traceback (most recent call last):
  File "/home/hanrui/AllDifferent-LS/solvers/nqueens_ort/n-queens_ortools.py", line 98, in <module>
    main(file)
  File "/home/hanrui/AllDifferent-LS/solvers/nqueens_ort/n-queens_ortools.py", line 49, in main
    lines.append(int(f.readline().strip()))
ValueError: invalid literal for int() with base 10: ''
benchmarks/N-Queens/INST_800/90/inst800_90_23.txt : 399 ms.
--------------------------------------------------
benchmarks/N-Queens/INST_800/90/inst800_90_24.txt : 490 ms.
--------------------------------------------------
benchmarks/N-Queens/INST_800/90/inst800_90_25.txt : 498 ms.
--------------------------------------------------
benchmarks/N-Queens/INST_800/90/inst800_90_26.txt : 535 ms.
--------------------------------------------------
benchmarks/N-Queens/INST_800/90/inst800_90_27.txt : 563 ms.
--------------------------------------------------
benchmarks/N-Queens/INST_800/90/inst800_90_28.txt : 445 ms.
--------------------------------------------------
benchmarks/N-Queens/INST_800/90/inst800_90_29.txt : 600 ms.
--------------------------------------------------
Traceback (most recent call last):
  File "/home/hanrui/AllDifferent-LS/solvers/nqueens_ort/n-queens_ortools.py", line 98, in <module>
    main(file)
  File "/home/hanrui/AllDifferent-LS/solvers/nqueens_ort/n-queens_ortools.py", line 49, in main
    lines.append(int(f.readline().strip()))
ValueError: invalid literal for int() with base 10: ''
benchmarks/N-Queens/INST_800/90/inst800_90_2.txt : 463 ms.
--------------------------------------------------
benchmarks/N-Queens/INST_800/90/inst800_90_30.txt : 555 ms.
--------------------------------------------------
benchmarks/N-Queens/INST_800/90/inst800_90_31.txt : 544 ms.
--------------------------------------------------
Traceback (most recent call last):
  File "/home/hanrui/AllDifferent-LS/solvers/nqueens_ort/n-queens_ortools.py", line 98, in <module>
    main(file)
  File "/home/hanrui/AllDifferent-LS/solvers/nqueens_ort/n-queens_ortools.py", line 49, in main
    lines.append(int(f.readline().strip()))
ValueError: invalid literal for int() with base 10: ''
benchmarks/N-Queens/INST_800/90/inst800_90_32.txt : 481 ms.
--------------------------------------------------
benchmarks/N-Queens/INST_800/90/inst800_90_33.txt : 599 ms.
--------------------------------------------------
SAT
benchmarks/N-Queens/INST_800/90/inst800_90_34.txt : 1183 ms.
--------------------------------------------------
benchmarks/N-Queens/INST_800/90/inst800_90_35.txt : 610 ms.
--------------------------------------------------
benchmarks/N-Queens/INST_800/90/inst800_90_36.txt : 537 ms.
--------------------------------------------------
benchmarks/N-Queens/INST_800/90/inst800_90_37.txt : 606 ms.
--------------------------------------------------
benchmarks/N-Queens/INST_800/90/inst800_90_38.txt : 550 ms.
--------------------------------------------------
benchmarks/N-Queens/INST_800/90/inst800_90_39.txt : 593 ms.
--------------------------------------------------
benchmarks/N-Queens/INST_800/90/inst800_90_3.txt : 603 ms.
--------------------------------------------------
benchmarks/N-Queens/INST_800/90/inst800_90_40.txt : 651 ms.
--------------------------------------------------
benchmarks/N-Queens/INST_800/90/inst800_90_41.txt : 559 ms.
--------------------------------------------------
SAT
benchmarks/N-Queens/INST_800/90/inst800_90_42.txt : 2358 ms.
--------------------------------------------------
Traceback (most recent call last):
  File "/home/hanrui/AllDifferent-LS/solvers/nqueens_ort/n-queens_ortools.py", line 98, in <module>
    main(file)
  File "/home/hanrui/AllDifferent-LS/solvers/nqueens_ort/n-queens_ortools.py", line 49, in main
    lines.append(int(f.readline().strip()))
ValueError: invalid literal for int() with base 10: ''
benchmarks/N-Queens/INST_800/90/inst800_90_43.txt : 564 ms.
--------------------------------------------------
benchmarks/N-Queens/INST_800/90/inst800_90_44.txt : 921 ms.
--------------------------------------------------
benchmarks/N-Queens/INST_800/90/inst800_90_45.txt : 689 ms.
--------------------------------------------------
benchmarks/N-Queens/INST_800/90/inst800_90_46.txt : 684 ms.
--------------------------------------------------
benchmarks/N-Queens/INST_800/90/inst800_90_47.txt : 646 ms.
--------------------------------------------------
benchmarks/N-Queens/INST_800/90/inst800_90_48.txt : 580 ms.
--------------------------------------------------
benchmarks/N-Queens/INST_800/90/inst800_90_49.txt : 736 ms.
--------------------------------------------------
benchmarks/N-Queens/INST_800/90/inst800_90_4.txt : 586 ms.
--------------------------------------------------
benchmarks/N-Queens/INST_800/90/inst800_90_50.txt : 513 ms.
--------------------------------------------------
benchmarks/N-Queens/INST_800/90/inst800_90_51.txt : 539 ms.
--------------------------------------------------
Traceback (most recent call last):
  File "/home/hanrui/AllDifferent-LS/solvers/nqueens_ort/n-queens_ortools.py", line 98, in <module>
    main(file)
  File "/home/hanrui/AllDifferent-LS/solvers/nqueens_ort/n-queens_ortools.py", line 49, in main
    lines.append(int(f.readline().strip()))
ValueError: invalid literal for int() with base 10: ''
benchmarks/N-Queens/INST_800/90/inst800_90_52.txt : 464 ms.
--------------------------------------------------
benchmarks/N-Queens/INST_800/90/inst800_90_53.txt : 603 ms.
--------------------------------------------------
benchmarks/N-Queens/INST_800/90/inst800_90_54.txt : 596 ms.
--------------------------------------------------
benchmarks/N-Queens/INST_800/90/inst800_90_55.txt : 558 ms.
--------------------------------------------------
benchmarks/N-Queens/INST_800/90/inst800_90_56.txt : 591 ms.
--------------------------------------------------
benchmarks/N-Queens/INST_800/90/inst800_90_57.txt : 601 ms.
--------------------------------------------------
benchmarks/N-Queens/INST_800/90/inst800_90_58.txt : 555 ms.
--------------------------------------------------
benchmarks/N-Queens/INST_800/90/inst800_90_59.txt : 637 ms.
--------------------------------------------------
benchmarks/N-Queens/INST_800/90/inst800_90_5.txt : 594 ms.
--------------------------------------------------
SAT
benchmarks/N-Queens/INST_800/90/inst800_90_60.txt : 3127 ms.
--------------------------------------------------
benchmarks/N-Queens/INST_800/90/inst800_90_61.txt : 642 ms.
--------------------------------------------------
benchmarks/N-Queens/INST_800/90/inst800_90_62.txt : 778 ms.
--------------------------------------------------
Traceback (most recent call last):
  File "/home/hanrui/AllDifferent-LS/solvers/nqueens_ort/n-queens_ortools.py", line 98, in <module>
    main(file)
  File "/home/hanrui/AllDifferent-LS/solvers/nqueens_ort/n-queens_ortools.py", line 49, in main
    lines.append(int(f.readline().strip()))
ValueError: invalid literal for int() with base 10: ''
benchmarks/N-Queens/INST_800/90/inst800_90_63.txt : 875 ms.
--------------------------------------------------
benchmarks/N-Queens/INST_800/90/inst800_90_64.txt : 879 ms.
--------------------------------------------------
benchmarks/N-Queens/INST_800/90/inst800_90_65.txt : 560 ms.
--------------------------------------------------
benchmarks/N-Queens/INST_800/90/inst800_90_66.txt : 742 ms.
--------------------------------------------------
benchmarks/N-Queens/INST_800/90/inst800_90_67.txt : 618 ms.
--------------------------------------------------
benchmarks/N-Queens/INST_800/90/inst800_90_68.txt : 639 ms.
--------------------------------------------------
benchmarks/N-Queens/INST_800/90/inst800_90_69.txt : 634 ms.
--------------------------------------------------
SAT
benchmarks/N-Queens/INST_800/90/inst800_90_6.txt : 1538 ms.
--------------------------------------------------
benchmarks/N-Queens/INST_800/90/inst800_90_70.txt : 1024 ms.
--------------------------------------------------
benchmarks/N-Queens/INST_800/90/inst800_90_71.txt : 961 ms.
--------------------------------------------------
Traceback (most recent call last):
  File "/home/hanrui/AllDifferent-LS/solvers/nqueens_ort/n-queens_ortools.py", line 98, in <module>
    main(file)
  File "/home/hanrui/AllDifferent-LS/solvers/nqueens_ort/n-queens_ortools.py", line 49, in main
    lines.append(int(f.readline().strip()))
ValueError: invalid literal for int() with base 10: ''
benchmarks/N-Queens/INST_800/90/inst800_90_72.txt : 663 ms.
--------------------------------------------------
SAT
benchmarks/N-Queens/INST_800/90/inst800_90_73.txt : 2665 ms.
--------------------------------------------------
benchmarks/N-Queens/INST_800/90/inst800_90_74.txt : 916 ms.
--------------------------------------------------
benchmarks/N-Queens/INST_800/90/inst800_90_75.txt : 1470 ms.
--------------------------------------------------
benchmarks/N-Queens/INST_800/90/inst800_90_76.txt : 1633 ms.
--------------------------------------------------
benchmarks/N-Queens/INST_800/90/inst800_90_77.txt : 1372 ms.
--------------------------------------------------
benchmarks/N-Queens/INST_800/90/inst800_90_78.txt : 581 ms.
--------------------------------------------------
benchmarks/N-Queens/INST_800/90/inst800_90_79.txt : 766 ms.
--------------------------------------------------
benchmarks/N-Queens/INST_800/90/inst800_90_7.txt : 747 ms.
--------------------------------------------------
benchmarks/N-Queens/INST_800/90/inst800_90_80.txt : 811 ms.
--------------------------------------------------
SAT
benchmarks/N-Queens/INST_800/90/inst800_90_81.txt : 2600 ms.
--------------------------------------------------
Traceback (most recent call last):
  File "/home/hanrui/AllDifferent-LS/solvers/nqueens_ort/n-queens_ortools.py", line 98, in <module>
    main(file)
  File "/home/hanrui/AllDifferent-LS/solvers/nqueens_ort/n-queens_ortools.py", line 49, in main
    lines.append(int(f.readline().strip()))
ValueError: invalid literal for int() with base 10: ''
benchmarks/N-Queens/INST_800/90/inst800_90_82.txt : 619 ms.
--------------------------------------------------
benchmarks/N-Queens/INST_800/90/inst800_90_83.txt : 757 ms.
--------------------------------------------------
benchmarks/N-Queens/INST_800/90/inst800_90_84.txt : 914 ms.
--------------------------------------------------
benchmarks/N-Queens/INST_800/90/inst800_90_85.txt : 1048 ms.
--------------------------------------------------
benchmarks/N-Queens/INST_800/90/inst800_90_86.txt : 1973 ms.
--------------------------------------------------
benchmarks/N-Queens/INST_800/90/inst800_90_87.txt : 2407 ms.
--------------------------------------------------
benchmarks/N-Queens/INST_800/90/inst800_90_88.txt : 2489 ms.
--------------------------------------------------
benchmarks/N-Queens/INST_800/90/inst800_90_89.txt : 2172 ms.
--------------------------------------------------
benchmarks/N-Queens/INST_800/90/inst800_90_8.txt : 2335 ms.
--------------------------------------------------
benchmarks/N-Queens/INST_800/90/inst800_90_90.txt : 1620 ms.
--------------------------------------------------
benchmarks/N-Queens/INST_800/90/inst800_90_91.txt : 1520 ms.
--------------------------------------------------
Traceback (most recent call last):
  File "/home/hanrui/AllDifferent-LS/solvers/nqueens_ort/n-queens_ortools.py", line 98, in <module>
    main(file)
  File "/home/hanrui/AllDifferent-LS/solvers/nqueens_ort/n-queens_ortools.py", line 49, in main
    lines.append(int(f.readline().strip()))
ValueError: invalid literal for int() with base 10: ''
benchmarks/N-Queens/INST_800/90/inst800_90_92.txt : 953 ms.
--------------------------------------------------
benchmarks/N-Queens/INST_800/90/inst800_90_93.txt : 1193 ms.
--------------------------------------------------
benchmarks/N-Queens/INST_800/90/inst800_90_94.txt : 871 ms.
--------------------------------------------------
benchmarks/N-Queens/INST_800/90/inst800_90_95.txt : 539 ms.
--------------------------------------------------
benchmarks/N-Queens/INST_800/90/inst800_90_96.txt : 484 ms.
--------------------------------------------------
benchmarks/N-Queens/INST_800/90/inst800_90_97.txt : 468 ms.
--------------------------------------------------
benchmarks/N-Queens/INST_800/90/inst800_90_98.txt : 523 ms.
--------------------------------------------------
benchmarks/N-Queens/INST_800/90/inst800_90_99.txt : 522 ms.
--------------------------------------------------
benchmarks/N-Queens/INST_800/90/inst800_90_9.txt : 651 ms.
