--------------------------------------------------
SAT
----------
36and49/INST_36x36/10/inst36x36_10_0.dzn : 2703 ms.
--------------------------------------------------
SAT
----------
36and49/INST_36x36/10/inst36x36_10_10.dzn : 2244 ms.
--------------------------------------------------
SAT
----------
36and49/INST_36x36/10/inst36x36_10_11.dzn : 2205 ms.
--------------------------------------------------
SAT
----------
36and49/INST_36x36/10/inst36x36_10_12.dzn : 2345 ms.
--------------------------------------------------
SAT
----------
36and49/INST_36x36/10/inst36x36_10_13.dzn : 1990 ms.
--------------------------------------------------
SAT
----------
36and49/INST_36x36/10/inst36x36_10_14.dzn : 2102 ms.
--------------------------------------------------
SAT
----------
36and49/INST_36x36/10/inst36x36_10_15.dzn : 2004 ms.
--------------------------------------------------
SAT
----------
36and49/INST_36x36/10/inst36x36_10_16.dzn : 2512 ms.
--------------------------------------------------
SAT
----------
36and49/INST_36x36/10/inst36x36_10_17.dzn : 2387 ms.
--------------------------------------------------
SAT
----------
36and49/INST_36x36/10/inst36x36_10_18.dzn : 2164 ms.
--------------------------------------------------
SAT
----------
36and49/INST_36x36/10/inst36x36_10_19.dzn : 2655 ms.
--------------------------------------------------
SAT
----------
36and49/INST_36x36/10/inst36x36_10_1.dzn : 2398 ms.
--------------------------------------------------
SAT
----------
36and49/INST_36x36/10/inst36x36_10_20.dzn : 2194 ms.
--------------------------------------------------
SAT
----------
36and49/INST_36x36/10/inst36x36_10_21.dzn : 2255 ms.
--------------------------------------------------
SAT
----------
36and49/INST_36x36/10/inst36x36_10_22.dzn : 2953 ms.
--------------------------------------------------
SAT
----------
36and49/INST_36x36/10/inst36x36_10_23.dzn : 6553 ms.
--------------------------------------------------
SAT
----------
36and49/INST_36x36/10/inst36x36_10_24.dzn : 2005 ms.
--------------------------------------------------
SAT
----------
36and49/INST_36x36/10/inst36x36_10_25.dzn : 2334 ms.
--------------------------------------------------
=====UNKNOWN=====
36and49/INST_36x36/10/inst36x36_10_26.dzn : 1000972 ms.
--------------------------------------------------
SAT
----------
36and49/INST_36x36/10/inst36x36_10_27.dzn : 1658 ms.
--------------------------------------------------
SAT
----------
36and49/INST_36x36/10/inst36x36_10_28.dzn : 1530 ms.
--------------------------------------------------
SAT
----------
36and49/INST_36x36/10/inst36x36_10_29.dzn : 1474 ms.
--------------------------------------------------
SAT
----------
36and49/INST_36x36/10/inst36x36_10_2.dzn : 1788 ms.
--------------------------------------------------
SAT
----------
36and49/INST_36x36/10/inst36x36_10_30.dzn : 1488 ms.
--------------------------------------------------
SAT
----------
36and49/INST_36x36/10/inst36x36_10_31.dzn : 1855 ms.
--------------------------------------------------
SAT
----------
36and49/INST_36x36/10/inst36x36_10_32.dzn : 1557 ms.
--------------------------------------------------
SAT
----------
36and49/INST_36x36/10/inst36x36_10_33.dzn : 1648 ms.
--------------------------------------------------
SAT
----------
36and49/INST_36x36/10/inst36x36_10_34.dzn : 1852 ms.
--------------------------------------------------
SAT
----------
36and49/INST_36x36/10/inst36x36_10_35.dzn : 1658 ms.
--------------------------------------------------
SAT
----------
36and49/INST_36x36/10/inst36x36_10_36.dzn : 1520 ms.
--------------------------------------------------
SAT
----------
36and49/INST_36x36/10/inst36x36_10_37.dzn : 1527 ms.
--------------------------------------------------
SAT
----------
36and49/INST_36x36/10/inst36x36_10_38.dzn : 1949 ms.
--------------------------------------------------
SAT
----------
36and49/INST_36x36/10/inst36x36_10_39.dzn : 1690 ms.
--------------------------------------------------
SAT
----------
36and49/INST_36x36/10/inst36x36_10_3.dzn : 1857 ms.
--------------------------------------------------
SAT
----------
36and49/INST_36x36/10/inst36x36_10_40.dzn : 1618 ms.
--------------------------------------------------
SAT
----------
36and49/INST_36x36/10/inst36x36_10_41.dzn : 1630 ms.
--------------------------------------------------
SAT
----------
36and49/INST_36x36/10/inst36x36_10_42.dzn : 1449 ms.
--------------------------------------------------
SAT
----------
36and49/INST_36x36/10/inst36x36_10_43.dzn : 1455 ms.
--------------------------------------------------
SAT
----------
36and49/INST_36x36/10/inst36x36_10_44.dzn : 1518 ms.
--------------------------------------------------
SAT
----------
36and49/INST_36x36/10/inst36x36_10_45.dzn : 1458 ms.
--------------------------------------------------
SAT
----------
36and49/INST_36x36/10/inst36x36_10_46.dzn : 1695 ms.
--------------------------------------------------
SAT
----------
36and49/INST_36x36/10/inst36x36_10_47.dzn : 1462 ms.
--------------------------------------------------
SAT
----------
36and49/INST_36x36/10/inst36x36_10_48.dzn : 1689 ms.
--------------------------------------------------
SAT
----------
36and49/INST_36x36/10/inst36x36_10_49.dzn : 1735 ms.
--------------------------------------------------
SAT
----------
36and49/INST_36x36/10/inst36x36_10_4.dzn : 1420 ms.
--------------------------------------------------
SAT
----------
36and49/INST_36x36/10/inst36x36_10_50.dzn : 1700 ms.
--------------------------------------------------
SAT
----------
36and49/INST_36x36/10/inst36x36_10_51.dzn : 1743 ms.
--------------------------------------------------
SAT
----------
36and49/INST_36x36/10/inst36x36_10_52.dzn : 1510 ms.
--------------------------------------------------
SAT
----------
36and49/INST_36x36/10/inst36x36_10_53.dzn : 1658 ms.
--------------------------------------------------
SAT
----------
36and49/INST_36x36/10/inst36x36_10_54.dzn : 1493 ms.
--------------------------------------------------
SAT
----------
36and49/INST_36x36/10/inst36x36_10_55.dzn : 1479 ms.
--------------------------------------------------
SAT
----------
36and49/INST_36x36/10/inst36x36_10_56.dzn : 1493 ms.
--------------------------------------------------
SAT
----------
36and49/INST_36x36/10/inst36x36_10_57.dzn : 1707 ms.
--------------------------------------------------
SAT
----------
36and49/INST_36x36/10/inst36x36_10_58.dzn : 1465 ms.
--------------------------------------------------
SAT
----------
36and49/INST_36x36/10/inst36x36_10_59.dzn : 1873 ms.
--------------------------------------------------
SAT
----------
36and49/INST_36x36/10/inst36x36_10_5.dzn : 1431 ms.
--------------------------------------------------
SAT
----------
36and49/INST_36x36/10/inst36x36_10_60.dzn : 1859 ms.
--------------------------------------------------
SAT
----------
36and49/INST_36x36/10/inst36x36_10_61.dzn : 1799 ms.
--------------------------------------------------
SAT
----------
36and49/INST_36x36/10/inst36x36_10_62.dzn : 1906 ms.
--------------------------------------------------
SAT
----------
36and49/INST_36x36/10/inst36x36_10_63.dzn : 2558 ms.
--------------------------------------------------
SAT
----------
36and49/INST_36x36/10/inst36x36_10_64.dzn : 1976 ms.
--------------------------------------------------
SAT
----------
36and49/INST_36x36/10/inst36x36_10_65.dzn : 1614 ms.
--------------------------------------------------
SAT
----------
36and49/INST_36x36/10/inst36x36_10_66.dzn : 1564 ms.
--------------------------------------------------
SAT
----------
36and49/INST_36x36/10/inst36x36_10_67.dzn : 1518 ms.
--------------------------------------------------
SAT
----------
36and49/INST_36x36/10/inst36x36_10_68.dzn : 1784 ms.
--------------------------------------------------
SAT
----------
36and49/INST_36x36/10/inst36x36_10_69.dzn : 1603 ms.
--------------------------------------------------
SAT
----------
36and49/INST_36x36/10/inst36x36_10_6.dzn : 1473 ms.
--------------------------------------------------
SAT
----------
36and49/INST_36x36/10/inst36x36_10_70.dzn : 1793 ms.
--------------------------------------------------
SAT
----------
36and49/INST_36x36/10/inst36x36_10_71.dzn : 1701 ms.
--------------------------------------------------
SAT
----------
36and49/INST_36x36/10/inst36x36_10_72.dzn : 1846 ms.
--------------------------------------------------
SAT
----------
36and49/INST_36x36/10/inst36x36_10_73.dzn : 1438 ms.
--------------------------------------------------
SAT
----------
36and49/INST_36x36/10/inst36x36_10_74.dzn : 1575 ms.
--------------------------------------------------
SAT
----------
36and49/INST_36x36/10/inst36x36_10_75.dzn : 1527 ms.
--------------------------------------------------
SAT
----------
36and49/INST_36x36/10/inst36x36_10_76.dzn : 1726 ms.
--------------------------------------------------
SAT
----------
36and49/INST_36x36/10/inst36x36_10_77.dzn : 1561 ms.
--------------------------------------------------
SAT
----------
36and49/INST_36x36/10/inst36x36_10_78.dzn : 1622 ms.
--------------------------------------------------
SAT
----------
36and49/INST_36x36/10/inst36x36_10_79.dzn : 1615 ms.
--------------------------------------------------
SAT
----------
36and49/INST_36x36/10/inst36x36_10_7.dzn : 2468 ms.
--------------------------------------------------
SAT
----------
36and49/INST_36x36/10/inst36x36_10_80.dzn : 2021 ms.
--------------------------------------------------
SAT
----------
36and49/INST_36x36/10/inst36x36_10_81.dzn : 1516 ms.
--------------------------------------------------
SAT
----------
36and49/INST_36x36/10/inst36x36_10_82.dzn : 4951 ms.
--------------------------------------------------
SAT
----------
36and49/INST_36x36/10/inst36x36_10_83.dzn : 2073 ms.
--------------------------------------------------
SAT
----------
36and49/INST_36x36/10/inst36x36_10_84.dzn : 2547 ms.
--------------------------------------------------
SAT
----------
36and49/INST_36x36/10/inst36x36_10_85.dzn : 1569 ms.
--------------------------------------------------
SAT
----------
36and49/INST_36x36/10/inst36x36_10_86.dzn : 1543 ms.
--------------------------------------------------
SAT
----------
36and49/INST_36x36/10/inst36x36_10_87.dzn : 2460 ms.
--------------------------------------------------
SAT
----------
36and49/INST_36x36/10/inst36x36_10_88.dzn : 2203 ms.
--------------------------------------------------
SAT
----------
36and49/INST_36x36/10/inst36x36_10_89.dzn : 1885 ms.
--------------------------------------------------
SAT
----------
36and49/INST_36x36/10/inst36x36_10_8.dzn : 1859 ms.
--------------------------------------------------
SAT
----------
36and49/INST_36x36/10/inst36x36_10_90.dzn : 1564 ms.
--------------------------------------------------
SAT
----------
36and49/INST_36x36/10/inst36x36_10_91.dzn : 1697 ms.
--------------------------------------------------
SAT
----------
36and49/INST_36x36/10/inst36x36_10_92.dzn : 1974 ms.
--------------------------------------------------
SAT
----------
36and49/INST_36x36/10/inst36x36_10_93.dzn : 2043 ms.
--------------------------------------------------
SAT
----------
36and49/INST_36x36/10/inst36x36_10_94.dzn : 1554 ms.
--------------------------------------------------
SAT
----------
36and49/INST_36x36/10/inst36x36_10_95.dzn : 1405 ms.
--------------------------------------------------
SAT
----------
36and49/INST_36x36/10/inst36x36_10_96.dzn : 1885 ms.
--------------------------------------------------
SAT
----------
36and49/INST_36x36/10/inst36x36_10_97.dzn : 1534 ms.
--------------------------------------------------
SAT
----------
36and49/INST_36x36/10/inst36x36_10_98.dzn : 1478 ms.
--------------------------------------------------
SAT
----------
36and49/INST_36x36/10/inst36x36_10_99.dzn : 1587 ms.
--------------------------------------------------
SAT
----------
36and49/INST_36x36/10/inst36x36_10_9.dzn : 1810 ms.
