--------------------------------------------------
======================================================================
current best clash: 0
----------------------------------------------------------------------
current col clash: 0
current row clash: 0
current squ clash: 0
benchmarks_simp/INST_64x64/80/inst64x64_80_0.txt find answer: 0.000000
benchmarks_simp/INST_64x64/80/inst64x64_80_0.txt : 1494 ms.
--------------------------------------------------
======================================================================
current best clash: 0
----------------------------------------------------------------------
current col clash: 0
current row clash: 0
current squ clash: 0
benchmarks_simp/INST_64x64/80/inst64x64_80_10.txt find answer: 0.000000
benchmarks_simp/INST_64x64/80/inst64x64_80_10.txt : 1495 ms.
--------------------------------------------------
======================================================================
current best clash: 0
----------------------------------------------------------------------
current col clash: 0
current row clash: 0
current squ clash: 0
benchmarks_simp/INST_64x64/80/inst64x64_80_11.txt find answer: 0.000000
benchmarks_simp/INST_64x64/80/inst64x64_80_11.txt : 1458 ms.
--------------------------------------------------
======================================================================
current best clash: 0
----------------------------------------------------------------------
current col clash: 0
current row clash: 0
current squ clash: 0
benchmarks_simp/INST_64x64/80/inst64x64_80_12.txt find answer: 0.000000
benchmarks_simp/INST_64x64/80/inst64x64_80_12.txt : 1438 ms.
--------------------------------------------------
======================================================================
current best clash: 0
----------------------------------------------------------------------
current col clash: 0
current row clash: 0
current squ clash: 0
benchmarks_simp/INST_64x64/80/inst64x64_80_13.txt find answer: 0.000000
benchmarks_simp/INST_64x64/80/inst64x64_80_13.txt : 1522 ms.
--------------------------------------------------
======================================================================
current best clash: 0
----------------------------------------------------------------------
current col clash: 0
current row clash: 0
current squ clash: 0
benchmarks_simp/INST_64x64/80/inst64x64_80_14.txt find answer: 0.000000
benchmarks_simp/INST_64x64/80/inst64x64_80_14.txt : 1456 ms.
--------------------------------------------------
======================================================================
current best clash: 0
----------------------------------------------------------------------
current col clash: 0
current row clash: 0
current squ clash: 0
benchmarks_simp/INST_64x64/80/inst64x64_80_15.txt find answer: 0.000000
benchmarks_simp/INST_64x64/80/inst64x64_80_15.txt : 1480 ms.
--------------------------------------------------
======================================================================
current best clash: 0
----------------------------------------------------------------------
current col clash: 0
current row clash: 0
current squ clash: 0
benchmarks_simp/INST_64x64/80/inst64x64_80_16.txt find answer: 0.000000
benchmarks_simp/INST_64x64/80/inst64x64_80_16.txt : 1539 ms.
--------------------------------------------------
======================================================================
current best clash: 0
----------------------------------------------------------------------
current col clash: 0
current row clash: 0
current squ clash: 0
benchmarks_simp/INST_64x64/80/inst64x64_80_17.txt find answer: 0.000000
benchmarks_simp/INST_64x64/80/inst64x64_80_17.txt : 1440 ms.
--------------------------------------------------
======================================================================
current best clash: 0
----------------------------------------------------------------------
current col clash: 0
current row clash: 0
current squ clash: 0
benchmarks_simp/INST_64x64/80/inst64x64_80_18.txt find answer: 0.000000
benchmarks_simp/INST_64x64/80/inst64x64_80_18.txt : 1442 ms.
--------------------------------------------------
======================================================================
current best clash: 0
----------------------------------------------------------------------
current col clash: 0
current row clash: 0
current squ clash: 0
benchmarks_simp/INST_64x64/80/inst64x64_80_19.txt find answer: 0.000000
benchmarks_simp/INST_64x64/80/inst64x64_80_19.txt : 1419 ms.
--------------------------------------------------
======================================================================
current best clash: 0
----------------------------------------------------------------------
current col clash: 0
current row clash: 0
current squ clash: 0
benchmarks_simp/INST_64x64/80/inst64x64_80_1.txt find answer: 0.000000
benchmarks_simp/INST_64x64/80/inst64x64_80_1.txt : 1439 ms.
--------------------------------------------------
======================================================================
current best clash: 0
----------------------------------------------------------------------
current col clash: 0
current row clash: 0
current squ clash: 0
benchmarks_simp/INST_64x64/80/inst64x64_80_20.txt find answer: 0.000000
benchmarks_simp/INST_64x64/80/inst64x64_80_20.txt : 1469 ms.
--------------------------------------------------
======================================================================
current best clash: 0
----------------------------------------------------------------------
current col clash: 0
current row clash: 0
current squ clash: 0
benchmarks_simp/INST_64x64/80/inst64x64_80_21.txt find answer: 0.000000
benchmarks_simp/INST_64x64/80/inst64x64_80_21.txt : 1477 ms.
--------------------------------------------------
======================================================================
current best clash: 0
----------------------------------------------------------------------
current col clash: 0
current row clash: 0
current squ clash: 0
benchmarks_simp/INST_64x64/80/inst64x64_80_22.txt find answer: 0.000000
benchmarks_simp/INST_64x64/80/inst64x64_80_22.txt : 1474 ms.
--------------------------------------------------
======================================================================
current best clash: 0
----------------------------------------------------------------------
current col clash: 0
current row clash: 0
current squ clash: 0
benchmarks_simp/INST_64x64/80/inst64x64_80_23.txt find answer: 0.000000
benchmarks_simp/INST_64x64/80/inst64x64_80_23.txt : 1509 ms.
--------------------------------------------------
