--------------------------------------------------
======================================================================
current best clash: 0
----------------------------------------------------------------------
current col clash: 0
current row clash: 0
current squ clash: 0
benchmarks_simp/INST_36x36/90/inst36x36_90_0.txt find answer: 0.000000
benchmarks_simp/INST_36x36/90/inst36x36_90_0.txt : 1029 ms.
--------------------------------------------------
======================================================================
current best clash: 0
----------------------------------------------------------------------
current col clash: 0
current row clash: 0
current squ clash: 0
benchmarks_simp/INST_36x36/90/inst36x36_90_10.txt find answer: 0.000000
benchmarks_simp/INST_36x36/90/inst36x36_90_10.txt : 280 ms.
--------------------------------------------------
======================================================================
current best clash: 0
----------------------------------------------------------------------
current col clash: 0
current row clash: 0
current squ clash: 0
benchmarks_simp/INST_36x36/90/inst36x36_90_11.txt find answer: 0.000000
benchmarks_simp/INST_36x36/90/inst36x36_90_11.txt : 277 ms.
--------------------------------------------------
======================================================================
current best clash: 0
----------------------------------------------------------------------
current col clash: 0
current row clash: 0
current squ clash: 0
benchmarks_simp/INST_36x36/90/inst36x36_90_12.txt find answer: 0.000000
benchmarks_simp/INST_36x36/90/inst36x36_90_12.txt : 279 ms.
--------------------------------------------------
======================================================================
current best clash: 0
----------------------------------------------------------------------
current col clash: 0
current row clash: 0
current squ clash: 0
benchmarks_simp/INST_36x36/90/inst36x36_90_13.txt find answer: 0.000000
benchmarks_simp/INST_36x36/90/inst36x36_90_13.txt : 283 ms.
--------------------------------------------------
======================================================================
current best clash: 0
----------------------------------------------------------------------
current col clash: 0
current row clash: 0
current squ clash: 0
benchmarks_simp/INST_36x36/90/inst36x36_90_14.txt find answer: 0.000000
benchmarks_simp/INST_36x36/90/inst36x36_90_14.txt : 279 ms.
--------------------------------------------------
======================================================================
current best clash: 0
----------------------------------------------------------------------
current col clash: 0
current row clash: 0
current squ clash: 0
benchmarks_simp/INST_36x36/90/inst36x36_90_15.txt find answer: 0.000000
benchmarks_simp/INST_36x36/90/inst36x36_90_15.txt : 281 ms.
--------------------------------------------------
======================================================================
current best clash: 0
----------------------------------------------------------------------
current col clash: 0
current row clash: 0
current squ clash: 0
benchmarks_simp/INST_36x36/90/inst36x36_90_16.txt find answer: 0.000000
benchmarks_simp/INST_36x36/90/inst36x36_90_16.txt : 283 ms.
--------------------------------------------------
======================================================================
current best clash: 0
----------------------------------------------------------------------
current col clash: 0
current row clash: 0
current squ clash: 0
benchmarks_simp/INST_36x36/90/inst36x36_90_17.txt find answer: 0.000000
benchmarks_simp/INST_36x36/90/inst36x36_90_17.txt : 316 ms.
--------------------------------------------------
======================================================================
current best clash: 0
----------------------------------------------------------------------
current col clash: 0
current row clash: 0
current squ clash: 0
benchmarks_simp/INST_36x36/90/inst36x36_90_18.txt find answer: 0.000000
benchmarks_simp/INST_36x36/90/inst36x36_90_18.txt : 273 ms.
--------------------------------------------------
======================================================================
current best clash: 0
----------------------------------------------------------------------
current col clash: 0
current row clash: 0
current squ clash: 0
benchmarks_simp/INST_36x36/90/inst36x36_90_19.txt find answer: 0.000000
benchmarks_simp/INST_36x36/90/inst36x36_90_19.txt : 270 ms.
--------------------------------------------------
======================================================================
current best clash: 0
----------------------------------------------------------------------
current col clash: 0
current row clash: 0
current squ clash: 0
benchmarks_simp/INST_36x36/90/inst36x36_90_1.txt find answer: 0.000000
benchmarks_simp/INST_36x36/90/inst36x36_90_1.txt : 283 ms.
--------------------------------------------------
======================================================================
current best clash: 0
----------------------------------------------------------------------
current col clash: 0
current row clash: 0
current squ clash: 0
benchmarks_simp/INST_36x36/90/inst36x36_90_20.txt find answer: 0.000000
benchmarks_simp/INST_36x36/90/inst36x36_90_20.txt : 278 ms.
--------------------------------------------------
======================================================================
current best clash: 0
----------------------------------------------------------------------
current col clash: 0
current row clash: 0
current squ clash: 0
benchmarks_simp/INST_36x36/90/inst36x36_90_21.txt find answer: 0.000000
benchmarks_simp/INST_36x36/90/inst36x36_90_21.txt : 265 ms.
--------------------------------------------------
======================================================================
current best clash: 0
----------------------------------------------------------------------
current col clash: 0
current row clash: 0
current squ clash: 0
benchmarks_simp/INST_36x36/90/inst36x36_90_22.txt find answer: 0.000000
benchmarks_simp/INST_36x36/90/inst36x36_90_22.txt : 265 ms.
--------------------------------------------------
======================================================================
current best clash: 0
----------------------------------------------------------------------
current col clash: 0
current row clash: 0
current squ clash: 0
benchmarks_simp/INST_36x36/90/inst36x36_90_23.txt find answer: 0.000000
benchmarks_simp/INST_36x36/90/inst36x36_90_23.txt : 256 ms.
--------------------------------------------------
======================================================================
current best clash: 0
----------------------------------------------------------------------
current col clash: 0
current row clash: 0
current squ clash: 0
benchmarks_simp/INST_36x36/90/inst36x36_90_24.txt find answer: 0.000000
benchmarks_simp/INST_36x36/90/inst36x36_90_24.txt : 277 ms.
--------------------------------------------------
======================================================================
current best clash: 0
----------------------------------------------------------------------
current col clash: 0
current row clash: 0
current squ clash: 0
benchmarks_simp/INST_36x36/90/inst36x36_90_25.txt find answer: 0.000000
benchmarks_simp/INST_36x36/90/inst36x36_90_25.txt : 261 ms.
--------------------------------------------------
======================================================================
current best clash: 0
----------------------------------------------------------------------
current col clash: 0
current row clash: 0
current squ clash: 0
benchmarks_simp/INST_36x36/90/inst36x36_90_26.txt find answer: 0.000000
benchmarks_simp/INST_36x36/90/inst36x36_90_26.txt : 263 ms.
--------------------------------------------------
======================================================================
current best clash: 0
----------------------------------------------------------------------
current col clash: 0
current row clash: 0
current squ clash: 0
benchmarks_simp/INST_36x36/90/inst36x36_90_27.txt find answer: 0.000000
benchmarks_simp/INST_36x36/90/inst36x36_90_27.txt : 272 ms.
--------------------------------------------------
======================================================================
current best clash: 0
----------------------------------------------------------------------
current col clash: 0
current row clash: 0
current squ clash: 0
benchmarks_simp/INST_36x36/90/inst36x36_90_28.txt find answer: 0.000000
benchmarks_simp/INST_36x36/90/inst36x36_90_28.txt : 275 ms.
--------------------------------------------------
======================================================================
current best clash: 0
----------------------------------------------------------------------
current col clash: 0
current row clash: 0
current squ clash: 0
benchmarks_simp/INST_36x36/90/inst36x36_90_29.txt find answer: 0.000000
benchmarks_simp/INST_36x36/90/inst36x36_90_29.txt : 272 ms.
--------------------------------------------------
======================================================================
current best clash: 0
----------------------------------------------------------------------
current col clash: 0
current row clash: 0
current squ clash: 0
benchmarks_simp/INST_36x36/90/inst36x36_90_2.txt find answer: 0.000000
benchmarks_simp/INST_36x36/90/inst36x36_90_2.txt : 258 ms.
--------------------------------------------------
======================================================================
current best clash: 0
----------------------------------------------------------------------
current col clash: 0
current row clash: 0
current squ clash: 0
benchmarks_simp/INST_36x36/90/inst36x36_90_30.txt find answer: 0.000000
benchmarks_simp/INST_36x36/90/inst36x36_90_30.txt : 266 ms.
--------------------------------------------------
======================================================================
current best clash: 0
----------------------------------------------------------------------
current col clash: 0
current row clash: 0
current squ clash: 0
benchmarks_simp/INST_36x36/90/inst36x36_90_31.txt find answer: 0.000000
benchmarks_simp/INST_36x36/90/inst36x36_90_31.txt : 266 ms.
--------------------------------------------------
======================================================================
current best clash: 0
----------------------------------------------------------------------
current col clash: 0
current row clash: 0
current squ clash: 0
benchmarks_simp/INST_36x36/90/inst36x36_90_32.txt find answer: 0.000000
benchmarks_simp/INST_36x36/90/inst36x36_90_32.txt : 296 ms.
--------------------------------------------------
======================================================================
current best clash: 0
----------------------------------------------------------------------
current col clash: 0
current row clash: 0
current squ clash: 0
benchmarks_simp/INST_36x36/90/inst36x36_90_33.txt find answer: 0.000000
benchmarks_simp/INST_36x36/90/inst36x36_90_33.txt : 275 ms.
--------------------------------------------------
======================================================================
current best clash: 0
----------------------------------------------------------------------
current col clash: 0
current row clash: 0
current squ clash: 0
benchmarks_simp/INST_36x36/90/inst36x36_90_34.txt find answer: 0.000000
benchmarks_simp/INST_36x36/90/inst36x36_90_34.txt : 261 ms.
--------------------------------------------------
======================================================================
current best clash: 0
----------------------------------------------------------------------
current col clash: 0
current row clash: 0
current squ clash: 0
benchmarks_simp/INST_36x36/90/inst36x36_90_35.txt find answer: 0.000000
benchmarks_simp/INST_36x36/90/inst36x36_90_35.txt : 257 ms.
--------------------------------------------------
======================================================================
current best clash: 0
----------------------------------------------------------------------
current col clash: 0
current row clash: 0
current squ clash: 0
benchmarks_simp/INST_36x36/90/inst36x36_90_36.txt find answer: 0.000000
benchmarks_simp/INST_36x36/90/inst36x36_90_36.txt : 270 ms.
--------------------------------------------------
======================================================================
current best clash: 0
----------------------------------------------------------------------
current col clash: 0
current row clash: 0
current squ clash: 0
benchmarks_simp/INST_36x36/90/inst36x36_90_37.txt find answer: 0.000000
benchmarks_simp/INST_36x36/90/inst36x36_90_37.txt : 261 ms.
--------------------------------------------------
======================================================================
current best clash: 0
----------------------------------------------------------------------
current col clash: 0
current row clash: 0
current squ clash: 0
benchmarks_simp/INST_36x36/90/inst36x36_90_38.txt find answer: 0.000000
benchmarks_simp/INST_36x36/90/inst36x36_90_38.txt : 262 ms.
--------------------------------------------------
======================================================================
current best clash: 0
----------------------------------------------------------------------
current col clash: 0
current row clash: 0
current squ clash: 0
benchmarks_simp/INST_36x36/90/inst36x36_90_39.txt find answer: 0.000000
benchmarks_simp/INST_36x36/90/inst36x36_90_39.txt : 260 ms.
--------------------------------------------------
======================================================================
current best clash: 0
----------------------------------------------------------------------
current col clash: 0
current row clash: 0
current squ clash: 0
benchmarks_simp/INST_36x36/90/inst36x36_90_3.txt find answer: 0.000000
benchmarks_simp/INST_36x36/90/inst36x36_90_3.txt : 528 ms.
--------------------------------------------------
======================================================================
current best clash: 0
----------------------------------------------------------------------
current col clash: 0
current row clash: 0
current squ clash: 0
benchmarks_simp/INST_36x36/90/inst36x36_90_40.txt find answer: 0.000000
benchmarks_simp/INST_36x36/90/inst36x36_90_40.txt : 664 ms.
--------------------------------------------------
======================================================================
current best clash: 0
----------------------------------------------------------------------
current col clash: 0
current row clash: 0
current squ clash: 0
benchmarks_simp/INST_36x36/90/inst36x36_90_41.txt find answer: 0.000000
benchmarks_simp/INST_36x36/90/inst36x36_90_41.txt : 251 ms.
--------------------------------------------------
======================================================================
current best clash: 0
----------------------------------------------------------------------
current col clash: 0
current row clash: 0
current squ clash: 0
benchmarks_simp/INST_36x36/90/inst36x36_90_42.txt find answer: 0.000000
benchmarks_simp/INST_36x36/90/inst36x36_90_42.txt : 258 ms.
--------------------------------------------------
======================================================================
current best clash: 0
----------------------------------------------------------------------
current col clash: 0
current row clash: 0
current squ clash: 0
benchmarks_simp/INST_36x36/90/inst36x36_90_43.txt find answer: 0.000000
benchmarks_simp/INST_36x36/90/inst36x36_90_43.txt : 259 ms.
--------------------------------------------------
======================================================================
current best clash: 0
----------------------------------------------------------------------
current col clash: 0
current row clash: 0
current squ clash: 0
benchmarks_simp/INST_36x36/90/inst36x36_90_44.txt find answer: 0.000000
benchmarks_simp/INST_36x36/90/inst36x36_90_44.txt : 253 ms.
--------------------------------------------------
======================================================================
current best clash: 0
----------------------------------------------------------------------
current col clash: 0
current row clash: 0
current squ clash: 0
benchmarks_simp/INST_36x36/90/inst36x36_90_45.txt find answer: 0.000000
benchmarks_simp/INST_36x36/90/inst36x36_90_45.txt : 251 ms.
--------------------------------------------------
======================================================================
current best clash: 0
----------------------------------------------------------------------
current col clash: 0
current row clash: 0
current squ clash: 0
benchmarks_simp/INST_36x36/90/inst36x36_90_46.txt find answer: 0.000000
benchmarks_simp/INST_36x36/90/inst36x36_90_46.txt : 256 ms.
--------------------------------------------------
======================================================================
current best clash: 0
----------------------------------------------------------------------
current col clash: 0
current row clash: 0
current squ clash: 0
benchmarks_simp/INST_36x36/90/inst36x36_90_47.txt find answer: 0.000000
benchmarks_simp/INST_36x36/90/inst36x36_90_47.txt : 261 ms.
--------------------------------------------------
======================================================================
current best clash: 0
----------------------------------------------------------------------
current col clash: 0
current row clash: 0
current squ clash: 0
benchmarks_simp/INST_36x36/90/inst36x36_90_48.txt find answer: 0.000000
benchmarks_simp/INST_36x36/90/inst36x36_90_48.txt : 265 ms.
--------------------------------------------------
======================================================================
current best clash: 0
----------------------------------------------------------------------
current col clash: 0
current row clash: 0
current squ clash: 0
benchmarks_simp/INST_36x36/90/inst36x36_90_49.txt find answer: 0.000000
benchmarks_simp/INST_36x36/90/inst36x36_90_49.txt : 254 ms.
--------------------------------------------------
======================================================================
current best clash: 0
----------------------------------------------------------------------
current col clash: 0
current row clash: 0
current squ clash: 0
benchmarks_simp/INST_36x36/90/inst36x36_90_4.txt find answer: 0.000000
benchmarks_simp/INST_36x36/90/inst36x36_90_4.txt : 252 ms.
--------------------------------------------------
======================================================================
current best clash: 0
----------------------------------------------------------------------
current col clash: 0
current row clash: 0
current squ clash: 0
benchmarks_simp/INST_36x36/90/inst36x36_90_50.txt find answer: 0.000000
benchmarks_simp/INST_36x36/90/inst36x36_90_50.txt : 259 ms.
--------------------------------------------------
======================================================================
current best clash: 0
----------------------------------------------------------------------
current col clash: 0
current row clash: 0
current squ clash: 0
benchmarks_simp/INST_36x36/90/inst36x36_90_51.txt find answer: 0.000000
benchmarks_simp/INST_36x36/90/inst36x36_90_51.txt : 254 ms.
--------------------------------------------------
======================================================================
current best clash: 0
----------------------------------------------------------------------
current col clash: 0
current row clash: 0
current squ clash: 0
benchmarks_simp/INST_36x36/90/inst36x36_90_52.txt find answer: 0.000000
benchmarks_simp/INST_36x36/90/inst36x36_90_52.txt : 265 ms.
--------------------------------------------------
======================================================================
current best clash: 0
----------------------------------------------------------------------
current col clash: 0
current row clash: 0
current squ clash: 0
benchmarks_simp/INST_36x36/90/inst36x36_90_53.txt find answer: 0.000000
benchmarks_simp/INST_36x36/90/inst36x36_90_53.txt : 267 ms.
--------------------------------------------------
======================================================================
current best clash: 0
----------------------------------------------------------------------
current col clash: 0
current row clash: 0
current squ clash: 0
benchmarks_simp/INST_36x36/90/inst36x36_90_54.txt find answer: 0.000000
benchmarks_simp/INST_36x36/90/inst36x36_90_54.txt : 262 ms.
--------------------------------------------------
======================================================================
current best clash: 0
----------------------------------------------------------------------
current col clash: 0
current row clash: 0
current squ clash: 0
benchmarks_simp/INST_36x36/90/inst36x36_90_55.txt find answer: 0.000000
benchmarks_simp/INST_36x36/90/inst36x36_90_55.txt : 252 ms.
--------------------------------------------------
======================================================================
current best clash: 0
----------------------------------------------------------------------
current col clash: 0
current row clash: 0
current squ clash: 0
benchmarks_simp/INST_36x36/90/inst36x36_90_56.txt find answer: 0.000000
benchmarks_simp/INST_36x36/90/inst36x36_90_56.txt : 257 ms.
--------------------------------------------------
======================================================================
current best clash: 0
----------------------------------------------------------------------
current col clash: 0
current row clash: 0
current squ clash: 0
benchmarks_simp/INST_36x36/90/inst36x36_90_57.txt find answer: 0.000000
benchmarks_simp/INST_36x36/90/inst36x36_90_57.txt : 264 ms.
--------------------------------------------------
======================================================================
current best clash: 0
----------------------------------------------------------------------
current col clash: 0
current row clash: 0
current squ clash: 0
benchmarks_simp/INST_36x36/90/inst36x36_90_58.txt find answer: 0.000000
benchmarks_simp/INST_36x36/90/inst36x36_90_58.txt : 259 ms.
--------------------------------------------------
======================================================================
current best clash: 0
----------------------------------------------------------------------
current col clash: 0
current row clash: 0
current squ clash: 0
benchmarks_simp/INST_36x36/90/inst36x36_90_59.txt find answer: 0.000000
benchmarks_simp/INST_36x36/90/inst36x36_90_59.txt : 258 ms.
--------------------------------------------------
======================================================================
current best clash: 0
----------------------------------------------------------------------
current col clash: 0
current row clash: 0
current squ clash: 0
benchmarks_simp/INST_36x36/90/inst36x36_90_5.txt find answer: 0.000000
benchmarks_simp/INST_36x36/90/inst36x36_90_5.txt : 256 ms.
--------------------------------------------------
======================================================================
current best clash: 0
----------------------------------------------------------------------
current col clash: 0
current row clash: 0
current squ clash: 0
benchmarks_simp/INST_36x36/90/inst36x36_90_60.txt find answer: 0.000000
benchmarks_simp/INST_36x36/90/inst36x36_90_60.txt : 267 ms.
--------------------------------------------------
======================================================================
current best clash: 0
----------------------------------------------------------------------
current col clash: 0
current row clash: 0
current squ clash: 0
benchmarks_simp/INST_36x36/90/inst36x36_90_61.txt find answer: 0.000000
benchmarks_simp/INST_36x36/90/inst36x36_90_61.txt : 282 ms.
--------------------------------------------------
======================================================================
current best clash: 0
----------------------------------------------------------------------
current col clash: 0
current row clash: 0
current squ clash: 0
benchmarks_simp/INST_36x36/90/inst36x36_90_62.txt find answer: 0.000000
benchmarks_simp/INST_36x36/90/inst36x36_90_62.txt : 266 ms.
--------------------------------------------------
======================================================================
current best clash: 0
----------------------------------------------------------------------
current col clash: 0
current row clash: 0
current squ clash: 0
benchmarks_simp/INST_36x36/90/inst36x36_90_63.txt find answer: 0.000000
benchmarks_simp/INST_36x36/90/inst36x36_90_63.txt : 273 ms.
--------------------------------------------------
======================================================================
current best clash: 0
----------------------------------------------------------------------
current col clash: 0
current row clash: 0
current squ clash: 0
benchmarks_simp/INST_36x36/90/inst36x36_90_64.txt find answer: 0.000000
benchmarks_simp/INST_36x36/90/inst36x36_90_64.txt : 255 ms.
--------------------------------------------------
======================================================================
current best clash: 0
----------------------------------------------------------------------
current col clash: 0
current row clash: 0
current squ clash: 0
benchmarks_simp/INST_36x36/90/inst36x36_90_65.txt find answer: 0.000000
benchmarks_simp/INST_36x36/90/inst36x36_90_65.txt : 265 ms.
--------------------------------------------------
======================================================================
current best clash: 0
----------------------------------------------------------------------
current col clash: 0
current row clash: 0
current squ clash: 0
benchmarks_simp/INST_36x36/90/inst36x36_90_66.txt find answer: 0.000000
benchmarks_simp/INST_36x36/90/inst36x36_90_66.txt : 257 ms.
--------------------------------------------------
======================================================================
current best clash: 0
----------------------------------------------------------------------
current col clash: 0
current row clash: 0
current squ clash: 0
benchmarks_simp/INST_36x36/90/inst36x36_90_67.txt find answer: 0.000000
benchmarks_simp/INST_36x36/90/inst36x36_90_67.txt : 263 ms.
--------------------------------------------------
======================================================================
current best clash: 0
----------------------------------------------------------------------
current col clash: 0
current row clash: 0
current squ clash: 0
benchmarks_simp/INST_36x36/90/inst36x36_90_68.txt find answer: 0.000000
benchmarks_simp/INST_36x36/90/inst36x36_90_68.txt : 254 ms.
--------------------------------------------------
======================================================================
current best clash: 0
----------------------------------------------------------------------
current col clash: 0
current row clash: 0
current squ clash: 0
benchmarks_simp/INST_36x36/90/inst36x36_90_69.txt find answer: 0.000000
benchmarks_simp/INST_36x36/90/inst36x36_90_69.txt : 262 ms.
--------------------------------------------------
======================================================================
current best clash: 0
----------------------------------------------------------------------
current col clash: 0
current row clash: 0
current squ clash: 0
benchmarks_simp/INST_36x36/90/inst36x36_90_6.txt find answer: 0.000000
benchmarks_simp/INST_36x36/90/inst36x36_90_6.txt : 269 ms.
--------------------------------------------------
======================================================================
current best clash: 0
----------------------------------------------------------------------
current col clash: 0
current row clash: 0
current squ clash: 0
benchmarks_simp/INST_36x36/90/inst36x36_90_70.txt find answer: 0.000000
benchmarks_simp/INST_36x36/90/inst36x36_90_70.txt : 305 ms.
--------------------------------------------------
======================================================================
current best clash: 0
----------------------------------------------------------------------
current col clash: 0
current row clash: 0
current squ clash: 0
benchmarks_simp/INST_36x36/90/inst36x36_90_71.txt find answer: 0.000000
benchmarks_simp/INST_36x36/90/inst36x36_90_71.txt : 734 ms.
--------------------------------------------------
======================================================================
current best clash: 0
----------------------------------------------------------------------
current col clash: 0
current row clash: 0
current squ clash: 0
benchmarks_simp/INST_36x36/90/inst36x36_90_72.txt find answer: 0.000000
benchmarks_simp/INST_36x36/90/inst36x36_90_72.txt : 372 ms.
--------------------------------------------------
======================================================================
current best clash: 0
----------------------------------------------------------------------
current col clash: 0
current row clash: 0
current squ clash: 0
benchmarks_simp/INST_36x36/90/inst36x36_90_73.txt find answer: 0.000000
benchmarks_simp/INST_36x36/90/inst36x36_90_73.txt : 257 ms.
--------------------------------------------------
======================================================================
current best clash: 0
----------------------------------------------------------------------
current col clash: 0
current row clash: 0
current squ clash: 0
benchmarks_simp/INST_36x36/90/inst36x36_90_74.txt find answer: 0.000000
benchmarks_simp/INST_36x36/90/inst36x36_90_74.txt : 262 ms.
--------------------------------------------------
======================================================================
current best clash: 0
----------------------------------------------------------------------
current col clash: 0
current row clash: 0
current squ clash: 0
benchmarks_simp/INST_36x36/90/inst36x36_90_75.txt find answer: 0.000000
benchmarks_simp/INST_36x36/90/inst36x36_90_75.txt : 260 ms.
--------------------------------------------------
======================================================================
current best clash: 0
----------------------------------------------------------------------
current col clash: 0
current row clash: 0
current squ clash: 0
benchmarks_simp/INST_36x36/90/inst36x36_90_76.txt find answer: 0.000000
benchmarks_simp/INST_36x36/90/inst36x36_90_76.txt : 261 ms.
--------------------------------------------------
======================================================================
current best clash: 0
----------------------------------------------------------------------
current col clash: 0
current row clash: 0
current squ clash: 0
benchmarks_simp/INST_36x36/90/inst36x36_90_77.txt find answer: 0.000000
benchmarks_simp/INST_36x36/90/inst36x36_90_77.txt : 261 ms.
--------------------------------------------------
======================================================================
current best clash: 0
----------------------------------------------------------------------
current col clash: 0
current row clash: 0
current squ clash: 0
benchmarks_simp/INST_36x36/90/inst36x36_90_78.txt find answer: 0.000000
benchmarks_simp/INST_36x36/90/inst36x36_90_78.txt : 257 ms.
--------------------------------------------------
======================================================================
current best clash: 0
----------------------------------------------------------------------
current col clash: 0
current row clash: 0
current squ clash: 0
benchmarks_simp/INST_36x36/90/inst36x36_90_79.txt find answer: 0.000000
benchmarks_simp/INST_36x36/90/inst36x36_90_79.txt : 258 ms.
--------------------------------------------------
======================================================================
current best clash: 0
----------------------------------------------------------------------
current col clash: 0
current row clash: 0
current squ clash: 0
benchmarks_simp/INST_36x36/90/inst36x36_90_7.txt find answer: 0.000000
benchmarks_simp/INST_36x36/90/inst36x36_90_7.txt : 253 ms.
--------------------------------------------------
======================================================================
current best clash: 0
----------------------------------------------------------------------
current col clash: 0
current row clash: 0
current squ clash: 0
benchmarks_simp/INST_36x36/90/inst36x36_90_80.txt find answer: 0.000000
benchmarks_simp/INST_36x36/90/inst36x36_90_80.txt : 257 ms.
--------------------------------------------------
======================================================================
current best clash: 0
----------------------------------------------------------------------
current col clash: 0
current row clash: 0
current squ clash: 0
benchmarks_simp/INST_36x36/90/inst36x36_90_81.txt find answer: 0.000000
benchmarks_simp/INST_36x36/90/inst36x36_90_81.txt : 254 ms.
--------------------------------------------------
======================================================================
current best clash: 0
----------------------------------------------------------------------
current col clash: 0
current row clash: 0
current squ clash: 0
benchmarks_simp/INST_36x36/90/inst36x36_90_82.txt find answer: 0.000000
benchmarks_simp/INST_36x36/90/inst36x36_90_82.txt : 262 ms.
--------------------------------------------------
======================================================================
current best clash: 0
----------------------------------------------------------------------
current col clash: 0
current row clash: 0
current squ clash: 0
benchmarks_simp/INST_36x36/90/inst36x36_90_83.txt find answer: 0.000000
benchmarks_simp/INST_36x36/90/inst36x36_90_83.txt : 261 ms.
--------------------------------------------------
