--------------------------------------------------
======================================================================
current best clash: 0
----------------------------------------------------------------------
current col clash: 0
current row clash: 0
current squ clash: 0
benchmarks_simp/INST_36x36/40/inst36x36_40_0.txt find answer: 0.170000
benchmarks_simp/INST_36x36/40/inst36x36_40_0.txt : 538 ms.
--------------------------------------------------
======================================================================
current best clash: 0
----------------------------------------------------------------------
current col clash: 0
current row clash: 0
current squ clash: 0
benchmarks_simp/INST_36x36/40/inst36x36_40_10.txt find answer: 0.120000
benchmarks_simp/INST_36x36/40/inst36x36_40_10.txt : 571 ms.
--------------------------------------------------
======================================================================
current best clash: 0
----------------------------------------------------------------------
current col clash: 0
current row clash: 0
current squ clash: 0
benchmarks_simp/INST_36x36/40/inst36x36_40_11.txt find answer: 0.140000
benchmarks_simp/INST_36x36/40/inst36x36_40_11.txt : 416 ms.
--------------------------------------------------
======================================================================
current best clash: 0
----------------------------------------------------------------------
current col clash: 0
current row clash: 0
current squ clash: 0
benchmarks_simp/INST_36x36/40/inst36x36_40_12.txt find answer: 0.140000
benchmarks_simp/INST_36x36/40/inst36x36_40_12.txt : 420 ms.
--------------------------------------------------
======================================================================
current best clash: 0
----------------------------------------------------------------------
current col clash: 0
current row clash: 0
current squ clash: 0
benchmarks_simp/INST_36x36/40/inst36x36_40_13.txt find answer: 0.130000
benchmarks_simp/INST_36x36/40/inst36x36_40_13.txt : 421 ms.
--------------------------------------------------
======================================================================
current best clash: 0
----------------------------------------------------------------------
current col clash: 0
current row clash: 0
current squ clash: 0
benchmarks_simp/INST_36x36/40/inst36x36_40_14.txt find answer: 0.070000
benchmarks_simp/INST_36x36/40/inst36x36_40_14.txt : 337 ms.
--------------------------------------------------
======================================================================
current best clash: 0
----------------------------------------------------------------------
current col clash: 0
current row clash: 0
current squ clash: 0
benchmarks_simp/INST_36x36/40/inst36x36_40_15.txt find answer: 0.110000
benchmarks_simp/INST_36x36/40/inst36x36_40_15.txt : 380 ms.
--------------------------------------------------
======================================================================
current best clash: 2
vertex(1, 21) and vertex(1, 32) same color: 15
vertex(6, 5) and vertex(6, 13) same color: 21
----------------------------------------------------------------------
current col clash: 2
current row clash: 0
current squ clash: 0
======================================================================
current best clash: 0
----------------------------------------------------------------------
current col clash: 0
current row clash: 0
current squ clash: 0
benchmarks_simp/INST_36x36/40/inst36x36_40_16.txt find answer: 0.460000
benchmarks_simp/INST_36x36/40/inst36x36_40_16.txt : 734 ms.
--------------------------------------------------
======================================================================
current best clash: 0
----------------------------------------------------------------------
current col clash: 0
current row clash: 0
current squ clash: 0
benchmarks_simp/INST_36x36/40/inst36x36_40_17.txt find answer: 0.180000
benchmarks_simp/INST_36x36/40/inst36x36_40_17.txt : 460 ms.
--------------------------------------------------
======================================================================
current best clash: 0
----------------------------------------------------------------------
current col clash: 0
current row clash: 0
current squ clash: 0
benchmarks_simp/INST_36x36/40/inst36x36_40_18.txt find answer: 0.100000
benchmarks_simp/INST_36x36/40/inst36x36_40_18.txt : 375 ms.
--------------------------------------------------
======================================================================
current best clash: 0
----------------------------------------------------------------------
current col clash: 0
current row clash: 0
current squ clash: 0
benchmarks_simp/INST_36x36/40/inst36x36_40_19.txt find answer: 0.070000
benchmarks_simp/INST_36x36/40/inst36x36_40_19.txt : 325 ms.
--------------------------------------------------
======================================================================
current best clash: 2
vertex(4, 32) and vertex(32, 32) same color: 17
vertex(3, 36) and vertex(31, 36) same color: 21
----------------------------------------------------------------------
current col clash: 0
current row clash: 2
current squ clash: 0
======================================================================
current best clash: 0
----------------------------------------------------------------------
current col clash: 0
current row clash: 0
current squ clash: 0
benchmarks_simp/INST_36x36/40/inst36x36_40_1.txt find answer: 0.240000
benchmarks_simp/INST_36x36/40/inst36x36_40_1.txt : 493 ms.
--------------------------------------------------
======================================================================
current best clash: 0
----------------------------------------------------------------------
current col clash: 0
current row clash: 0
current squ clash: 0
benchmarks_simp/INST_36x36/40/inst36x36_40_20.txt find answer: 0.070000
benchmarks_simp/INST_36x36/40/inst36x36_40_20.txt : 332 ms.
--------------------------------------------------
======================================================================
current best clash: 0
----------------------------------------------------------------------
current col clash: 0
current row clash: 0
current squ clash: 0
benchmarks_simp/INST_36x36/40/inst36x36_40_21.txt find answer: 0.230000
benchmarks_simp/INST_36x36/40/inst36x36_40_21.txt : 493 ms.
--------------------------------------------------
======================================================================
current best clash: 0
----------------------------------------------------------------------
current col clash: 0
current row clash: 0
current squ clash: 0
benchmarks_simp/INST_36x36/40/inst36x36_40_22.txt find answer: 0.190000
benchmarks_simp/INST_36x36/40/inst36x36_40_22.txt : 450 ms.
--------------------------------------------------
======================================================================
current best clash: 0
----------------------------------------------------------------------
current col clash: 0
current row clash: 0
current squ clash: 0
benchmarks_simp/INST_36x36/40/inst36x36_40_23.txt find answer: 0.100000
benchmarks_simp/INST_36x36/40/inst36x36_40_23.txt : 362 ms.
--------------------------------------------------
======================================================================
current best clash: 2
vertex(14, 10) and vertex(14, 21) same color: 19
vertex(15, 9) and vertex(15, 20) same color: 2
----------------------------------------------------------------------
current col clash: 2
current row clash: 0
current squ clash: 0
======================================================================
current best clash: 0
----------------------------------------------------------------------
current col clash: 0
current row clash: 0
current squ clash: 0
benchmarks_simp/INST_36x36/40/inst36x36_40_24.txt find answer: 0.370000
benchmarks_simp/INST_36x36/40/inst36x36_40_24.txt : 634 ms.
--------------------------------------------------
======================================================================
current best clash: 0
----------------------------------------------------------------------
current col clash: 0
current row clash: 0
current squ clash: 0
benchmarks_simp/INST_36x36/40/inst36x36_40_25.txt find answer: 0.190000
benchmarks_simp/INST_36x36/40/inst36x36_40_25.txt : 448 ms.
--------------------------------------------------
======================================================================
current best clash: 0
----------------------------------------------------------------------
current col clash: 0
current row clash: 0
current squ clash: 0
benchmarks_simp/INST_36x36/40/inst36x36_40_26.txt find answer: 0.110000
benchmarks_simp/INST_36x36/40/inst36x36_40_26.txt : 370 ms.
--------------------------------------------------
======================================================================
current best clash: 0
----------------------------------------------------------------------
current col clash: 0
current row clash: 0
current squ clash: 0
benchmarks_simp/INST_36x36/40/inst36x36_40_27.txt find answer: 0.160000
benchmarks_simp/INST_36x36/40/inst36x36_40_27.txt : 434 ms.
--------------------------------------------------
======================================================================
current best clash: 0
----------------------------------------------------------------------
current col clash: 0
current row clash: 0
current squ clash: 0
benchmarks_simp/INST_36x36/40/inst36x36_40_28.txt find answer: 0.210000
benchmarks_simp/INST_36x36/40/inst36x36_40_28.txt : 468 ms.
--------------------------------------------------
======================================================================
current best clash: 2
vertex(36, 27) and vertex(36, 36) same color: 10
vertex(35, 23) and vertex(35, 26) same color: 18
----------------------------------------------------------------------
current col clash: 2
current row clash: 0
current squ clash: 0
======================================================================
current best clash: 0
----------------------------------------------------------------------
current col clash: 0
current row clash: 0
current squ clash: 0
benchmarks_simp/INST_36x36/40/inst36x36_40_29.txt find answer: 0.310000
benchmarks_simp/INST_36x36/40/inst36x36_40_29.txt : 1157 ms.
--------------------------------------------------
======================================================================
current best clash: 0
----------------------------------------------------------------------
current col clash: 0
current row clash: 0
current squ clash: 0
benchmarks_simp/INST_36x36/40/inst36x36_40_2.txt find answer: 0.100000
benchmarks_simp/INST_36x36/40/inst36x36_40_2.txt : 359 ms.
--------------------------------------------------
======================================================================
current best clash: 0
----------------------------------------------------------------------
current col clash: 0
current row clash: 0
current squ clash: 0
benchmarks_simp/INST_36x36/40/inst36x36_40_30.txt find answer: 0.220000
benchmarks_simp/INST_36x36/40/inst36x36_40_30.txt : 462 ms.
--------------------------------------------------
======================================================================
current best clash: 0
----------------------------------------------------------------------
current col clash: 0
current row clash: 0
current squ clash: 0
benchmarks_simp/INST_36x36/40/inst36x36_40_31.txt find answer: 0.060000
benchmarks_simp/INST_36x36/40/inst36x36_40_31.txt : 335 ms.
--------------------------------------------------
======================================================================
current best clash: 0
----------------------------------------------------------------------
current col clash: 0
current row clash: 0
current squ clash: 0
benchmarks_simp/INST_36x36/40/inst36x36_40_32.txt find answer: 0.090000
benchmarks_simp/INST_36x36/40/inst36x36_40_32.txt : 350 ms.
--------------------------------------------------
======================================================================
current best clash: 0
----------------------------------------------------------------------
current col clash: 0
current row clash: 0
current squ clash: 0
benchmarks_simp/INST_36x36/40/inst36x36_40_33.txt find answer: 0.130000
benchmarks_simp/INST_36x36/40/inst36x36_40_33.txt : 392 ms.
--------------------------------------------------
======================================================================
current best clash: 0
----------------------------------------------------------------------
current col clash: 0
current row clash: 0
current squ clash: 0
benchmarks_simp/INST_36x36/40/inst36x36_40_34.txt find answer: 0.070000
benchmarks_simp/INST_36x36/40/inst36x36_40_34.txt : 349 ms.
--------------------------------------------------
======================================================================
current best clash: 0
----------------------------------------------------------------------
current col clash: 0
current row clash: 0
current squ clash: 0
benchmarks_simp/INST_36x36/40/inst36x36_40_35.txt find answer: 0.080000
benchmarks_simp/INST_36x36/40/inst36x36_40_35.txt : 356 ms.
--------------------------------------------------
======================================================================
current best clash: 2
vertex(15, 6) and vertex(15, 29) same color: 8
vertex(16, 12) and vertex(16, 20) same color: 7
----------------------------------------------------------------------
current col clash: 2
current row clash: 0
current squ clash: 0
======================================================================
current best clash: 0
----------------------------------------------------------------------
current col clash: 0
current row clash: 0
current squ clash: 0
benchmarks_simp/INST_36x36/40/inst36x36_40_36.txt find answer: 0.330000
benchmarks_simp/INST_36x36/40/inst36x36_40_36.txt : 620 ms.
--------------------------------------------------
======================================================================
current best clash: 0
----------------------------------------------------------------------
current col clash: 0
current row clash: 0
current squ clash: 0
benchmarks_simp/INST_36x36/40/inst36x36_40_37.txt find answer: 0.120000
benchmarks_simp/INST_36x36/40/inst36x36_40_37.txt : 398 ms.
--------------------------------------------------
======================================================================
current best clash: 0
----------------------------------------------------------------------
current col clash: 0
current row clash: 0
current squ clash: 0
benchmarks_simp/INST_36x36/40/inst36x36_40_38.txt find answer: 0.150000
benchmarks_simp/INST_36x36/40/inst36x36_40_38.txt : 404 ms.
--------------------------------------------------
======================================================================
current best clash: 0
----------------------------------------------------------------------
current col clash: 0
current row clash: 0
current squ clash: 0
benchmarks_simp/INST_36x36/40/inst36x36_40_39.txt find answer: 0.220000
benchmarks_simp/INST_36x36/40/inst36x36_40_39.txt : 482 ms.
--------------------------------------------------
======================================================================
current best clash: 0
----------------------------------------------------------------------
current col clash: 0
current row clash: 0
current squ clash: 0
benchmarks_simp/INST_36x36/40/inst36x36_40_3.txt find answer: 0.230000
benchmarks_simp/INST_36x36/40/inst36x36_40_3.txt : 505 ms.
--------------------------------------------------
======================================================================
current best clash: 0
----------------------------------------------------------------------
current col clash: 0
current row clash: 0
current squ clash: 0
benchmarks_simp/INST_36x36/40/inst36x36_40_40.txt find answer: 0.070000
benchmarks_simp/INST_36x36/40/inst36x36_40_40.txt : 330 ms.
--------------------------------------------------
======================================================================
current best clash: 0
----------------------------------------------------------------------
current col clash: 0
current row clash: 0
current squ clash: 0
benchmarks_simp/INST_36x36/40/inst36x36_40_41.txt find answer: 0.100000
benchmarks_simp/INST_36x36/40/inst36x36_40_41.txt : 359 ms.
--------------------------------------------------
======================================================================
current best clash: 0
----------------------------------------------------------------------
current col clash: 0
current row clash: 0
current squ clash: 0
benchmarks_simp/INST_36x36/40/inst36x36_40_42.txt find answer: 0.070000
benchmarks_simp/INST_36x36/40/inst36x36_40_42.txt : 340 ms.
--------------------------------------------------
======================================================================
current best clash: 0
----------------------------------------------------------------------
current col clash: 0
current row clash: 0
current squ clash: 0
benchmarks_simp/INST_36x36/40/inst36x36_40_43.txt find answer: 0.080000
benchmarks_simp/INST_36x36/40/inst36x36_40_43.txt : 340 ms.
--------------------------------------------------
======================================================================
current best clash: 2
vertex(26, 3) and vertex(26, 34) same color: 21
vertex(29, 22) and vertex(29, 29) same color: 6
----------------------------------------------------------------------
current col clash: 2
current row clash: 0
current squ clash: 0
======================================================================
current best clash: 0
----------------------------------------------------------------------
current col clash: 0
current row clash: 0
current squ clash: 0
benchmarks_simp/INST_36x36/40/inst36x36_40_44.txt find answer: 0.250000
benchmarks_simp/INST_36x36/40/inst36x36_40_44.txt : 526 ms.
--------------------------------------------------
======================================================================
current best clash: 0
----------------------------------------------------------------------
current col clash: 0
current row clash: 0
current squ clash: 0
benchmarks_simp/INST_36x36/40/inst36x36_40_45.txt find answer: 0.140000
benchmarks_simp/INST_36x36/40/inst36x36_40_45.txt : 396 ms.
--------------------------------------------------
======================================================================
current best clash: 2
vertex(29, 28) and vertex(29, 33) same color: 29
vertex(27, 3) and vertex(27, 9) same color: 18
----------------------------------------------------------------------
current col clash: 2
current row clash: 0
current squ clash: 0
======================================================================
current best clash: 0
----------------------------------------------------------------------
current col clash: 0
current row clash: 0
current squ clash: 0
benchmarks_simp/INST_36x36/40/inst36x36_40_46.txt find answer: 0.270000
benchmarks_simp/INST_36x36/40/inst36x36_40_46.txt : 519 ms.
--------------------------------------------------
======================================================================
current best clash: 0
----------------------------------------------------------------------
current col clash: 0
current row clash: 0
current squ clash: 0
benchmarks_simp/INST_36x36/40/inst36x36_40_47.txt find answer: 0.130000
benchmarks_simp/INST_36x36/40/inst36x36_40_47.txt : 377 ms.
--------------------------------------------------
======================================================================
current best clash: 0
----------------------------------------------------------------------
current col clash: 0
current row clash: 0
current squ clash: 0
benchmarks_simp/INST_36x36/40/inst36x36_40_48.txt find answer: 0.130000
benchmarks_simp/INST_36x36/40/inst36x36_40_48.txt : 399 ms.
--------------------------------------------------
======================================================================
current best clash: 0
----------------------------------------------------------------------
current col clash: 0
current row clash: 0
current squ clash: 0
benchmarks_simp/INST_36x36/40/inst36x36_40_49.txt find answer: 0.100000
benchmarks_simp/INST_36x36/40/inst36x36_40_49.txt : 361 ms.
--------------------------------------------------
======================================================================
current best clash: 2
vertex(5, 33) and vertex(27, 33) same color: 35
vertex(8, 34) and vertex(13, 34) same color: 30
----------------------------------------------------------------------
current col clash: 0
current row clash: 2
current squ clash: 0
======================================================================
current best clash: 0
----------------------------------------------------------------------
current col clash: 0
current row clash: 0
current squ clash: 0
benchmarks_simp/INST_36x36/40/inst36x36_40_4.txt find answer: 0.270000
benchmarks_simp/INST_36x36/40/inst36x36_40_4.txt : 993 ms.
--------------------------------------------------
======================================================================
current best clash: 2
vertex(19, 4) and vertex(19, 35) same color: 23
vertex(20, 22) and vertex(20, 26) same color: 11
----------------------------------------------------------------------
current col clash: 2
current row clash: 0
current squ clash: 0
======================================================================
current best clash: 0
----------------------------------------------------------------------
current col clash: 0
current row clash: 0
current squ clash: 0
benchmarks_simp/INST_36x36/40/inst36x36_40_50.txt find answer: 0.270000
benchmarks_simp/INST_36x36/40/inst36x36_40_50.txt : 538 ms.
--------------------------------------------------
======================================================================
current best clash: 0
----------------------------------------------------------------------
current col clash: 0
current row clash: 0
current squ clash: 0
benchmarks_simp/INST_36x36/40/inst36x36_40_51.txt find answer: 0.200000
benchmarks_simp/INST_36x36/40/inst36x36_40_51.txt : 501 ms.
--------------------------------------------------
======================================================================
current best clash: 0
----------------------------------------------------------------------
current col clash: 0
current row clash: 0
current squ clash: 0
benchmarks_simp/INST_36x36/40/inst36x36_40_52.txt find answer: 0.150000
benchmarks_simp/INST_36x36/40/inst36x36_40_52.txt : 418 ms.
--------------------------------------------------
======================================================================
current best clash: 0
----------------------------------------------------------------------
current col clash: 0
current row clash: 0
current squ clash: 0
benchmarks_simp/INST_36x36/40/inst36x36_40_53.txt find answer: 0.130000
benchmarks_simp/INST_36x36/40/inst36x36_40_53.txt : 389 ms.
--------------------------------------------------
======================================================================
current best clash: 2
vertex(3, 16) and vertex(3, 17) same color: 31
vertex(24, 15) and vertex(29, 15) same color: 31
----------------------------------------------------------------------
current col clash: 1
current row clash: 1
current squ clash: 1
======================================================================
current best clash: 0
----------------------------------------------------------------------
current col clash: 0
current row clash: 0
current squ clash: 0
benchmarks_simp/INST_36x36/40/inst36x36_40_54.txt find answer: 0.250000
benchmarks_simp/INST_36x36/40/inst36x36_40_54.txt : 517 ms.
--------------------------------------------------
======================================================================
current best clash: 0
----------------------------------------------------------------------
current col clash: 0
current row clash: 0
current squ clash: 0
benchmarks_simp/INST_36x36/40/inst36x36_40_55.txt find answer: 0.180000
benchmarks_simp/INST_36x36/40/inst36x36_40_55.txt : 433 ms.
--------------------------------------------------
======================================================================
current best clash: 0
----------------------------------------------------------------------
current col clash: 0
current row clash: 0
current squ clash: 0
benchmarks_simp/INST_36x36/40/inst36x36_40_56.txt find answer: 0.190000
benchmarks_simp/INST_36x36/40/inst36x36_40_56.txt : 451 ms.
--------------------------------------------------
