--------------------------------------------------
======================================================================
current best clash: 0
----------------------------------------------------------------------
current col clash: 0
current row clash: 0
current squ clash: 0
benchmarks_simp/INST_36x36/80/inst36x36_80_0.txt find answer: 0.000000
benchmarks_simp/INST_36x36/80/inst36x36_80_0.txt : 875 ms.
--------------------------------------------------
======================================================================
current best clash: 0
----------------------------------------------------------------------
current col clash: 0
current row clash: 0
current squ clash: 0
benchmarks_simp/INST_36x36/80/inst36x36_80_10.txt find answer: 0.000000
benchmarks_simp/INST_36x36/80/inst36x36_80_10.txt : 291 ms.
--------------------------------------------------
======================================================================
current best clash: 0
----------------------------------------------------------------------
current col clash: 0
current row clash: 0
current squ clash: 0
benchmarks_simp/INST_36x36/80/inst36x36_80_11.txt find answer: 0.000000
benchmarks_simp/INST_36x36/80/inst36x36_80_11.txt : 268 ms.
--------------------------------------------------
======================================================================
current best clash: 0
----------------------------------------------------------------------
current col clash: 0
current row clash: 0
current squ clash: 0
benchmarks_simp/INST_36x36/80/inst36x36_80_12.txt find answer: 0.000000
benchmarks_simp/INST_36x36/80/inst36x36_80_12.txt : 272 ms.
--------------------------------------------------
======================================================================
current best clash: 0
----------------------------------------------------------------------
current col clash: 0
current row clash: 0
current squ clash: 0
benchmarks_simp/INST_36x36/80/inst36x36_80_13.txt find answer: 0.000000
benchmarks_simp/INST_36x36/80/inst36x36_80_13.txt : 269 ms.
--------------------------------------------------
======================================================================
current best clash: 0
----------------------------------------------------------------------
current col clash: 0
current row clash: 0
current squ clash: 0
benchmarks_simp/INST_36x36/80/inst36x36_80_14.txt find answer: 0.000000
benchmarks_simp/INST_36x36/80/inst36x36_80_14.txt : 289 ms.
--------------------------------------------------
======================================================================
current best clash: 0
----------------------------------------------------------------------
current col clash: 0
current row clash: 0
current squ clash: 0
benchmarks_simp/INST_36x36/80/inst36x36_80_15.txt find answer: 0.000000
benchmarks_simp/INST_36x36/80/inst36x36_80_15.txt : 269 ms.
--------------------------------------------------
======================================================================
current best clash: 0
----------------------------------------------------------------------
current col clash: 0
current row clash: 0
current squ clash: 0
benchmarks_simp/INST_36x36/80/inst36x36_80_16.txt find answer: 0.000000
benchmarks_simp/INST_36x36/80/inst36x36_80_16.txt : 278 ms.
--------------------------------------------------
======================================================================
current best clash: 0
----------------------------------------------------------------------
current col clash: 0
current row clash: 0
current squ clash: 0
benchmarks_simp/INST_36x36/80/inst36x36_80_17.txt find answer: 0.000000
benchmarks_simp/INST_36x36/80/inst36x36_80_17.txt : 281 ms.
--------------------------------------------------
======================================================================
current best clash: 0
----------------------------------------------------------------------
current col clash: 0
current row clash: 0
current squ clash: 0
benchmarks_simp/INST_36x36/80/inst36x36_80_18.txt find answer: 0.000000
benchmarks_simp/INST_36x36/80/inst36x36_80_18.txt : 266 ms.
--------------------------------------------------
======================================================================
current best clash: 0
----------------------------------------------------------------------
current col clash: 0
current row clash: 0
current squ clash: 0
benchmarks_simp/INST_36x36/80/inst36x36_80_19.txt find answer: 0.000000
benchmarks_simp/INST_36x36/80/inst36x36_80_19.txt : 283 ms.
--------------------------------------------------
======================================================================
current best clash: 0
----------------------------------------------------------------------
current col clash: 0
current row clash: 0
current squ clash: 0
benchmarks_simp/INST_36x36/80/inst36x36_80_1.txt find answer: 0.000000
benchmarks_simp/INST_36x36/80/inst36x36_80_1.txt : 270 ms.
--------------------------------------------------
======================================================================
current best clash: 0
----------------------------------------------------------------------
current col clash: 0
current row clash: 0
current squ clash: 0
benchmarks_simp/INST_36x36/80/inst36x36_80_20.txt find answer: 0.000000
benchmarks_simp/INST_36x36/80/inst36x36_80_20.txt : 277 ms.
--------------------------------------------------
======================================================================
current best clash: 0
----------------------------------------------------------------------
current col clash: 0
current row clash: 0
current squ clash: 0
benchmarks_simp/INST_36x36/80/inst36x36_80_21.txt find answer: 0.000000
benchmarks_simp/INST_36x36/80/inst36x36_80_21.txt : 270 ms.
--------------------------------------------------
======================================================================
current best clash: 0
----------------------------------------------------------------------
current col clash: 0
current row clash: 0
current squ clash: 0
benchmarks_simp/INST_36x36/80/inst36x36_80_22.txt find answer: 0.000000
benchmarks_simp/INST_36x36/80/inst36x36_80_22.txt : 263 ms.
--------------------------------------------------
======================================================================
current best clash: 0
----------------------------------------------------------------------
current col clash: 0
current row clash: 0
current squ clash: 0
benchmarks_simp/INST_36x36/80/inst36x36_80_23.txt find answer: 0.000000
benchmarks_simp/INST_36x36/80/inst36x36_80_23.txt : 265 ms.
--------------------------------------------------
======================================================================
current best clash: 0
----------------------------------------------------------------------
current col clash: 0
current row clash: 0
current squ clash: 0
benchmarks_simp/INST_36x36/80/inst36x36_80_24.txt find answer: 0.000000
benchmarks_simp/INST_36x36/80/inst36x36_80_24.txt : 262 ms.
--------------------------------------------------
======================================================================
current best clash: 0
----------------------------------------------------------------------
current col clash: 0
current row clash: 0
current squ clash: 0
benchmarks_simp/INST_36x36/80/inst36x36_80_25.txt find answer: 0.000000
benchmarks_simp/INST_36x36/80/inst36x36_80_25.txt : 288 ms.
--------------------------------------------------
======================================================================
current best clash: 0
----------------------------------------------------------------------
current col clash: 0
current row clash: 0
current squ clash: 0
benchmarks_simp/INST_36x36/80/inst36x36_80_26.txt find answer: 0.000000
benchmarks_simp/INST_36x36/80/inst36x36_80_26.txt : 257 ms.
--------------------------------------------------
======================================================================
current best clash: 0
----------------------------------------------------------------------
current col clash: 0
current row clash: 0
current squ clash: 0
benchmarks_simp/INST_36x36/80/inst36x36_80_27.txt find answer: 0.000000
benchmarks_simp/INST_36x36/80/inst36x36_80_27.txt : 276 ms.
--------------------------------------------------
======================================================================
current best clash: 0
----------------------------------------------------------------------
current col clash: 0
current row clash: 0
current squ clash: 0
benchmarks_simp/INST_36x36/80/inst36x36_80_28.txt find answer: 0.000000
benchmarks_simp/INST_36x36/80/inst36x36_80_28.txt : 277 ms.
--------------------------------------------------
======================================================================
current best clash: 0
----------------------------------------------------------------------
current col clash: 0
current row clash: 0
current squ clash: 0
benchmarks_simp/INST_36x36/80/inst36x36_80_29.txt find answer: 0.000000
benchmarks_simp/INST_36x36/80/inst36x36_80_29.txt : 266 ms.
--------------------------------------------------
======================================================================
current best clash: 0
----------------------------------------------------------------------
current col clash: 0
current row clash: 0
current squ clash: 0
benchmarks_simp/INST_36x36/80/inst36x36_80_2.txt find answer: 0.000000
benchmarks_simp/INST_36x36/80/inst36x36_80_2.txt : 280 ms.
--------------------------------------------------
======================================================================
current best clash: 0
----------------------------------------------------------------------
current col clash: 0
current row clash: 0
current squ clash: 0
benchmarks_simp/INST_36x36/80/inst36x36_80_30.txt find answer: 0.000000
benchmarks_simp/INST_36x36/80/inst36x36_80_30.txt : 281 ms.
--------------------------------------------------
======================================================================
current best clash: 0
----------------------------------------------------------------------
current col clash: 0
current row clash: 0
current squ clash: 0
benchmarks_simp/INST_36x36/80/inst36x36_80_31.txt find answer: 0.000000
benchmarks_simp/INST_36x36/80/inst36x36_80_31.txt : 270 ms.
--------------------------------------------------
======================================================================
current best clash: 0
----------------------------------------------------------------------
current col clash: 0
current row clash: 0
current squ clash: 0
benchmarks_simp/INST_36x36/80/inst36x36_80_32.txt find answer: 0.000000
benchmarks_simp/INST_36x36/80/inst36x36_80_32.txt : 276 ms.
--------------------------------------------------
======================================================================
current best clash: 0
----------------------------------------------------------------------
current col clash: 0
current row clash: 0
current squ clash: 0
benchmarks_simp/INST_36x36/80/inst36x36_80_33.txt find answer: 0.000000
benchmarks_simp/INST_36x36/80/inst36x36_80_33.txt : 270 ms.
--------------------------------------------------
======================================================================
current best clash: 0
----------------------------------------------------------------------
current col clash: 0
current row clash: 0
current squ clash: 0
benchmarks_simp/INST_36x36/80/inst36x36_80_34.txt find answer: 0.000000
benchmarks_simp/INST_36x36/80/inst36x36_80_34.txt : 261 ms.
--------------------------------------------------
======================================================================
current best clash: 0
----------------------------------------------------------------------
current col clash: 0
current row clash: 0
current squ clash: 0
benchmarks_simp/INST_36x36/80/inst36x36_80_35.txt find answer: 0.000000
benchmarks_simp/INST_36x36/80/inst36x36_80_35.txt : 256 ms.
--------------------------------------------------
======================================================================
current best clash: 0
----------------------------------------------------------------------
current col clash: 0
current row clash: 0
current squ clash: 0
benchmarks_simp/INST_36x36/80/inst36x36_80_36.txt find answer: 0.000000
benchmarks_simp/INST_36x36/80/inst36x36_80_36.txt : 262 ms.
--------------------------------------------------
======================================================================
current best clash: 0
----------------------------------------------------------------------
current col clash: 0
current row clash: 0
current squ clash: 0
benchmarks_simp/INST_36x36/80/inst36x36_80_37.txt find answer: 0.000000
benchmarks_simp/INST_36x36/80/inst36x36_80_37.txt : 269 ms.
--------------------------------------------------
======================================================================
current best clash: 0
----------------------------------------------------------------------
current col clash: 0
current row clash: 0
current squ clash: 0
benchmarks_simp/INST_36x36/80/inst36x36_80_38.txt find answer: 0.000000
benchmarks_simp/INST_36x36/80/inst36x36_80_38.txt : 290 ms.
--------------------------------------------------
======================================================================
current best clash: 0
----------------------------------------------------------------------
current col clash: 0
current row clash: 0
current squ clash: 0
benchmarks_simp/INST_36x36/80/inst36x36_80_39.txt find answer: 0.000000
benchmarks_simp/INST_36x36/80/inst36x36_80_39.txt : 259 ms.
--------------------------------------------------
======================================================================
current best clash: 0
----------------------------------------------------------------------
current col clash: 0
current row clash: 0
current squ clash: 0
benchmarks_simp/INST_36x36/80/inst36x36_80_3.txt find answer: 0.000000
benchmarks_simp/INST_36x36/80/inst36x36_80_3.txt : 549 ms.
--------------------------------------------------
======================================================================
current best clash: 0
----------------------------------------------------------------------
current col clash: 0
current row clash: 0
current squ clash: 0
benchmarks_simp/INST_36x36/80/inst36x36_80_40.txt find answer: 0.000000
benchmarks_simp/INST_36x36/80/inst36x36_80_40.txt : 535 ms.
--------------------------------------------------
======================================================================
current best clash: 0
----------------------------------------------------------------------
current col clash: 0
current row clash: 0
current squ clash: 0
benchmarks_simp/INST_36x36/80/inst36x36_80_41.txt find answer: 0.000000
benchmarks_simp/INST_36x36/80/inst36x36_80_41.txt : 265 ms.
--------------------------------------------------
======================================================================
current best clash: 0
----------------------------------------------------------------------
current col clash: 0
current row clash: 0
current squ clash: 0
benchmarks_simp/INST_36x36/80/inst36x36_80_42.txt find answer: 0.000000
benchmarks_simp/INST_36x36/80/inst36x36_80_42.txt : 263 ms.
--------------------------------------------------
======================================================================
current best clash: 0
----------------------------------------------------------------------
current col clash: 0
current row clash: 0
current squ clash: 0
benchmarks_simp/INST_36x36/80/inst36x36_80_43.txt find answer: 0.000000
benchmarks_simp/INST_36x36/80/inst36x36_80_43.txt : 260 ms.
--------------------------------------------------
======================================================================
current best clash: 0
----------------------------------------------------------------------
current col clash: 0
current row clash: 0
current squ clash: 0
benchmarks_simp/INST_36x36/80/inst36x36_80_44.txt find answer: 0.000000
benchmarks_simp/INST_36x36/80/inst36x36_80_44.txt : 280 ms.
--------------------------------------------------
======================================================================
current best clash: 0
----------------------------------------------------------------------
current col clash: 0
current row clash: 0
current squ clash: 0
benchmarks_simp/INST_36x36/80/inst36x36_80_45.txt find answer: 0.000000
benchmarks_simp/INST_36x36/80/inst36x36_80_45.txt : 260 ms.
--------------------------------------------------
======================================================================
current best clash: 0
----------------------------------------------------------------------
current col clash: 0
current row clash: 0
current squ clash: 0
benchmarks_simp/INST_36x36/80/inst36x36_80_46.txt find answer: 0.000000
benchmarks_simp/INST_36x36/80/inst36x36_80_46.txt : 247 ms.
--------------------------------------------------
======================================================================
current best clash: 0
----------------------------------------------------------------------
current col clash: 0
current row clash: 0
current squ clash: 0
benchmarks_simp/INST_36x36/80/inst36x36_80_47.txt find answer: 0.000000
benchmarks_simp/INST_36x36/80/inst36x36_80_47.txt : 250 ms.
--------------------------------------------------
======================================================================
current best clash: 0
----------------------------------------------------------------------
current col clash: 0
current row clash: 0
current squ clash: 0
benchmarks_simp/INST_36x36/80/inst36x36_80_48.txt find answer: 0.000000
benchmarks_simp/INST_36x36/80/inst36x36_80_48.txt : 246 ms.
--------------------------------------------------
======================================================================
current best clash: 0
----------------------------------------------------------------------
current col clash: 0
current row clash: 0
current squ clash: 0
benchmarks_simp/INST_36x36/80/inst36x36_80_49.txt find answer: 0.000000
benchmarks_simp/INST_36x36/80/inst36x36_80_49.txt : 272 ms.
--------------------------------------------------
======================================================================
current best clash: 0
----------------------------------------------------------------------
current col clash: 0
current row clash: 0
current squ clash: 0
benchmarks_simp/INST_36x36/80/inst36x36_80_4.txt find answer: 0.000000
benchmarks_simp/INST_36x36/80/inst36x36_80_4.txt : 264 ms.
--------------------------------------------------
======================================================================
current best clash: 0
----------------------------------------------------------------------
current col clash: 0
current row clash: 0
current squ clash: 0
benchmarks_simp/INST_36x36/80/inst36x36_80_50.txt find answer: 0.000000
benchmarks_simp/INST_36x36/80/inst36x36_80_50.txt : 263 ms.
--------------------------------------------------
======================================================================
current best clash: 0
----------------------------------------------------------------------
current col clash: 0
current row clash: 0
current squ clash: 0
benchmarks_simp/INST_36x36/80/inst36x36_80_51.txt find answer: 0.000000
benchmarks_simp/INST_36x36/80/inst36x36_80_51.txt : 265 ms.
--------------------------------------------------
======================================================================
current best clash: 0
----------------------------------------------------------------------
current col clash: 0
current row clash: 0
current squ clash: 0
benchmarks_simp/INST_36x36/80/inst36x36_80_52.txt find answer: 0.000000
benchmarks_simp/INST_36x36/80/inst36x36_80_52.txt : 262 ms.
--------------------------------------------------
======================================================================
current best clash: 0
----------------------------------------------------------------------
current col clash: 0
current row clash: 0
current squ clash: 0
benchmarks_simp/INST_36x36/80/inst36x36_80_53.txt find answer: 0.000000
benchmarks_simp/INST_36x36/80/inst36x36_80_53.txt : 265 ms.
--------------------------------------------------
======================================================================
current best clash: 0
----------------------------------------------------------------------
current col clash: 0
current row clash: 0
current squ clash: 0
benchmarks_simp/INST_36x36/80/inst36x36_80_54.txt find answer: 0.000000
benchmarks_simp/INST_36x36/80/inst36x36_80_54.txt : 262 ms.
--------------------------------------------------
======================================================================
current best clash: 0
----------------------------------------------------------------------
current col clash: 0
current row clash: 0
current squ clash: 0
benchmarks_simp/INST_36x36/80/inst36x36_80_55.txt find answer: 0.000000
benchmarks_simp/INST_36x36/80/inst36x36_80_55.txt : 258 ms.
--------------------------------------------------
======================================================================
current best clash: 0
----------------------------------------------------------------------
current col clash: 0
current row clash: 0
current squ clash: 0
benchmarks_simp/INST_36x36/80/inst36x36_80_56.txt find answer: 0.000000
benchmarks_simp/INST_36x36/80/inst36x36_80_56.txt : 267 ms.
--------------------------------------------------
======================================================================
current best clash: 0
----------------------------------------------------------------------
current col clash: 0
current row clash: 0
current squ clash: 0
benchmarks_simp/INST_36x36/80/inst36x36_80_57.txt find answer: 0.000000
benchmarks_simp/INST_36x36/80/inst36x36_80_57.txt : 273 ms.
--------------------------------------------------
======================================================================
current best clash: 0
----------------------------------------------------------------------
current col clash: 0
current row clash: 0
current squ clash: 0
benchmarks_simp/INST_36x36/80/inst36x36_80_58.txt find answer: 0.000000
benchmarks_simp/INST_36x36/80/inst36x36_80_58.txt : 263 ms.
--------------------------------------------------
======================================================================
current best clash: 0
----------------------------------------------------------------------
current col clash: 0
current row clash: 0
current squ clash: 0
benchmarks_simp/INST_36x36/80/inst36x36_80_59.txt find answer: 0.000000
benchmarks_simp/INST_36x36/80/inst36x36_80_59.txt : 265 ms.
--------------------------------------------------
======================================================================
current best clash: 0
----------------------------------------------------------------------
current col clash: 0
current row clash: 0
current squ clash: 0
benchmarks_simp/INST_36x36/80/inst36x36_80_5.txt find answer: 0.000000
benchmarks_simp/INST_36x36/80/inst36x36_80_5.txt : 255 ms.
--------------------------------------------------
======================================================================
current best clash: 0
----------------------------------------------------------------------
current col clash: 0
current row clash: 0
current squ clash: 0
benchmarks_simp/INST_36x36/80/inst36x36_80_60.txt find answer: 0.000000
benchmarks_simp/INST_36x36/80/inst36x36_80_60.txt : 323 ms.
--------------------------------------------------
======================================================================
current best clash: 0
----------------------------------------------------------------------
current col clash: 0
current row clash: 0
current squ clash: 0
benchmarks_simp/INST_36x36/80/inst36x36_80_61.txt find answer: 0.000000
benchmarks_simp/INST_36x36/80/inst36x36_80_61.txt : 257 ms.
--------------------------------------------------
======================================================================
current best clash: 0
----------------------------------------------------------------------
current col clash: 0
current row clash: 0
current squ clash: 0
benchmarks_simp/INST_36x36/80/inst36x36_80_62.txt find answer: 0.000000
benchmarks_simp/INST_36x36/80/inst36x36_80_62.txt : 256 ms.
--------------------------------------------------
======================================================================
current best clash: 0
----------------------------------------------------------------------
current col clash: 0
current row clash: 0
current squ clash: 0
benchmarks_simp/INST_36x36/80/inst36x36_80_63.txt find answer: 0.000000
benchmarks_simp/INST_36x36/80/inst36x36_80_63.txt : 257 ms.
--------------------------------------------------
======================================================================
current best clash: 0
----------------------------------------------------------------------
current col clash: 0
current row clash: 0
current squ clash: 0
benchmarks_simp/INST_36x36/80/inst36x36_80_64.txt find answer: 0.000000
benchmarks_simp/INST_36x36/80/inst36x36_80_64.txt : 285 ms.
--------------------------------------------------
======================================================================
current best clash: 0
----------------------------------------------------------------------
current col clash: 0
current row clash: 0
current squ clash: 0
benchmarks_simp/INST_36x36/80/inst36x36_80_65.txt find answer: 0.000000
benchmarks_simp/INST_36x36/80/inst36x36_80_65.txt : 263 ms.
--------------------------------------------------
======================================================================
current best clash: 0
----------------------------------------------------------------------
current col clash: 0
current row clash: 0
current squ clash: 0
benchmarks_simp/INST_36x36/80/inst36x36_80_66.txt find answer: 0.000000
benchmarks_simp/INST_36x36/80/inst36x36_80_66.txt : 259 ms.
--------------------------------------------------
======================================================================
current best clash: 0
----------------------------------------------------------------------
current col clash: 0
current row clash: 0
current squ clash: 0
benchmarks_simp/INST_36x36/80/inst36x36_80_67.txt find answer: 0.000000
benchmarks_simp/INST_36x36/80/inst36x36_80_67.txt : 265 ms.
--------------------------------------------------
======================================================================
current best clash: 0
----------------------------------------------------------------------
current col clash: 0
current row clash: 0
current squ clash: 0
benchmarks_simp/INST_36x36/80/inst36x36_80_68.txt find answer: 0.000000
benchmarks_simp/INST_36x36/80/inst36x36_80_68.txt : 262 ms.
--------------------------------------------------
======================================================================
current best clash: 0
----------------------------------------------------------------------
current col clash: 0
current row clash: 0
current squ clash: 0
benchmarks_simp/INST_36x36/80/inst36x36_80_69.txt find answer: 0.000000
benchmarks_simp/INST_36x36/80/inst36x36_80_69.txt : 262 ms.
--------------------------------------------------
======================================================================
current best clash: 0
----------------------------------------------------------------------
current col clash: 0
current row clash: 0
current squ clash: 0
benchmarks_simp/INST_36x36/80/inst36x36_80_6.txt find answer: 0.000000
benchmarks_simp/INST_36x36/80/inst36x36_80_6.txt : 260 ms.
--------------------------------------------------
======================================================================
current best clash: 0
----------------------------------------------------------------------
current col clash: 0
current row clash: 0
current squ clash: 0
benchmarks_simp/INST_36x36/80/inst36x36_80_70.txt find answer: 0.010000
benchmarks_simp/INST_36x36/80/inst36x36_80_70.txt : 776 ms.
--------------------------------------------------
======================================================================
current best clash: 0
----------------------------------------------------------------------
current col clash: 0
current row clash: 0
current squ clash: 0
benchmarks_simp/INST_36x36/80/inst36x36_80_71.txt find answer: 0.000000
benchmarks_simp/INST_36x36/80/inst36x36_80_71.txt : 490 ms.
--------------------------------------------------
======================================================================
current best clash: 0
----------------------------------------------------------------------
current col clash: 0
current row clash: 0
current squ clash: 0
benchmarks_simp/INST_36x36/80/inst36x36_80_72.txt find answer: 0.000000
benchmarks_simp/INST_36x36/80/inst36x36_80_72.txt : 263 ms.
--------------------------------------------------
======================================================================
current best clash: 0
----------------------------------------------------------------------
current col clash: 0
current row clash: 0
current squ clash: 0
benchmarks_simp/INST_36x36/80/inst36x36_80_73.txt find answer: 0.000000
benchmarks_simp/INST_36x36/80/inst36x36_80_73.txt : 260 ms.
--------------------------------------------------
======================================================================
current best clash: 0
----------------------------------------------------------------------
current col clash: 0
current row clash: 0
current squ clash: 0
benchmarks_simp/INST_36x36/80/inst36x36_80_74.txt find answer: 0.000000
benchmarks_simp/INST_36x36/80/inst36x36_80_74.txt : 252 ms.
--------------------------------------------------
======================================================================
current best clash: 0
----------------------------------------------------------------------
current col clash: 0
current row clash: 0
current squ clash: 0
benchmarks_simp/INST_36x36/80/inst36x36_80_75.txt find answer: 0.000000
benchmarks_simp/INST_36x36/80/inst36x36_80_75.txt : 264 ms.
--------------------------------------------------
======================================================================
current best clash: 0
----------------------------------------------------------------------
current col clash: 0
current row clash: 0
current squ clash: 0
benchmarks_simp/INST_36x36/80/inst36x36_80_76.txt find answer: 0.000000
benchmarks_simp/INST_36x36/80/inst36x36_80_76.txt : 261 ms.
--------------------------------------------------
======================================================================
current best clash: 0
----------------------------------------------------------------------
current col clash: 0
current row clash: 0
current squ clash: 0
benchmarks_simp/INST_36x36/80/inst36x36_80_77.txt find answer: 0.000000
benchmarks_simp/INST_36x36/80/inst36x36_80_77.txt : 257 ms.
--------------------------------------------------
======================================================================
current best clash: 0
----------------------------------------------------------------------
current col clash: 0
current row clash: 0
current squ clash: 0
benchmarks_simp/INST_36x36/80/inst36x36_80_78.txt find answer: 0.000000
benchmarks_simp/INST_36x36/80/inst36x36_80_78.txt : 261 ms.
--------------------------------------------------
======================================================================
current best clash: 0
----------------------------------------------------------------------
current col clash: 0
current row clash: 0
current squ clash: 0
benchmarks_simp/INST_36x36/80/inst36x36_80_79.txt find answer: 0.000000
benchmarks_simp/INST_36x36/80/inst36x36_80_79.txt : 263 ms.
--------------------------------------------------
======================================================================
current best clash: 0
----------------------------------------------------------------------
current col clash: 0
current row clash: 0
current squ clash: 0
benchmarks_simp/INST_36x36/80/inst36x36_80_7.txt find answer: 0.000000
benchmarks_simp/INST_36x36/80/inst36x36_80_7.txt : 254 ms.
--------------------------------------------------
======================================================================
current best clash: 0
----------------------------------------------------------------------
current col clash: 0
current row clash: 0
current squ clash: 0
benchmarks_simp/INST_36x36/80/inst36x36_80_80.txt find answer: 0.000000
benchmarks_simp/INST_36x36/80/inst36x36_80_80.txt : 260 ms.
--------------------------------------------------
======================================================================
current best clash: 0
----------------------------------------------------------------------
current col clash: 0
current row clash: 0
current squ clash: 0
benchmarks_simp/INST_36x36/80/inst36x36_80_81.txt find answer: 0.000000
benchmarks_simp/INST_36x36/80/inst36x36_80_81.txt : 268 ms.
--------------------------------------------------
======================================================================
current best clash: 0
----------------------------------------------------------------------
current col clash: 0
current row clash: 0
current squ clash: 0
benchmarks_simp/INST_36x36/80/inst36x36_80_82.txt find answer: 0.000000
benchmarks_simp/INST_36x36/80/inst36x36_80_82.txt : 259 ms.
--------------------------------------------------
======================================================================
current best clash: 0
----------------------------------------------------------------------
current col clash: 0
current row clash: 0
current squ clash: 0
benchmarks_simp/INST_36x36/80/inst36x36_80_83.txt find answer: 0.000000
