--------------------------------------------------
======================================================================
current best clash: 0
----------------------------------------------------------------------
current col clash: 0
current row clash: 0
current squ clash: 0
benchmarks_simp/INST_36x36/30/inst36x36_30_0.txt find answer: 0.120000
benchmarks_simp/INST_36x36/30/inst36x36_30_0.txt : 542 ms.
--------------------------------------------------
======================================================================
current best clash: 0
----------------------------------------------------------------------
current col clash: 0
current row clash: 0
current squ clash: 0
benchmarks_simp/INST_36x36/30/inst36x36_30_10.txt find answer: 0.090000
benchmarks_simp/INST_36x36/30/inst36x36_30_10.txt : 530 ms.
--------------------------------------------------
======================================================================
current best clash: 0
----------------------------------------------------------------------
current col clash: 0
current row clash: 0
current squ clash: 0
benchmarks_simp/INST_36x36/30/inst36x36_30_11.txt find answer: 0.060000
benchmarks_simp/INST_36x36/30/inst36x36_30_11.txt : 324 ms.
--------------------------------------------------
======================================================================
current best clash: 0
----------------------------------------------------------------------
current col clash: 0
current row clash: 0
current squ clash: 0
benchmarks_simp/INST_36x36/30/inst36x36_30_12.txt find answer: 0.060000
benchmarks_simp/INST_36x36/30/inst36x36_30_12.txt : 331 ms.
--------------------------------------------------
======================================================================
current best clash: 0
----------------------------------------------------------------------
current col clash: 0
current row clash: 0
current squ clash: 0
benchmarks_simp/INST_36x36/30/inst36x36_30_13.txt find answer: 0.090000
benchmarks_simp/INST_36x36/30/inst36x36_30_13.txt : 357 ms.
--------------------------------------------------
======================================================================
current best clash: 0
----------------------------------------------------------------------
current col clash: 0
current row clash: 0
current squ clash: 0
benchmarks_simp/INST_36x36/30/inst36x36_30_14.txt find answer: 0.080000
benchmarks_simp/INST_36x36/30/inst36x36_30_14.txt : 360 ms.
--------------------------------------------------
======================================================================
current best clash: 0
----------------------------------------------------------------------
current col clash: 0
current row clash: 0
current squ clash: 0
benchmarks_simp/INST_36x36/30/inst36x36_30_15.txt find answer: 0.100000
benchmarks_simp/INST_36x36/30/inst36x36_30_15.txt : 368 ms.
--------------------------------------------------
======================================================================
current best clash: 0
----------------------------------------------------------------------
current col clash: 0
current row clash: 0
current squ clash: 0
benchmarks_simp/INST_36x36/30/inst36x36_30_16.txt find answer: 0.060000
benchmarks_simp/INST_36x36/30/inst36x36_30_16.txt : 342 ms.
--------------------------------------------------
======================================================================
current best clash: 0
----------------------------------------------------------------------
current col clash: 0
current row clash: 0
current squ clash: 0
benchmarks_simp/INST_36x36/30/inst36x36_30_17.txt find answer: 0.100000
benchmarks_simp/INST_36x36/30/inst36x36_30_17.txt : 376 ms.
--------------------------------------------------
======================================================================
current best clash: 0
----------------------------------------------------------------------
current col clash: 0
current row clash: 0
current squ clash: 0
benchmarks_simp/INST_36x36/30/inst36x36_30_18.txt find answer: 0.070000
benchmarks_simp/INST_36x36/30/inst36x36_30_18.txt : 338 ms.
--------------------------------------------------
======================================================================
current best clash: 0
----------------------------------------------------------------------
current col clash: 0
current row clash: 0
current squ clash: 0
benchmarks_simp/INST_36x36/30/inst36x36_30_19.txt find answer: 0.090000
benchmarks_simp/INST_36x36/30/inst36x36_30_19.txt : 363 ms.
--------------------------------------------------
======================================================================
current best clash: 0
----------------------------------------------------------------------
current col clash: 0
current row clash: 0
current squ clash: 0
benchmarks_simp/INST_36x36/30/inst36x36_30_1.txt find answer: 0.070000
benchmarks_simp/INST_36x36/30/inst36x36_30_1.txt : 325 ms.
--------------------------------------------------
======================================================================
current best clash: 0
----------------------------------------------------------------------
current col clash: 0
current row clash: 0
current squ clash: 0
benchmarks_simp/INST_36x36/30/inst36x36_30_20.txt find answer: 0.060000
benchmarks_simp/INST_36x36/30/inst36x36_30_20.txt : 324 ms.
--------------------------------------------------
======================================================================
current best clash: 0
----------------------------------------------------------------------
current col clash: 0
current row clash: 0
current squ clash: 0
benchmarks_simp/INST_36x36/30/inst36x36_30_21.txt find answer: 0.050000
benchmarks_simp/INST_36x36/30/inst36x36_30_21.txt : 307 ms.
--------------------------------------------------
======================================================================
current best clash: 0
----------------------------------------------------------------------
current col clash: 0
current row clash: 0
current squ clash: 0
benchmarks_simp/INST_36x36/30/inst36x36_30_22.txt find answer: 0.080000
benchmarks_simp/INST_36x36/30/inst36x36_30_22.txt : 338 ms.
--------------------------------------------------
======================================================================
current best clash: 0
----------------------------------------------------------------------
current col clash: 0
current row clash: 0
current squ clash: 0
benchmarks_simp/INST_36x36/30/inst36x36_30_23.txt find answer: 0.060000
benchmarks_simp/INST_36x36/30/inst36x36_30_23.txt : 330 ms.
--------------------------------------------------
======================================================================
current best clash: 0
----------------------------------------------------------------------
current col clash: 0
current row clash: 0
current squ clash: 0
benchmarks_simp/INST_36x36/30/inst36x36_30_24.txt find answer: 0.120000
benchmarks_simp/INST_36x36/30/inst36x36_30_24.txt : 392 ms.
--------------------------------------------------
======================================================================
current best clash: 0
----------------------------------------------------------------------
current col clash: 0
current row clash: 0
current squ clash: 0
benchmarks_simp/INST_36x36/30/inst36x36_30_25.txt find answer: 0.070000
benchmarks_simp/INST_36x36/30/inst36x36_30_25.txt : 331 ms.
--------------------------------------------------
======================================================================
current best clash: 0
----------------------------------------------------------------------
current col clash: 0
current row clash: 0
current squ clash: 0
benchmarks_simp/INST_36x36/30/inst36x36_30_26.txt find answer: 0.060000
benchmarks_simp/INST_36x36/30/inst36x36_30_26.txt : 351 ms.
--------------------------------------------------
======================================================================
current best clash: 0
----------------------------------------------------------------------
current col clash: 0
current row clash: 0
current squ clash: 0
benchmarks_simp/INST_36x36/30/inst36x36_30_27.txt find answer: 0.060000
benchmarks_simp/INST_36x36/30/inst36x36_30_27.txt : 329 ms.
--------------------------------------------------
======================================================================
current best clash: 0
----------------------------------------------------------------------
current col clash: 0
current row clash: 0
current squ clash: 0
benchmarks_simp/INST_36x36/30/inst36x36_30_28.txt find answer: 0.100000
benchmarks_simp/INST_36x36/30/inst36x36_30_28.txt : 363 ms.
--------------------------------------------------
======================================================================
current best clash: 0
----------------------------------------------------------------------
current col clash: 0
current row clash: 0
current squ clash: 0
benchmarks_simp/INST_36x36/30/inst36x36_30_29.txt find answer: 0.100000
benchmarks_simp/INST_36x36/30/inst36x36_30_29.txt : 356 ms.
--------------------------------------------------
======================================================================
current best clash: 0
----------------------------------------------------------------------
current col clash: 0
current row clash: 0
current squ clash: 0
benchmarks_simp/INST_36x36/30/inst36x36_30_2.txt find answer: 0.070000
benchmarks_simp/INST_36x36/30/inst36x36_30_2.txt : 329 ms.
--------------------------------------------------
======================================================================
current best clash: 0
----------------------------------------------------------------------
current col clash: 0
current row clash: 0
current squ clash: 0
benchmarks_simp/INST_36x36/30/inst36x36_30_30.txt find answer: 0.060000
benchmarks_simp/INST_36x36/30/inst36x36_30_30.txt : 324 ms.
--------------------------------------------------
======================================================================
current best clash: 0
----------------------------------------------------------------------
current col clash: 0
current row clash: 0
current squ clash: 0
benchmarks_simp/INST_36x36/30/inst36x36_30_31.txt find answer: 0.070000
benchmarks_simp/INST_36x36/30/inst36x36_30_31.txt : 330 ms.
--------------------------------------------------
======================================================================
current best clash: 0
----------------------------------------------------------------------
current col clash: 0
current row clash: 0
current squ clash: 0
benchmarks_simp/INST_36x36/30/inst36x36_30_32.txt find answer: 0.050000
benchmarks_simp/INST_36x36/30/inst36x36_30_32.txt : 303 ms.
--------------------------------------------------
======================================================================
current best clash: 0
----------------------------------------------------------------------
current col clash: 0
current row clash: 0
current squ clash: 0
benchmarks_simp/INST_36x36/30/inst36x36_30_33.txt find answer: 0.060000
benchmarks_simp/INST_36x36/30/inst36x36_30_33.txt : 318 ms.
--------------------------------------------------
======================================================================
current best clash: 0
----------------------------------------------------------------------
current col clash: 0
current row clash: 0
current squ clash: 0
benchmarks_simp/INST_36x36/30/inst36x36_30_34.txt find answer: 0.050000
benchmarks_simp/INST_36x36/30/inst36x36_30_34.txt : 723 ms.
--------------------------------------------------
======================================================================
current best clash: 0
----------------------------------------------------------------------
current col clash: 0
current row clash: 0
current squ clash: 0
benchmarks_simp/INST_36x36/30/inst36x36_30_35.txt find answer: 0.090000
benchmarks_simp/INST_36x36/30/inst36x36_30_35.txt : 348 ms.
--------------------------------------------------
======================================================================
current best clash: 0
----------------------------------------------------------------------
current col clash: 0
current row clash: 0
current squ clash: 0
benchmarks_simp/INST_36x36/30/inst36x36_30_36.txt find answer: 0.060000
benchmarks_simp/INST_36x36/30/inst36x36_30_36.txt : 328 ms.
--------------------------------------------------
======================================================================
current best clash: 0
----------------------------------------------------------------------
current col clash: 0
current row clash: 0
current squ clash: 0
benchmarks_simp/INST_36x36/30/inst36x36_30_37.txt find answer: 0.050000
benchmarks_simp/INST_36x36/30/inst36x36_30_37.txt : 312 ms.
--------------------------------------------------
======================================================================
current best clash: 0
----------------------------------------------------------------------
current col clash: 0
current row clash: 0
current squ clash: 0
benchmarks_simp/INST_36x36/30/inst36x36_30_38.txt find answer: 0.090000
benchmarks_simp/INST_36x36/30/inst36x36_30_38.txt : 355 ms.
--------------------------------------------------
======================================================================
current best clash: 0
----------------------------------------------------------------------
current col clash: 0
current row clash: 0
current squ clash: 0
benchmarks_simp/INST_36x36/30/inst36x36_30_39.txt find answer: 0.080000
benchmarks_simp/INST_36x36/30/inst36x36_30_39.txt : 331 ms.
--------------------------------------------------
======================================================================
current best clash: 0
----------------------------------------------------------------------
current col clash: 0
current row clash: 0
current squ clash: 0
benchmarks_simp/INST_36x36/30/inst36x36_30_3.txt find answer: 0.060000
benchmarks_simp/INST_36x36/30/inst36x36_30_3.txt : 319 ms.
--------------------------------------------------
======================================================================
current best clash: 0
----------------------------------------------------------------------
current col clash: 0
current row clash: 0
current squ clash: 0
benchmarks_simp/INST_36x36/30/inst36x36_30_40.txt find answer: 0.050000
benchmarks_simp/INST_36x36/30/inst36x36_30_40.txt : 303 ms.
--------------------------------------------------
======================================================================
current best clash: 0
----------------------------------------------------------------------
current col clash: 0
current row clash: 0
current squ clash: 0
benchmarks_simp/INST_36x36/30/inst36x36_30_41.txt find answer: 0.080000
benchmarks_simp/INST_36x36/30/inst36x36_30_41.txt : 345 ms.
--------------------------------------------------
======================================================================
current best clash: 0
----------------------------------------------------------------------
current col clash: 0
current row clash: 0
current squ clash: 0
benchmarks_simp/INST_36x36/30/inst36x36_30_42.txt find answer: 0.070000
benchmarks_simp/INST_36x36/30/inst36x36_30_42.txt : 317 ms.
--------------------------------------------------
======================================================================
current best clash: 0
----------------------------------------------------------------------
current col clash: 0
current row clash: 0
current squ clash: 0
benchmarks_simp/INST_36x36/30/inst36x36_30_43.txt find answer: 0.060000
benchmarks_simp/INST_36x36/30/inst36x36_30_43.txt : 336 ms.
--------------------------------------------------
======================================================================
current best clash: 0
----------------------------------------------------------------------
current col clash: 0
current row clash: 0
current squ clash: 0
benchmarks_simp/INST_36x36/30/inst36x36_30_44.txt find answer: 0.060000
benchmarks_simp/INST_36x36/30/inst36x36_30_44.txt : 318 ms.
--------------------------------------------------
======================================================================
current best clash: 0
----------------------------------------------------------------------
current col clash: 0
current row clash: 0
current squ clash: 0
benchmarks_simp/INST_36x36/30/inst36x36_30_45.txt find answer: 0.100000
benchmarks_simp/INST_36x36/30/inst36x36_30_45.txt : 354 ms.
--------------------------------------------------
======================================================================
current best clash: 0
----------------------------------------------------------------------
current col clash: 0
current row clash: 0
current squ clash: 0
benchmarks_simp/INST_36x36/30/inst36x36_30_46.txt find answer: 0.090000
benchmarks_simp/INST_36x36/30/inst36x36_30_46.txt : 353 ms.
--------------------------------------------------
======================================================================
current best clash: 0
----------------------------------------------------------------------
current col clash: 0
current row clash: 0
current squ clash: 0
benchmarks_simp/INST_36x36/30/inst36x36_30_47.txt find answer: 0.070000
benchmarks_simp/INST_36x36/30/inst36x36_30_47.txt : 330 ms.
--------------------------------------------------
======================================================================
current best clash: 0
----------------------------------------------------------------------
current col clash: 0
current row clash: 0
current squ clash: 0
benchmarks_simp/INST_36x36/30/inst36x36_30_48.txt find answer: 0.080000
benchmarks_simp/INST_36x36/30/inst36x36_30_48.txt : 321 ms.
--------------------------------------------------
======================================================================
current best clash: 0
----------------------------------------------------------------------
current col clash: 0
current row clash: 0
current squ clash: 0
benchmarks_simp/INST_36x36/30/inst36x36_30_49.txt find answer: 0.070000
benchmarks_simp/INST_36x36/30/inst36x36_30_49.txt : 324 ms.
--------------------------------------------------
======================================================================
current best clash: 0
----------------------------------------------------------------------
current col clash: 0
current row clash: 0
current squ clash: 0
benchmarks_simp/INST_36x36/30/inst36x36_30_4.txt find answer: 0.070000
benchmarks_simp/INST_36x36/30/inst36x36_30_4.txt : 333 ms.
--------------------------------------------------
======================================================================
current best clash: 0
----------------------------------------------------------------------
current col clash: 0
current row clash: 0
current squ clash: 0
benchmarks_simp/INST_36x36/30/inst36x36_30_50.txt find answer: 0.060000
benchmarks_simp/INST_36x36/30/inst36x36_30_50.txt : 316 ms.
--------------------------------------------------
======================================================================
current best clash: 0
----------------------------------------------------------------------
current col clash: 0
current row clash: 0
current squ clash: 0
benchmarks_simp/INST_36x36/30/inst36x36_30_51.txt find answer: 0.060000
benchmarks_simp/INST_36x36/30/inst36x36_30_51.txt : 317 ms.
--------------------------------------------------
======================================================================
current best clash: 0
----------------------------------------------------------------------
current col clash: 0
current row clash: 0
current squ clash: 0
benchmarks_simp/INST_36x36/30/inst36x36_30_52.txt find answer: 0.150000
benchmarks_simp/INST_36x36/30/inst36x36_30_52.txt : 399 ms.
--------------------------------------------------
======================================================================
current best clash: 0
----------------------------------------------------------------------
current col clash: 0
current row clash: 0
current squ clash: 0
benchmarks_simp/INST_36x36/30/inst36x36_30_53.txt find answer: 0.060000
benchmarks_simp/INST_36x36/30/inst36x36_30_53.txt : 318 ms.
--------------------------------------------------
======================================================================
current best clash: 0
----------------------------------------------------------------------
current col clash: 0
current row clash: 0
current squ clash: 0
benchmarks_simp/INST_36x36/30/inst36x36_30_54.txt find answer: 0.100000
benchmarks_simp/INST_36x36/30/inst36x36_30_54.txt : 359 ms.
--------------------------------------------------
======================================================================
current best clash: 0
----------------------------------------------------------------------
current col clash: 0
current row clash: 0
current squ clash: 0
benchmarks_simp/INST_36x36/30/inst36x36_30_55.txt find answer: 0.060000
benchmarks_simp/INST_36x36/30/inst36x36_30_55.txt : 322 ms.
--------------------------------------------------
======================================================================
current best clash: 0
----------------------------------------------------------------------
current col clash: 0
current row clash: 0
current squ clash: 0
benchmarks_simp/INST_36x36/30/inst36x36_30_56.txt find answer: 0.070000
benchmarks_simp/INST_36x36/30/inst36x36_30_56.txt : 322 ms.
--------------------------------------------------
======================================================================
current best clash: 0
----------------------------------------------------------------------
current col clash: 0
current row clash: 0
current squ clash: 0
benchmarks_simp/INST_36x36/30/inst36x36_30_57.txt find answer: 0.050000
benchmarks_simp/INST_36x36/30/inst36x36_30_57.txt : 307 ms.
--------------------------------------------------
======================================================================
current best clash: 0
----------------------------------------------------------------------
current col clash: 0
current row clash: 0
current squ clash: 0
benchmarks_simp/INST_36x36/30/inst36x36_30_58.txt find answer: 0.050000
benchmarks_simp/INST_36x36/30/inst36x36_30_58.txt : 311 ms.
--------------------------------------------------
======================================================================
current best clash: 0
----------------------------------------------------------------------
current col clash: 0
current row clash: 0
current squ clash: 0
benchmarks_simp/INST_36x36/30/inst36x36_30_59.txt find answer: 0.060000
benchmarks_simp/INST_36x36/30/inst36x36_30_59.txt : 313 ms.
--------------------------------------------------
======================================================================
current best clash: 0
----------------------------------------------------------------------
current col clash: 0
current row clash: 0
current squ clash: 0
benchmarks_simp/INST_36x36/30/inst36x36_30_5.txt find answer: 0.100000
benchmarks_simp/INST_36x36/30/inst36x36_30_5.txt : 762 ms.
--------------------------------------------------
======================================================================
current best clash: 0
----------------------------------------------------------------------
current col clash: 0
current row clash: 0
current squ clash: 0
benchmarks_simp/INST_36x36/30/inst36x36_30_60.txt find answer: 0.060000
benchmarks_simp/INST_36x36/30/inst36x36_30_60.txt : 422 ms.
--------------------------------------------------
======================================================================
current best clash: 0
----------------------------------------------------------------------
current col clash: 0
current row clash: 0
current squ clash: 0
benchmarks_simp/INST_36x36/30/inst36x36_30_61.txt find answer: 0.090000
benchmarks_simp/INST_36x36/30/inst36x36_30_61.txt : 344 ms.
--------------------------------------------------
======================================================================
current best clash: 0
----------------------------------------------------------------------
current col clash: 0
current row clash: 0
current squ clash: 0
benchmarks_simp/INST_36x36/30/inst36x36_30_62.txt find answer: 0.100000
benchmarks_simp/INST_36x36/30/inst36x36_30_62.txt : 357 ms.
--------------------------------------------------
======================================================================
current best clash: 0
----------------------------------------------------------------------
current col clash: 0
current row clash: 0
current squ clash: 0
benchmarks_simp/INST_36x36/30/inst36x36_30_63.txt find answer: 0.070000
benchmarks_simp/INST_36x36/30/inst36x36_30_63.txt : 346 ms.
--------------------------------------------------
======================================================================
current best clash: 0
----------------------------------------------------------------------
current col clash: 0
current row clash: 0
current squ clash: 0
benchmarks_simp/INST_36x36/30/inst36x36_30_64.txt find answer: 0.080000
benchmarks_simp/INST_36x36/30/inst36x36_30_64.txt : 353 ms.
--------------------------------------------------
======================================================================
current best clash: 0
----------------------------------------------------------------------
current col clash: 0
current row clash: 0
current squ clash: 0
benchmarks_simp/INST_36x36/30/inst36x36_30_65.txt find answer: 0.140000
benchmarks_simp/INST_36x36/30/inst36x36_30_65.txt : 397 ms.
--------------------------------------------------
======================================================================
current best clash: 0
----------------------------------------------------------------------
current col clash: 0
current row clash: 0
current squ clash: 0
benchmarks_simp/INST_36x36/30/inst36x36_30_66.txt find answer: 0.070000
benchmarks_simp/INST_36x36/30/inst36x36_30_66.txt : 335 ms.
--------------------------------------------------
======================================================================
current best clash: 0
----------------------------------------------------------------------
current col clash: 0
current row clash: 0
current squ clash: 0
benchmarks_simp/INST_36x36/30/inst36x36_30_67.txt find answer: 0.080000
benchmarks_simp/INST_36x36/30/inst36x36_30_67.txt : 342 ms.
--------------------------------------------------
======================================================================
current best clash: 0
----------------------------------------------------------------------
current col clash: 0
current row clash: 0
current squ clash: 0
benchmarks_simp/INST_36x36/30/inst36x36_30_68.txt find answer: 0.060000
benchmarks_simp/INST_36x36/30/inst36x36_30_68.txt : 323 ms.
--------------------------------------------------
