--------------------------------------------------
======================================================================
current best clash: 0
----------------------------------------------------------------------
current col clash: 0
current row clash: 0
current squ clash: 0
benchmarks_simp/INST_36x36/20/inst36x36_20_0.txt find answer: 0.110000
benchmarks_simp/INST_36x36/20/inst36x36_20_0.txt : 544 ms.
--------------------------------------------------
======================================================================
current best clash: 0
----------------------------------------------------------------------
current col clash: 0
current row clash: 0
current squ clash: 0
benchmarks_simp/INST_36x36/20/inst36x36_20_10.txt find answer: 0.070000
benchmarks_simp/INST_36x36/20/inst36x36_20_10.txt : 516 ms.
--------------------------------------------------
======================================================================
current best clash: 0
----------------------------------------------------------------------
current col clash: 0
current row clash: 0
current squ clash: 0
benchmarks_simp/INST_36x36/20/inst36x36_20_11.txt find answer: 0.070000
benchmarks_simp/INST_36x36/20/inst36x36_20_11.txt : 334 ms.
--------------------------------------------------
======================================================================
current best clash: 0
----------------------------------------------------------------------
current col clash: 0
current row clash: 0
current squ clash: 0
benchmarks_simp/INST_36x36/20/inst36x36_20_12.txt find answer: 0.070000
benchmarks_simp/INST_36x36/20/inst36x36_20_12.txt : 338 ms.
--------------------------------------------------
======================================================================
current best clash: 0
----------------------------------------------------------------------
current col clash: 0
current row clash: 0
current squ clash: 0
benchmarks_simp/INST_36x36/20/inst36x36_20_13.txt find answer: 0.070000
benchmarks_simp/INST_36x36/20/inst36x36_20_13.txt : 335 ms.
--------------------------------------------------
======================================================================
current best clash: 0
----------------------------------------------------------------------
current col clash: 0
current row clash: 0
current squ clash: 0
benchmarks_simp/INST_36x36/20/inst36x36_20_14.txt find answer: 0.070000
benchmarks_simp/INST_36x36/20/inst36x36_20_14.txt : 353 ms.
--------------------------------------------------
======================================================================
current best clash: 0
----------------------------------------------------------------------
current col clash: 0
current row clash: 0
current squ clash: 0
benchmarks_simp/INST_36x36/20/inst36x36_20_15.txt find answer: 0.070000
benchmarks_simp/INST_36x36/20/inst36x36_20_15.txt : 348 ms.
--------------------------------------------------
======================================================================
current best clash: 0
----------------------------------------------------------------------
current col clash: 0
current row clash: 0
current squ clash: 0
benchmarks_simp/INST_36x36/20/inst36x36_20_16.txt find answer: 0.070000
benchmarks_simp/INST_36x36/20/inst36x36_20_16.txt : 344 ms.
--------------------------------------------------
======================================================================
current best clash: 0
----------------------------------------------------------------------
current col clash: 0
current row clash: 0
current squ clash: 0
benchmarks_simp/INST_36x36/20/inst36x36_20_17.txt find answer: 0.070000
benchmarks_simp/INST_36x36/20/inst36x36_20_17.txt : 330 ms.
--------------------------------------------------
======================================================================
current best clash: 0
----------------------------------------------------------------------
current col clash: 0
current row clash: 0
current squ clash: 0
benchmarks_simp/INST_36x36/20/inst36x36_20_18.txt find answer: 0.070000
benchmarks_simp/INST_36x36/20/inst36x36_20_18.txt : 339 ms.
--------------------------------------------------
======================================================================
current best clash: 0
----------------------------------------------------------------------
current col clash: 0
current row clash: 0
current squ clash: 0
benchmarks_simp/INST_36x36/20/inst36x36_20_19.txt find answer: 0.080000
benchmarks_simp/INST_36x36/20/inst36x36_20_19.txt : 354 ms.
--------------------------------------------------
======================================================================
current best clash: 0
----------------------------------------------------------------------
current col clash: 0
current row clash: 0
current squ clash: 0
benchmarks_simp/INST_36x36/20/inst36x36_20_1.txt find answer: 0.070000
benchmarks_simp/INST_36x36/20/inst36x36_20_1.txt : 341 ms.
--------------------------------------------------
======================================================================
current best clash: 0
----------------------------------------------------------------------
current col clash: 0
current row clash: 0
current squ clash: 0
benchmarks_simp/INST_36x36/20/inst36x36_20_20.txt find answer: 0.060000
benchmarks_simp/INST_36x36/20/inst36x36_20_20.txt : 322 ms.
--------------------------------------------------
======================================================================
current best clash: 0
----------------------------------------------------------------------
current col clash: 0
current row clash: 0
current squ clash: 0
benchmarks_simp/INST_36x36/20/inst36x36_20_21.txt find answer: 0.070000
benchmarks_simp/INST_36x36/20/inst36x36_20_21.txt : 334 ms.
--------------------------------------------------
======================================================================
current best clash: 0
----------------------------------------------------------------------
current col clash: 0
current row clash: 0
current squ clash: 0
benchmarks_simp/INST_36x36/20/inst36x36_20_22.txt find answer: 0.070000
benchmarks_simp/INST_36x36/20/inst36x36_20_22.txt : 328 ms.
--------------------------------------------------
======================================================================
current best clash: 0
----------------------------------------------------------------------
current col clash: 0
current row clash: 0
current squ clash: 0
benchmarks_simp/INST_36x36/20/inst36x36_20_23.txt find answer: 0.070000
benchmarks_simp/INST_36x36/20/inst36x36_20_23.txt : 341 ms.
--------------------------------------------------
======================================================================
current best clash: 0
----------------------------------------------------------------------
current col clash: 0
current row clash: 0
current squ clash: 0
benchmarks_simp/INST_36x36/20/inst36x36_20_24.txt find answer: 0.070000
benchmarks_simp/INST_36x36/20/inst36x36_20_24.txt : 329 ms.
--------------------------------------------------
======================================================================
current best clash: 0
----------------------------------------------------------------------
current col clash: 0
current row clash: 0
current squ clash: 0
benchmarks_simp/INST_36x36/20/inst36x36_20_25.txt find answer: 0.070000
benchmarks_simp/INST_36x36/20/inst36x36_20_25.txt : 348 ms.
--------------------------------------------------
======================================================================
current best clash: 0
----------------------------------------------------------------------
current col clash: 0
current row clash: 0
current squ clash: 0
benchmarks_simp/INST_36x36/20/inst36x36_20_26.txt find answer: 0.080000
benchmarks_simp/INST_36x36/20/inst36x36_20_26.txt : 360 ms.
--------------------------------------------------
======================================================================
current best clash: 0
----------------------------------------------------------------------
current col clash: 0
current row clash: 0
current squ clash: 0
benchmarks_simp/INST_36x36/20/inst36x36_20_27.txt find answer: 0.070000
benchmarks_simp/INST_36x36/20/inst36x36_20_27.txt : 363 ms.
--------------------------------------------------
======================================================================
current best clash: 0
----------------------------------------------------------------------
current col clash: 0
current row clash: 0
current squ clash: 0
benchmarks_simp/INST_36x36/20/inst36x36_20_28.txt find answer: 0.070000
benchmarks_simp/INST_36x36/20/inst36x36_20_28.txt : 331 ms.
--------------------------------------------------
======================================================================
current best clash: 0
----------------------------------------------------------------------
current col clash: 0
current row clash: 0
current squ clash: 0
benchmarks_simp/INST_36x36/20/inst36x36_20_29.txt find answer: 0.080000
benchmarks_simp/INST_36x36/20/inst36x36_20_29.txt : 326 ms.
--------------------------------------------------
======================================================================
current best clash: 0
----------------------------------------------------------------------
current col clash: 0
current row clash: 0
current squ clash: 0
benchmarks_simp/INST_36x36/20/inst36x36_20_2.txt find answer: 0.070000
benchmarks_simp/INST_36x36/20/inst36x36_20_2.txt : 325 ms.
--------------------------------------------------
======================================================================
current best clash: 0
----------------------------------------------------------------------
current col clash: 0
current row clash: 0
current squ clash: 0
benchmarks_simp/INST_36x36/20/inst36x36_20_30.txt find answer: 0.070000
benchmarks_simp/INST_36x36/20/inst36x36_20_30.txt : 320 ms.
--------------------------------------------------
======================================================================
current best clash: 0
----------------------------------------------------------------------
current col clash: 0
current row clash: 0
current squ clash: 0
benchmarks_simp/INST_36x36/20/inst36x36_20_31.txt find answer: 0.060000
benchmarks_simp/INST_36x36/20/inst36x36_20_31.txt : 323 ms.
--------------------------------------------------
======================================================================
current best clash: 0
----------------------------------------------------------------------
current col clash: 0
current row clash: 0
current squ clash: 0
benchmarks_simp/INST_36x36/20/inst36x36_20_32.txt find answer: 0.070000
benchmarks_simp/INST_36x36/20/inst36x36_20_32.txt : 321 ms.
--------------------------------------------------
======================================================================
current best clash: 0
----------------------------------------------------------------------
current col clash: 0
current row clash: 0
current squ clash: 0
benchmarks_simp/INST_36x36/20/inst36x36_20_33.txt find answer: 0.080000
benchmarks_simp/INST_36x36/20/inst36x36_20_33.txt : 358 ms.
--------------------------------------------------
======================================================================
current best clash: 0
----------------------------------------------------------------------
current col clash: 0
current row clash: 0
current squ clash: 0
benchmarks_simp/INST_36x36/20/inst36x36_20_34.txt find answer: 0.070000
benchmarks_simp/INST_36x36/20/inst36x36_20_34.txt : 743 ms.
--------------------------------------------------
======================================================================
current best clash: 0
----------------------------------------------------------------------
current col clash: 0
current row clash: 0
current squ clash: 0
benchmarks_simp/INST_36x36/20/inst36x36_20_35.txt find answer: 0.070000
benchmarks_simp/INST_36x36/20/inst36x36_20_35.txt : 464 ms.
--------------------------------------------------
======================================================================
current best clash: 0
----------------------------------------------------------------------
current col clash: 0
current row clash: 0
current squ clash: 0
benchmarks_simp/INST_36x36/20/inst36x36_20_36.txt find answer: 0.060000
benchmarks_simp/INST_36x36/20/inst36x36_20_36.txt : 330 ms.
--------------------------------------------------
======================================================================
current best clash: 0
----------------------------------------------------------------------
current col clash: 0
current row clash: 0
current squ clash: 0
benchmarks_simp/INST_36x36/20/inst36x36_20_37.txt find answer: 0.060000
benchmarks_simp/INST_36x36/20/inst36x36_20_37.txt : 322 ms.
--------------------------------------------------
======================================================================
current best clash: 0
----------------------------------------------------------------------
current col clash: 0
current row clash: 0
current squ clash: 0
benchmarks_simp/INST_36x36/20/inst36x36_20_38.txt find answer: 0.070000
benchmarks_simp/INST_36x36/20/inst36x36_20_38.txt : 317 ms.
--------------------------------------------------
======================================================================
current best clash: 0
----------------------------------------------------------------------
current col clash: 0
current row clash: 0
current squ clash: 0
benchmarks_simp/INST_36x36/20/inst36x36_20_39.txt find answer: 0.080000
benchmarks_simp/INST_36x36/20/inst36x36_20_39.txt : 321 ms.
--------------------------------------------------
======================================================================
current best clash: 0
----------------------------------------------------------------------
current col clash: 0
current row clash: 0
current squ clash: 0
benchmarks_simp/INST_36x36/20/inst36x36_20_3.txt find answer: 0.080000
benchmarks_simp/INST_36x36/20/inst36x36_20_3.txt : 342 ms.
--------------------------------------------------
======================================================================
current best clash: 0
----------------------------------------------------------------------
current col clash: 0
current row clash: 0
current squ clash: 0
benchmarks_simp/INST_36x36/20/inst36x36_20_40.txt find answer: 0.070000
benchmarks_simp/INST_36x36/20/inst36x36_20_40.txt : 332 ms.
--------------------------------------------------
======================================================================
current best clash: 0
----------------------------------------------------------------------
current col clash: 0
current row clash: 0
current squ clash: 0
benchmarks_simp/INST_36x36/20/inst36x36_20_41.txt find answer: 0.070000
benchmarks_simp/INST_36x36/20/inst36x36_20_41.txt : 326 ms.
--------------------------------------------------
======================================================================
current best clash: 0
----------------------------------------------------------------------
current col clash: 0
current row clash: 0
current squ clash: 0
benchmarks_simp/INST_36x36/20/inst36x36_20_42.txt find answer: 0.060000
benchmarks_simp/INST_36x36/20/inst36x36_20_42.txt : 324 ms.
--------------------------------------------------
======================================================================
current best clash: 0
----------------------------------------------------------------------
current col clash: 0
current row clash: 0
current squ clash: 0
benchmarks_simp/INST_36x36/20/inst36x36_20_43.txt find answer: 0.070000
benchmarks_simp/INST_36x36/20/inst36x36_20_43.txt : 320 ms.
--------------------------------------------------
======================================================================
current best clash: 0
----------------------------------------------------------------------
current col clash: 0
current row clash: 0
current squ clash: 0
benchmarks_simp/INST_36x36/20/inst36x36_20_44.txt find answer: 0.080000
benchmarks_simp/INST_36x36/20/inst36x36_20_44.txt : 350 ms.
--------------------------------------------------
======================================================================
current best clash: 0
----------------------------------------------------------------------
current col clash: 0
current row clash: 0
current squ clash: 0
benchmarks_simp/INST_36x36/20/inst36x36_20_45.txt find answer: 0.080000
benchmarks_simp/INST_36x36/20/inst36x36_20_45.txt : 338 ms.
--------------------------------------------------
======================================================================
current best clash: 0
----------------------------------------------------------------------
current col clash: 0
current row clash: 0
current squ clash: 0
benchmarks_simp/INST_36x36/20/inst36x36_20_46.txt find answer: 0.060000
benchmarks_simp/INST_36x36/20/inst36x36_20_46.txt : 328 ms.
--------------------------------------------------
======================================================================
current best clash: 0
----------------------------------------------------------------------
current col clash: 0
current row clash: 0
current squ clash: 0
benchmarks_simp/INST_36x36/20/inst36x36_20_47.txt find answer: 0.070000
benchmarks_simp/INST_36x36/20/inst36x36_20_47.txt : 333 ms.
--------------------------------------------------
======================================================================
current best clash: 0
----------------------------------------------------------------------
current col clash: 0
current row clash: 0
current squ clash: 0
benchmarks_simp/INST_36x36/20/inst36x36_20_48.txt find answer: 0.080000
benchmarks_simp/INST_36x36/20/inst36x36_20_48.txt : 333 ms.
--------------------------------------------------
======================================================================
current best clash: 0
----------------------------------------------------------------------
current col clash: 0
current row clash: 0
current squ clash: 0
benchmarks_simp/INST_36x36/20/inst36x36_20_49.txt find answer: 0.080000
benchmarks_simp/INST_36x36/20/inst36x36_20_49.txt : 343 ms.
--------------------------------------------------
======================================================================
current best clash: 0
----------------------------------------------------------------------
current col clash: 0
current row clash: 0
current squ clash: 0
benchmarks_simp/INST_36x36/20/inst36x36_20_4.txt find answer: 0.060000
benchmarks_simp/INST_36x36/20/inst36x36_20_4.txt : 329 ms.
--------------------------------------------------
======================================================================
current best clash: 0
----------------------------------------------------------------------
current col clash: 0
current row clash: 0
current squ clash: 0
benchmarks_simp/INST_36x36/20/inst36x36_20_50.txt find answer: 0.080000
benchmarks_simp/INST_36x36/20/inst36x36_20_50.txt : 356 ms.
--------------------------------------------------
======================================================================
current best clash: 0
----------------------------------------------------------------------
current col clash: 0
current row clash: 0
current squ clash: 0
benchmarks_simp/INST_36x36/20/inst36x36_20_51.txt find answer: 0.070000
benchmarks_simp/INST_36x36/20/inst36x36_20_51.txt : 328 ms.
--------------------------------------------------
======================================================================
current best clash: 0
----------------------------------------------------------------------
current col clash: 0
current row clash: 0
current squ clash: 0
benchmarks_simp/INST_36x36/20/inst36x36_20_52.txt find answer: 0.070000
benchmarks_simp/INST_36x36/20/inst36x36_20_52.txt : 340 ms.
--------------------------------------------------
======================================================================
current best clash: 0
----------------------------------------------------------------------
current col clash: 0
current row clash: 0
current squ clash: 0
benchmarks_simp/INST_36x36/20/inst36x36_20_53.txt find answer: 0.070000
benchmarks_simp/INST_36x36/20/inst36x36_20_53.txt : 324 ms.
--------------------------------------------------
======================================================================
current best clash: 0
----------------------------------------------------------------------
current col clash: 0
current row clash: 0
current squ clash: 0
benchmarks_simp/INST_36x36/20/inst36x36_20_54.txt find answer: 0.060000
benchmarks_simp/INST_36x36/20/inst36x36_20_54.txt : 320 ms.
--------------------------------------------------
======================================================================
current best clash: 0
----------------------------------------------------------------------
current col clash: 0
current row clash: 0
current squ clash: 0
benchmarks_simp/INST_36x36/20/inst36x36_20_55.txt find answer: 0.070000
benchmarks_simp/INST_36x36/20/inst36x36_20_55.txt : 321 ms.
--------------------------------------------------
======================================================================
current best clash: 0
----------------------------------------------------------------------
current col clash: 0
current row clash: 0
current squ clash: 0
benchmarks_simp/INST_36x36/20/inst36x36_20_56.txt find answer: 0.080000
benchmarks_simp/INST_36x36/20/inst36x36_20_56.txt : 347 ms.
--------------------------------------------------
======================================================================
current best clash: 0
----------------------------------------------------------------------
current col clash: 0
current row clash: 0
current squ clash: 0
benchmarks_simp/INST_36x36/20/inst36x36_20_57.txt find answer: 0.080000
benchmarks_simp/INST_36x36/20/inst36x36_20_57.txt : 333 ms.
--------------------------------------------------
======================================================================
current best clash: 0
----------------------------------------------------------------------
current col clash: 0
current row clash: 0
current squ clash: 0
benchmarks_simp/INST_36x36/20/inst36x36_20_58.txt find answer: 0.070000
benchmarks_simp/INST_36x36/20/inst36x36_20_58.txt : 332 ms.
--------------------------------------------------
======================================================================
current best clash: 0
----------------------------------------------------------------------
current col clash: 0
current row clash: 0
current squ clash: 0
benchmarks_simp/INST_36x36/20/inst36x36_20_59.txt find answer: 0.060000
benchmarks_simp/INST_36x36/20/inst36x36_20_59.txt : 328 ms.
--------------------------------------------------
======================================================================
current best clash: 0
----------------------------------------------------------------------
current col clash: 0
current row clash: 0
current squ clash: 0
benchmarks_simp/INST_36x36/20/inst36x36_20_5.txt find answer: 0.060000
benchmarks_simp/INST_36x36/20/inst36x36_20_5.txt : 947 ms.
--------------------------------------------------
======================================================================
current best clash: 0
----------------------------------------------------------------------
current col clash: 0
current row clash: 0
current squ clash: 0
benchmarks_simp/INST_36x36/20/inst36x36_20_60.txt find answer: 0.070000
benchmarks_simp/INST_36x36/20/inst36x36_20_60.txt : 319 ms.
--------------------------------------------------
======================================================================
current best clash: 0
----------------------------------------------------------------------
current col clash: 0
current row clash: 0
current squ clash: 0
benchmarks_simp/INST_36x36/20/inst36x36_20_61.txt find answer: 0.090000
benchmarks_simp/INST_36x36/20/inst36x36_20_61.txt : 356 ms.
--------------------------------------------------
======================================================================
current best clash: 0
----------------------------------------------------------------------
current col clash: 0
current row clash: 0
current squ clash: 0
benchmarks_simp/INST_36x36/20/inst36x36_20_62.txt find answer: 0.080000
benchmarks_simp/INST_36x36/20/inst36x36_20_62.txt : 353 ms.
--------------------------------------------------
======================================================================
current best clash: 0
----------------------------------------------------------------------
current col clash: 0
current row clash: 0
current squ clash: 0
benchmarks_simp/INST_36x36/20/inst36x36_20_63.txt find answer: 0.080000
benchmarks_simp/INST_36x36/20/inst36x36_20_63.txt : 344 ms.
--------------------------------------------------
======================================================================
current best clash: 0
----------------------------------------------------------------------
current col clash: 0
current row clash: 0
current squ clash: 0
benchmarks_simp/INST_36x36/20/inst36x36_20_64.txt find answer: 0.070000
benchmarks_simp/INST_36x36/20/inst36x36_20_64.txt : 320 ms.
--------------------------------------------------
======================================================================
current best clash: 0
----------------------------------------------------------------------
current col clash: 0
current row clash: 0
current squ clash: 0
benchmarks_simp/INST_36x36/20/inst36x36_20_65.txt find answer: 0.070000
benchmarks_simp/INST_36x36/20/inst36x36_20_65.txt : 324 ms.
--------------------------------------------------
======================================================================
current best clash: 0
----------------------------------------------------------------------
current col clash: 0
current row clash: 0
current squ clash: 0
benchmarks_simp/INST_36x36/20/inst36x36_20_66.txt find answer: 0.070000
benchmarks_simp/INST_36x36/20/inst36x36_20_66.txt : 325 ms.
--------------------------------------------------
======================================================================
current best clash: 0
----------------------------------------------------------------------
current col clash: 0
current row clash: 0
current squ clash: 0
benchmarks_simp/INST_36x36/20/inst36x36_20_67.txt find answer: 0.050000
benchmarks_simp/INST_36x36/20/inst36x36_20_67.txt : 311 ms.
--------------------------------------------------
======================================================================
current best clash: 0
----------------------------------------------------------------------
current col clash: 0
current row clash: 0
current squ clash: 0
benchmarks_simp/INST_36x36/20/inst36x36_20_68.txt find answer: 0.060000
benchmarks_simp/INST_36x36/20/inst36x36_20_68.txt : 311 ms.
--------------------------------------------------
======================================================================
current best clash: 0
----------------------------------------------------------------------
current col clash: 0
current row clash: 0
current squ clash: 0
benchmarks_simp/INST_36x36/20/inst36x36_20_69.txt find answer: 0.060000
benchmarks_simp/INST_36x36/20/inst36x36_20_69.txt : 312 ms.
--------------------------------------------------
