--------------------------------------------------
======================================================================
current best clash: 0
----------------------------------------------------------------------
current col clash: 0
current row clash: 0
current squ clash: 0
benchmarks_simp/INST_36x36/10/inst36x36_10_0.txt find answer: 0.090000
benchmarks_simp/INST_36x36/10/inst36x36_10_0.txt : 552 ms.
--------------------------------------------------
======================================================================
current best clash: 0
----------------------------------------------------------------------
current col clash: 0
current row clash: 0
current squ clash: 0
benchmarks_simp/INST_36x36/10/inst36x36_10_10.txt find answer: 0.090000
benchmarks_simp/INST_36x36/10/inst36x36_10_10.txt : 546 ms.
--------------------------------------------------
======================================================================
current best clash: 0
----------------------------------------------------------------------
current col clash: 0
current row clash: 0
current squ clash: 0
benchmarks_simp/INST_36x36/10/inst36x36_10_11.txt find answer: 0.080000
benchmarks_simp/INST_36x36/10/inst36x36_10_11.txt : 355 ms.
--------------------------------------------------
======================================================================
current best clash: 0
----------------------------------------------------------------------
current col clash: 0
current row clash: 0
current squ clash: 0
benchmarks_simp/INST_36x36/10/inst36x36_10_12.txt find answer: 0.090000
benchmarks_simp/INST_36x36/10/inst36x36_10_12.txt : 363 ms.
--------------------------------------------------
======================================================================
current best clash: 0
----------------------------------------------------------------------
current col clash: 0
current row clash: 0
current squ clash: 0
benchmarks_simp/INST_36x36/10/inst36x36_10_13.txt find answer: 0.100000
benchmarks_simp/INST_36x36/10/inst36x36_10_13.txt : 370 ms.
--------------------------------------------------
======================================================================
current best clash: 0
----------------------------------------------------------------------
current col clash: 0
current row clash: 0
current squ clash: 0
benchmarks_simp/INST_36x36/10/inst36x36_10_14.txt find answer: 0.100000
benchmarks_simp/INST_36x36/10/inst36x36_10_14.txt : 374 ms.
--------------------------------------------------
======================================================================
current best clash: 0
----------------------------------------------------------------------
current col clash: 0
current row clash: 0
current squ clash: 0
benchmarks_simp/INST_36x36/10/inst36x36_10_15.txt find answer: 0.090000
benchmarks_simp/INST_36x36/10/inst36x36_10_15.txt : 363 ms.
--------------------------------------------------
======================================================================
current best clash: 0
----------------------------------------------------------------------
current col clash: 0
current row clash: 0
current squ clash: 0
benchmarks_simp/INST_36x36/10/inst36x36_10_16.txt find answer: 0.090000
benchmarks_simp/INST_36x36/10/inst36x36_10_16.txt : 356 ms.
--------------------------------------------------
======================================================================
current best clash: 0
----------------------------------------------------------------------
current col clash: 0
current row clash: 0
current squ clash: 0
benchmarks_simp/INST_36x36/10/inst36x36_10_17.txt find answer: 0.090000
benchmarks_simp/INST_36x36/10/inst36x36_10_17.txt : 373 ms.
--------------------------------------------------
======================================================================
current best clash: 0
----------------------------------------------------------------------
current col clash: 0
current row clash: 0
current squ clash: 0
benchmarks_simp/INST_36x36/10/inst36x36_10_18.txt find answer: 0.080000
benchmarks_simp/INST_36x36/10/inst36x36_10_18.txt : 350 ms.
--------------------------------------------------
======================================================================
current best clash: 0
----------------------------------------------------------------------
current col clash: 0
current row clash: 0
current squ clash: 0
benchmarks_simp/INST_36x36/10/inst36x36_10_19.txt find answer: 0.080000
benchmarks_simp/INST_36x36/10/inst36x36_10_19.txt : 343 ms.
--------------------------------------------------
======================================================================
current best clash: 0
----------------------------------------------------------------------
current col clash: 0
current row clash: 0
current squ clash: 0
benchmarks_simp/INST_36x36/10/inst36x36_10_1.txt find answer: 0.080000
benchmarks_simp/INST_36x36/10/inst36x36_10_1.txt : 338 ms.
--------------------------------------------------
======================================================================
current best clash: 0
----------------------------------------------------------------------
current col clash: 0
current row clash: 0
current squ clash: 0
benchmarks_simp/INST_36x36/10/inst36x36_10_20.txt find answer: 0.080000
benchmarks_simp/INST_36x36/10/inst36x36_10_20.txt : 340 ms.
--------------------------------------------------
======================================================================
current best clash: 0
----------------------------------------------------------------------
current col clash: 0
current row clash: 0
current squ clash: 0
benchmarks_simp/INST_36x36/10/inst36x36_10_21.txt find answer: 0.090000
benchmarks_simp/INST_36x36/10/inst36x36_10_21.txt : 346 ms.
--------------------------------------------------
======================================================================
current best clash: 0
----------------------------------------------------------------------
current col clash: 0
current row clash: 0
current squ clash: 0
benchmarks_simp/INST_36x36/10/inst36x36_10_22.txt find answer: 0.090000
benchmarks_simp/INST_36x36/10/inst36x36_10_22.txt : 341 ms.
--------------------------------------------------
======================================================================
current best clash: 0
----------------------------------------------------------------------
current col clash: 0
current row clash: 0
current squ clash: 0
benchmarks_simp/INST_36x36/10/inst36x36_10_23.txt find answer: 0.090000
benchmarks_simp/INST_36x36/10/inst36x36_10_23.txt : 341 ms.
--------------------------------------------------
======================================================================
current best clash: 0
----------------------------------------------------------------------
current col clash: 0
current row clash: 0
current squ clash: 0
benchmarks_simp/INST_36x36/10/inst36x36_10_24.txt find answer: 0.080000
benchmarks_simp/INST_36x36/10/inst36x36_10_24.txt : 338 ms.
--------------------------------------------------
======================================================================
current best clash: 0
----------------------------------------------------------------------
current col clash: 0
current row clash: 0
current squ clash: 0
benchmarks_simp/INST_36x36/10/inst36x36_10_25.txt find answer: 0.090000
benchmarks_simp/INST_36x36/10/inst36x36_10_25.txt : 342 ms.
--------------------------------------------------
======================================================================
current best clash: 0
----------------------------------------------------------------------
current col clash: 0
current row clash: 0
current squ clash: 0
benchmarks_simp/INST_36x36/10/inst36x36_10_26.txt find answer: 0.090000
benchmarks_simp/INST_36x36/10/inst36x36_10_26.txt : 353 ms.
--------------------------------------------------
======================================================================
current best clash: 0
----------------------------------------------------------------------
current col clash: 0
current row clash: 0
current squ clash: 0
benchmarks_simp/INST_36x36/10/inst36x36_10_27.txt find answer: 0.080000
benchmarks_simp/INST_36x36/10/inst36x36_10_27.txt : 351 ms.
--------------------------------------------------
======================================================================
current best clash: 0
----------------------------------------------------------------------
current col clash: 0
current row clash: 0
current squ clash: 0
benchmarks_simp/INST_36x36/10/inst36x36_10_28.txt find answer: 0.080000
benchmarks_simp/INST_36x36/10/inst36x36_10_28.txt : 340 ms.
--------------------------------------------------
======================================================================
current best clash: 0
----------------------------------------------------------------------
current col clash: 0
current row clash: 0
current squ clash: 0
benchmarks_simp/INST_36x36/10/inst36x36_10_29.txt find answer: 0.090000
benchmarks_simp/INST_36x36/10/inst36x36_10_29.txt : 362 ms.
--------------------------------------------------
======================================================================
current best clash: 0
----------------------------------------------------------------------
current col clash: 0
current row clash: 0
current squ clash: 0
benchmarks_simp/INST_36x36/10/inst36x36_10_2.txt find answer: 0.090000
benchmarks_simp/INST_36x36/10/inst36x36_10_2.txt : 377 ms.
--------------------------------------------------
======================================================================
current best clash: 0
----------------------------------------------------------------------
current col clash: 0
current row clash: 0
current squ clash: 0
benchmarks_simp/INST_36x36/10/inst36x36_10_30.txt find answer: 0.090000
benchmarks_simp/INST_36x36/10/inst36x36_10_30.txt : 354 ms.
--------------------------------------------------
======================================================================
current best clash: 0
----------------------------------------------------------------------
current col clash: 0
current row clash: 0
current squ clash: 0
benchmarks_simp/INST_36x36/10/inst36x36_10_31.txt find answer: 0.090000
benchmarks_simp/INST_36x36/10/inst36x36_10_31.txt : 381 ms.
--------------------------------------------------
======================================================================
current best clash: 0
----------------------------------------------------------------------
current col clash: 0
current row clash: 0
current squ clash: 0
benchmarks_simp/INST_36x36/10/inst36x36_10_32.txt find answer: 0.080000
benchmarks_simp/INST_36x36/10/inst36x36_10_32.txt : 336 ms.
--------------------------------------------------
======================================================================
current best clash: 0
----------------------------------------------------------------------
current col clash: 0
current row clash: 0
current squ clash: 0
benchmarks_simp/INST_36x36/10/inst36x36_10_33.txt find answer: 0.090000
benchmarks_simp/INST_36x36/10/inst36x36_10_33.txt : 1004 ms.
--------------------------------------------------
======================================================================
current best clash: 0
----------------------------------------------------------------------
current col clash: 0
current row clash: 0
current squ clash: 0
benchmarks_simp/INST_36x36/10/inst36x36_10_34.txt find answer: 0.080000
benchmarks_simp/INST_36x36/10/inst36x36_10_34.txt : 325 ms.
--------------------------------------------------
======================================================================
current best clash: 0
----------------------------------------------------------------------
current col clash: 0
current row clash: 0
current squ clash: 0
benchmarks_simp/INST_36x36/10/inst36x36_10_35.txt find answer: 0.090000
benchmarks_simp/INST_36x36/10/inst36x36_10_35.txt : 337 ms.
--------------------------------------------------
======================================================================
current best clash: 0
----------------------------------------------------------------------
current col clash: 0
current row clash: 0
current squ clash: 0
benchmarks_simp/INST_36x36/10/inst36x36_10_36.txt find answer: 0.090000
benchmarks_simp/INST_36x36/10/inst36x36_10_36.txt : 333 ms.
--------------------------------------------------
======================================================================
current best clash: 0
----------------------------------------------------------------------
current col clash: 0
current row clash: 0
current squ clash: 0
benchmarks_simp/INST_36x36/10/inst36x36_10_37.txt find answer: 0.080000
benchmarks_simp/INST_36x36/10/inst36x36_10_37.txt : 341 ms.
--------------------------------------------------
======================================================================
current best clash: 0
----------------------------------------------------------------------
current col clash: 0
current row clash: 0
current squ clash: 0
benchmarks_simp/INST_36x36/10/inst36x36_10_38.txt find answer: 0.090000
benchmarks_simp/INST_36x36/10/inst36x36_10_38.txt : 337 ms.
--------------------------------------------------
======================================================================
current best clash: 0
----------------------------------------------------------------------
current col clash: 0
current row clash: 0
current squ clash: 0
benchmarks_simp/INST_36x36/10/inst36x36_10_39.txt find answer: 0.090000
benchmarks_simp/INST_36x36/10/inst36x36_10_39.txt : 371 ms.
--------------------------------------------------
======================================================================
current best clash: 0
----------------------------------------------------------------------
current col clash: 0
current row clash: 0
current squ clash: 0
benchmarks_simp/INST_36x36/10/inst36x36_10_3.txt find answer: 0.090000
benchmarks_simp/INST_36x36/10/inst36x36_10_3.txt : 358 ms.
--------------------------------------------------
======================================================================
current best clash: 0
----------------------------------------------------------------------
current col clash: 0
current row clash: 0
current squ clash: 0
benchmarks_simp/INST_36x36/10/inst36x36_10_40.txt find answer: 0.090000
benchmarks_simp/INST_36x36/10/inst36x36_10_40.txt : 354 ms.
--------------------------------------------------
======================================================================
current best clash: 0
----------------------------------------------------------------------
current col clash: 0
current row clash: 0
current squ clash: 0
benchmarks_simp/INST_36x36/10/inst36x36_10_41.txt find answer: 0.100000
benchmarks_simp/INST_36x36/10/inst36x36_10_41.txt : 355 ms.
--------------------------------------------------
======================================================================
current best clash: 0
----------------------------------------------------------------------
current col clash: 0
current row clash: 0
current squ clash: 0
benchmarks_simp/INST_36x36/10/inst36x36_10_42.txt find answer: 0.080000
benchmarks_simp/INST_36x36/10/inst36x36_10_42.txt : 333 ms.
--------------------------------------------------
======================================================================
current best clash: 0
----------------------------------------------------------------------
current col clash: 0
current row clash: 0
current squ clash: 0
benchmarks_simp/INST_36x36/10/inst36x36_10_43.txt find answer: 0.090000
benchmarks_simp/INST_36x36/10/inst36x36_10_43.txt : 346 ms.
--------------------------------------------------
======================================================================
current best clash: 0
----------------------------------------------------------------------
current col clash: 0
current row clash: 0
current squ clash: 0
benchmarks_simp/INST_36x36/10/inst36x36_10_44.txt find answer: 0.090000
benchmarks_simp/INST_36x36/10/inst36x36_10_44.txt : 328 ms.
--------------------------------------------------
======================================================================
current best clash: 0
----------------------------------------------------------------------
current col clash: 0
current row clash: 0
current squ clash: 0
benchmarks_simp/INST_36x36/10/inst36x36_10_45.txt find answer: 0.090000
benchmarks_simp/INST_36x36/10/inst36x36_10_45.txt : 338 ms.
--------------------------------------------------
======================================================================
current best clash: 0
----------------------------------------------------------------------
current col clash: 0
current row clash: 0
current squ clash: 0
benchmarks_simp/INST_36x36/10/inst36x36_10_46.txt find answer: 0.080000
benchmarks_simp/INST_36x36/10/inst36x36_10_46.txt : 340 ms.
--------------------------------------------------
======================================================================
current best clash: 0
----------------------------------------------------------------------
current col clash: 0
current row clash: 0
current squ clash: 0
benchmarks_simp/INST_36x36/10/inst36x36_10_47.txt find answer: 0.090000
benchmarks_simp/INST_36x36/10/inst36x36_10_47.txt : 341 ms.
--------------------------------------------------
======================================================================
current best clash: 0
----------------------------------------------------------------------
current col clash: 0
current row clash: 0
current squ clash: 0
benchmarks_simp/INST_36x36/10/inst36x36_10_48.txt find answer: 0.080000
benchmarks_simp/INST_36x36/10/inst36x36_10_48.txt : 319 ms.
--------------------------------------------------
======================================================================
current best clash: 0
----------------------------------------------------------------------
current col clash: 0
current row clash: 0
current squ clash: 0
benchmarks_simp/INST_36x36/10/inst36x36_10_49.txt find answer: 0.090000
benchmarks_simp/INST_36x36/10/inst36x36_10_49.txt : 342 ms.
--------------------------------------------------
======================================================================
current best clash: 0
----------------------------------------------------------------------
current col clash: 0
current row clash: 0
current squ clash: 0
benchmarks_simp/INST_36x36/10/inst36x36_10_4.txt find answer: 0.090000
benchmarks_simp/INST_36x36/10/inst36x36_10_4.txt : 406 ms.
--------------------------------------------------
======================================================================
current best clash: 0
----------------------------------------------------------------------
current col clash: 0
current row clash: 0
current squ clash: 0
benchmarks_simp/INST_36x36/10/inst36x36_10_50.txt find answer: 0.080000
benchmarks_simp/INST_36x36/10/inst36x36_10_50.txt : 330 ms.
--------------------------------------------------
======================================================================
current best clash: 0
----------------------------------------------------------------------
current col clash: 0
current row clash: 0
current squ clash: 0
benchmarks_simp/INST_36x36/10/inst36x36_10_51.txt find answer: 0.090000
benchmarks_simp/INST_36x36/10/inst36x36_10_51.txt : 336 ms.
--------------------------------------------------
======================================================================
current best clash: 0
----------------------------------------------------------------------
current col clash: 0
current row clash: 0
current squ clash: 0
benchmarks_simp/INST_36x36/10/inst36x36_10_52.txt find answer: 0.100000
benchmarks_simp/INST_36x36/10/inst36x36_10_52.txt : 365 ms.
--------------------------------------------------
======================================================================
current best clash: 0
----------------------------------------------------------------------
current col clash: 0
current row clash: 0
current squ clash: 0
benchmarks_simp/INST_36x36/10/inst36x36_10_53.txt find answer: 0.090000
benchmarks_simp/INST_36x36/10/inst36x36_10_53.txt : 357 ms.
--------------------------------------------------
======================================================================
current best clash: 0
----------------------------------------------------------------------
current col clash: 0
current row clash: 0
current squ clash: 0
benchmarks_simp/INST_36x36/10/inst36x36_10_54.txt find answer: 0.080000
benchmarks_simp/INST_36x36/10/inst36x36_10_54.txt : 344 ms.
--------------------------------------------------
======================================================================
current best clash: 0
----------------------------------------------------------------------
current col clash: 0
current row clash: 0
current squ clash: 0
benchmarks_simp/INST_36x36/10/inst36x36_10_55.txt find answer: 0.080000
benchmarks_simp/INST_36x36/10/inst36x36_10_55.txt : 355 ms.
--------------------------------------------------
======================================================================
current best clash: 0
----------------------------------------------------------------------
current col clash: 0
current row clash: 0
current squ clash: 0
benchmarks_simp/INST_36x36/10/inst36x36_10_56.txt find answer: 0.100000
benchmarks_simp/INST_36x36/10/inst36x36_10_56.txt : 356 ms.
--------------------------------------------------
======================================================================
current best clash: 0
----------------------------------------------------------------------
current col clash: 0
current row clash: 0
current squ clash: 0
benchmarks_simp/INST_36x36/10/inst36x36_10_57.txt find answer: 0.080000
benchmarks_simp/INST_36x36/10/inst36x36_10_57.txt : 566 ms.
--------------------------------------------------
======================================================================
current best clash: 0
----------------------------------------------------------------------
current col clash: 0
current row clash: 0
current squ clash: 0
benchmarks_simp/INST_36x36/10/inst36x36_10_58.txt find answer: 0.090000
benchmarks_simp/INST_36x36/10/inst36x36_10_58.txt : 585 ms.
--------------------------------------------------
======================================================================
current best clash: 0
----------------------------------------------------------------------
current col clash: 0
current row clash: 0
current squ clash: 0
benchmarks_simp/INST_36x36/10/inst36x36_10_59.txt find answer: 0.090000
benchmarks_simp/INST_36x36/10/inst36x36_10_59.txt : 366 ms.
--------------------------------------------------
======================================================================
current best clash: 0
----------------------------------------------------------------------
current col clash: 0
current row clash: 0
current squ clash: 0
benchmarks_simp/INST_36x36/10/inst36x36_10_5.txt find answer: 0.100000
benchmarks_simp/INST_36x36/10/inst36x36_10_5.txt : 364 ms.
--------------------------------------------------
======================================================================
current best clash: 0
----------------------------------------------------------------------
current col clash: 0
current row clash: 0
current squ clash: 0
benchmarks_simp/INST_36x36/10/inst36x36_10_60.txt find answer: 0.090000
benchmarks_simp/INST_36x36/10/inst36x36_10_60.txt : 352 ms.
--------------------------------------------------
======================================================================
current best clash: 0
----------------------------------------------------------------------
current col clash: 0
current row clash: 0
current squ clash: 0
benchmarks_simp/INST_36x36/10/inst36x36_10_61.txt find answer: 0.090000
benchmarks_simp/INST_36x36/10/inst36x36_10_61.txt : 358 ms.
--------------------------------------------------
======================================================================
current best clash: 0
----------------------------------------------------------------------
current col clash: 0
current row clash: 0
current squ clash: 0
benchmarks_simp/INST_36x36/10/inst36x36_10_62.txt find answer: 0.090000
benchmarks_simp/INST_36x36/10/inst36x36_10_62.txt : 346 ms.
--------------------------------------------------
======================================================================
current best clash: 0
----------------------------------------------------------------------
current col clash: 0
current row clash: 0
current squ clash: 0
benchmarks_simp/INST_36x36/10/inst36x36_10_63.txt find answer: 0.090000
benchmarks_simp/INST_36x36/10/inst36x36_10_63.txt : 345 ms.
--------------------------------------------------
======================================================================
current best clash: 0
----------------------------------------------------------------------
current col clash: 0
current row clash: 0
current squ clash: 0
benchmarks_simp/INST_36x36/10/inst36x36_10_64.txt find answer: 0.090000
benchmarks_simp/INST_36x36/10/inst36x36_10_64.txt : 337 ms.
--------------------------------------------------
======================================================================
current best clash: 0
----------------------------------------------------------------------
current col clash: 0
current row clash: 0
current squ clash: 0
benchmarks_simp/INST_36x36/10/inst36x36_10_65.txt find answer: 0.090000
benchmarks_simp/INST_36x36/10/inst36x36_10_65.txt : 346 ms.
--------------------------------------------------
======================================================================
current best clash: 0
----------------------------------------------------------------------
current col clash: 0
current row clash: 0
current squ clash: 0
benchmarks_simp/INST_36x36/10/inst36x36_10_66.txt find answer: 0.090000
benchmarks_simp/INST_36x36/10/inst36x36_10_66.txt : 353 ms.
--------------------------------------------------
