--------------------------------------------------
benchmarks/INST_81x81/50/inst81x81_50_0.txt find answer: 353.150000
benchmarks/INST_81x81/50/inst81x81_50_0.txt : 354775 ms.
--------------------------------------------------
benchmarks/INST_81x81/50/inst81x81_50_10.txt find answer: 609.780000
benchmarks/INST_81x81/50/inst81x81_50_10.txt : 612073 ms.
--------------------------------------------------
benchmarks/INST_81x81/50/inst81x81_50_11.txt : 1013346 ms.
--------------------------------------------------
benchmarks/INST_81x81/50/inst81x81_50_12.txt find answer: 834.520000
benchmarks/INST_81x81/50/inst81x81_50_12.txt : 837190 ms.
--------------------------------------------------
benchmarks/INST_81x81/50/inst81x81_50_13.txt : 1004456 ms.
--------------------------------------------------
benchmarks/INST_81x81/50/inst81x81_50_14.txt find answer: 201.230000
benchmarks/INST_81x81/50/inst81x81_50_14.txt : 202528 ms.
--------------------------------------------------
benchmarks/INST_81x81/50/inst81x81_50_15.txt : 1017500 ms.
--------------------------------------------------
benchmarks/INST_81x81/50/inst81x81_50_16.txt : 1012984 ms.
--------------------------------------------------
benchmarks/INST_81x81/50/inst81x81_50_17.txt : 1005642 ms.
--------------------------------------------------
benchmarks/INST_81x81/50/inst81x81_50_18.txt find answer: 686.100000
benchmarks/INST_81x81/50/inst81x81_50_18.txt : 688417 ms.
--------------------------------------------------
benchmarks/INST_81x81/50/inst81x81_50_19.txt : 1003551 ms.
--------------------------------------------------
benchmarks/INST_81x81/50/inst81x81_50_1.txt find answer: 623.100000
benchmarks/INST_81x81/50/inst81x81_50_1.txt : 625326 ms.
--------------------------------------------------
benchmarks/INST_81x81/50/inst81x81_50_20.txt : 1008624 ms.
--------------------------------------------------
benchmarks/INST_81x81/50/inst81x81_50_21.txt : 1012910 ms.
--------------------------------------------------
benchmarks/INST_81x81/50/inst81x81_50_22.txt : 1005672 ms.
--------------------------------------------------
benchmarks/INST_81x81/50/inst81x81_50_23.txt find answer: 199.310000
benchmarks/INST_81x81/50/inst81x81_50_23.txt : 200474 ms.
--------------------------------------------------
benchmarks/INST_81x81/50/inst81x81_50_24.txt : 1006445 ms.
--------------------------------------------------
benchmarks/INST_81x81/50/inst81x81_50_25.txt : 1006428 ms.
--------------------------------------------------
benchmarks/INST_81x81/50/inst81x81_50_26.txt find answer: 172.310000
benchmarks/INST_81x81/50/inst81x81_50_26.txt : 173508 ms.
--------------------------------------------------
benchmarks/INST_81x81/50/inst81x81_50_27.txt find answer: 692.750000
benchmarks/INST_81x81/50/inst81x81_50_27.txt : 695091 ms.
--------------------------------------------------
benchmarks/INST_81x81/50/inst81x81_50_28.txt : 1007275 ms.
--------------------------------------------------
benchmarks/INST_81x81/50/inst81x81_50_29.txt : 1014811 ms.
--------------------------------------------------
benchmarks/INST_81x81/50/inst81x81_50_2.txt : 1027232 ms.
--------------------------------------------------
benchmarks/INST_81x81/50/inst81x81_50_30.txt find answer: 786.260000
benchmarks/INST_81x81/50/inst81x81_50_30.txt : 788907 ms.
--------------------------------------------------
benchmarks/INST_81x81/50/inst81x81_50_31.txt : 1007621 ms.
--------------------------------------------------
benchmarks/INST_81x81/50/inst81x81_50_32.txt : 1009600 ms.
--------------------------------------------------
benchmarks/INST_81x81/50/inst81x81_50_33.txt : 1008581 ms.
--------------------------------------------------
benchmarks/INST_81x81/50/inst81x81_50_34.txt find answer: 495.980000
benchmarks/INST_81x81/50/inst81x81_50_34.txt : 497901 ms.
--------------------------------------------------
benchmarks/INST_81x81/50/inst81x81_50_35.txt : 1010242 ms.
--------------------------------------------------
benchmarks/INST_81x81/50/inst81x81_50_36.txt : 1005943 ms.
--------------------------------------------------
benchmarks/INST_81x81/50/inst81x81_50_37.txt : 1014951 ms.
--------------------------------------------------
benchmarks/INST_81x81/50/inst81x81_50_38.txt find answer: 694.150000
benchmarks/INST_81x81/50/inst81x81_50_38.txt : 696629 ms.
--------------------------------------------------
benchmarks/INST_81x81/50/inst81x81_50_39.txt find answer: 634.520000
benchmarks/INST_81x81/50/inst81x81_50_39.txt : 636793 ms.
--------------------------------------------------
benchmarks/INST_81x81/50/inst81x81_50_3.txt : 1003072 ms.
--------------------------------------------------
benchmarks/INST_81x81/50/inst81x81_50_40.txt : 1009064 ms.
--------------------------------------------------
benchmarks/INST_81x81/50/inst81x81_50_41.txt : 1003917 ms.
--------------------------------------------------
benchmarks/INST_81x81/50/inst81x81_50_42.txt : 1003477 ms.
--------------------------------------------------
benchmarks/INST_81x81/50/inst81x81_50_43.txt : 1004283 ms.
--------------------------------------------------
benchmarks/INST_81x81/50/inst81x81_50_44.txt find answer: 154.350000
benchmarks/INST_81x81/50/inst81x81_50_44.txt : 155477 ms.
--------------------------------------------------
benchmarks/INST_81x81/50/inst81x81_50_45.txt find answer: 222.390000
benchmarks/INST_81x81/50/inst81x81_50_45.txt : 223927 ms.
--------------------------------------------------
benchmarks/INST_81x81/50/inst81x81_50_46.txt : 1007906 ms.
--------------------------------------------------
benchmarks/INST_81x81/50/inst81x81_50_47.txt : 1013023 ms.
--------------------------------------------------
benchmarks/INST_81x81/50/inst81x81_50_48.txt find answer: 322.540000
benchmarks/INST_81x81/50/inst81x81_50_48.txt : 324084 ms.
--------------------------------------------------
benchmarks/INST_81x81/50/inst81x81_50_49.txt : 1005767 ms.
--------------------------------------------------
benchmarks/INST_81x81/50/inst81x81_50_4.txt find answer: 962.710000
benchmarks/INST_81x81/50/inst81x81_50_4.txt : 965785 ms.
--------------------------------------------------
benchmarks/INST_81x81/50/inst81x81_50_50.txt find answer: 823.680000
benchmarks/INST_81x81/50/inst81x81_50_50.txt : 826337 ms.
--------------------------------------------------
benchmarks/INST_81x81/50/inst81x81_50_51.txt : 1005176 ms.
--------------------------------------------------
benchmarks/INST_81x81/50/inst81x81_50_52.txt : 1005257 ms.
--------------------------------------------------
benchmarks/INST_81x81/50/inst81x81_50_53.txt find answer: 455.810000
benchmarks/INST_81x81/50/inst81x81_50_53.txt : 457718 ms.
--------------------------------------------------
benchmarks/INST_81x81/50/inst81x81_50_54.txt : 1004754 ms.
--------------------------------------------------
benchmarks/INST_81x81/50/inst81x81_50_55.txt find answer: 763.560000
benchmarks/INST_81x81/50/inst81x81_50_55.txt : 766075 ms.
--------------------------------------------------
benchmarks/INST_81x81/50/inst81x81_50_56.txt find answer: 283.460000
benchmarks/INST_81x81/50/inst81x81_50_56.txt : 285009 ms.
--------------------------------------------------
benchmarks/INST_81x81/50/inst81x81_50_57.txt : 1006414 ms.
--------------------------------------------------
benchmarks/INST_81x81/50/inst81x81_50_58.txt : 1004810 ms.
--------------------------------------------------
benchmarks/INST_81x81/50/inst81x81_50_59.txt : 1003591 ms.
--------------------------------------------------
benchmarks/INST_81x81/50/inst81x81_50_5.txt : 1017900 ms.
--------------------------------------------------
benchmarks/INST_81x81/50/inst81x81_50_60.txt : 1018188 ms.
--------------------------------------------------
benchmarks/INST_81x81/50/inst81x81_50_61.txt find answer: 177.700000
benchmarks/INST_81x81/50/inst81x81_50_61.txt : 178872 ms.
--------------------------------------------------
benchmarks/INST_81x81/50/inst81x81_50_62.txt find answer: 497.820000
benchmarks/INST_81x81/50/inst81x81_50_62.txt : 499848 ms.
--------------------------------------------------
benchmarks/INST_81x81/50/inst81x81_50_63.txt : 1003711 ms.
--------------------------------------------------
benchmarks/INST_81x81/50/inst81x81_50_64.txt : 1020487 ms.
--------------------------------------------------
benchmarks/INST_81x81/50/inst81x81_50_65.txt find answer: 936.870000
benchmarks/INST_81x81/50/inst81x81_50_65.txt : 939853 ms.
--------------------------------------------------
benchmarks/INST_81x81/50/inst81x81_50_66.txt find answer: 757.140000
benchmarks/INST_81x81/50/inst81x81_50_66.txt : 759814 ms.
--------------------------------------------------
benchmarks/INST_81x81/50/inst81x81_50_67.txt find answer: 179.020000
benchmarks/INST_81x81/50/inst81x81_50_67.txt : 180178 ms.
--------------------------------------------------
benchmarks/INST_81x81/50/inst81x81_50_68.txt : 1016204 ms.
--------------------------------------------------
benchmarks/INST_81x81/50/inst81x81_50_69.txt : 1003853 ms.
--------------------------------------------------
benchmarks/INST_81x81/50/inst81x81_50_6.txt : 1005254 ms.
--------------------------------------------------
benchmarks/INST_81x81/50/inst81x81_50_70.txt find answer: 967.970000
benchmarks/INST_81x81/50/inst81x81_50_70.txt : 971004 ms.
--------------------------------------------------
benchmarks/INST_81x81/50/inst81x81_50_71.txt : 1003150 ms.
--------------------------------------------------
benchmarks/INST_81x81/50/inst81x81_50_72.txt : 1003950 ms.
--------------------------------------------------
benchmarks/INST_81x81/50/inst81x81_50_73.txt find answer: 929.790000
benchmarks/INST_81x81/50/inst81x81_50_73.txt : 932833 ms.
--------------------------------------------------
benchmarks/INST_81x81/50/inst81x81_50_74.txt : 1007623 ms.
--------------------------------------------------
benchmarks/INST_81x81/50/inst81x81_50_75.txt find answer: 311.470000
benchmarks/INST_81x81/50/inst81x81_50_75.txt : 313175 ms.
--------------------------------------------------
benchmarks/INST_81x81/50/inst81x81_50_76.txt : 1007711 ms.
--------------------------------------------------
benchmarks/INST_81x81/50/inst81x81_50_77.txt : 1010351 ms.
--------------------------------------------------
benchmarks/INST_81x81/50/inst81x81_50_78.txt : 1012834 ms.
--------------------------------------------------
benchmarks/INST_81x81/50/inst81x81_50_79.txt find answer: 314.410000
benchmarks/INST_81x81/50/inst81x81_50_79.txt : 315925 ms.
--------------------------------------------------
benchmarks/INST_81x81/50/inst81x81_50_7.txt : 1004796 ms.
--------------------------------------------------
benchmarks/INST_81x81/50/inst81x81_50_80.txt find answer: 655.080000
benchmarks/INST_81x81/50/inst81x81_50_80.txt : 657414 ms.
--------------------------------------------------
benchmarks/INST_81x81/50/inst81x81_50_81.txt : 1003731 ms.
--------------------------------------------------
benchmarks/INST_81x81/50/inst81x81_50_82.txt find answer: 945.300000
benchmarks/INST_81x81/50/inst81x81_50_82.txt : 948366 ms.
--------------------------------------------------
benchmarks/INST_81x81/50/inst81x81_50_83.txt : 1011477 ms.
--------------------------------------------------
benchmarks/INST_81x81/50/inst81x81_50_84.txt : 1011784 ms.
--------------------------------------------------
benchmarks/INST_81x81/50/inst81x81_50_85.txt find answer: 434.420000
benchmarks/INST_81x81/50/inst81x81_50_85.txt : 436144 ms.
--------------------------------------------------
benchmarks/INST_81x81/50/inst81x81_50_86.txt find answer: 882.610000
benchmarks/INST_81x81/50/inst81x81_50_86.txt : 885386 ms.
--------------------------------------------------
benchmarks/INST_81x81/50/inst81x81_50_87.txt : 1005961 ms.
--------------------------------------------------
benchmarks/INST_81x81/50/inst81x81_50_88.txt : 1004998 ms.
--------------------------------------------------
benchmarks/INST_81x81/50/inst81x81_50_89.txt : 1026892 ms.
--------------------------------------------------
benchmarks/INST_81x81/50/inst81x81_50_8.txt : 1004178 ms.
--------------------------------------------------
benchmarks/INST_81x81/50/inst81x81_50_90.txt : 1020673 ms.
--------------------------------------------------
benchmarks/INST_81x81/50/inst81x81_50_91.txt find answer: 965.720000
benchmarks/INST_81x81/50/inst81x81_50_91.txt : 969164 ms.
--------------------------------------------------
benchmarks/INST_81x81/50/inst81x81_50_92.txt : 1011316 ms.
--------------------------------------------------
benchmarks/INST_81x81/50/inst81x81_50_93.txt : 1003517 ms.
--------------------------------------------------
benchmarks/INST_81x81/50/inst81x81_50_94.txt find answer: 504.100000
benchmarks/INST_81x81/50/inst81x81_50_94.txt : 506145 ms.
--------------------------------------------------
benchmarks/INST_81x81/50/inst81x81_50_95.txt : 1010926 ms.
--------------------------------------------------
benchmarks/INST_81x81/50/inst81x81_50_96.txt find answer: 626.880000
benchmarks/INST_81x81/50/inst81x81_50_96.txt : 629089 ms.
--------------------------------------------------
benchmarks/INST_81x81/50/inst81x81_50_97.txt : 1007968 ms.
--------------------------------------------------
benchmarks/INST_81x81/50/inst81x81_50_98.txt : 1019282 ms.
--------------------------------------------------
benchmarks/INST_81x81/50/inst81x81_50_99.txt find answer: 692.150000
benchmarks/INST_81x81/50/inst81x81_50_99.txt : 694886 ms.
--------------------------------------------------
benchmarks/INST_81x81/50/inst81x81_50_9.txt : 1005901 ms.
run.sh: line 77: 3: command not found
run.sh: line 78: syntax error near unexpected token `fi'
run.sh: line 78: `    fi'
