--------------------------------------------------
run.sh: line 11: 383814 Floating point exception(core dumped) ./solvers/nqueens_ls/NQueen-LS $file $seed $time_t
benchmarks/N-Queens/INST_200/30/inst200_30_0.txt : 59 ms.
--------------------------------------------------
run.sh: line 11: 383912 Floating point exception(core dumped) ./solvers/nqueens_ls/NQueen-LS $file $seed $time_t
benchmarks/N-Queens/INST_200/30/inst200_30_10.txt : 54 ms.
--------------------------------------------------
run.sh: line 11: 384050 Floating point exception./solvers/nqueens_ls/NQueen-LS $file $seed $time_t
benchmarks/N-Queens/INST_200/30/inst200_30_11.txt : 30 ms.
--------------------------------------------------
run.sh: line 11: 384116 Floating point exception./solvers/nqueens_ls/NQueen-LS $file $seed $time_t
benchmarks/N-Queens/INST_200/30/inst200_30_12.txt : 30 ms.
--------------------------------------------------
run.sh: line 11: 384183 Floating point exception(core dumped) ./solvers/nqueens_ls/NQueen-LS $file $seed $time_t
benchmarks/N-Queens/INST_200/30/inst200_30_13.txt : 53 ms.
--------------------------------------------------
run.sh: line 11: 384289 Floating point exception./solvers/nqueens_ls/NQueen-LS $file $seed $time_t
benchmarks/N-Queens/INST_200/30/inst200_30_14.txt : 23 ms.
--------------------------------------------------
run.sh: line 11: 384331 Floating point exception./solvers/nqueens_ls/NQueen-LS $file $seed $time_t
benchmarks/N-Queens/INST_200/30/inst200_30_15.txt : 23 ms.
--------------------------------------------------
run.sh: line 11: 384407 Floating point exception(core dumped) ./solvers/nqueens_ls/NQueen-LS $file $seed $time_t
benchmarks/N-Queens/INST_200/30/inst200_30_16.txt : 52 ms.
--------------------------------------------------
run.sh: line 11: 384515 Floating point exception./solvers/nqueens_ls/NQueen-LS $file $seed $time_t
benchmarks/N-Queens/INST_200/30/inst200_30_17.txt : 30 ms.
--------------------------------------------------
run.sh: line 11: 384573 Floating point exception./solvers/nqueens_ls/NQueen-LS $file $seed $time_t
benchmarks/N-Queens/INST_200/30/inst200_30_18.txt : 23 ms.
--------------------------------------------------
run.sh: line 11: 384635 Floating point exception./solvers/nqueens_ls/NQueen-LS $file $seed $time_t
benchmarks/N-Queens/INST_200/30/inst200_30_19.txt : 25 ms.
--------------------------------------------------
run.sh: line 11: 384695 Floating point exception./solvers/nqueens_ls/NQueen-LS $file $seed $time_t
benchmarks/N-Queens/INST_200/30/inst200_30_1.txt : 31 ms.
--------------------------------------------------
run.sh: line 11: 384767 Floating point exception./solvers/nqueens_ls/NQueen-LS $file $seed $time_t
benchmarks/N-Queens/INST_200/30/inst200_30_20.txt : 28 ms.
--------------------------------------------------
run.sh: line 11: 384822 Floating point exception./solvers/nqueens_ls/NQueen-LS $file $seed $time_t
benchmarks/N-Queens/INST_200/30/inst200_30_21.txt : 26 ms.
--------------------------------------------------
run.sh: line 11: 384894 Floating point exception./solvers/nqueens_ls/NQueen-LS $file $seed $time_t
benchmarks/N-Queens/INST_200/30/inst200_30_22.txt : 27 ms.
--------------------------------------------------
run.sh: line 11: 384947 Floating point exception./solvers/nqueens_ls/NQueen-LS $file $seed $time_t
benchmarks/N-Queens/INST_200/30/inst200_30_23.txt : 28 ms.
--------------------------------------------------
run.sh: line 11: 385007 Floating point exception./solvers/nqueens_ls/NQueen-LS $file $seed $time_t
benchmarks/N-Queens/INST_200/30/inst200_30_24.txt : 28 ms.
--------------------------------------------------
run.sh: line 11: 385065 Floating point exception./solvers/nqueens_ls/NQueen-LS $file $seed $time_t
benchmarks/N-Queens/INST_200/30/inst200_30_25.txt : 28 ms.
--------------------------------------------------
run.sh: line 11: 385110 Floating point exception./solvers/nqueens_ls/NQueen-LS $file $seed $time_t
benchmarks/N-Queens/INST_200/30/inst200_30_26.txt : 31 ms.
--------------------------------------------------
run.sh: line 11: 385164 Floating point exception./solvers/nqueens_ls/NQueen-LS $file $seed $time_t
benchmarks/N-Queens/INST_200/30/inst200_30_27.txt : 24 ms.
--------------------------------------------------
run.sh: line 11: 385218 Floating point exception(core dumped) ./solvers/nqueens_ls/NQueen-LS $file $seed $time_t
benchmarks/N-Queens/INST_200/30/inst200_30_28.txt : 53 ms.
--------------------------------------------------
run.sh: line 11: 385306 Floating point exception./solvers/nqueens_ls/NQueen-LS $file $seed $time_t
benchmarks/N-Queens/INST_200/30/inst200_30_29.txt : 23 ms.
--------------------------------------------------
run.sh: line 11: 385349 Floating point exception./solvers/nqueens_ls/NQueen-LS $file $seed $time_t
benchmarks/N-Queens/INST_200/30/inst200_30_2.txt : 31 ms.
--------------------------------------------------
run.sh: line 11: 385426 Floating point exception(core dumped) ./solvers/nqueens_ls/NQueen-LS $file $seed $time_t
benchmarks/N-Queens/INST_200/30/inst200_30_30.txt : 56 ms.
--------------------------------------------------
run.sh: line 11: 385521 Floating point exception./solvers/nqueens_ls/NQueen-LS $file $seed $time_t
benchmarks/N-Queens/INST_200/30/inst200_30_31.txt : 21 ms.
--------------------------------------------------
run.sh: line 11: 385566 Floating point exception./solvers/nqueens_ls/NQueen-LS $file $seed $time_t
benchmarks/N-Queens/INST_200/30/inst200_30_32.txt : 29 ms.
--------------------------------------------------
run.sh: line 11: 385629 Floating point exception./solvers/nqueens_ls/NQueen-LS $file $seed $time_t
benchmarks/N-Queens/INST_200/30/inst200_30_33.txt : 23 ms.
--------------------------------------------------
run.sh: line 11: 385678 Floating point exception(core dumped) ./solvers/nqueens_ls/NQueen-LS $file $seed $time_t
benchmarks/N-Queens/INST_200/30/inst200_30_34.txt : 59 ms.
--------------------------------------------------
run.sh: line 11: 385788 Floating point exception(core dumped) ./solvers/nqueens_ls/NQueen-LS $file $seed $time_t
benchmarks/N-Queens/INST_200/30/inst200_30_35.txt : 53 ms.
--------------------------------------------------
run.sh: line 11: 385889 Floating point exception./solvers/nqueens_ls/NQueen-LS $file $seed $time_t
benchmarks/N-Queens/INST_200/30/inst200_30_36.txt : 27 ms.
--------------------------------------------------
run.sh: line 11: 385943 Floating point exception./solvers/nqueens_ls/NQueen-LS $file $seed $time_t
benchmarks/N-Queens/INST_200/30/inst200_30_37.txt : 31 ms.
--------------------------------------------------
run.sh: line 11: 386013 Floating point exception(core dumped) ./solvers/nqueens_ls/NQueen-LS $file $seed $time_t
benchmarks/N-Queens/INST_200/30/inst200_30_38.txt : 52 ms.
--------------------------------------------------
benchmarks/N-Queens/INST_200/30/inst200_30_39.txt find answer: 0.010000
benchmarks/N-Queens/INST_200/30/inst200_30_39.txt : 38 ms.
--------------------------------------------------
run.sh: line 11: 386185 Floating point exception(core dumped) ./solvers/nqueens_ls/NQueen-LS $file $seed $time_t
benchmarks/N-Queens/INST_200/30/inst200_30_3.txt : 59 ms.
--------------------------------------------------
run.sh: line 11: 386302 Floating point exception(core dumped) ./solvers/nqueens_ls/NQueen-LS $file $seed $time_t
benchmarks/N-Queens/INST_200/30/inst200_30_40.txt : 61 ms.
--------------------------------------------------
run.sh: line 11: 386412 Floating point exception./solvers/nqueens_ls/NQueen-LS $file $seed $time_t
benchmarks/N-Queens/INST_200/30/inst200_30_41.txt : 30 ms.
--------------------------------------------------
run.sh: line 11: 386474 Floating point exception./solvers/nqueens_ls/NQueen-LS $file $seed $time_t
benchmarks/N-Queens/INST_200/30/inst200_30_42.txt : 32 ms.
--------------------------------------------------
run.sh: line 11: 386541 Floating point exception./solvers/nqueens_ls/NQueen-LS $file $seed $time_t
benchmarks/N-Queens/INST_200/30/inst200_30_43.txt : 26 ms.
--------------------------------------------------
run.sh: line 11: 386598 Floating point exception(core dumped) ./solvers/nqueens_ls/NQueen-LS $file $seed $time_t
benchmarks/N-Queens/INST_200/30/inst200_30_44.txt : 64 ms.
--------------------------------------------------
run.sh: line 11: 386720 Floating point exception./solvers/nqueens_ls/NQueen-LS $file $seed $time_t
benchmarks/N-Queens/INST_200/30/inst200_30_45.txt : 22 ms.
--------------------------------------------------
run.sh: line 11: 386769 Floating point exception./solvers/nqueens_ls/NQueen-LS $file $seed $time_t
benchmarks/N-Queens/INST_200/30/inst200_30_46.txt : 22 ms.
--------------------------------------------------
run.sh: line 11: 386822 Floating point exception./solvers/nqueens_ls/NQueen-LS $file $seed $time_t
benchmarks/N-Queens/INST_200/30/inst200_30_47.txt : 30 ms.
--------------------------------------------------
run.sh: line 11: 386892 Floating point exception./solvers/nqueens_ls/NQueen-LS $file $seed $time_t
benchmarks/N-Queens/INST_200/30/inst200_30_48.txt : 29 ms.
--------------------------------------------------
run.sh: line 11: 386952 Floating point exception./solvers/nqueens_ls/NQueen-LS $file $seed $time_t
benchmarks/N-Queens/INST_200/30/inst200_30_49.txt : 29 ms.
--------------------------------------------------
run.sh: line 11: 387013 Floating point exception./solvers/nqueens_ls/NQueen-LS $file $seed $time_t
benchmarks/N-Queens/INST_200/30/inst200_30_4.txt : 30 ms.
--------------------------------------------------
run.sh: line 11: 387073 Floating point exception(core dumped) ./solvers/nqueens_ls/NQueen-LS $file $seed $time_t
benchmarks/N-Queens/INST_200/30/inst200_30_50.txt : 59 ms.
--------------------------------------------------
run.sh: line 11: 387194 Floating point exception(core dumped) ./solvers/nqueens_ls/NQueen-LS $file $seed $time_t
benchmarks/N-Queens/INST_200/30/inst200_30_51.txt : 56 ms.
--------------------------------------------------
run.sh: line 11: 387314 Floating point exception./solvers/nqueens_ls/NQueen-LS $file $seed $time_t
benchmarks/N-Queens/INST_200/30/inst200_30_52.txt : 27 ms.
--------------------------------------------------
run.sh: line 11: 387374 Floating point exception(core dumped) ./solvers/nqueens_ls/NQueen-LS $file $seed $time_t
benchmarks/N-Queens/INST_200/30/inst200_30_53.txt : 62 ms.
--------------------------------------------------
run.sh: line 11: 387502 Floating point exception(core dumped) ./solvers/nqueens_ls/NQueen-LS $file $seed $time_t
benchmarks/N-Queens/INST_200/30/inst200_30_54.txt : 50 ms.
--------------------------------------------------
run.sh: line 11: 387582 Floating point exception(core dumped) ./solvers/nqueens_ls/NQueen-LS $file $seed $time_t
benchmarks/N-Queens/INST_200/30/inst200_30_55.txt : 54 ms.
--------------------------------------------------
run.sh: line 11: 387688 Floating point exception(core dumped) ./solvers/nqueens_ls/NQueen-LS $file $seed $time_t
benchmarks/N-Queens/INST_200/30/inst200_30_56.txt : 59 ms.
--------------------------------------------------
run.sh: line 11: 387787 Floating point exception./solvers/nqueens_ls/NQueen-LS $file $seed $time_t
benchmarks/N-Queens/INST_200/30/inst200_30_57.txt : 23 ms.
--------------------------------------------------
run.sh: line 11: 387836 Floating point exception./solvers/nqueens_ls/NQueen-LS $file $seed $time_t
benchmarks/N-Queens/INST_200/30/inst200_30_58.txt : 30 ms.
--------------------------------------------------
run.sh: line 11: 387890 Floating point exception(core dumped) ./solvers/nqueens_ls/NQueen-LS $file $seed $time_t
benchmarks/N-Queens/INST_200/30/inst200_30_59.txt : 49 ms.
--------------------------------------------------
run.sh: line 11: 387977 Floating point exception./solvers/nqueens_ls/NQueen-LS $file $seed $time_t
benchmarks/N-Queens/INST_200/30/inst200_30_5.txt : 34 ms.
--------------------------------------------------
run.sh: line 11: 388036 Floating point exception./solvers/nqueens_ls/NQueen-LS $file $seed $time_t
benchmarks/N-Queens/INST_200/30/inst200_30_60.txt : 23 ms.
--------------------------------------------------
run.sh: line 11: 388088 Floating point exception./solvers/nqueens_ls/NQueen-LS $file $seed $time_t
benchmarks/N-Queens/INST_200/30/inst200_30_61.txt : 32 ms.
--------------------------------------------------
run.sh: line 11: 388151 Floating point exception./solvers/nqueens_ls/NQueen-LS $file $seed $time_t
benchmarks/N-Queens/INST_200/30/inst200_30_62.txt : 30 ms.
--------------------------------------------------
run.sh: line 11: 388220 Floating point exception./solvers/nqueens_ls/NQueen-LS $file $seed $time_t
benchmarks/N-Queens/INST_200/30/inst200_30_63.txt : 25 ms.
--------------------------------------------------
run.sh: line 11: 388283 Floating point exception./solvers/nqueens_ls/NQueen-LS $file $seed $time_t
benchmarks/N-Queens/INST_200/30/inst200_30_64.txt : 22 ms.
--------------------------------------------------
run.sh: line 11: 388328 Floating point exception./solvers/nqueens_ls/NQueen-LS $file $seed $time_t
benchmarks/N-Queens/INST_200/30/inst200_30_65.txt : 31 ms.
--------------------------------------------------
run.sh: line 11: 388395 Floating point exception./solvers/nqueens_ls/NQueen-LS $file $seed $time_t
benchmarks/N-Queens/INST_200/30/inst200_30_66.txt : 24 ms.
--------------------------------------------------
run.sh: line 11: 388454 Floating point exception./solvers/nqueens_ls/NQueen-LS $file $seed $time_t
benchmarks/N-Queens/INST_200/30/inst200_30_67.txt : 31 ms.
--------------------------------------------------
run.sh: line 11: 388522 Floating point exception./solvers/nqueens_ls/NQueen-LS $file $seed $time_t
benchmarks/N-Queens/INST_200/30/inst200_30_68.txt : 30 ms.
--------------------------------------------------
run.sh: line 11: 388584 Floating point exception(core dumped) ./solvers/nqueens_ls/NQueen-LS $file $seed $time_t
benchmarks/N-Queens/INST_200/30/inst200_30_69.txt : 57 ms.
--------------------------------------------------
run.sh: line 11: 388699 Floating point exception./solvers/nqueens_ls/NQueen-LS $file $seed $time_t
benchmarks/N-Queens/INST_200/30/inst200_30_6.txt : 33 ms.
--------------------------------------------------
run.sh: line 11: 388759 Floating point exception./solvers/nqueens_ls/NQueen-LS $file $seed $time_t
benchmarks/N-Queens/INST_200/30/inst200_30_70.txt : 31 ms.
--------------------------------------------------
run.sh: line 11: 388822 Floating point exception./solvers/nqueens_ls/NQueen-LS $file $seed $time_t
benchmarks/N-Queens/INST_200/30/inst200_30_71.txt : 30 ms.
--------------------------------------------------
run.sh: line 11: 388898 Floating point exception./solvers/nqueens_ls/NQueen-LS $file $seed $time_t
benchmarks/N-Queens/INST_200/30/inst200_30_72.txt : 25 ms.
--------------------------------------------------
run.sh: line 11: 388944 Floating point exception./solvers/nqueens_ls/NQueen-LS $file $seed $time_t
benchmarks/N-Queens/INST_200/30/inst200_30_73.txt : 32 ms.
--------------------------------------------------
run.sh: line 11: 389019 Floating point exception./solvers/nqueens_ls/NQueen-LS $file $seed $time_t
benchmarks/N-Queens/INST_200/30/inst200_30_74.txt : 24 ms.
--------------------------------------------------
run.sh: line 11: 389076 Floating point exception./solvers/nqueens_ls/NQueen-LS $file $seed $time_t
benchmarks/N-Queens/INST_200/30/inst200_30_75.txt : 24 ms.
--------------------------------------------------
run.sh: line 11: 389128 Floating point exception./solvers/nqueens_ls/NQueen-LS $file $seed $time_t
benchmarks/N-Queens/INST_200/30/inst200_30_76.txt : 30 ms.
--------------------------------------------------
run.sh: line 11: 389183 Floating point exception./solvers/nqueens_ls/NQueen-LS $file $seed $time_t
benchmarks/N-Queens/INST_200/30/inst200_30_77.txt : 27 ms.
--------------------------------------------------
run.sh: line 11: 389248 Floating point exception./solvers/nqueens_ls/NQueen-LS $file $seed $time_t
benchmarks/N-Queens/INST_200/30/inst200_30_78.txt : 26 ms.
--------------------------------------------------
run.sh: line 11: 389311 Floating point exception./solvers/nqueens_ls/NQueen-LS $file $seed $time_t
benchmarks/N-Queens/INST_200/30/inst200_30_79.txt : 26 ms.
--------------------------------------------------
run.sh: line 11: 389355 Floating point exception./solvers/nqueens_ls/NQueen-LS $file $seed $time_t
benchmarks/N-Queens/INST_200/30/inst200_30_7.txt : 32 ms.
--------------------------------------------------
run.sh: line 11: 389419 Floating point exception(core dumped) ./solvers/nqueens_ls/NQueen-LS $file $seed $time_t
benchmarks/N-Queens/INST_200/30/inst200_30_80.txt : 48 ms.
--------------------------------------------------
run.sh: line 11: 389514 Floating point exception./solvers/nqueens_ls/NQueen-LS $file $seed $time_t
benchmarks/N-Queens/INST_200/30/inst200_30_81.txt : 32 ms.
--------------------------------------------------
run.sh: line 11: 389571 Floating point exception./solvers/nqueens_ls/NQueen-LS $file $seed $time_t
benchmarks/N-Queens/INST_200/30/inst200_30_82.txt : 29 ms.
--------------------------------------------------
run.sh: line 11: 389630 Floating point exception(core dumped) ./solvers/nqueens_ls/NQueen-LS $file $seed $time_t
benchmarks/N-Queens/INST_200/30/inst200_30_83.txt : 51 ms.
--------------------------------------------------
run.sh: line 11: 389719 Floating point exception./solvers/nqueens_ls/NQueen-LS $file $seed $time_t
benchmarks/N-Queens/INST_200/30/inst200_30_84.txt : 27 ms.
--------------------------------------------------
run.sh: line 11: 389775 Floating point exception./solvers/nqueens_ls/NQueen-LS $file $seed $time_t
benchmarks/N-Queens/INST_200/30/inst200_30_85.txt : 24 ms.
--------------------------------------------------
run.sh: line 11: 389833 Floating point exception(core dumped) ./solvers/nqueens_ls/NQueen-LS $file $seed $time_t
benchmarks/N-Queens/INST_200/30/inst200_30_86.txt : 47 ms.
--------------------------------------------------
run.sh: line 11: 389920 Floating point exception./solvers/nqueens_ls/NQueen-LS $file $seed $time_t
benchmarks/N-Queens/INST_200/30/inst200_30_87.txt : 23 ms.
--------------------------------------------------
run.sh: line 11: 389964 Floating point exception./solvers/nqueens_ls/NQueen-LS $file $seed $time_t
benchmarks/N-Queens/INST_200/30/inst200_30_88.txt : 22 ms.
--------------------------------------------------
run.sh: line 11: 390023 Floating point exception(core dumped) ./solvers/nqueens_ls/NQueen-LS $file $seed $time_t
benchmarks/N-Queens/INST_200/30/inst200_30_89.txt : 63 ms.
--------------------------------------------------
run.sh: line 11: 390110 Floating point exception./solvers/nqueens_ls/NQueen-LS $file $seed $time_t
benchmarks/N-Queens/INST_200/30/inst200_30_8.txt : 30 ms.
--------------------------------------------------
run.sh: line 11: 390177 Floating point exception./solvers/nqueens_ls/NQueen-LS $file $seed $time_t
benchmarks/N-Queens/INST_200/30/inst200_30_90.txt : 28 ms.
--------------------------------------------------
run.sh: line 11: 390240 Floating point exception(core dumped) ./solvers/nqueens_ls/NQueen-LS $file $seed $time_t
benchmarks/N-Queens/INST_200/30/inst200_30_91.txt : 54 ms.
--------------------------------------------------
run.sh: line 11: 390325 Floating point exception(core dumped) ./solvers/nqueens_ls/NQueen-LS $file $seed $time_t
benchmarks/N-Queens/INST_200/30/inst200_30_92.txt : 49 ms.
--------------------------------------------------
run.sh: line 11: 390416 Floating point exception(core dumped) ./solvers/nqueens_ls/NQueen-LS $file $seed $time_t
benchmarks/N-Queens/INST_200/30/inst200_30_93.txt : 55 ms.
--------------------------------------------------
run.sh: line 11: 390509 Floating point exception./solvers/nqueens_ls/NQueen-LS $file $seed $time_t
benchmarks/N-Queens/INST_200/30/inst200_30_94.txt : 25 ms.
--------------------------------------------------
run.sh: line 11: 390558 Floating point exception./solvers/nqueens_ls/NQueen-LS $file $seed $time_t
benchmarks/N-Queens/INST_200/30/inst200_30_95.txt : 26 ms.
--------------------------------------------------
run.sh: line 11: 390606 Floating point exception./solvers/nqueens_ls/NQueen-LS $file $seed $time_t
benchmarks/N-Queens/INST_200/30/inst200_30_96.txt : 33 ms.
--------------------------------------------------
run.sh: line 11: 390676 Floating point exception(core dumped) ./solvers/nqueens_ls/NQueen-LS $file $seed $time_t
benchmarks/N-Queens/INST_200/30/inst200_30_97.txt : 53 ms.
--------------------------------------------------
run.sh: line 11: 390759 Floating point exception./solvers/nqueens_ls/NQueen-LS $file $seed $time_t
benchmarks/N-Queens/INST_200/30/inst200_30_98.txt : 24 ms.
--------------------------------------------------
run.sh: line 11: 390802 Floating point exception./solvers/nqueens_ls/NQueen-LS $file $seed $time_t
benchmarks/N-Queens/INST_200/30/inst200_30_99.txt : 28 ms.
--------------------------------------------------
run.sh: line 11: 390857 Floating point exception./solvers/nqueens_ls/NQueen-LS $file $seed $time_t
benchmarks/N-Queens/INST_200/30/inst200_30_9.txt : 27 ms.
