--------------------------------------------------
======================================================================
current best clash: 2
vertex(43, 10) and vertex(43, 36) same color: 16
vertex(47, 29) and vertex(47, 48) same color: 48
----------------------------------------------------------------------
current col clash: 2
current row clash: 0
current squ clash: 0
======================================================================
current best clash: 0
----------------------------------------------------------------------
current col clash: 0
current row clash: 0
current squ clash: 0
benchmarks_simp/INST_49x49/30/inst49x49_30_0.txt find answer: 0.490000
benchmarks_simp/INST_49x49/30/inst49x49_30_0.txt : 1168 ms.
--------------------------------------------------
======================================================================
current best clash: 0
----------------------------------------------------------------------
current col clash: 0
current row clash: 0
current squ clash: 0
benchmarks_simp/INST_49x49/30/inst49x49_30_10.txt find answer: 0.420000
benchmarks_simp/INST_49x49/30/inst49x49_30_10.txt : 1072 ms.
--------------------------------------------------
======================================================================
current best clash: 0
----------------------------------------------------------------------
current col clash: 0
current row clash: 0
current squ clash: 0
benchmarks_simp/INST_49x49/30/inst49x49_30_11.txt find answer: 0.270000
benchmarks_simp/INST_49x49/30/inst49x49_30_11.txt : 919 ms.
--------------------------------------------------
======================================================================
current best clash: 0
----------------------------------------------------------------------
current col clash: 0
current row clash: 0
current squ clash: 0
benchmarks_simp/INST_49x49/30/inst49x49_30_12.txt find answer: 0.310000
benchmarks_simp/INST_49x49/30/inst49x49_30_12.txt : 956 ms.
--------------------------------------------------
======================================================================
current best clash: 0
----------------------------------------------------------------------
current col clash: 0
current row clash: 0
current squ clash: 0
benchmarks_simp/INST_49x49/30/inst49x49_30_13.txt find answer: 0.330000
benchmarks_simp/INST_49x49/30/inst49x49_30_13.txt : 993 ms.
--------------------------------------------------
======================================================================
current best clash: 0
----------------------------------------------------------------------
current col clash: 0
current row clash: 0
current squ clash: 0
benchmarks_simp/INST_49x49/30/inst49x49_30_14.txt find answer: 0.530000
benchmarks_simp/INST_49x49/30/inst49x49_30_14.txt : 1172 ms.
--------------------------------------------------
======================================================================
current best clash: 0
----------------------------------------------------------------------
current col clash: 0
current row clash: 0
current squ clash: 0
benchmarks_simp/INST_49x49/30/inst49x49_30_15.txt find answer: 0.420000
benchmarks_simp/INST_49x49/30/inst49x49_30_15.txt : 1083 ms.
--------------------------------------------------
======================================================================
current best clash: 0
----------------------------------------------------------------------
current col clash: 0
current row clash: 0
current squ clash: 0
benchmarks_simp/INST_49x49/30/inst49x49_30_16.txt find answer: 0.430000
benchmarks_simp/INST_49x49/30/inst49x49_30_16.txt : 1135 ms.
--------------------------------------------------
======================================================================
current best clash: 0
----------------------------------------------------------------------
current col clash: 0
current row clash: 0
current squ clash: 0
benchmarks_simp/INST_49x49/30/inst49x49_30_17.txt find answer: 0.350000
benchmarks_simp/INST_49x49/30/inst49x49_30_17.txt : 1052 ms.
--------------------------------------------------
======================================================================
current best clash: 0
----------------------------------------------------------------------
current col clash: 0
current row clash: 0
current squ clash: 0
benchmarks_simp/INST_49x49/30/inst49x49_30_18.txt find answer: 0.290000
benchmarks_simp/INST_49x49/30/inst49x49_30_18.txt : 1325 ms.
--------------------------------------------------
======================================================================
current best clash: 0
----------------------------------------------------------------------
current col clash: 0
current row clash: 0
current squ clash: 0
benchmarks_simp/INST_49x49/30/inst49x49_30_19.txt find answer: 0.300000
benchmarks_simp/INST_49x49/30/inst49x49_30_19.txt : 1077 ms.
--------------------------------------------------
======================================================================
current best clash: 0
----------------------------------------------------------------------
current col clash: 0
current row clash: 0
current squ clash: 0
benchmarks_simp/INST_49x49/30/inst49x49_30_1.txt find answer: 0.260000
benchmarks_simp/INST_49x49/30/inst49x49_30_1.txt : 920 ms.
--------------------------------------------------
======================================================================
current best clash: 0
----------------------------------------------------------------------
current col clash: 0
current row clash: 0
current squ clash: 0
benchmarks_simp/INST_49x49/30/inst49x49_30_20.txt find answer: 0.300000
benchmarks_simp/INST_49x49/30/inst49x49_30_20.txt : 923 ms.
--------------------------------------------------
======================================================================
current best clash: 0
----------------------------------------------------------------------
current col clash: 0
current row clash: 0
current squ clash: 0
benchmarks_simp/INST_49x49/30/inst49x49_30_21.txt find answer: 0.370000
benchmarks_simp/INST_49x49/30/inst49x49_30_21.txt : 981 ms.
--------------------------------------------------
======================================================================
current best clash: 2
vertex(9, 7) and vertex(9, 30) same color: 29
vertex(11, 4) and vertex(11, 40) same color: 5
----------------------------------------------------------------------
current col clash: 2
current row clash: 0
current squ clash: 0
======================================================================
current best clash: 0
----------------------------------------------------------------------
current col clash: 0
current row clash: 0
current squ clash: 0
benchmarks_simp/INST_49x49/30/inst49x49_30_22.txt find answer: 0.880000
benchmarks_simp/INST_49x49/30/inst49x49_30_22.txt : 1532 ms.
--------------------------------------------------
======================================================================
current best clash: 0
----------------------------------------------------------------------
current col clash: 0
current row clash: 0
current squ clash: 0
benchmarks_simp/INST_49x49/30/inst49x49_30_23.txt find answer: 0.260000
benchmarks_simp/INST_49x49/30/inst49x49_30_23.txt : 926 ms.
--------------------------------------------------
======================================================================
current best clash: 0
----------------------------------------------------------------------
current col clash: 0
current row clash: 0
current squ clash: 0
benchmarks_simp/INST_49x49/30/inst49x49_30_24.txt find answer: 0.300000
benchmarks_simp/INST_49x49/30/inst49x49_30_24.txt : 961 ms.
--------------------------------------------------
======================================================================
current best clash: 0
----------------------------------------------------------------------
current col clash: 0
current row clash: 0
current squ clash: 0
benchmarks_simp/INST_49x49/30/inst49x49_30_25.txt find answer: 0.400000
benchmarks_simp/INST_49x49/30/inst49x49_30_25.txt : 1061 ms.
--------------------------------------------------
======================================================================
current best clash: 0
----------------------------------------------------------------------
current col clash: 0
current row clash: 0
current squ clash: 0
benchmarks_simp/INST_49x49/30/inst49x49_30_26.txt find answer: 0.310000
benchmarks_simp/INST_49x49/30/inst49x49_30_26.txt : 1442 ms.
--------------------------------------------------
======================================================================
current best clash: 2
vertex(38, 28) and vertex(38, 31) same color: 48
vertex(41, 2) and vertex(41, 41) same color: 14
----------------------------------------------------------------------
current col clash: 2
current row clash: 0
current squ clash: 0
======================================================================
current best clash: 0
----------------------------------------------------------------------
current col clash: 0
current row clash: 0
current squ clash: 0
benchmarks_simp/INST_49x49/30/inst49x49_30_27.txt find answer: 0.510000
benchmarks_simp/INST_49x49/30/inst49x49_30_27.txt : 1411 ms.
--------------------------------------------------
======================================================================
current best clash: 0
----------------------------------------------------------------------
current col clash: 0
current row clash: 0
current squ clash: 0
benchmarks_simp/INST_49x49/30/inst49x49_30_28.txt find answer: 0.270000
benchmarks_simp/INST_49x49/30/inst49x49_30_28.txt : 898 ms.
--------------------------------------------------
======================================================================
current best clash: 0
----------------------------------------------------------------------
current col clash: 0
current row clash: 0
current squ clash: 0
benchmarks_simp/INST_49x49/30/inst49x49_30_29.txt find answer: 0.390000
benchmarks_simp/INST_49x49/30/inst49x49_30_29.txt : 1026 ms.
--------------------------------------------------
