--------------------------------------------------
======================================================================
current best clash: 0
----------------------------------------------------------------------
current col clash: 0
current row clash: 0
current squ clash: 0
benchmarks_simp/INST_49x49/0/inst49x49_0_0.txt find answer: 0.510000
benchmarks_simp/INST_49x49/0/inst49x49_0_0.txt : 1193 ms.
--------------------------------------------------
======================================================================
current best clash: 0
----------------------------------------------------------------------
current col clash: 0
current row clash: 0
current squ clash: 0
benchmarks_simp/INST_49x49/0/inst49x49_0_10.txt find answer: 0.550000
benchmarks_simp/INST_49x49/0/inst49x49_0_10.txt : 1184 ms.
--------------------------------------------------
======================================================================
current best clash: 0
----------------------------------------------------------------------
current col clash: 0
current row clash: 0
current squ clash: 0
benchmarks_simp/INST_49x49/0/inst49x49_0_11.txt find answer: 0.550000
benchmarks_simp/INST_49x49/0/inst49x49_0_11.txt : 1175 ms.
--------------------------------------------------
======================================================================
current best clash: 0
----------------------------------------------------------------------
current col clash: 0
current row clash: 0
current squ clash: 0
benchmarks_simp/INST_49x49/0/inst49x49_0_12.txt find answer: 0.550000
benchmarks_simp/INST_49x49/0/inst49x49_0_12.txt : 1172 ms.
--------------------------------------------------
======================================================================
current best clash: 0
----------------------------------------------------------------------
current col clash: 0
current row clash: 0
current squ clash: 0
benchmarks_simp/INST_49x49/0/inst49x49_0_13.txt find answer: 0.530000
benchmarks_simp/INST_49x49/0/inst49x49_0_13.txt : 1141 ms.
--------------------------------------------------
======================================================================
current best clash: 0
----------------------------------------------------------------------
current col clash: 0
current row clash: 0
current squ clash: 0
benchmarks_simp/INST_49x49/0/inst49x49_0_14.txt find answer: 0.560000
benchmarks_simp/INST_49x49/0/inst49x49_0_14.txt : 1196 ms.
--------------------------------------------------
======================================================================
current best clash: 0
----------------------------------------------------------------------
current col clash: 0
current row clash: 0
current squ clash: 0
benchmarks_simp/INST_49x49/0/inst49x49_0_15.txt find answer: 0.530000
benchmarks_simp/INST_49x49/0/inst49x49_0_15.txt : 1150 ms.
--------------------------------------------------
======================================================================
current best clash: 0
----------------------------------------------------------------------
current col clash: 0
current row clash: 0
current squ clash: 0
benchmarks_simp/INST_49x49/0/inst49x49_0_16.txt find answer: 0.520000
benchmarks_simp/INST_49x49/0/inst49x49_0_16.txt : 1129 ms.
--------------------------------------------------
======================================================================
current best clash: 0
----------------------------------------------------------------------
current col clash: 0
current row clash: 0
current squ clash: 0
benchmarks_simp/INST_49x49/0/inst49x49_0_17.txt find answer: 0.530000
benchmarks_simp/INST_49x49/0/inst49x49_0_17.txt : 1573 ms.
--------------------------------------------------
======================================================================
current best clash: 0
----------------------------------------------------------------------
current col clash: 0
current row clash: 0
current squ clash: 0
benchmarks_simp/INST_49x49/0/inst49x49_0_18.txt find answer: 0.520000
benchmarks_simp/INST_49x49/0/inst49x49_0_18.txt : 1134 ms.
--------------------------------------------------
======================================================================
current best clash: 0
----------------------------------------------------------------------
current col clash: 0
current row clash: 0
current squ clash: 0
benchmarks_simp/INST_49x49/0/inst49x49_0_19.txt find answer: 0.510000
benchmarks_simp/INST_49x49/0/inst49x49_0_19.txt : 1134 ms.
--------------------------------------------------
======================================================================
current best clash: 0
----------------------------------------------------------------------
current col clash: 0
current row clash: 0
current squ clash: 0
benchmarks_simp/INST_49x49/0/inst49x49_0_1.txt find answer: 0.550000
benchmarks_simp/INST_49x49/0/inst49x49_0_1.txt : 1194 ms.
--------------------------------------------------
======================================================================
current best clash: 0
----------------------------------------------------------------------
current col clash: 0
current row clash: 0
current squ clash: 0
benchmarks_simp/INST_49x49/0/inst49x49_0_20.txt find answer: 0.540000
benchmarks_simp/INST_49x49/0/inst49x49_0_20.txt : 1188 ms.
--------------------------------------------------
======================================================================
current best clash: 0
----------------------------------------------------------------------
current col clash: 0
current row clash: 0
current squ clash: 0
benchmarks_simp/INST_49x49/0/inst49x49_0_21.txt find answer: 0.510000
benchmarks_simp/INST_49x49/0/inst49x49_0_21.txt : 1110 ms.
--------------------------------------------------
======================================================================
current best clash: 0
----------------------------------------------------------------------
current col clash: 0
current row clash: 0
current squ clash: 0
benchmarks_simp/INST_49x49/0/inst49x49_0_22.txt find answer: 0.520000
benchmarks_simp/INST_49x49/0/inst49x49_0_22.txt : 1085 ms.
--------------------------------------------------
======================================================================
current best clash: 0
----------------------------------------------------------------------
current col clash: 0
current row clash: 0
current squ clash: 0
benchmarks_simp/INST_49x49/0/inst49x49_0_23.txt find answer: 0.500000
benchmarks_simp/INST_49x49/0/inst49x49_0_23.txt : 1101 ms.
--------------------------------------------------
======================================================================
current best clash: 0
----------------------------------------------------------------------
current col clash: 0
current row clash: 0
current squ clash: 0
benchmarks_simp/INST_49x49/0/inst49x49_0_24.txt find answer: 0.510000
benchmarks_simp/INST_49x49/0/inst49x49_0_24.txt : 1119 ms.
--------------------------------------------------
======================================================================
current best clash: 0
----------------------------------------------------------------------
current col clash: 0
current row clash: 0
current squ clash: 0
benchmarks_simp/INST_49x49/0/inst49x49_0_25.txt find answer: 0.510000
benchmarks_simp/INST_49x49/0/inst49x49_0_25.txt : 1116 ms.
--------------------------------------------------
======================================================================
current best clash: 0
----------------------------------------------------------------------
current col clash: 0
current row clash: 0
current squ clash: 0
benchmarks_simp/INST_49x49/0/inst49x49_0_26.txt find answer: 0.550000
benchmarks_simp/INST_49x49/0/inst49x49_0_26.txt : 1161 ms.
--------------------------------------------------
======================================================================
current best clash: 0
----------------------------------------------------------------------
current col clash: 0
current row clash: 0
current squ clash: 0
benchmarks_simp/INST_49x49/0/inst49x49_0_27.txt find answer: 0.520000
benchmarks_simp/INST_49x49/0/inst49x49_0_27.txt : 1142 ms.
--------------------------------------------------
======================================================================
current best clash: 0
----------------------------------------------------------------------
current col clash: 0
current row clash: 0
current squ clash: 0
benchmarks_simp/INST_49x49/0/inst49x49_0_28.txt find answer: 0.530000
