--------------------------------------------------
======================================================================
current best clash: 0
----------------------------------------------------------------------
current col clash: 0
current row clash: 0
current squ clash: 0
benchmarks_simp/INST_49x49/90/inst49x49_90_0.txt find answer: 0.000000
benchmarks_simp/INST_49x49/90/inst49x49_90_0.txt : 1125 ms.
--------------------------------------------------
======================================================================
current best clash: 0
----------------------------------------------------------------------
current col clash: 0
current row clash: 0
current squ clash: 0
benchmarks_simp/INST_49x49/90/inst49x49_90_10.txt find answer: 0.000000
benchmarks_simp/INST_49x49/90/inst49x49_90_10.txt : 669 ms.
--------------------------------------------------
======================================================================
current best clash: 0
----------------------------------------------------------------------
current col clash: 0
current row clash: 0
current squ clash: 0
benchmarks_simp/INST_49x49/90/inst49x49_90_11.txt find answer: 0.000000
benchmarks_simp/INST_49x49/90/inst49x49_90_11.txt : 676 ms.
--------------------------------------------------
======================================================================
current best clash: 0
----------------------------------------------------------------------
current col clash: 0
current row clash: 0
current squ clash: 0
benchmarks_simp/INST_49x49/90/inst49x49_90_12.txt find answer: 0.000000
benchmarks_simp/INST_49x49/90/inst49x49_90_12.txt : 660 ms.
--------------------------------------------------
======================================================================
current best clash: 0
----------------------------------------------------------------------
current col clash: 0
current row clash: 0
current squ clash: 0
benchmarks_simp/INST_49x49/90/inst49x49_90_13.txt find answer: 0.000000
benchmarks_simp/INST_49x49/90/inst49x49_90_13.txt : 665 ms.
--------------------------------------------------
======================================================================
current best clash: 0
----------------------------------------------------------------------
current col clash: 0
current row clash: 0
current squ clash: 0
benchmarks_simp/INST_49x49/90/inst49x49_90_14.txt find answer: 0.000000
benchmarks_simp/INST_49x49/90/inst49x49_90_14.txt : 659 ms.
--------------------------------------------------
======================================================================
current best clash: 0
----------------------------------------------------------------------
current col clash: 0
current row clash: 0
current squ clash: 0
benchmarks_simp/INST_49x49/90/inst49x49_90_15.txt find answer: 0.000000
benchmarks_simp/INST_49x49/90/inst49x49_90_15.txt : 646 ms.
--------------------------------------------------
======================================================================
current best clash: 0
----------------------------------------------------------------------
current col clash: 0
current row clash: 0
current squ clash: 0
benchmarks_simp/INST_49x49/90/inst49x49_90_16.txt find answer: 0.000000
benchmarks_simp/INST_49x49/90/inst49x49_90_16.txt : 645 ms.
--------------------------------------------------
======================================================================
current best clash: 0
----------------------------------------------------------------------
current col clash: 0
current row clash: 0
current squ clash: 0
benchmarks_simp/INST_49x49/90/inst49x49_90_17.txt find answer: 0.000000
benchmarks_simp/INST_49x49/90/inst49x49_90_17.txt : 638 ms.
--------------------------------------------------
======================================================================
current best clash: 0
----------------------------------------------------------------------
current col clash: 0
current row clash: 0
current squ clash: 0
benchmarks_simp/INST_49x49/90/inst49x49_90_18.txt find answer: 0.000000
benchmarks_simp/INST_49x49/90/inst49x49_90_18.txt : 635 ms.
--------------------------------------------------
======================================================================
current best clash: 0
----------------------------------------------------------------------
current col clash: 0
current row clash: 0
current squ clash: 0
benchmarks_simp/INST_49x49/90/inst49x49_90_19.txt find answer: 0.000000
benchmarks_simp/INST_49x49/90/inst49x49_90_19.txt : 700 ms.
--------------------------------------------------
======================================================================
current best clash: 0
----------------------------------------------------------------------
current col clash: 0
current row clash: 0
current squ clash: 0
benchmarks_simp/INST_49x49/90/inst49x49_90_1.txt find answer: 0.000000
benchmarks_simp/INST_49x49/90/inst49x49_90_1.txt : 692 ms.
--------------------------------------------------
======================================================================
current best clash: 0
----------------------------------------------------------------------
current col clash: 0
current row clash: 0
current squ clash: 0
benchmarks_simp/INST_49x49/90/inst49x49_90_20.txt find answer: 0.000000
benchmarks_simp/INST_49x49/90/inst49x49_90_20.txt : 644 ms.
--------------------------------------------------
======================================================================
current best clash: 0
----------------------------------------------------------------------
current col clash: 0
current row clash: 0
current squ clash: 0
benchmarks_simp/INST_49x49/90/inst49x49_90_21.txt find answer: 0.000000
benchmarks_simp/INST_49x49/90/inst49x49_90_21.txt : 696 ms.
--------------------------------------------------
======================================================================
current best clash: 0
----------------------------------------------------------------------
current col clash: 0
current row clash: 0
current squ clash: 0
benchmarks_simp/INST_49x49/90/inst49x49_90_22.txt find answer: 0.000000
benchmarks_simp/INST_49x49/90/inst49x49_90_22.txt : 1046 ms.
--------------------------------------------------
======================================================================
current best clash: 0
----------------------------------------------------------------------
current col clash: 0
current row clash: 0
current squ clash: 0
benchmarks_simp/INST_49x49/90/inst49x49_90_23.txt find answer: 0.000000
benchmarks_simp/INST_49x49/90/inst49x49_90_23.txt : 641 ms.
--------------------------------------------------
======================================================================
current best clash: 0
----------------------------------------------------------------------
current col clash: 0
current row clash: 0
current squ clash: 0
benchmarks_simp/INST_49x49/90/inst49x49_90_24.txt find answer: 0.000000
benchmarks_simp/INST_49x49/90/inst49x49_90_24.txt : 655 ms.
--------------------------------------------------
======================================================================
current best clash: 0
----------------------------------------------------------------------
current col clash: 0
current row clash: 0
current squ clash: 0
benchmarks_simp/INST_49x49/90/inst49x49_90_25.txt find answer: 0.000000
benchmarks_simp/INST_49x49/90/inst49x49_90_25.txt : 683 ms.
--------------------------------------------------
======================================================================
current best clash: 0
----------------------------------------------------------------------
current col clash: 0
current row clash: 0
current squ clash: 0
benchmarks_simp/INST_49x49/90/inst49x49_90_26.txt find answer: 0.000000
benchmarks_simp/INST_49x49/90/inst49x49_90_26.txt : 670 ms.
--------------------------------------------------
======================================================================
current best clash: 0
----------------------------------------------------------------------
current col clash: 0
current row clash: 0
current squ clash: 0
benchmarks_simp/INST_49x49/90/inst49x49_90_27.txt find answer: 0.000000
benchmarks_simp/INST_49x49/90/inst49x49_90_27.txt : 701 ms.
--------------------------------------------------
======================================================================
current best clash: 0
----------------------------------------------------------------------
current col clash: 0
current row clash: 0
current squ clash: 0
benchmarks_simp/INST_49x49/90/inst49x49_90_28.txt find answer: 0.000000
benchmarks_simp/INST_49x49/90/inst49x49_90_28.txt : 672 ms.
--------------------------------------------------
======================================================================
current best clash: 0
----------------------------------------------------------------------
current col clash: 0
current row clash: 0
current squ clash: 0
benchmarks_simp/INST_49x49/90/inst49x49_90_29.txt find answer: 0.000000
benchmarks_simp/INST_49x49/90/inst49x49_90_29.txt : 654 ms.
--------------------------------------------------
======================================================================
current best clash: 0
----------------------------------------------------------------------
current col clash: 0
current row clash: 0
current squ clash: 0
benchmarks_simp/INST_49x49/90/inst49x49_90_2.txt find answer: 0.000000
benchmarks_simp/INST_49x49/90/inst49x49_90_2.txt : 636 ms.
--------------------------------------------------
======================================================================
current best clash: 0
----------------------------------------------------------------------
current col clash: 0
current row clash: 0
current squ clash: 0
benchmarks_simp/INST_49x49/90/inst49x49_90_30.txt find answer: 0.000000
benchmarks_simp/INST_49x49/90/inst49x49_90_30.txt : 676 ms.
--------------------------------------------------
======================================================================
current best clash: 0
----------------------------------------------------------------------
current col clash: 0
current row clash: 0
current squ clash: 0
benchmarks_simp/INST_49x49/90/inst49x49_90_31.txt find answer: 0.000000
benchmarks_simp/INST_49x49/90/inst49x49_90_31.txt : 636 ms.
--------------------------------------------------
======================================================================
current best clash: 0
----------------------------------------------------------------------
current col clash: 0
current row clash: 0
current squ clash: 0
benchmarks_simp/INST_49x49/90/inst49x49_90_32.txt find answer: 0.000000
benchmarks_simp/INST_49x49/90/inst49x49_90_32.txt : 640 ms.
--------------------------------------------------
======================================================================
current best clash: 0
----------------------------------------------------------------------
current col clash: 0
current row clash: 0
current squ clash: 0
benchmarks_simp/INST_49x49/90/inst49x49_90_33.txt find answer: 0.000000
benchmarks_simp/INST_49x49/90/inst49x49_90_33.txt : 633 ms.
--------------------------------------------------
======================================================================
current best clash: 0
----------------------------------------------------------------------
current col clash: 0
current row clash: 0
current squ clash: 0
benchmarks_simp/INST_49x49/90/inst49x49_90_34.txt find answer: 0.000000
benchmarks_simp/INST_49x49/90/inst49x49_90_34.txt : 641 ms.
--------------------------------------------------
======================================================================
current best clash: 0
----------------------------------------------------------------------
current col clash: 0
current row clash: 0
current squ clash: 0
benchmarks_simp/INST_49x49/90/inst49x49_90_35.txt find answer: 0.000000
benchmarks_simp/INST_49x49/90/inst49x49_90_35.txt : 1116 ms.
--------------------------------------------------
======================================================================
current best clash: 0
----------------------------------------------------------------------
current col clash: 0
current row clash: 0
current squ clash: 0
benchmarks_simp/INST_49x49/90/inst49x49_90_36.txt find answer: 0.000000
benchmarks_simp/INST_49x49/90/inst49x49_90_36.txt : 852 ms.
--------------------------------------------------
======================================================================
current best clash: 0
----------------------------------------------------------------------
current col clash: 0
current row clash: 0
current squ clash: 0
benchmarks_simp/INST_49x49/90/inst49x49_90_37.txt find answer: 0.000000
benchmarks_simp/INST_49x49/90/inst49x49_90_37.txt : 635 ms.
--------------------------------------------------
======================================================================
current best clash: 0
----------------------------------------------------------------------
current col clash: 0
current row clash: 0
current squ clash: 0
benchmarks_simp/INST_49x49/90/inst49x49_90_38.txt find answer: 0.000000
benchmarks_simp/INST_49x49/90/inst49x49_90_38.txt : 642 ms.
--------------------------------------------------
======================================================================
current best clash: 0
----------------------------------------------------------------------
current col clash: 0
current row clash: 0
current squ clash: 0
benchmarks_simp/INST_49x49/90/inst49x49_90_39.txt find answer: 0.000000
benchmarks_simp/INST_49x49/90/inst49x49_90_39.txt : 628 ms.
--------------------------------------------------
======================================================================
current best clash: 0
----------------------------------------------------------------------
current col clash: 0
current row clash: 0
current squ clash: 0
benchmarks_simp/INST_49x49/90/inst49x49_90_3.txt find answer: 0.000000
benchmarks_simp/INST_49x49/90/inst49x49_90_3.txt : 686 ms.
--------------------------------------------------
