--------------------------------------------------
benchmarks/INST_81x81/30/inst81x81_30_0.txt find answer: 4.470000
benchmarks/INST_81x81/30/inst81x81_30_0.txt : 5180 ms.
--------------------------------------------------
benchmarks/INST_81x81/30/inst81x81_30_10.txt find answer: 14.540000
benchmarks/INST_81x81/30/inst81x81_30_10.txt : 15251 ms.
--------------------------------------------------
benchmarks/INST_81x81/30/inst81x81_30_11.txt find answer: 8.820000
benchmarks/INST_81x81/30/inst81x81_30_11.txt : 9538 ms.
--------------------------------------------------
benchmarks/INST_81x81/30/inst81x81_30_12.txt find answer: 3.260000
benchmarks/INST_81x81/30/inst81x81_30_12.txt : 3943 ms.
--------------------------------------------------
benchmarks/INST_81x81/30/inst81x81_30_13.txt find answer: 4.640000
benchmarks/INST_81x81/30/inst81x81_30_13.txt : 5312 ms.
--------------------------------------------------
benchmarks/INST_81x81/30/inst81x81_30_14.txt find answer: 7.210000
benchmarks/INST_81x81/30/inst81x81_30_14.txt : 7886 ms.
--------------------------------------------------
benchmarks/INST_81x81/30/inst81x81_30_15.txt find answer: 4.600000
benchmarks/INST_81x81/30/inst81x81_30_15.txt : 5288 ms.
--------------------------------------------------
benchmarks/INST_81x81/30/inst81x81_30_16.txt find answer: 8.020000
benchmarks/INST_81x81/30/inst81x81_30_16.txt : 8705 ms.
--------------------------------------------------
benchmarks/INST_81x81/30/inst81x81_30_17.txt find answer: 4.280000
benchmarks/INST_81x81/30/inst81x81_30_17.txt : 4944 ms.
--------------------------------------------------
benchmarks/INST_81x81/30/inst81x81_30_18.txt find answer: 6.210000
benchmarks/INST_81x81/30/inst81x81_30_18.txt : 6898 ms.
--------------------------------------------------
benchmarks/INST_81x81/30/inst81x81_30_19.txt find answer: 7.300000
benchmarks/INST_81x81/30/inst81x81_30_19.txt : 7961 ms.
--------------------------------------------------
benchmarks/INST_81x81/30/inst81x81_30_1.txt find answer: 6.100000
benchmarks/INST_81x81/30/inst81x81_30_1.txt : 6788 ms.
--------------------------------------------------
benchmarks/INST_81x81/30/inst81x81_30_20.txt find answer: 4.390000
benchmarks/INST_81x81/30/inst81x81_30_20.txt : 5047 ms.
--------------------------------------------------
benchmarks/INST_81x81/30/inst81x81_30_21.txt find answer: 5.940000
benchmarks/INST_81x81/30/inst81x81_30_21.txt : 6611 ms.
--------------------------------------------------
benchmarks/INST_81x81/30/inst81x81_30_22.txt find answer: 6.110000
benchmarks/INST_81x81/30/inst81x81_30_22.txt : 6802 ms.
--------------------------------------------------
benchmarks/INST_81x81/30/inst81x81_30_23.txt find answer: 4.670000
benchmarks/INST_81x81/30/inst81x81_30_23.txt : 5359 ms.
--------------------------------------------------
benchmarks/INST_81x81/30/inst81x81_30_24.txt find answer: 16.190000
benchmarks/INST_81x81/30/inst81x81_30_24.txt : 16911 ms.
--------------------------------------------------
benchmarks/INST_81x81/30/inst81x81_30_25.txt find answer: 4.790000
benchmarks/INST_81x81/30/inst81x81_30_25.txt : 5515 ms.
--------------------------------------------------
benchmarks/INST_81x81/30/inst81x81_30_26.txt find answer: 10.780000
benchmarks/INST_81x81/30/inst81x81_30_26.txt : 11469 ms.
--------------------------------------------------
benchmarks/INST_81x81/30/inst81x81_30_27.txt find answer: 3.660000
benchmarks/INST_81x81/30/inst81x81_30_27.txt : 4357 ms.
--------------------------------------------------
benchmarks/INST_81x81/30/inst81x81_30_28.txt find answer: 3.790000
benchmarks/INST_81x81/30/inst81x81_30_28.txt : 4609 ms.
--------------------------------------------------
benchmarks/INST_81x81/30/inst81x81_30_29.txt find answer: 4.590000
benchmarks/INST_81x81/30/inst81x81_30_29.txt : 5307 ms.
--------------------------------------------------
benchmarks/INST_81x81/30/inst81x81_30_2.txt find answer: 4.510000
benchmarks/INST_81x81/30/inst81x81_30_2.txt : 5297 ms.
--------------------------------------------------
benchmarks/INST_81x81/30/inst81x81_30_30.txt find answer: 6.640000
benchmarks/INST_81x81/30/inst81x81_30_30.txt : 7333 ms.
--------------------------------------------------
benchmarks/INST_81x81/30/inst81x81_30_31.txt find answer: 4.760000
benchmarks/INST_81x81/30/inst81x81_30_31.txt : 5438 ms.
--------------------------------------------------
benchmarks/INST_81x81/30/inst81x81_30_32.txt find answer: 3.920000
benchmarks/INST_81x81/30/inst81x81_30_32.txt : 4678 ms.
--------------------------------------------------
benchmarks/INST_81x81/30/inst81x81_30_33.txt find answer: 5.860000
benchmarks/INST_81x81/30/inst81x81_30_33.txt : 6555 ms.
--------------------------------------------------
benchmarks/INST_81x81/30/inst81x81_30_34.txt find answer: 9.630000
benchmarks/INST_81x81/30/inst81x81_30_34.txt : 10322 ms.
--------------------------------------------------
benchmarks/INST_81x81/30/inst81x81_30_35.txt find answer: 1.940000
benchmarks/INST_81x81/30/inst81x81_30_35.txt : 2622 ms.
--------------------------------------------------
benchmarks/INST_81x81/30/inst81x81_30_36.txt find answer: 22.890000
benchmarks/INST_81x81/30/inst81x81_30_36.txt : 23630 ms.
--------------------------------------------------
benchmarks/INST_81x81/30/inst81x81_30_37.txt find answer: 5.680000
benchmarks/INST_81x81/30/inst81x81_30_37.txt : 6373 ms.
--------------------------------------------------
benchmarks/INST_81x81/30/inst81x81_30_38.txt find answer: 5.900000
benchmarks/INST_81x81/30/inst81x81_30_38.txt : 6561 ms.
--------------------------------------------------
benchmarks/INST_81x81/30/inst81x81_30_39.txt find answer: 4.020000
benchmarks/INST_81x81/30/inst81x81_30_39.txt : 4698 ms.
--------------------------------------------------
benchmarks/INST_81x81/30/inst81x81_30_3.txt find answer: 3.090000
benchmarks/INST_81x81/30/inst81x81_30_3.txt : 3775 ms.
--------------------------------------------------
benchmarks/INST_81x81/30/inst81x81_30_40.txt find answer: 11.410000
benchmarks/INST_81x81/30/inst81x81_30_40.txt : 12134 ms.
--------------------------------------------------
benchmarks/INST_81x81/30/inst81x81_30_41.txt find answer: 5.460000
benchmarks/INST_81x81/30/inst81x81_30_41.txt : 6160 ms.
--------------------------------------------------
benchmarks/INST_81x81/30/inst81x81_30_42.txt find answer: 4.050000
benchmarks/INST_81x81/30/inst81x81_30_42.txt : 4746 ms.
--------------------------------------------------
benchmarks/INST_81x81/30/inst81x81_30_43.txt find answer: 4.940000
benchmarks/INST_81x81/30/inst81x81_30_43.txt : 5646 ms.
--------------------------------------------------
benchmarks/INST_81x81/30/inst81x81_30_44.txt find answer: 4.200000
benchmarks/INST_81x81/30/inst81x81_30_44.txt : 4907 ms.
--------------------------------------------------
benchmarks/INST_81x81/30/inst81x81_30_45.txt find answer: 7.880000
benchmarks/INST_81x81/30/inst81x81_30_45.txt : 8619 ms.
--------------------------------------------------
benchmarks/INST_81x81/30/inst81x81_30_46.txt find answer: 5.730000
benchmarks/INST_81x81/30/inst81x81_30_46.txt : 6537 ms.
--------------------------------------------------
benchmarks/INST_81x81/30/inst81x81_30_47.txt find answer: 3.240000
benchmarks/INST_81x81/30/inst81x81_30_47.txt : 4031 ms.
--------------------------------------------------
benchmarks/INST_81x81/30/inst81x81_30_48.txt find answer: 4.890000
benchmarks/INST_81x81/30/inst81x81_30_48.txt : 5624 ms.
--------------------------------------------------
benchmarks/INST_81x81/30/inst81x81_30_49.txt find answer: 3.630000
benchmarks/INST_81x81/30/inst81x81_30_49.txt : 4320 ms.
--------------------------------------------------
benchmarks/INST_81x81/30/inst81x81_30_4.txt find answer: 3.050000
benchmarks/INST_81x81/30/inst81x81_30_4.txt : 3946 ms.
--------------------------------------------------
benchmarks/INST_81x81/30/inst81x81_30_50.txt find answer: 6.840000
benchmarks/INST_81x81/30/inst81x81_30_50.txt : 7605 ms.
--------------------------------------------------
benchmarks/INST_81x81/30/inst81x81_30_51.txt find answer: 8.900000
benchmarks/INST_81x81/30/inst81x81_30_51.txt : 9668 ms.
--------------------------------------------------
benchmarks/INST_81x81/30/inst81x81_30_52.txt find answer: 7.930000
benchmarks/INST_81x81/30/inst81x81_30_52.txt : 8664 ms.
--------------------------------------------------
benchmarks/INST_81x81/30/inst81x81_30_53.txt find answer: 4.380000
benchmarks/INST_81x81/30/inst81x81_30_53.txt : 5231 ms.
--------------------------------------------------
benchmarks/INST_81x81/30/inst81x81_30_54.txt find answer: 5.070000
benchmarks/INST_81x81/30/inst81x81_30_54.txt : 5809 ms.
--------------------------------------------------
benchmarks/INST_81x81/30/inst81x81_30_55.txt find answer: 4.900000
benchmarks/INST_81x81/30/inst81x81_30_55.txt : 5702 ms.
--------------------------------------------------
benchmarks/INST_81x81/30/inst81x81_30_56.txt find answer: 3.160000
benchmarks/INST_81x81/30/inst81x81_30_56.txt : 3861 ms.
--------------------------------------------------
benchmarks/INST_81x81/30/inst81x81_30_57.txt find answer: 3.980000
benchmarks/INST_81x81/30/inst81x81_30_57.txt : 4817 ms.
--------------------------------------------------
benchmarks/INST_81x81/30/inst81x81_30_58.txt find answer: 2.770000
benchmarks/INST_81x81/30/inst81x81_30_58.txt : 3452 ms.
--------------------------------------------------
benchmarks/INST_81x81/30/inst81x81_30_59.txt find answer: 5.190000
benchmarks/INST_81x81/30/inst81x81_30_59.txt : 5960 ms.
--------------------------------------------------
benchmarks/INST_81x81/30/inst81x81_30_5.txt find answer: 4.630000
benchmarks/INST_81x81/30/inst81x81_30_5.txt : 5302 ms.
--------------------------------------------------
benchmarks/INST_81x81/30/inst81x81_30_60.txt find answer: 6.110000
benchmarks/INST_81x81/30/inst81x81_30_60.txt : 6938 ms.
--------------------------------------------------
benchmarks/INST_81x81/30/inst81x81_30_61.txt find answer: 5.600000
benchmarks/INST_81x81/30/inst81x81_30_61.txt : 6360 ms.
--------------------------------------------------
benchmarks/INST_81x81/30/inst81x81_30_62.txt find answer: 6.750000
benchmarks/INST_81x81/30/inst81x81_30_62.txt : 7439 ms.
--------------------------------------------------
benchmarks/INST_81x81/30/inst81x81_30_63.txt find answer: 7.000000
benchmarks/INST_81x81/30/inst81x81_30_63.txt : 7841 ms.
--------------------------------------------------
benchmarks/INST_81x81/30/inst81x81_30_64.txt find answer: 7.270000
benchmarks/INST_81x81/30/inst81x81_30_64.txt : 8003 ms.
--------------------------------------------------
benchmarks/INST_81x81/30/inst81x81_30_65.txt find answer: 6.420000
benchmarks/INST_81x81/30/inst81x81_30_65.txt : 7108 ms.
--------------------------------------------------
benchmarks/INST_81x81/30/inst81x81_30_66.txt find answer: 6.160000
benchmarks/INST_81x81/30/inst81x81_30_66.txt : 6912 ms.
--------------------------------------------------
benchmarks/INST_81x81/30/inst81x81_30_67.txt find answer: 7.220000
benchmarks/INST_81x81/30/inst81x81_30_67.txt : 7932 ms.
--------------------------------------------------
benchmarks/INST_81x81/30/inst81x81_30_68.txt find answer: 3.980000
benchmarks/INST_81x81/30/inst81x81_30_68.txt : 4660 ms.
--------------------------------------------------
benchmarks/INST_81x81/30/inst81x81_30_69.txt find answer: 3.100000
benchmarks/INST_81x81/30/inst81x81_30_69.txt : 3946 ms.
--------------------------------------------------
benchmarks/INST_81x81/30/inst81x81_30_6.txt find answer: 7.400000
benchmarks/INST_81x81/30/inst81x81_30_6.txt : 8075 ms.
--------------------------------------------------
benchmarks/INST_81x81/30/inst81x81_30_70.txt find answer: 5.180000
benchmarks/INST_81x81/30/inst81x81_30_70.txt : 5969 ms.
--------------------------------------------------
benchmarks/INST_81x81/30/inst81x81_30_71.txt find answer: 4.660000
benchmarks/INST_81x81/30/inst81x81_30_71.txt : 5405 ms.
--------------------------------------------------
benchmarks/INST_81x81/30/inst81x81_30_72.txt find answer: 7.240000
benchmarks/INST_81x81/30/inst81x81_30_72.txt : 7967 ms.
--------------------------------------------------
benchmarks/INST_81x81/30/inst81x81_30_73.txt find answer: 11.020000
benchmarks/INST_81x81/30/inst81x81_30_73.txt : 11745 ms.
--------------------------------------------------
benchmarks/INST_81x81/30/inst81x81_30_74.txt find answer: 5.280000
benchmarks/INST_81x81/30/inst81x81_30_74.txt : 5933 ms.
--------------------------------------------------
benchmarks/INST_81x81/30/inst81x81_30_75.txt find answer: 7.980000
benchmarks/INST_81x81/30/inst81x81_30_75.txt : 8736 ms.
--------------------------------------------------
benchmarks/INST_81x81/30/inst81x81_30_76.txt find answer: 5.210000
benchmarks/INST_81x81/30/inst81x81_30_76.txt : 5960 ms.
--------------------------------------------------
benchmarks/INST_81x81/30/inst81x81_30_77.txt find answer: 7.330000
benchmarks/INST_81x81/30/inst81x81_30_77.txt : 8005 ms.
--------------------------------------------------
benchmarks/INST_81x81/30/inst81x81_30_78.txt find answer: 8.790000
benchmarks/INST_81x81/30/inst81x81_30_78.txt : 9476 ms.
--------------------------------------------------
benchmarks/INST_81x81/30/inst81x81_30_79.txt find answer: 14.200000
benchmarks/INST_81x81/30/inst81x81_30_79.txt : 14966 ms.
--------------------------------------------------
benchmarks/INST_81x81/30/inst81x81_30_7.txt find answer: 2.750000
benchmarks/INST_81x81/30/inst81x81_30_7.txt : 3436 ms.
--------------------------------------------------
benchmarks/INST_81x81/30/inst81x81_30_80.txt find answer: 4.610000
benchmarks/INST_81x81/30/inst81x81_30_80.txt : 5309 ms.
--------------------------------------------------
benchmarks/INST_81x81/30/inst81x81_30_81.txt find answer: 5.130000
benchmarks/INST_81x81/30/inst81x81_30_81.txt : 5810 ms.
--------------------------------------------------
benchmarks/INST_81x81/30/inst81x81_30_82.txt find answer: 16.350000
benchmarks/INST_81x81/30/inst81x81_30_82.txt : 17064 ms.
--------------------------------------------------
benchmarks/INST_81x81/30/inst81x81_30_83.txt find answer: 6.850000
benchmarks/INST_81x81/30/inst81x81_30_83.txt : 7522 ms.
--------------------------------------------------
benchmarks/INST_81x81/30/inst81x81_30_84.txt find answer: 8.870000
benchmarks/INST_81x81/30/inst81x81_30_84.txt : 9559 ms.
--------------------------------------------------
benchmarks/INST_81x81/30/inst81x81_30_85.txt find answer: 8.600000
benchmarks/INST_81x81/30/inst81x81_30_85.txt : 9338 ms.
--------------------------------------------------
benchmarks/INST_81x81/30/inst81x81_30_86.txt find answer: 4.570000
benchmarks/INST_81x81/30/inst81x81_30_86.txt : 5281 ms.
--------------------------------------------------
benchmarks/INST_81x81/30/inst81x81_30_87.txt find answer: 9.090000
benchmarks/INST_81x81/30/inst81x81_30_87.txt : 9832 ms.
--------------------------------------------------
benchmarks/INST_81x81/30/inst81x81_30_88.txt find answer: 6.020000
benchmarks/INST_81x81/30/inst81x81_30_88.txt : 6703 ms.
--------------------------------------------------
benchmarks/INST_81x81/30/inst81x81_30_89.txt find answer: 3.500000
benchmarks/INST_81x81/30/inst81x81_30_89.txt : 4150 ms.
--------------------------------------------------
benchmarks/INST_81x81/30/inst81x81_30_8.txt find answer: 7.220000
benchmarks/INST_81x81/30/inst81x81_30_8.txt : 7876 ms.
--------------------------------------------------
benchmarks/INST_81x81/30/inst81x81_30_90.txt find answer: 3.080000
benchmarks/INST_81x81/30/inst81x81_30_90.txt : 3731 ms.
--------------------------------------------------
benchmarks/INST_81x81/30/inst81x81_30_91.txt find answer: 3.940000
benchmarks/INST_81x81/30/inst81x81_30_91.txt : 4621 ms.
--------------------------------------------------
benchmarks/INST_81x81/30/inst81x81_30_92.txt find answer: 3.330000
benchmarks/INST_81x81/30/inst81x81_30_92.txt : 4064 ms.
--------------------------------------------------
benchmarks/INST_81x81/30/inst81x81_30_93.txt find answer: 4.370000
benchmarks/INST_81x81/30/inst81x81_30_93.txt : 5015 ms.
--------------------------------------------------
benchmarks/INST_81x81/30/inst81x81_30_94.txt find answer: 24.380000
benchmarks/INST_81x81/30/inst81x81_30_94.txt : 25133 ms.
--------------------------------------------------
benchmarks/INST_81x81/30/inst81x81_30_95.txt find answer: 6.710000
benchmarks/INST_81x81/30/inst81x81_30_95.txt : 7398 ms.
--------------------------------------------------
benchmarks/INST_81x81/30/inst81x81_30_96.txt find answer: 7.030000
benchmarks/INST_81x81/30/inst81x81_30_96.txt : 7703 ms.
--------------------------------------------------
benchmarks/INST_81x81/30/inst81x81_30_97.txt find answer: 4.220000
benchmarks/INST_81x81/30/inst81x81_30_97.txt : 4953 ms.
--------------------------------------------------
benchmarks/INST_81x81/30/inst81x81_30_98.txt find answer: 3.680000
benchmarks/INST_81x81/30/inst81x81_30_98.txt : 4360 ms.
--------------------------------------------------
benchmarks/INST_81x81/30/inst81x81_30_99.txt find answer: 9.200000
benchmarks/INST_81x81/30/inst81x81_30_99.txt : 9875 ms.
--------------------------------------------------
benchmarks/INST_81x81/30/inst81x81_30_9.txt find answer: 4.430000
benchmarks/INST_81x81/30/inst81x81_30_9.txt : 5069 ms.
run.sh: line 77: 3: command not found
run.sh: line 78: syntax error near unexpected token `fi'
run.sh: line 78: `    fi'
