--------------------------------------------------
======================================================================
current best clash: 0
----------------------------------------------------------------------
current col clash: 0
current row clash: 0
current squ clash: 0
benchmarks_simp/INST_36x36/60/inst36x36_60_0.txt find answer: 0.000000
benchmarks_simp/INST_36x36/60/inst36x36_60_0.txt : 892 ms.
--------------------------------------------------
======================================================================
current best clash: 0
----------------------------------------------------------------------
current col clash: 0
current row clash: 0
current squ clash: 0
benchmarks_simp/INST_36x36/60/inst36x36_60_10.txt find answer: 0.000000
benchmarks_simp/INST_36x36/60/inst36x36_60_10.txt : 300 ms.
--------------------------------------------------
======================================================================
current best clash: 0
----------------------------------------------------------------------
current col clash: 0
current row clash: 0
current squ clash: 0
benchmarks_simp/INST_36x36/60/inst36x36_60_11.txt find answer: 0.000000
benchmarks_simp/INST_36x36/60/inst36x36_60_11.txt : 275 ms.
--------------------------------------------------
======================================================================
current best clash: 0
----------------------------------------------------------------------
current col clash: 0
current row clash: 0
current squ clash: 0
benchmarks_simp/INST_36x36/60/inst36x36_60_12.txt find answer: 0.000000
benchmarks_simp/INST_36x36/60/inst36x36_60_12.txt : 273 ms.
--------------------------------------------------
======================================================================
current best clash: 0
----------------------------------------------------------------------
current col clash: 0
current row clash: 0
current squ clash: 0
benchmarks_simp/INST_36x36/60/inst36x36_60_13.txt find answer: 0.000000
benchmarks_simp/INST_36x36/60/inst36x36_60_13.txt : 291 ms.
--------------------------------------------------
======================================================================
current best clash: 0
----------------------------------------------------------------------
current col clash: 0
current row clash: 0
current squ clash: 0
benchmarks_simp/INST_36x36/60/inst36x36_60_14.txt find answer: 0.000000
benchmarks_simp/INST_36x36/60/inst36x36_60_14.txt : 276 ms.
--------------------------------------------------
======================================================================
current best clash: 0
----------------------------------------------------------------------
current col clash: 0
current row clash: 0
current squ clash: 0
benchmarks_simp/INST_36x36/60/inst36x36_60_15.txt find answer: 0.000000
benchmarks_simp/INST_36x36/60/inst36x36_60_15.txt : 285 ms.
--------------------------------------------------
======================================================================
current best clash: 0
----------------------------------------------------------------------
current col clash: 0
current row clash: 0
current squ clash: 0
benchmarks_simp/INST_36x36/60/inst36x36_60_16.txt find answer: 0.000000
benchmarks_simp/INST_36x36/60/inst36x36_60_16.txt : 282 ms.
--------------------------------------------------
======================================================================
current best clash: 0
----------------------------------------------------------------------
current col clash: 0
current row clash: 0
current squ clash: 0
benchmarks_simp/INST_36x36/60/inst36x36_60_17.txt find answer: 0.000000
benchmarks_simp/INST_36x36/60/inst36x36_60_17.txt : 287 ms.
--------------------------------------------------
======================================================================
current best clash: 0
----------------------------------------------------------------------
current col clash: 0
current row clash: 0
current squ clash: 0
benchmarks_simp/INST_36x36/60/inst36x36_60_18.txt find answer: 0.000000
benchmarks_simp/INST_36x36/60/inst36x36_60_18.txt : 296 ms.
--------------------------------------------------
======================================================================
current best clash: 0
----------------------------------------------------------------------
current col clash: 0
current row clash: 0
current squ clash: 0
benchmarks_simp/INST_36x36/60/inst36x36_60_19.txt find answer: 0.000000
benchmarks_simp/INST_36x36/60/inst36x36_60_19.txt : 273 ms.
--------------------------------------------------
======================================================================
current best clash: 0
----------------------------------------------------------------------
current col clash: 0
current row clash: 0
current squ clash: 0
benchmarks_simp/INST_36x36/60/inst36x36_60_1.txt find answer: 0.000000
benchmarks_simp/INST_36x36/60/inst36x36_60_1.txt : 284 ms.
--------------------------------------------------
======================================================================
current best clash: 0
----------------------------------------------------------------------
current col clash: 0
current row clash: 0
current squ clash: 0
benchmarks_simp/INST_36x36/60/inst36x36_60_20.txt find answer: 0.000000
benchmarks_simp/INST_36x36/60/inst36x36_60_20.txt : 272 ms.
--------------------------------------------------
======================================================================
current best clash: 0
----------------------------------------------------------------------
current col clash: 0
current row clash: 0
current squ clash: 0
benchmarks_simp/INST_36x36/60/inst36x36_60_21.txt find answer: 0.000000
benchmarks_simp/INST_36x36/60/inst36x36_60_21.txt : 281 ms.
--------------------------------------------------
======================================================================
current best clash: 0
----------------------------------------------------------------------
current col clash: 0
current row clash: 0
current squ clash: 0
benchmarks_simp/INST_36x36/60/inst36x36_60_22.txt find answer: 0.000000
benchmarks_simp/INST_36x36/60/inst36x36_60_22.txt : 268 ms.
--------------------------------------------------
======================================================================
current best clash: 0
----------------------------------------------------------------------
current col clash: 0
current row clash: 0
current squ clash: 0
benchmarks_simp/INST_36x36/60/inst36x36_60_23.txt find answer: 0.000000
benchmarks_simp/INST_36x36/60/inst36x36_60_23.txt : 263 ms.
--------------------------------------------------
======================================================================
current best clash: 0
----------------------------------------------------------------------
current col clash: 0
current row clash: 0
current squ clash: 0
benchmarks_simp/INST_36x36/60/inst36x36_60_24.txt find answer: 0.000000
benchmarks_simp/INST_36x36/60/inst36x36_60_24.txt : 260 ms.
--------------------------------------------------
======================================================================
current best clash: 0
----------------------------------------------------------------------
current col clash: 0
current row clash: 0
current squ clash: 0
benchmarks_simp/INST_36x36/60/inst36x36_60_25.txt find answer: 0.000000
benchmarks_simp/INST_36x36/60/inst36x36_60_25.txt : 259 ms.
--------------------------------------------------
======================================================================
current best clash: 0
----------------------------------------------------------------------
current col clash: 0
current row clash: 0
current squ clash: 0
benchmarks_simp/INST_36x36/60/inst36x36_60_26.txt find answer: 0.000000
benchmarks_simp/INST_36x36/60/inst36x36_60_26.txt : 265 ms.
--------------------------------------------------
======================================================================
current best clash: 0
----------------------------------------------------------------------
current col clash: 0
current row clash: 0
current squ clash: 0
benchmarks_simp/INST_36x36/60/inst36x36_60_27.txt find answer: 0.000000
benchmarks_simp/INST_36x36/60/inst36x36_60_27.txt : 266 ms.
--------------------------------------------------
======================================================================
current best clash: 0
----------------------------------------------------------------------
current col clash: 0
current row clash: 0
current squ clash: 0
benchmarks_simp/INST_36x36/60/inst36x36_60_28.txt find answer: 0.000000
benchmarks_simp/INST_36x36/60/inst36x36_60_28.txt : 275 ms.
--------------------------------------------------
======================================================================
current best clash: 0
----------------------------------------------------------------------
current col clash: 0
current row clash: 0
current squ clash: 0
benchmarks_simp/INST_36x36/60/inst36x36_60_29.txt find answer: 0.000000
benchmarks_simp/INST_36x36/60/inst36x36_60_29.txt : 289 ms.
--------------------------------------------------
======================================================================
current best clash: 0
----------------------------------------------------------------------
current col clash: 0
current row clash: 0
current squ clash: 0
benchmarks_simp/INST_36x36/60/inst36x36_60_2.txt find answer: 0.000000
benchmarks_simp/INST_36x36/60/inst36x36_60_2.txt : 284 ms.
--------------------------------------------------
======================================================================
current best clash: 0
----------------------------------------------------------------------
current col clash: 0
current row clash: 0
current squ clash: 0
benchmarks_simp/INST_36x36/60/inst36x36_60_30.txt find answer: 0.000000
benchmarks_simp/INST_36x36/60/inst36x36_60_30.txt : 269 ms.
--------------------------------------------------
======================================================================
current best clash: 0
----------------------------------------------------------------------
current col clash: 0
current row clash: 0
current squ clash: 0
benchmarks_simp/INST_36x36/60/inst36x36_60_31.txt find answer: 0.000000
benchmarks_simp/INST_36x36/60/inst36x36_60_31.txt : 293 ms.
--------------------------------------------------
======================================================================
current best clash: 0
----------------------------------------------------------------------
current col clash: 0
current row clash: 0
current squ clash: 0
benchmarks_simp/INST_36x36/60/inst36x36_60_32.txt find answer: 0.000000
benchmarks_simp/INST_36x36/60/inst36x36_60_32.txt : 267 ms.
--------------------------------------------------
======================================================================
current best clash: 0
----------------------------------------------------------------------
current col clash: 0
current row clash: 0
current squ clash: 0
benchmarks_simp/INST_36x36/60/inst36x36_60_33.txt find answer: 0.000000
benchmarks_simp/INST_36x36/60/inst36x36_60_33.txt : 262 ms.
--------------------------------------------------
======================================================================
current best clash: 0
----------------------------------------------------------------------
current col clash: 0
current row clash: 0
current squ clash: 0
benchmarks_simp/INST_36x36/60/inst36x36_60_34.txt find answer: 0.000000
benchmarks_simp/INST_36x36/60/inst36x36_60_34.txt : 260 ms.
--------------------------------------------------
======================================================================
current best clash: 0
----------------------------------------------------------------------
current col clash: 0
current row clash: 0
current squ clash: 0
benchmarks_simp/INST_36x36/60/inst36x36_60_35.txt find answer: 0.000000
benchmarks_simp/INST_36x36/60/inst36x36_60_35.txt : 261 ms.
--------------------------------------------------
======================================================================
current best clash: 0
----------------------------------------------------------------------
current col clash: 0
current row clash: 0
current squ clash: 0
benchmarks_simp/INST_36x36/60/inst36x36_60_36.txt find answer: 0.000000
benchmarks_simp/INST_36x36/60/inst36x36_60_36.txt : 268 ms.
--------------------------------------------------
======================================================================
current best clash: 0
----------------------------------------------------------------------
current col clash: 0
current row clash: 0
current squ clash: 0
benchmarks_simp/INST_36x36/60/inst36x36_60_37.txt find answer: 0.000000
benchmarks_simp/INST_36x36/60/inst36x36_60_37.txt : 274 ms.
--------------------------------------------------
======================================================================
current best clash: 0
----------------------------------------------------------------------
current col clash: 0
current row clash: 0
current squ clash: 0
benchmarks_simp/INST_36x36/60/inst36x36_60_38.txt find answer: 0.000000
benchmarks_simp/INST_36x36/60/inst36x36_60_38.txt : 266 ms.
--------------------------------------------------
======================================================================
current best clash: 0
----------------------------------------------------------------------
current col clash: 0
current row clash: 0
current squ clash: 0
benchmarks_simp/INST_36x36/60/inst36x36_60_39.txt find answer: 0.000000
benchmarks_simp/INST_36x36/60/inst36x36_60_39.txt : 263 ms.
--------------------------------------------------
======================================================================
current best clash: 0
----------------------------------------------------------------------
current col clash: 0
current row clash: 0
current squ clash: 0
benchmarks_simp/INST_36x36/60/inst36x36_60_3.txt find answer: 0.000000
benchmarks_simp/INST_36x36/60/inst36x36_60_3.txt : 734 ms.
--------------------------------------------------
======================================================================
current best clash: 0
----------------------------------------------------------------------
current col clash: 0
current row clash: 0
current squ clash: 0
benchmarks_simp/INST_36x36/60/inst36x36_60_40.txt find answer: 0.000000
benchmarks_simp/INST_36x36/60/inst36x36_60_40.txt : 287 ms.
--------------------------------------------------
======================================================================
current best clash: 0
----------------------------------------------------------------------
current col clash: 0
current row clash: 0
current squ clash: 0
benchmarks_simp/INST_36x36/60/inst36x36_60_41.txt find answer: 0.000000
benchmarks_simp/INST_36x36/60/inst36x36_60_41.txt : 272 ms.
--------------------------------------------------
======================================================================
current best clash: 0
----------------------------------------------------------------------
current col clash: 0
current row clash: 0
current squ clash: 0
benchmarks_simp/INST_36x36/60/inst36x36_60_42.txt find answer: 0.000000
benchmarks_simp/INST_36x36/60/inst36x36_60_42.txt : 253 ms.
--------------------------------------------------
======================================================================
current best clash: 0
----------------------------------------------------------------------
current col clash: 0
current row clash: 0
current squ clash: 0
benchmarks_simp/INST_36x36/60/inst36x36_60_43.txt find answer: 0.000000
benchmarks_simp/INST_36x36/60/inst36x36_60_43.txt : 275 ms.
--------------------------------------------------
======================================================================
current best clash: 0
----------------------------------------------------------------------
current col clash: 0
current row clash: 0
current squ clash: 0
benchmarks_simp/INST_36x36/60/inst36x36_60_44.txt find answer: 0.000000
benchmarks_simp/INST_36x36/60/inst36x36_60_44.txt : 279 ms.
--------------------------------------------------
======================================================================
current best clash: 0
----------------------------------------------------------------------
current col clash: 0
current row clash: 0
current squ clash: 0
benchmarks_simp/INST_36x36/60/inst36x36_60_45.txt find answer: 0.000000
benchmarks_simp/INST_36x36/60/inst36x36_60_45.txt : 274 ms.
--------------------------------------------------
======================================================================
current best clash: 0
----------------------------------------------------------------------
current col clash: 0
current row clash: 0
current squ clash: 0
benchmarks_simp/INST_36x36/60/inst36x36_60_46.txt find answer: 0.000000
benchmarks_simp/INST_36x36/60/inst36x36_60_46.txt : 279 ms.
--------------------------------------------------
======================================================================
current best clash: 0
----------------------------------------------------------------------
current col clash: 0
current row clash: 0
current squ clash: 0
benchmarks_simp/INST_36x36/60/inst36x36_60_47.txt find answer: 0.000000
benchmarks_simp/INST_36x36/60/inst36x36_60_47.txt : 256 ms.
--------------------------------------------------
======================================================================
current best clash: 0
----------------------------------------------------------------------
current col clash: 0
current row clash: 0
current squ clash: 0
benchmarks_simp/INST_36x36/60/inst36x36_60_48.txt find answer: 0.000000
benchmarks_simp/INST_36x36/60/inst36x36_60_48.txt : 256 ms.
--------------------------------------------------
======================================================================
current best clash: 0
----------------------------------------------------------------------
current col clash: 0
current row clash: 0
current squ clash: 0
benchmarks_simp/INST_36x36/60/inst36x36_60_49.txt find answer: 0.000000
benchmarks_simp/INST_36x36/60/inst36x36_60_49.txt : 252 ms.
--------------------------------------------------
======================================================================
current best clash: 0
----------------------------------------------------------------------
current col clash: 0
current row clash: 0
current squ clash: 0
benchmarks_simp/INST_36x36/60/inst36x36_60_4.txt find answer: 0.000000
benchmarks_simp/INST_36x36/60/inst36x36_60_4.txt : 264 ms.
--------------------------------------------------
======================================================================
current best clash: 0
----------------------------------------------------------------------
current col clash: 0
current row clash: 0
current squ clash: 0
benchmarks_simp/INST_36x36/60/inst36x36_60_50.txt find answer: 0.000000
benchmarks_simp/INST_36x36/60/inst36x36_60_50.txt : 257 ms.
--------------------------------------------------
======================================================================
current best clash: 0
----------------------------------------------------------------------
current col clash: 0
current row clash: 0
current squ clash: 0
benchmarks_simp/INST_36x36/60/inst36x36_60_51.txt find answer: 0.000000
benchmarks_simp/INST_36x36/60/inst36x36_60_51.txt : 284 ms.
--------------------------------------------------
======================================================================
current best clash: 0
----------------------------------------------------------------------
current col clash: 0
current row clash: 0
current squ clash: 0
benchmarks_simp/INST_36x36/60/inst36x36_60_52.txt find answer: 0.000000
benchmarks_simp/INST_36x36/60/inst36x36_60_52.txt : 279 ms.
--------------------------------------------------
======================================================================
current best clash: 0
----------------------------------------------------------------------
current col clash: 0
current row clash: 0
current squ clash: 0
benchmarks_simp/INST_36x36/60/inst36x36_60_53.txt find answer: 0.000000
benchmarks_simp/INST_36x36/60/inst36x36_60_53.txt : 265 ms.
--------------------------------------------------
======================================================================
current best clash: 0
----------------------------------------------------------------------
current col clash: 0
current row clash: 0
current squ clash: 0
benchmarks_simp/INST_36x36/60/inst36x36_60_54.txt find answer: 0.000000
benchmarks_simp/INST_36x36/60/inst36x36_60_54.txt : 264 ms.
--------------------------------------------------
======================================================================
current best clash: 0
----------------------------------------------------------------------
current col clash: 0
current row clash: 0
current squ clash: 0
benchmarks_simp/INST_36x36/60/inst36x36_60_55.txt find answer: 0.000000
benchmarks_simp/INST_36x36/60/inst36x36_60_55.txt : 258 ms.
--------------------------------------------------
======================================================================
current best clash: 0
----------------------------------------------------------------------
current col clash: 0
current row clash: 0
current squ clash: 0
benchmarks_simp/INST_36x36/60/inst36x36_60_56.txt find answer: 0.000000
benchmarks_simp/INST_36x36/60/inst36x36_60_56.txt : 260 ms.
--------------------------------------------------
======================================================================
current best clash: 0
----------------------------------------------------------------------
current col clash: 0
current row clash: 0
current squ clash: 0
benchmarks_simp/INST_36x36/60/inst36x36_60_57.txt find answer: 0.000000
benchmarks_simp/INST_36x36/60/inst36x36_60_57.txt : 257 ms.
--------------------------------------------------
======================================================================
current best clash: 0
----------------------------------------------------------------------
current col clash: 0
current row clash: 0
current squ clash: 0
benchmarks_simp/INST_36x36/60/inst36x36_60_58.txt find answer: 0.000000
benchmarks_simp/INST_36x36/60/inst36x36_60_58.txt : 268 ms.
--------------------------------------------------
======================================================================
current best clash: 0
----------------------------------------------------------------------
current col clash: 0
current row clash: 0
current squ clash: 0
benchmarks_simp/INST_36x36/60/inst36x36_60_59.txt find answer: 0.000000
benchmarks_simp/INST_36x36/60/inst36x36_60_59.txt : 271 ms.
--------------------------------------------------
======================================================================
current best clash: 0
----------------------------------------------------------------------
current col clash: 0
current row clash: 0
current squ clash: 0
benchmarks_simp/INST_36x36/60/inst36x36_60_5.txt find answer: 0.000000
benchmarks_simp/INST_36x36/60/inst36x36_60_5.txt : 254 ms.
--------------------------------------------------
======================================================================
current best clash: 0
----------------------------------------------------------------------
current col clash: 0
current row clash: 0
current squ clash: 0
benchmarks_simp/INST_36x36/60/inst36x36_60_60.txt find answer: 0.000000
benchmarks_simp/INST_36x36/60/inst36x36_60_60.txt : 259 ms.
--------------------------------------------------
======================================================================
current best clash: 0
----------------------------------------------------------------------
current col clash: 0
current row clash: 0
current squ clash: 0
benchmarks_simp/INST_36x36/60/inst36x36_60_61.txt find answer: 0.000000
benchmarks_simp/INST_36x36/60/inst36x36_60_61.txt : 254 ms.
--------------------------------------------------
======================================================================
current best clash: 0
----------------------------------------------------------------------
current col clash: 0
current row clash: 0
current squ clash: 0
benchmarks_simp/INST_36x36/60/inst36x36_60_62.txt find answer: 0.000000
benchmarks_simp/INST_36x36/60/inst36x36_60_62.txt : 258 ms.
--------------------------------------------------
======================================================================
current best clash: 0
----------------------------------------------------------------------
current col clash: 0
current row clash: 0
current squ clash: 0
benchmarks_simp/INST_36x36/60/inst36x36_60_63.txt find answer: 0.000000
benchmarks_simp/INST_36x36/60/inst36x36_60_63.txt : 256 ms.
--------------------------------------------------
======================================================================
current best clash: 0
----------------------------------------------------------------------
current col clash: 0
current row clash: 0
current squ clash: 0
benchmarks_simp/INST_36x36/60/inst36x36_60_64.txt find answer: 0.000000
benchmarks_simp/INST_36x36/60/inst36x36_60_64.txt : 259 ms.
--------------------------------------------------
======================================================================
current best clash: 0
----------------------------------------------------------------------
current col clash: 0
current row clash: 0
current squ clash: 0
benchmarks_simp/INST_36x36/60/inst36x36_60_65.txt find answer: 0.000000
benchmarks_simp/INST_36x36/60/inst36x36_60_65.txt : 254 ms.
--------------------------------------------------
======================================================================
current best clash: 0
----------------------------------------------------------------------
current col clash: 0
current row clash: 0
current squ clash: 0
benchmarks_simp/INST_36x36/60/inst36x36_60_66.txt find answer: 0.000000
benchmarks_simp/INST_36x36/60/inst36x36_60_66.txt : 271 ms.
--------------------------------------------------
======================================================================
current best clash: 0
----------------------------------------------------------------------
current col clash: 0
current row clash: 0
current squ clash: 0
benchmarks_simp/INST_36x36/60/inst36x36_60_67.txt find answer: 0.000000
benchmarks_simp/INST_36x36/60/inst36x36_60_67.txt : 265 ms.
--------------------------------------------------
======================================================================
current best clash: 0
----------------------------------------------------------------------
current col clash: 0
current row clash: 0
current squ clash: 0
benchmarks_simp/INST_36x36/60/inst36x36_60_68.txt find answer: 0.000000
benchmarks_simp/INST_36x36/60/inst36x36_60_68.txt : 278 ms.
--------------------------------------------------
======================================================================
current best clash: 0
----------------------------------------------------------------------
current col clash: 0
current row clash: 0
current squ clash: 0
benchmarks_simp/INST_36x36/60/inst36x36_60_69.txt find answer: 0.000000
benchmarks_simp/INST_36x36/60/inst36x36_60_69.txt : 262 ms.
--------------------------------------------------
======================================================================
current best clash: 0
----------------------------------------------------------------------
current col clash: 0
current row clash: 0
current squ clash: 0
benchmarks_simp/INST_36x36/60/inst36x36_60_6.txt find answer: 0.000000
benchmarks_simp/INST_36x36/60/inst36x36_60_6.txt : 261 ms.
--------------------------------------------------
======================================================================
current best clash: 0
----------------------------------------------------------------------
current col clash: 0
current row clash: 0
current squ clash: 0
benchmarks_simp/INST_36x36/60/inst36x36_60_70.txt find answer: 0.000000
benchmarks_simp/INST_36x36/60/inst36x36_60_70.txt : 756 ms.
--------------------------------------------------
======================================================================
current best clash: 0
----------------------------------------------------------------------
current col clash: 0
current row clash: 0
current squ clash: 0
benchmarks_simp/INST_36x36/60/inst36x36_60_71.txt find answer: 0.000000
benchmarks_simp/INST_36x36/60/inst36x36_60_71.txt : 496 ms.
--------------------------------------------------
======================================================================
current best clash: 0
----------------------------------------------------------------------
current col clash: 0
current row clash: 0
current squ clash: 0
benchmarks_simp/INST_36x36/60/inst36x36_60_72.txt find answer: 0.000000
benchmarks_simp/INST_36x36/60/inst36x36_60_72.txt : 276 ms.
--------------------------------------------------
======================================================================
current best clash: 0
----------------------------------------------------------------------
current col clash: 0
current row clash: 0
current squ clash: 0
benchmarks_simp/INST_36x36/60/inst36x36_60_73.txt find answer: 0.000000
benchmarks_simp/INST_36x36/60/inst36x36_60_73.txt : 261 ms.
--------------------------------------------------
======================================================================
current best clash: 0
----------------------------------------------------------------------
current col clash: 0
current row clash: 0
current squ clash: 0
benchmarks_simp/INST_36x36/60/inst36x36_60_74.txt find answer: 0.000000
benchmarks_simp/INST_36x36/60/inst36x36_60_74.txt : 263 ms.
--------------------------------------------------
======================================================================
current best clash: 0
----------------------------------------------------------------------
current col clash: 0
current row clash: 0
current squ clash: 0
benchmarks_simp/INST_36x36/60/inst36x36_60_75.txt find answer: 0.000000
benchmarks_simp/INST_36x36/60/inst36x36_60_75.txt : 271 ms.
--------------------------------------------------
======================================================================
current best clash: 0
----------------------------------------------------------------------
current col clash: 0
current row clash: 0
current squ clash: 0
benchmarks_simp/INST_36x36/60/inst36x36_60_76.txt find answer: 0.000000
benchmarks_simp/INST_36x36/60/inst36x36_60_76.txt : 260 ms.
--------------------------------------------------
======================================================================
current best clash: 0
----------------------------------------------------------------------
current col clash: 0
current row clash: 0
current squ clash: 0
benchmarks_simp/INST_36x36/60/inst36x36_60_77.txt find answer: 0.000000
benchmarks_simp/INST_36x36/60/inst36x36_60_77.txt : 269 ms.
--------------------------------------------------
======================================================================
current best clash: 0
----------------------------------------------------------------------
current col clash: 0
current row clash: 0
current squ clash: 0
benchmarks_simp/INST_36x36/60/inst36x36_60_78.txt find answer: 0.000000
benchmarks_simp/INST_36x36/60/inst36x36_60_78.txt : 259 ms.
--------------------------------------------------
======================================================================
current best clash: 0
----------------------------------------------------------------------
current col clash: 0
current row clash: 0
current squ clash: 0
benchmarks_simp/INST_36x36/60/inst36x36_60_79.txt find answer: 0.000000
benchmarks_simp/INST_36x36/60/inst36x36_60_79.txt : 253 ms.
--------------------------------------------------
======================================================================
current best clash: 0
----------------------------------------------------------------------
current col clash: 0
current row clash: 0
current squ clash: 0
benchmarks_simp/INST_36x36/60/inst36x36_60_7.txt find answer: 0.000000
benchmarks_simp/INST_36x36/60/inst36x36_60_7.txt : 254 ms.
--------------------------------------------------
======================================================================
current best clash: 0
----------------------------------------------------------------------
current col clash: 0
current row clash: 0
current squ clash: 0
benchmarks_simp/INST_36x36/60/inst36x36_60_80.txt find answer: 0.000000
benchmarks_simp/INST_36x36/60/inst36x36_60_80.txt : 252 ms.
--------------------------------------------------
======================================================================
current best clash: 0
----------------------------------------------------------------------
current col clash: 0
current row clash: 0
current squ clash: 0
benchmarks_simp/INST_36x36/60/inst36x36_60_81.txt find answer: 0.000000
benchmarks_simp/INST_36x36/60/inst36x36_60_81.txt : 260 ms.
--------------------------------------------------
======================================================================
current best clash: 0
----------------------------------------------------------------------
current col clash: 0
current row clash: 0
current squ clash: 0
benchmarks_simp/INST_36x36/60/inst36x36_60_82.txt find answer: 0.000000
