--------------------------------------------------
======================================================================
current best clash: 0
----------------------------------------------------------------------
current col clash: 0
current row clash: 0
current squ clash: 0
benchmarks_simp/INST_36x36/0/inst36x36_0_0.txt find answer: 0.110000
benchmarks_simp/INST_36x36/0/inst36x36_0_0.txt : 560 ms.
--------------------------------------------------
======================================================================
current best clash: 0
----------------------------------------------------------------------
current col clash: 0
current row clash: 0
current squ clash: 0
benchmarks_simp/INST_36x36/0/inst36x36_0_10.txt find answer: 0.110000
benchmarks_simp/INST_36x36/0/inst36x36_0_10.txt : 542 ms.
--------------------------------------------------
======================================================================
current best clash: 0
----------------------------------------------------------------------
current col clash: 0
current row clash: 0
current squ clash: 0
benchmarks_simp/INST_36x36/0/inst36x36_0_11.txt find answer: 0.120000
benchmarks_simp/INST_36x36/0/inst36x36_0_11.txt : 381 ms.
--------------------------------------------------
======================================================================
current best clash: 0
----------------------------------------------------------------------
current col clash: 0
current row clash: 0
current squ clash: 0
benchmarks_simp/INST_36x36/0/inst36x36_0_12.txt find answer: 0.120000
benchmarks_simp/INST_36x36/0/inst36x36_0_12.txt : 382 ms.
--------------------------------------------------
======================================================================
current best clash: 0
----------------------------------------------------------------------
current col clash: 0
current row clash: 0
current squ clash: 0
benchmarks_simp/INST_36x36/0/inst36x36_0_13.txt find answer: 0.110000
benchmarks_simp/INST_36x36/0/inst36x36_0_13.txt : 392 ms.
--------------------------------------------------
======================================================================
current best clash: 0
----------------------------------------------------------------------
current col clash: 0
current row clash: 0
current squ clash: 0
benchmarks_simp/INST_36x36/0/inst36x36_0_14.txt find answer: 0.120000
benchmarks_simp/INST_36x36/0/inst36x36_0_14.txt : 373 ms.
--------------------------------------------------
======================================================================
current best clash: 0
----------------------------------------------------------------------
current col clash: 0
current row clash: 0
current squ clash: 0
benchmarks_simp/INST_36x36/0/inst36x36_0_15.txt find answer: 0.120000
benchmarks_simp/INST_36x36/0/inst36x36_0_15.txt : 377 ms.
--------------------------------------------------
======================================================================
current best clash: 0
----------------------------------------------------------------------
current col clash: 0
current row clash: 0
current squ clash: 0
benchmarks_simp/INST_36x36/0/inst36x36_0_16.txt find answer: 0.120000
benchmarks_simp/INST_36x36/0/inst36x36_0_16.txt : 396 ms.
--------------------------------------------------
======================================================================
current best clash: 0
----------------------------------------------------------------------
current col clash: 0
current row clash: 0
current squ clash: 0
benchmarks_simp/INST_36x36/0/inst36x36_0_17.txt find answer: 0.110000
benchmarks_simp/INST_36x36/0/inst36x36_0_17.txt : 380 ms.
--------------------------------------------------
======================================================================
current best clash: 0
----------------------------------------------------------------------
current col clash: 0
current row clash: 0
current squ clash: 0
benchmarks_simp/INST_36x36/0/inst36x36_0_18.txt find answer: 0.110000
benchmarks_simp/INST_36x36/0/inst36x36_0_18.txt : 376 ms.
--------------------------------------------------
======================================================================
current best clash: 0
----------------------------------------------------------------------
current col clash: 0
current row clash: 0
current squ clash: 0
benchmarks_simp/INST_36x36/0/inst36x36_0_19.txt find answer: 0.110000
benchmarks_simp/INST_36x36/0/inst36x36_0_19.txt : 385 ms.
--------------------------------------------------
======================================================================
current best clash: 0
----------------------------------------------------------------------
current col clash: 0
current row clash: 0
current squ clash: 0
benchmarks_simp/INST_36x36/0/inst36x36_0_1.txt find answer: 0.120000
benchmarks_simp/INST_36x36/0/inst36x36_0_1.txt : 385 ms.
--------------------------------------------------
======================================================================
current best clash: 0
----------------------------------------------------------------------
current col clash: 0
current row clash: 0
current squ clash: 0
benchmarks_simp/INST_36x36/0/inst36x36_0_20.txt find answer: 0.110000
benchmarks_simp/INST_36x36/0/inst36x36_0_20.txt : 364 ms.
--------------------------------------------------
======================================================================
current best clash: 0
----------------------------------------------------------------------
current col clash: 0
current row clash: 0
current squ clash: 0
benchmarks_simp/INST_36x36/0/inst36x36_0_21.txt find answer: 0.110000
benchmarks_simp/INST_36x36/0/inst36x36_0_21.txt : 372 ms.
--------------------------------------------------
======================================================================
current best clash: 0
----------------------------------------------------------------------
current col clash: 0
current row clash: 0
current squ clash: 0
benchmarks_simp/INST_36x36/0/inst36x36_0_22.txt find answer: 0.120000
benchmarks_simp/INST_36x36/0/inst36x36_0_22.txt : 379 ms.
--------------------------------------------------
======================================================================
current best clash: 0
----------------------------------------------------------------------
current col clash: 0
current row clash: 0
current squ clash: 0
benchmarks_simp/INST_36x36/0/inst36x36_0_23.txt find answer: 0.120000
benchmarks_simp/INST_36x36/0/inst36x36_0_23.txt : 361 ms.
--------------------------------------------------
======================================================================
current best clash: 0
----------------------------------------------------------------------
current col clash: 0
current row clash: 0
current squ clash: 0
benchmarks_simp/INST_36x36/0/inst36x36_0_24.txt find answer: 0.100000
benchmarks_simp/INST_36x36/0/inst36x36_0_24.txt : 364 ms.
--------------------------------------------------
======================================================================
current best clash: 0
----------------------------------------------------------------------
current col clash: 0
current row clash: 0
current squ clash: 0
benchmarks_simp/INST_36x36/0/inst36x36_0_25.txt find answer: 0.120000
benchmarks_simp/INST_36x36/0/inst36x36_0_25.txt : 376 ms.
--------------------------------------------------
======================================================================
current best clash: 0
----------------------------------------------------------------------
current col clash: 0
current row clash: 0
current squ clash: 0
benchmarks_simp/INST_36x36/0/inst36x36_0_26.txt find answer: 0.120000
benchmarks_simp/INST_36x36/0/inst36x36_0_26.txt : 409 ms.
--------------------------------------------------
======================================================================
current best clash: 0
----------------------------------------------------------------------
current col clash: 0
current row clash: 0
current squ clash: 0
benchmarks_simp/INST_36x36/0/inst36x36_0_27.txt find answer: 0.110000
benchmarks_simp/INST_36x36/0/inst36x36_0_27.txt : 362 ms.
--------------------------------------------------
======================================================================
current best clash: 0
----------------------------------------------------------------------
current col clash: 0
current row clash: 0
current squ clash: 0
benchmarks_simp/INST_36x36/0/inst36x36_0_28.txt find answer: 0.100000
benchmarks_simp/INST_36x36/0/inst36x36_0_28.txt : 368 ms.
--------------------------------------------------
======================================================================
current best clash: 0
----------------------------------------------------------------------
current col clash: 0
current row clash: 0
current squ clash: 0
benchmarks_simp/INST_36x36/0/inst36x36_0_29.txt find answer: 0.110000
benchmarks_simp/INST_36x36/0/inst36x36_0_29.txt : 368 ms.
--------------------------------------------------
======================================================================
current best clash: 0
----------------------------------------------------------------------
current col clash: 0
current row clash: 0
current squ clash: 0
benchmarks_simp/INST_36x36/0/inst36x36_0_2.txt find answer: 0.110000
benchmarks_simp/INST_36x36/0/inst36x36_0_2.txt : 379 ms.
--------------------------------------------------
======================================================================
current best clash: 0
----------------------------------------------------------------------
current col clash: 0
current row clash: 0
current squ clash: 0
benchmarks_simp/INST_36x36/0/inst36x36_0_30.txt find answer: 0.110000
benchmarks_simp/INST_36x36/0/inst36x36_0_30.txt : 373 ms.
--------------------------------------------------
======================================================================
current best clash: 0
----------------------------------------------------------------------
current col clash: 0
current row clash: 0
current squ clash: 0
benchmarks_simp/INST_36x36/0/inst36x36_0_31.txt find answer: 0.120000
benchmarks_simp/INST_36x36/0/inst36x36_0_31.txt : 669 ms.
--------------------------------------------------
======================================================================
current best clash: 0
----------------------------------------------------------------------
current col clash: 0
current row clash: 0
current squ clash: 0
benchmarks_simp/INST_36x36/0/inst36x36_0_32.txt find answer: 0.110000
benchmarks_simp/INST_36x36/0/inst36x36_0_32.txt : 818 ms.
--------------------------------------------------
======================================================================
current best clash: 0
----------------------------------------------------------------------
current col clash: 0
current row clash: 0
current squ clash: 0
benchmarks_simp/INST_36x36/0/inst36x36_0_33.txt find answer: 0.120000
benchmarks_simp/INST_36x36/0/inst36x36_0_33.txt : 377 ms.
--------------------------------------------------
======================================================================
current best clash: 0
----------------------------------------------------------------------
current col clash: 0
current row clash: 0
current squ clash: 0
benchmarks_simp/INST_36x36/0/inst36x36_0_34.txt find answer: 0.110000
benchmarks_simp/INST_36x36/0/inst36x36_0_34.txt : 371 ms.
--------------------------------------------------
======================================================================
current best clash: 0
----------------------------------------------------------------------
current col clash: 0
current row clash: 0
current squ clash: 0
benchmarks_simp/INST_36x36/0/inst36x36_0_35.txt find answer: 0.120000
benchmarks_simp/INST_36x36/0/inst36x36_0_35.txt : 363 ms.
--------------------------------------------------
======================================================================
current best clash: 0
----------------------------------------------------------------------
current col clash: 0
current row clash: 0
current squ clash: 0
benchmarks_simp/INST_36x36/0/inst36x36_0_36.txt find answer: 0.110000
benchmarks_simp/INST_36x36/0/inst36x36_0_36.txt : 360 ms.
--------------------------------------------------
======================================================================
current best clash: 0
----------------------------------------------------------------------
current col clash: 0
current row clash: 0
current squ clash: 0
benchmarks_simp/INST_36x36/0/inst36x36_0_37.txt find answer: 0.110000
benchmarks_simp/INST_36x36/0/inst36x36_0_37.txt : 374 ms.
--------------------------------------------------
======================================================================
current best clash: 0
----------------------------------------------------------------------
current col clash: 0
current row clash: 0
current squ clash: 0
benchmarks_simp/INST_36x36/0/inst36x36_0_38.txt find answer: 0.110000
benchmarks_simp/INST_36x36/0/inst36x36_0_38.txt : 367 ms.
--------------------------------------------------
======================================================================
current best clash: 0
----------------------------------------------------------------------
current col clash: 0
current row clash: 0
current squ clash: 0
benchmarks_simp/INST_36x36/0/inst36x36_0_39.txt find answer: 0.110000
benchmarks_simp/INST_36x36/0/inst36x36_0_39.txt : 367 ms.
--------------------------------------------------
======================================================================
current best clash: 0
----------------------------------------------------------------------
current col clash: 0
current row clash: 0
current squ clash: 0
benchmarks_simp/INST_36x36/0/inst36x36_0_3.txt find answer: 0.110000
benchmarks_simp/INST_36x36/0/inst36x36_0_3.txt : 362 ms.
--------------------------------------------------
======================================================================
current best clash: 0
----------------------------------------------------------------------
current col clash: 0
current row clash: 0
current squ clash: 0
benchmarks_simp/INST_36x36/0/inst36x36_0_40.txt find answer: 0.110000
benchmarks_simp/INST_36x36/0/inst36x36_0_40.txt : 362 ms.
--------------------------------------------------
======================================================================
current best clash: 0
----------------------------------------------------------------------
current col clash: 0
current row clash: 0
current squ clash: 0
benchmarks_simp/INST_36x36/0/inst36x36_0_41.txt find answer: 0.110000
benchmarks_simp/INST_36x36/0/inst36x36_0_41.txt : 360 ms.
--------------------------------------------------
======================================================================
current best clash: 0
----------------------------------------------------------------------
current col clash: 0
current row clash: 0
current squ clash: 0
benchmarks_simp/INST_36x36/0/inst36x36_0_42.txt find answer: 0.110000
benchmarks_simp/INST_36x36/0/inst36x36_0_42.txt : 357 ms.
--------------------------------------------------
======================================================================
current best clash: 0
----------------------------------------------------------------------
current col clash: 0
current row clash: 0
current squ clash: 0
benchmarks_simp/INST_36x36/0/inst36x36_0_43.txt find answer: 0.110000
benchmarks_simp/INST_36x36/0/inst36x36_0_43.txt : 359 ms.
--------------------------------------------------
======================================================================
current best clash: 0
----------------------------------------------------------------------
current col clash: 0
current row clash: 0
current squ clash: 0
benchmarks_simp/INST_36x36/0/inst36x36_0_44.txt find answer: 0.110000
benchmarks_simp/INST_36x36/0/inst36x36_0_44.txt : 367 ms.
--------------------------------------------------
======================================================================
current best clash: 0
----------------------------------------------------------------------
current col clash: 0
current row clash: 0
current squ clash: 0
benchmarks_simp/INST_36x36/0/inst36x36_0_45.txt find answer: 0.110000
benchmarks_simp/INST_36x36/0/inst36x36_0_45.txt : 364 ms.
--------------------------------------------------
======================================================================
current best clash: 0
----------------------------------------------------------------------
current col clash: 0
current row clash: 0
current squ clash: 0
benchmarks_simp/INST_36x36/0/inst36x36_0_46.txt find answer: 0.110000
benchmarks_simp/INST_36x36/0/inst36x36_0_46.txt : 366 ms.
--------------------------------------------------
======================================================================
current best clash: 0
----------------------------------------------------------------------
current col clash: 0
current row clash: 0
current squ clash: 0
benchmarks_simp/INST_36x36/0/inst36x36_0_47.txt find answer: 0.110000
benchmarks_simp/INST_36x36/0/inst36x36_0_47.txt : 360 ms.
--------------------------------------------------
======================================================================
current best clash: 0
----------------------------------------------------------------------
current col clash: 0
current row clash: 0
current squ clash: 0
benchmarks_simp/INST_36x36/0/inst36x36_0_48.txt find answer: 0.110000
benchmarks_simp/INST_36x36/0/inst36x36_0_48.txt : 364 ms.
--------------------------------------------------
======================================================================
current best clash: 0
----------------------------------------------------------------------
current col clash: 0
current row clash: 0
current squ clash: 0
benchmarks_simp/INST_36x36/0/inst36x36_0_49.txt find answer: 0.110000
benchmarks_simp/INST_36x36/0/inst36x36_0_49.txt : 357 ms.
--------------------------------------------------
======================================================================
current best clash: 0
----------------------------------------------------------------------
current col clash: 0
current row clash: 0
current squ clash: 0
benchmarks_simp/INST_36x36/0/inst36x36_0_4.txt find answer: 0.110000
benchmarks_simp/INST_36x36/0/inst36x36_0_4.txt : 369 ms.
--------------------------------------------------
======================================================================
current best clash: 0
----------------------------------------------------------------------
current col clash: 0
current row clash: 0
current squ clash: 0
benchmarks_simp/INST_36x36/0/inst36x36_0_50.txt find answer: 0.110000
benchmarks_simp/INST_36x36/0/inst36x36_0_50.txt : 359 ms.
--------------------------------------------------
======================================================================
current best clash: 0
----------------------------------------------------------------------
current col clash: 0
current row clash: 0
current squ clash: 0
benchmarks_simp/INST_36x36/0/inst36x36_0_51.txt find answer: 0.110000
benchmarks_simp/INST_36x36/0/inst36x36_0_51.txt : 370 ms.
--------------------------------------------------
======================================================================
current best clash: 0
----------------------------------------------------------------------
current col clash: 0
current row clash: 0
current squ clash: 0
benchmarks_simp/INST_36x36/0/inst36x36_0_52.txt find answer: 0.110000
benchmarks_simp/INST_36x36/0/inst36x36_0_52.txt : 364 ms.
--------------------------------------------------
======================================================================
current best clash: 0
----------------------------------------------------------------------
current col clash: 0
current row clash: 0
current squ clash: 0
benchmarks_simp/INST_36x36/0/inst36x36_0_53.txt find answer: 0.120000
benchmarks_simp/INST_36x36/0/inst36x36_0_53.txt : 359 ms.
--------------------------------------------------
======================================================================
current best clash: 0
----------------------------------------------------------------------
current col clash: 0
current row clash: 0
current squ clash: 0
benchmarks_simp/INST_36x36/0/inst36x36_0_54.txt find answer: 0.110000
benchmarks_simp/INST_36x36/0/inst36x36_0_54.txt : 777 ms.
--------------------------------------------------
======================================================================
current best clash: 0
----------------------------------------------------------------------
current col clash: 0
current row clash: 0
current squ clash: 0
benchmarks_simp/INST_36x36/0/inst36x36_0_55.txt find answer: 0.110000
benchmarks_simp/INST_36x36/0/inst36x36_0_55.txt : 637 ms.
--------------------------------------------------
======================================================================
current best clash: 0
----------------------------------------------------------------------
current col clash: 0
current row clash: 0
current squ clash: 0
benchmarks_simp/INST_36x36/0/inst36x36_0_56.txt find answer: 0.110000
benchmarks_simp/INST_36x36/0/inst36x36_0_56.txt : 359 ms.
--------------------------------------------------
======================================================================
current best clash: 0
----------------------------------------------------------------------
current col clash: 0
current row clash: 0
current squ clash: 0
benchmarks_simp/INST_36x36/0/inst36x36_0_57.txt find answer: 0.110000
benchmarks_simp/INST_36x36/0/inst36x36_0_57.txt : 359 ms.
--------------------------------------------------
======================================================================
current best clash: 0
----------------------------------------------------------------------
current col clash: 0
current row clash: 0
current squ clash: 0
benchmarks_simp/INST_36x36/0/inst36x36_0_58.txt find answer: 0.120000
benchmarks_simp/INST_36x36/0/inst36x36_0_58.txt : 388 ms.
--------------------------------------------------
======================================================================
current best clash: 0
----------------------------------------------------------------------
current col clash: 0
current row clash: 0
current squ clash: 0
benchmarks_simp/INST_36x36/0/inst36x36_0_59.txt find answer: 0.110000
benchmarks_simp/INST_36x36/0/inst36x36_0_59.txt : 365 ms.
--------------------------------------------------
======================================================================
current best clash: 0
----------------------------------------------------------------------
current col clash: 0
current row clash: 0
current squ clash: 0
benchmarks_simp/INST_36x36/0/inst36x36_0_5.txt find answer: 0.110000
benchmarks_simp/INST_36x36/0/inst36x36_0_5.txt : 366 ms.
--------------------------------------------------
======================================================================
current best clash: 0
----------------------------------------------------------------------
current col clash: 0
current row clash: 0
current squ clash: 0
benchmarks_simp/INST_36x36/0/inst36x36_0_60.txt find answer: 0.110000
benchmarks_simp/INST_36x36/0/inst36x36_0_60.txt : 367 ms.
--------------------------------------------------
======================================================================
current best clash: 0
----------------------------------------------------------------------
current col clash: 0
current row clash: 0
current squ clash: 0
benchmarks_simp/INST_36x36/0/inst36x36_0_61.txt find answer: 0.110000
benchmarks_simp/INST_36x36/0/inst36x36_0_61.txt : 364 ms.
--------------------------------------------------
======================================================================
current best clash: 0
----------------------------------------------------------------------
current col clash: 0
current row clash: 0
current squ clash: 0
benchmarks_simp/INST_36x36/0/inst36x36_0_62.txt find answer: 0.120000
benchmarks_simp/INST_36x36/0/inst36x36_0_62.txt : 364 ms.
--------------------------------------------------
