--------------------------------------------------
minizinc: Unrecognized option or bad format `benchmarks/INST_100x100/10/inst100x100_10_0.txt'
minizinc: MiniZinc driver.
Usage: minizinc  [<options>] [-I <include path>] <model>.mzn [<data>.dzn ...] or just <flat>.fzn
More info with "minizinc --help"
benchmarks/INST_100x100/10/inst100x100_10_0.txt : 186 ms.
--------------------------------------------------
minizinc: Unrecognized option or bad format `benchmarks/INST_100x100/10/inst100x100_10_10.txt'
minizinc: MiniZinc driver.
Usage: minizinc  [<options>] [-I <include path>] <model>.mzn [<data>.dzn ...] or just <flat>.fzn
More info with "minizinc --help"
benchmarks/INST_100x100/10/inst100x100_10_10.txt : 41 ms.
--------------------------------------------------
minizinc: Unrecognized option or bad format `benchmarks/INST_100x100/10/inst100x100_10_11.txt'
minizinc: MiniZinc driver.
Usage: minizinc  [<options>] [-I <include path>] <model>.mzn [<data>.dzn ...] or just <flat>.fzn
More info with "minizinc --help"
benchmarks/INST_100x100/10/inst100x100_10_11.txt : 88 ms.
--------------------------------------------------
minizinc: Unrecognized option or bad format `benchmarks/INST_100x100/10/inst100x100_10_12.txt'
minizinc: MiniZinc driver.
Usage: minizinc  [<options>] [-I <include path>] <model>.mzn [<data>.dzn ...] or just <flat>.fzn
More info with "minizinc --help"
benchmarks/INST_100x100/10/inst100x100_10_12.txt : 43 ms.
--------------------------------------------------
minizinc: Unrecognized option or bad format `benchmarks/INST_100x100/10/inst100x100_10_13.txt'
minizinc: MiniZinc driver.
Usage: minizinc  [<options>] [-I <include path>] <model>.mzn [<data>.dzn ...] or just <flat>.fzn
More info with "minizinc --help"
benchmarks/INST_100x100/10/inst100x100_10_13.txt : 34 ms.
--------------------------------------------------
minizinc: Unrecognized option or bad format `benchmarks/INST_100x100/10/inst100x100_10_14.txt'
minizinc: MiniZinc driver.
Usage: minizinc  [<options>] [-I <include path>] <model>.mzn [<data>.dzn ...] or just <flat>.fzn
More info with "minizinc --help"
benchmarks/INST_100x100/10/inst100x100_10_14.txt : 40 ms.
--------------------------------------------------
minizinc: Unrecognized option or bad format `benchmarks/INST_100x100/10/inst100x100_10_15.txt'
minizinc: MiniZinc driver.
Usage: minizinc  [<options>] [-I <include path>] <model>.mzn [<data>.dzn ...] or just <flat>.fzn
More info with "minizinc --help"
benchmarks/INST_100x100/10/inst100x100_10_15.txt : 748 ms.
--------------------------------------------------
minizinc: Unrecognized option or bad format `benchmarks/INST_100x100/10/inst100x100_10_16.txt'
minizinc: MiniZinc driver.
Usage: minizinc  [<options>] [-I <include path>] <model>.mzn [<data>.dzn ...] or just <flat>.fzn
More info with "minizinc --help"
benchmarks/INST_100x100/10/inst100x100_10_16.txt : 44 ms.
--------------------------------------------------
minizinc: Unrecognized option or bad format `benchmarks/INST_100x100/10/inst100x100_10_17.txt'
minizinc: MiniZinc driver.
Usage: minizinc  [<options>] [-I <include path>] <model>.mzn [<data>.dzn ...] or just <flat>.fzn
More info with "minizinc --help"
benchmarks/INST_100x100/10/inst100x100_10_17.txt : 62 ms.
--------------------------------------------------
minizinc: Unrecognized option or bad format `benchmarks/INST_100x100/10/inst100x100_10_18.txt'
minizinc: MiniZinc driver.
Usage: minizinc  [<options>] [-I <include path>] <model>.mzn [<data>.dzn ...] or just <flat>.fzn
More info with "minizinc --help"
benchmarks/INST_100x100/10/inst100x100_10_18.txt : 67 ms.
--------------------------------------------------
minizinc: Unrecognized option or bad format `benchmarks/INST_100x100/10/inst100x100_10_19.txt'
minizinc: MiniZinc driver.
Usage: minizinc  [<options>] [-I <include path>] <model>.mzn [<data>.dzn ...] or just <flat>.fzn
More info with "minizinc --help"
benchmarks/INST_100x100/10/inst100x100_10_19.txt : 79 ms.
--------------------------------------------------
minizinc: Unrecognized option or bad format `benchmarks/INST_100x100/10/inst100x100_10_1.txt'
minizinc: MiniZinc driver.
Usage: minizinc  [<options>] [-I <include path>] <model>.mzn [<data>.dzn ...] or just <flat>.fzn
More info with "minizinc --help"
benchmarks/INST_100x100/10/inst100x100_10_1.txt : 72 ms.
--------------------------------------------------
minizinc: Unrecognized option or bad format `benchmarks/INST_100x100/10/inst100x100_10_20.txt'
minizinc: MiniZinc driver.
Usage: minizinc  [<options>] [-I <include path>] <model>.mzn [<data>.dzn ...] or just <flat>.fzn
More info with "minizinc --help"
benchmarks/INST_100x100/10/inst100x100_10_20.txt : 62 ms.
--------------------------------------------------
minizinc: Unrecognized option or bad format `benchmarks/INST_100x100/10/inst100x100_10_21.txt'
minizinc: MiniZinc driver.
Usage: minizinc  [<options>] [-I <include path>] <model>.mzn [<data>.dzn ...] or just <flat>.fzn
More info with "minizinc --help"
benchmarks/INST_100x100/10/inst100x100_10_21.txt : 61 ms.
--------------------------------------------------
minizinc: Unrecognized option or bad format `benchmarks/INST_100x100/10/inst100x100_10_22.txt'
minizinc: MiniZinc driver.
Usage: minizinc  [<options>] [-I <include path>] <model>.mzn [<data>.dzn ...] or just <flat>.fzn
More info with "minizinc --help"
benchmarks/INST_100x100/10/inst100x100_10_22.txt : 63 ms.
--------------------------------------------------
minizinc: Unrecognized option or bad format `benchmarks/INST_100x100/10/inst100x100_10_23.txt'
minizinc: MiniZinc driver.
Usage: minizinc  [<options>] [-I <include path>] <model>.mzn [<data>.dzn ...] or just <flat>.fzn
More info with "minizinc --help"
benchmarks/INST_100x100/10/inst100x100_10_23.txt : 68 ms.
--------------------------------------------------
minizinc: Unrecognized option or bad format `benchmarks/INST_100x100/10/inst100x100_10_24.txt'
minizinc: MiniZinc driver.
Usage: minizinc  [<options>] [-I <include path>] <model>.mzn [<data>.dzn ...] or just <flat>.fzn
More info with "minizinc --help"
benchmarks/INST_100x100/10/inst100x100_10_24.txt : 65 ms.
--------------------------------------------------
minizinc: Unrecognized option or bad format `benchmarks/INST_100x100/10/inst100x100_10_25.txt'
minizinc: MiniZinc driver.
Usage: minizinc  [<options>] [-I <include path>] <model>.mzn [<data>.dzn ...] or just <flat>.fzn
More info with "minizinc --help"
benchmarks/INST_100x100/10/inst100x100_10_25.txt : 65 ms.
--------------------------------------------------
minizinc: Unrecognized option or bad format `benchmarks/INST_100x100/10/inst100x100_10_26.txt'
minizinc: MiniZinc driver.
Usage: minizinc  [<options>] [-I <include path>] <model>.mzn [<data>.dzn ...] or just <flat>.fzn
More info with "minizinc --help"
benchmarks/INST_100x100/10/inst100x100_10_26.txt : 67 ms.
--------------------------------------------------
minizinc: Unrecognized option or bad format `benchmarks/INST_100x100/10/inst100x100_10_27.txt'
minizinc: MiniZinc driver.
Usage: minizinc  [<options>] [-I <include path>] <model>.mzn [<data>.dzn ...] or just <flat>.fzn
More info with "minizinc --help"
benchmarks/INST_100x100/10/inst100x100_10_27.txt : 65 ms.
--------------------------------------------------
minizinc: Unrecognized option or bad format `benchmarks/INST_100x100/10/inst100x100_10_28.txt'
minizinc: MiniZinc driver.
Usage: minizinc  [<options>] [-I <include path>] <model>.mzn [<data>.dzn ...] or just <flat>.fzn
More info with "minizinc --help"
benchmarks/INST_100x100/10/inst100x100_10_28.txt : 67 ms.
--------------------------------------------------
minizinc: Unrecognized option or bad format `benchmarks/INST_100x100/10/inst100x100_10_29.txt'
minizinc: MiniZinc driver.
Usage: minizinc  [<options>] [-I <include path>] <model>.mzn [<data>.dzn ...] or just <flat>.fzn
More info with "minizinc --help"
benchmarks/INST_100x100/10/inst100x100_10_29.txt : 70 ms.
--------------------------------------------------
minizinc: Unrecognized option or bad format `benchmarks/INST_100x100/10/inst100x100_10_2.txt'
minizinc: MiniZinc driver.
Usage: minizinc  [<options>] [-I <include path>] <model>.mzn [<data>.dzn ...] or just <flat>.fzn
More info with "minizinc --help"
benchmarks/INST_100x100/10/inst100x100_10_2.txt : 75 ms.
--------------------------------------------------
minizinc: Unrecognized option or bad format `benchmarks/INST_100x100/10/inst100x100_10_30.txt'
minizinc: MiniZinc driver.
Usage: minizinc  [<options>] [-I <include path>] <model>.mzn [<data>.dzn ...] or just <flat>.fzn
More info with "minizinc --help"
benchmarks/INST_100x100/10/inst100x100_10_30.txt : 66 ms.
--------------------------------------------------
minizinc: Unrecognized option or bad format `benchmarks/INST_100x100/10/inst100x100_10_31.txt'
minizinc: MiniZinc driver.
Usage: minizinc  [<options>] [-I <include path>] <model>.mzn [<data>.dzn ...] or just <flat>.fzn
More info with "minizinc --help"
benchmarks/INST_100x100/10/inst100x100_10_31.txt : 55 ms.
--------------------------------------------------
minizinc: Unrecognized option or bad format `benchmarks/INST_100x100/10/inst100x100_10_32.txt'
minizinc: MiniZinc driver.
Usage: minizinc  [<options>] [-I <include path>] <model>.mzn [<data>.dzn ...] or just <flat>.fzn
More info with "minizinc --help"
benchmarks/INST_100x100/10/inst100x100_10_32.txt : 62 ms.
--------------------------------------------------
minizinc: Unrecognized option or bad format `benchmarks/INST_100x100/10/inst100x100_10_33.txt'
minizinc: MiniZinc driver.
Usage: minizinc  [<options>] [-I <include path>] <model>.mzn [<data>.dzn ...] or just <flat>.fzn
More info with "minizinc --help"
benchmarks/INST_100x100/10/inst100x100_10_33.txt : 50 ms.
--------------------------------------------------
minizinc: Unrecognized option or bad format `benchmarks/INST_100x100/10/inst100x100_10_34.txt'
minizinc: MiniZinc driver.
Usage: minizinc  [<options>] [-I <include path>] <model>.mzn [<data>.dzn ...] or just <flat>.fzn
More info with "minizinc --help"
benchmarks/INST_100x100/10/inst100x100_10_34.txt : 67 ms.
--------------------------------------------------
minizinc: Unrecognized option or bad format `benchmarks/INST_100x100/10/inst100x100_10_35.txt'
minizinc: MiniZinc driver.
Usage: minizinc  [<options>] [-I <include path>] <model>.mzn [<data>.dzn ...] or just <flat>.fzn
More info with "minizinc --help"
benchmarks/INST_100x100/10/inst100x100_10_35.txt : 59 ms.
--------------------------------------------------
minizinc: Unrecognized option or bad format `benchmarks/INST_100x100/10/inst100x100_10_36.txt'
minizinc: MiniZinc driver.
Usage: minizinc  [<options>] [-I <include path>] <model>.mzn [<data>.dzn ...] or just <flat>.fzn
More info with "minizinc --help"
benchmarks/INST_100x100/10/inst100x100_10_36.txt : 67 ms.
--------------------------------------------------
minizinc: Unrecognized option or bad format `benchmarks/INST_100x100/10/inst100x100_10_37.txt'
minizinc: MiniZinc driver.
Usage: minizinc  [<options>] [-I <include path>] <model>.mzn [<data>.dzn ...] or just <flat>.fzn
More info with "minizinc --help"
benchmarks/INST_100x100/10/inst100x100_10_37.txt : 74 ms.
--------------------------------------------------
minizinc: Unrecognized option or bad format `benchmarks/INST_100x100/10/inst100x100_10_38.txt'
minizinc: MiniZinc driver.
Usage: minizinc  [<options>] [-I <include path>] <model>.mzn [<data>.dzn ...] or just <flat>.fzn
More info with "minizinc --help"
benchmarks/INST_100x100/10/inst100x100_10_38.txt : 76 ms.
--------------------------------------------------
minizinc: Unrecognized option or bad format `benchmarks/INST_100x100/10/inst100x100_10_39.txt'
minizinc: MiniZinc driver.
Usage: minizinc  [<options>] [-I <include path>] <model>.mzn [<data>.dzn ...] or just <flat>.fzn
More info with "minizinc --help"
benchmarks/INST_100x100/10/inst100x100_10_39.txt : 86 ms.
--------------------------------------------------
minizinc: Unrecognized option or bad format `benchmarks/INST_100x100/10/inst100x100_10_3.txt'
minizinc: MiniZinc driver.
Usage: minizinc  [<options>] [-I <include path>] <model>.mzn [<data>.dzn ...] or just <flat>.fzn
More info with "minizinc --help"
benchmarks/INST_100x100/10/inst100x100_10_3.txt : 66 ms.
--------------------------------------------------
minizinc: Unrecognized option or bad format `benchmarks/INST_100x100/10/inst100x100_10_40.txt'
minizinc: MiniZinc driver.
Usage: minizinc  [<options>] [-I <include path>] <model>.mzn [<data>.dzn ...] or just <flat>.fzn
More info with "minizinc --help"
benchmarks/INST_100x100/10/inst100x100_10_40.txt : 220 ms.
--------------------------------------------------
minizinc: Unrecognized option or bad format `benchmarks/INST_100x100/10/inst100x100_10_41.txt'
minizinc: MiniZinc driver.
Usage: minizinc  [<options>] [-I <include path>] <model>.mzn [<data>.dzn ...] or just <flat>.fzn
More info with "minizinc --help"
benchmarks/INST_100x100/10/inst100x100_10_41.txt : 45 ms.
--------------------------------------------------
minizinc: Unrecognized option or bad format `benchmarks/INST_100x100/10/inst100x100_10_42.txt'
minizinc: MiniZinc driver.
Usage: minizinc  [<options>] [-I <include path>] <model>.mzn [<data>.dzn ...] or just <flat>.fzn
More info with "minizinc --help"
benchmarks/INST_100x100/10/inst100x100_10_42.txt : 74 ms.
--------------------------------------------------
minizinc: Unrecognized option or bad format `benchmarks/INST_100x100/10/inst100x100_10_43.txt'
minizinc: MiniZinc driver.
Usage: minizinc  [<options>] [-I <include path>] <model>.mzn [<data>.dzn ...] or just <flat>.fzn
More info with "minizinc --help"
benchmarks/INST_100x100/10/inst100x100_10_43.txt : 70 ms.
--------------------------------------------------
minizinc: Unrecognized option or bad format `benchmarks/INST_100x100/10/inst100x100_10_44.txt'
minizinc: MiniZinc driver.
Usage: minizinc  [<options>] [-I <include path>] <model>.mzn [<data>.dzn ...] or just <flat>.fzn
More info with "minizinc --help"
benchmarks/INST_100x100/10/inst100x100_10_44.txt : 61 ms.
--------------------------------------------------
minizinc: Unrecognized option or bad format `benchmarks/INST_100x100/10/inst100x100_10_45.txt'
minizinc: MiniZinc driver.
Usage: minizinc  [<options>] [-I <include path>] <model>.mzn [<data>.dzn ...] or just <flat>.fzn
More info with "minizinc --help"
benchmarks/INST_100x100/10/inst100x100_10_45.txt : 55 ms.
--------------------------------------------------
minizinc: Unrecognized option or bad format `benchmarks/INST_100x100/10/inst100x100_10_46.txt'
minizinc: MiniZinc driver.
Usage: minizinc  [<options>] [-I <include path>] <model>.mzn [<data>.dzn ...] or just <flat>.fzn
More info with "minizinc --help"
benchmarks/INST_100x100/10/inst100x100_10_46.txt : 66 ms.
--------------------------------------------------
minizinc: Unrecognized option or bad format `benchmarks/INST_100x100/10/inst100x100_10_47.txt'
minizinc: MiniZinc driver.
Usage: minizinc  [<options>] [-I <include path>] <model>.mzn [<data>.dzn ...] or just <flat>.fzn
More info with "minizinc --help"
benchmarks/INST_100x100/10/inst100x100_10_47.txt : 66 ms.
--------------------------------------------------
minizinc: Unrecognized option or bad format `benchmarks/INST_100x100/10/inst100x100_10_48.txt'
minizinc: MiniZinc driver.
Usage: minizinc  [<options>] [-I <include path>] <model>.mzn [<data>.dzn ...] or just <flat>.fzn
More info with "minizinc --help"
benchmarks/INST_100x100/10/inst100x100_10_48.txt : 67 ms.
--------------------------------------------------
minizinc: Unrecognized option or bad format `benchmarks/INST_100x100/10/inst100x100_10_49.txt'
minizinc: MiniZinc driver.
Usage: minizinc  [<options>] [-I <include path>] <model>.mzn [<data>.dzn ...] or just <flat>.fzn
More info with "minizinc --help"
benchmarks/INST_100x100/10/inst100x100_10_49.txt : 70 ms.
--------------------------------------------------
minizinc: Unrecognized option or bad format `benchmarks/INST_100x100/10/inst100x100_10_4.txt'
minizinc: MiniZinc driver.
Usage: minizinc  [<options>] [-I <include path>] <model>.mzn [<data>.dzn ...] or just <flat>.fzn
More info with "minizinc --help"
benchmarks/INST_100x100/10/inst100x100_10_4.txt : 69 ms.
--------------------------------------------------
minizinc: Unrecognized option or bad format `benchmarks/INST_100x100/10/inst100x100_10_50.txt'
minizinc: MiniZinc driver.
Usage: minizinc  [<options>] [-I <include path>] <model>.mzn [<data>.dzn ...] or just <flat>.fzn
More info with "minizinc --help"
benchmarks/INST_100x100/10/inst100x100_10_50.txt : 63 ms.
--------------------------------------------------
minizinc: Unrecognized option or bad format `benchmarks/INST_100x100/10/inst100x100_10_51.txt'
minizinc: MiniZinc driver.
Usage: minizinc  [<options>] [-I <include path>] <model>.mzn [<data>.dzn ...] or just <flat>.fzn
More info with "minizinc --help"
benchmarks/INST_100x100/10/inst100x100_10_51.txt : 71 ms.
--------------------------------------------------
minizinc: Unrecognized option or bad format `benchmarks/INST_100x100/10/inst100x100_10_52.txt'
minizinc: MiniZinc driver.
Usage: minizinc  [<options>] [-I <include path>] <model>.mzn [<data>.dzn ...] or just <flat>.fzn
More info with "minizinc --help"
benchmarks/INST_100x100/10/inst100x100_10_52.txt : 59 ms.
--------------------------------------------------
minizinc: Unrecognized option or bad format `benchmarks/INST_100x100/10/inst100x100_10_53.txt'
minizinc: MiniZinc driver.
Usage: minizinc  [<options>] [-I <include path>] <model>.mzn [<data>.dzn ...] or just <flat>.fzn
More info with "minizinc --help"
benchmarks/INST_100x100/10/inst100x100_10_53.txt : 57 ms.
--------------------------------------------------
minizinc: Unrecognized option or bad format `benchmarks/INST_100x100/10/inst100x100_10_54.txt'
minizinc: MiniZinc driver.
Usage: minizinc  [<options>] [-I <include path>] <model>.mzn [<data>.dzn ...] or just <flat>.fzn
More info with "minizinc --help"
benchmarks/INST_100x100/10/inst100x100_10_54.txt : 62 ms.
--------------------------------------------------
minizinc: Unrecognized option or bad format `benchmarks/INST_100x100/10/inst100x100_10_55.txt'
minizinc: MiniZinc driver.
Usage: minizinc  [<options>] [-I <include path>] <model>.mzn [<data>.dzn ...] or just <flat>.fzn
More info with "minizinc --help"
benchmarks/INST_100x100/10/inst100x100_10_55.txt : 62 ms.
--------------------------------------------------
minizinc: Unrecognized option or bad format `benchmarks/INST_100x100/10/inst100x100_10_56.txt'
minizinc: MiniZinc driver.
Usage: minizinc  [<options>] [-I <include path>] <model>.mzn [<data>.dzn ...] or just <flat>.fzn
More info with "minizinc --help"
benchmarks/INST_100x100/10/inst100x100_10_56.txt : 57 ms.
--------------------------------------------------
minizinc: Unrecognized option or bad format `benchmarks/INST_100x100/10/inst100x100_10_57.txt'
minizinc: MiniZinc driver.
Usage: minizinc  [<options>] [-I <include path>] <model>.mzn [<data>.dzn ...] or just <flat>.fzn
More info with "minizinc --help"
benchmarks/INST_100x100/10/inst100x100_10_57.txt : 63 ms.
--------------------------------------------------
minizinc: Unrecognized option or bad format `benchmarks/INST_100x100/10/inst100x100_10_58.txt'
minizinc: MiniZinc driver.
Usage: minizinc  [<options>] [-I <include path>] <model>.mzn [<data>.dzn ...] or just <flat>.fzn
More info with "minizinc --help"
benchmarks/INST_100x100/10/inst100x100_10_58.txt : 68 ms.
--------------------------------------------------
minizinc: Unrecognized option or bad format `benchmarks/INST_100x100/10/inst100x100_10_59.txt'
minizinc: MiniZinc driver.
Usage: minizinc  [<options>] [-I <include path>] <model>.mzn [<data>.dzn ...] or just <flat>.fzn
More info with "minizinc --help"
benchmarks/INST_100x100/10/inst100x100_10_59.txt : 76 ms.
--------------------------------------------------
minizinc: Unrecognized option or bad format `benchmarks/INST_100x100/10/inst100x100_10_5.txt'
minizinc: MiniZinc driver.
Usage: minizinc  [<options>] [-I <include path>] <model>.mzn [<data>.dzn ...] or just <flat>.fzn
More info with "minizinc --help"
benchmarks/INST_100x100/10/inst100x100_10_5.txt : 63 ms.
--------------------------------------------------
minizinc: Unrecognized option or bad format `benchmarks/INST_100x100/10/inst100x100_10_60.txt'
minizinc: MiniZinc driver.
Usage: minizinc  [<options>] [-I <include path>] <model>.mzn [<data>.dzn ...] or just <flat>.fzn
More info with "minizinc --help"
benchmarks/INST_100x100/10/inst100x100_10_60.txt : 74 ms.
--------------------------------------------------
minizinc: Unrecognized option or bad format `benchmarks/INST_100x100/10/inst100x100_10_61.txt'
minizinc: MiniZinc driver.
Usage: minizinc  [<options>] [-I <include path>] <model>.mzn [<data>.dzn ...] or just <flat>.fzn
More info with "minizinc --help"
benchmarks/INST_100x100/10/inst100x100_10_61.txt : 67 ms.
--------------------------------------------------
minizinc: Unrecognized option or bad format `benchmarks/INST_100x100/10/inst100x100_10_62.txt'
minizinc: MiniZinc driver.
Usage: minizinc  [<options>] [-I <include path>] <model>.mzn [<data>.dzn ...] or just <flat>.fzn
More info with "minizinc --help"
benchmarks/INST_100x100/10/inst100x100_10_62.txt : 60 ms.
--------------------------------------------------
minizinc: Unrecognized option or bad format `benchmarks/INST_100x100/10/inst100x100_10_63.txt'
minizinc: MiniZinc driver.
Usage: minizinc  [<options>] [-I <include path>] <model>.mzn [<data>.dzn ...] or just <flat>.fzn
More info with "minizinc --help"
benchmarks/INST_100x100/10/inst100x100_10_63.txt : 72 ms.
--------------------------------------------------
minizinc: Unrecognized option or bad format `benchmarks/INST_100x100/10/inst100x100_10_64.txt'
minizinc: MiniZinc driver.
Usage: minizinc  [<options>] [-I <include path>] <model>.mzn [<data>.dzn ...] or just <flat>.fzn
More info with "minizinc --help"
benchmarks/INST_100x100/10/inst100x100_10_64.txt : 65 ms.
--------------------------------------------------
minizinc: Unrecognized option or bad format `benchmarks/INST_100x100/10/inst100x100_10_65.txt'
minizinc: MiniZinc driver.
Usage: minizinc  [<options>] [-I <include path>] <model>.mzn [<data>.dzn ...] or just <flat>.fzn
More info with "minizinc --help"
benchmarks/INST_100x100/10/inst100x100_10_65.txt : 63 ms.
--------------------------------------------------
minizinc: Unrecognized option or bad format `benchmarks/INST_100x100/10/inst100x100_10_66.txt'
minizinc: MiniZinc driver.
Usage: minizinc  [<options>] [-I <include path>] <model>.mzn [<data>.dzn ...] or just <flat>.fzn
More info with "minizinc --help"
benchmarks/INST_100x100/10/inst100x100_10_66.txt : 64 ms.
--------------------------------------------------
minizinc: Unrecognized option or bad format `benchmarks/INST_100x100/10/inst100x100_10_67.txt'
minizinc: MiniZinc driver.
Usage: minizinc  [<options>] [-I <include path>] <model>.mzn [<data>.dzn ...] or just <flat>.fzn
More info with "minizinc --help"
benchmarks/INST_100x100/10/inst100x100_10_67.txt : 61 ms.
--------------------------------------------------
minizinc: Unrecognized option or bad format `benchmarks/INST_100x100/10/inst100x100_10_68.txt'
minizinc: MiniZinc driver.
Usage: minizinc  [<options>] [-I <include path>] <model>.mzn [<data>.dzn ...] or just <flat>.fzn
More info with "minizinc --help"
benchmarks/INST_100x100/10/inst100x100_10_68.txt : 60 ms.
--------------------------------------------------
minizinc: Unrecognized option or bad format `benchmarks/INST_100x100/10/inst100x100_10_69.txt'
minizinc: MiniZinc driver.
Usage: minizinc  [<options>] [-I <include path>] <model>.mzn [<data>.dzn ...] or just <flat>.fzn
More info with "minizinc --help"
benchmarks/INST_100x100/10/inst100x100_10_69.txt : 72 ms.
--------------------------------------------------
minizinc: Unrecognized option or bad format `benchmarks/INST_100x100/10/inst100x100_10_6.txt'
minizinc: MiniZinc driver.
Usage: minizinc  [<options>] [-I <include path>] <model>.mzn [<data>.dzn ...] or just <flat>.fzn
More info with "minizinc --help"
benchmarks/INST_100x100/10/inst100x100_10_6.txt : 69 ms.
--------------------------------------------------
minizinc: Unrecognized option or bad format `benchmarks/INST_100x100/10/inst100x100_10_70.txt'
minizinc: MiniZinc driver.
Usage: minizinc  [<options>] [-I <include path>] <model>.mzn [<data>.dzn ...] or just <flat>.fzn
More info with "minizinc --help"
benchmarks/INST_100x100/10/inst100x100_10_70.txt : 67 ms.
--------------------------------------------------
minizinc: Unrecognized option or bad format `benchmarks/INST_100x100/10/inst100x100_10_71.txt'
minizinc: MiniZinc driver.
Usage: minizinc  [<options>] [-I <include path>] <model>.mzn [<data>.dzn ...] or just <flat>.fzn
More info with "minizinc --help"
benchmarks/INST_100x100/10/inst100x100_10_71.txt : 70 ms.
--------------------------------------------------
minizinc: Unrecognized option or bad format `benchmarks/INST_100x100/10/inst100x100_10_72.txt'
minizinc: MiniZinc driver.
Usage: minizinc  [<options>] [-I <include path>] <model>.mzn [<data>.dzn ...] or just <flat>.fzn
More info with "minizinc --help"
benchmarks/INST_100x100/10/inst100x100_10_72.txt : 69 ms.
--------------------------------------------------
minizinc: Unrecognized option or bad format `benchmarks/INST_100x100/10/inst100x100_10_73.txt'
minizinc: MiniZinc driver.
Usage: minizinc  [<options>] [-I <include path>] <model>.mzn [<data>.dzn ...] or just <flat>.fzn
More info with "minizinc --help"
benchmarks/INST_100x100/10/inst100x100_10_73.txt : 86 ms.
--------------------------------------------------
minizinc: Unrecognized option or bad format `benchmarks/INST_100x100/10/inst100x100_10_74.txt'
minizinc: MiniZinc driver.
Usage: minizinc  [<options>] [-I <include path>] <model>.mzn [<data>.dzn ...] or just <flat>.fzn
More info with "minizinc --help"
benchmarks/INST_100x100/10/inst100x100_10_74.txt : 61 ms.
--------------------------------------------------
minizinc: Unrecognized option or bad format `benchmarks/INST_100x100/10/inst100x100_10_75.txt'
minizinc: MiniZinc driver.
Usage: minizinc  [<options>] [-I <include path>] <model>.mzn [<data>.dzn ...] or just <flat>.fzn
More info with "minizinc --help"
benchmarks/INST_100x100/10/inst100x100_10_75.txt : 61 ms.
--------------------------------------------------
minizinc: Unrecognized option or bad format `benchmarks/INST_100x100/10/inst100x100_10_76.txt'
minizinc: MiniZinc driver.
Usage: minizinc  [<options>] [-I <include path>] <model>.mzn [<data>.dzn ...] or just <flat>.fzn
More info with "minizinc --help"
benchmarks/INST_100x100/10/inst100x100_10_76.txt : 61 ms.
--------------------------------------------------
minizinc: Unrecognized option or bad format `benchmarks/INST_100x100/10/inst100x100_10_77.txt'
minizinc: MiniZinc driver.
Usage: minizinc  [<options>] [-I <include path>] <model>.mzn [<data>.dzn ...] or just <flat>.fzn
More info with "minizinc --help"
benchmarks/INST_100x100/10/inst100x100_10_77.txt : 59 ms.
--------------------------------------------------
minizinc: Unrecognized option or bad format `benchmarks/INST_100x100/10/inst100x100_10_78.txt'
minizinc: MiniZinc driver.
Usage: minizinc  [<options>] [-I <include path>] <model>.mzn [<data>.dzn ...] or just <flat>.fzn
More info with "minizinc --help"
benchmarks/INST_100x100/10/inst100x100_10_78.txt : 63 ms.
--------------------------------------------------
minizinc: Unrecognized option or bad format `benchmarks/INST_100x100/10/inst100x100_10_79.txt'
minizinc: MiniZinc driver.
Usage: minizinc  [<options>] [-I <include path>] <model>.mzn [<data>.dzn ...] or just <flat>.fzn
More info with "minizinc --help"
benchmarks/INST_100x100/10/inst100x100_10_79.txt : 69 ms.
--------------------------------------------------
minizinc: Unrecognized option or bad format `benchmarks/INST_100x100/10/inst100x100_10_7.txt'
minizinc: MiniZinc driver.
Usage: minizinc  [<options>] [-I <include path>] <model>.mzn [<data>.dzn ...] or just <flat>.fzn
More info with "minizinc --help"
benchmarks/INST_100x100/10/inst100x100_10_7.txt : 67 ms.
--------------------------------------------------
minizinc: Unrecognized option or bad format `benchmarks/INST_100x100/10/inst100x100_10_80.txt'
minizinc: MiniZinc driver.
Usage: minizinc  [<options>] [-I <include path>] <model>.mzn [<data>.dzn ...] or just <flat>.fzn
More info with "minizinc --help"
benchmarks/INST_100x100/10/inst100x100_10_80.txt : 71 ms.
--------------------------------------------------
minizinc: Unrecognized option or bad format `benchmarks/INST_100x100/10/inst100x100_10_81.txt'
minizinc: MiniZinc driver.
Usage: minizinc  [<options>] [-I <include path>] <model>.mzn [<data>.dzn ...] or just <flat>.fzn
More info with "minizinc --help"
benchmarks/INST_100x100/10/inst100x100_10_81.txt : 64 ms.
--------------------------------------------------
minizinc: Unrecognized option or bad format `benchmarks/INST_100x100/10/inst100x100_10_82.txt'
minizinc: MiniZinc driver.
Usage: minizinc  [<options>] [-I <include path>] <model>.mzn [<data>.dzn ...] or just <flat>.fzn
More info with "minizinc --help"
benchmarks/INST_100x100/10/inst100x100_10_82.txt : 71 ms.
--------------------------------------------------
minizinc: Unrecognized option or bad format `benchmarks/INST_100x100/10/inst100x100_10_83.txt'
minizinc: MiniZinc driver.
Usage: minizinc  [<options>] [-I <include path>] <model>.mzn [<data>.dzn ...] or just <flat>.fzn
More info with "minizinc --help"
benchmarks/INST_100x100/10/inst100x100_10_83.txt : 64 ms.
--------------------------------------------------
minizinc: Unrecognized option or bad format `benchmarks/INST_100x100/10/inst100x100_10_84.txt'
minizinc: MiniZinc driver.
Usage: minizinc  [<options>] [-I <include path>] <model>.mzn [<data>.dzn ...] or just <flat>.fzn
More info with "minizinc --help"
benchmarks/INST_100x100/10/inst100x100_10_84.txt : 67 ms.
--------------------------------------------------
minizinc: Unrecognized option or bad format `benchmarks/INST_100x100/10/inst100x100_10_85.txt'
minizinc: MiniZinc driver.
Usage: minizinc  [<options>] [-I <include path>] <model>.mzn [<data>.dzn ...] or just <flat>.fzn
More info with "minizinc --help"
benchmarks/INST_100x100/10/inst100x100_10_85.txt : 66 ms.
--------------------------------------------------
minizinc: Unrecognized option or bad format `benchmarks/INST_100x100/10/inst100x100_10_86.txt'
minizinc: MiniZinc driver.
Usage: minizinc  [<options>] [-I <include path>] <model>.mzn [<data>.dzn ...] or just <flat>.fzn
More info with "minizinc --help"
benchmarks/INST_100x100/10/inst100x100_10_86.txt : 73 ms.
--------------------------------------------------
minizinc: Unrecognized option or bad format `benchmarks/INST_100x100/10/inst100x100_10_87.txt'
minizinc: MiniZinc driver.
Usage: minizinc  [<options>] [-I <include path>] <model>.mzn [<data>.dzn ...] or just <flat>.fzn
More info with "minizinc --help"
benchmarks/INST_100x100/10/inst100x100_10_87.txt : 65 ms.
--------------------------------------------------
minizinc: Unrecognized option or bad format `benchmarks/INST_100x100/10/inst100x100_10_88.txt'
minizinc: MiniZinc driver.
Usage: minizinc  [<options>] [-I <include path>] <model>.mzn [<data>.dzn ...] or just <flat>.fzn
More info with "minizinc --help"
benchmarks/INST_100x100/10/inst100x100_10_88.txt : 58 ms.
--------------------------------------------------
minizinc: Unrecognized option or bad format `benchmarks/INST_100x100/10/inst100x100_10_89.txt'
minizinc: MiniZinc driver.
Usage: minizinc  [<options>] [-I <include path>] <model>.mzn [<data>.dzn ...] or just <flat>.fzn
More info with "minizinc --help"
benchmarks/INST_100x100/10/inst100x100_10_89.txt : 73 ms.
--------------------------------------------------
minizinc: Unrecognized option or bad format `benchmarks/INST_100x100/10/inst100x100_10_8.txt'
minizinc: MiniZinc driver.
Usage: minizinc  [<options>] [-I <include path>] <model>.mzn [<data>.dzn ...] or just <flat>.fzn
More info with "minizinc --help"
benchmarks/INST_100x100/10/inst100x100_10_8.txt : 72 ms.
--------------------------------------------------
minizinc: Unrecognized option or bad format `benchmarks/INST_100x100/10/inst100x100_10_90.txt'
minizinc: MiniZinc driver.
Usage: minizinc  [<options>] [-I <include path>] <model>.mzn [<data>.dzn ...] or just <flat>.fzn
More info with "minizinc --help"
benchmarks/INST_100x100/10/inst100x100_10_90.txt : 64 ms.
--------------------------------------------------
minizinc: Unrecognized option or bad format `benchmarks/INST_100x100/10/inst100x100_10_91.txt'
minizinc: MiniZinc driver.
Usage: minizinc  [<options>] [-I <include path>] <model>.mzn [<data>.dzn ...] or just <flat>.fzn
More info with "minizinc --help"
benchmarks/INST_100x100/10/inst100x100_10_91.txt : 59 ms.
--------------------------------------------------
minizinc: Unrecognized option or bad format `benchmarks/INST_100x100/10/inst100x100_10_92.txt'
minizinc: MiniZinc driver.
Usage: minizinc  [<options>] [-I <include path>] <model>.mzn [<data>.dzn ...] or just <flat>.fzn
More info with "minizinc --help"
benchmarks/INST_100x100/10/inst100x100_10_92.txt : 66 ms.
--------------------------------------------------
minizinc: Unrecognized option or bad format `benchmarks/INST_100x100/10/inst100x100_10_93.txt'
minizinc: MiniZinc driver.
Usage: minizinc  [<options>] [-I <include path>] <model>.mzn [<data>.dzn ...] or just <flat>.fzn
More info with "minizinc --help"
benchmarks/INST_100x100/10/inst100x100_10_93.txt : 64 ms.
--------------------------------------------------
minizinc: Unrecognized option or bad format `benchmarks/INST_100x100/10/inst100x100_10_94.txt'
minizinc: MiniZinc driver.
Usage: minizinc  [<options>] [-I <include path>] <model>.mzn [<data>.dzn ...] or just <flat>.fzn
More info with "minizinc --help"
benchmarks/INST_100x100/10/inst100x100_10_94.txt : 60 ms.
--------------------------------------------------
minizinc: Unrecognized option or bad format `benchmarks/INST_100x100/10/inst100x100_10_95.txt'
minizinc: MiniZinc driver.
Usage: minizinc  [<options>] [-I <include path>] <model>.mzn [<data>.dzn ...] or just <flat>.fzn
More info with "minizinc --help"
benchmarks/INST_100x100/10/inst100x100_10_95.txt : 58 ms.
--------------------------------------------------
minizinc: Unrecognized option or bad format `benchmarks/INST_100x100/10/inst100x100_10_96.txt'
minizinc: MiniZinc driver.
Usage: minizinc  [<options>] [-I <include path>] <model>.mzn [<data>.dzn ...] or just <flat>.fzn
More info with "minizinc --help"
benchmarks/INST_100x100/10/inst100x100_10_96.txt : 66 ms.
--------------------------------------------------
minizinc: Unrecognized option or bad format `benchmarks/INST_100x100/10/inst100x100_10_97.txt'
minizinc: MiniZinc driver.
Usage: minizinc  [<options>] [-I <include path>] <model>.mzn [<data>.dzn ...] or just <flat>.fzn
More info with "minizinc --help"
benchmarks/INST_100x100/10/inst100x100_10_97.txt : 62 ms.
--------------------------------------------------
minizinc: Unrecognized option or bad format `benchmarks/INST_100x100/10/inst100x100_10_98.txt'
minizinc: MiniZinc driver.
Usage: minizinc  [<options>] [-I <include path>] <model>.mzn [<data>.dzn ...] or just <flat>.fzn
More info with "minizinc --help"
benchmarks/INST_100x100/10/inst100x100_10_98.txt : 56 ms.
--------------------------------------------------
minizinc: Unrecognized option or bad format `benchmarks/INST_100x100/10/inst100x100_10_99.txt'
minizinc: MiniZinc driver.
Usage: minizinc  [<options>] [-I <include path>] <model>.mzn [<data>.dzn ...] or just <flat>.fzn
More info with "minizinc --help"
benchmarks/INST_100x100/10/inst100x100_10_99.txt : 55 ms.
--------------------------------------------------
minizinc: Unrecognized option or bad format `benchmarks/INST_100x100/10/inst100x100_10_9.txt'
minizinc: MiniZinc driver.
Usage: minizinc  [<options>] [-I <include path>] <model>.mzn [<data>.dzn ...] or just <flat>.fzn
More info with "minizinc --help"
benchmarks/INST_100x100/10/inst100x100_10_9.txt : 54 ms.
