--------------------------------------------------
minizinc: Unrecognized option or bad format `benchmarks/INST_100x100/70/inst100x100_70_0.txt'
minizinc: MiniZinc driver.
Usage: minizinc  [<options>] [-I <include path>] <model>.mzn [<data>.dzn ...] or just <flat>.fzn
More info with "minizinc --help"
benchmarks/INST_100x100/70/inst100x100_70_0.txt : 158 ms.
--------------------------------------------------
minizinc: Unrecognized option or bad format `benchmarks/INST_100x100/70/inst100x100_70_10.txt'
minizinc: MiniZinc driver.
Usage: minizinc  [<options>] [-I <include path>] <model>.mzn [<data>.dzn ...] or just <flat>.fzn
More info with "minizinc --help"
benchmarks/INST_100x100/70/inst100x100_70_10.txt : 42 ms.
--------------------------------------------------
minizinc: Unrecognized option or bad format `benchmarks/INST_100x100/70/inst100x100_70_11.txt'
minizinc: MiniZinc driver.
Usage: minizinc  [<options>] [-I <include path>] <model>.mzn [<data>.dzn ...] or just <flat>.fzn
More info with "minizinc --help"
benchmarks/INST_100x100/70/inst100x100_70_11.txt : 83 ms.
--------------------------------------------------
minizinc: Unrecognized option or bad format `benchmarks/INST_100x100/70/inst100x100_70_12.txt'
minizinc: MiniZinc driver.
Usage: minizinc  [<options>] [-I <include path>] <model>.mzn [<data>.dzn ...] or just <flat>.fzn
More info with "minizinc --help"
benchmarks/INST_100x100/70/inst100x100_70_12.txt : 46 ms.
--------------------------------------------------
minizinc: Unrecognized option or bad format `benchmarks/INST_100x100/70/inst100x100_70_13.txt'
minizinc: MiniZinc driver.
Usage: minizinc  [<options>] [-I <include path>] <model>.mzn [<data>.dzn ...] or just <flat>.fzn
More info with "minizinc --help"
benchmarks/INST_100x100/70/inst100x100_70_13.txt : 47 ms.
--------------------------------------------------
minizinc: Unrecognized option or bad format `benchmarks/INST_100x100/70/inst100x100_70_14.txt'
minizinc: MiniZinc driver.
Usage: minizinc  [<options>] [-I <include path>] <model>.mzn [<data>.dzn ...] or just <flat>.fzn
More info with "minizinc --help"
benchmarks/INST_100x100/70/inst100x100_70_14.txt : 44 ms.
--------------------------------------------------
minizinc: Unrecognized option or bad format `benchmarks/INST_100x100/70/inst100x100_70_15.txt'
minizinc: MiniZinc driver.
Usage: minizinc  [<options>] [-I <include path>] <model>.mzn [<data>.dzn ...] or just <flat>.fzn
More info with "minizinc --help"
benchmarks/INST_100x100/70/inst100x100_70_15.txt : 743 ms.
--------------------------------------------------
minizinc: Unrecognized option or bad format `benchmarks/INST_100x100/70/inst100x100_70_16.txt'
minizinc: MiniZinc driver.
Usage: minizinc  [<options>] [-I <include path>] <model>.mzn [<data>.dzn ...] or just <flat>.fzn
More info with "minizinc --help"
benchmarks/INST_100x100/70/inst100x100_70_16.txt : 43 ms.
--------------------------------------------------
minizinc: Unrecognized option or bad format `benchmarks/INST_100x100/70/inst100x100_70_17.txt'
minizinc: MiniZinc driver.
Usage: minizinc  [<options>] [-I <include path>] <model>.mzn [<data>.dzn ...] or just <flat>.fzn
More info with "minizinc --help"
benchmarks/INST_100x100/70/inst100x100_70_17.txt : 49 ms.
--------------------------------------------------
minizinc: Unrecognized option or bad format `benchmarks/INST_100x100/70/inst100x100_70_18.txt'
minizinc: MiniZinc driver.
Usage: minizinc  [<options>] [-I <include path>] <model>.mzn [<data>.dzn ...] or just <flat>.fzn
More info with "minizinc --help"
benchmarks/INST_100x100/70/inst100x100_70_18.txt : 61 ms.
--------------------------------------------------
minizinc: Unrecognized option or bad format `benchmarks/INST_100x100/70/inst100x100_70_19.txt'
minizinc: MiniZinc driver.
Usage: minizinc  [<options>] [-I <include path>] <model>.mzn [<data>.dzn ...] or just <flat>.fzn
More info with "minizinc --help"
benchmarks/INST_100x100/70/inst100x100_70_19.txt : 75 ms.
--------------------------------------------------
minizinc: Unrecognized option or bad format `benchmarks/INST_100x100/70/inst100x100_70_1.txt'
minizinc: MiniZinc driver.
Usage: minizinc  [<options>] [-I <include path>] <model>.mzn [<data>.dzn ...] or just <flat>.fzn
More info with "minizinc --help"
benchmarks/INST_100x100/70/inst100x100_70_1.txt : 72 ms.
--------------------------------------------------
minizinc: Unrecognized option or bad format `benchmarks/INST_100x100/70/inst100x100_70_20.txt'
minizinc: MiniZinc driver.
Usage: minizinc  [<options>] [-I <include path>] <model>.mzn [<data>.dzn ...] or just <flat>.fzn
More info with "minizinc --help"
benchmarks/INST_100x100/70/inst100x100_70_20.txt : 72 ms.
--------------------------------------------------
minizinc: Unrecognized option or bad format `benchmarks/INST_100x100/70/inst100x100_70_21.txt'
minizinc: MiniZinc driver.
Usage: minizinc  [<options>] [-I <include path>] <model>.mzn [<data>.dzn ...] or just <flat>.fzn
More info with "minizinc --help"
benchmarks/INST_100x100/70/inst100x100_70_21.txt : 70 ms.
--------------------------------------------------
minizinc: Unrecognized option or bad format `benchmarks/INST_100x100/70/inst100x100_70_22.txt'
minizinc: MiniZinc driver.
Usage: minizinc  [<options>] [-I <include path>] <model>.mzn [<data>.dzn ...] or just <flat>.fzn
More info with "minizinc --help"
benchmarks/INST_100x100/70/inst100x100_70_22.txt : 68 ms.
--------------------------------------------------
minizinc: Unrecognized option or bad format `benchmarks/INST_100x100/70/inst100x100_70_23.txt'
minizinc: MiniZinc driver.
Usage: minizinc  [<options>] [-I <include path>] <model>.mzn [<data>.dzn ...] or just <flat>.fzn
More info with "minizinc --help"
benchmarks/INST_100x100/70/inst100x100_70_23.txt : 62 ms.
--------------------------------------------------
minizinc: Unrecognized option or bad format `benchmarks/INST_100x100/70/inst100x100_70_24.txt'
minizinc: MiniZinc driver.
Usage: minizinc  [<options>] [-I <include path>] <model>.mzn [<data>.dzn ...] or just <flat>.fzn
More info with "minizinc --help"
benchmarks/INST_100x100/70/inst100x100_70_24.txt : 61 ms.
--------------------------------------------------
minizinc: Unrecognized option or bad format `benchmarks/INST_100x100/70/inst100x100_70_25.txt'
minizinc: MiniZinc driver.
Usage: minizinc  [<options>] [-I <include path>] <model>.mzn [<data>.dzn ...] or just <flat>.fzn
More info with "minizinc --help"
benchmarks/INST_100x100/70/inst100x100_70_25.txt : 66 ms.
--------------------------------------------------
minizinc: Unrecognized option or bad format `benchmarks/INST_100x100/70/inst100x100_70_26.txt'
minizinc: MiniZinc driver.
Usage: minizinc  [<options>] [-I <include path>] <model>.mzn [<data>.dzn ...] or just <flat>.fzn
More info with "minizinc --help"
benchmarks/INST_100x100/70/inst100x100_70_26.txt : 63 ms.
--------------------------------------------------
minizinc: Unrecognized option or bad format `benchmarks/INST_100x100/70/inst100x100_70_27.txt'
minizinc: MiniZinc driver.
Usage: minizinc  [<options>] [-I <include path>] <model>.mzn [<data>.dzn ...] or just <flat>.fzn
More info with "minizinc --help"
benchmarks/INST_100x100/70/inst100x100_70_27.txt : 71 ms.
--------------------------------------------------
minizinc: Unrecognized option or bad format `benchmarks/INST_100x100/70/inst100x100_70_28.txt'
minizinc: MiniZinc driver.
Usage: minizinc  [<options>] [-I <include path>] <model>.mzn [<data>.dzn ...] or just <flat>.fzn
More info with "minizinc --help"
benchmarks/INST_100x100/70/inst100x100_70_28.txt : 67 ms.
--------------------------------------------------
minizinc: Unrecognized option or bad format `benchmarks/INST_100x100/70/inst100x100_70_29.txt'
minizinc: MiniZinc driver.
Usage: minizinc  [<options>] [-I <include path>] <model>.mzn [<data>.dzn ...] or just <flat>.fzn
More info with "minizinc --help"
benchmarks/INST_100x100/70/inst100x100_70_29.txt : 68 ms.
--------------------------------------------------
minizinc: Unrecognized option or bad format `benchmarks/INST_100x100/70/inst100x100_70_2.txt'
minizinc: MiniZinc driver.
Usage: minizinc  [<options>] [-I <include path>] <model>.mzn [<data>.dzn ...] or just <flat>.fzn
More info with "minizinc --help"
benchmarks/INST_100x100/70/inst100x100_70_2.txt : 75 ms.
--------------------------------------------------
minizinc: Unrecognized option or bad format `benchmarks/INST_100x100/70/inst100x100_70_30.txt'
minizinc: MiniZinc driver.
Usage: minizinc  [<options>] [-I <include path>] <model>.mzn [<data>.dzn ...] or just <flat>.fzn
More info with "minizinc --help"
benchmarks/INST_100x100/70/inst100x100_70_30.txt : 60 ms.
--------------------------------------------------
minizinc: Unrecognized option or bad format `benchmarks/INST_100x100/70/inst100x100_70_31.txt'
minizinc: MiniZinc driver.
Usage: minizinc  [<options>] [-I <include path>] <model>.mzn [<data>.dzn ...] or just <flat>.fzn
More info with "minizinc --help"
benchmarks/INST_100x100/70/inst100x100_70_31.txt : 61 ms.
--------------------------------------------------
minizinc: Unrecognized option or bad format `benchmarks/INST_100x100/70/inst100x100_70_32.txt'
minizinc: MiniZinc driver.
Usage: minizinc  [<options>] [-I <include path>] <model>.mzn [<data>.dzn ...] or just <flat>.fzn
More info with "minizinc --help"
benchmarks/INST_100x100/70/inst100x100_70_32.txt : 60 ms.
--------------------------------------------------
minizinc: Unrecognized option or bad format `benchmarks/INST_100x100/70/inst100x100_70_33.txt'
minizinc: MiniZinc driver.
Usage: minizinc  [<options>] [-I <include path>] <model>.mzn [<data>.dzn ...] or just <flat>.fzn
More info with "minizinc --help"
benchmarks/INST_100x100/70/inst100x100_70_33.txt : 59 ms.
--------------------------------------------------
minizinc: Unrecognized option or bad format `benchmarks/INST_100x100/70/inst100x100_70_34.txt'
minizinc: MiniZinc driver.
Usage: minizinc  [<options>] [-I <include path>] <model>.mzn [<data>.dzn ...] or just <flat>.fzn
More info with "minizinc --help"
benchmarks/INST_100x100/70/inst100x100_70_34.txt : 67 ms.
--------------------------------------------------
minizinc: Unrecognized option or bad format `benchmarks/INST_100x100/70/inst100x100_70_35.txt'
minizinc: MiniZinc driver.
Usage: minizinc  [<options>] [-I <include path>] <model>.mzn [<data>.dzn ...] or just <flat>.fzn
More info with "minizinc --help"
benchmarks/INST_100x100/70/inst100x100_70_35.txt : 64 ms.
--------------------------------------------------
minizinc: Unrecognized option or bad format `benchmarks/INST_100x100/70/inst100x100_70_36.txt'
minizinc: MiniZinc driver.
Usage: minizinc  [<options>] [-I <include path>] <model>.mzn [<data>.dzn ...] or just <flat>.fzn
More info with "minizinc --help"
benchmarks/INST_100x100/70/inst100x100_70_36.txt : 66 ms.
--------------------------------------------------
minizinc: Unrecognized option or bad format `benchmarks/INST_100x100/70/inst100x100_70_37.txt'
minizinc: MiniZinc driver.
Usage: minizinc  [<options>] [-I <include path>] <model>.mzn [<data>.dzn ...] or just <flat>.fzn
More info with "minizinc --help"
benchmarks/INST_100x100/70/inst100x100_70_37.txt : 66 ms.
--------------------------------------------------
minizinc: Unrecognized option or bad format `benchmarks/INST_100x100/70/inst100x100_70_38.txt'
minizinc: MiniZinc driver.
Usage: minizinc  [<options>] [-I <include path>] <model>.mzn [<data>.dzn ...] or just <flat>.fzn
More info with "minizinc --help"
benchmarks/INST_100x100/70/inst100x100_70_38.txt : 67 ms.
--------------------------------------------------
minizinc: Unrecognized option or bad format `benchmarks/INST_100x100/70/inst100x100_70_39.txt'
minizinc: MiniZinc driver.
Usage: minizinc  [<options>] [-I <include path>] <model>.mzn [<data>.dzn ...] or just <flat>.fzn
More info with "minizinc --help"
benchmarks/INST_100x100/70/inst100x100_70_39.txt : 70 ms.
--------------------------------------------------
minizinc: Unrecognized option or bad format `benchmarks/INST_100x100/70/inst100x100_70_3.txt'
minizinc: MiniZinc driver.
Usage: minizinc  [<options>] [-I <include path>] <model>.mzn [<data>.dzn ...] or just <flat>.fzn
More info with "minizinc --help"
benchmarks/INST_100x100/70/inst100x100_70_3.txt : 66 ms.
--------------------------------------------------
minizinc: Unrecognized option or bad format `benchmarks/INST_100x100/70/inst100x100_70_40.txt'
minizinc: MiniZinc driver.
Usage: minizinc  [<options>] [-I <include path>] <model>.mzn [<data>.dzn ...] or just <flat>.fzn
More info with "minizinc --help"
benchmarks/INST_100x100/70/inst100x100_70_40.txt : 61 ms.
--------------------------------------------------
minizinc: Unrecognized option or bad format `benchmarks/INST_100x100/70/inst100x100_70_41.txt'
minizinc: MiniZinc driver.
Usage: minizinc  [<options>] [-I <include path>] <model>.mzn [<data>.dzn ...] or just <flat>.fzn
More info with "minizinc --help"
benchmarks/INST_100x100/70/inst100x100_70_41.txt : 173 ms.
--------------------------------------------------
minizinc: Unrecognized option or bad format `benchmarks/INST_100x100/70/inst100x100_70_42.txt'
minizinc: MiniZinc driver.
Usage: minizinc  [<options>] [-I <include path>] <model>.mzn [<data>.dzn ...] or just <flat>.fzn
More info with "minizinc --help"
benchmarks/INST_100x100/70/inst100x100_70_42.txt : 61 ms.
--------------------------------------------------
minizinc: Unrecognized option or bad format `benchmarks/INST_100x100/70/inst100x100_70_43.txt'
minizinc: MiniZinc driver.
Usage: minizinc  [<options>] [-I <include path>] <model>.mzn [<data>.dzn ...] or just <flat>.fzn
More info with "minizinc --help"
benchmarks/INST_100x100/70/inst100x100_70_43.txt : 60 ms.
--------------------------------------------------
minizinc: Unrecognized option or bad format `benchmarks/INST_100x100/70/inst100x100_70_44.txt'
minizinc: MiniZinc driver.
Usage: minizinc  [<options>] [-I <include path>] <model>.mzn [<data>.dzn ...] or just <flat>.fzn
More info with "minizinc --help"
benchmarks/INST_100x100/70/inst100x100_70_44.txt : 65 ms.
--------------------------------------------------
minizinc: Unrecognized option or bad format `benchmarks/INST_100x100/70/inst100x100_70_45.txt'
minizinc: MiniZinc driver.
Usage: minizinc  [<options>] [-I <include path>] <model>.mzn [<data>.dzn ...] or just <flat>.fzn
More info with "minizinc --help"
benchmarks/INST_100x100/70/inst100x100_70_45.txt : 60 ms.
--------------------------------------------------
minizinc: Unrecognized option or bad format `benchmarks/INST_100x100/70/inst100x100_70_46.txt'
minizinc: MiniZinc driver.
Usage: minizinc  [<options>] [-I <include path>] <model>.mzn [<data>.dzn ...] or just <flat>.fzn
More info with "minizinc --help"
benchmarks/INST_100x100/70/inst100x100_70_46.txt : 58 ms.
--------------------------------------------------
minizinc: Unrecognized option or bad format `benchmarks/INST_100x100/70/inst100x100_70_47.txt'
minizinc: MiniZinc driver.
Usage: minizinc  [<options>] [-I <include path>] <model>.mzn [<data>.dzn ...] or just <flat>.fzn
More info with "minizinc --help"
benchmarks/INST_100x100/70/inst100x100_70_47.txt : 72 ms.
--------------------------------------------------
minizinc: Unrecognized option or bad format `benchmarks/INST_100x100/70/inst100x100_70_48.txt'
minizinc: MiniZinc driver.
Usage: minizinc  [<options>] [-I <include path>] <model>.mzn [<data>.dzn ...] or just <flat>.fzn
More info with "minizinc --help"
benchmarks/INST_100x100/70/inst100x100_70_48.txt : 69 ms.
--------------------------------------------------
minizinc: Unrecognized option or bad format `benchmarks/INST_100x100/70/inst100x100_70_49.txt'
minizinc: MiniZinc driver.
Usage: minizinc  [<options>] [-I <include path>] <model>.mzn [<data>.dzn ...] or just <flat>.fzn
More info with "minizinc --help"
benchmarks/INST_100x100/70/inst100x100_70_49.txt : 64 ms.
--------------------------------------------------
minizinc: Unrecognized option or bad format `benchmarks/INST_100x100/70/inst100x100_70_4.txt'
minizinc: MiniZinc driver.
Usage: minizinc  [<options>] [-I <include path>] <model>.mzn [<data>.dzn ...] or just <flat>.fzn
More info with "minizinc --help"
benchmarks/INST_100x100/70/inst100x100_70_4.txt : 64 ms.
--------------------------------------------------
minizinc: Unrecognized option or bad format `benchmarks/INST_100x100/70/inst100x100_70_50.txt'
minizinc: MiniZinc driver.
Usage: minizinc  [<options>] [-I <include path>] <model>.mzn [<data>.dzn ...] or just <flat>.fzn
More info with "minizinc --help"
benchmarks/INST_100x100/70/inst100x100_70_50.txt : 71 ms.
--------------------------------------------------
minizinc: Unrecognized option or bad format `benchmarks/INST_100x100/70/inst100x100_70_51.txt'
minizinc: MiniZinc driver.
Usage: minizinc  [<options>] [-I <include path>] <model>.mzn [<data>.dzn ...] or just <flat>.fzn
More info with "minizinc --help"
benchmarks/INST_100x100/70/inst100x100_70_51.txt : 62 ms.
--------------------------------------------------
minizinc: Unrecognized option or bad format `benchmarks/INST_100x100/70/inst100x100_70_52.txt'
minizinc: MiniZinc driver.
Usage: minizinc  [<options>] [-I <include path>] <model>.mzn [<data>.dzn ...] or just <flat>.fzn
More info with "minizinc --help"
benchmarks/INST_100x100/70/inst100x100_70_52.txt : 65 ms.
--------------------------------------------------
minizinc: Unrecognized option or bad format `benchmarks/INST_100x100/70/inst100x100_70_53.txt'
minizinc: MiniZinc driver.
Usage: minizinc  [<options>] [-I <include path>] <model>.mzn [<data>.dzn ...] or just <flat>.fzn
More info with "minizinc --help"
benchmarks/INST_100x100/70/inst100x100_70_53.txt : 59 ms.
--------------------------------------------------
minizinc: Unrecognized option or bad format `benchmarks/INST_100x100/70/inst100x100_70_54.txt'
minizinc: MiniZinc driver.
Usage: minizinc  [<options>] [-I <include path>] <model>.mzn [<data>.dzn ...] or just <flat>.fzn
More info with "minizinc --help"
benchmarks/INST_100x100/70/inst100x100_70_54.txt : 56 ms.
--------------------------------------------------
minizinc: Unrecognized option or bad format `benchmarks/INST_100x100/70/inst100x100_70_55.txt'
minizinc: MiniZinc driver.
Usage: minizinc  [<options>] [-I <include path>] <model>.mzn [<data>.dzn ...] or just <flat>.fzn
More info with "minizinc --help"
benchmarks/INST_100x100/70/inst100x100_70_55.txt : 55 ms.
--------------------------------------------------
minizinc: Unrecognized option or bad format `benchmarks/INST_100x100/70/inst100x100_70_56.txt'
minizinc: MiniZinc driver.
Usage: minizinc  [<options>] [-I <include path>] <model>.mzn [<data>.dzn ...] or just <flat>.fzn
More info with "minizinc --help"
benchmarks/INST_100x100/70/inst100x100_70_56.txt : 61 ms.
--------------------------------------------------
minizinc: Unrecognized option or bad format `benchmarks/INST_100x100/70/inst100x100_70_57.txt'
minizinc: MiniZinc driver.
Usage: minizinc  [<options>] [-I <include path>] <model>.mzn [<data>.dzn ...] or just <flat>.fzn
More info with "minizinc --help"
benchmarks/INST_100x100/70/inst100x100_70_57.txt : 61 ms.
--------------------------------------------------
minizinc: Unrecognized option or bad format `benchmarks/INST_100x100/70/inst100x100_70_58.txt'
minizinc: MiniZinc driver.
Usage: minizinc  [<options>] [-I <include path>] <model>.mzn [<data>.dzn ...] or just <flat>.fzn
More info with "minizinc --help"
benchmarks/INST_100x100/70/inst100x100_70_58.txt : 64 ms.
--------------------------------------------------
minizinc: Unrecognized option or bad format `benchmarks/INST_100x100/70/inst100x100_70_59.txt'
minizinc: MiniZinc driver.
Usage: minizinc  [<options>] [-I <include path>] <model>.mzn [<data>.dzn ...] or just <flat>.fzn
More info with "minizinc --help"
benchmarks/INST_100x100/70/inst100x100_70_59.txt : 72 ms.
--------------------------------------------------
minizinc: Unrecognized option or bad format `benchmarks/INST_100x100/70/inst100x100_70_5.txt'
minizinc: MiniZinc driver.
Usage: minizinc  [<options>] [-I <include path>] <model>.mzn [<data>.dzn ...] or just <flat>.fzn
More info with "minizinc --help"
benchmarks/INST_100x100/70/inst100x100_70_5.txt : 73 ms.
--------------------------------------------------
minizinc: Unrecognized option or bad format `benchmarks/INST_100x100/70/inst100x100_70_60.txt'
minizinc: MiniZinc driver.
Usage: minizinc  [<options>] [-I <include path>] <model>.mzn [<data>.dzn ...] or just <flat>.fzn
More info with "minizinc --help"
benchmarks/INST_100x100/70/inst100x100_70_60.txt : 70 ms.
--------------------------------------------------
minizinc: Unrecognized option or bad format `benchmarks/INST_100x100/70/inst100x100_70_61.txt'
minizinc: MiniZinc driver.
Usage: minizinc  [<options>] [-I <include path>] <model>.mzn [<data>.dzn ...] or just <flat>.fzn
More info with "minizinc --help"
benchmarks/INST_100x100/70/inst100x100_70_61.txt : 69 ms.
--------------------------------------------------
minizinc: Unrecognized option or bad format `benchmarks/INST_100x100/70/inst100x100_70_62.txt'
minizinc: MiniZinc driver.
Usage: minizinc  [<options>] [-I <include path>] <model>.mzn [<data>.dzn ...] or just <flat>.fzn
More info with "minizinc --help"
benchmarks/INST_100x100/70/inst100x100_70_62.txt : 64 ms.
--------------------------------------------------
minizinc: Unrecognized option or bad format `benchmarks/INST_100x100/70/inst100x100_70_63.txt'
minizinc: MiniZinc driver.
Usage: minizinc  [<options>] [-I <include path>] <model>.mzn [<data>.dzn ...] or just <flat>.fzn
More info with "minizinc --help"
benchmarks/INST_100x100/70/inst100x100_70_63.txt : 61 ms.
--------------------------------------------------
minizinc: Unrecognized option or bad format `benchmarks/INST_100x100/70/inst100x100_70_64.txt'
minizinc: MiniZinc driver.
Usage: minizinc  [<options>] [-I <include path>] <model>.mzn [<data>.dzn ...] or just <flat>.fzn
More info with "minizinc --help"
benchmarks/INST_100x100/70/inst100x100_70_64.txt : 63 ms.
--------------------------------------------------
minizinc: Unrecognized option or bad format `benchmarks/INST_100x100/70/inst100x100_70_65.txt'
minizinc: MiniZinc driver.
Usage: minizinc  [<options>] [-I <include path>] <model>.mzn [<data>.dzn ...] or just <flat>.fzn
More info with "minizinc --help"
benchmarks/INST_100x100/70/inst100x100_70_65.txt : 60 ms.
--------------------------------------------------
minizinc: Unrecognized option or bad format `benchmarks/INST_100x100/70/inst100x100_70_66.txt'
minizinc: MiniZinc driver.
Usage: minizinc  [<options>] [-I <include path>] <model>.mzn [<data>.dzn ...] or just <flat>.fzn
More info with "minizinc --help"
benchmarks/INST_100x100/70/inst100x100_70_66.txt : 60 ms.
--------------------------------------------------
minizinc: Unrecognized option or bad format `benchmarks/INST_100x100/70/inst100x100_70_67.txt'
minizinc: MiniZinc driver.
Usage: minizinc  [<options>] [-I <include path>] <model>.mzn [<data>.dzn ...] or just <flat>.fzn
More info with "minizinc --help"
benchmarks/INST_100x100/70/inst100x100_70_67.txt : 83 ms.
--------------------------------------------------
minizinc: Unrecognized option or bad format `benchmarks/INST_100x100/70/inst100x100_70_68.txt'
minizinc: MiniZinc driver.
Usage: minizinc  [<options>] [-I <include path>] <model>.mzn [<data>.dzn ...] or just <flat>.fzn
More info with "minizinc --help"
benchmarks/INST_100x100/70/inst100x100_70_68.txt : 60 ms.
--------------------------------------------------
minizinc: Unrecognized option or bad format `benchmarks/INST_100x100/70/inst100x100_70_69.txt'
minizinc: MiniZinc driver.
Usage: minizinc  [<options>] [-I <include path>] <model>.mzn [<data>.dzn ...] or just <flat>.fzn
More info with "minizinc --help"
benchmarks/INST_100x100/70/inst100x100_70_69.txt : 58 ms.
--------------------------------------------------
minizinc: Unrecognized option or bad format `benchmarks/INST_100x100/70/inst100x100_70_6.txt'
minizinc: MiniZinc driver.
Usage: minizinc  [<options>] [-I <include path>] <model>.mzn [<data>.dzn ...] or just <flat>.fzn
More info with "minizinc --help"
benchmarks/INST_100x100/70/inst100x100_70_6.txt : 66 ms.
--------------------------------------------------
minizinc: Unrecognized option or bad format `benchmarks/INST_100x100/70/inst100x100_70_70.txt'
minizinc: MiniZinc driver.
Usage: minizinc  [<options>] [-I <include path>] <model>.mzn [<data>.dzn ...] or just <flat>.fzn
More info with "minizinc --help"
benchmarks/INST_100x100/70/inst100x100_70_70.txt : 67 ms.
--------------------------------------------------
minizinc: Unrecognized option or bad format `benchmarks/INST_100x100/70/inst100x100_70_71.txt'
minizinc: MiniZinc driver.
Usage: minizinc  [<options>] [-I <include path>] <model>.mzn [<data>.dzn ...] or just <flat>.fzn
More info with "minizinc --help"
benchmarks/INST_100x100/70/inst100x100_70_71.txt : 61 ms.
--------------------------------------------------
minizinc: Unrecognized option or bad format `benchmarks/INST_100x100/70/inst100x100_70_72.txt'
minizinc: MiniZinc driver.
Usage: minizinc  [<options>] [-I <include path>] <model>.mzn [<data>.dzn ...] or just <flat>.fzn
More info with "minizinc --help"
benchmarks/INST_100x100/70/inst100x100_70_72.txt : 68 ms.
--------------------------------------------------
minizinc: Unrecognized option or bad format `benchmarks/INST_100x100/70/inst100x100_70_73.txt'
minizinc: MiniZinc driver.
Usage: minizinc  [<options>] [-I <include path>] <model>.mzn [<data>.dzn ...] or just <flat>.fzn
More info with "minizinc --help"
benchmarks/INST_100x100/70/inst100x100_70_73.txt : 53 ms.
--------------------------------------------------
minizinc: Unrecognized option or bad format `benchmarks/INST_100x100/70/inst100x100_70_74.txt'
minizinc: MiniZinc driver.
Usage: minizinc  [<options>] [-I <include path>] <model>.mzn [<data>.dzn ...] or just <flat>.fzn
More info with "minizinc --help"
benchmarks/INST_100x100/70/inst100x100_70_74.txt : 64 ms.
--------------------------------------------------
minizinc: Unrecognized option or bad format `benchmarks/INST_100x100/70/inst100x100_70_75.txt'
minizinc: MiniZinc driver.
Usage: minizinc  [<options>] [-I <include path>] <model>.mzn [<data>.dzn ...] or just <flat>.fzn
More info with "minizinc --help"
benchmarks/INST_100x100/70/inst100x100_70_75.txt : 77 ms.
--------------------------------------------------
minizinc: Unrecognized option or bad format `benchmarks/INST_100x100/70/inst100x100_70_76.txt'
minizinc: MiniZinc driver.
Usage: minizinc  [<options>] [-I <include path>] <model>.mzn [<data>.dzn ...] or just <flat>.fzn
More info with "minizinc --help"
benchmarks/INST_100x100/70/inst100x100_70_76.txt : 62 ms.
--------------------------------------------------
minizinc: Unrecognized option or bad format `benchmarks/INST_100x100/70/inst100x100_70_77.txt'
minizinc: MiniZinc driver.
Usage: minizinc  [<options>] [-I <include path>] <model>.mzn [<data>.dzn ...] or just <flat>.fzn
More info with "minizinc --help"
benchmarks/INST_100x100/70/inst100x100_70_77.txt : 58 ms.
--------------------------------------------------
minizinc: Unrecognized option or bad format `benchmarks/INST_100x100/70/inst100x100_70_78.txt'
minizinc: MiniZinc driver.
Usage: minizinc  [<options>] [-I <include path>] <model>.mzn [<data>.dzn ...] or just <flat>.fzn
More info with "minizinc --help"
benchmarks/INST_100x100/70/inst100x100_70_78.txt : 61 ms.
--------------------------------------------------
minizinc: Unrecognized option or bad format `benchmarks/INST_100x100/70/inst100x100_70_79.txt'
minizinc: MiniZinc driver.
Usage: minizinc  [<options>] [-I <include path>] <model>.mzn [<data>.dzn ...] or just <flat>.fzn
More info with "minizinc --help"
benchmarks/INST_100x100/70/inst100x100_70_79.txt : 59 ms.
--------------------------------------------------
minizinc: Unrecognized option or bad format `benchmarks/INST_100x100/70/inst100x100_70_7.txt'
minizinc: MiniZinc driver.
Usage: minizinc  [<options>] [-I <include path>] <model>.mzn [<data>.dzn ...] or just <flat>.fzn
More info with "minizinc --help"
benchmarks/INST_100x100/70/inst100x100_70_7.txt : 66 ms.
--------------------------------------------------
minizinc: Unrecognized option or bad format `benchmarks/INST_100x100/70/inst100x100_70_80.txt'
minizinc: MiniZinc driver.
Usage: minizinc  [<options>] [-I <include path>] <model>.mzn [<data>.dzn ...] or just <flat>.fzn
More info with "minizinc --help"
benchmarks/INST_100x100/70/inst100x100_70_80.txt : 63 ms.
--------------------------------------------------
minizinc: Unrecognized option or bad format `benchmarks/INST_100x100/70/inst100x100_70_81.txt'
minizinc: MiniZinc driver.
Usage: minizinc  [<options>] [-I <include path>] <model>.mzn [<data>.dzn ...] or just <flat>.fzn
More info with "minizinc --help"
benchmarks/INST_100x100/70/inst100x100_70_81.txt : 62 ms.
--------------------------------------------------
minizinc: Unrecognized option or bad format `benchmarks/INST_100x100/70/inst100x100_70_82.txt'
minizinc: MiniZinc driver.
Usage: minizinc  [<options>] [-I <include path>] <model>.mzn [<data>.dzn ...] or just <flat>.fzn
More info with "minizinc --help"
benchmarks/INST_100x100/70/inst100x100_70_82.txt : 78 ms.
--------------------------------------------------
minizinc: Unrecognized option or bad format `benchmarks/INST_100x100/70/inst100x100_70_83.txt'
minizinc: MiniZinc driver.
Usage: minizinc  [<options>] [-I <include path>] <model>.mzn [<data>.dzn ...] or just <flat>.fzn
More info with "minizinc --help"
benchmarks/INST_100x100/70/inst100x100_70_83.txt : 63 ms.
--------------------------------------------------
minizinc: Unrecognized option or bad format `benchmarks/INST_100x100/70/inst100x100_70_84.txt'
minizinc: MiniZinc driver.
Usage: minizinc  [<options>] [-I <include path>] <model>.mzn [<data>.dzn ...] or just <flat>.fzn
More info with "minizinc --help"
benchmarks/INST_100x100/70/inst100x100_70_84.txt : 69 ms.
--------------------------------------------------
minizinc: Unrecognized option or bad format `benchmarks/INST_100x100/70/inst100x100_70_85.txt'
minizinc: MiniZinc driver.
Usage: minizinc  [<options>] [-I <include path>] <model>.mzn [<data>.dzn ...] or just <flat>.fzn
More info with "minizinc --help"
benchmarks/INST_100x100/70/inst100x100_70_85.txt : 67 ms.
--------------------------------------------------
minizinc: Unrecognized option or bad format `benchmarks/INST_100x100/70/inst100x100_70_86.txt'
minizinc: MiniZinc driver.
Usage: minizinc  [<options>] [-I <include path>] <model>.mzn [<data>.dzn ...] or just <flat>.fzn
More info with "minizinc --help"
benchmarks/INST_100x100/70/inst100x100_70_86.txt : 62 ms.
--------------------------------------------------
minizinc: Unrecognized option or bad format `benchmarks/INST_100x100/70/inst100x100_70_87.txt'
minizinc: MiniZinc driver.
Usage: minizinc  [<options>] [-I <include path>] <model>.mzn [<data>.dzn ...] or just <flat>.fzn
More info with "minizinc --help"
benchmarks/INST_100x100/70/inst100x100_70_87.txt : 68 ms.
--------------------------------------------------
minizinc: Unrecognized option or bad format `benchmarks/INST_100x100/70/inst100x100_70_88.txt'
minizinc: MiniZinc driver.
Usage: minizinc  [<options>] [-I <include path>] <model>.mzn [<data>.dzn ...] or just <flat>.fzn
More info with "minizinc --help"
benchmarks/INST_100x100/70/inst100x100_70_88.txt : 55 ms.
--------------------------------------------------
minizinc: Unrecognized option or bad format `benchmarks/INST_100x100/70/inst100x100_70_89.txt'
minizinc: MiniZinc driver.
Usage: minizinc  [<options>] [-I <include path>] <model>.mzn [<data>.dzn ...] or just <flat>.fzn
More info with "minizinc --help"
benchmarks/INST_100x100/70/inst100x100_70_89.txt : 63 ms.
--------------------------------------------------
minizinc: Unrecognized option or bad format `benchmarks/INST_100x100/70/inst100x100_70_8.txt'
minizinc: MiniZinc driver.
Usage: minizinc  [<options>] [-I <include path>] <model>.mzn [<data>.dzn ...] or just <flat>.fzn
More info with "minizinc --help"
benchmarks/INST_100x100/70/inst100x100_70_8.txt : 57 ms.
--------------------------------------------------
minizinc: Unrecognized option or bad format `benchmarks/INST_100x100/70/inst100x100_70_90.txt'
minizinc: MiniZinc driver.
Usage: minizinc  [<options>] [-I <include path>] <model>.mzn [<data>.dzn ...] or just <flat>.fzn
More info with "minizinc --help"
benchmarks/INST_100x100/70/inst100x100_70_90.txt : 71 ms.
--------------------------------------------------
minizinc: Unrecognized option or bad format `benchmarks/INST_100x100/70/inst100x100_70_91.txt'
minizinc: MiniZinc driver.
Usage: minizinc  [<options>] [-I <include path>] <model>.mzn [<data>.dzn ...] or just <flat>.fzn
More info with "minizinc --help"
benchmarks/INST_100x100/70/inst100x100_70_91.txt : 74 ms.
--------------------------------------------------
minizinc: Unrecognized option or bad format `benchmarks/INST_100x100/70/inst100x100_70_92.txt'
minizinc: MiniZinc driver.
Usage: minizinc  [<options>] [-I <include path>] <model>.mzn [<data>.dzn ...] or just <flat>.fzn
More info with "minizinc --help"
benchmarks/INST_100x100/70/inst100x100_70_92.txt : 60 ms.
--------------------------------------------------
minizinc: Unrecognized option or bad format `benchmarks/INST_100x100/70/inst100x100_70_93.txt'
minizinc: MiniZinc driver.
Usage: minizinc  [<options>] [-I <include path>] <model>.mzn [<data>.dzn ...] or just <flat>.fzn
More info with "minizinc --help"
benchmarks/INST_100x100/70/inst100x100_70_93.txt : 71 ms.
--------------------------------------------------
minizinc: Unrecognized option or bad format `benchmarks/INST_100x100/70/inst100x100_70_94.txt'
minizinc: MiniZinc driver.
Usage: minizinc  [<options>] [-I <include path>] <model>.mzn [<data>.dzn ...] or just <flat>.fzn
More info with "minizinc --help"
benchmarks/INST_100x100/70/inst100x100_70_94.txt : 62 ms.
--------------------------------------------------
minizinc: Unrecognized option or bad format `benchmarks/INST_100x100/70/inst100x100_70_95.txt'
minizinc: MiniZinc driver.
Usage: minizinc  [<options>] [-I <include path>] <model>.mzn [<data>.dzn ...] or just <flat>.fzn
More info with "minizinc --help"
benchmarks/INST_100x100/70/inst100x100_70_95.txt : 65 ms.
--------------------------------------------------
minizinc: Unrecognized option or bad format `benchmarks/INST_100x100/70/inst100x100_70_96.txt'
minizinc: MiniZinc driver.
Usage: minizinc  [<options>] [-I <include path>] <model>.mzn [<data>.dzn ...] or just <flat>.fzn
More info with "minizinc --help"
benchmarks/INST_100x100/70/inst100x100_70_96.txt : 66 ms.
--------------------------------------------------
minizinc: Unrecognized option or bad format `benchmarks/INST_100x100/70/inst100x100_70_97.txt'
minizinc: MiniZinc driver.
Usage: minizinc  [<options>] [-I <include path>] <model>.mzn [<data>.dzn ...] or just <flat>.fzn
More info with "minizinc --help"
benchmarks/INST_100x100/70/inst100x100_70_97.txt : 61 ms.
--------------------------------------------------
minizinc: Unrecognized option or bad format `benchmarks/INST_100x100/70/inst100x100_70_98.txt'
minizinc: MiniZinc driver.
Usage: minizinc  [<options>] [-I <include path>] <model>.mzn [<data>.dzn ...] or just <flat>.fzn
More info with "minizinc --help"
benchmarks/INST_100x100/70/inst100x100_70_98.txt : 65 ms.
--------------------------------------------------
minizinc: Unrecognized option or bad format `benchmarks/INST_100x100/70/inst100x100_70_99.txt'
minizinc: MiniZinc driver.
Usage: minizinc  [<options>] [-I <include path>] <model>.mzn [<data>.dzn ...] or just <flat>.fzn
More info with "minizinc --help"
benchmarks/INST_100x100/70/inst100x100_70_99.txt : 62 ms.
--------------------------------------------------
minizinc: Unrecognized option or bad format `benchmarks/INST_100x100/70/inst100x100_70_9.txt'
minizinc: MiniZinc driver.
Usage: minizinc  [<options>] [-I <include path>] <model>.mzn [<data>.dzn ...] or just <flat>.fzn
More info with "minizinc --help"
benchmarks/INST_100x100/70/inst100x100_70_9.txt : 68 ms.
