--------------------------------------------------
benchmarks/INST_49x49/50/inst49x49_50_0.txt find answer: 11.830000
benchmarks/INST_49x49/50/inst49x49_50_0.txt : 12009 ms.
--------------------------------------------------
benchmarks/INST_49x49/50/inst49x49_50_10.txt find answer: 179.210000
benchmarks/INST_49x49/50/inst49x49_50_10.txt : 179777 ms.
--------------------------------------------------
benchmarks/INST_49x49/50/inst49x49_50_11.txt find answer: 67.600000
benchmarks/INST_49x49/50/inst49x49_50_11.txt : 67890 ms.
--------------------------------------------------
benchmarks/INST_49x49/50/inst49x49_50_12.txt find answer: 122.160000
benchmarks/INST_49x49/50/inst49x49_50_12.txt : 122600 ms.
--------------------------------------------------
benchmarks/INST_49x49/50/inst49x49_50_13.txt find answer: 22.620000
benchmarks/INST_49x49/50/inst49x49_50_13.txt : 22828 ms.
--------------------------------------------------
benchmarks/INST_49x49/50/inst49x49_50_14.txt find answer: 7.500000
benchmarks/INST_49x49/50/inst49x49_50_14.txt : 7665 ms.
--------------------------------------------------
benchmarks/INST_49x49/50/inst49x49_50_15.txt find answer: 9.030000
benchmarks/INST_49x49/50/inst49x49_50_15.txt : 9195 ms.
--------------------------------------------------
benchmarks/INST_49x49/50/inst49x49_50_16.txt find answer: 30.740000
benchmarks/INST_49x49/50/inst49x49_50_16.txt : 30965 ms.
--------------------------------------------------
benchmarks/INST_49x49/50/inst49x49_50_17.txt find answer: 16.950000
benchmarks/INST_49x49/50/inst49x49_50_17.txt : 17136 ms.
--------------------------------------------------
benchmarks/INST_49x49/50/inst49x49_50_18.txt find answer: 29.980000
benchmarks/INST_49x49/50/inst49x49_50_18.txt : 30225 ms.
--------------------------------------------------
benchmarks/INST_49x49/50/inst49x49_50_19.txt find answer: 69.140000
benchmarks/INST_49x49/50/inst49x49_50_19.txt : 69464 ms.
--------------------------------------------------
benchmarks/INST_49x49/50/inst49x49_50_1.txt find answer: 107.020000
benchmarks/INST_49x49/50/inst49x49_50_1.txt : 107423 ms.
--------------------------------------------------
benchmarks/INST_49x49/50/inst49x49_50_20.txt find answer: 7.430000
benchmarks/INST_49x49/50/inst49x49_50_20.txt : 7605 ms.
--------------------------------------------------
benchmarks/INST_49x49/50/inst49x49_50_21.txt find answer: 195.010000
benchmarks/INST_49x49/50/inst49x49_50_21.txt : 195616 ms.
--------------------------------------------------
benchmarks/INST_49x49/50/inst49x49_50_22.txt find answer: 584.940000
benchmarks/INST_49x49/50/inst49x49_50_22.txt : 587138 ms.
--------------------------------------------------
benchmarks/INST_49x49/50/inst49x49_50_23.txt find answer: 10.510000
benchmarks/INST_49x49/50/inst49x49_50_23.txt : 10699 ms.
--------------------------------------------------
benchmarks/INST_49x49/50/inst49x49_50_24.txt find answer: 179.510000
benchmarks/INST_49x49/50/inst49x49_50_24.txt : 180088 ms.
--------------------------------------------------
benchmarks/INST_49x49/50/inst49x49_50_25.txt find answer: 12.200000
benchmarks/INST_49x49/50/inst49x49_50_25.txt : 12444 ms.
--------------------------------------------------
benchmarks/INST_49x49/50/inst49x49_50_26.txt find answer: 333.050000
benchmarks/INST_49x49/50/inst49x49_50_26.txt : 334000 ms.
--------------------------------------------------
benchmarks/INST_49x49/50/inst49x49_50_27.txt find answer: 59.480000
benchmarks/INST_49x49/50/inst49x49_50_27.txt : 59780 ms.
--------------------------------------------------
benchmarks/INST_49x49/50/inst49x49_50_28.txt find answer: 20.300000
benchmarks/INST_49x49/50/inst49x49_50_28.txt : 20483 ms.
--------------------------------------------------
benchmarks/INST_49x49/50/inst49x49_50_29.txt find answer: 3.340000
benchmarks/INST_49x49/50/inst49x49_50_29.txt : 3483 ms.
--------------------------------------------------
benchmarks/INST_49x49/50/inst49x49_50_2.txt find answer: 11.380000
benchmarks/INST_49x49/50/inst49x49_50_2.txt : 11554 ms.
--------------------------------------------------
benchmarks/INST_49x49/50/inst49x49_50_30.txt find answer: 279.090000
benchmarks/INST_49x49/50/inst49x49_50_30.txt : 279918 ms.
--------------------------------------------------
benchmarks/INST_49x49/50/inst49x49_50_31.txt find answer: 24.280000
benchmarks/INST_49x49/50/inst49x49_50_31.txt : 24501 ms.
--------------------------------------------------
benchmarks/INST_49x49/50/inst49x49_50_32.txt find answer: 21.200000
benchmarks/INST_49x49/50/inst49x49_50_32.txt : 21403 ms.
--------------------------------------------------
benchmarks/INST_49x49/50/inst49x49_50_33.txt find answer: 87.780000
benchmarks/INST_49x49/50/inst49x49_50_33.txt : 88134 ms.
--------------------------------------------------
benchmarks/INST_49x49/50/inst49x49_50_34.txt find answer: 33.700000
benchmarks/INST_49x49/50/inst49x49_50_34.txt : 33947 ms.
--------------------------------------------------
benchmarks/INST_49x49/50/inst49x49_50_35.txt find answer: 374.910000
benchmarks/INST_49x49/50/inst49x49_50_35.txt : 375973 ms.
--------------------------------------------------
benchmarks/INST_49x49/50/inst49x49_50_36.txt find answer: 8.450000
benchmarks/INST_49x49/50/inst49x49_50_36.txt : 8611 ms.
--------------------------------------------------
benchmarks/INST_49x49/50/inst49x49_50_37.txt find answer: 24.920000
benchmarks/INST_49x49/50/inst49x49_50_37.txt : 25121 ms.
--------------------------------------------------
benchmarks/INST_49x49/50/inst49x49_50_38.txt find answer: 627.430000
benchmarks/INST_49x49/50/inst49x49_50_38.txt : 629035 ms.
--------------------------------------------------
benchmarks/INST_49x49/50/inst49x49_50_39.txt find answer: 15.870000
benchmarks/INST_49x49/50/inst49x49_50_39.txt : 16051 ms.
--------------------------------------------------
benchmarks/INST_49x49/50/inst49x49_50_3.txt find answer: 42.840000
benchmarks/INST_49x49/50/inst49x49_50_3.txt : 43068 ms.
--------------------------------------------------
benchmarks/INST_49x49/50/inst49x49_50_40.txt find answer: 6.120000
benchmarks/INST_49x49/50/inst49x49_50_40.txt : 6270 ms.
--------------------------------------------------
benchmarks/INST_49x49/50/inst49x49_50_41.txt find answer: 7.340000
benchmarks/INST_49x49/50/inst49x49_50_41.txt : 7490 ms.
--------------------------------------------------
benchmarks/INST_49x49/50/inst49x49_50_42.txt find answer: 51.100000
benchmarks/INST_49x49/50/inst49x49_50_42.txt : 51379 ms.
--------------------------------------------------
benchmarks/INST_49x49/50/inst49x49_50_43.txt find answer: 35.830000
benchmarks/INST_49x49/50/inst49x49_50_43.txt : 36079 ms.
--------------------------------------------------
benchmarks/INST_49x49/50/inst49x49_50_44.txt find answer: 70.370000
benchmarks/INST_49x49/50/inst49x49_50_44.txt : 70672 ms.
--------------------------------------------------
benchmarks/INST_49x49/50/inst49x49_50_45.txt find answer: 19.400000
benchmarks/INST_49x49/50/inst49x49_50_45.txt : 19588 ms.
--------------------------------------------------
benchmarks/INST_49x49/50/inst49x49_50_46.txt find answer: 152.150000
benchmarks/INST_49x49/50/inst49x49_50_46.txt : 152648 ms.
--------------------------------------------------
benchmarks/INST_49x49/50/inst49x49_50_47.txt find answer: 43.240000
benchmarks/INST_49x49/50/inst49x49_50_47.txt : 43476 ms.
--------------------------------------------------
benchmarks/INST_49x49/50/inst49x49_50_48.txt find answer: 13.300000
benchmarks/INST_49x49/50/inst49x49_50_48.txt : 13483 ms.
--------------------------------------------------
benchmarks/INST_49x49/50/inst49x49_50_49.txt find answer: 8.790000
benchmarks/INST_49x49/50/inst49x49_50_49.txt : 8932 ms.
--------------------------------------------------
benchmarks/INST_49x49/50/inst49x49_50_4.txt find answer: 8.500000
benchmarks/INST_49x49/50/inst49x49_50_4.txt : 8667 ms.
--------------------------------------------------
benchmarks/INST_49x49/50/inst49x49_50_50.txt find answer: 679.100000
benchmarks/INST_49x49/50/inst49x49_50_50.txt : 680837 ms.
--------------------------------------------------
benchmarks/INST_49x49/50/inst49x49_50_51.txt find answer: 33.620000
benchmarks/INST_49x49/50/inst49x49_50_51.txt : 33855 ms.
--------------------------------------------------
benchmarks/INST_49x49/50/inst49x49_50_52.txt find answer: 279.020000
benchmarks/INST_49x49/50/inst49x49_50_52.txt : 279842 ms.
--------------------------------------------------
benchmarks/INST_49x49/50/inst49x49_50_53.txt find answer: 10.660000
benchmarks/INST_49x49/50/inst49x49_50_53.txt : 10840 ms.
--------------------------------------------------
benchmarks/INST_49x49/50/inst49x49_50_54.txt find answer: 25.980000
benchmarks/INST_49x49/50/inst49x49_50_54.txt : 26202 ms.
--------------------------------------------------
benchmarks/INST_49x49/50/inst49x49_50_55.txt find answer: 145.300000
benchmarks/INST_49x49/50/inst49x49_50_55.txt : 145770 ms.
--------------------------------------------------
benchmarks/INST_49x49/50/inst49x49_50_56.txt find answer: 18.130000
benchmarks/INST_49x49/50/inst49x49_50_56.txt : 18316 ms.
--------------------------------------------------
benchmarks/INST_49x49/50/inst49x49_50_57.txt find answer: 209.510000
benchmarks/INST_49x49/50/inst49x49_50_57.txt : 210168 ms.
--------------------------------------------------
benchmarks/INST_49x49/50/inst49x49_50_58.txt find answer: 152.610000
benchmarks/INST_49x49/50/inst49x49_50_58.txt : 153118 ms.
--------------------------------------------------
benchmarks/INST_49x49/50/inst49x49_50_59.txt find answer: 349.260000
benchmarks/INST_49x49/50/inst49x49_50_59.txt : 350241 ms.
--------------------------------------------------
benchmarks/INST_49x49/50/inst49x49_50_5.txt find answer: 22.260000
benchmarks/INST_49x49/50/inst49x49_50_5.txt : 22507 ms.
--------------------------------------------------
benchmarks/INST_49x49/50/inst49x49_50_60.txt find answer: 117.760000
benchmarks/INST_49x49/50/inst49x49_50_60.txt : 118347 ms.
--------------------------------------------------
benchmarks/INST_49x49/50/inst49x49_50_61.txt find answer: 26.630000
benchmarks/INST_49x49/50/inst49x49_50_61.txt : 26885 ms.
--------------------------------------------------
benchmarks/INST_49x49/50/inst49x49_50_62.txt find answer: 15.170000
benchmarks/INST_49x49/50/inst49x49_50_62.txt : 15404 ms.
--------------------------------------------------
benchmarks/INST_49x49/50/inst49x49_50_63.txt find answer: 61.450000
benchmarks/INST_49x49/50/inst49x49_50_63.txt : 61980 ms.
--------------------------------------------------
benchmarks/INST_49x49/50/inst49x49_50_64.txt find answer: 73.090000
benchmarks/INST_49x49/50/inst49x49_50_64.txt : 73476 ms.
--------------------------------------------------
benchmarks/INST_49x49/50/inst49x49_50_65.txt find answer: 23.270000
benchmarks/INST_49x49/50/inst49x49_50_65.txt : 23574 ms.
--------------------------------------------------
benchmarks/INST_49x49/50/inst49x49_50_66.txt find answer: 13.710000
benchmarks/INST_49x49/50/inst49x49_50_66.txt : 13935 ms.
--------------------------------------------------
benchmarks/INST_49x49/50/inst49x49_50_67.txt find answer: 45.750000
benchmarks/INST_49x49/50/inst49x49_50_67.txt : 46032 ms.
--------------------------------------------------
benchmarks/INST_49x49/50/inst49x49_50_68.txt find answer: 132.400000
benchmarks/INST_49x49/50/inst49x49_50_68.txt : 132906 ms.
--------------------------------------------------
benchmarks/INST_49x49/50/inst49x49_50_69.txt find answer: 21.800000
benchmarks/INST_49x49/50/inst49x49_50_69.txt : 22054 ms.
--------------------------------------------------
benchmarks/INST_49x49/50/inst49x49_50_6.txt find answer: 6.540000
benchmarks/INST_49x49/50/inst49x49_50_6.txt : 6855 ms.
--------------------------------------------------
benchmarks/INST_49x49/50/inst49x49_50_70.txt find answer: 113.870000
benchmarks/INST_49x49/50/inst49x49_50_70.txt : 114331 ms.
--------------------------------------------------
benchmarks/INST_49x49/50/inst49x49_50_71.txt find answer: 14.270000
benchmarks/INST_49x49/50/inst49x49_50_71.txt : 14530 ms.
--------------------------------------------------
benchmarks/INST_49x49/50/inst49x49_50_72.txt find answer: 81.350000
benchmarks/INST_49x49/50/inst49x49_50_72.txt : 81755 ms.
--------------------------------------------------
benchmarks/INST_49x49/50/inst49x49_50_73.txt find answer: 117.060000
benchmarks/INST_49x49/50/inst49x49_50_73.txt : 117521 ms.
--------------------------------------------------
benchmarks/INST_49x49/50/inst49x49_50_74.txt find answer: 9.590000
benchmarks/INST_49x49/50/inst49x49_50_74.txt : 9757 ms.
--------------------------------------------------
benchmarks/INST_49x49/50/inst49x49_50_75.txt find answer: 226.520000
benchmarks/INST_49x49/50/inst49x49_50_75.txt : 227185 ms.
--------------------------------------------------
benchmarks/INST_49x49/50/inst49x49_50_76.txt find answer: 277.580000
benchmarks/INST_49x49/50/inst49x49_50_76.txt : 278412 ms.
--------------------------------------------------
benchmarks/INST_49x49/50/inst49x49_50_77.txt find answer: 57.560000
benchmarks/INST_49x49/50/inst49x49_50_77.txt : 57845 ms.
--------------------------------------------------
benchmarks/INST_49x49/50/inst49x49_50_78.txt find answer: 61.720000
benchmarks/INST_49x49/50/inst49x49_50_78.txt : 62008 ms.
--------------------------------------------------
benchmarks/INST_49x49/50/inst49x49_50_79.txt find answer: 13.710000
benchmarks/INST_49x49/50/inst49x49_50_79.txt : 13877 ms.
--------------------------------------------------
benchmarks/INST_49x49/50/inst49x49_50_7.txt find answer: 19.200000
benchmarks/INST_49x49/50/inst49x49_50_7.txt : 19384 ms.
--------------------------------------------------
benchmarks/INST_49x49/50/inst49x49_50_80.txt find answer: 266.560000
benchmarks/INST_49x49/50/inst49x49_50_80.txt : 267329 ms.
--------------------------------------------------
benchmarks/INST_49x49/50/inst49x49_50_81.txt find answer: 5.690000
benchmarks/INST_49x49/50/inst49x49_50_81.txt : 5843 ms.
--------------------------------------------------
benchmarks/INST_49x49/50/inst49x49_50_82.txt find answer: 8.010000
benchmarks/INST_49x49/50/inst49x49_50_82.txt : 8175 ms.
--------------------------------------------------
benchmarks/INST_49x49/50/inst49x49_50_83.txt find answer: 14.790000
benchmarks/INST_49x49/50/inst49x49_50_83.txt : 14967 ms.
--------------------------------------------------
benchmarks/INST_49x49/50/inst49x49_50_84.txt find answer: 86.280000
benchmarks/INST_49x49/50/inst49x49_50_84.txt : 86619 ms.
--------------------------------------------------
benchmarks/INST_49x49/50/inst49x49_50_85.txt find answer: 56.580000
benchmarks/INST_49x49/50/inst49x49_50_85.txt : 56868 ms.
--------------------------------------------------
benchmarks/INST_49x49/50/inst49x49_50_86.txt find answer: 158.710000
benchmarks/INST_49x49/50/inst49x49_50_86.txt : 159221 ms.
--------------------------------------------------
benchmarks/INST_49x49/50/inst49x49_50_87.txt find answer: 11.160000
benchmarks/INST_49x49/50/inst49x49_50_87.txt : 11328 ms.
--------------------------------------------------
benchmarks/INST_49x49/50/inst49x49_50_88.txt find answer: 210.510000
benchmarks/INST_49x49/50/inst49x49_50_88.txt : 211154 ms.
--------------------------------------------------
benchmarks/INST_49x49/50/inst49x49_50_89.txt find answer: 108.740000
benchmarks/INST_49x49/50/inst49x49_50_89.txt : 109169 ms.
--------------------------------------------------
benchmarks/INST_49x49/50/inst49x49_50_8.txt find answer: 118.070000
benchmarks/INST_49x49/50/inst49x49_50_8.txt : 118513 ms.
--------------------------------------------------
benchmarks/INST_49x49/50/inst49x49_50_90.txt find answer: 266.280000
benchmarks/INST_49x49/50/inst49x49_50_90.txt : 267063 ms.
--------------------------------------------------
benchmarks/INST_49x49/50/inst49x49_50_91.txt find answer: 40.640000
benchmarks/INST_49x49/50/inst49x49_50_91.txt : 40882 ms.
--------------------------------------------------
benchmarks/INST_49x49/50/inst49x49_50_92.txt find answer: 15.120000
benchmarks/INST_49x49/50/inst49x49_50_92.txt : 15298 ms.
--------------------------------------------------
benchmarks/INST_49x49/50/inst49x49_50_93.txt find answer: 11.500000
benchmarks/INST_49x49/50/inst49x49_50_93.txt : 11662 ms.
--------------------------------------------------
benchmarks/INST_49x49/50/inst49x49_50_94.txt : 1002663 ms.
--------------------------------------------------
benchmarks/INST_49x49/50/inst49x49_50_95.txt find answer: 29.520000
benchmarks/INST_49x49/50/inst49x49_50_95.txt : 29746 ms.
--------------------------------------------------
benchmarks/INST_49x49/50/inst49x49_50_96.txt find answer: 6.300000
benchmarks/INST_49x49/50/inst49x49_50_96.txt : 6473 ms.
--------------------------------------------------
benchmarks/INST_49x49/50/inst49x49_50_97.txt : 1010032 ms.
--------------------------------------------------
benchmarks/INST_49x49/50/inst49x49_50_98.txt find answer: 4.110000
benchmarks/INST_49x49/50/inst49x49_50_98.txt : 4255 ms.
--------------------------------------------------
benchmarks/INST_49x49/50/inst49x49_50_99.txt find answer: 127.950000
benchmarks/INST_49x49/50/inst49x49_50_99.txt : 128389 ms.
--------------------------------------------------
benchmarks/INST_49x49/50/inst49x49_50_9.txt find answer: 20.390000
benchmarks/INST_49x49/50/inst49x49_50_9.txt : 20586 ms.
run.sh: line 77: 3: command not found
run.sh: line 78: syntax error near unexpected token `fi'
run.sh: line 78: `    fi'
