--------------------------------------------------
benchmarks/INST_64x64/40/inst64x64_40_0.txt : 1008686 ms.
--------------------------------------------------
benchmarks/INST_64x64/40/inst64x64_40_10.txt : 1020825 ms.
--------------------------------------------------
benchmarks/INST_64x64/40/inst64x64_40_11.txt : 1006601 ms.
--------------------------------------------------
benchmarks/INST_64x64/40/inst64x64_40_12.txt : 1009959 ms.
--------------------------------------------------
benchmarks/INST_64x64/40/inst64x64_40_13.txt : 1009343 ms.
--------------------------------------------------
benchmarks/INST_64x64/40/inst64x64_40_14.txt : 1010762 ms.
--------------------------------------------------
benchmarks/INST_64x64/40/inst64x64_40_15.txt : 1007901 ms.
--------------------------------------------------
benchmarks/INST_64x64/40/inst64x64_40_16.txt : 1009708 ms.
--------------------------------------------------
benchmarks/INST_64x64/40/inst64x64_40_17.txt : 1003170 ms.
--------------------------------------------------
benchmarks/INST_64x64/40/inst64x64_40_18.txt : 1017796 ms.
--------------------------------------------------
benchmarks/INST_64x64/40/inst64x64_40_19.txt : 1007105 ms.
--------------------------------------------------
benchmarks/INST_64x64/40/inst64x64_40_1.txt : 1014903 ms.
--------------------------------------------------
benchmarks/INST_64x64/40/inst64x64_40_20.txt : 1009410 ms.
--------------------------------------------------
benchmarks/INST_64x64/40/inst64x64_40_21.txt : 1005918 ms.
--------------------------------------------------
benchmarks/INST_64x64/40/inst64x64_40_22.txt : 1003118 ms.
--------------------------------------------------
benchmarks/INST_64x64/40/inst64x64_40_23.txt : 1009282 ms.
--------------------------------------------------
benchmarks/INST_64x64/40/inst64x64_40_24.txt : 1016183 ms.
--------------------------------------------------
benchmarks/INST_64x64/40/inst64x64_40_25.txt : 1005549 ms.
--------------------------------------------------
benchmarks/INST_64x64/40/inst64x64_40_26.txt : 1014876 ms.
--------------------------------------------------
benchmarks/INST_64x64/40/inst64x64_40_27.txt : 1015009 ms.
--------------------------------------------------
benchmarks/INST_64x64/40/inst64x64_40_28.txt : 1014101 ms.
--------------------------------------------------
benchmarks/INST_64x64/40/inst64x64_40_29.txt : 1006373 ms.
--------------------------------------------------
benchmarks/INST_64x64/40/inst64x64_40_2.txt : 1007622 ms.
--------------------------------------------------
benchmarks/INST_64x64/40/inst64x64_40_30.txt : 1021555 ms.
--------------------------------------------------
benchmarks/INST_64x64/40/inst64x64_40_31.txt : 1015508 ms.
--------------------------------------------------
benchmarks/INST_64x64/40/inst64x64_40_32.txt : 1005869 ms.
--------------------------------------------------
benchmarks/INST_64x64/40/inst64x64_40_33.txt : 1010435 ms.
--------------------------------------------------
benchmarks/INST_64x64/40/inst64x64_40_34.txt : 1006036 ms.
--------------------------------------------------
benchmarks/INST_64x64/40/inst64x64_40_35.txt : 1004231 ms.
--------------------------------------------------
benchmarks/INST_64x64/40/inst64x64_40_36.txt : 1008126 ms.
--------------------------------------------------
benchmarks/INST_64x64/40/inst64x64_40_37.txt : 1012883 ms.
--------------------------------------------------
benchmarks/INST_64x64/40/inst64x64_40_38.txt : 1004487 ms.
--------------------------------------------------
benchmarks/INST_64x64/40/inst64x64_40_39.txt : 1006814 ms.
--------------------------------------------------
benchmarks/INST_64x64/40/inst64x64_40_3.txt : 1004012 ms.
--------------------------------------------------
benchmarks/INST_64x64/40/inst64x64_40_40.txt : 1006604 ms.
--------------------------------------------------
benchmarks/INST_64x64/40/inst64x64_40_41.txt : 1007124 ms.
--------------------------------------------------
benchmarks/INST_64x64/40/inst64x64_40_42.txt : 1008543 ms.
--------------------------------------------------
benchmarks/INST_64x64/40/inst64x64_40_43.txt : 1002856 ms.
--------------------------------------------------
benchmarks/INST_64x64/40/inst64x64_40_44.txt : 1014912 ms.
--------------------------------------------------
benchmarks/INST_64x64/40/inst64x64_40_45.txt : 1010228 ms.
--------------------------------------------------
benchmarks/INST_64x64/40/inst64x64_40_46.txt : 1023376 ms.
--------------------------------------------------
benchmarks/INST_64x64/40/inst64x64_40_47.txt : 1003774 ms.
--------------------------------------------------
benchmarks/INST_64x64/40/inst64x64_40_48.txt : 1017889 ms.
--------------------------------------------------
benchmarks/INST_64x64/40/inst64x64_40_49.txt : 1003266 ms.
--------------------------------------------------
benchmarks/INST_64x64/40/inst64x64_40_4.txt : 1004979 ms.
--------------------------------------------------
benchmarks/INST_64x64/40/inst64x64_40_50.txt : 1004875 ms.
--------------------------------------------------
benchmarks/INST_64x64/40/inst64x64_40_51.txt : 1008830 ms.
--------------------------------------------------
benchmarks/INST_64x64/40/inst64x64_40_52.txt : 1018621 ms.
--------------------------------------------------
benchmarks/INST_64x64/40/inst64x64_40_53.txt : 1015501 ms.
--------------------------------------------------
benchmarks/INST_64x64/40/inst64x64_40_54.txt : 1011546 ms.
--------------------------------------------------
benchmarks/INST_64x64/40/inst64x64_40_55.txt : 1005731 ms.
--------------------------------------------------
benchmarks/INST_64x64/40/inst64x64_40_56.txt : 1003639 ms.
--------------------------------------------------
benchmarks/INST_64x64/40/inst64x64_40_57.txt : 1008889 ms.
--------------------------------------------------
benchmarks/INST_64x64/40/inst64x64_40_58.txt : 1004851 ms.
--------------------------------------------------
benchmarks/INST_64x64/40/inst64x64_40_59.txt : 1006333 ms.
--------------------------------------------------
benchmarks/INST_64x64/40/inst64x64_40_5.txt : 1003098 ms.
--------------------------------------------------
benchmarks/INST_64x64/40/inst64x64_40_60.txt : 1018604 ms.
--------------------------------------------------
benchmarks/INST_64x64/40/inst64x64_40_61.txt : 1004708 ms.
--------------------------------------------------
benchmarks/INST_64x64/40/inst64x64_40_62.txt : 1003084 ms.
--------------------------------------------------
benchmarks/INST_64x64/40/inst64x64_40_63.txt : 1011333 ms.
--------------------------------------------------
benchmarks/INST_64x64/40/inst64x64_40_64.txt : 1025950 ms.
--------------------------------------------------
benchmarks/INST_64x64/40/inst64x64_40_65.txt : 1019126 ms.
--------------------------------------------------
benchmarks/INST_64x64/40/inst64x64_40_66.txt : 1003388 ms.
--------------------------------------------------
benchmarks/INST_64x64/40/inst64x64_40_67.txt : 1004032 ms.
--------------------------------------------------
benchmarks/INST_64x64/40/inst64x64_40_68.txt : 1007736 ms.
--------------------------------------------------
benchmarks/INST_64x64/40/inst64x64_40_69.txt : 1005321 ms.
--------------------------------------------------
benchmarks/INST_64x64/40/inst64x64_40_6.txt : 1014294 ms.
--------------------------------------------------
benchmarks/INST_64x64/40/inst64x64_40_70.txt : 1009782 ms.
--------------------------------------------------
benchmarks/INST_64x64/40/inst64x64_40_71.txt : 1009815 ms.
--------------------------------------------------
benchmarks/INST_64x64/40/inst64x64_40_72.txt : 1007199 ms.
--------------------------------------------------
benchmarks/INST_64x64/40/inst64x64_40_73.txt : 1003547 ms.
--------------------------------------------------
benchmarks/INST_64x64/40/inst64x64_40_74.txt : 1007735 ms.
--------------------------------------------------
benchmarks/INST_64x64/40/inst64x64_40_75.txt : 1018384 ms.
--------------------------------------------------
benchmarks/INST_64x64/40/inst64x64_40_76.txt : 1006421 ms.
--------------------------------------------------
benchmarks/INST_64x64/40/inst64x64_40_77.txt : 1002836 ms.
--------------------------------------------------
benchmarks/INST_64x64/40/inst64x64_40_78.txt : 1006509 ms.
--------------------------------------------------
benchmarks/INST_64x64/40/inst64x64_40_79.txt : 1007656 ms.
--------------------------------------------------
benchmarks/INST_64x64/40/inst64x64_40_7.txt : 1013197 ms.
--------------------------------------------------
benchmarks/INST_64x64/40/inst64x64_40_80.txt : 1008095 ms.
--------------------------------------------------
benchmarks/INST_64x64/40/inst64x64_40_81.txt : 1008983 ms.
--------------------------------------------------
benchmarks/INST_64x64/40/inst64x64_40_82.txt : 1016045 ms.
--------------------------------------------------
benchmarks/INST_64x64/40/inst64x64_40_83.txt : 1008480 ms.
--------------------------------------------------
benchmarks/INST_64x64/40/inst64x64_40_84.txt : 1006876 ms.
--------------------------------------------------
benchmarks/INST_64x64/40/inst64x64_40_85.txt : 1004064 ms.
--------------------------------------------------
benchmarks/INST_64x64/40/inst64x64_40_86.txt : 1024806 ms.
--------------------------------------------------
benchmarks/INST_64x64/40/inst64x64_40_87.txt : 1009771 ms.
--------------------------------------------------
benchmarks/INST_64x64/40/inst64x64_40_88.txt : 1007303 ms.
--------------------------------------------------
benchmarks/INST_64x64/40/inst64x64_40_89.txt : 1013826 ms.
--------------------------------------------------
benchmarks/INST_64x64/40/inst64x64_40_8.txt : 1009043 ms.
--------------------------------------------------
benchmarks/INST_64x64/40/inst64x64_40_90.txt : 1006690 ms.
--------------------------------------------------
benchmarks/INST_64x64/40/inst64x64_40_91.txt : 1010952 ms.
--------------------------------------------------
benchmarks/INST_64x64/40/inst64x64_40_92.txt : 1007890 ms.
--------------------------------------------------
benchmarks/INST_64x64/40/inst64x64_40_93.txt : 1018437 ms.
--------------------------------------------------
benchmarks/INST_64x64/40/inst64x64_40_94.txt : 1021146 ms.
--------------------------------------------------
benchmarks/INST_64x64/40/inst64x64_40_95.txt : 1004385 ms.
--------------------------------------------------
benchmarks/INST_64x64/40/inst64x64_40_96.txt : 1003561 ms.
--------------------------------------------------
benchmarks/INST_64x64/40/inst64x64_40_97.txt : 1006443 ms.
--------------------------------------------------
benchmarks/INST_64x64/40/inst64x64_40_98.txt : 1021040 ms.
--------------------------------------------------
benchmarks/INST_64x64/40/inst64x64_40_99.txt : 1011164 ms.
--------------------------------------------------
benchmarks/INST_64x64/40/inst64x64_40_9.txt : 1010388 ms.
run.sh: line 77: 3: command not found
run.sh: line 78: syntax error near unexpected token `fi'
run.sh: line 78: `    fi'
