--------------------------------------------------
benchmarks/INST_64x64/10/inst64x64_10_0.txt : 1003397 ms.
--------------------------------------------------
benchmarks/INST_64x64/10/inst64x64_10_10.txt : 1008061 ms.
--------------------------------------------------
benchmarks/INST_64x64/10/inst64x64_10_11.txt : 1004684 ms.
--------------------------------------------------
benchmarks/INST_64x64/10/inst64x64_10_12.txt : 1011068 ms.
--------------------------------------------------
benchmarks/INST_64x64/10/inst64x64_10_13.txt : 1005138 ms.
--------------------------------------------------
benchmarks/INST_64x64/10/inst64x64_10_14.txt : 1019297 ms.
--------------------------------------------------
benchmarks/INST_64x64/10/inst64x64_10_15.txt : 1006116 ms.
--------------------------------------------------
benchmarks/INST_64x64/10/inst64x64_10_16.txt : 1008742 ms.
--------------------------------------------------
benchmarks/INST_64x64/10/inst64x64_10_17.txt : 1006974 ms.
--------------------------------------------------
benchmarks/INST_64x64/10/inst64x64_10_18.txt : 1005640 ms.
--------------------------------------------------
benchmarks/INST_64x64/10/inst64x64_10_19.txt : 1009215 ms.
--------------------------------------------------
benchmarks/INST_64x64/10/inst64x64_10_1.txt : 1004232 ms.
--------------------------------------------------
benchmarks/INST_64x64/10/inst64x64_10_20.txt : 1004431 ms.
--------------------------------------------------
benchmarks/INST_64x64/10/inst64x64_10_21.txt : 1003121 ms.
--------------------------------------------------
benchmarks/INST_64x64/10/inst64x64_10_22.txt : 1011070 ms.
--------------------------------------------------
benchmarks/INST_64x64/10/inst64x64_10_23.txt : 1012464 ms.
--------------------------------------------------
benchmarks/INST_64x64/10/inst64x64_10_24.txt : 1006400 ms.
--------------------------------------------------
benchmarks/INST_64x64/10/inst64x64_10_25.txt : 1002686 ms.
--------------------------------------------------
benchmarks/INST_64x64/10/inst64x64_10_26.txt : 1004011 ms.
--------------------------------------------------
benchmarks/INST_64x64/10/inst64x64_10_27.txt : 1007432 ms.
--------------------------------------------------
benchmarks/INST_64x64/10/inst64x64_10_28.txt : 1006598 ms.
--------------------------------------------------
benchmarks/INST_64x64/10/inst64x64_10_29.txt : 1005339 ms.
--------------------------------------------------
benchmarks/INST_64x64/10/inst64x64_10_2.txt : 1009389 ms.
--------------------------------------------------
benchmarks/INST_64x64/10/inst64x64_10_30.txt : 1010079 ms.
--------------------------------------------------
benchmarks/INST_64x64/10/inst64x64_10_31.txt : 1015131 ms.
--------------------------------------------------
benchmarks/INST_64x64/10/inst64x64_10_32.txt : 1007872 ms.
--------------------------------------------------
benchmarks/INST_64x64/10/inst64x64_10_33.txt : 1003538 ms.
--------------------------------------------------
benchmarks/INST_64x64/10/inst64x64_10_34.txt : 1015816 ms.
--------------------------------------------------
benchmarks/INST_64x64/10/inst64x64_10_35.txt : 1009900 ms.
--------------------------------------------------
benchmarks/INST_64x64/10/inst64x64_10_36.txt : 1006595 ms.
--------------------------------------------------
benchmarks/INST_64x64/10/inst64x64_10_37.txt : 1003071 ms.
--------------------------------------------------
benchmarks/INST_64x64/10/inst64x64_10_38.txt : 1006765 ms.
--------------------------------------------------
benchmarks/INST_64x64/10/inst64x64_10_39.txt : 1002809 ms.
--------------------------------------------------
benchmarks/INST_64x64/10/inst64x64_10_3.txt : 1017717 ms.
--------------------------------------------------
benchmarks/INST_64x64/10/inst64x64_10_40.txt : 1004572 ms.
--------------------------------------------------
benchmarks/INST_64x64/10/inst64x64_10_41.txt : 1014391 ms.
--------------------------------------------------
benchmarks/INST_64x64/10/inst64x64_10_42.txt : 1023404 ms.
--------------------------------------------------
benchmarks/INST_64x64/10/inst64x64_10_43.txt : 1005431 ms.
--------------------------------------------------
benchmarks/INST_64x64/10/inst64x64_10_44.txt : 1008392 ms.
--------------------------------------------------
benchmarks/INST_64x64/10/inst64x64_10_45.txt : 1011739 ms.
--------------------------------------------------
benchmarks/INST_64x64/10/inst64x64_10_46.txt : 1012966 ms.
--------------------------------------------------
benchmarks/INST_64x64/10/inst64x64_10_47.txt : 1010643 ms.
--------------------------------------------------
benchmarks/INST_64x64/10/inst64x64_10_48.txt : 1011185 ms.
--------------------------------------------------
benchmarks/INST_64x64/10/inst64x64_10_49.txt : 1003961 ms.
--------------------------------------------------
benchmarks/INST_64x64/10/inst64x64_10_4.txt : 1013420 ms.
--------------------------------------------------
benchmarks/INST_64x64/10/inst64x64_10_50.txt : 1013845 ms.
--------------------------------------------------
benchmarks/INST_64x64/10/inst64x64_10_51.txt : 1003243 ms.
--------------------------------------------------
benchmarks/INST_64x64/10/inst64x64_10_52.txt : 1005838 ms.
--------------------------------------------------
benchmarks/INST_64x64/10/inst64x64_10_53.txt : 1014316 ms.
--------------------------------------------------
benchmarks/INST_64x64/10/inst64x64_10_54.txt : 1017199 ms.
--------------------------------------------------
benchmarks/INST_64x64/10/inst64x64_10_55.txt : 1005240 ms.
--------------------------------------------------
benchmarks/INST_64x64/10/inst64x64_10_56.txt : 1004056 ms.
--------------------------------------------------
benchmarks/INST_64x64/10/inst64x64_10_57.txt : 1005063 ms.
--------------------------------------------------
benchmarks/INST_64x64/10/inst64x64_10_58.txt : 1005428 ms.
--------------------------------------------------
benchmarks/INST_64x64/10/inst64x64_10_59.txt : 1004295 ms.
--------------------------------------------------
benchmarks/INST_64x64/10/inst64x64_10_5.txt : 1002899 ms.
--------------------------------------------------
benchmarks/INST_64x64/10/inst64x64_10_60.txt : 1004570 ms.
--------------------------------------------------
benchmarks/INST_64x64/10/inst64x64_10_61.txt : 1007887 ms.
--------------------------------------------------
benchmarks/INST_64x64/10/inst64x64_10_62.txt : 1002761 ms.
--------------------------------------------------
benchmarks/INST_64x64/10/inst64x64_10_63.txt : 1009022 ms.
--------------------------------------------------
benchmarks/INST_64x64/10/inst64x64_10_64.txt : 1004300 ms.
--------------------------------------------------
benchmarks/INST_64x64/10/inst64x64_10_65.txt : 1008217 ms.
--------------------------------------------------
benchmarks/INST_64x64/10/inst64x64_10_66.txt : 1012520 ms.
--------------------------------------------------
benchmarks/INST_64x64/10/inst64x64_10_67.txt : 1008362 ms.
--------------------------------------------------
benchmarks/INST_64x64/10/inst64x64_10_68.txt : 1019509 ms.
--------------------------------------------------
benchmarks/INST_64x64/10/inst64x64_10_69.txt : 1021535 ms.
--------------------------------------------------
benchmarks/INST_64x64/10/inst64x64_10_6.txt : 1012444 ms.
--------------------------------------------------
benchmarks/INST_64x64/10/inst64x64_10_70.txt : 1011881 ms.
--------------------------------------------------
benchmarks/INST_64x64/10/inst64x64_10_71.txt : 1003352 ms.
--------------------------------------------------
benchmarks/INST_64x64/10/inst64x64_10_72.txt : 1013868 ms.
--------------------------------------------------
benchmarks/INST_64x64/10/inst64x64_10_73.txt : 1002686 ms.
--------------------------------------------------
benchmarks/INST_64x64/10/inst64x64_10_74.txt : 1018572 ms.
--------------------------------------------------
benchmarks/INST_64x64/10/inst64x64_10_75.txt : 1003225 ms.
--------------------------------------------------
benchmarks/INST_64x64/10/inst64x64_10_76.txt : 1007234 ms.
--------------------------------------------------
benchmarks/INST_64x64/10/inst64x64_10_77.txt : 1005072 ms.
--------------------------------------------------
benchmarks/INST_64x64/10/inst64x64_10_78.txt : 1004635 ms.
--------------------------------------------------
benchmarks/INST_64x64/10/inst64x64_10_79.txt : 1027454 ms.
--------------------------------------------------
benchmarks/INST_64x64/10/inst64x64_10_7.txt : 1017572 ms.
--------------------------------------------------
benchmarks/INST_64x64/10/inst64x64_10_80.txt : 1006938 ms.
--------------------------------------------------
benchmarks/INST_64x64/10/inst64x64_10_81.txt : 1003198 ms.
--------------------------------------------------
benchmarks/INST_64x64/10/inst64x64_10_82.txt : 1012707 ms.
--------------------------------------------------
benchmarks/INST_64x64/10/inst64x64_10_83.txt : 1008649 ms.
--------------------------------------------------
benchmarks/INST_64x64/10/inst64x64_10_84.txt : 1008236 ms.
--------------------------------------------------
benchmarks/INST_64x64/10/inst64x64_10_85.txt : 1008229 ms.
--------------------------------------------------
benchmarks/INST_64x64/10/inst64x64_10_86.txt : 1007769 ms.
--------------------------------------------------
benchmarks/INST_64x64/10/inst64x64_10_87.txt : 1005205 ms.
--------------------------------------------------
benchmarks/INST_64x64/10/inst64x64_10_88.txt : 1011405 ms.
--------------------------------------------------
benchmarks/INST_64x64/10/inst64x64_10_89.txt : 1005781 ms.
--------------------------------------------------
benchmarks/INST_64x64/10/inst64x64_10_8.txt : 1011957 ms.
--------------------------------------------------
benchmarks/INST_64x64/10/inst64x64_10_90.txt : 1010248 ms.
--------------------------------------------------
benchmarks/INST_64x64/10/inst64x64_10_91.txt : 1006568 ms.
--------------------------------------------------
benchmarks/INST_64x64/10/inst64x64_10_92.txt : 1005058 ms.
--------------------------------------------------
benchmarks/INST_64x64/10/inst64x64_10_93.txt : 1009975 ms.
--------------------------------------------------
benchmarks/INST_64x64/10/inst64x64_10_94.txt : 1006883 ms.
--------------------------------------------------
benchmarks/INST_64x64/10/inst64x64_10_95.txt : 1010540 ms.
--------------------------------------------------
benchmarks/INST_64x64/10/inst64x64_10_96.txt : 1017169 ms.
--------------------------------------------------
benchmarks/INST_64x64/10/inst64x64_10_97.txt : 1014175 ms.
--------------------------------------------------
benchmarks/INST_64x64/10/inst64x64_10_98.txt : 1013733 ms.
--------------------------------------------------
benchmarks/INST_64x64/10/inst64x64_10_99.txt : 1015908 ms.
--------------------------------------------------
benchmarks/INST_64x64/10/inst64x64_10_9.txt : 1015062 ms.
run.sh: line 77: 3: command not found
run.sh: line 78: syntax error near unexpected token `fi'
run.sh: line 78: `    fi'
