--------------------------------------------------
benchmarks/INST_64x64/30/inst64x64_30_0.txt : 1005250 ms.
--------------------------------------------------
benchmarks/INST_64x64/30/inst64x64_30_10.txt : 1009670 ms.
--------------------------------------------------
benchmarks/INST_64x64/30/inst64x64_30_11.txt : 1002852 ms.
--------------------------------------------------
benchmarks/INST_64x64/30/inst64x64_30_12.txt : 1017750 ms.
--------------------------------------------------
benchmarks/INST_64x64/30/inst64x64_30_13.txt : 1011225 ms.
--------------------------------------------------
benchmarks/INST_64x64/30/inst64x64_30_14.txt : 1017869 ms.
--------------------------------------------------
benchmarks/INST_64x64/30/inst64x64_30_15.txt : 1009116 ms.
--------------------------------------------------
benchmarks/INST_64x64/30/inst64x64_30_16.txt : 1007557 ms.
--------------------------------------------------
benchmarks/INST_64x64/30/inst64x64_30_17.txt : 1004420 ms.
--------------------------------------------------
benchmarks/INST_64x64/30/inst64x64_30_18.txt : 1008892 ms.
--------------------------------------------------
benchmarks/INST_64x64/30/inst64x64_30_19.txt : 1003378 ms.
--------------------------------------------------
benchmarks/INST_64x64/30/inst64x64_30_1.txt : 1007108 ms.
--------------------------------------------------
benchmarks/INST_64x64/30/inst64x64_30_20.txt : 1003726 ms.
--------------------------------------------------
benchmarks/INST_64x64/30/inst64x64_30_21.txt : 1006220 ms.
--------------------------------------------------
benchmarks/INST_64x64/30/inst64x64_30_22.txt : 1009779 ms.
--------------------------------------------------
benchmarks/INST_64x64/30/inst64x64_30_23.txt : 1011979 ms.
--------------------------------------------------
benchmarks/INST_64x64/30/inst64x64_30_24.txt : 1005713 ms.
--------------------------------------------------
benchmarks/INST_64x64/30/inst64x64_30_25.txt : 1004992 ms.
--------------------------------------------------
benchmarks/INST_64x64/30/inst64x64_30_26.txt : 1005168 ms.
--------------------------------------------------
benchmarks/INST_64x64/30/inst64x64_30_27.txt : 1016836 ms.
--------------------------------------------------
benchmarks/INST_64x64/30/inst64x64_30_28.txt : 1014106 ms.
--------------------------------------------------
benchmarks/INST_64x64/30/inst64x64_30_29.txt : 1007231 ms.
--------------------------------------------------
benchmarks/INST_64x64/30/inst64x64_30_2.txt : 1005154 ms.
--------------------------------------------------
benchmarks/INST_64x64/30/inst64x64_30_30.txt : 1004770 ms.
--------------------------------------------------
benchmarks/INST_64x64/30/inst64x64_30_31.txt : 1013611 ms.
--------------------------------------------------
benchmarks/INST_64x64/30/inst64x64_30_32.txt : 1010142 ms.
--------------------------------------------------
benchmarks/INST_64x64/30/inst64x64_30_33.txt : 1007911 ms.
--------------------------------------------------
benchmarks/INST_64x64/30/inst64x64_30_34.txt : 1003443 ms.
--------------------------------------------------
benchmarks/INST_64x64/30/inst64x64_30_35.txt : 1005007 ms.
--------------------------------------------------
benchmarks/INST_64x64/30/inst64x64_30_36.txt : 1003362 ms.
--------------------------------------------------
benchmarks/INST_64x64/30/inst64x64_30_37.txt : 1003385 ms.
--------------------------------------------------
benchmarks/INST_64x64/30/inst64x64_30_38.txt : 1013891 ms.
--------------------------------------------------
benchmarks/INST_64x64/30/inst64x64_30_39.txt : 1006588 ms.
--------------------------------------------------
benchmarks/INST_64x64/30/inst64x64_30_3.txt : 1004744 ms.
--------------------------------------------------
benchmarks/INST_64x64/30/inst64x64_30_40.txt : 1005078 ms.
--------------------------------------------------
benchmarks/INST_64x64/30/inst64x64_30_41.txt : 1010927 ms.
--------------------------------------------------
benchmarks/INST_64x64/30/inst64x64_30_42.txt : 1006886 ms.
--------------------------------------------------
benchmarks/INST_64x64/30/inst64x64_30_43.txt : 1009757 ms.
--------------------------------------------------
benchmarks/INST_64x64/30/inst64x64_30_44.txt : 1020240 ms.
--------------------------------------------------
benchmarks/INST_64x64/30/inst64x64_30_45.txt : 1003486 ms.
--------------------------------------------------
benchmarks/INST_64x64/30/inst64x64_30_46.txt : 1014281 ms.
--------------------------------------------------
benchmarks/INST_64x64/30/inst64x64_30_47.txt : 1008024 ms.
--------------------------------------------------
benchmarks/INST_64x64/30/inst64x64_30_48.txt : 1003438 ms.
--------------------------------------------------
benchmarks/INST_64x64/30/inst64x64_30_49.txt : 1018258 ms.
--------------------------------------------------
benchmarks/INST_64x64/30/inst64x64_30_4.txt : 1003642 ms.
--------------------------------------------------
benchmarks/INST_64x64/30/inst64x64_30_50.txt : 1010487 ms.
--------------------------------------------------
benchmarks/INST_64x64/30/inst64x64_30_51.txt : 1014143 ms.
--------------------------------------------------
benchmarks/INST_64x64/30/inst64x64_30_52.txt : 1004546 ms.
--------------------------------------------------
benchmarks/INST_64x64/30/inst64x64_30_53.txt : 1005867 ms.
--------------------------------------------------
benchmarks/INST_64x64/30/inst64x64_30_54.txt : 1009327 ms.
--------------------------------------------------
benchmarks/INST_64x64/30/inst64x64_30_55.txt : 1015329 ms.
--------------------------------------------------
benchmarks/INST_64x64/30/inst64x64_30_56.txt : 1002848 ms.
--------------------------------------------------
benchmarks/INST_64x64/30/inst64x64_30_57.txt : 1015633 ms.
--------------------------------------------------
benchmarks/INST_64x64/30/inst64x64_30_58.txt : 1005315 ms.
--------------------------------------------------
benchmarks/INST_64x64/30/inst64x64_30_59.txt : 1016282 ms.
--------------------------------------------------
benchmarks/INST_64x64/30/inst64x64_30_5.txt : 1007450 ms.
--------------------------------------------------
benchmarks/INST_64x64/30/inst64x64_30_60.txt : 1005834 ms.
--------------------------------------------------
benchmarks/INST_64x64/30/inst64x64_30_61.txt : 1009493 ms.
--------------------------------------------------
benchmarks/INST_64x64/30/inst64x64_30_62.txt : 1005362 ms.
--------------------------------------------------
benchmarks/INST_64x64/30/inst64x64_30_63.txt : 1007994 ms.
--------------------------------------------------
benchmarks/INST_64x64/30/inst64x64_30_64.txt : 1005399 ms.
--------------------------------------------------
benchmarks/INST_64x64/30/inst64x64_30_65.txt : 1004641 ms.
--------------------------------------------------
benchmarks/INST_64x64/30/inst64x64_30_66.txt : 1005710 ms.
--------------------------------------------------
benchmarks/INST_64x64/30/inst64x64_30_67.txt : 1014271 ms.
--------------------------------------------------
benchmarks/INST_64x64/30/inst64x64_30_68.txt : 1009980 ms.
--------------------------------------------------
benchmarks/INST_64x64/30/inst64x64_30_69.txt : 1008831 ms.
--------------------------------------------------
benchmarks/INST_64x64/30/inst64x64_30_6.txt : 1005679 ms.
--------------------------------------------------
benchmarks/INST_64x64/30/inst64x64_30_70.txt : 1009445 ms.
--------------------------------------------------
benchmarks/INST_64x64/30/inst64x64_30_71.txt : 1019220 ms.
--------------------------------------------------
benchmarks/INST_64x64/30/inst64x64_30_72.txt : 1007182 ms.
--------------------------------------------------
benchmarks/INST_64x64/30/inst64x64_30_73.txt : 1013623 ms.
--------------------------------------------------
benchmarks/INST_64x64/30/inst64x64_30_74.txt : 1009552 ms.
--------------------------------------------------
benchmarks/INST_64x64/30/inst64x64_30_75.txt : 1005647 ms.
--------------------------------------------------
benchmarks/INST_64x64/30/inst64x64_30_76.txt : 1005555 ms.
--------------------------------------------------
benchmarks/INST_64x64/30/inst64x64_30_77.txt : 1009473 ms.
--------------------------------------------------
benchmarks/INST_64x64/30/inst64x64_30_78.txt : 1017197 ms.
--------------------------------------------------
benchmarks/INST_64x64/30/inst64x64_30_79.txt : 1010785 ms.
--------------------------------------------------
benchmarks/INST_64x64/30/inst64x64_30_7.txt : 1007232 ms.
--------------------------------------------------
benchmarks/INST_64x64/30/inst64x64_30_80.txt : 1010723 ms.
--------------------------------------------------
benchmarks/INST_64x64/30/inst64x64_30_81.txt : 1016701 ms.
--------------------------------------------------
benchmarks/INST_64x64/30/inst64x64_30_82.txt : 1008610 ms.
--------------------------------------------------
benchmarks/INST_64x64/30/inst64x64_30_83.txt : 1011243 ms.
--------------------------------------------------
benchmarks/INST_64x64/30/inst64x64_30_84.txt : 1004068 ms.
--------------------------------------------------
benchmarks/INST_64x64/30/inst64x64_30_85.txt : 1015846 ms.
--------------------------------------------------
benchmarks/INST_64x64/30/inst64x64_30_86.txt : 1006490 ms.
--------------------------------------------------
benchmarks/INST_64x64/30/inst64x64_30_87.txt : 1011759 ms.
--------------------------------------------------
benchmarks/INST_64x64/30/inst64x64_30_88.txt : 1011456 ms.
--------------------------------------------------
benchmarks/INST_64x64/30/inst64x64_30_89.txt : 1003662 ms.
--------------------------------------------------
benchmarks/INST_64x64/30/inst64x64_30_8.txt : 1012289 ms.
--------------------------------------------------
benchmarks/INST_64x64/30/inst64x64_30_90.txt : 1012960 ms.
--------------------------------------------------
benchmarks/INST_64x64/30/inst64x64_30_91.txt : 1019182 ms.
--------------------------------------------------
benchmarks/INST_64x64/30/inst64x64_30_92.txt : 1005363 ms.
--------------------------------------------------
benchmarks/INST_64x64/30/inst64x64_30_93.txt : 1004473 ms.
--------------------------------------------------
benchmarks/INST_64x64/30/inst64x64_30_94.txt : 1010577 ms.
--------------------------------------------------
benchmarks/INST_64x64/30/inst64x64_30_95.txt : 1004217 ms.
--------------------------------------------------
benchmarks/INST_64x64/30/inst64x64_30_96.txt : 1006904 ms.
--------------------------------------------------
benchmarks/INST_64x64/30/inst64x64_30_97.txt : 1004858 ms.
--------------------------------------------------
benchmarks/INST_64x64/30/inst64x64_30_98.txt : 1011338 ms.
--------------------------------------------------
benchmarks/INST_64x64/30/inst64x64_30_99.txt : 1004505 ms.
--------------------------------------------------
benchmarks/INST_64x64/30/inst64x64_30_9.txt : 1005420 ms.
run.sh: line 77: 3: command not found
run.sh: line 78: syntax error near unexpected token `fi'
run.sh: line 78: `    fi'
