--------------------------------------------------
benchmarks_EXC/INST_64x64/40/inst64x64_40_0.txt : 1004159 ms.
--------------------------------------------------
benchmarks_EXC/INST_64x64/40/inst64x64_40_10.txt : 1004186 ms.
--------------------------------------------------
benchmarks_EXC/INST_64x64/40/inst64x64_40_11.txt : 1003531 ms.
--------------------------------------------------
benchmarks_EXC/INST_64x64/40/inst64x64_40_12.txt : 1003757 ms.
--------------------------------------------------
benchmarks_EXC/INST_64x64/40/inst64x64_40_13.txt : 1004247 ms.
--------------------------------------------------
benchmarks_EXC/INST_64x64/40/inst64x64_40_14.txt : 1004342 ms.
--------------------------------------------------
benchmarks_EXC/INST_64x64/40/inst64x64_40_15.txt : 1003114 ms.
--------------------------------------------------
benchmarks_EXC/INST_64x64/40/inst64x64_40_16.txt : 1004117 ms.
--------------------------------------------------
benchmarks_EXC/INST_64x64/40/inst64x64_40_17.txt : 1003058 ms.
--------------------------------------------------
benchmarks_EXC/INST_64x64/40/inst64x64_40_18.txt : 1003921 ms.
--------------------------------------------------
benchmarks_EXC/INST_64x64/40/inst64x64_40_19.txt : 1004229 ms.
--------------------------------------------------
benchmarks_EXC/INST_64x64/40/inst64x64_40_1.txt : 1003675 ms.
--------------------------------------------------
benchmarks_EXC/INST_64x64/40/inst64x64_40_20.txt : 1003975 ms.
--------------------------------------------------
benchmarks_EXC/INST_64x64/40/inst64x64_40_21.txt : 1003843 ms.
--------------------------------------------------
benchmarks_EXC/INST_64x64/40/inst64x64_40_22.txt : 1004524 ms.
--------------------------------------------------
benchmarks_EXC/INST_64x64/40/inst64x64_40_23.txt : 1003054 ms.
--------------------------------------------------
benchmarks_EXC/INST_64x64/40/inst64x64_40_24.txt : 1003180 ms.
--------------------------------------------------
benchmarks_EXC/INST_64x64/40/inst64x64_40_25.txt : 1003404 ms.
--------------------------------------------------
benchmarks_EXC/INST_64x64/40/inst64x64_40_26.txt : 1003386 ms.
--------------------------------------------------
benchmarks_EXC/INST_64x64/40/inst64x64_40_27.txt : 1003677 ms.
--------------------------------------------------
benchmarks_EXC/INST_64x64/40/inst64x64_40_28.txt : 1003222 ms.
--------------------------------------------------
benchmarks_EXC/INST_64x64/40/inst64x64_40_29.txt : 1002887 ms.
--------------------------------------------------
benchmarks_EXC/INST_64x64/40/inst64x64_40_2.txt : 1003084 ms.
--------------------------------------------------
benchmarks_EXC/INST_64x64/40/inst64x64_40_30.txt : 1002919 ms.
--------------------------------------------------
benchmarks_EXC/INST_64x64/40/inst64x64_40_31.txt : 1003393 ms.
--------------------------------------------------
benchmarks_EXC/INST_64x64/40/inst64x64_40_32.txt : 1003196 ms.
--------------------------------------------------
benchmarks_EXC/INST_64x64/40/inst64x64_40_33.txt : 1002763 ms.
--------------------------------------------------
benchmarks_EXC/INST_64x64/40/inst64x64_40_34.txt : 1003320 ms.
--------------------------------------------------
benchmarks_EXC/INST_64x64/40/inst64x64_40_35.txt : 1002867 ms.
--------------------------------------------------
benchmarks_EXC/INST_64x64/40/inst64x64_40_36.txt : 1003193 ms.
--------------------------------------------------
benchmarks_EXC/INST_64x64/40/inst64x64_40_37.txt : 1003305 ms.
--------------------------------------------------
benchmarks_EXC/INST_64x64/40/inst64x64_40_38.txt : 1003020 ms.
--------------------------------------------------
benchmarks_EXC/INST_64x64/40/inst64x64_40_39.txt : 1003104 ms.
--------------------------------------------------
benchmarks_EXC/INST_64x64/40/inst64x64_40_3.txt : 1003434 ms.
--------------------------------------------------
benchmarks_EXC/INST_64x64/40/inst64x64_40_40.txt : 1003142 ms.
--------------------------------------------------
benchmarks_EXC/INST_64x64/40/inst64x64_40_41.txt : 1003139 ms.
--------------------------------------------------
benchmarks_EXC/INST_64x64/40/inst64x64_40_42.txt : 1002929 ms.
--------------------------------------------------
benchmarks_EXC/INST_64x64/40/inst64x64_40_43.txt : 1003351 ms.
--------------------------------------------------
benchmarks_EXC/INST_64x64/40/inst64x64_40_44.txt : 1003305 ms.
--------------------------------------------------
benchmarks_EXC/INST_64x64/40/inst64x64_40_45.txt : 1003154 ms.
--------------------------------------------------
benchmarks_EXC/INST_64x64/40/inst64x64_40_46.txt : 1003217 ms.
--------------------------------------------------
benchmarks_EXC/INST_64x64/40/inst64x64_40_47.txt : 1003343 ms.
--------------------------------------------------
benchmarks_EXC/INST_64x64/40/inst64x64_40_48.txt : 1002911 ms.
--------------------------------------------------
benchmarks_EXC/INST_64x64/40/inst64x64_40_49.txt : 1003121 ms.
--------------------------------------------------
benchmarks_EXC/INST_64x64/40/inst64x64_40_4.txt : 1002801 ms.
--------------------------------------------------
benchmarks_EXC/INST_64x64/40/inst64x64_40_50.txt : 1003076 ms.
--------------------------------------------------
benchmarks_EXC/INST_64x64/40/inst64x64_40_51.txt : 1003077 ms.
--------------------------------------------------
benchmarks_EXC/INST_64x64/40/inst64x64_40_52.txt : 1003242 ms.
--------------------------------------------------
benchmarks_EXC/INST_64x64/40/inst64x64_40_53.txt : 1002863 ms.
--------------------------------------------------
benchmarks_EXC/INST_64x64/40/inst64x64_40_54.txt : 1003301 ms.
--------------------------------------------------
benchmarks_EXC/INST_64x64/40/inst64x64_40_55.txt : 1002952 ms.
--------------------------------------------------
benchmarks_EXC/INST_64x64/40/inst64x64_40_56.txt : 1003419 ms.
--------------------------------------------------
benchmarks_EXC/INST_64x64/40/inst64x64_40_57.txt : 1003185 ms.
--------------------------------------------------
benchmarks_EXC/INST_64x64/40/inst64x64_40_58.txt : 1002961 ms.
--------------------------------------------------
benchmarks_EXC/INST_64x64/40/inst64x64_40_59.txt : 1003227 ms.
--------------------------------------------------
benchmarks_EXC/INST_64x64/40/inst64x64_40_5.txt : 1003317 ms.
--------------------------------------------------
benchmarks_EXC/INST_64x64/40/inst64x64_40_60.txt : 1003422 ms.
--------------------------------------------------
benchmarks_EXC/INST_64x64/40/inst64x64_40_61.txt : 1002878 ms.
--------------------------------------------------
benchmarks_EXC/INST_64x64/40/inst64x64_40_62.txt : 1003014 ms.
--------------------------------------------------
benchmarks_EXC/INST_64x64/40/inst64x64_40_63.txt : 1003225 ms.
--------------------------------------------------
benchmarks_EXC/INST_64x64/40/inst64x64_40_64.txt : 1002896 ms.
--------------------------------------------------
benchmarks_EXC/INST_64x64/40/inst64x64_40_65.txt : 1003058 ms.
--------------------------------------------------
benchmarks_EXC/INST_64x64/40/inst64x64_40_66.txt : 1003608 ms.
--------------------------------------------------
benchmarks_EXC/INST_64x64/40/inst64x64_40_67.txt : 1003645 ms.
--------------------------------------------------
benchmarks_EXC/INST_64x64/40/inst64x64_40_68.txt : 1004277 ms.
--------------------------------------------------
benchmarks_EXC/INST_64x64/40/inst64x64_40_69.txt : 1003114 ms.
--------------------------------------------------
python: can't open file '/home/hanrui/Sudoku-LS/solvers/sudoku_ort/sudoku_dyh.py': [Errno 2] No such file or directory
benchmarks_EXC/INST_64x64/40/inst64x64_40_6.txt : 61 ms.
--------------------------------------------------
python: can't open file '/home/hanrui/Sudoku-LS/solvers/sudoku_ort/sudoku_dyh.py': [Errno 2] No such file or directory
benchmarks_EXC/INST_64x64/40/inst64x64_40_70.txt : 60 ms.
--------------------------------------------------
python: can't open file '/home/hanrui/Sudoku-LS/solvers/sudoku_ort/sudoku_dyh.py': [Errno 2] No such file or directory
benchmarks_EXC/INST_64x64/40/inst64x64_40_71.txt : 67 ms.
--------------------------------------------------
python: can't open file '/home/hanrui/Sudoku-LS/solvers/sudoku_ort/sudoku_dyh.py': [Errno 2] No such file or directory
benchmarks_EXC/INST_64x64/40/inst64x64_40_72.txt : 62 ms.
--------------------------------------------------
python: can't open file '/home/hanrui/Sudoku-LS/solvers/sudoku_ort/sudoku_dyh.py': [Errno 2] No such file or directory
benchmarks_EXC/INST_64x64/40/inst64x64_40_73.txt : 61 ms.
--------------------------------------------------
python: can't open file '/home/hanrui/Sudoku-LS/solvers/sudoku_ort/sudoku_dyh.py': [Errno 2] No such file or directory
benchmarks_EXC/INST_64x64/40/inst64x64_40_74.txt : 59 ms.
--------------------------------------------------
python: can't open file '/home/hanrui/Sudoku-LS/solvers/sudoku_ort/sudoku_dyh.py': [Errno 2] No such file or directory
benchmarks_EXC/INST_64x64/40/inst64x64_40_75.txt : 56 ms.
--------------------------------------------------
python: can't open file '/home/hanrui/Sudoku-LS/solvers/sudoku_ort/sudoku_dyh.py': [Errno 2] No such file or directory
benchmarks_EXC/INST_64x64/40/inst64x64_40_76.txt : 50 ms.
--------------------------------------------------
python: can't open file '/home/hanrui/Sudoku-LS/solvers/sudoku_ort/sudoku_dyh.py': [Errno 2] No such file or directory
benchmarks_EXC/INST_64x64/40/inst64x64_40_77.txt : 53 ms.
--------------------------------------------------
python: can't open file '/home/hanrui/Sudoku-LS/solvers/sudoku_ort/sudoku_dyh.py': [Errno 2] No such file or directory
benchmarks_EXC/INST_64x64/40/inst64x64_40_78.txt : 61 ms.
--------------------------------------------------
python: can't open file '/home/hanrui/Sudoku-LS/solvers/sudoku_ort/sudoku_dyh.py': [Errno 2] No such file or directory
benchmarks_EXC/INST_64x64/40/inst64x64_40_79.txt : 60 ms.
--------------------------------------------------
python: can't open file '/home/hanrui/Sudoku-LS/solvers/sudoku_ort/sudoku_dyh.py': [Errno 2] No such file or directory
benchmarks_EXC/INST_64x64/40/inst64x64_40_7.txt : 50 ms.
--------------------------------------------------
python: can't open file '/home/hanrui/Sudoku-LS/solvers/sudoku_ort/sudoku_dyh.py': [Errno 2] No such file or directory
benchmarks_EXC/INST_64x64/40/inst64x64_40_80.txt : 53 ms.
--------------------------------------------------
python: can't open file '/home/hanrui/Sudoku-LS/solvers/sudoku_ort/sudoku_dyh.py': [Errno 2] No such file or directory
benchmarks_EXC/INST_64x64/40/inst64x64_40_81.txt : 50 ms.
--------------------------------------------------
python: can't open file '/home/hanrui/Sudoku-LS/solvers/sudoku_ort/sudoku_dyh.py': [Errno 2] No such file or directory
benchmarks_EXC/INST_64x64/40/inst64x64_40_82.txt : 54 ms.
--------------------------------------------------
python: can't open file '/home/hanrui/Sudoku-LS/solvers/sudoku_ort/sudoku_dyh.py': [Errno 2] No such file or directory
benchmarks_EXC/INST_64x64/40/inst64x64_40_83.txt : 55 ms.
--------------------------------------------------
python: can't open file '/home/hanrui/Sudoku-LS/solvers/sudoku_ort/sudoku_dyh.py': [Errno 2] No such file or directory
benchmarks_EXC/INST_64x64/40/inst64x64_40_84.txt : 56 ms.
--------------------------------------------------
python: can't open file '/home/hanrui/Sudoku-LS/solvers/sudoku_ort/sudoku_dyh.py': [Errno 2] No such file or directory
benchmarks_EXC/INST_64x64/40/inst64x64_40_85.txt : 52 ms.
--------------------------------------------------
python: can't open file '/home/hanrui/Sudoku-LS/solvers/sudoku_ort/sudoku_dyh.py': [Errno 2] No such file or directory
benchmarks_EXC/INST_64x64/40/inst64x64_40_86.txt : 57 ms.
--------------------------------------------------
python: can't open file '/home/hanrui/Sudoku-LS/solvers/sudoku_ort/sudoku_dyh.py': [Errno 2] No such file or directory
benchmarks_EXC/INST_64x64/40/inst64x64_40_87.txt : 55 ms.
--------------------------------------------------
python: can't open file '/home/hanrui/Sudoku-LS/solvers/sudoku_ort/sudoku_dyh.py': [Errno 2] No such file or directory
benchmarks_EXC/INST_64x64/40/inst64x64_40_88.txt : 67 ms.
--------------------------------------------------
python: can't open file '/home/hanrui/Sudoku-LS/solvers/sudoku_ort/sudoku_dyh.py': [Errno 2] No such file or directory
benchmarks_EXC/INST_64x64/40/inst64x64_40_89.txt : 64 ms.
--------------------------------------------------
python: can't open file '/home/hanrui/Sudoku-LS/solvers/sudoku_ort/sudoku_dyh.py': [Errno 2] No such file or directory
benchmarks_EXC/INST_64x64/40/inst64x64_40_8.txt : 65 ms.
--------------------------------------------------
python: can't open file '/home/hanrui/Sudoku-LS/solvers/sudoku_ort/sudoku_dyh.py': [Errno 2] No such file or directory
benchmarks_EXC/INST_64x64/40/inst64x64_40_90.txt : 58 ms.
--------------------------------------------------
python: can't open file '/home/hanrui/Sudoku-LS/solvers/sudoku_ort/sudoku_dyh.py': [Errno 2] No such file or directory
benchmarks_EXC/INST_64x64/40/inst64x64_40_91.txt : 53 ms.
--------------------------------------------------
python: can't open file '/home/hanrui/Sudoku-LS/solvers/sudoku_ort/sudoku_dyh.py': [Errno 2] No such file or directory
benchmarks_EXC/INST_64x64/40/inst64x64_40_92.txt : 53 ms.
--------------------------------------------------
python: can't open file '/home/hanrui/Sudoku-LS/solvers/sudoku_ort/sudoku_dyh.py': [Errno 2] No such file or directory
benchmarks_EXC/INST_64x64/40/inst64x64_40_93.txt : 53 ms.
--------------------------------------------------
python: can't open file '/home/hanrui/Sudoku-LS/solvers/sudoku_ort/sudoku_dyh.py': [Errno 2] No such file or directory
benchmarks_EXC/INST_64x64/40/inst64x64_40_94.txt : 55 ms.
--------------------------------------------------
python: can't open file '/home/hanrui/Sudoku-LS/solvers/sudoku_ort/sudoku_dyh.py': [Errno 2] No such file or directory
benchmarks_EXC/INST_64x64/40/inst64x64_40_95.txt : 56 ms.
--------------------------------------------------
python: can't open file '/home/hanrui/Sudoku-LS/solvers/sudoku_ort/sudoku_dyh.py': [Errno 2] No such file or directory
benchmarks_EXC/INST_64x64/40/inst64x64_40_96.txt : 59 ms.
--------------------------------------------------
python: can't open file '/home/hanrui/Sudoku-LS/solvers/sudoku_ort/sudoku_dyh.py': [Errno 2] No such file or directory
benchmarks_EXC/INST_64x64/40/inst64x64_40_97.txt : 61 ms.
--------------------------------------------------
python: can't open file '/home/hanrui/Sudoku-LS/solvers/sudoku_ort/sudoku_dyh.py': [Errno 2] No such file or directory
benchmarks_EXC/INST_64x64/40/inst64x64_40_98.txt : 49 ms.
--------------------------------------------------
python: can't open file '/home/hanrui/Sudoku-LS/solvers/sudoku_ort/sudoku_dyh.py': [Errno 2] No such file or directory
benchmarks_EXC/INST_64x64/40/inst64x64_40_99.txt : 55 ms.
--------------------------------------------------
python: can't open file '/home/hanrui/Sudoku-LS/solvers/sudoku_ort/sudoku_dyh.py': [Errno 2] No such file or directory
benchmarks_EXC/INST_64x64/40/inst64x64_40_9.txt : 57 ms.
run.sh: line 84: syntax error near unexpected token `fi'
run.sh: line 84: `    fi'
