--------------------------------------------------
run.sh: line 11: 383893 Floating point exception(core dumped) ./solvers/nqueens_ls/NQueen-LS $file $seed $time_t
benchmarks/N-Queens/INST_400/60/inst400_60_0.txt : 81 ms.
--------------------------------------------------
run.sh: line 11: 384088 Floating point exception./solvers/nqueens_ls/NQueen-LS $file $seed $time_t
benchmarks/N-Queens/INST_400/60/inst400_60_10.txt : 56 ms.
--------------------------------------------------
run.sh: line 11: 384207 Floating point exception./solvers/nqueens_ls/NQueen-LS $file $seed $time_t
benchmarks/N-Queens/INST_400/60/inst400_60_11.txt : 57 ms.
--------------------------------------------------
run.sh: line 11: 384310 Floating point exception./solvers/nqueens_ls/NQueen-LS $file $seed $time_t
benchmarks/N-Queens/INST_400/60/inst400_60_12.txt : 51 ms.
--------------------------------------------------
run.sh: line 11: 384442 Floating point exception(core dumped) ./solvers/nqueens_ls/NQueen-LS $file $seed $time_t
benchmarks/N-Queens/INST_400/60/inst400_60_13.txt : 94 ms.
--------------------------------------------------
run.sh: line 11: 384618 Floating point exception(core dumped) ./solvers/nqueens_ls/NQueen-LS $file $seed $time_t
benchmarks/N-Queens/INST_400/60/inst400_60_14.txt : 81 ms.
--------------------------------------------------
run.sh: line 11: 384780 Floating point exception./solvers/nqueens_ls/NQueen-LS $file $seed $time_t
benchmarks/N-Queens/INST_400/60/inst400_60_15.txt : 56 ms.
--------------------------------------------------
benchmarks/N-Queens/INST_400/60/inst400_60_16.txt find answer: 0.090000
benchmarks/N-Queens/INST_400/60/inst400_60_16.txt : 143 ms.
--------------------------------------------------
benchmarks/N-Queens/INST_400/60/inst400_60_17.txt find answer: 0.080000
benchmarks/N-Queens/INST_400/60/inst400_60_17.txt : 136 ms.
--------------------------------------------------
run.sh: line 11: 385357 Floating point exception(core dumped) ./solvers/nqueens_ls/NQueen-LS $file $seed $time_t
benchmarks/N-Queens/INST_400/60/inst400_60_18.txt : 81 ms.
--------------------------------------------------
run.sh: line 11: 385513 Floating point exception(core dumped) ./solvers/nqueens_ls/NQueen-LS $file $seed $time_t
benchmarks/N-Queens/INST_400/60/inst400_60_19.txt : 80 ms.
--------------------------------------------------
run.sh: line 11: 385652 Floating point exception(core dumped) ./solvers/nqueens_ls/NQueen-LS $file $seed $time_t
benchmarks/N-Queens/INST_400/60/inst400_60_1.txt : 76 ms.
--------------------------------------------------
run.sh: line 11: 385793 Floating point exception(core dumped) ./solvers/nqueens_ls/NQueen-LS $file $seed $time_t
benchmarks/N-Queens/INST_400/60/inst400_60_20.txt : 71 ms.
--------------------------------------------------
run.sh: line 11: 385930 Floating point exception./solvers/nqueens_ls/NQueen-LS $file $seed $time_t
benchmarks/N-Queens/INST_400/60/inst400_60_21.txt : 50 ms.
--------------------------------------------------
run.sh: line 11: 386027 Floating point exception(core dumped) ./solvers/nqueens_ls/NQueen-LS $file $seed $time_t
benchmarks/N-Queens/INST_400/60/inst400_60_22.txt : 77 ms.
--------------------------------------------------
run.sh: line 11: 386167 Floating point exception./solvers/nqueens_ls/NQueen-LS $file $seed $time_t
benchmarks/N-Queens/INST_400/60/inst400_60_23.txt : 51 ms.
--------------------------------------------------
run.sh: line 11: 386274 Floating point exception(core dumped) ./solvers/nqueens_ls/NQueen-LS $file $seed $time_t
benchmarks/N-Queens/INST_400/60/inst400_60_24.txt : 86 ms.
--------------------------------------------------
run.sh: line 11: 386422 Floating point exception./solvers/nqueens_ls/NQueen-LS $file $seed $time_t
benchmarks/N-Queens/INST_400/60/inst400_60_25.txt : 54 ms.
--------------------------------------------------
run.sh: line 11: 386523 Floating point exception./solvers/nqueens_ls/NQueen-LS $file $seed $time_t
benchmarks/N-Queens/INST_400/60/inst400_60_26.txt : 50 ms.
--------------------------------------------------
benchmarks/N-Queens/INST_400/60/inst400_60_27.txt find answer: 0.100000
benchmarks/N-Queens/INST_400/60/inst400_60_27.txt : 137 ms.
--------------------------------------------------
run.sh: line 11: 386879 Floating point exception./solvers/nqueens_ls/NQueen-LS $file $seed $time_t
benchmarks/N-Queens/INST_400/60/inst400_60_28.txt : 57 ms.
--------------------------------------------------
run.sh: line 11: 386992 Floating point exception./solvers/nqueens_ls/NQueen-LS $file $seed $time_t
benchmarks/N-Queens/INST_400/60/inst400_60_29.txt : 49 ms.
--------------------------------------------------
run.sh: line 11: 387098 Floating point exception(core dumped) ./solvers/nqueens_ls/NQueen-LS $file $seed $time_t
benchmarks/N-Queens/INST_400/60/inst400_60_2.txt : 75 ms.
--------------------------------------------------
run.sh: line 11: 387257 Floating point exception./solvers/nqueens_ls/NQueen-LS $file $seed $time_t
benchmarks/N-Queens/INST_400/60/inst400_60_30.txt : 63 ms.
--------------------------------------------------
run.sh: line 11: 387367 Floating point exception./solvers/nqueens_ls/NQueen-LS $file $seed $time_t
benchmarks/N-Queens/INST_400/60/inst400_60_31.txt : 56 ms.
--------------------------------------------------
run.sh: line 11: 387484 Floating point exception./solvers/nqueens_ls/NQueen-LS $file $seed $time_t
benchmarks/N-Queens/INST_400/60/inst400_60_32.txt : 52 ms.
--------------------------------------------------
run.sh: line 11: 387575 Floating point exception./solvers/nqueens_ls/NQueen-LS $file $seed $time_t
benchmarks/N-Queens/INST_400/60/inst400_60_33.txt : 52 ms.
--------------------------------------------------
run.sh: line 11: 387679 Floating point exception./solvers/nqueens_ls/NQueen-LS $file $seed $time_t
benchmarks/N-Queens/INST_400/60/inst400_60_34.txt : 54 ms.
--------------------------------------------------
run.sh: line 11: 387766 Floating point exception(core dumped) ./solvers/nqueens_ls/NQueen-LS $file $seed $time_t
benchmarks/N-Queens/INST_400/60/inst400_60_35.txt : 87 ms.
--------------------------------------------------
run.sh: line 11: 387911 Floating point exception(core dumped) ./solvers/nqueens_ls/NQueen-LS $file $seed $time_t
benchmarks/N-Queens/INST_400/60/inst400_60_36.txt : 80 ms.
--------------------------------------------------
run.sh: line 11: 388045 Floating point exception(core dumped) ./solvers/nqueens_ls/NQueen-LS $file $seed $time_t
benchmarks/N-Queens/INST_400/60/inst400_60_37.txt : 70 ms.
--------------------------------------------------
run.sh: line 11: 388177 Floating point exception./solvers/nqueens_ls/NQueen-LS $file $seed $time_t
benchmarks/N-Queens/INST_400/60/inst400_60_38.txt : 54 ms.
--------------------------------------------------
run.sh: line 11: 388291 Floating point exception./solvers/nqueens_ls/NQueen-LS $file $seed $time_t
benchmarks/N-Queens/INST_400/60/inst400_60_39.txt : 53 ms.
--------------------------------------------------
run.sh: line 11: 388401 Floating point exception(core dumped) ./solvers/nqueens_ls/NQueen-LS $file $seed $time_t
benchmarks/N-Queens/INST_400/60/inst400_60_3.txt : 82 ms.
--------------------------------------------------
run.sh: line 11: 388551 Floating point exception./solvers/nqueens_ls/NQueen-LS $file $seed $time_t
benchmarks/N-Queens/INST_400/60/inst400_60_40.txt : 58 ms.
--------------------------------------------------
run.sh: line 11: 388671 Floating point exception./solvers/nqueens_ls/NQueen-LS $file $seed $time_t
benchmarks/N-Queens/INST_400/60/inst400_60_41.txt : 50 ms.
--------------------------------------------------
run.sh: line 11: 388767 Floating point exception./solvers/nqueens_ls/NQueen-LS $file $seed $time_t
benchmarks/N-Queens/INST_400/60/inst400_60_42.txt : 56 ms.
--------------------------------------------------
run.sh: line 11: 388882 Floating point exception(core dumped) ./solvers/nqueens_ls/NQueen-LS $file $seed $time_t
benchmarks/N-Queens/INST_400/60/inst400_60_43.txt : 80 ms.
--------------------------------------------------
run.sh: line 11: 389034 Floating point exception./solvers/nqueens_ls/NQueen-LS $file $seed $time_t
benchmarks/N-Queens/INST_400/60/inst400_60_44.txt : 63 ms.
--------------------------------------------------
run.sh: line 11: 389155 Floating point exception(core dumped) ./solvers/nqueens_ls/NQueen-LS $file $seed $time_t
benchmarks/N-Queens/INST_400/60/inst400_60_45.txt : 77 ms.
--------------------------------------------------
run.sh: line 11: 389304 Floating point exception./solvers/nqueens_ls/NQueen-LS $file $seed $time_t
benchmarks/N-Queens/INST_400/60/inst400_60_46.txt : 55 ms.
--------------------------------------------------
benchmarks/N-Queens/INST_400/60/inst400_60_47.txt find answer: 0.080000
benchmarks/N-Queens/INST_400/60/inst400_60_47.txt : 131 ms.
--------------------------------------------------
run.sh: line 11: 389624 Floating point exception./solvers/nqueens_ls/NQueen-LS $file $seed $time_t
benchmarks/N-Queens/INST_400/60/inst400_60_48.txt : 58 ms.
--------------------------------------------------
run.sh: line 11: 389728 Floating point exception./solvers/nqueens_ls/NQueen-LS $file $seed $time_t
benchmarks/N-Queens/INST_400/60/inst400_60_49.txt : 55 ms.
--------------------------------------------------
run.sh: line 11: 389840 Floating point exception./solvers/nqueens_ls/NQueen-LS $file $seed $time_t
benchmarks/N-Queens/INST_400/60/inst400_60_4.txt : 53 ms.
--------------------------------------------------
run.sh: line 11: 389935 Floating point exception(core dumped) ./solvers/nqueens_ls/NQueen-LS $file $seed $time_t
benchmarks/N-Queens/INST_400/60/inst400_60_50.txt : 82 ms.
--------------------------------------------------
run.sh: line 11: 390085 Floating point exception(core dumped) ./solvers/nqueens_ls/NQueen-LS $file $seed $time_t
benchmarks/N-Queens/INST_400/60/inst400_60_51.txt : 85 ms.
--------------------------------------------------
run.sh: line 11: 390229 Floating point exception(core dumped) ./solvers/nqueens_ls/NQueen-LS $file $seed $time_t
benchmarks/N-Queens/INST_400/60/inst400_60_52.txt : 82 ms.
--------------------------------------------------
run.sh: line 11: 390359 Floating point exception./solvers/nqueens_ls/NQueen-LS $file $seed $time_t
benchmarks/N-Queens/INST_400/60/inst400_60_53.txt : 53 ms.
--------------------------------------------------
run.sh: line 11: 390457 Floating point exception(core dumped) ./solvers/nqueens_ls/NQueen-LS $file $seed $time_t
benchmarks/N-Queens/INST_400/60/inst400_60_54.txt : 81 ms.
--------------------------------------------------
run.sh: line 11: 390582 Floating point exception(core dumped) ./solvers/nqueens_ls/NQueen-LS $file $seed $time_t
benchmarks/N-Queens/INST_400/60/inst400_60_55.txt : 81 ms.
--------------------------------------------------
benchmarks/N-Queens/INST_400/60/inst400_60_56.txt find answer: 0.080000
benchmarks/N-Queens/INST_400/60/inst400_60_56.txt : 134 ms.
--------------------------------------------------
run.sh: line 11: 390931 Floating point exception./solvers/nqueens_ls/NQueen-LS $file $seed $time_t
benchmarks/N-Queens/INST_400/60/inst400_60_57.txt : 59 ms.
--------------------------------------------------
run.sh: line 11: 391021 Floating point exception(core dumped) ./solvers/nqueens_ls/NQueen-LS $file $seed $time_t
benchmarks/N-Queens/INST_400/60/inst400_60_58.txt : 81 ms.
--------------------------------------------------
run.sh: line 11: 391141 Floating point exception(core dumped) ./solvers/nqueens_ls/NQueen-LS $file $seed $time_t
benchmarks/N-Queens/INST_400/60/inst400_60_59.txt : 81 ms.
--------------------------------------------------
run.sh: line 11: 391232 Floating point exception./solvers/nqueens_ls/NQueen-LS $file $seed $time_t
benchmarks/N-Queens/INST_400/60/inst400_60_5.txt : 63 ms.
--------------------------------------------------
run.sh: line 11: 391307 Floating point exception(core dumped) ./solvers/nqueens_ls/NQueen-LS $file $seed $time_t
benchmarks/N-Queens/INST_400/60/inst400_60_60.txt : 95 ms.
--------------------------------------------------
run.sh: line 11: 391409 Floating point exception(core dumped) ./solvers/nqueens_ls/NQueen-LS $file $seed $time_t
benchmarks/N-Queens/INST_400/60/inst400_60_61.txt : 73 ms.
--------------------------------------------------
run.sh: line 11: 391488 Floating point exception(core dumped) ./solvers/nqueens_ls/NQueen-LS $file $seed $time_t
benchmarks/N-Queens/INST_400/60/inst400_60_62.txt : 75 ms.
--------------------------------------------------
run.sh: line 11: 391571 Floating point exception(core dumped) ./solvers/nqueens_ls/NQueen-LS $file $seed $time_t
benchmarks/N-Queens/INST_400/60/inst400_60_63.txt : 81 ms.
--------------------------------------------------
run.sh: line 11: 391652 Floating point exception(core dumped) ./solvers/nqueens_ls/NQueen-LS $file $seed $time_t
benchmarks/N-Queens/INST_400/60/inst400_60_64.txt : 74 ms.
--------------------------------------------------
run.sh: line 11: 391733 Floating point exception(core dumped) ./solvers/nqueens_ls/NQueen-LS $file $seed $time_t
benchmarks/N-Queens/INST_400/60/inst400_60_65.txt : 83 ms.
--------------------------------------------------
benchmarks/N-Queens/INST_400/60/inst400_60_66.txt find answer: 0.080000
benchmarks/N-Queens/INST_400/60/inst400_60_66.txt : 135 ms.
--------------------------------------------------
run.sh: line 11: 391939 Floating point exception(core dumped) ./solvers/nqueens_ls/NQueen-LS $file $seed $time_t
benchmarks/N-Queens/INST_400/60/inst400_60_67.txt : 73 ms.
--------------------------------------------------
run.sh: line 11: 392006 Floating point exception(core dumped) ./solvers/nqueens_ls/NQueen-LS $file $seed $time_t
benchmarks/N-Queens/INST_400/60/inst400_60_68.txt : 76 ms.
--------------------------------------------------
run.sh: line 11: 392074 Floating point exception(core dumped) ./solvers/nqueens_ls/NQueen-LS $file $seed $time_t
benchmarks/N-Queens/INST_400/60/inst400_60_69.txt : 82 ms.
--------------------------------------------------
run.sh: line 11: 392148 Floating point exception(core dumped) ./solvers/nqueens_ls/NQueen-LS $file $seed $time_t
benchmarks/N-Queens/INST_400/60/inst400_60_6.txt : 76 ms.
--------------------------------------------------
run.sh: line 11: 392215 Floating point exception(core dumped) ./solvers/nqueens_ls/NQueen-LS $file $seed $time_t
benchmarks/N-Queens/INST_400/60/inst400_60_70.txt : 74 ms.
--------------------------------------------------
run.sh: line 11: 392282 Floating point exception(core dumped) ./solvers/nqueens_ls/NQueen-LS $file $seed $time_t
benchmarks/N-Queens/INST_400/60/inst400_60_71.txt : 83 ms.
--------------------------------------------------
run.sh: line 11: 392352 Floating point exception(core dumped) ./solvers/nqueens_ls/NQueen-LS $file $seed $time_t
benchmarks/N-Queens/INST_400/60/inst400_60_72.txt : 81 ms.
--------------------------------------------------
run.sh: line 11: 392414 Floating point exception(core dumped) ./solvers/nqueens_ls/NQueen-LS $file $seed $time_t
benchmarks/N-Queens/INST_400/60/inst400_60_73.txt : 71 ms.
--------------------------------------------------
run.sh: line 11: 392477 Floating point exception(core dumped) ./solvers/nqueens_ls/NQueen-LS $file $seed $time_t
benchmarks/N-Queens/INST_400/60/inst400_60_74.txt : 80 ms.
--------------------------------------------------
run.sh: line 11: 392558 Floating point exception./solvers/nqueens_ls/NQueen-LS $file $seed $time_t
benchmarks/N-Queens/INST_400/60/inst400_60_75.txt : 51 ms.
--------------------------------------------------
run.sh: line 11: 392607 Floating point exception(core dumped) ./solvers/nqueens_ls/NQueen-LS $file $seed $time_t
benchmarks/N-Queens/INST_400/60/inst400_60_76.txt : 78 ms.
--------------------------------------------------
run.sh: line 11: 392694 Floating point exception./solvers/nqueens_ls/NQueen-LS $file $seed $time_t
benchmarks/N-Queens/INST_400/60/inst400_60_77.txt : 54 ms.
--------------------------------------------------
run.sh: line 11: 392745 Floating point exception(core dumped) ./solvers/nqueens_ls/NQueen-LS $file $seed $time_t
benchmarks/N-Queens/INST_400/60/inst400_60_78.txt : 78 ms.
--------------------------------------------------
run.sh: line 11: 392820 Floating point exception./solvers/nqueens_ls/NQueen-LS $file $seed $time_t
benchmarks/N-Queens/INST_400/60/inst400_60_79.txt : 47 ms.
--------------------------------------------------
benchmarks/N-Queens/INST_400/60/inst400_60_7.txt find answer: 0.090000
benchmarks/N-Queens/INST_400/60/inst400_60_7.txt : 132 ms.
--------------------------------------------------
run.sh: line 11: 392983 Floating point exception(core dumped) ./solvers/nqueens_ls/NQueen-LS $file $seed $time_t
benchmarks/N-Queens/INST_400/60/inst400_60_80.txt : 77 ms.
--------------------------------------------------
run.sh: line 11: 393060 Floating point exception(core dumped) ./solvers/nqueens_ls/NQueen-LS $file $seed $time_t
benchmarks/N-Queens/INST_400/60/inst400_60_81.txt : 80 ms.
--------------------------------------------------
run.sh: line 11: 393126 Floating point exception(core dumped) ./solvers/nqueens_ls/NQueen-LS $file $seed $time_t
benchmarks/N-Queens/INST_400/60/inst400_60_82.txt : 81 ms.
--------------------------------------------------
run.sh: line 11: 393190 Floating point exception(core dumped) ./solvers/nqueens_ls/NQueen-LS $file $seed $time_t
benchmarks/N-Queens/INST_400/60/inst400_60_83.txt : 77 ms.
--------------------------------------------------
run.sh: line 11: 393259 Floating point exception(core dumped) ./solvers/nqueens_ls/NQueen-LS $file $seed $time_t
benchmarks/N-Queens/INST_400/60/inst400_60_84.txt : 74 ms.
--------------------------------------------------
run.sh: line 11: 393321 Floating point exception./solvers/nqueens_ls/NQueen-LS $file $seed $time_t
benchmarks/N-Queens/INST_400/60/inst400_60_85.txt : 57 ms.
--------------------------------------------------
run.sh: line 11: 393382 Floating point exception(core dumped) ./solvers/nqueens_ls/NQueen-LS $file $seed $time_t
benchmarks/N-Queens/INST_400/60/inst400_60_86.txt : 79 ms.
--------------------------------------------------
benchmarks/N-Queens/INST_400/60/inst400_60_87.txt find answer: 0.080000
benchmarks/N-Queens/INST_400/60/inst400_60_87.txt : 136 ms.
--------------------------------------------------
run.sh: line 11: 393569 Floating point exception(core dumped) ./solvers/nqueens_ls/NQueen-LS $file $seed $time_t
benchmarks/N-Queens/INST_400/60/inst400_60_88.txt : 73 ms.
--------------------------------------------------
run.sh: line 11: 393634 Floating point exception./solvers/nqueens_ls/NQueen-LS $file $seed $time_t
benchmarks/N-Queens/INST_400/60/inst400_60_89.txt : 55 ms.
--------------------------------------------------
run.sh: line 11: 393688 Floating point exception(core dumped) ./solvers/nqueens_ls/NQueen-LS $file $seed $time_t
benchmarks/N-Queens/INST_400/60/inst400_60_8.txt : 81 ms.
--------------------------------------------------
run.sh: line 11: 393755 Floating point exception./solvers/nqueens_ls/NQueen-LS $file $seed $time_t
benchmarks/N-Queens/INST_400/60/inst400_60_90.txt : 49 ms.
--------------------------------------------------
run.sh: line 11: 393798 Floating point exception(core dumped) ./solvers/nqueens_ls/NQueen-LS $file $seed $time_t
benchmarks/N-Queens/INST_400/60/inst400_60_91.txt : 100 ms.
--------------------------------------------------
run.sh: line 11: 393894 Floating point exception(core dumped) ./solvers/nqueens_ls/NQueen-LS $file $seed $time_t
benchmarks/N-Queens/INST_400/60/inst400_60_92.txt : 83 ms.
--------------------------------------------------
run.sh: line 11: 393978 Floating point exception(core dumped) ./solvers/nqueens_ls/NQueen-LS $file $seed $time_t
benchmarks/N-Queens/INST_400/60/inst400_60_93.txt : 72 ms.
--------------------------------------------------
run.sh: line 11: 394048 Floating point exception(core dumped) ./solvers/nqueens_ls/NQueen-LS $file $seed $time_t
benchmarks/N-Queens/INST_400/60/inst400_60_94.txt : 76 ms.
--------------------------------------------------
run.sh: line 11: 394123 Floating point exception(core dumped) ./solvers/nqueens_ls/NQueen-LS $file $seed $time_t
benchmarks/N-Queens/INST_400/60/inst400_60_95.txt : 80 ms.
--------------------------------------------------
run.sh: line 11: 394192 Floating point exception(core dumped) ./solvers/nqueens_ls/NQueen-LS $file $seed $time_t
benchmarks/N-Queens/INST_400/60/inst400_60_96.txt : 81 ms.
--------------------------------------------------
run.sh: line 11: 394280 Floating point exception./solvers/nqueens_ls/NQueen-LS $file $seed $time_t
benchmarks/N-Queens/INST_400/60/inst400_60_97.txt : 51 ms.
--------------------------------------------------
run.sh: line 11: 394319 Floating point exception(core dumped) ./solvers/nqueens_ls/NQueen-LS $file $seed $time_t
benchmarks/N-Queens/INST_400/60/inst400_60_98.txt : 80 ms.
--------------------------------------------------
run.sh: line 11: 394383 Floating point exception(core dumped) ./solvers/nqueens_ls/NQueen-LS $file $seed $time_t
benchmarks/N-Queens/INST_400/60/inst400_60_99.txt : 72 ms.
--------------------------------------------------
run.sh: line 11: 394446 Floating point exception(core dumped) ./solvers/nqueens_ls/NQueen-LS $file $seed $time_t
benchmarks/N-Queens/INST_400/60/inst400_60_9.txt : 79 ms.
