--------------------------------------------------
0
5.5e-05
benchmarks/INST_9x9/80/inst9x9_80_0.txt : 14 ms.
--------------------------------------------------
0
5.8e-05
benchmarks/INST_9x9/80/inst9x9_80_10.txt : 14 ms.
--------------------------------------------------
0
7.4e-05
benchmarks/INST_9x9/80/inst9x9_80_11.txt : 14 ms.
--------------------------------------------------
0
4.5e-05
benchmarks/INST_9x9/80/inst9x9_80_12.txt : 16 ms.
--------------------------------------------------
0
4.4e-05
benchmarks/INST_9x9/80/inst9x9_80_13.txt : 15 ms.
--------------------------------------------------
0
8.5e-05
benchmarks/INST_9x9/80/inst9x9_80_14.txt : 19 ms.
--------------------------------------------------
0
5.1e-05
benchmarks/INST_9x9/80/inst9x9_80_15.txt : 17 ms.
--------------------------------------------------
0
3.9e-05
benchmarks/INST_9x9/80/inst9x9_80_16.txt : 16 ms.
--------------------------------------------------
0
3.7e-05
benchmarks/INST_9x9/80/inst9x9_80_17.txt : 16 ms.
--------------------------------------------------
0
6.5e-05
benchmarks/INST_9x9/80/inst9x9_80_18.txt : 14 ms.
--------------------------------------------------
0
3.8e-05
benchmarks/INST_9x9/80/inst9x9_80_19.txt : 22 ms.
--------------------------------------------------
0
9.2e-05
benchmarks/INST_9x9/80/inst9x9_80_1.txt : 21 ms.
--------------------------------------------------
0
5.1e-05
benchmarks/INST_9x9/80/inst9x9_80_20.txt : 14 ms.
--------------------------------------------------
0
6.5e-05
benchmarks/INST_9x9/80/inst9x9_80_21.txt : 21 ms.
--------------------------------------------------
0
5.2e-05
benchmarks/INST_9x9/80/inst9x9_80_22.txt : 16 ms.
--------------------------------------------------
0
6.1e-05
benchmarks/INST_9x9/80/inst9x9_80_23.txt : 17 ms.
--------------------------------------------------
0
8.1e-05
benchmarks/INST_9x9/80/inst9x9_80_24.txt : 17 ms.
--------------------------------------------------
0
6.1e-05
benchmarks/INST_9x9/80/inst9x9_80_25.txt : 18 ms.
--------------------------------------------------
0
8.5e-05
benchmarks/INST_9x9/80/inst9x9_80_26.txt : 21 ms.
--------------------------------------------------
0
3.8e-05
benchmarks/INST_9x9/80/inst9x9_80_27.txt : 16 ms.
--------------------------------------------------
0
3.3e-05
benchmarks/INST_9x9/80/inst9x9_80_28.txt : 21 ms.
--------------------------------------------------
0
0.000121
benchmarks/INST_9x9/80/inst9x9_80_29.txt : 21 ms.
--------------------------------------------------
0
8.1e-05
benchmarks/INST_9x9/80/inst9x9_80_2.txt : 20 ms.
--------------------------------------------------
0
8.1e-05
benchmarks/INST_9x9/80/inst9x9_80_30.txt : 23 ms.
--------------------------------------------------
0
7.7e-05
benchmarks/INST_9x9/80/inst9x9_80_31.txt : 19 ms.
--------------------------------------------------
0
6e-05
benchmarks/INST_9x9/80/inst9x9_80_32.txt : 21 ms.
--------------------------------------------------
0
8.6e-05
benchmarks/INST_9x9/80/inst9x9_80_33.txt : 23 ms.
--------------------------------------------------
0
6.7e-05
benchmarks/INST_9x9/80/inst9x9_80_34.txt : 19 ms.
--------------------------------------------------
0
7.7e-05
benchmarks/INST_9x9/80/inst9x9_80_35.txt : 19 ms.
--------------------------------------------------
0
7.9e-05
benchmarks/INST_9x9/80/inst9x9_80_36.txt : 18 ms.
--------------------------------------------------
0
0.000122
benchmarks/INST_9x9/80/inst9x9_80_37.txt : 19 ms.
--------------------------------------------------
0
8.4e-05
benchmarks/INST_9x9/80/inst9x9_80_38.txt : 24 ms.
--------------------------------------------------
0
7.9e-05
benchmarks/INST_9x9/80/inst9x9_80_39.txt : 21 ms.
--------------------------------------------------
0
3.5e-05
benchmarks/INST_9x9/80/inst9x9_80_3.txt : 20 ms.
--------------------------------------------------
0
6.8e-05
benchmarks/INST_9x9/80/inst9x9_80_40.txt : 25 ms.
--------------------------------------------------
0
6.6e-05
benchmarks/INST_9x9/80/inst9x9_80_41.txt : 26 ms.
--------------------------------------------------
0
7.9e-05
benchmarks/INST_9x9/80/inst9x9_80_42.txt : 21 ms.
--------------------------------------------------
0
4.1e-05
benchmarks/INST_9x9/80/inst9x9_80_43.txt : 19 ms.
--------------------------------------------------
0
7.4e-05
benchmarks/INST_9x9/80/inst9x9_80_44.txt : 16 ms.
--------------------------------------------------
0
4.4e-05
benchmarks/INST_9x9/80/inst9x9_80_45.txt : 16 ms.
--------------------------------------------------
0
8.7e-05
benchmarks/INST_9x9/80/inst9x9_80_46.txt : 18 ms.
--------------------------------------------------
0
8.1e-05
benchmarks/INST_9x9/80/inst9x9_80_47.txt : 20 ms.
--------------------------------------------------
0
3.3e-05
benchmarks/INST_9x9/80/inst9x9_80_48.txt : 18 ms.
--------------------------------------------------
0
3.7e-05
benchmarks/INST_9x9/80/inst9x9_80_49.txt : 13 ms.
--------------------------------------------------
0
8.8e-05
benchmarks/INST_9x9/80/inst9x9_80_4.txt : 22 ms.
--------------------------------------------------
0
0.000445
benchmarks/INST_9x9/80/inst9x9_80_50.txt : 18 ms.
--------------------------------------------------
0
0.00013
benchmarks/INST_9x9/80/inst9x9_80_51.txt : 17 ms.
--------------------------------------------------
0
7.9e-05
benchmarks/INST_9x9/80/inst9x9_80_52.txt : 17 ms.
--------------------------------------------------
0
3.4e-05
benchmarks/INST_9x9/80/inst9x9_80_53.txt : 17 ms.
--------------------------------------------------
0
6e-05
benchmarks/INST_9x9/80/inst9x9_80_54.txt : 19 ms.
--------------------------------------------------
0
4.2e-05
benchmarks/INST_9x9/80/inst9x9_80_55.txt : 16 ms.
--------------------------------------------------
0
4e-05
benchmarks/INST_9x9/80/inst9x9_80_56.txt : 21 ms.
--------------------------------------------------
0
7.6e-05
benchmarks/INST_9x9/80/inst9x9_80_57.txt : 16 ms.
--------------------------------------------------
0
7.7e-05
benchmarks/INST_9x9/80/inst9x9_80_58.txt : 14 ms.
--------------------------------------------------
0
8e-05
benchmarks/INST_9x9/80/inst9x9_80_59.txt : 22 ms.
--------------------------------------------------
0
4.3e-05
benchmarks/INST_9x9/80/inst9x9_80_5.txt : 15 ms.
--------------------------------------------------
0
4.4e-05
benchmarks/INST_9x9/80/inst9x9_80_60.txt : 18 ms.
--------------------------------------------------
0
4.1e-05
benchmarks/INST_9x9/80/inst9x9_80_61.txt : 16 ms.
--------------------------------------------------
0
3.5e-05
benchmarks/INST_9x9/80/inst9x9_80_62.txt : 16 ms.
--------------------------------------------------
0
4.9e-05
benchmarks/INST_9x9/80/inst9x9_80_63.txt : 21 ms.
--------------------------------------------------
0
3.5e-05
benchmarks/INST_9x9/80/inst9x9_80_64.txt : 22 ms.
--------------------------------------------------
0
8.1e-05
benchmarks/INST_9x9/80/inst9x9_80_65.txt : 22 ms.
--------------------------------------------------
0
7.9e-05
benchmarks/INST_9x9/80/inst9x9_80_66.txt : 22 ms.
--------------------------------------------------
0
9.5e-05
benchmarks/INST_9x9/80/inst9x9_80_67.txt : 24 ms.
--------------------------------------------------
0
3.4e-05
benchmarks/INST_9x9/80/inst9x9_80_68.txt : 27 ms.
--------------------------------------------------
0
3.8e-05
benchmarks/INST_9x9/80/inst9x9_80_69.txt : 23 ms.
--------------------------------------------------
0
4.5e-05
benchmarks/INST_9x9/80/inst9x9_80_6.txt : 22 ms.
--------------------------------------------------
0
6.7e-05
benchmarks/INST_9x9/80/inst9x9_80_70.txt : 24 ms.
--------------------------------------------------
0
5.6e-05
benchmarks/INST_9x9/80/inst9x9_80_71.txt : 18 ms.
--------------------------------------------------
0
5.2e-05
benchmarks/INST_9x9/80/inst9x9_80_72.txt : 20 ms.
--------------------------------------------------
0
3.6e-05
benchmarks/INST_9x9/80/inst9x9_80_73.txt : 15 ms.
--------------------------------------------------
0
8.5e-05
benchmarks/INST_9x9/80/inst9x9_80_74.txt : 20 ms.
--------------------------------------------------
0
8.3e-05
benchmarks/INST_9x9/80/inst9x9_80_75.txt : 21 ms.
--------------------------------------------------
0
4.7e-05
benchmarks/INST_9x9/80/inst9x9_80_76.txt : 16 ms.
--------------------------------------------------
0
8.2e-05
benchmarks/INST_9x9/80/inst9x9_80_77.txt : 16 ms.
--------------------------------------------------
0
3.7e-05
benchmarks/INST_9x9/80/inst9x9_80_78.txt : 19 ms.
--------------------------------------------------
0
7.5e-05
benchmarks/INST_9x9/80/inst9x9_80_79.txt : 14 ms.
--------------------------------------------------
0
3.1e-05
benchmarks/INST_9x9/80/inst9x9_80_7.txt : 16 ms.
--------------------------------------------------
0
8.2e-05
benchmarks/INST_9x9/80/inst9x9_80_80.txt : 18 ms.
--------------------------------------------------
0
3.4e-05
benchmarks/INST_9x9/80/inst9x9_80_81.txt : 16 ms.
--------------------------------------------------
0
5.8e-05
benchmarks/INST_9x9/80/inst9x9_80_82.txt : 15 ms.
--------------------------------------------------
0
6.6e-05
benchmarks/INST_9x9/80/inst9x9_80_83.txt : 13 ms.
--------------------------------------------------
0
4e-05
benchmarks/INST_9x9/80/inst9x9_80_84.txt : 15 ms.
--------------------------------------------------
0
3.3e-05
benchmarks/INST_9x9/80/inst9x9_80_85.txt : 16 ms.
--------------------------------------------------
0
6.9e-05
benchmarks/INST_9x9/80/inst9x9_80_86.txt : 15 ms.
--------------------------------------------------
0
3.4e-05
benchmarks/INST_9x9/80/inst9x9_80_87.txt : 16 ms.
--------------------------------------------------
0
6.2e-05
benchmarks/INST_9x9/80/inst9x9_80_88.txt : 16 ms.
--------------------------------------------------
0
3.5e-05
benchmarks/INST_9x9/80/inst9x9_80_89.txt : 14 ms.
--------------------------------------------------
0
0.000109
benchmarks/INST_9x9/80/inst9x9_80_8.txt : 15 ms.
--------------------------------------------------
0
3e-05
benchmarks/INST_9x9/80/inst9x9_80_90.txt : 18 ms.
--------------------------------------------------
0
3.5e-05
benchmarks/INST_9x9/80/inst9x9_80_91.txt : 19 ms.
--------------------------------------------------
0
3.3e-05
benchmarks/INST_9x9/80/inst9x9_80_92.txt : 16 ms.
--------------------------------------------------
0
7.5e-05
benchmarks/INST_9x9/80/inst9x9_80_93.txt : 18 ms.
--------------------------------------------------
0
5.4e-05
benchmarks/INST_9x9/80/inst9x9_80_94.txt : 20 ms.
--------------------------------------------------
0
3.9e-05
benchmarks/INST_9x9/80/inst9x9_80_95.txt : 19 ms.
--------------------------------------------------
0
9.8e-05
benchmarks/INST_9x9/80/inst9x9_80_96.txt : 24 ms.
--------------------------------------------------
0
8.9e-05
benchmarks/INST_9x9/80/inst9x9_80_97.txt : 22 ms.
--------------------------------------------------
0
3.9e-05
benchmarks/INST_9x9/80/inst9x9_80_98.txt : 21 ms.
--------------------------------------------------
0
4.3e-05
benchmarks/INST_9x9/80/inst9x9_80_99.txt : 17 ms.
--------------------------------------------------
0
8.3e-05
benchmarks/INST_9x9/80/inst9x9_80_9.txt : 25 ms.
