--------------------------------------------------
0
5.7e-05
benchmarks/INST_9x9/95/inst9x9_95_0.txt : 12 ms.
--------------------------------------------------
0
3.5e-05
benchmarks/INST_9x9/95/inst9x9_95_10.txt : 15 ms.
--------------------------------------------------
0
5.6e-05
benchmarks/INST_9x9/95/inst9x9_95_11.txt : 16 ms.
--------------------------------------------------
0
8.1e-05
benchmarks/INST_9x9/95/inst9x9_95_12.txt : 22 ms.
--------------------------------------------------
0
8.1e-05
benchmarks/INST_9x9/95/inst9x9_95_13.txt : 17 ms.
--------------------------------------------------
0
8.1e-05
benchmarks/INST_9x9/95/inst9x9_95_14.txt : 16 ms.
--------------------------------------------------
0
3.5e-05
benchmarks/INST_9x9/95/inst9x9_95_15.txt : 15 ms.
--------------------------------------------------
0
6.7e-05
benchmarks/INST_9x9/95/inst9x9_95_16.txt : 13 ms.
--------------------------------------------------
0
7.8e-05
benchmarks/INST_9x9/95/inst9x9_95_17.txt : 18 ms.
--------------------------------------------------
0
7.8e-05
benchmarks/INST_9x9/95/inst9x9_95_18.txt : 14 ms.
--------------------------------------------------
0
8.8e-05
benchmarks/INST_9x9/95/inst9x9_95_19.txt : 18 ms.
--------------------------------------------------
0
8.2e-05
benchmarks/INST_9x9/95/inst9x9_95_1.txt : 18 ms.
--------------------------------------------------
0
8.2e-05
benchmarks/INST_9x9/95/inst9x9_95_20.txt : 18 ms.
--------------------------------------------------
0
5.7e-05
benchmarks/INST_9x9/95/inst9x9_95_21.txt : 17 ms.
--------------------------------------------------
0
7.3e-05
benchmarks/INST_9x9/95/inst9x9_95_22.txt : 18 ms.
--------------------------------------------------
0
4.8e-05
benchmarks/INST_9x9/95/inst9x9_95_23.txt : 16 ms.
--------------------------------------------------
0
7.3e-05
benchmarks/INST_9x9/95/inst9x9_95_24.txt : 22 ms.
--------------------------------------------------
0
4.7e-05
benchmarks/INST_9x9/95/inst9x9_95_25.txt : 20 ms.
--------------------------------------------------
0
3.2e-05
benchmarks/INST_9x9/95/inst9x9_95_26.txt : 16 ms.
--------------------------------------------------
0
9.7e-05
benchmarks/INST_9x9/95/inst9x9_95_27.txt : 18 ms.
--------------------------------------------------
0
3.3e-05
benchmarks/INST_9x9/95/inst9x9_95_28.txt : 18 ms.
--------------------------------------------------
0
7e-05
benchmarks/INST_9x9/95/inst9x9_95_29.txt : 20 ms.
--------------------------------------------------
0
3.8e-05
benchmarks/INST_9x9/95/inst9x9_95_2.txt : 19 ms.
--------------------------------------------------
0
5e-05
benchmarks/INST_9x9/95/inst9x9_95_30.txt : 21 ms.
--------------------------------------------------
0
8.1e-05
benchmarks/INST_9x9/95/inst9x9_95_31.txt : 20 ms.
--------------------------------------------------
0
8.1e-05
benchmarks/INST_9x9/95/inst9x9_95_32.txt : 21 ms.
--------------------------------------------------
0
8.5e-05
benchmarks/INST_9x9/95/inst9x9_95_33.txt : 23 ms.
--------------------------------------------------
0
4.5e-05
benchmarks/INST_9x9/95/inst9x9_95_34.txt : 21 ms.
--------------------------------------------------
0
9.9e-05
benchmarks/INST_9x9/95/inst9x9_95_35.txt : 23 ms.
--------------------------------------------------
0
7.7e-05
benchmarks/INST_9x9/95/inst9x9_95_36.txt : 22 ms.
--------------------------------------------------
0
5.2e-05
benchmarks/INST_9x9/95/inst9x9_95_37.txt : 22 ms.
--------------------------------------------------
0
3.3e-05
benchmarks/INST_9x9/95/inst9x9_95_38.txt : 23 ms.
--------------------------------------------------
0
4.1e-05
benchmarks/INST_9x9/95/inst9x9_95_39.txt : 21 ms.
--------------------------------------------------
0
3.9e-05
benchmarks/INST_9x9/95/inst9x9_95_3.txt : 20 ms.
--------------------------------------------------
0
7.8e-05
benchmarks/INST_9x9/95/inst9x9_95_40.txt : 25 ms.
--------------------------------------------------
0
9.4e-05
benchmarks/INST_9x9/95/inst9x9_95_41.txt : 20 ms.
--------------------------------------------------
0
3.8e-05
benchmarks/INST_9x9/95/inst9x9_95_42.txt : 18 ms.
--------------------------------------------------
0
4.7e-05
benchmarks/INST_9x9/95/inst9x9_95_43.txt : 18 ms.
--------------------------------------------------
0
3.9e-05
benchmarks/INST_9x9/95/inst9x9_95_44.txt : 18 ms.
--------------------------------------------------
0
8.4e-05
benchmarks/INST_9x9/95/inst9x9_95_45.txt : 19 ms.
--------------------------------------------------
0
6.8e-05
benchmarks/INST_9x9/95/inst9x9_95_46.txt : 19 ms.
--------------------------------------------------
0
5.3e-05
benchmarks/INST_9x9/95/inst9x9_95_47.txt : 16 ms.
--------------------------------------------------
0
6e-05
benchmarks/INST_9x9/95/inst9x9_95_48.txt : 17 ms.
--------------------------------------------------
0
3.7e-05
benchmarks/INST_9x9/95/inst9x9_95_49.txt : 14 ms.
--------------------------------------------------
0
5.3e-05
benchmarks/INST_9x9/95/inst9x9_95_4.txt : 21 ms.
--------------------------------------------------
0
3.3e-05
benchmarks/INST_9x9/95/inst9x9_95_50.txt : 16 ms.
--------------------------------------------------
0
3.8e-05
benchmarks/INST_9x9/95/inst9x9_95_51.txt : 16 ms.
--------------------------------------------------
0
5.7e-05
benchmarks/INST_9x9/95/inst9x9_95_52.txt : 19 ms.
--------------------------------------------------
0
8.4e-05
benchmarks/INST_9x9/95/inst9x9_95_53.txt : 19 ms.
--------------------------------------------------
0
5.1e-05
benchmarks/INST_9x9/95/inst9x9_95_54.txt : 19 ms.
--------------------------------------------------
0
5.1e-05
benchmarks/INST_9x9/95/inst9x9_95_55.txt : 18 ms.
--------------------------------------------------
0
4.6e-05
benchmarks/INST_9x9/95/inst9x9_95_56.txt : 20 ms.
--------------------------------------------------
0
8.3e-05
benchmarks/INST_9x9/95/inst9x9_95_57.txt : 15 ms.
--------------------------------------------------
0
4.4e-05
benchmarks/INST_9x9/95/inst9x9_95_58.txt : 16 ms.
--------------------------------------------------
0
4.6e-05
benchmarks/INST_9x9/95/inst9x9_95_59.txt : 18 ms.
--------------------------------------------------
0
5.4e-05
benchmarks/INST_9x9/95/inst9x9_95_5.txt : 16 ms.
--------------------------------------------------
0
7.5e-05
benchmarks/INST_9x9/95/inst9x9_95_60.txt : 20 ms.
--------------------------------------------------
0
7.4e-05
benchmarks/INST_9x9/95/inst9x9_95_61.txt : 25 ms.
--------------------------------------------------
0
0.00012
benchmarks/INST_9x9/95/inst9x9_95_62.txt : 18 ms.
--------------------------------------------------
0
6.3e-05
benchmarks/INST_9x9/95/inst9x9_95_63.txt : 18 ms.
--------------------------------------------------
0
8.2e-05
benchmarks/INST_9x9/95/inst9x9_95_64.txt : 20 ms.
--------------------------------------------------
0
6.2e-05
benchmarks/INST_9x9/95/inst9x9_95_65.txt : 22 ms.
--------------------------------------------------
0
7.9e-05
benchmarks/INST_9x9/95/inst9x9_95_66.txt : 24 ms.
--------------------------------------------------
0
3.9e-05
benchmarks/INST_9x9/95/inst9x9_95_67.txt : 24 ms.
--------------------------------------------------
0
4.1e-05
benchmarks/INST_9x9/95/inst9x9_95_68.txt : 22 ms.
--------------------------------------------------
0
3.4e-05
benchmarks/INST_9x9/95/inst9x9_95_69.txt : 22 ms.
--------------------------------------------------
0
6.2e-05
benchmarks/INST_9x9/95/inst9x9_95_6.txt : 18 ms.
--------------------------------------------------
0
3.6e-05
benchmarks/INST_9x9/95/inst9x9_95_70.txt : 19 ms.
--------------------------------------------------
0
5.9e-05
benchmarks/INST_9x9/95/inst9x9_95_71.txt : 20 ms.
--------------------------------------------------
0
3.7e-05
benchmarks/INST_9x9/95/inst9x9_95_72.txt : 18 ms.
--------------------------------------------------
0
3.3e-05
benchmarks/INST_9x9/95/inst9x9_95_73.txt : 17 ms.
--------------------------------------------------
0
4.1e-05
benchmarks/INST_9x9/95/inst9x9_95_74.txt : 21 ms.
--------------------------------------------------
0
6.6e-05
benchmarks/INST_9x9/95/inst9x9_95_75.txt : 19 ms.
--------------------------------------------------
0
5e-05
benchmarks/INST_9x9/95/inst9x9_95_76.txt : 17 ms.
--------------------------------------------------
0
6.2e-05
benchmarks/INST_9x9/95/inst9x9_95_77.txt : 16 ms.
--------------------------------------------------
0
4.8e-05
benchmarks/INST_9x9/95/inst9x9_95_78.txt : 17 ms.
--------------------------------------------------
0
8e-05
benchmarks/INST_9x9/95/inst9x9_95_79.txt : 16 ms.
--------------------------------------------------
0
4e-05
benchmarks/INST_9x9/95/inst9x9_95_7.txt : 17 ms.
--------------------------------------------------
0
3.7e-05
benchmarks/INST_9x9/95/inst9x9_95_80.txt : 18 ms.
--------------------------------------------------
0
7.7e-05
benchmarks/INST_9x9/95/inst9x9_95_81.txt : 19 ms.
--------------------------------------------------
0
4.1e-05
benchmarks/INST_9x9/95/inst9x9_95_82.txt : 16 ms.
--------------------------------------------------
0
4.9e-05
benchmarks/INST_9x9/95/inst9x9_95_83.txt : 13 ms.
--------------------------------------------------
0
3.5e-05
benchmarks/INST_9x9/95/inst9x9_95_84.txt : 17 ms.
--------------------------------------------------
0
3.6e-05
benchmarks/INST_9x9/95/inst9x9_95_85.txt : 15 ms.
--------------------------------------------------
0
8.5e-05
benchmarks/INST_9x9/95/inst9x9_95_86.txt : 16 ms.
--------------------------------------------------
0
7.2e-05
benchmarks/INST_9x9/95/inst9x9_95_87.txt : 19 ms.
--------------------------------------------------
0
5.1e-05
benchmarks/INST_9x9/95/inst9x9_95_88.txt : 16 ms.
--------------------------------------------------
0
6.1e-05
benchmarks/INST_9x9/95/inst9x9_95_89.txt : 18 ms.
--------------------------------------------------
0
7.1e-05
benchmarks/INST_9x9/95/inst9x9_95_8.txt : 19 ms.
--------------------------------------------------
0
4.3e-05
benchmarks/INST_9x9/95/inst9x9_95_90.txt : 18 ms.
--------------------------------------------------
0
4.1e-05
benchmarks/INST_9x9/95/inst9x9_95_91.txt : 21 ms.
--------------------------------------------------
0
3.5e-05
benchmarks/INST_9x9/95/inst9x9_95_92.txt : 20 ms.
--------------------------------------------------
0
3.9e-05
benchmarks/INST_9x9/95/inst9x9_95_93.txt : 18 ms.
--------------------------------------------------
0
6.2e-05
benchmarks/INST_9x9/95/inst9x9_95_94.txt : 18 ms.
--------------------------------------------------
0
3.5e-05
benchmarks/INST_9x9/95/inst9x9_95_95.txt : 20 ms.
--------------------------------------------------
0
3.9e-05
benchmarks/INST_9x9/95/inst9x9_95_96.txt : 22 ms.
--------------------------------------------------
0
9.1e-05
benchmarks/INST_9x9/95/inst9x9_95_97.txt : 16 ms.
--------------------------------------------------
0
0.00011
benchmarks/INST_9x9/95/inst9x9_95_98.txt : 23 ms.
--------------------------------------------------
0
8.4e-05
benchmarks/INST_9x9/95/inst9x9_95_99.txt : 23 ms.
--------------------------------------------------
0
6.4e-05
benchmarks/INST_9x9/95/inst9x9_95_9.txt : 20 ms.
