--------------------------------------------------
0
0.000531
benchmarks/INST_9x9/35/inst9x9_35_0.txt : 13 ms.
--------------------------------------------------
0
0.001654
benchmarks/INST_9x9/35/inst9x9_35_10.txt : 42 ms.
--------------------------------------------------
0
0.000814
benchmarks/INST_9x9/35/inst9x9_35_11.txt : 16 ms.
--------------------------------------------------
0
0.000715
benchmarks/INST_9x9/35/inst9x9_35_12.txt : 15 ms.
--------------------------------------------------
0
0.000653
benchmarks/INST_9x9/35/inst9x9_35_13.txt : 15 ms.
--------------------------------------------------
0
0.000627
benchmarks/INST_9x9/35/inst9x9_35_14.txt : 16 ms.
--------------------------------------------------
0
0.001862
benchmarks/INST_9x9/35/inst9x9_35_15.txt : 15 ms.
--------------------------------------------------
0
0.001426
benchmarks/INST_9x9/35/inst9x9_35_16.txt : 18 ms.
--------------------------------------------------
0
0.001821
benchmarks/INST_9x9/35/inst9x9_35_17.txt : 19 ms.
--------------------------------------------------
0
0.000879
benchmarks/INST_9x9/35/inst9x9_35_18.txt : 16 ms.
--------------------------------------------------
0
0.001041
benchmarks/INST_9x9/35/inst9x9_35_19.txt : 16 ms.
--------------------------------------------------
0
0.000762
benchmarks/INST_9x9/35/inst9x9_35_1.txt : 16 ms.
--------------------------------------------------
0
0.002111
benchmarks/INST_9x9/35/inst9x9_35_20.txt : 22 ms.
--------------------------------------------------
0
0.002118
benchmarks/INST_9x9/35/inst9x9_35_21.txt : 19 ms.
--------------------------------------------------
0
0.001091
benchmarks/INST_9x9/35/inst9x9_35_22.txt : 19 ms.
--------------------------------------------------
0
0.000804
benchmarks/INST_9x9/35/inst9x9_35_23.txt : 18 ms.
--------------------------------------------------
0
0.000505
benchmarks/INST_9x9/35/inst9x9_35_24.txt : 15 ms.
--------------------------------------------------
0
0.000775
benchmarks/INST_9x9/35/inst9x9_35_25.txt : 18 ms.
--------------------------------------------------
0
0.00059
benchmarks/INST_9x9/35/inst9x9_35_26.txt : 18 ms.
--------------------------------------------------
0
0.001029
benchmarks/INST_9x9/35/inst9x9_35_27.txt : 17 ms.
--------------------------------------------------
0
0.001109
benchmarks/INST_9x9/35/inst9x9_35_28.txt : 21 ms.
--------------------------------------------------
0
0.000908
benchmarks/INST_9x9/35/inst9x9_35_29.txt : 22 ms.
--------------------------------------------------
0
0.001334
benchmarks/INST_9x9/35/inst9x9_35_2.txt : 19 ms.
--------------------------------------------------
0
0.000623
benchmarks/INST_9x9/35/inst9x9_35_30.txt : 22 ms.
--------------------------------------------------
0
0.000252
benchmarks/INST_9x9/35/inst9x9_35_31.txt : 21 ms.
--------------------------------------------------
0
0.001574
benchmarks/INST_9x9/35/inst9x9_35_32.txt : 22 ms.
--------------------------------------------------
0
0.000296
benchmarks/INST_9x9/35/inst9x9_35_33.txt : 26 ms.
--------------------------------------------------
0
0.001588
benchmarks/INST_9x9/35/inst9x9_35_34.txt : 26 ms.
--------------------------------------------------
0
0.000953
benchmarks/INST_9x9/35/inst9x9_35_35.txt : 19 ms.
--------------------------------------------------
0
0.000689
benchmarks/INST_9x9/35/inst9x9_35_36.txt : 20 ms.
--------------------------------------------------
0
0.001401
benchmarks/INST_9x9/35/inst9x9_35_37.txt : 19 ms.
--------------------------------------------------
0
0.00077
benchmarks/INST_9x9/35/inst9x9_35_38.txt : 19 ms.
--------------------------------------------------
0
0.001874
benchmarks/INST_9x9/35/inst9x9_35_39.txt : 20 ms.
--------------------------------------------------
0
0.000919
benchmarks/INST_9x9/35/inst9x9_35_3.txt : 21 ms.
--------------------------------------------------
0
0.001369
benchmarks/INST_9x9/35/inst9x9_35_40.txt : 21 ms.
--------------------------------------------------
0
0.000774
benchmarks/INST_9x9/35/inst9x9_35_41.txt : 20 ms.
--------------------------------------------------
0
0.001353
benchmarks/INST_9x9/35/inst9x9_35_42.txt : 24 ms.
--------------------------------------------------
0
0.000586
benchmarks/INST_9x9/35/inst9x9_35_43.txt : 18 ms.
--------------------------------------------------
0
0.000897
benchmarks/INST_9x9/35/inst9x9_35_44.txt : 18 ms.
--------------------------------------------------
0
0.001233
benchmarks/INST_9x9/35/inst9x9_35_45.txt : 19 ms.
--------------------------------------------------
0
0.001002
benchmarks/INST_9x9/35/inst9x9_35_46.txt : 21 ms.
--------------------------------------------------
0
0.001658
benchmarks/INST_9x9/35/inst9x9_35_47.txt : 17 ms.
--------------------------------------------------
0
0.001553
benchmarks/INST_9x9/35/inst9x9_35_48.txt : 20 ms.
--------------------------------------------------
0
0.000994
benchmarks/INST_9x9/35/inst9x9_35_49.txt : 17 ms.
--------------------------------------------------
0
0.001848
benchmarks/INST_9x9/35/inst9x9_35_4.txt : 18 ms.
--------------------------------------------------
0
0.000654
benchmarks/INST_9x9/35/inst9x9_35_50.txt : 20 ms.
--------------------------------------------------
0
0.000925
benchmarks/INST_9x9/35/inst9x9_35_51.txt : 15 ms.
--------------------------------------------------
0
0.001268
benchmarks/INST_9x9/35/inst9x9_35_52.txt : 18 ms.
--------------------------------------------------
0
0.000618
benchmarks/INST_9x9/35/inst9x9_35_53.txt : 19 ms.
--------------------------------------------------
0
0.001156
benchmarks/INST_9x9/35/inst9x9_35_54.txt : 18 ms.
--------------------------------------------------
0
0.001605
benchmarks/INST_9x9/35/inst9x9_35_55.txt : 22 ms.
--------------------------------------------------
0
0.00106
benchmarks/INST_9x9/35/inst9x9_35_56.txt : 17 ms.
--------------------------------------------------
0
0.000387
benchmarks/INST_9x9/35/inst9x9_35_57.txt : 21 ms.
--------------------------------------------------
0
0.00036
benchmarks/INST_9x9/35/inst9x9_35_58.txt : 14 ms.
--------------------------------------------------
0
0.00044
benchmarks/INST_9x9/35/inst9x9_35_59.txt : 16 ms.
--------------------------------------------------
0
0.000476
benchmarks/INST_9x9/35/inst9x9_35_5.txt : 18 ms.
--------------------------------------------------
0
0.000815
benchmarks/INST_9x9/35/inst9x9_35_60.txt : 17 ms.
--------------------------------------------------
0
0.000468
benchmarks/INST_9x9/35/inst9x9_35_61.txt : 19 ms.
--------------------------------------------------
0
0.000671
benchmarks/INST_9x9/35/inst9x9_35_62.txt : 19 ms.
--------------------------------------------------
0
0.000745
benchmarks/INST_9x9/35/inst9x9_35_63.txt : 18 ms.
--------------------------------------------------
0
0.001382
benchmarks/INST_9x9/35/inst9x9_35_64.txt : 20 ms.
--------------------------------------------------
0
0.001082
benchmarks/INST_9x9/35/inst9x9_35_65.txt : 23 ms.
--------------------------------------------------
0
0.001605
benchmarks/INST_9x9/35/inst9x9_35_66.txt : 24 ms.
--------------------------------------------------
0
0.000485
benchmarks/INST_9x9/35/inst9x9_35_67.txt : 21 ms.
--------------------------------------------------
0
0.001288
benchmarks/INST_9x9/35/inst9x9_35_68.txt : 25 ms.
--------------------------------------------------
0
0.001229
benchmarks/INST_9x9/35/inst9x9_35_69.txt : 21 ms.
--------------------------------------------------
0
0.001184
benchmarks/INST_9x9/35/inst9x9_35_6.txt : 23 ms.
--------------------------------------------------
0
0.001036
benchmarks/INST_9x9/35/inst9x9_35_70.txt : 19 ms.
--------------------------------------------------
0
0.000884
benchmarks/INST_9x9/35/inst9x9_35_71.txt : 23 ms.
--------------------------------------------------
0
0.001541
benchmarks/INST_9x9/35/inst9x9_35_72.txt : 21 ms.
--------------------------------------------------
0
0.000651
benchmarks/INST_9x9/35/inst9x9_35_73.txt : 21 ms.
--------------------------------------------------
0
0.001218
benchmarks/INST_9x9/35/inst9x9_35_74.txt : 22 ms.
--------------------------------------------------
0
0.001085
benchmarks/INST_9x9/35/inst9x9_35_75.txt : 21 ms.
--------------------------------------------------
0
0.000148
benchmarks/INST_9x9/35/inst9x9_35_76.txt : 20 ms.
--------------------------------------------------
0
0.000605
benchmarks/INST_9x9/35/inst9x9_35_77.txt : 19 ms.
--------------------------------------------------
0
0.000606
benchmarks/INST_9x9/35/inst9x9_35_78.txt : 19 ms.
--------------------------------------------------
0
0.000922
benchmarks/INST_9x9/35/inst9x9_35_79.txt : 15 ms.
--------------------------------------------------
0
0.000584
benchmarks/INST_9x9/35/inst9x9_35_7.txt : 16 ms.
--------------------------------------------------
0
0.000437
benchmarks/INST_9x9/35/inst9x9_35_80.txt : 15 ms.
--------------------------------------------------
0
0.001874
benchmarks/INST_9x9/35/inst9x9_35_81.txt : 18 ms.
--------------------------------------------------
0
0.000607
benchmarks/INST_9x9/35/inst9x9_35_82.txt : 14 ms.
--------------------------------------------------
0
0.00112
benchmarks/INST_9x9/35/inst9x9_35_83.txt : 17 ms.
--------------------------------------------------
0
0.000791
benchmarks/INST_9x9/35/inst9x9_35_84.txt : 13 ms.
--------------------------------------------------
0
0.001826
benchmarks/INST_9x9/35/inst9x9_35_85.txt : 19 ms.
--------------------------------------------------
0
0.001739
benchmarks/INST_9x9/35/inst9x9_35_86.txt : 19 ms.
--------------------------------------------------
0
0.001972
benchmarks/INST_9x9/35/inst9x9_35_87.txt : 20 ms.
--------------------------------------------------
0
0.000964
benchmarks/INST_9x9/35/inst9x9_35_88.txt : 17 ms.
--------------------------------------------------
0
0.001544
benchmarks/INST_9x9/35/inst9x9_35_89.txt : 17 ms.
--------------------------------------------------
0
0.000737
benchmarks/INST_9x9/35/inst9x9_35_8.txt : 18 ms.
--------------------------------------------------
0
0.001544
benchmarks/INST_9x9/35/inst9x9_35_90.txt : 18 ms.
--------------------------------------------------
0
0.000567
benchmarks/INST_9x9/35/inst9x9_35_91.txt : 20 ms.
--------------------------------------------------
0
0.001489
benchmarks/INST_9x9/35/inst9x9_35_92.txt : 18 ms.
--------------------------------------------------
0
0.000598
benchmarks/INST_9x9/35/inst9x9_35_93.txt : 18 ms.
--------------------------------------------------
0
0.000635
benchmarks/INST_9x9/35/inst9x9_35_94.txt : 18 ms.
--------------------------------------------------
0
0.000464
benchmarks/INST_9x9/35/inst9x9_35_95.txt : 21 ms.
--------------------------------------------------
0
0.000115
benchmarks/INST_9x9/35/inst9x9_35_96.txt : 22 ms.
--------------------------------------------------
0
0.000536
benchmarks/INST_9x9/35/inst9x9_35_97.txt : 23 ms.
--------------------------------------------------
0
0.001157
benchmarks/INST_9x9/35/inst9x9_35_98.txt : 23 ms.
--------------------------------------------------
0
0.001615
benchmarks/INST_9x9/35/inst9x9_35_99.txt : 26 ms.
--------------------------------------------------
0
4.8e-05
benchmarks/INST_9x9/35/inst9x9_35_9.txt : 20 ms.
