--------------------------------------------------
0
3.5e-05
benchmarks/INST_9x9/85/inst9x9_85_0.txt : 14 ms.
--------------------------------------------------
0
8.9e-05
benchmarks/INST_9x9/85/inst9x9_85_10.txt : 16 ms.
--------------------------------------------------
0
4.4e-05
benchmarks/INST_9x9/85/inst9x9_85_11.txt : 13 ms.
--------------------------------------------------
0
4.1e-05
benchmarks/INST_9x9/85/inst9x9_85_12.txt : 19 ms.
--------------------------------------------------
0
0.00013
benchmarks/INST_9x9/85/inst9x9_85_13.txt : 15 ms.
--------------------------------------------------
0
7.9e-05
benchmarks/INST_9x9/85/inst9x9_85_14.txt : 20 ms.
--------------------------------------------------
0
9.1e-05
benchmarks/INST_9x9/85/inst9x9_85_15.txt : 17 ms.
--------------------------------------------------
0
6e-05
benchmarks/INST_9x9/85/inst9x9_85_16.txt : 16 ms.
--------------------------------------------------
0
4e-05
benchmarks/INST_9x9/85/inst9x9_85_17.txt : 15 ms.
--------------------------------------------------
0
6.9e-05
benchmarks/INST_9x9/85/inst9x9_85_18.txt : 17 ms.
--------------------------------------------------
0
6.8e-05
benchmarks/INST_9x9/85/inst9x9_85_19.txt : 19 ms.
--------------------------------------------------
0
4.8e-05
benchmarks/INST_9x9/85/inst9x9_85_1.txt : 17 ms.
--------------------------------------------------
0
3.5e-05
benchmarks/INST_9x9/85/inst9x9_85_20.txt : 17 ms.
--------------------------------------------------
0
3.3e-05
benchmarks/INST_9x9/85/inst9x9_85_21.txt : 18 ms.
--------------------------------------------------
0
8.4e-05
benchmarks/INST_9x9/85/inst9x9_85_22.txt : 19 ms.
--------------------------------------------------
0
3.4e-05
benchmarks/INST_9x9/85/inst9x9_85_23.txt : 17 ms.
--------------------------------------------------
0
3.4e-05
benchmarks/INST_9x9/85/inst9x9_85_24.txt : 18 ms.
--------------------------------------------------
0
3.6e-05
benchmarks/INST_9x9/85/inst9x9_85_25.txt : 19 ms.
--------------------------------------------------
0
8.1e-05
benchmarks/INST_9x9/85/inst9x9_85_26.txt : 17 ms.
--------------------------------------------------
0
8.8e-05
benchmarks/INST_9x9/85/inst9x9_85_27.txt : 21 ms.
--------------------------------------------------
0
9.3e-05
benchmarks/INST_9x9/85/inst9x9_85_28.txt : 20 ms.
--------------------------------------------------
0
7.5e-05
benchmarks/INST_9x9/85/inst9x9_85_29.txt : 22 ms.
--------------------------------------------------
0
9.3e-05
benchmarks/INST_9x9/85/inst9x9_85_2.txt : 20 ms.
--------------------------------------------------
0
8.7e-05
benchmarks/INST_9x9/85/inst9x9_85_30.txt : 21 ms.
--------------------------------------------------
0
6.8e-05
benchmarks/INST_9x9/85/inst9x9_85_31.txt : 21 ms.
--------------------------------------------------
0
4.3e-05
benchmarks/INST_9x9/85/inst9x9_85_32.txt : 22 ms.
--------------------------------------------------
0
6.5e-05
benchmarks/INST_9x9/85/inst9x9_85_33.txt : 23 ms.
--------------------------------------------------
0
8.3e-05
benchmarks/INST_9x9/85/inst9x9_85_34.txt : 23 ms.
--------------------------------------------------
0
4.9e-05
benchmarks/INST_9x9/85/inst9x9_85_35.txt : 21 ms.
--------------------------------------------------
0
9.6e-05
benchmarks/INST_9x9/85/inst9x9_85_36.txt : 21 ms.
--------------------------------------------------
0
3.7e-05
benchmarks/INST_9x9/85/inst9x9_85_37.txt : 20 ms.
--------------------------------------------------
0
8e-05
benchmarks/INST_9x9/85/inst9x9_85_38.txt : 24 ms.
--------------------------------------------------
0
4.8e-05
benchmarks/INST_9x9/85/inst9x9_85_39.txt : 21 ms.
--------------------------------------------------
0
7.6e-05
benchmarks/INST_9x9/85/inst9x9_85_3.txt : 19 ms.
--------------------------------------------------
0
3.3e-05
benchmarks/INST_9x9/85/inst9x9_85_40.txt : 24 ms.
--------------------------------------------------
0
7.7e-05
benchmarks/INST_9x9/85/inst9x9_85_41.txt : 22 ms.
--------------------------------------------------
0
0.000103
benchmarks/INST_9x9/85/inst9x9_85_42.txt : 16 ms.
--------------------------------------------------
0
3.7e-05
benchmarks/INST_9x9/85/inst9x9_85_43.txt : 17 ms.
--------------------------------------------------
0
3.5e-05
benchmarks/INST_9x9/85/inst9x9_85_44.txt : 20 ms.
--------------------------------------------------
0
3.5e-05
benchmarks/INST_9x9/85/inst9x9_85_45.txt : 16 ms.
--------------------------------------------------
0
4.9e-05
benchmarks/INST_9x9/85/inst9x9_85_46.txt : 18 ms.
--------------------------------------------------
0
7.9e-05
benchmarks/INST_9x9/85/inst9x9_85_47.txt : 18 ms.
--------------------------------------------------
0
3.9e-05
benchmarks/INST_9x9/85/inst9x9_85_48.txt : 16 ms.
--------------------------------------------------
0
3.3e-05
benchmarks/INST_9x9/85/inst9x9_85_49.txt : 21 ms.
--------------------------------------------------
0
3.5e-05
benchmarks/INST_9x9/85/inst9x9_85_4.txt : 16 ms.
--------------------------------------------------
0
8.3e-05
benchmarks/INST_9x9/85/inst9x9_85_50.txt : 16 ms.
--------------------------------------------------
0
6.6e-05
benchmarks/INST_9x9/85/inst9x9_85_51.txt : 17 ms.
--------------------------------------------------
0
8.6e-05
benchmarks/INST_9x9/85/inst9x9_85_52.txt : 20 ms.
--------------------------------------------------
0
0.000114
benchmarks/INST_9x9/85/inst9x9_85_53.txt : 18 ms.
--------------------------------------------------
0
8.4e-05
benchmarks/INST_9x9/85/inst9x9_85_54.txt : 18 ms.
--------------------------------------------------
0
3.6e-05
benchmarks/INST_9x9/85/inst9x9_85_55.txt : 15 ms.
--------------------------------------------------
0
6.4e-05
benchmarks/INST_9x9/85/inst9x9_85_56.txt : 17 ms.
--------------------------------------------------
0
3.7e-05
benchmarks/INST_9x9/85/inst9x9_85_57.txt : 14 ms.
--------------------------------------------------
0
7.7e-05
benchmarks/INST_9x9/85/inst9x9_85_58.txt : 18 ms.
--------------------------------------------------
0
8e-05
benchmarks/INST_9x9/85/inst9x9_85_59.txt : 20 ms.
--------------------------------------------------
0
6.8e-05
benchmarks/INST_9x9/85/inst9x9_85_5.txt : 17 ms.
--------------------------------------------------
0
6.6e-05
benchmarks/INST_9x9/85/inst9x9_85_60.txt : 20 ms.
--------------------------------------------------
0
7.5e-05
benchmarks/INST_9x9/85/inst9x9_85_61.txt : 19 ms.
--------------------------------------------------
0
5.6e-05
benchmarks/INST_9x9/85/inst9x9_85_62.txt : 17 ms.
--------------------------------------------------
0
4.2e-05
benchmarks/INST_9x9/85/inst9x9_85_63.txt : 20 ms.
--------------------------------------------------
0
3.4e-05
benchmarks/INST_9x9/85/inst9x9_85_64.txt : 20 ms.
--------------------------------------------------
0
4.7e-05
benchmarks/INST_9x9/85/inst9x9_85_65.txt : 21 ms.
--------------------------------------------------
0
3.1e-05
benchmarks/INST_9x9/85/inst9x9_85_66.txt : 21 ms.
--------------------------------------------------
0
4.4e-05
benchmarks/INST_9x9/85/inst9x9_85_67.txt : 22 ms.
--------------------------------------------------
0
3e-05
benchmarks/INST_9x9/85/inst9x9_85_68.txt : 23 ms.
--------------------------------------------------
0
9.1e-05
benchmarks/INST_9x9/85/inst9x9_85_69.txt : 21 ms.
--------------------------------------------------
0
9.1e-05
benchmarks/INST_9x9/85/inst9x9_85_6.txt : 22 ms.
--------------------------------------------------
0
7.4e-05
benchmarks/INST_9x9/85/inst9x9_85_70.txt : 23 ms.
--------------------------------------------------
0
7.8e-05
benchmarks/INST_9x9/85/inst9x9_85_71.txt : 21 ms.
--------------------------------------------------
0
3.4e-05
benchmarks/INST_9x9/85/inst9x9_85_72.txt : 19 ms.
--------------------------------------------------
0
4.1e-05
benchmarks/INST_9x9/85/inst9x9_85_73.txt : 19 ms.
--------------------------------------------------
0
0.000107
benchmarks/INST_9x9/85/inst9x9_85_74.txt : 22 ms.
--------------------------------------------------
0
4.3e-05
benchmarks/INST_9x9/85/inst9x9_85_75.txt : 23 ms.
--------------------------------------------------
0
8.6e-05
benchmarks/INST_9x9/85/inst9x9_85_76.txt : 21 ms.
--------------------------------------------------
0
5.1e-05
benchmarks/INST_9x9/85/inst9x9_85_77.txt : 17 ms.
--------------------------------------------------
0
8.3e-05
benchmarks/INST_9x9/85/inst9x9_85_78.txt : 16 ms.
--------------------------------------------------
0
4.6e-05
benchmarks/INST_9x9/85/inst9x9_85_79.txt : 19 ms.
--------------------------------------------------
0
0.000119
benchmarks/INST_9x9/85/inst9x9_85_7.txt : 19 ms.
--------------------------------------------------
0
7.7e-05
benchmarks/INST_9x9/85/inst9x9_85_80.txt : 19 ms.
--------------------------------------------------
0
8.5e-05
benchmarks/INST_9x9/85/inst9x9_85_81.txt : 15 ms.
--------------------------------------------------
0
8.3e-05
benchmarks/INST_9x9/85/inst9x9_85_82.txt : 15 ms.
--------------------------------------------------
0
5.3e-05
benchmarks/INST_9x9/85/inst9x9_85_83.txt : 15 ms.
--------------------------------------------------
0
3.9e-05
benchmarks/INST_9x9/85/inst9x9_85_84.txt : 15 ms.
--------------------------------------------------
0
3.4e-05
benchmarks/INST_9x9/85/inst9x9_85_85.txt : 14 ms.
--------------------------------------------------
0
5.2e-05
benchmarks/INST_9x9/85/inst9x9_85_86.txt : 18 ms.
--------------------------------------------------
0
9.8e-05
benchmarks/INST_9x9/85/inst9x9_85_87.txt : 18 ms.
--------------------------------------------------
0
7.9e-05
benchmarks/INST_9x9/85/inst9x9_85_88.txt : 17 ms.
--------------------------------------------------
0
8.1e-05
benchmarks/INST_9x9/85/inst9x9_85_89.txt : 21 ms.
--------------------------------------------------
0
0.000119
benchmarks/INST_9x9/85/inst9x9_85_8.txt : 18 ms.
--------------------------------------------------
0
8.5e-05
benchmarks/INST_9x9/85/inst9x9_85_90.txt : 19 ms.
--------------------------------------------------
0
3.5e-05
benchmarks/INST_9x9/85/inst9x9_85_91.txt : 17 ms.
--------------------------------------------------
0
8.6e-05
benchmarks/INST_9x9/85/inst9x9_85_92.txt : 20 ms.
--------------------------------------------------
0
9.4e-05
benchmarks/INST_9x9/85/inst9x9_85_93.txt : 22 ms.
--------------------------------------------------
0
4.3e-05
benchmarks/INST_9x9/85/inst9x9_85_94.txt : 21 ms.
--------------------------------------------------
0
8.8e-05
benchmarks/INST_9x9/85/inst9x9_85_95.txt : 25 ms.
--------------------------------------------------
0
3.8e-05
benchmarks/INST_9x9/85/inst9x9_85_96.txt : 20 ms.
--------------------------------------------------
0
7.7e-05
benchmarks/INST_9x9/85/inst9x9_85_97.txt : 22 ms.
--------------------------------------------------
0
0.000114
benchmarks/INST_9x9/85/inst9x9_85_98.txt : 23 ms.
--------------------------------------------------
0
7.9e-05
benchmarks/INST_9x9/85/inst9x9_85_99.txt : 20 ms.
--------------------------------------------------
0
3.7e-05
benchmarks/INST_9x9/85/inst9x9_85_9.txt : 17 ms.
