--------------------------------------------------
0
6.7e-05
benchmarks/INST_9x9/60/inst9x9_60_0.txt : 39 ms.
--------------------------------------------------
0
7.3e-05
benchmarks/INST_9x9/60/inst9x9_60_10.txt : 15 ms.
--------------------------------------------------
0
5.1e-05
benchmarks/INST_9x9/60/inst9x9_60_11.txt : 13 ms.
--------------------------------------------------
0
7.9e-05
benchmarks/INST_9x9/60/inst9x9_60_12.txt : 14 ms.
--------------------------------------------------
0
7.1e-05
benchmarks/INST_9x9/60/inst9x9_60_13.txt : 17 ms.
--------------------------------------------------
0
3.5e-05
benchmarks/INST_9x9/60/inst9x9_60_14.txt : 15 ms.
--------------------------------------------------
0
7e-05
benchmarks/INST_9x9/60/inst9x9_60_15.txt : 18 ms.
--------------------------------------------------
0
4.6e-05
benchmarks/INST_9x9/60/inst9x9_60_16.txt : 15 ms.
--------------------------------------------------
0
3.7e-05
benchmarks/INST_9x9/60/inst9x9_60_17.txt : 17 ms.
--------------------------------------------------
0
7.9e-05
benchmarks/INST_9x9/60/inst9x9_60_18.txt : 18 ms.
--------------------------------------------------
0
8.7e-05
benchmarks/INST_9x9/60/inst9x9_60_19.txt : 15 ms.
--------------------------------------------------
0
0.000125
benchmarks/INST_9x9/60/inst9x9_60_1.txt : 23 ms.
--------------------------------------------------
0
5.4e-05
benchmarks/INST_9x9/60/inst9x9_60_20.txt : 17 ms.
--------------------------------------------------
0
0.000125
benchmarks/INST_9x9/60/inst9x9_60_21.txt : 19 ms.
--------------------------------------------------
0
8.8e-05
benchmarks/INST_9x9/60/inst9x9_60_22.txt : 18 ms.
--------------------------------------------------
0
4.5e-05
benchmarks/INST_9x9/60/inst9x9_60_23.txt : 14 ms.
--------------------------------------------------
0
8.3e-05
benchmarks/INST_9x9/60/inst9x9_60_24.txt : 18 ms.
--------------------------------------------------
0
8.3e-05
benchmarks/INST_9x9/60/inst9x9_60_25.txt : 21 ms.
--------------------------------------------------
0
7.4e-05
benchmarks/INST_9x9/60/inst9x9_60_26.txt : 19 ms.
--------------------------------------------------
0
5e-05
benchmarks/INST_9x9/60/inst9x9_60_27.txt : 17 ms.
--------------------------------------------------
0
3.6e-05
benchmarks/INST_9x9/60/inst9x9_60_28.txt : 24 ms.
--------------------------------------------------
0
8.3e-05
benchmarks/INST_9x9/60/inst9x9_60_29.txt : 19 ms.
--------------------------------------------------
0
4.1e-05
benchmarks/INST_9x9/60/inst9x9_60_2.txt : 19 ms.
--------------------------------------------------
0
0.000102
benchmarks/INST_9x9/60/inst9x9_60_30.txt : 22 ms.
--------------------------------------------------
0
3.5e-05
benchmarks/INST_9x9/60/inst9x9_60_31.txt : 21 ms.
--------------------------------------------------
0
0.000183
benchmarks/INST_9x9/60/inst9x9_60_32.txt : 19 ms.
--------------------------------------------------
0
0.000101
benchmarks/INST_9x9/60/inst9x9_60_33.txt : 21 ms.
--------------------------------------------------
0
3.5e-05
benchmarks/INST_9x9/60/inst9x9_60_34.txt : 24 ms.
--------------------------------------------------
0
5.9e-05
benchmarks/INST_9x9/60/inst9x9_60_35.txt : 19 ms.
--------------------------------------------------
0
9.3e-05
benchmarks/INST_9x9/60/inst9x9_60_36.txt : 23 ms.
--------------------------------------------------
0
5.4e-05
benchmarks/INST_9x9/60/inst9x9_60_37.txt : 19 ms.
--------------------------------------------------
0
3.7e-05
benchmarks/INST_9x9/60/inst9x9_60_38.txt : 20 ms.
--------------------------------------------------
0
7.9e-05
benchmarks/INST_9x9/60/inst9x9_60_39.txt : 22 ms.
--------------------------------------------------
0
6.7e-05
benchmarks/INST_9x9/60/inst9x9_60_3.txt : 20 ms.
--------------------------------------------------
0
4.7e-05
benchmarks/INST_9x9/60/inst9x9_60_40.txt : 17 ms.
--------------------------------------------------
0
3.3e-05
benchmarks/INST_9x9/60/inst9x9_60_41.txt : 23 ms.
--------------------------------------------------
0
7.4e-05
benchmarks/INST_9x9/60/inst9x9_60_42.txt : 24 ms.
--------------------------------------------------
0
3.2e-05
benchmarks/INST_9x9/60/inst9x9_60_43.txt : 19 ms.
--------------------------------------------------
0
7.6e-05
benchmarks/INST_9x9/60/inst9x9_60_44.txt : 22 ms.
--------------------------------------------------
0
4.2e-05
benchmarks/INST_9x9/60/inst9x9_60_45.txt : 13 ms.
--------------------------------------------------
0
7.7e-05
benchmarks/INST_9x9/60/inst9x9_60_46.txt : 20 ms.
--------------------------------------------------
0
0.000136
benchmarks/INST_9x9/60/inst9x9_60_47.txt : 16 ms.
--------------------------------------------------
0
3.7e-05
benchmarks/INST_9x9/60/inst9x9_60_48.txt : 18 ms.
--------------------------------------------------
0
4.3e-05
benchmarks/INST_9x9/60/inst9x9_60_49.txt : 18 ms.
--------------------------------------------------
0
5.4e-05
benchmarks/INST_9x9/60/inst9x9_60_4.txt : 14 ms.
--------------------------------------------------
0
8.1e-05
benchmarks/INST_9x9/60/inst9x9_60_50.txt : 21 ms.
--------------------------------------------------
0
3.9e-05
benchmarks/INST_9x9/60/inst9x9_60_51.txt : 14 ms.
--------------------------------------------------
0
8.2e-05
benchmarks/INST_9x9/60/inst9x9_60_52.txt : 20 ms.
--------------------------------------------------
0
8.2e-05
benchmarks/INST_9x9/60/inst9x9_60_53.txt : 16 ms.
--------------------------------------------------
0
0.000261
benchmarks/INST_9x9/60/inst9x9_60_54.txt : 18 ms.
--------------------------------------------------
0
7.3e-05
benchmarks/INST_9x9/60/inst9x9_60_55.txt : 19 ms.
--------------------------------------------------
0
9.5e-05
benchmarks/INST_9x9/60/inst9x9_60_56.txt : 14 ms.
--------------------------------------------------
0
3.7e-05
benchmarks/INST_9x9/60/inst9x9_60_57.txt : 21 ms.
--------------------------------------------------
0
4.6e-05
benchmarks/INST_9x9/60/inst9x9_60_58.txt : 17 ms.
--------------------------------------------------
0
0.000233
benchmarks/INST_9x9/60/inst9x9_60_59.txt : 19 ms.
--------------------------------------------------
0
0.00019
benchmarks/INST_9x9/60/inst9x9_60_5.txt : 18 ms.
--------------------------------------------------
0
8.8e-05
benchmarks/INST_9x9/60/inst9x9_60_60.txt : 19 ms.
--------------------------------------------------
0
6.8e-05
benchmarks/INST_9x9/60/inst9x9_60_61.txt : 19 ms.
--------------------------------------------------
0
7.4e-05
benchmarks/INST_9x9/60/inst9x9_60_62.txt : 19 ms.
--------------------------------------------------
0
6.8e-05
benchmarks/INST_9x9/60/inst9x9_60_63.txt : 16 ms.
--------------------------------------------------
0
7.8e-05
benchmarks/INST_9x9/60/inst9x9_60_64.txt : 19 ms.
--------------------------------------------------
0
7.7e-05
benchmarks/INST_9x9/60/inst9x9_60_65.txt : 21 ms.
--------------------------------------------------
0
3.9e-05
benchmarks/INST_9x9/60/inst9x9_60_66.txt : 21 ms.
--------------------------------------------------
0
7.9e-05
benchmarks/INST_9x9/60/inst9x9_60_67.txt : 19 ms.
--------------------------------------------------
0
8.1e-05
benchmarks/INST_9x9/60/inst9x9_60_68.txt : 24 ms.
--------------------------------------------------
0
4.2e-05
benchmarks/INST_9x9/60/inst9x9_60_69.txt : 26 ms.
--------------------------------------------------
0
3.3e-05
benchmarks/INST_9x9/60/inst9x9_60_6.txt : 22 ms.
--------------------------------------------------
0
5.9e-05
benchmarks/INST_9x9/60/inst9x9_60_70.txt : 21 ms.
--------------------------------------------------
0
8.4e-05
benchmarks/INST_9x9/60/inst9x9_60_71.txt : 25 ms.
--------------------------------------------------
0
3.9e-05
benchmarks/INST_9x9/60/inst9x9_60_72.txt : 20 ms.
--------------------------------------------------
0
5.3e-05
benchmarks/INST_9x9/60/inst9x9_60_73.txt : 20 ms.
--------------------------------------------------
0
5.2e-05
benchmarks/INST_9x9/60/inst9x9_60_74.txt : 13 ms.
--------------------------------------------------
0
6.5e-05
benchmarks/INST_9x9/60/inst9x9_60_75.txt : 18 ms.
--------------------------------------------------
0
0.000104
benchmarks/INST_9x9/60/inst9x9_60_76.txt : 18 ms.
--------------------------------------------------
0
3.8e-05
benchmarks/INST_9x9/60/inst9x9_60_77.txt : 21 ms.
--------------------------------------------------
0
8.3e-05
benchmarks/INST_9x9/60/inst9x9_60_78.txt : 17 ms.
--------------------------------------------------
0
9.1e-05
benchmarks/INST_9x9/60/inst9x9_60_79.txt : 20 ms.
--------------------------------------------------
0
3.5e-05
benchmarks/INST_9x9/60/inst9x9_60_7.txt : 16 ms.
--------------------------------------------------
0
0.00012
benchmarks/INST_9x9/60/inst9x9_60_80.txt : 20 ms.
--------------------------------------------------
0
6.8e-05
benchmarks/INST_9x9/60/inst9x9_60_81.txt : 20 ms.
--------------------------------------------------
0
4.3e-05
benchmarks/INST_9x9/60/inst9x9_60_82.txt : 16 ms.
--------------------------------------------------
0
6.2e-05
benchmarks/INST_9x9/60/inst9x9_60_83.txt : 15 ms.
--------------------------------------------------
0
8.6e-05
benchmarks/INST_9x9/60/inst9x9_60_84.txt : 14 ms.
--------------------------------------------------
0
0.000118
benchmarks/INST_9x9/60/inst9x9_60_85.txt : 18 ms.
--------------------------------------------------
0
6e-05
benchmarks/INST_9x9/60/inst9x9_60_86.txt : 17 ms.
--------------------------------------------------
0
3.9e-05
benchmarks/INST_9x9/60/inst9x9_60_87.txt : 15 ms.
--------------------------------------------------
0
7.4e-05
benchmarks/INST_9x9/60/inst9x9_60_88.txt : 16 ms.
--------------------------------------------------
0
8.3e-05
benchmarks/INST_9x9/60/inst9x9_60_89.txt : 18 ms.
--------------------------------------------------
0
3.8e-05
benchmarks/INST_9x9/60/inst9x9_60_8.txt : 17 ms.
--------------------------------------------------
0
7.2e-05
benchmarks/INST_9x9/60/inst9x9_60_90.txt : 18 ms.
--------------------------------------------------
0
6.2e-05
benchmarks/INST_9x9/60/inst9x9_60_91.txt : 17 ms.
--------------------------------------------------
0
5.8e-05
benchmarks/INST_9x9/60/inst9x9_60_92.txt : 15 ms.
--------------------------------------------------
0
3.6e-05
benchmarks/INST_9x9/60/inst9x9_60_93.txt : 18 ms.
--------------------------------------------------
0
5.8e-05
benchmarks/INST_9x9/60/inst9x9_60_94.txt : 18 ms.
--------------------------------------------------
0
8.3e-05
benchmarks/INST_9x9/60/inst9x9_60_95.txt : 21 ms.
--------------------------------------------------
0
8e-05
benchmarks/INST_9x9/60/inst9x9_60_96.txt : 22 ms.
--------------------------------------------------
0
9.9e-05
benchmarks/INST_9x9/60/inst9x9_60_97.txt : 19 ms.
--------------------------------------------------
0
0.000184
benchmarks/INST_9x9/60/inst9x9_60_98.txt : 22 ms.
--------------------------------------------------
0
8.1e-05
benchmarks/INST_9x9/60/inst9x9_60_99.txt : 21 ms.
--------------------------------------------------
0
7.6e-05
benchmarks/INST_9x9/60/inst9x9_60_9.txt : 23 ms.
