--------------------------------------------------
======================================================================
current best clash: 0
----------------------------------------------------------------------
current col clash: 0
current row clash: 0
current squ clash: 0
benchmarks_simp/INST_64x64/10/inst64x64_10_0.txt find answer: 1.670000
benchmarks_simp/INST_64x64/10/inst64x64_10_0.txt : 3595 ms.
--------------------------------------------------
======================================================================
current best clash: 0
----------------------------------------------------------------------
current col clash: 0
current row clash: 0
current squ clash: 0
benchmarks_simp/INST_64x64/10/inst64x64_10_10.txt find answer: 1.810000
benchmarks_simp/INST_64x64/10/inst64x64_10_10.txt : 3202 ms.
--------------------------------------------------
======================================================================
current best clash: 0
----------------------------------------------------------------------
current col clash: 0
current row clash: 0
current squ clash: 0
benchmarks_simp/INST_64x64/10/inst64x64_10_11.txt find answer: 1.480000
benchmarks_simp/INST_64x64/10/inst64x64_10_11.txt : 3066 ms.
--------------------------------------------------
======================================================================
current best clash: 0
----------------------------------------------------------------------
current col clash: 0
current row clash: 0
current squ clash: 0
benchmarks_simp/INST_64x64/10/inst64x64_10_12.txt find answer: 1.470000
benchmarks_simp/INST_64x64/10/inst64x64_10_12.txt : 3298 ms.
--------------------------------------------------
======================================================================
current best clash: 0
----------------------------------------------------------------------
current col clash: 0
current row clash: 0
current squ clash: 0
benchmarks_simp/INST_64x64/10/inst64x64_10_13.txt find answer: 1.570000
benchmarks_simp/INST_64x64/10/inst64x64_10_13.txt : 2972 ms.
--------------------------------------------------
======================================================================
current best clash: 0
----------------------------------------------------------------------
current col clash: 0
current row clash: 0
current squ clash: 0
benchmarks_simp/INST_64x64/10/inst64x64_10_14.txt find answer: 1.620000
benchmarks_simp/INST_64x64/10/inst64x64_10_14.txt : 3025 ms.
--------------------------------------------------
======================================================================
current best clash: 0
----------------------------------------------------------------------
current col clash: 0
current row clash: 0
current squ clash: 0
benchmarks_simp/INST_64x64/10/inst64x64_10_15.txt find answer: 1.480000
benchmarks_simp/INST_64x64/10/inst64x64_10_15.txt : 2873 ms.
--------------------------------------------------
