--------------------------------------------------
======================================================================
current best clash: 0
----------------------------------------------------------------------
current col clash: 0
current row clash: 0
current squ clash: 0
benchmarks_simp/INST_64x64/90/inst64x64_90_0.txt find answer: 0.000000
benchmarks_simp/INST_64x64/90/inst64x64_90_0.txt : 1498 ms.
--------------------------------------------------
======================================================================
current best clash: 0
----------------------------------------------------------------------
current col clash: 0
current row clash: 0
current squ clash: 0
benchmarks_simp/INST_64x64/90/inst64x64_90_10.txt find answer: 0.000000
benchmarks_simp/INST_64x64/90/inst64x64_90_10.txt : 1489 ms.
--------------------------------------------------
======================================================================
current best clash: 0
----------------------------------------------------------------------
current col clash: 0
current row clash: 0
current squ clash: 0
benchmarks_simp/INST_64x64/90/inst64x64_90_11.txt find answer: 0.000000
benchmarks_simp/INST_64x64/90/inst64x64_90_11.txt : 1510 ms.
--------------------------------------------------
======================================================================
current best clash: 0
----------------------------------------------------------------------
current col clash: 0
current row clash: 0
current squ clash: 0
benchmarks_simp/INST_64x64/90/inst64x64_90_12.txt find answer: 0.000000
benchmarks_simp/INST_64x64/90/inst64x64_90_12.txt : 1545 ms.
--------------------------------------------------
======================================================================
current best clash: 0
----------------------------------------------------------------------
current col clash: 0
current row clash: 0
current squ clash: 0
benchmarks_simp/INST_64x64/90/inst64x64_90_13.txt find answer: 0.000000
benchmarks_simp/INST_64x64/90/inst64x64_90_13.txt : 1590 ms.
--------------------------------------------------
======================================================================
current best clash: 0
----------------------------------------------------------------------
current col clash: 0
current row clash: 0
current squ clash: 0
benchmarks_simp/INST_64x64/90/inst64x64_90_14.txt find answer: 0.000000
benchmarks_simp/INST_64x64/90/inst64x64_90_14.txt : 1685 ms.
--------------------------------------------------
======================================================================
current best clash: 0
----------------------------------------------------------------------
current col clash: 0
current row clash: 0
current squ clash: 0
benchmarks_simp/INST_64x64/90/inst64x64_90_15.txt find answer: 0.000000
benchmarks_simp/INST_64x64/90/inst64x64_90_15.txt : 1955 ms.
--------------------------------------------------
======================================================================
current best clash: 0
----------------------------------------------------------------------
current col clash: 0
current row clash: 0
current squ clash: 0
benchmarks_simp/INST_64x64/90/inst64x64_90_16.txt find answer: 0.000000
benchmarks_simp/INST_64x64/90/inst64x64_90_16.txt : 1518 ms.
--------------------------------------------------
======================================================================
current best clash: 0
----------------------------------------------------------------------
current col clash: 0
current row clash: 0
current squ clash: 0
benchmarks_simp/INST_64x64/90/inst64x64_90_17.txt find answer: 0.000000
benchmarks_simp/INST_64x64/90/inst64x64_90_17.txt : 1448 ms.
--------------------------------------------------
======================================================================
current best clash: 0
----------------------------------------------------------------------
current col clash: 0
current row clash: 0
current squ clash: 0
benchmarks_simp/INST_64x64/90/inst64x64_90_18.txt find answer: 0.000000
benchmarks_simp/INST_64x64/90/inst64x64_90_18.txt : 1503 ms.
--------------------------------------------------
======================================================================
current best clash: 0
----------------------------------------------------------------------
current col clash: 0
current row clash: 0
current squ clash: 0
benchmarks_simp/INST_64x64/90/inst64x64_90_19.txt find answer: 0.000000
benchmarks_simp/INST_64x64/90/inst64x64_90_19.txt : 1424 ms.
--------------------------------------------------
======================================================================
current best clash: 0
----------------------------------------------------------------------
current col clash: 0
current row clash: 0
current squ clash: 0
benchmarks_simp/INST_64x64/90/inst64x64_90_1.txt find answer: 0.000000
benchmarks_simp/INST_64x64/90/inst64x64_90_1.txt : 1458 ms.
--------------------------------------------------
======================================================================
current best clash: 0
----------------------------------------------------------------------
current col clash: 0
current row clash: 0
current squ clash: 0
benchmarks_simp/INST_64x64/90/inst64x64_90_20.txt find answer: 0.000000
benchmarks_simp/INST_64x64/90/inst64x64_90_20.txt : 1431 ms.
--------------------------------------------------
======================================================================
current best clash: 0
----------------------------------------------------------------------
current col clash: 0
current row clash: 0
current squ clash: 0
benchmarks_simp/INST_64x64/90/inst64x64_90_21.txt find answer: 0.000000
benchmarks_simp/INST_64x64/90/inst64x64_90_21.txt : 1395 ms.
--------------------------------------------------
======================================================================
current best clash: 0
----------------------------------------------------------------------
current col clash: 0
current row clash: 0
current squ clash: 0
benchmarks_simp/INST_64x64/90/inst64x64_90_22.txt find answer: 0.000000
benchmarks_simp/INST_64x64/90/inst64x64_90_22.txt : 1407 ms.
--------------------------------------------------
