--------------------------------------------------
======================================================================
current best clash: 84
vertex(44, 44) and vertex(44, 47) same color: 61
vertex(54, 16) and vertex(55, 13) same color: 3
vertex(7, 25) and vertex(8, 25) same color: 63
vertex(53, 34) and vertex(55, 34) same color: 8
vertex(40, 52) and vertex(40, 53) same color: 14
vertex(31, 59) and vertex(63, 59) same color: 28
vertex(18, 35) and vertex(32, 35) same color: 10
vertex(36, 25) and vertex(36, 54) same color: 33
vertex(3, 16) and vertex(45, 16) same color: 63
vertex(45, 28) and vertex(45, 29) same color: 13
vertex(35, 42) and vertex(40, 42) same color: 33
vertex(1, 47) and vertex(8, 47) same color: 33
vertex(9, 31) and vertex(9, 46) same color: 21
vertex(51, 21) and vertex(51, 45) same color: 59
vertex(30, 5) and vertex(63, 5) same color: 59
vertex(13, 3) and vertex(64, 3) same color: 33
vertex(16, 48) and vertex(16, 50) same color: 44
vertex(14, 2) and vertex(14, 53) same color: 31
vertex(13, 10) and vertex(13, 12) same color: 54
vertex(50, 61) and vertex(55, 61) same color: 47
vertex(5, 33) and vertex(5, 58) same color: 63
vertex(3, 17) and vertex(7, 17) same color: 37
vertex(21, 8) and vertex(50, 8) same color: 22
vertex(31, 13) and vertex(46, 13) same color: 52
vertex(28, 6) and vertex(31, 6) same color: 13
vertex(2, 9) and vertex(37, 9) same color: 21
vertex(18, 61) and vertex(20, 64) same color: 28
vertex(14, 1) and vertex(58, 1) same color: 44
vertex(8, 56) and vertex(54, 56) same color: 34
vertex(9, 23) and vertex(35, 23) same color: 55
vertex(47, 24) and vertex(47, 61) same color: 17
vertex(1, 36) and vertex(43, 36) same color: 25
vertex(20, 9) and vertex(20, 59) same color: 38
vertex(49, 28) and vertex(62, 28) same color: 12
vertex(2, 2) and vertex(2, 6) same color: 25
vertex(10, 43) and vertex(53, 43) same color: 30
vertex(38, 33) and vertex(51, 33) same color: 45
vertex(40, 52) and vertex(61, 52) same color: 14
vertex(41, 9) and vertex(43, 9) same color: 17
vertex(29, 61) and vertex(29, 62) same color: 25
vertex(38, 11) and vertex(38, 60) same color: 2
vertex(24, 40) and vertex(33, 40) same color: 46
vertex(55, 7) and vertex(55, 34) same color: 8
vertex(32, 21) and vertex(32, 53) same color: 50
vertex(50, 39) and vertex(64, 39) same color: 36
vertex(36, 48) and vertex(36, 58) same color: 64
vertex(42, 18) and vertex(42, 49) same color: 14
vertex(1, 15) and vertex(57, 15) same color: 3
vertex(31, 42) and vertex(58, 42) same color: 47
vertex(19, 57) and vertex(50, 57) same color: 50
vertex(17, 46) and vertex(24, 43) same color: 53
vertex(35, 19) and vertex(35, 23) same color: 55
vertex(20, 3) and vertex(20, 7) same color: 58
vertex(15, 18) and vertex(15, 20) same color: 13
vertex(46, 41) and vertex(46, 50) same color: 58
vertex(29, 53) and vertex(36, 53) same color: 49
vertex(1, 48) and vertex(6, 48) same color: 58
vertex(34, 55) and vertex(47, 55) same color: 52
vertex(10, 26) and vertex(10, 57) same color: 60
vertex(63, 33) and vertex(63, 38) same color: 10
vertex(30, 61) and vertex(31, 63) same color: 64
vertex(12, 35) and vertex(12, 62) same color: 28
vertex(52, 4) and vertex(56, 4) same color: 54
vertex(2, 37) and vertex(4, 37) same color: 17
vertex(19, 29) and vertex(19, 59) same color: 53
vertex(50, 25) and vertex(50, 26) same color: 56
vertex(4, 37) and vertex(4, 46) same color: 17
vertex(50, 54) and vertex(50, 61) same color: 47
vertex(17, 30) and vertex(17, 50) same color: 28
vertex(13, 22) and vertex(47, 22) same color: 1
vertex(52, 51) and vertex(52, 58) same color: 32
vertex(25, 17) and vertex(25, 24) same color: 10
vertex(3, 2) and vertex(3, 5) same color: 33
vertex(26, 30) and vertex(30, 30) same color: 2
vertex(13, 32) and vertex(57, 32) same color: 56
vertex(37, 16) and vertex(37, 50) same color: 10
vertex(43, 6) and vertex(61, 6) same color: 64
vertex(9, 31) and vertex(14, 31) same color: 21
vertex(7, 17) and vertex(7, 63) same color: 37
vertex(27, 25) and vertex(31, 25) same color: 24
vertex(46, 34) and vertex(46, 36) same color: 36
vertex(16, 54) and vertex(63, 54) same color: 21
vertex(53, 6) and vertex(55, 6) same color: 32
vertex(10, 62) and vertex(12, 62) same color: 28
----------------------------------------------------------------------
current col clash: 37
current row clash: 43
current squ clash: 34
======================================================================
current best clash: 74
vertex(35, 4) and vertex(37, 4) same color: 13
vertex(15, 38) and vertex(34, 38) same color: 4
vertex(3, 11) and vertex(3, 18) same color: 19
vertex(11, 9) and vertex(14, 9) same color: 56
vertex(6, 42) and vertex(6, 47) same color: 13
vertex(18, 11) and vertex(18, 55) same color: 23
vertex(33, 25) and vertex(33, 47) same color: 23
vertex(41, 13) and vertex(44, 10) same color: 57
vertex(39, 23) and vertex(40, 23) same color: 17
vertex(21, 25) and vertex(21, 32) same color: 45
vertex(20, 21) and vertex(30, 21) same color: 31
vertex(28, 5) and vertex(30, 5) same color: 11
vertex(6, 17) and vertex(6, 19) same color: 31
vertex(51, 17) and vertex(51, 30) same color: 60
vertex(26, 42) and vertex(64, 42) same color: 10
vertex(41, 34) and vertex(41, 37) same color: 4
vertex(12, 25) and vertex(12, 35) same color: 28
vertex(15, 58) and vertex(52, 58) same color: 9
vertex(49, 4) and vertex(49, 8) same color: 7
vertex(34, 31) and vertex(34, 32) same color: 5
vertex(12, 28) and vertex(58, 28) same color: 17
vertex(18, 5) and vertex(57, 5) same color: 58
vertex(53, 17) and vertex(54, 17) same color: 6
vertex(37, 7) and vertex(39, 7) same color: 23
vertex(13, 21) and vertex(13, 22) same color: 33
vertex(22, 64) and vertex(23, 64) same color: 33
vertex(8, 25) and vertex(8, 32) same color: 17
vertex(10, 57) and vertex(10, 61) same color: 28
vertex(31, 10) and vertex(44, 10) same color: 57
vertex(2, 18) and vertex(3, 18) same color: 19
vertex(20, 13) and vertex(20, 26) same color: 16
vertex(31, 59) and vertex(47, 59) same color: 28
vertex(14, 2) and vertex(14, 35) same color: 33
vertex(55, 43) and vertex(55, 59) same color: 54
vertex(7, 13) and vertex(7, 31) same color: 21
vertex(38, 52) and vertex(49, 52) same color: 25
vertex(11, 27) and vertex(11, 38) same color: 64
vertex(30, 1) and vertex(30, 30) same color: 45
vertex(22, 8) and vertex(53, 8) same color: 16
vertex(17, 12) and vertex(21, 12) same color: 40
vertex(48, 12) and vertex(48, 27) same color: 26
vertex(15, 14) and vertex(15, 20) same color: 17
vertex(16, 60) and vertex(27, 60) same color: 17
vertex(21, 18) and vertex(21, 22) same color: 52
vertex(28, 27) and vertex(54, 27) same color: 27
vertex(9, 3) and vertex(47, 3) same color: 26
vertex(5, 35) and vertex(60, 35) same color: 32
vertex(42, 18) and vertex(42, 49) same color: 14
vertex(9, 31) and vertex(34, 31) same color: 5
vertex(15, 12) and vertex(15, 58) same color: 9
vertex(39, 23) and vertex(39, 42) same color: 17
vertex(34, 55) and vertex(47, 55) same color: 52
vertex(7, 1) and vertex(50, 1) same color: 22
vertex(43, 6) and vertex(47, 3) same color: 26
vertex(16, 48) and vertex(16, 53) same color: 21
vertex(46, 60) and vertex(46, 64) same color: 54
vertex(26, 41) and vertex(26, 42) same color: 10
vertex(33, 9) and vertex(33, 16) same color: 36
vertex(21, 22) and vertex(45, 22) same color: 52
vertex(2, 57) and vertex(7, 57) same color: 46
vertex(52, 48) and vertex(54, 48) same color: 32
vertex(1, 32) and vertex(1, 49) same color: 46
vertex(52, 48) and vertex(52, 51) same color: 32
vertex(25, 27) and vertex(25, 31) same color: 40
vertex(27, 15) and vertex(41, 15) same color: 40
vertex(1, 23) and vertex(19, 23) same color: 63
vertex(24, 34) and vertex(24, 43) same color: 17
vertex(50, 25) and vertex(50, 26) same color: 56
vertex(13, 32) and vertex(14, 32) same color: 21
vertex(7, 45) and vertex(7, 46) same color: 9
vertex(25, 6) and vertex(53, 6) same color: 13
vertex(2, 61) and vertex(5, 61) same color: 54
vertex(52, 37) and vertex(55, 37) same color: 15
vertex(26, 15) and vertex(31, 15) same color: 7
----------------------------------------------------------------------
current col clash: 36
current row clash: 36
current squ clash: 33
======================================================================
current best clash: 74
vertex(15, 20) and vertex(15, 24) same color: 60
vertex(9, 2) and vertex(14, 2) same color: 26
vertex(30, 36) and vertex(30, 38) same color: 46
vertex(26, 41) and vertex(26, 47) same color: 59
vertex(8, 36) and vertex(61, 36) same color: 12
vertex(9, 31) and vertex(34, 31) same color: 5
vertex(25, 26) and vertex(25, 27) same color: 12
vertex(23, 35) and vertex(44, 35) same color: 10
vertex(43, 14) and vertex(47, 14) same color: 23
vertex(55, 6) and vertex(55, 18) same color: 26
vertex(54, 19) and vertex(54, 42) same color: 57
vertex(37, 2) and vertex(37, 3) same color: 57
vertex(51, 33) and vertex(56, 33) same color: 64
vertex(12, 28) and vertex(55, 28) same color: 18
vertex(1, 23) and vertex(24, 23) same color: 12
vertex(34, 16) and vertex(43, 16) same color: 19
vertex(11, 9) and vertex(11, 12) same color: 56
vertex(35, 4) and vertex(37, 4) same color: 13
vertex(2, 5) and vertex(3, 5) same color: 46
vertex(51, 28) and vertex(51, 47) same color: 30
vertex(12, 11) and vertex(13, 11) same color: 48
vertex(2, 22) and vertex(2, 57) same color: 15
vertex(6, 27) and vertex(30, 27) same color: 16
vertex(34, 55) and vertex(47, 55) same color: 52
vertex(44, 26) and vertex(50, 26) same color: 27
vertex(41, 21) and vertex(52, 21) same color: 53
vertex(1, 57) and vertex(12, 57) same color: 57
vertex(48, 14) and vertex(48, 53) same color: 8
vertex(44, 35) and vertex(44, 37) same color: 10
vertex(1, 33) and vertex(6, 33) same color: 63
vertex(16, 48) and vertex(16, 50) same color: 44
vertex(53, 3) and vertex(53, 8) same color: 63
vertex(29, 63) and vertex(47, 63) same color: 30
vertex(32, 52) and vertex(49, 52) same color: 20
vertex(7, 13) and vertex(20, 13) same color: 21
vertex(41, 37) and vertex(41, 44) same color: 14
vertex(33, 45) and vertex(33, 47) same color: 25
vertex(13, 11) and vertex(13, 39) same color: 48
vertex(31, 13) and vertex(50, 13) same color: 22
vertex(24, 34) and vertex(24, 43) same color: 17
vertex(1, 39) and vertex(1, 40) same color: 23
vertex(52, 58) and vertex(55, 58) same color: 59
vertex(16, 47) and vertex(33, 47) same color: 25
vertex(31, 59) and vertex(31, 64) same color: 4
vertex(31, 39) and vertex(53, 39) same color: 6
vertex(54, 15) and vertex(54, 29) same color: 2
vertex(35, 15) and vertex(35, 19) same color: 25
vertex(35, 19) and vertex(40, 19) same color: 25
vertex(49, 52) and vertex(49, 53) same color: 20
vertex(11, 22) and vertex(47, 22) same color: 1
vertex(59, 5) and vertex(59, 8) same color: 56
vertex(4, 32) and vertex(62, 32) same color: 12
vertex(41, 9) and vertex(43, 9) same color: 17
vertex(18, 18) and vertex(18, 24) same color: 53
vertex(20, 9) and vertex(20, 13) same color: 21
vertex(35, 8) and vertex(61, 8) same color: 64
vertex(16, 17) and vertex(46, 17) same color: 46
vertex(2, 10) and vertex(9, 10) same color: 23
vertex(12, 25) and vertex(12, 35) same color: 28
vertex(10, 62) and vertex(43, 62) same color: 10
vertex(18, 20) and vertex(20, 20) same color: 17
vertex(46, 17) and vertex(46, 19) same color: 46
vertex(9, 22) and vertex(9, 37) same color: 4
vertex(47, 24) and vertex(47, 61) same color: 17
vertex(21, 22) and vertex(21, 63) same color: 64
vertex(52, 7) and vertex(55, 7) same color: 30
vertex(14, 2) and vertex(14, 52) same color: 26
vertex(29, 40) and vertex(40, 40) same color: 37
vertex(10, 17) and vertex(44, 17) same color: 9
vertex(34, 31) and vertex(34, 32) same color: 5
vertex(17, 3) and vertex(42, 3) same color: 50
vertex(11, 38) and vertex(12, 38) same color: 16
vertex(50, 45) and vertex(50, 61) same color: 64
vertex(2, 45) and vertex(50, 45) same color: 64
----------------------------------------------------------------------
current col clash: 34
current row clash: 40
current squ clash: 30
======================================================================
current best clash: 65
vertex(2, 18) and vertex(2, 21) same color: 18
vertex(34, 28) and vertex(34, 32) same color: 29
vertex(61, 5) and vertex(61, 25) same color: 47
vertex(58, 42) and vertex(64, 42) same color: 47
vertex(40, 17) and vertex(51, 17) same color: 25
vertex(1, 27) and vertex(6, 27) same color: 4
vertex(9, 31) and vertex(34, 31) same color: 5
vertex(9, 28) and vertex(57, 28) same color: 15
vertex(11, 43) and vertex(24, 43) same color: 39
vertex(13, 37) and vertex(20, 37) same color: 25
vertex(37, 45) and vertex(37, 48) same color: 2
vertex(18, 17) and vertex(18, 22) same color: 31
vertex(24, 45) and vertex(24, 46) same color: 49
vertex(14, 8) and vertex(14, 35) same color: 28
vertex(18, 31) and vertex(19, 31) same color: 18
vertex(4, 29) and vertex(58, 29) same color: 9
vertex(56, 19) and vertex(56, 21) same color: 12
vertex(11, 38) and vertex(11, 45) same color: 62
vertex(45, 53) and vertex(57, 53) same color: 52
vertex(4, 19) and vertex(56, 19) same color: 12
vertex(13, 59) and vertex(30, 59) same color: 20
vertex(2, 54) and vertex(13, 54) same color: 22
vertex(54, 11) and vertex(54, 43) same color: 54
vertex(54, 8) and vertex(54, 13) same color: 64
vertex(7, 19) and vertex(39, 19) same color: 62
vertex(47, 13) and vertex(47, 22) same color: 20
vertex(16, 14) and vertex(16, 48) same color: 32
vertex(1, 23) and vertex(19, 23) same color: 63
vertex(18, 4) and vertex(63, 4) same color: 54
vertex(13, 39) and vertex(40, 39) same color: 42
vertex(45, 27) and vertex(45, 40) same color: 38
vertex(42, 18) and vertex(47, 24) same color: 62
vertex(16, 47) and vertex(33, 47) same color: 25
vertex(15, 40) and vertex(64, 40) same color: 64
vertex(4, 28) and vertex(4, 29) same color: 9
vertex(59, 3) and vertex(59, 5) same color: 57
vertex(53, 3) and vertex(53, 43) same color: 8
vertex(1, 13) and vertex(55, 13) same color: 3
vertex(8, 36) and vertex(42, 36) same color: 19
vertex(9, 61) and vertex(10, 61) same color: 28
vertex(12, 35) and vertex(19, 35) same color: 34
vertex(12, 22) and vertex(57, 22) same color: 21
vertex(44, 15) and vertex(44, 17) same color: 52
vertex(23, 13) and vertex(23, 16) same color: 58
vertex(5, 49) and vertex(5, 62) same color: 4
vertex(4, 32) and vertex(53, 32) same color: 33
vertex(51, 34) and vertex(56, 34) same color: 64
vertex(36, 20) and vertex(36, 39) same color: 14
vertex(44, 44) and vertex(44, 52) same color: 21
vertex(25, 26) and vertex(25, 27) same color: 12
vertex(23, 16) and vertex(41, 16) same color: 58
vertex(2, 37) and vertex(5, 37) same color: 60
vertex(28, 33) and vertex(51, 33) same color: 33
vertex(22, 62) and vertex(43, 62) same color: 51
vertex(27, 17) and vertex(27, 45) same color: 33
vertex(3, 11) and vertex(3, 47) same color: 19
vertex(11, 18) and vertex(32, 18) same color: 55
vertex(38, 52) and vertex(49, 52) same color: 25
vertex(45, 27) and vertex(48, 27) same color: 38
vertex(37, 48) and vertex(43, 48) same color: 2
vertex(18, 4) and vertex(18, 5) same color: 54
vertex(45, 55) and vertex(47, 55) same color: 31
vertex(41, 44) and vertex(44, 44) same color: 21
vertex(50, 39) and vertex(57, 39) same color: 26
vertex(30, 38) and vertex(47, 38) same color: 39
----------------------------------------------------------------------
current col clash: 26
current row clash: 38
current squ clash: 21
======================================================================
current best clash: 59
vertex(28, 33) and vertex(51, 33) same color: 33
vertex(54, 26) and vertex(54, 29) same color: 27
vertex(56, 33) and vertex(56, 34) same color: 34
vertex(24, 33) and vertex(24, 34) same color: 38
vertex(58, 17) and vertex(59, 18) same color: 18
vertex(23, 35) and vertex(23, 39) same color: 18
vertex(5, 49) and vertex(5, 62) same color: 4
vertex(34, 55) and vertex(47, 55) same color: 52
vertex(15, 38) and vertex(15, 42) same color: 11
vertex(7, 17) and vertex(7, 19) same color: 54
vertex(44, 59) and vertex(47, 59) same color: 27
vertex(18, 45) and vertex(45, 45) same color: 58
vertex(36, 20) and vertex(36, 39) same color: 14
vertex(53, 3) and vertex(53, 43) same color: 8
vertex(25, 26) and vertex(25, 27) same color: 12
vertex(4, 2) and vertex(17, 2) same color: 51
vertex(30, 57) and vertex(30, 58) same color: 29
vertex(41, 4) and vertex(49, 4) same color: 7
vertex(19, 23) and vertex(24, 23) same color: 12
vertex(48, 14) and vertex(48, 53) same color: 8
vertex(2, 45) and vertex(60, 45) same color: 61
vertex(7, 9) and vertex(8, 9) same color: 33
vertex(44, 44) and vertex(44, 47) same color: 61
vertex(1, 27) and vertex(6, 27) same color: 4
vertex(12, 40) and vertex(64, 40) same color: 36
vertex(25, 6) and vertex(29, 7) same color: 13
vertex(42, 17) and vertex(44, 17) same color: 29
vertex(23, 1) and vertex(51, 1) same color: 25
vertex(12, 35) and vertex(19, 35) same color: 34
vertex(13, 6) and vertex(31, 6) same color: 18
vertex(17, 3) and vertex(49, 3) same color: 13
vertex(1, 32) and vertex(33, 32) same color: 32
vertex(37, 45) and vertex(37, 48) same color: 2
vertex(45, 27) and vertex(48, 27) same color: 38
vertex(57, 39) and vertex(57, 53) same color: 52
vertex(38, 60) and vertex(46, 60) same color: 64
vertex(58, 29) and vertex(58, 31) same color: 2
vertex(1, 31) and vertex(1, 32) same color: 32
vertex(16, 48) and vertex(16, 50) same color: 44
vertex(27, 45) and vertex(29, 41) same color: 29
vertex(19, 23) and vertex(19, 25) same color: 12
vertex(34, 22) and vertex(34, 31) same color: 22
vertex(13, 33) and vertex(13, 39) same color: 48
vertex(18, 4) and vertex(18, 31) same color: 54
vertex(45, 27) and vertex(45, 40) same color: 38
vertex(37, 48) and vertex(43, 48) same color: 2
vertex(18, 5) and vertex(24, 1) same color: 18
vertex(3, 18) and vertex(3, 47) same color: 33
vertex(54, 8) and vertex(60, 8) same color: 39
vertex(46, 18) and vertex(46, 41) same color: 52
vertex(38, 52) and vertex(49, 52) same color: 25
vertex(53, 43) and vertex(54, 43) same color: 8
vertex(59, 34) and vertex(59, 35) same color: 33
vertex(2, 37) and vertex(5, 37) same color: 60
vertex(27, 34) and vertex(27, 39) same color: 36
vertex(34, 31) and vertex(36, 31) same color: 22
vertex(28, 34) and vertex(28, 59) same color: 13
vertex(30, 37) and vertex(55, 37) same color: 30
vertex(17, 11) and vertex(17, 16) same color: 38
----------------------------------------------------------------------
current col clash: 29
current row clash: 26
current squ clash: 28
======================================================================
current best clash: 58
vertex(42, 17) and vertex(44, 17) same color: 29
vertex(4, 42) and vertex(15, 42) same color: 44
vertex(14, 48) and vertex(16, 48) same color: 32
vertex(24, 33) and vertex(24, 34) same color: 38
vertex(54, 26) and vertex(54, 29) same color: 27
vertex(25, 26) and vertex(25, 27) same color: 12
vertex(4, 2) and vertex(17, 2) same color: 51
vertex(46, 32) and vertex(46, 60) same color: 50
vertex(58, 29) and vertex(58, 31) same color: 2
vertex(18, 6) and vertex(25, 6) same color: 9
vertex(5, 49) and vertex(5, 62) same color: 4
vertex(44, 44) and vertex(44, 47) same color: 61
vertex(7, 9) and vertex(8, 9) same color: 33
vertex(56, 33) and vertex(56, 34) same color: 34
vertex(12, 35) and vertex(19, 35) same color: 34
vertex(23, 1) and vertex(51, 1) same color: 25
vertex(18, 31) and vertex(19, 31) same color: 18
vertex(33, 41) and vertex(37, 48) same color: 44
vertex(3, 18) and vertex(3, 47) same color: 33
vertex(1, 27) and vertex(6, 27) same color: 4
vertex(16, 14) and vertex(16, 48) same color: 32
vertex(34, 28) and vertex(34, 32) same color: 29
vertex(13, 33) and vertex(13, 39) same color: 48
vertex(45, 27) and vertex(48, 27) same color: 38
vertex(12, 40) and vertex(64, 40) same color: 36
vertex(2, 37) and vertex(5, 37) same color: 60
vertex(20, 33) and vertex(23, 35) same color: 30
vertex(59, 18) and vertex(64, 19) same color: 52
vertex(57, 39) and vertex(57, 53) same color: 52
vertex(37, 48) and vertex(37, 63) same color: 44
vertex(54, 8) and vertex(60, 8) same color: 39
vertex(17, 16) and vertex(23, 16) same color: 10
vertex(30, 57) and vertex(30, 58) same color: 29
vertex(1, 32) and vertex(62, 32) same color: 12
vertex(36, 20) and vertex(36, 39) same color: 14
vertex(1, 32) and vertex(1, 40) same color: 12
vertex(7, 17) and vertex(64, 17) same color: 19
vertex(28, 34) and vertex(28, 59) same color: 13
vertex(34, 55) and vertex(47, 55) same color: 52
vertex(27, 34) and vertex(27, 39) same color: 36
vertex(53, 17) and vertex(53, 43) same color: 4
vertex(28, 33) and vertex(51, 33) same color: 33
vertex(45, 53) and vertex(48, 53) same color: 29
vertex(13, 6) and vertex(31, 6) same color: 18
vertex(45, 27) and vertex(45, 40) same color: 38
vertex(53, 43) and vertex(55, 43) same color: 4
vertex(18, 22) and vertex(19, 23) same color: 63
vertex(17, 3) and vertex(49, 3) same color: 13
vertex(18, 45) and vertex(45, 45) same color: 58
vertex(27, 45) and vertex(29, 41) same color: 29
vertex(38, 52) and vertex(49, 52) same color: 25
vertex(42, 60) and vertex(46, 60) same color: 50
vertex(18, 5) and vertex(59, 5) same color: 57
vertex(9, 31) and vertex(34, 31) same color: 5
vertex(30, 37) and vertex(55, 37) same color: 30
vertex(1, 23) and vertex(19, 23) same color: 63
vertex(2, 18) and vertex(7, 17) same color: 19
vertex(23, 35) and vertex(23, 55) same color: 30
----------------------------------------------------------------------
current col clash: 22
current row clash: 30
current squ clash: 27
======================================================================
current best clash: 58
vertex(2, 37) and vertex(5, 37) same color: 60
vertex(5, 49) and vertex(5, 62) same color: 4
vertex(34, 31) and vertex(36, 31) same color: 22
vertex(25, 26) and vertex(25, 27) same color: 12
vertex(36, 20) and vertex(36, 39) same color: 14
vertex(24, 33) and vertex(24, 34) same color: 38
vertex(1, 27) and vertex(6, 27) same color: 4
vertex(28, 34) and vertex(28, 59) same color: 13
vertex(30, 37) and vertex(55, 37) same color: 30
vertex(18, 4) and vertex(18, 31) same color: 54
vertex(45, 27) and vertex(48, 27) same color: 38
vertex(11, 60) and vertex(46, 60) same color: 54
vertex(53, 3) and vertex(53, 43) same color: 8
vertex(12, 40) and vertex(64, 40) same color: 36
vertex(37, 42) and vertex(37, 48) same color: 32
vertex(54, 26) and vertex(54, 29) same color: 27
vertex(23, 1) and vertex(51, 1) same color: 25
vertex(12, 35) and vertex(19, 35) same color: 34
vertex(1, 31) and vertex(1, 32) same color: 32
vertex(25, 6) and vertex(29, 7) same color: 13
vertex(27, 34) and vertex(27, 39) same color: 36
vertex(48, 14) and vertex(48, 53) same color: 8
vertex(27, 45) and vertex(29, 41) same color: 29
vertex(2, 18) and vertex(7, 18) same color: 19
vertex(56, 33) and vertex(56, 34) same color: 34
vertex(18, 45) and vertex(45, 45) same color: 58
vertex(2, 45) and vertex(60, 45) same color: 61
vertex(16, 48) and vertex(16, 50) same color: 44
vertex(7, 17) and vertex(13, 17) same color: 62
vertex(4, 2) and vertex(17, 2) same color: 51
vertex(7, 9) and vertex(8, 9) same color: 33
vertex(19, 23) and vertex(19, 25) same color: 12
vertex(57, 39) and vertex(57, 53) same color: 52
vertex(53, 43) and vertex(54, 43) same color: 8
vertex(1, 32) and vertex(33, 32) same color: 32
vertex(59, 34) and vertex(59, 35) same color: 33
vertex(23, 35) and vertex(23, 39) same color: 18
vertex(17, 3) and vertex(49, 3) same color: 13
vertex(19, 23) and vertex(24, 23) same color: 12
vertex(15, 38) and vertex(15, 42) same color: 11
vertex(34, 55) and vertex(47, 55) same color: 52
vertex(30, 57) and vertex(30, 58) same color: 29
vertex(42, 17) and vertex(44, 17) same color: 29
vertex(3, 18) and vertex(3, 47) same color: 33
vertex(58, 29) and vertex(58, 31) same color: 2
vertex(45, 27) and vertex(45, 40) same color: 38
vertex(34, 22) and vertex(34, 31) same color: 22
vertex(18, 5) and vertex(24, 1) same color: 18
vertex(44, 44) and vertex(44, 47) same color: 61
vertex(13, 6) and vertex(31, 6) same color: 18
vertex(38, 52) and vertex(49, 52) same color: 25
vertex(28, 33) and vertex(51, 33) same color: 33
vertex(17, 11) and vertex(17, 16) same color: 38
vertex(13, 33) and vertex(13, 39) same color: 48
vertex(14, 48) and vertex(37, 48) same color: 32
vertex(54, 8) and vertex(60, 8) same color: 39
vertex(46, 60) and vertex(46, 64) same color: 54
vertex(46, 18) and vertex(46, 41) same color: 52
----------------------------------------------------------------------
current col clash: 29
current row clash: 26
current squ clash: 27
======================================================================
current best clash: 58
vertex(34, 31) and vertex(36, 31) same color: 22
vertex(54, 26) and vertex(54, 29) same color: 27
vertex(2, 37) and vertex(5, 37) same color: 60
vertex(54, 8) and vertex(60, 8) same color: 39
vertex(45, 27) and vertex(48, 27) same color: 38
vertex(45, 27) and vertex(45, 40) same color: 38
vertex(44, 44) and vertex(44, 47) same color: 61
vertex(13, 6) and vertex(31, 6) same color: 18
vertex(12, 35) and vertex(19, 35) same color: 34
vertex(18, 4) and vertex(18, 31) same color: 54
vertex(59, 34) and vertex(59, 35) same color: 33
vertex(42, 17) and vertex(44, 17) same color: 29
vertex(1, 27) and vertex(6, 27) same color: 4
vertex(13, 33) and vertex(13, 39) same color: 48
vertex(34, 55) and vertex(47, 55) same color: 52
vertex(27, 45) and vertex(29, 41) same color: 29
vertex(4, 42) and vertex(15, 42) same color: 44
vertex(38, 52) and vertex(49, 52) same color: 25
vertex(23, 35) and vertex(23, 39) same color: 18
vertex(1, 31) and vertex(1, 32) same color: 32
vertex(30, 57) and vertex(30, 62) same color: 12
vertex(24, 33) and vertex(24, 34) same color: 38
vertex(28, 33) and vertex(51, 33) same color: 33
vertex(19, 23) and vertex(19, 25) same color: 12
vertex(3, 18) and vertex(3, 47) same color: 33
vertex(23, 1) and vertex(51, 1) same color: 25
vertex(16, 48) and vertex(64, 48) same color: 25
vertex(27, 34) and vertex(27, 39) same color: 36
vertex(56, 33) and vertex(56, 34) same color: 34
vertex(25, 6) and vertex(29, 7) same color: 13
vertex(57, 39) and vertex(57, 53) same color: 52
vertex(30, 37) and vertex(55, 37) same color: 30
vertex(58, 17) and vertex(59, 18) same color: 18
vertex(18, 45) and vertex(45, 45) same color: 58
vertex(28, 34) and vertex(28, 59) same color: 13
vertex(1, 32) and vertex(33, 32) same color: 32
vertex(7, 17) and vertex(7, 19) same color: 54
vertex(25, 26) and vertex(25, 27) same color: 12
vertex(48, 14) and vertex(48, 53) same color: 8
vertex(34, 22) and vertex(34, 31) same color: 22
vertex(14, 48) and vertex(37, 48) same color: 32
vertex(4, 2) and vertex(17, 2) same color: 51
vertex(36, 20) and vertex(36, 39) same color: 14
vertex(16, 47) and vertex(16, 48) same color: 25
vertex(12, 40) and vertex(64, 40) same color: 36
vertex(7, 9) and vertex(8, 9) same color: 33
vertex(53, 3) and vertex(53, 43) same color: 8
vertex(18, 5) and vertex(24, 1) same color: 18
vertex(58, 29) and vertex(58, 31) same color: 2
vertex(5, 49) and vertex(5, 62) same color: 4
vertex(19, 23) and vertex(24, 23) same color: 12
vertex(17, 11) and vertex(17, 16) same color: 38
vertex(53, 43) and vertex(54, 43) same color: 8
vertex(37, 42) and vertex(37, 48) same color: 32
vertex(17, 3) and vertex(49, 3) same color: 13
vertex(25, 18) and vertex(58, 18) same color: 54
vertex(46, 39) and vertex(46, 60) same color: 29
vertex(21, 60) and vertex(42, 60) same color: 12
----------------------------------------------------------------------
current col clash: 28
current row clash: 26
current squ clash: 28
======================================================================
current best clash: 58
vertex(37, 45) and vertex(37, 48) same color: 2
vertex(18, 5) and vertex(59, 5) same color: 57
vertex(12, 35) and vertex(19, 35) same color: 34
vertex(18, 22) and vertex(19, 23) same color: 63
vertex(58, 29) and vertex(58, 31) same color: 2
vertex(1, 23) and vertex(19, 23) same color: 63
vertex(56, 33) and vertex(56, 34) same color: 34
vertex(17, 3) and vertex(49, 3) same color: 13
vertex(44, 44) and vertex(44, 47) same color: 61
vertex(13, 33) and vertex(13, 39) same color: 48
vertex(54, 26) and vertex(54, 29) same color: 27
vertex(25, 26) and vertex(25, 27) same color: 12
vertex(36, 20) and vertex(36, 39) same color: 14
vertex(45, 27) and vertex(48, 27) same color: 38
vertex(24, 33) and vertex(24, 34) same color: 38
vertex(45, 27) and vertex(45, 40) same color: 38
vertex(42, 17) and vertex(44, 17) same color: 29
vertex(20, 33) and vertex(23, 35) same color: 30
vertex(1, 32) and vertex(4, 32) same color: 46
vertex(54, 8) and vertex(60, 8) same color: 39
vertex(53, 43) and vertex(55, 43) same color: 4
vertex(21, 60) and vertex(42, 60) same color: 12
vertex(23, 1) and vertex(51, 1) same color: 25
vertex(45, 53) and vertex(48, 53) same color: 29
vertex(9, 31) and vertex(34, 31) same color: 5
vertex(23, 35) and vertex(23, 55) same color: 30
vertex(53, 17) and vertex(53, 43) same color: 4
vertex(4, 2) and vertex(17, 2) same color: 51
vertex(28, 33) and vertex(51, 33) same color: 33
vertex(38, 52) and vertex(49, 52) same color: 25
vertex(18, 31) and vertex(19, 31) same color: 18
vertex(17, 16) and vertex(23, 16) same color: 10
vertex(34, 55) and vertex(47, 55) same color: 52
vertex(59, 18) and vertex(64, 19) same color: 52
vertex(28, 34) and vertex(28, 59) same color: 13
vertex(18, 6) and vertex(25, 6) same color: 9
vertex(18, 45) and vertex(45, 45) same color: 58
vertex(1, 27) and vertex(6, 27) same color: 4
vertex(15, 38) and vertex(15, 42) same color: 11
vertex(16, 48) and vertex(16, 50) same color: 44
vertex(12, 40) and vertex(64, 40) same color: 36
vertex(2, 37) and vertex(5, 37) same color: 60
vertex(7, 17) and vertex(7, 19) same color: 54
vertex(27, 34) and vertex(27, 39) same color: 36
vertex(57, 39) and vertex(57, 53) same color: 52
vertex(27, 45) and vertex(29, 41) same color: 29
vertex(46, 18) and vertex(58, 18) same color: 51
vertex(34, 28) and vertex(34, 32) same color: 29
vertex(5, 49) and vertex(5, 62) same color: 4
vertex(13, 6) and vertex(31, 6) same color: 18
vertex(46, 39) and vertex(46, 60) same color: 29
vertex(7, 9) and vertex(8, 9) same color: 33
vertex(30, 57) and vertex(30, 62) same color: 12
vertex(37, 48) and vertex(43, 48) same color: 2
vertex(3, 18) and vertex(3, 47) same color: 33
vertex(30, 37) and vertex(55, 37) same color: 30
vertex(1, 32) and vertex(1, 49) same color: 46
vertex(2, 45) and vertex(60, 45) same color: 61
----------------------------------------------------------------------
current col clash: 24
current row clash: 30
current squ clash: 26
======================================================================
current best clash: 58
vertex(7, 17) and vertex(64, 17) same color: 19
vertex(56, 33) and vertex(56, 34) same color: 34
vertex(38, 52) and vertex(49, 52) same color: 25
vertex(34, 55) and vertex(47, 55) same color: 52
vertex(37, 48) and vertex(37, 63) same color: 44
vertex(27, 45) and vertex(29, 41) same color: 29
vertex(24, 33) and vertex(24, 34) same color: 38
vertex(44, 44) and vertex(44, 47) same color: 61
vertex(21, 16) and vertex(23, 16) same color: 32
vertex(28, 33) and vertex(51, 33) same color: 33
vertex(12, 35) and vertex(19, 35) same color: 34
vertex(23, 1) and vertex(51, 1) same color: 25
vertex(59, 18) and vertex(64, 19) same color: 52
vertex(1, 23) and vertex(19, 23) same color: 63
vertex(13, 6) and vertex(31, 6) same color: 18
vertex(18, 22) and vertex(19, 23) same color: 63
vertex(27, 34) and vertex(27, 39) same color: 36
vertex(3, 18) and vertex(3, 47) same color: 33
vertex(34, 28) and vertex(34, 32) same color: 29
vertex(54, 26) and vertex(54, 29) same color: 27
vertex(53, 43) and vertex(55, 43) same color: 4
vertex(45, 27) and vertex(45, 40) same color: 38
vertex(23, 35) and vertex(32, 35) same color: 10
vertex(42, 17) and vertex(44, 17) same color: 29
vertex(25, 26) and vertex(25, 27) same color: 12
vertex(18, 5) and vertex(59, 5) same color: 57
vertex(28, 34) and vertex(28, 59) same color: 13
vertex(9, 31) and vertex(34, 31) same color: 5
vertex(58, 29) and vertex(58, 31) same color: 2
vertex(45, 27) and vertex(48, 27) same color: 38
vertex(53, 17) and vertex(53, 43) same color: 4
vertex(2, 37) and vertex(5, 37) same color: 60
vertex(1, 32) and vertex(62, 32) same color: 12
vertex(30, 57) and vertex(30, 62) same color: 12
vertex(4, 2) and vertex(17, 2) same color: 51
vertex(36, 20) and vertex(36, 39) same color: 14
vertex(12, 40) and vertex(64, 40) same color: 36
vertex(1, 27) and vertex(6, 27) same color: 4
vertex(33, 41) and vertex(37, 48) same color: 44
vertex(21, 60) and vertex(42, 60) same color: 12
vertex(18, 45) and vertex(45, 45) same color: 58
vertex(7, 9) and vertex(8, 9) same color: 33
vertex(1, 32) and vertex(1, 40) same color: 12
vertex(13, 33) and vertex(13, 39) same color: 48
vertex(46, 39) and vertex(46, 60) same color: 29
vertex(2, 18) and vertex(7, 17) same color: 19
vertex(14, 48) and vertex(16, 48) same color: 32
vertex(45, 53) and vertex(48, 53) same color: 29
vertex(54, 8) and vertex(60, 8) same color: 39
vertex(4, 42) and vertex(15, 42) same color: 44
vertex(30, 37) and vertex(55, 37) same color: 30
vertex(5, 49) and vertex(5, 62) same color: 4
vertex(18, 6) and vertex(25, 6) same color: 9
vertex(16, 14) and vertex(16, 48) same color: 32
vertex(17, 3) and vertex(49, 3) same color: 13
vertex(57, 39) and vertex(57, 53) same color: 52
vertex(18, 31) and vertex(19, 31) same color: 18
vertex(23, 30) and vertex(48, 30) same color: 54
----------------------------------------------------------------------
current col clash: 21
current row clash: 32
current squ clash: 25
======================================================================
current best clash: 58
vertex(12, 35) and vertex(19, 35) same color: 34
vertex(44, 44) and vertex(44, 47) same color: 61
vertex(42, 17) and vertex(44, 17) same color: 29
vertex(1, 27) and vertex(6, 27) same color: 4
vertex(34, 55) and vertex(47, 55) same color: 52
vertex(38, 52) and vertex(49, 52) same color: 25
vertex(36, 20) and vertex(36, 39) same color: 14
vertex(34, 31) and vertex(36, 31) same color: 22
vertex(5, 49) and vertex(5, 62) same color: 4
vertex(56, 33) and vertex(56, 34) same color: 34
vertex(28, 33) and vertex(51, 33) same color: 33
vertex(45, 27) and vertex(45, 40) same color: 38
vertex(6, 17) and vertex(6, 42) same color: 13
vertex(18, 5) and vertex(24, 1) same color: 18
vertex(46, 60) and vertex(50, 60) same color: 29
vertex(54, 8) and vertex(60, 8) same color: 39
vertex(23, 1) and vertex(51, 1) same color: 25
vertex(1, 32) and vertex(4, 32) same color: 46
vertex(23, 35) and vertex(32, 35) same color: 10
vertex(1, 32) and vertex(1, 49) same color: 46
vertex(24, 33) and vertex(24, 34) same color: 38
vertex(30, 37) and vertex(55, 37) same color: 30
vertex(13, 6) and vertex(31, 6) same color: 18
vertex(17, 3) and vertex(49, 3) same color: 13
vertex(7, 9) and vertex(8, 9) same color: 33
vertex(2, 37) and vertex(5, 37) same color: 60
vertex(18, 45) and vertex(45, 45) same color: 58
vertex(46, 39) and vertex(46, 60) same color: 29
vertex(15, 38) and vertex(15, 42) same color: 11
vertex(37, 48) and vertex(43, 48) same color: 2
vertex(54, 26) and vertex(54, 29) same color: 27
vertex(25, 6) and vertex(29, 7) same color: 13
vertex(25, 26) and vertex(25, 27) same color: 12
vertex(3, 18) and vertex(3, 47) same color: 33
vertex(18, 4) and vertex(18, 31) same color: 54
vertex(19, 23) and vertex(19, 25) same color: 12
vertex(13, 33) and vertex(13, 39) same color: 48
vertex(53, 43) and vertex(54, 43) same color: 8
vertex(53, 3) and vertex(53, 43) same color: 8
vertex(37, 45) and vertex(37, 48) same color: 2
vertex(57, 39) and vertex(57, 53) same color: 52
vertex(7, 17) and vertex(7, 31) same color: 16
vertex(34, 22) and vertex(34, 31) same color: 22
vertex(4, 2) and vertex(17, 2) same color: 51
vertex(28, 34) and vertex(28, 59) same color: 13
vertex(27, 45) and vertex(29, 41) same color: 29
vertex(58, 29) and vertex(58, 31) same color: 2
vertex(30, 57) and vertex(30, 58) same color: 29
vertex(59, 18) and vertex(64, 19) same color: 52
vertex(27, 34) and vertex(27, 39) same color: 36
vertex(12, 40) and vertex(64, 40) same color: 36
vertex(48, 14) and vertex(48, 53) same color: 8
vertex(19, 23) and vertex(24, 23) same color: 12
vertex(45, 27) and vertex(48, 27) same color: 38
vertex(16, 48) and vertex(16, 50) same color: 44
vertex(21, 16) and vertex(23, 16) same color: 32
vertex(23, 16) and vertex(23, 30) same color: 32
vertex(2, 45) and vertex(60, 45) same color: 61
----------------------------------------------------------------------
current col clash: 28
current row clash: 26
current squ clash: 24
======================================================================
current best clash: 58
vertex(12, 35) and vertex(19, 35) same color: 34
vertex(58, 29) and vertex(58, 31) same color: 2
vertex(5, 49) and vertex(5, 62) same color: 4
vertex(38, 52) and vertex(49, 52) same color: 25
vertex(46, 13) and vertex(46, 60) same color: 34
vertex(42, 17) and vertex(44, 17) same color: 29
vertex(3, 18) and vertex(3, 47) same color: 33
vertex(45, 53) and vertex(48, 53) same color: 29
vertex(24, 33) and vertex(24, 34) same color: 38
vertex(4, 2) and vertex(17, 2) same color: 51
vertex(1, 23) and vertex(19, 23) same color: 63
vertex(54, 26) and vertex(54, 29) same color: 27
vertex(18, 6) and vertex(25, 6) same color: 9
vertex(54, 8) and vertex(60, 8) same color: 39
vertex(45, 27) and vertex(48, 27) same color: 38
vertex(4, 42) and vertex(15, 42) same color: 44
vertex(25, 26) and vertex(25, 27) same color: 12
vertex(12, 40) and vertex(64, 40) same color: 36
vertex(45, 27) and vertex(45, 40) same color: 38
vertex(57, 39) and vertex(57, 53) same color: 52
vertex(56, 33) and vertex(56, 34) same color: 34
vertex(30, 37) and vertex(55, 37) same color: 30
vertex(33, 41) and vertex(37, 48) same color: 44
vertex(23, 35) and vertex(23, 55) same color: 30
vertex(18, 31) and vertex(19, 31) same color: 18
vertex(28, 34) and vertex(28, 59) same color: 13
vertex(53, 43) and vertex(55, 43) same color: 4
vertex(7, 9) and vertex(8, 9) same color: 33
vertex(17, 16) and vertex(23, 16) same color: 10
vertex(7, 17) and vertex(7, 31) same color: 16
vertex(53, 17) and vertex(53, 43) same color: 4
vertex(18, 45) and vertex(45, 45) same color: 58
vertex(20, 33) and vertex(23, 35) same color: 30
vertex(27, 45) and vertex(29, 41) same color: 29
vertex(13, 33) and vertex(13, 39) same color: 48
vertex(1, 32) and vertex(62, 32) same color: 12
vertex(34, 28) and vertex(34, 32) same color: 29
vertex(34, 55) and vertex(47, 55) same color: 52
vertex(16, 14) and vertex(16, 48) same color: 32
vertex(18, 5) and vertex(59, 5) same color: 57
vertex(18, 22) and vertex(19, 23) same color: 63
vertex(1, 32) and vertex(1, 40) same color: 12
vertex(41, 60) and vertex(46, 60) same color: 34
vertex(9, 31) and vertex(34, 31) same color: 5
vertex(27, 34) and vertex(27, 39) same color: 36
vertex(36, 20) and vertex(36, 39) same color: 14
vertex(13, 6) and vertex(31, 6) same color: 18
vertex(14, 48) and vertex(16, 48) same color: 32
vertex(28, 33) and vertex(51, 33) same color: 33
vertex(1, 27) and vertex(6, 27) same color: 4
vertex(30, 57) and vertex(30, 58) same color: 29
vertex(17, 3) and vertex(49, 3) same color: 13
vertex(44, 44) and vertex(44, 47) same color: 61
vertex(2, 37) and vertex(5, 37) same color: 60
vertex(23, 1) and vertex(51, 1) same color: 25
vertex(59, 18) and vertex(64, 19) same color: 52
vertex(37, 48) and vertex(37, 63) same color: 44
vertex(6, 17) and vertex(6, 42) same color: 13
----------------------------------------------------------------------
current col clash: 24
current row clash: 29
current squ clash: 26
======================================================================
current best clash: 58
vertex(54, 26) and vertex(54, 29) same color: 27
vertex(1, 27) and vertex(6, 27) same color: 4
vertex(12, 35) and vertex(19, 35) same color: 34
vertex(15, 38) and vertex(15, 42) same color: 11
vertex(42, 17) and vertex(44, 17) same color: 29
vertex(25, 26) and vertex(25, 27) same color: 12
vertex(19, 23) and vertex(24, 23) same color: 12
vertex(37, 45) and vertex(37, 48) same color: 2
vertex(57, 39) and vertex(57, 53) same color: 52
vertex(12, 40) and vertex(64, 40) same color: 36
vertex(13, 6) and vertex(31, 6) same color: 18
vertex(21, 60) and vertex(42, 60) same color: 12
vertex(16, 48) and vertex(16, 50) same color: 44
vertex(54, 8) and vertex(60, 8) same color: 39
vertex(46, 39) and vertex(46, 60) same color: 29
vertex(36, 20) and vertex(36, 39) same color: 14
vertex(2, 45) and vertex(60, 45) same color: 61
vertex(34, 22) and vertex(34, 31) same color: 22
vertex(23, 35) and vertex(23, 39) same color: 18
vertex(18, 5) and vertex(24, 1) same color: 18
vertex(38, 52) and vertex(49, 52) same color: 25
vertex(2, 37) and vertex(5, 37) same color: 60
vertex(23, 1) and vertex(51, 1) same color: 25
vertex(1, 32) and vertex(4, 32) same color: 46
vertex(25, 18) and vertex(58, 18) same color: 54
vertex(5, 49) and vertex(5, 62) same color: 4
vertex(53, 3) and vertex(53, 43) same color: 8
vertex(19, 23) and vertex(19, 25) same color: 12
vertex(56, 33) and vertex(56, 34) same color: 34
vertex(18, 45) and vertex(45, 45) same color: 58
vertex(34, 31) and vertex(36, 31) same color: 22
vertex(44, 44) and vertex(44, 47) same color: 61
vertex(34, 55) and vertex(47, 55) same color: 52
vertex(28, 33) and vertex(51, 33) same color: 33
vertex(58, 29) and vertex(58, 31) same color: 2
vertex(45, 27) and vertex(45, 40) same color: 38
vertex(17, 11) and vertex(17, 16) same color: 38
vertex(59, 34) and vertex(59, 35) same color: 33
vertex(7, 9) and vertex(8, 9) same color: 33
vertex(37, 48) and vertex(43, 48) same color: 2
vertex(17, 3) and vertex(49, 3) same color: 13
vertex(25, 6) and vertex(29, 7) same color: 13
vertex(27, 34) and vertex(27, 39) same color: 36
vertex(7, 17) and vertex(7, 19) same color: 54
vertex(1, 32) and vertex(1, 49) same color: 46
vertex(27, 45) and vertex(29, 41) same color: 29
vertex(24, 33) and vertex(24, 34) same color: 38
vertex(30, 37) and vertex(55, 37) same color: 30
vertex(3, 18) and vertex(3, 47) same color: 33
vertex(18, 4) and vertex(18, 31) same color: 54
vertex(45, 27) and vertex(48, 27) same color: 38
vertex(48, 14) and vertex(48, 53) same color: 8
vertex(13, 33) and vertex(13, 39) same color: 48
vertex(30, 57) and vertex(30, 62) same color: 12
vertex(53, 43) and vertex(54, 43) same color: 8
vertex(28, 34) and vertex(28, 59) same color: 13
vertex(4, 2) and vertex(17, 2) same color: 51
vertex(58, 17) and vertex(59, 18) same color: 18
----------------------------------------------------------------------
current col clash: 29
current row clash: 25
current squ clash: 27
======================================================================
current best clash: 58
vertex(38, 52) and vertex(49, 52) same color: 25
vertex(19, 23) and vertex(24, 23) same color: 12
vertex(5, 49) and vertex(5, 62) same color: 4
vertex(34, 55) and vertex(47, 55) same color: 52
vertex(24, 33) and vertex(24, 34) same color: 38
vertex(36, 20) and vertex(36, 39) same color: 14
vertex(44, 44) and vertex(44, 47) same color: 61
vertex(56, 33) and vertex(56, 34) same color: 34
vertex(2, 37) and vertex(5, 37) same color: 60
vertex(18, 5) and vertex(24, 1) same color: 18
vertex(28, 33) and vertex(51, 33) same color: 33
vertex(58, 29) and vertex(58, 31) same color: 2
vertex(54, 26) and vertex(54, 29) same color: 27
vertex(12, 35) and vertex(19, 35) same color: 34
vertex(45, 27) and vertex(45, 40) same color: 38
vertex(43, 12) and vertex(43, 39) same color: 29
vertex(13, 6) and vertex(31, 6) same color: 18
vertex(3, 18) and vertex(3, 47) same color: 33
vertex(17, 3) and vertex(49, 3) same color: 13
vertex(4, 2) and vertex(17, 2) same color: 51
vertex(57, 39) and vertex(57, 53) same color: 52
vertex(37, 45) and vertex(37, 48) same color: 2
vertex(30, 37) and vertex(55, 37) same color: 30
vertex(7, 17) and vertex(7, 41) same color: 58
vertex(34, 31) and vertex(36, 31) same color: 22
vertex(37, 48) and vertex(43, 48) same color: 2
vertex(23, 1) and vertex(51, 1) same color: 25
vertex(18, 45) and vertex(45, 45) same color: 58
vertex(1, 32) and vertex(4, 32) same color: 46
vertex(17, 11) and vertex(17, 16) same color: 38
vertex(59, 34) and vertex(59, 35) same color: 33
vertex(15, 38) and vertex(15, 42) same color: 11
vertex(27, 34) and vertex(27, 39) same color: 36
vertex(42, 17) and vertex(44, 17) same color: 29
vertex(48, 14) and vertex(48, 53) same color: 8
vertex(53, 3) and vertex(53, 43) same color: 8
vertex(34, 22) and vertex(34, 31) same color: 22
vertex(1, 32) and vertex(1, 49) same color: 46
vertex(27, 45) and vertex(29, 41) same color: 29
vertex(21, 60) and vertex(42, 60) same color: 12
vertex(25, 6) and vertex(29, 7) same color: 13
vertex(23, 35) and vertex(23, 39) same color: 18
vertex(13, 33) and vertex(13, 39) same color: 48
vertex(28, 34) and vertex(28, 59) same color: 13
vertex(45, 27) and vertex(48, 27) same color: 38
vertex(19, 23) and vertex(19, 25) same color: 12
vertex(4, 17) and vertex(7, 17) same color: 58
vertex(16, 48) and vertex(16, 50) same color: 44
vertex(25, 26) and vertex(25, 27) same color: 12
vertex(30, 57) and vertex(30, 62) same color: 12
vertex(12, 40) and vertex(64, 40) same color: 36
vertex(53, 43) and vertex(54, 43) same color: 8
vertex(7, 9) and vertex(8, 9) same color: 33
vertex(54, 8) and vertex(60, 8) same color: 39
vertex(1, 27) and vertex(6, 27) same color: 4
vertex(18, 4) and vertex(18, 31) same color: 54
vertex(2, 45) and vertex(60, 45) same color: 61
vertex(46, 18) and vertex(46, 41) same color: 52
----------------------------------------------------------------------
current col clash: 30
current row clash: 25
current squ clash: 26
======================================================================
current best clash: 58
vertex(12, 35) and vertex(19, 35) same color: 34
vertex(9, 31) and vertex(34, 31) same color: 5
vertex(42, 17) and vertex(44, 17) same color: 29
vertex(18, 31) and vertex(19, 31) same color: 18
vertex(54, 26) and vertex(54, 29) same color: 27
vertex(18, 22) and vertex(19, 23) same color: 63
vertex(36, 20) and vertex(36, 39) same color: 14
vertex(34, 28) and vertex(34, 32) same color: 29
vertex(38, 52) and vertex(49, 52) same color: 25
vertex(44, 44) and vertex(44, 47) same color: 61
vertex(34, 55) and vertex(47, 55) same color: 52
vertex(4, 42) and vertex(15, 42) same color: 44
vertex(5, 49) and vertex(5, 62) same color: 4
vertex(58, 29) and vertex(58, 31) same color: 2
vertex(14, 48) and vertex(16, 48) same color: 32
vertex(56, 33) and vertex(56, 34) same color: 34
vertex(23, 13) and vertex(23, 16) same color: 58
vertex(30, 57) and vertex(30, 62) same color: 12
vertex(13, 6) and vertex(31, 6) same color: 18
vertex(53, 43) and vertex(55, 43) same color: 4
vertex(46, 39) and vertex(46, 60) same color: 29
vertex(18, 5) and vertex(59, 5) same color: 57
vertex(1, 27) and vertex(6, 27) same color: 4
vertex(1, 32) and vertex(33, 32) same color: 32
vertex(12, 40) and vertex(64, 40) same color: 36
vertex(28, 34) and vertex(28, 59) same color: 13
vertex(23, 35) and vertex(32, 35) same color: 10
vertex(18, 6) and vertex(25, 6) same color: 9
vertex(23, 1) and vertex(51, 1) same color: 25
vertex(1, 23) and vertex(19, 23) same color: 63
vertex(4, 2) and vertex(17, 2) same color: 51
vertex(7, 17) and vertex(7, 31) same color: 16
vertex(3, 18) and vertex(3, 47) same color: 33
vertex(53, 17) and vertex(53, 43) same color: 4
vertex(1, 31) and vertex(1, 32) same color: 32
vertex(57, 39) and vertex(57, 53) same color: 52
vertex(16, 14) and vertex(16, 48) same color: 32
vertex(24, 33) and vertex(24, 34) same color: 38
vertex(59, 18) and vertex(64, 19) same color: 52
vertex(28, 33) and vertex(51, 33) same color: 33
vertex(21, 60) and vertex(42, 60) same color: 12
vertex(27, 34) and vertex(27, 39) same color: 36
vertex(18, 45) and vertex(45, 45) same color: 58
vertex(13, 33) and vertex(13, 39) same color: 48
vertex(17, 3) and vertex(49, 3) same color: 13
vertex(33, 41) and vertex(37, 48) same color: 44
vertex(30, 37) and vertex(55, 37) same color: 30
vertex(27, 45) and vertex(29, 41) same color: 29
vertex(45, 27) and vertex(45, 40) same color: 38
vertex(6, 17) and vertex(6, 42) same color: 13
vertex(25, 26) and vertex(25, 27) same color: 12
vertex(54, 8) and vertex(60, 8) same color: 39
vertex(2, 37) and vertex(5, 37) same color: 60
vertex(7, 9) and vertex(8, 9) same color: 33
vertex(45, 27) and vertex(48, 27) same color: 38
vertex(45, 53) and vertex(48, 53) same color: 29
vertex(37, 48) and vertex(37, 63) same color: 44
vertex(23, 16) and vertex(41, 16) same color: 58
----------------------------------------------------------------------
current col clash: 24
current row clash: 30
current squ clash: 25
======================================================================
current best clash: 58
vertex(34, 55) and vertex(47, 55) same color: 52
vertex(2, 37) and vertex(5, 37) same color: 60
vertex(38, 52) and vertex(49, 52) same color: 25
vertex(59, 18) and vertex(64, 19) same color: 52
vertex(28, 33) and vertex(51, 33) same color: 33
vertex(27, 45) and vertex(29, 41) same color: 29
vertex(12, 35) and vertex(19, 35) same color: 34
vertex(45, 27) and vertex(48, 27) same color: 38
vertex(13, 33) and vertex(13, 39) same color: 48
vertex(18, 45) and vertex(45, 45) same color: 58
vertex(18, 5) and vertex(59, 5) same color: 57
vertex(45, 53) and vertex(48, 53) same color: 29
vertex(28, 34) and vertex(28, 59) same color: 13
vertex(18, 22) and vertex(19, 23) same color: 63
vertex(4, 42) and vertex(15, 42) same color: 44
vertex(16, 14) and vertex(16, 48) same color: 32
vertex(4, 2) and vertex(17, 2) same color: 51
vertex(53, 43) and vertex(55, 43) same color: 4
vertex(30, 37) and vertex(55, 37) same color: 30
vertex(45, 27) and vertex(45, 40) same color: 38
vertex(23, 35) and vertex(32, 35) same color: 10
vertex(25, 26) and vertex(25, 27) same color: 12
vertex(7, 9) and vertex(8, 9) same color: 33
vertex(7, 17) and vertex(7, 45) same color: 18
vertex(44, 44) and vertex(44, 47) same color: 61
vertex(17, 3) and vertex(49, 3) same color: 13
vertex(53, 17) and vertex(53, 43) same color: 4
vertex(46, 39) and vertex(46, 60) same color: 29
vertex(3, 18) and vertex(3, 47) same color: 33
vertex(33, 41) and vertex(37, 48) same color: 44
vertex(2, 21) and vertex(7, 17) same color: 18
vertex(23, 13) and vertex(23, 16) same color: 58
vertex(54, 8) and vertex(60, 8) same color: 39
vertex(56, 33) and vertex(56, 34) same color: 34
vertex(21, 60) and vertex(42, 60) same color: 12
vertex(34, 28) and vertex(34, 32) same color: 29
vertex(24, 33) and vertex(24, 34) same color: 38
vertex(23, 1) and vertex(51, 1) same color: 25
vertex(14, 48) and vertex(16, 48) same color: 32
vertex(1, 23) and vertex(19, 23) same color: 63
vertex(42, 17) and vertex(44, 17) same color: 29
vertex(1, 32) and vertex(1, 38) same color: 27
vertex(18, 31) and vertex(19, 31) same color: 18
vertex(58, 29) and vertex(58, 31) same color: 2
vertex(54, 26) and vertex(54, 29) same color: 27
vertex(13, 6) and vertex(31, 6) same color: 18
vertex(27, 34) and vertex(27, 39) same color: 36
vertex(36, 20) and vertex(36, 39) same color: 14
vertex(12, 40) and vertex(64, 40) same color: 36
vertex(18, 6) and vertex(25, 6) same color: 9
vertex(1, 32) and vertex(6, 32) same color: 27
vertex(23, 16) and vertex(41, 16) same color: 58
vertex(9, 31) and vertex(34, 31) same color: 5
vertex(1, 27) and vertex(6, 27) same color: 4
vertex(30, 57) and vertex(30, 62) same color: 12
vertex(57, 39) and vertex(57, 53) same color: 52
vertex(5, 49) and vertex(5, 62) same color: 4
vertex(37, 48) and vertex(37, 63) same color: 44
----------------------------------------------------------------------
current col clash: 23
current row clash: 30
current squ clash: 26
======================================================================
current best clash: 58
vertex(44, 44) and vertex(44, 47) same color: 61
vertex(25, 26) and vertex(25, 27) same color: 12
vertex(5, 49) and vertex(5, 62) same color: 4
vertex(1, 31) and vertex(1, 32) same color: 32
vertex(54, 8) and vertex(60, 8) same color: 39
vertex(53, 3) and vertex(53, 43) same color: 8
vertex(34, 31) and vertex(36, 31) same color: 22
vertex(28, 33) and vertex(51, 33) same color: 33
vertex(34, 22) and vertex(34, 31) same color: 22
vertex(2, 21) and vertex(7, 17) same color: 18
vertex(2, 45) and vertex(60, 45) same color: 61
vertex(37, 42) and vertex(37, 48) same color: 32
vertex(54, 26) and vertex(54, 29) same color: 27
vertex(30, 37) and vertex(55, 37) same color: 30
vertex(1, 27) and vertex(6, 27) same color: 4
vertex(7, 17) and vertex(7, 45) same color: 18
vertex(23, 35) and vertex(32, 35) same color: 10
vertex(30, 57) and vertex(30, 62) same color: 12
vertex(58, 29) and vertex(58, 31) same color: 2
vertex(13, 33) and vertex(13, 39) same color: 48
vertex(3, 18) and vertex(3, 47) same color: 33
vertex(15, 38) and vertex(15, 42) same color: 11
vertex(53, 43) and vertex(54, 43) same color: 8
vertex(59, 18) and vertex(64, 19) same color: 52
vertex(18, 45) and vertex(45, 45) same color: 58
vertex(45, 27) and vertex(45, 40) same color: 38
vertex(34, 55) and vertex(47, 55) same color: 52
vertex(25, 6) and vertex(29, 7) same color: 13
vertex(57, 39) and vertex(57, 53) same color: 52
vertex(23, 1) and vertex(51, 1) same color: 25
vertex(27, 45) and vertex(29, 41) same color: 29
vertex(18, 5) and vertex(24, 1) same color: 18
vertex(12, 40) and vertex(64, 40) same color: 36
vertex(13, 6) and vertex(31, 6) same color: 18
vertex(56, 33) and vertex(56, 34) same color: 34
vertex(45, 27) and vertex(48, 27) same color: 38
vertex(23, 16) and vertex(23, 30) same color: 32
vertex(12, 35) and vertex(19, 35) same color: 34
vertex(1, 32) and vertex(33, 32) same color: 32
vertex(27, 34) and vertex(27, 39) same color: 36
vertex(19, 23) and vertex(24, 23) same color: 12
vertex(4, 2) and vertex(17, 2) same color: 51
vertex(16, 48) and vertex(16, 50) same color: 44
vertex(42, 17) and vertex(44, 17) same color: 29
vertex(7, 9) and vertex(8, 9) same color: 33
vertex(2, 37) and vertex(5, 37) same color: 60
vertex(24, 33) and vertex(24, 34) same color: 38
vertex(18, 4) and vertex(18, 31) same color: 54
vertex(17, 3) and vertex(49, 3) same color: 13
vertex(19, 23) and vertex(19, 25) same color: 12
vertex(48, 14) and vertex(48, 53) same color: 8
vertex(38, 52) and vertex(49, 52) same color: 25
vertex(28, 34) and vertex(28, 59) same color: 13
vertex(14, 48) and vertex(37, 48) same color: 32
vertex(36, 20) and vertex(36, 39) same color: 14
vertex(21, 16) and vertex(23, 16) same color: 32
vertex(46, 39) and vertex(46, 60) same color: 29
vertex(21, 60) and vertex(42, 60) same color: 12
----------------------------------------------------------------------
current col clash: 27
current row clash: 26
current squ clash: 25
======================================================================
current best clash: 58
vertex(12, 40) and vertex(64, 40) same color: 36
vertex(57, 39) and vertex(57, 53) same color: 52
vertex(28, 33) and vertex(51, 33) same color: 33
vertex(12, 35) and vertex(19, 35) same color: 34
vertex(56, 33) and vertex(56, 34) same color: 34
vertex(45, 27) and vertex(45, 40) same color: 38
vertex(4, 42) and vertex(15, 42) same color: 44
vertex(46, 39) and vertex(46, 60) same color: 29
vertex(27, 34) and vertex(27, 39) same color: 36
vertex(25, 26) and vertex(25, 27) same color: 12
vertex(13, 33) and vertex(13, 39) same color: 48
vertex(24, 33) and vertex(24, 34) same color: 38
vertex(44, 44) and vertex(44, 47) same color: 61
vertex(14, 48) and vertex(16, 48) same color: 32
vertex(45, 27) and vertex(48, 27) same color: 38
vertex(58, 29) and vertex(58, 31) same color: 2
vertex(6, 17) and vertex(6, 42) same color: 13
vertex(54, 8) and vertex(60, 8) same color: 39
vertex(3, 18) and vertex(3, 47) same color: 33
vertex(21, 16) and vertex(23, 16) same color: 32
vertex(1, 27) and vertex(6, 27) same color: 4
vertex(23, 1) and vertex(51, 1) same color: 25
vertex(30, 57) and vertex(30, 62) same color: 12
vertex(34, 28) and vertex(34, 32) same color: 29
vertex(16, 14) and vertex(16, 48) same color: 32
vertex(59, 18) and vertex(64, 19) same color: 52
vertex(42, 17) and vertex(44, 17) same color: 29
vertex(17, 3) and vertex(49, 3) same color: 13
vertex(5, 49) and vertex(5, 62) same color: 4
vertex(53, 43) and vertex(55, 43) same color: 4
vertex(45, 53) and vertex(48, 53) same color: 29
vertex(1, 31) and vertex(1, 32) same color: 32
vertex(53, 17) and vertex(53, 43) same color: 4
vertex(7, 9) and vertex(8, 9) same color: 33
vertex(38, 52) and vertex(49, 52) same color: 25
vertex(2, 37) and vertex(5, 37) same color: 60
vertex(34, 55) and vertex(47, 55) same color: 52
vertex(18, 5) and vertex(59, 5) same color: 57
vertex(27, 45) and vertex(29, 41) same color: 29
vertex(18, 31) and vertex(19, 31) same color: 18
vertex(13, 6) and vertex(31, 6) same color: 18
vertex(30, 37) and vertex(55, 37) same color: 30
vertex(33, 41) and vertex(37, 48) same color: 44
vertex(18, 22) and vertex(19, 23) same color: 63
vertex(1, 23) and vertex(19, 23) same color: 63
vertex(7, 17) and vertex(7, 31) same color: 16
vertex(37, 48) and vertex(37, 63) same color: 44
vertex(21, 60) and vertex(42, 60) same color: 12
vertex(36, 20) and vertex(36, 39) same color: 14
vertex(28, 34) and vertex(28, 59) same color: 13
vertex(9, 31) and vertex(34, 31) same color: 5
vertex(23, 35) and vertex(32, 35) same color: 10
vertex(54, 26) and vertex(54, 29) same color: 27
vertex(4, 2) and vertex(17, 2) same color: 51
vertex(1, 32) and vertex(33, 32) same color: 32
vertex(18, 45) and vertex(45, 45) same color: 58
vertex(18, 6) and vertex(25, 6) same color: 9
vertex(23, 30) and vertex(48, 30) same color: 54
----------------------------------------------------------------------
current col clash: 23
current row clash: 31
current squ clash: 25
======================================================================
current best clash: 58
vertex(12, 35) and vertex(19, 35) same color: 34
vertex(25, 26) and vertex(25, 27) same color: 12
vertex(58, 29) and vertex(58, 31) same color: 2
vertex(27, 45) and vertex(29, 41) same color: 29
vertex(46, 39) and vertex(46, 60) same color: 29
vertex(13, 6) and vertex(31, 6) same color: 18
vertex(13, 33) and vertex(13, 39) same color: 48
vertex(18, 31) and vertex(19, 31) same color: 18
vertex(1, 23) and vertex(19, 23) same color: 63
vertex(53, 43) and vertex(55, 43) same color: 4
vertex(18, 5) and vertex(59, 5) same color: 57
vertex(12, 40) and vertex(64, 40) same color: 36
vertex(14, 48) and vertex(16, 48) same color: 32
vertex(45, 27) and vertex(48, 27) same color: 38
vertex(56, 33) and vertex(56, 34) same color: 34
vertex(1, 27) and vertex(6, 27) same color: 4
vertex(23, 1) and vertex(51, 1) same color: 25
vertex(20, 33) and vertex(23, 35) same color: 30
vertex(9, 31) and vertex(34, 31) same color: 5
vertex(27, 34) and vertex(27, 39) same color: 36
vertex(45, 53) and vertex(48, 53) same color: 29
vertex(42, 17) and vertex(44, 17) same color: 29
vertex(3, 18) and vertex(3, 47) same color: 33
vertex(4, 42) and vertex(15, 42) same color: 44
vertex(18, 45) and vertex(45, 45) same color: 58
vertex(24, 33) and vertex(24, 34) same color: 38
vertex(54, 8) and vertex(60, 8) same color: 39
vertex(18, 6) and vertex(25, 6) same color: 9
vertex(37, 48) and vertex(37, 63) same color: 44
vertex(28, 33) and vertex(51, 33) same color: 33
vertex(44, 44) and vertex(44, 47) same color: 61
vertex(54, 26) and vertex(54, 29) same color: 27
vertex(2, 37) and vertex(5, 37) same color: 60
vertex(57, 39) and vertex(57, 53) same color: 52
vertex(1, 32) and vertex(33, 32) same color: 32
vertex(38, 52) and vertex(49, 52) same color: 25
vertex(1, 31) and vertex(1, 32) same color: 32
vertex(45, 27) and vertex(45, 40) same color: 38
vertex(7, 9) and vertex(8, 9) same color: 33
vertex(18, 22) and vertex(19, 23) same color: 63
vertex(4, 2) and vertex(17, 2) same color: 51
vertex(36, 20) and vertex(36, 39) same color: 14
vertex(17, 3) and vertex(49, 3) same color: 13
vertex(34, 28) and vertex(34, 32) same color: 29
vertex(58, 17) and vertex(58, 18) same color: 18
vertex(33, 41) and vertex(37, 48) same color: 44
vertex(30, 57) and vertex(30, 62) same color: 12
vertex(34, 55) and vertex(47, 55) same color: 52
vertex(21, 60) and vertex(42, 60) same color: 12
vertex(5, 49) and vertex(5, 62) same color: 4
vertex(17, 16) and vertex(23, 16) same color: 10
vertex(30, 37) and vertex(55, 37) same color: 30
vertex(16, 14) and vertex(16, 48) same color: 32
vertex(7, 17) and vertex(7, 19) same color: 54
vertex(53, 17) and vertex(53, 43) same color: 4
vertex(28, 34) and vertex(28, 59) same color: 13
vertex(59, 18) and vertex(64, 19) same color: 52
vertex(23, 35) and vertex(23, 55) same color: 30
----------------------------------------------------------------------
current col clash: 24
current row clash: 29
current squ clash: 28
======================================================================
current best clash: 58
vertex(30, 57) and vertex(30, 62) same color: 12
vertex(56, 33) and vertex(56, 34) same color: 34
vertex(12, 35) and vertex(19, 35) same color: 34
vertex(42, 17) and vertex(44, 17) same color: 29
vertex(45, 27) and vertex(48, 27) same color: 38
vertex(44, 44) and vertex(44, 47) same color: 61
vertex(28, 33) and vertex(51, 33) same color: 33
vertex(5, 49) and vertex(5, 62) same color: 4
vertex(45, 27) and vertex(45, 40) same color: 38
vertex(1, 27) and vertex(6, 27) same color: 4
vertex(2, 37) and vertex(5, 37) same color: 60
vertex(34, 55) and vertex(47, 55) same color: 52
vertex(34, 28) and vertex(34, 32) same color: 29
vertex(16, 14) and vertex(16, 48) same color: 32
vertex(17, 3) and vertex(49, 3) same color: 13
vertex(14, 48) and vertex(16, 48) same color: 32
vertex(23, 1) and vertex(51, 1) same color: 25
vertex(9, 31) and vertex(34, 31) same color: 5
vertex(38, 52) and vertex(49, 52) same color: 25
vertex(33, 41) and vertex(37, 48) same color: 44
vertex(54, 26) and vertex(54, 29) same color: 27
vertex(6, 17) and vertex(6, 42) same color: 13
vertex(12, 40) and vertex(64, 40) same color: 36
vertex(18, 5) and vertex(59, 5) same color: 57
vertex(28, 34) and vertex(28, 59) same color: 13
vertex(18, 6) and vertex(25, 6) same color: 9
vertex(57, 39) and vertex(57, 53) same color: 52
vertex(18, 45) and vertex(45, 45) same color: 58
vertex(4, 2) and vertex(17, 2) same color: 51
vertex(30, 37) and vertex(55, 37) same color: 30
vertex(13, 33) and vertex(13, 39) same color: 48
vertex(45, 53) and vertex(48, 53) same color: 29
vertex(23, 35) and vertex(32, 35) same color: 10
vertex(37, 48) and vertex(37, 63) same color: 44
vertex(21, 60) and vertex(42, 60) same color: 12
vertex(27, 45) and vertex(29, 41) same color: 29
vertex(58, 29) and vertex(58, 31) same color: 2
vertex(1, 32) and vertex(1, 38) same color: 27
vertex(53, 17) and vertex(53, 43) same color: 4
vertex(46, 39) and vertex(46, 60) same color: 29
vertex(18, 22) and vertex(19, 23) same color: 63
vertex(13, 6) and vertex(31, 6) same color: 18
vertex(1, 23) and vertex(19, 23) same color: 63
vertex(54, 8) and vertex(60, 8) same color: 39
vertex(4, 42) and vertex(15, 42) same color: 44
vertex(23, 13) and vertex(23, 16) same color: 58
vertex(36, 20) and vertex(36, 39) same color: 14
vertex(25, 26) and vertex(25, 27) same color: 12
vertex(24, 33) and vertex(24, 34) same color: 38
vertex(18, 31) and vertex(19, 31) same color: 18
vertex(3, 18) and vertex(3, 47) same color: 33
vertex(53, 43) and vertex(55, 43) same color: 4
vertex(7, 9) and vertex(8, 9) same color: 33
vertex(1, 32) and vertex(6, 32) same color: 27
vertex(27, 34) and vertex(27, 39) same color: 36
vertex(59, 18) and vertex(64, 19) same color: 52
vertex(7, 17) and vertex(7, 31) same color: 16
vertex(23, 16) and vertex(41, 16) same color: 58
----------------------------------------------------------------------
current col clash: 24
current row clash: 30
current squ clash: 25
======================================================================
current best clash: 58
vertex(59, 34) and vertex(59, 35) same color: 33
vertex(2, 37) and vertex(5, 37) same color: 60
vertex(24, 33) and vertex(24, 34) same color: 38
vertex(19, 23) and vertex(24, 23) same color: 12
vertex(45, 27) and vertex(48, 27) same color: 38
vertex(12, 35) and vertex(19, 35) same color: 34
vertex(1, 32) and vertex(1, 49) same color: 46
vertex(34, 31) and vertex(36, 31) same color: 22
vertex(57, 39) and vertex(57, 53) same color: 52
vertex(58, 29) and vertex(58, 31) same color: 2
vertex(25, 6) and vertex(29, 7) same color: 13
vertex(17, 11) and vertex(17, 16) same color: 38
vertex(36, 20) and vertex(36, 39) same color: 14
vertex(28, 33) and vertex(51, 33) same color: 33
vertex(56, 33) and vertex(56, 34) same color: 34
vertex(45, 27) and vertex(45, 40) same color: 38
vertex(54, 26) and vertex(54, 29) same color: 27
vertex(13, 6) and vertex(31, 6) same color: 18
vertex(1, 27) and vertex(6, 27) same color: 4
vertex(46, 18) and vertex(46, 41) same color: 52
vertex(23, 35) and vertex(23, 39) same color: 18
vertex(18, 45) and vertex(45, 45) same color: 58
vertex(46, 60) and vertex(46, 64) same color: 54
vertex(15, 38) and vertex(15, 42) same color: 11
vertex(37, 42) and vertex(37, 48) same color: 32
vertex(34, 22) and vertex(34, 31) same color: 22
vertex(28, 34) and vertex(28, 59) same color: 13
vertex(11, 60) and vertex(46, 60) same color: 54
vertex(38, 52) and vertex(49, 52) same color: 25
vertex(18, 4) and vertex(18, 31) same color: 54
vertex(16, 48) and vertex(16, 50) same color: 44
vertex(30, 57) and vertex(30, 58) same color: 29
vertex(23, 1) and vertex(51, 1) same color: 25
vertex(3, 18) and vertex(3, 47) same color: 33
vertex(54, 8) and vertex(60, 8) same color: 39
vertex(12, 40) and vertex(64, 40) same color: 36
vertex(4, 2) and vertex(17, 2) same color: 51
vertex(25, 26) and vertex(25, 27) same color: 12
vertex(14, 48) and vertex(37, 48) same color: 32
vertex(7, 9) and vertex(8, 9) same color: 33
vertex(19, 23) and vertex(19, 25) same color: 12
vertex(18, 5) and vertex(24, 1) same color: 18
vertex(48, 14) and vertex(48, 53) same color: 8
vertex(27, 34) and vertex(27, 39) same color: 36
vertex(42, 17) and vertex(44, 17) same color: 29
vertex(34, 55) and vertex(47, 55) same color: 52
vertex(53, 3) and vertex(53, 43) same color: 8
vertex(1, 32) and vertex(4, 32) same color: 46
vertex(30, 37) and vertex(55, 37) same color: 30
vertex(44, 44) and vertex(44, 47) same color: 61
vertex(53, 43) and vertex(54, 43) same color: 8
vertex(17, 3) and vertex(49, 3) same color: 13
vertex(13, 33) and vertex(13, 39) same color: 48
vertex(27, 45) and vertex(29, 41) same color: 29
vertex(6, 17) and vertex(6, 42) same color: 13
vertex(5, 49) and vertex(5, 62) same color: 4
vertex(7, 17) and vertex(7, 31) same color: 16
vertex(2, 45) and vertex(60, 45) same color: 61
----------------------------------------------------------------------
current col clash: 31
current row clash: 24
current squ clash: 26
======================================================================
current best clash: 58
vertex(54, 26) and vertex(54, 29) same color: 27
vertex(44, 44) and vertex(44, 47) same color: 61
vertex(3, 18) and vertex(3, 47) same color: 33
vertex(2, 37) and vertex(5, 37) same color: 60
vertex(5, 49) and vertex(5, 62) same color: 4
vertex(4, 42) and vertex(15, 42) same color: 44
vertex(1, 27) and vertex(6, 27) same color: 4
vertex(24, 33) and vertex(24, 34) same color: 38
vertex(12, 35) and vertex(19, 35) same color: 34
vertex(16, 14) and vertex(16, 48) same color: 32
vertex(30, 37) and vertex(55, 37) same color: 30
vertex(48, 14) and vertex(48, 53) same color: 8
vertex(19, 23) and vertex(24, 23) same color: 12
vertex(28, 34) and vertex(28, 59) same color: 13
vertex(58, 29) and vertex(58, 31) same color: 2
vertex(21, 16) and vertex(23, 16) same color: 32
vertex(14, 48) and vertex(16, 48) same color: 32
vertex(53, 43) and vertex(54, 43) same color: 8
vertex(18, 45) and vertex(45, 45) same color: 58
vertex(18, 5) and vertex(59, 5) same color: 57
vertex(36, 20) and vertex(36, 39) same color: 14
vertex(13, 6) and vertex(31, 6) same color: 18
vertex(7, 9) and vertex(8, 9) same color: 33
vertex(13, 33) and vertex(13, 39) same color: 48
vertex(12, 40) and vertex(64, 40) same color: 36
vertex(30, 57) and vertex(30, 62) same color: 12
vertex(45, 27) and vertex(45, 40) same color: 38
vertex(54, 8) and vertex(60, 8) same color: 39
vertex(25, 6) and vertex(29, 7) same color: 13
vertex(34, 31) and vertex(36, 31) same color: 22
vertex(42, 17) and vertex(44, 17) same color: 29
vertex(46, 39) and vertex(46, 60) same color: 29
vertex(57, 39) and vertex(57, 53) same color: 52
vertex(23, 30) and vertex(48, 30) same color: 54
vertex(25, 18) and vertex(58, 18) same color: 54
vertex(17, 3) and vertex(49, 3) same color: 13
vertex(53, 3) and vertex(53, 43) same color: 8
vertex(1, 32) and vertex(1, 38) same color: 27
vertex(27, 34) and vertex(27, 39) same color: 36
vertex(45, 27) and vertex(48, 27) same color: 38
vertex(38, 52) and vertex(49, 52) same color: 25
vertex(34, 55) and vertex(47, 55) same color: 52
vertex(56, 33) and vertex(56, 34) same color: 34
vertex(18, 31) and vertex(19, 31) same color: 18
vertex(23, 35) and vertex(32, 35) same color: 10
vertex(7, 17) and vertex(7, 19) same color: 54
vertex(1, 32) and vertex(6, 32) same color: 27
vertex(23, 1) and vertex(51, 1) same color: 25
vertex(59, 18) and vertex(64, 19) same color: 52
vertex(4, 2) and vertex(17, 2) same color: 51
vertex(25, 26) and vertex(25, 27) same color: 12
vertex(19, 23) and vertex(19, 25) same color: 12
vertex(33, 41) and vertex(37, 48) same color: 44
vertex(27, 45) and vertex(29, 41) same color: 29
vertex(28, 33) and vertex(51, 33) same color: 33
vertex(21, 60) and vertex(42, 60) same color: 12
vertex(34, 22) and vertex(34, 31) same color: 22
vertex(37, 48) and vertex(37, 63) same color: 44
----------------------------------------------------------------------
current col clash: 24
current row clash: 30
current squ clash: 26
======================================================================
current best clash: 58
vertex(30, 57) and vertex(30, 62) same color: 12
vertex(14, 48) and vertex(16, 48) same color: 32
vertex(24, 33) and vertex(24, 34) same color: 38
vertex(45, 27) and vertex(48, 27) same color: 38
vertex(28, 34) and vertex(28, 59) same color: 13
vertex(46, 39) and vertex(46, 60) same color: 29
vertex(1, 27) and vertex(6, 27) same color: 4
vertex(38, 52) and vertex(49, 52) same color: 25
vertex(25, 26) and vertex(25, 27) same color: 12
vertex(54, 26) and vertex(54, 29) same color: 27
vertex(34, 55) and vertex(47, 55) same color: 52
vertex(44, 44) and vertex(44, 47) same color: 61
vertex(17, 11) and vertex(17, 16) same color: 38
vertex(30, 37) and vertex(55, 37) same color: 30
vertex(12, 40) and vertex(64, 40) same color: 36
vertex(27, 34) and vertex(27, 39) same color: 36
vertex(28, 33) and vertex(51, 33) same color: 33
vertex(5, 49) and vertex(5, 62) same color: 4
vertex(56, 33) and vertex(56, 34) same color: 34
vertex(34, 31) and vertex(36, 31) same color: 22
vertex(53, 43) and vertex(54, 43) same color: 8
vertex(27, 45) and vertex(29, 41) same color: 29
vertex(4, 42) and vertex(15, 42) same color: 44
vertex(48, 14) and vertex(48, 53) same color: 8
vertex(13, 6) and vertex(31, 6) same color: 18
vertex(18, 45) and vertex(45, 45) same color: 58
vertex(19, 23) and vertex(24, 23) same color: 12
vertex(2, 37) and vertex(5, 37) same color: 60
vertex(17, 3) and vertex(49, 3) same color: 13
vertex(4, 2) and vertex(17, 2) same color: 51
vertex(7, 17) and vertex(7, 31) same color: 16
vertex(59, 34) and vertex(59, 35) same color: 33
vertex(23, 35) and vertex(23, 39) same color: 18
vertex(34, 22) and vertex(34, 31) same color: 22
vertex(23, 1) and vertex(51, 1) same color: 25
vertex(36, 20) and vertex(36, 39) same color: 14
vertex(42, 17) and vertex(44, 17) same color: 29
vertex(19, 23) and vertex(19, 25) same color: 12
vertex(45, 27) and vertex(45, 40) same color: 38
vertex(7, 9) and vertex(8, 9) same color: 33
vertex(18, 4) and vertex(18, 31) same color: 54
vertex(58, 18) and vertex(59, 18) same color: 18
vertex(6, 17) and vertex(6, 42) same color: 13
vertex(33, 41) and vertex(37, 48) same color: 44
vertex(21, 60) and vertex(42, 60) same color: 12
vertex(1, 32) and vertex(62, 32) same color: 12
vertex(54, 8) and vertex(60, 8) same color: 39
vertex(25, 6) and vertex(29, 7) same color: 13
vertex(13, 33) and vertex(13, 39) same color: 48
vertex(53, 3) and vertex(53, 43) same color: 8
vertex(57, 39) and vertex(57, 53) same color: 52
vertex(58, 29) and vertex(58, 31) same color: 2
vertex(18, 5) and vertex(24, 1) same color: 18
vertex(1, 32) and vertex(1, 40) same color: 12
vertex(12, 35) and vertex(19, 35) same color: 34
vertex(16, 14) and vertex(16, 48) same color: 32
vertex(3, 18) and vertex(3, 47) same color: 33
vertex(37, 48) and vertex(37, 63) same color: 44
----------------------------------------------------------------------
current col clash: 29
current row clash: 25
current squ clash: 26
======================================================================
current best clash: 58
vertex(17, 3) and vertex(49, 3) same color: 13
vertex(58, 29) and vertex(58, 31) same color: 2
vertex(34, 31) and vertex(36, 31) same color: 22
vertex(28, 34) and vertex(28, 59) same color: 13
vertex(19, 23) and vertex(24, 23) same color: 12
vertex(42, 17) and vertex(44, 17) same color: 29
vertex(24, 33) and vertex(24, 34) same color: 38
vertex(46, 39) and vertex(46, 60) same color: 29
vertex(34, 55) and vertex(47, 55) same color: 52
vertex(2, 37) and vertex(5, 37) same color: 60
vertex(14, 48) and vertex(37, 48) same color: 32
vertex(34, 22) and vertex(34, 31) same color: 22
vertex(45, 27) and vertex(45, 40) same color: 38
vertex(38, 52) and vertex(49, 52) same color: 25
vertex(13, 6) and vertex(31, 6) same color: 18
vertex(30, 57) and vertex(30, 62) same color: 12
vertex(4, 42) and vertex(15, 42) same color: 44
vertex(28, 33) and vertex(51, 33) same color: 33
vertex(21, 16) and vertex(23, 16) same color: 32
vertex(54, 26) and vertex(54, 29) same color: 27
vertex(13, 33) and vertex(13, 39) same color: 48
vertex(19, 23) and vertex(19, 25) same color: 12
vertex(45, 27) and vertex(48, 27) same color: 38
vertex(57, 39) and vertex(57, 53) same color: 52
vertex(36, 20) and vertex(36, 39) same color: 14
vertex(1, 32) and vertex(1, 40) same color: 12
vertex(4, 2) and vertex(17, 2) same color: 51
vertex(48, 14) and vertex(48, 53) same color: 8
vertex(16, 47) and vertex(16, 48) same color: 25
vertex(56, 33) and vertex(56, 34) same color: 34
vertex(1, 27) and vertex(6, 27) same color: 4
vertex(23, 35) and vertex(32, 35) same color: 10
vertex(54, 8) and vertex(60, 8) same color: 39
vertex(18, 5) and vertex(59, 5) same color: 57
vertex(53, 43) and vertex(54, 43) same color: 8
vertex(27, 34) and vertex(27, 39) same color: 36
vertex(25, 6) and vertex(29, 7) same color: 13
vertex(37, 42) and vertex(37, 48) same color: 32
vertex(27, 45) and vertex(29, 41) same color: 29
vertex(7, 9) and vertex(8, 9) same color: 33
vertex(1, 32) and vertex(62, 32) same color: 12
vertex(30, 37) and vertex(55, 37) same color: 30
vertex(12, 35) and vertex(19, 35) same color: 34
vertex(23, 30) and vertex(48, 30) same color: 54
vertex(44, 44) and vertex(44, 47) same color: 61
vertex(23, 1) and vertex(51, 1) same color: 25
vertex(53, 3) and vertex(53, 43) same color: 8
vertex(18, 31) and vertex(19, 31) same color: 18
vertex(16, 48) and vertex(64, 48) same color: 25
vertex(12, 40) and vertex(64, 40) same color: 36
vertex(21, 60) and vertex(42, 60) same color: 12
vertex(25, 26) and vertex(25, 27) same color: 12
vertex(59, 18) and vertex(64, 19) same color: 52
vertex(3, 18) and vertex(3, 47) same color: 33
vertex(5, 49) and vertex(5, 62) same color: 4
vertex(18, 45) and vertex(45, 45) same color: 58
vertex(7, 17) and vertex(13, 17) same color: 62
vertex(2, 18) and vertex(7, 18) same color: 19
----------------------------------------------------------------------
current col clash: 23
current row clash: 32
current squ clash: 25
======================================================================
current best clash: 58
vertex(56, 33) and vertex(56, 34) same color: 34
vertex(13, 33) and vertex(13, 39) same color: 48
vertex(13, 6) and vertex(31, 6) same color: 18
vertex(19, 23) and vertex(19, 25) same color: 12
vertex(34, 55) and vertex(47, 55) same color: 52
vertex(1, 27) and vertex(6, 27) same color: 4
vertex(18, 45) and vertex(45, 45) same color: 58
vertex(5, 49) and vertex(5, 62) same color: 4
vertex(36, 20) and vertex(36, 39) same color: 14
vertex(57, 39) and vertex(57, 53) same color: 52
vertex(30, 57) and vertex(30, 62) same color: 12
vertex(1, 32) and vertex(62, 32) same color: 12
vertex(45, 27) and vertex(48, 27) same color: 38
vertex(16, 48) and vertex(16, 50) same color: 44
vertex(4, 2) and vertex(17, 2) same color: 51
vertex(59, 18) and vertex(64, 19) same color: 52
vertex(3, 18) and vertex(3, 47) same color: 33
vertex(46, 39) and vertex(46, 60) same color: 29
vertex(25, 26) and vertex(25, 27) same color: 12
vertex(30, 37) and vertex(55, 37) same color: 30
vertex(18, 4) and vertex(18, 31) same color: 54
vertex(7, 17) and vertex(13, 17) same color: 62
vertex(7, 9) and vertex(8, 9) same color: 33
vertex(42, 17) and vertex(44, 17) same color: 29
vertex(45, 27) and vertex(45, 40) same color: 38
vertex(14, 48) and vertex(37, 48) same color: 32
vertex(34, 22) and vertex(34, 31) same color: 22
vertex(24, 33) and vertex(24, 34) same color: 38
vertex(15, 38) and vertex(15, 42) same color: 11
vertex(54, 8) and vertex(60, 8) same color: 39
vertex(34, 31) and vertex(36, 31) same color: 22
vertex(27, 34) and vertex(27, 39) same color: 36
vertex(19, 23) and vertex(24, 23) same color: 12
vertex(23, 35) and vertex(32, 35) same color: 10
vertex(27, 45) and vertex(29, 41) same color: 29
vertex(17, 3) and vertex(49, 3) same color: 13
vertex(12, 35) and vertex(19, 35) same color: 34
vertex(25, 6) and vertex(29, 7) same color: 13
vertex(53, 3) and vertex(53, 43) same color: 8
vertex(21, 60) and vertex(42, 60) same color: 12
vertex(54, 26) and vertex(54, 29) same color: 27
vertex(38, 52) and vertex(49, 52) same color: 25
vertex(28, 34) and vertex(28, 59) same color: 13
vertex(48, 14) and vertex(48, 53) same color: 8
vertex(2, 37) and vertex(5, 37) same color: 60
vertex(18, 5) and vertex(24, 1) same color: 18
vertex(53, 43) and vertex(54, 43) same color: 8
vertex(23, 13) and vertex(23, 16) same color: 58
vertex(37, 42) and vertex(37, 48) same color: 32
vertex(12, 40) and vertex(64, 40) same color: 36
vertex(1, 32) and vertex(1, 40) same color: 12
vertex(23, 16) and vertex(41, 16) same color: 58
vertex(58, 29) and vertex(58, 31) same color: 2
vertex(28, 33) and vertex(51, 33) same color: 33
vertex(44, 44) and vertex(44, 47) same color: 61
vertex(23, 1) and vertex(51, 1) same color: 25
vertex(2, 18) and vertex(7, 18) same color: 19
vertex(2, 45) and vertex(60, 45) same color: 61
----------------------------------------------------------------------
current col clash: 26
current row clash: 28
current squ clash: 24
======================================================================
current best clash: 58
vertex(17, 3) and vertex(49, 3) same color: 13
vertex(18, 45) and vertex(45, 45) same color: 58
vertex(13, 6) and vertex(31, 6) same color: 18
vertex(24, 33) and vertex(24, 34) same color: 38
vertex(30, 57) and vertex(30, 62) same color: 12
vertex(5, 49) and vertex(5, 62) same color: 4
vertex(2, 37) and vertex(5, 37) same color: 60
vertex(28, 33) and vertex(51, 33) same color: 33
vertex(56, 33) and vertex(56, 34) same color: 34
vertex(1, 31) and vertex(1, 32) same color: 32
vertex(44, 44) and vertex(44, 47) same color: 61
vertex(57, 39) and vertex(57, 53) same color: 52
vertex(4, 2) and vertex(17, 2) same color: 51
vertex(45, 27) and vertex(45, 40) same color: 38
vertex(1, 32) and vertex(33, 32) same color: 32
vertex(54, 26) and vertex(54, 29) same color: 27
vertex(3, 18) and vertex(3, 47) same color: 33
vertex(37, 42) and vertex(37, 48) same color: 32
vertex(23, 1) and vertex(51, 1) same color: 25
vertex(18, 6) and vertex(25, 6) same color: 9
vertex(6, 17) and vertex(6, 42) same color: 13
vertex(18, 22) and vertex(19, 23) same color: 63
vertex(21, 60) and vertex(42, 60) same color: 12
vertex(59, 18) and vertex(64, 19) same color: 52
vertex(13, 33) and vertex(13, 39) same color: 48
vertex(28, 34) and vertex(28, 59) same color: 13
vertex(15, 38) and vertex(15, 42) same color: 11
vertex(38, 52) and vertex(49, 52) same color: 25
vertex(53, 17) and vertex(53, 43) same color: 4
vertex(45, 53) and vertex(48, 53) same color: 29
vertex(42, 17) and vertex(44, 17) same color: 29
vertex(9, 31) and vertex(34, 31) same color: 5
vertex(46, 39) and vertex(46, 60) same color: 29
vertex(34, 55) and vertex(47, 55) same color: 52
vertex(36, 20) and vertex(36, 39) same color: 14
vertex(23, 16) and vertex(41, 16) same color: 58
vertex(54, 8) and vertex(60, 8) same color: 39
vertex(25, 26) and vertex(25, 27) same color: 12
vertex(18, 4) and vertex(18, 31) same color: 54
vertex(1, 27) and vertex(6, 27) same color: 4
vertex(45, 27) and vertex(48, 27) same color: 38
vertex(23, 13) and vertex(23, 16) same color: 58
vertex(27, 34) and vertex(27, 39) same color: 36
vertex(7, 9) and vertex(8, 9) same color: 33
vertex(58, 29) and vertex(58, 31) same color: 2
vertex(16, 48) and vertex(16, 50) same color: 44
vertex(53, 43) and vertex(55, 43) same color: 4
vertex(27, 45) and vertex(29, 41) same color: 29
vertex(18, 5) and vertex(24, 1) same color: 18
vertex(14, 48) and vertex(37, 48) same color: 32
vertex(30, 37) and vertex(55, 37) same color: 30
vertex(23, 35) and vertex(32, 35) same color: 10
vertex(12, 40) and vertex(64, 40) same color: 36
vertex(34, 28) and vertex(34, 32) same color: 29
vertex(1, 23) and vertex(19, 23) same color: 63
vertex(12, 35) and vertex(19, 35) same color: 34
vertex(7, 17) and vertex(7, 31) same color: 16
vertex(2, 45) and vertex(60, 45) same color: 61
----------------------------------------------------------------------
current col clash: 26
current row clash: 28
current squ clash: 24
======================================================================
current best clash: 58
vertex(19, 23) and vertex(24, 23) same color: 12
vertex(5, 49) and vertex(5, 62) same color: 4
vertex(28, 34) and vertex(28, 59) same color: 13
vertex(13, 6) and vertex(31, 6) same color: 18
vertex(1, 32) and vertex(1, 40) same color: 12
vertex(58, 29) and vertex(58, 31) same color: 2
vertex(12, 40) and vertex(64, 40) same color: 36
vertex(2, 37) and vertex(5, 37) same color: 60
vertex(27, 34) and vertex(27, 39) same color: 36
vertex(21, 60) and vertex(42, 60) same color: 12
vertex(59, 18) and vertex(64, 19) same color: 52
vertex(45, 27) and vertex(45, 40) same color: 38
vertex(28, 33) and vertex(51, 33) same color: 33
vertex(1, 32) and vertex(62, 32) same color: 12
vertex(36, 20) and vertex(36, 39) same color: 14
vertex(18, 5) and vertex(59, 5) same color: 57
vertex(4, 42) and vertex(15, 42) same color: 44
vertex(12, 35) and vertex(19, 35) same color: 34
vertex(17, 3) and vertex(49, 3) same color: 13
vertex(44, 44) and vertex(44, 47) same color: 61
vertex(3, 18) and vertex(3, 47) same color: 33
vertex(4, 2) and vertex(17, 2) same color: 51
vertex(23, 35) and vertex(23, 55) same color: 30
vertex(24, 33) and vertex(24, 34) same color: 38
vertex(53, 43) and vertex(54, 43) same color: 8
vertex(45, 27) and vertex(48, 27) same color: 38
vertex(17, 11) and vertex(17, 16) same color: 38
vertex(46, 39) and vertex(46, 60) same color: 29
vertex(25, 26) and vertex(25, 27) same color: 12
vertex(34, 22) and vertex(34, 31) same color: 22
vertex(30, 37) and vertex(55, 37) same color: 30
vertex(30, 57) and vertex(30, 62) same color: 12
vertex(7, 17) and vertex(7, 45) same color: 18
vertex(16, 48) and vertex(64, 48) same color: 25
vertex(23, 1) and vertex(51, 1) same color: 25
vertex(54, 8) and vertex(60, 8) same color: 39
vertex(38, 52) and vertex(49, 52) same color: 25
vertex(18, 45) and vertex(45, 45) same color: 58
vertex(34, 31) and vertex(36, 31) same color: 22
vertex(34, 55) and vertex(47, 55) same color: 52
vertex(53, 3) and vertex(53, 43) same color: 8
vertex(56, 33) and vertex(56, 34) same color: 34
vertex(57, 39) and vertex(57, 53) same color: 52
vertex(7, 9) and vertex(8, 9) same color: 33
vertex(25, 6) and vertex(29, 7) same color: 13
vertex(19, 23) and vertex(19, 25) same color: 12
vertex(54, 26) and vertex(54, 29) same color: 27
vertex(42, 17) and vertex(44, 17) same color: 29
vertex(20, 33) and vertex(23, 35) same color: 30
vertex(37, 48) and vertex(37, 63) same color: 44
vertex(27, 45) and vertex(29, 41) same color: 29
vertex(48, 14) and vertex(48, 53) same color: 8
vertex(18, 31) and vertex(19, 31) same color: 18
vertex(1, 27) and vertex(6, 27) same color: 4
vertex(33, 41) and vertex(37, 48) same color: 44
vertex(13, 33) and vertex(13, 39) same color: 48
vertex(2, 21) and vertex(7, 17) same color: 18
vertex(16, 47) and vertex(16, 48) same color: 25
----------------------------------------------------------------------
current col clash: 26
current row clash: 26
current squ clash: 26
======================================================================
current best clash: 58
vertex(2, 37) and vertex(5, 37) same color: 60
vertex(17, 3) and vertex(49, 3) same color: 13
vertex(5, 49) and vertex(5, 62) same color: 4
vertex(42, 17) and vertex(44, 17) same color: 29
vertex(28, 34) and vertex(28, 59) same color: 13
vertex(45, 27) and vertex(45, 40) same color: 38
vertex(1, 31) and vertex(1, 32) same color: 32
vertex(24, 33) and vertex(24, 34) same color: 38
vertex(57, 39) and vertex(57, 53) same color: 52
vertex(18, 6) and vertex(25, 6) same color: 9
vertex(18, 4) and vertex(18, 31) same color: 54
vertex(13, 33) and vertex(13, 39) same color: 48
vertex(27, 34) and vertex(27, 39) same color: 36
vertex(23, 35) and vertex(32, 35) same color: 10
vertex(53, 17) and vertex(53, 43) same color: 4
vertex(27, 45) and vertex(29, 41) same color: 29
vertex(1, 23) and vertex(19, 23) same color: 63
vertex(34, 55) and vertex(47, 55) same color: 52
vertex(23, 1) and vertex(51, 1) same color: 25
vertex(28, 33) and vertex(51, 33) same color: 33
vertex(30, 57) and vertex(30, 62) same color: 12
vertex(36, 20) and vertex(36, 39) same color: 14
vertex(1, 27) and vertex(6, 27) same color: 4
vertex(30, 37) and vertex(55, 37) same color: 30
vertex(59, 18) and vertex(64, 19) same color: 52
vertex(23, 16) and vertex(41, 16) same color: 58
vertex(18, 22) and vertex(19, 23) same color: 63
vertex(54, 26) and vertex(54, 29) same color: 27
vertex(15, 38) and vertex(15, 42) same color: 11
vertex(12, 40) and vertex(64, 40) same color: 36
vertex(14, 48) and vertex(37, 48) same color: 32
vertex(37, 42) and vertex(37, 48) same color: 32
vertex(44, 44) and vertex(44, 47) same color: 61
vertex(38, 52) and vertex(49, 52) same color: 25
vertex(12, 35) and vertex(19, 35) same color: 34
vertex(45, 53) and vertex(48, 53) same color: 29
vertex(3, 18) and vertex(3, 47) same color: 33
vertex(13, 6) and vertex(31, 6) same color: 18
vertex(1, 32) and vertex(33, 32) same color: 32
vertex(7, 9) and vertex(8, 9) same color: 33
vertex(56, 33) and vertex(56, 34) same color: 34
vertex(45, 27) and vertex(48, 27) same color: 38
vertex(7, 17) and vertex(7, 19) same color: 54
vertex(23, 13) and vertex(23, 16) same color: 58
vertex(25, 26) and vertex(25, 27) same color: 12
vertex(21, 60) and vertex(42, 60) same color: 12
vertex(54, 8) and vertex(60, 8) same color: 39
vertex(58, 29) and vertex(58, 31) same color: 2
vertex(18, 5) and vertex(24, 1) same color: 18
vertex(4, 2) and vertex(17, 2) same color: 51
vertex(16, 48) and vertex(16, 50) same color: 44
vertex(46, 39) and vertex(46, 60) same color: 29
vertex(18, 45) and vertex(45, 45) same color: 58
vertex(25, 18) and vertex(58, 18) same color: 54
vertex(9, 31) and vertex(34, 31) same color: 5
vertex(34, 28) and vertex(34, 32) same color: 29
vertex(53, 43) and vertex(55, 43) same color: 4
vertex(2, 45) and vertex(60, 45) same color: 61
----------------------------------------------------------------------
current col clash: 25
current row clash: 29
current squ clash: 25
======================================================================
current best clash: 58
vertex(28, 34) and vertex(28, 59) same color: 13
vertex(1, 32) and vertex(62, 32) same color: 12
vertex(4, 2) and vertex(17, 2) same color: 51
vertex(21, 60) and vertex(42, 60) same color: 12
vertex(57, 39) and vertex(57, 53) same color: 52
vertex(54, 8) and vertex(60, 8) same color: 39
vertex(1, 27) and vertex(6, 27) same color: 4
vertex(7, 9) and vertex(8, 9) same color: 33
vertex(45, 27) and vertex(48, 27) same color: 38
vertex(18, 5) and vertex(59, 5) same color: 57
vertex(13, 33) and vertex(13, 39) same color: 48
vertex(27, 45) and vertex(29, 41) same color: 29
vertex(42, 17) and vertex(44, 17) same color: 29
vertex(4, 42) and vertex(15, 42) same color: 44
vertex(5, 49) and vertex(5, 62) same color: 4
vertex(21, 16) and vertex(23, 16) same color: 32
vertex(36, 20) and vertex(36, 39) same color: 14
vertex(30, 57) and vertex(30, 62) same color: 12
vertex(45, 27) and vertex(45, 40) same color: 38
vertex(19, 23) and vertex(24, 23) same color: 12
vertex(3, 18) and vertex(3, 47) same color: 33
vertex(46, 39) and vertex(46, 60) same color: 29
vertex(12, 35) and vertex(19, 35) same color: 34
vertex(53, 3) and vertex(53, 43) same color: 8
vertex(27, 34) and vertex(27, 39) same color: 36
vertex(44, 44) and vertex(44, 47) same color: 61
vertex(25, 26) and vertex(25, 27) same color: 12
vertex(34, 55) and vertex(47, 55) same color: 52
vertex(58, 29) and vertex(58, 31) same color: 2
vertex(59, 18) and vertex(64, 19) same color: 52
vertex(38, 52) and vertex(49, 52) same color: 25
vertex(23, 1) and vertex(51, 1) same color: 25
vertex(30, 37) and vertex(55, 37) same color: 30
vertex(25, 6) and vertex(29, 7) same color: 13
vertex(2, 37) and vertex(5, 37) same color: 60
vertex(18, 45) and vertex(45, 45) same color: 58
vertex(48, 14) and vertex(48, 53) same color: 8
vertex(23, 30) and vertex(48, 30) same color: 54
vertex(19, 23) and vertex(19, 25) same color: 12
vertex(28, 33) and vertex(51, 33) same color: 33
vertex(17, 3) and vertex(49, 3) same color: 13
vertex(1, 32) and vertex(1, 4