--------------------------------------------------
benchmarks/N-Queens/INST_400/80/inst400_80_0.txt : 2561 ms.
--------------------------------------------------
benchmarks/N-Queens/INST_400/80/inst400_80_10.txt : 491 ms.
--------------------------------------------------
SAT
benchmarks/N-Queens/INST_400/80/inst400_80_11.txt : 2647 ms.
--------------------------------------------------
SAT
benchmarks/N-Queens/INST_400/80/inst400_80_12.txt : 3800 ms.
--------------------------------------------------
SAT
benchmarks/N-Queens/INST_400/80/inst400_80_13.txt : 6652 ms.
--------------------------------------------------
SAT
benchmarks/N-Queens/INST_400/80/inst400_80_14.txt : 1726 ms.
--------------------------------------------------
benchmarks/N-Queens/INST_400/80/inst400_80_15.txt : 593 ms.
--------------------------------------------------
SAT
benchmarks/N-Queens/INST_400/80/inst400_80_16.txt : 1502 ms.
--------------------------------------------------
Traceback (most recent call last):
  File "/home/hanrui/AllDifferent-LS/solvers/nqueens_ort/n-queens_ortools.py", line 98, in <module>
    main(file)
  File "/home/hanrui/AllDifferent-LS/solvers/nqueens_ort/n-queens_ortools.py", line 49, in main
    lines.append(int(f.readline().strip()))
ValueError: invalid literal for int() with base 10: ''
benchmarks/N-Queens/INST_400/80/inst400_80_17.txt : 469 ms.
--------------------------------------------------
benchmarks/N-Queens/INST_400/80/inst400_80_18.txt : 547 ms.
--------------------------------------------------
SAT
benchmarks/N-Queens/INST_400/80/inst400_80_19.txt : 2406 ms.
--------------------------------------------------
SAT
benchmarks/N-Queens/INST_400/80/inst400_80_1.txt : 4504 ms.
--------------------------------------------------
benchmarks/N-Queens/INST_400/80/inst400_80_20.txt : 527 ms.
--------------------------------------------------
benchmarks/N-Queens/INST_400/80/inst400_80_21.txt : 505 ms.
--------------------------------------------------
benchmarks/N-Queens/INST_400/80/inst400_80_22.txt : 687 ms.
--------------------------------------------------
benchmarks/N-Queens/INST_400/80/inst400_80_23.txt : 616 ms.
--------------------------------------------------
benchmarks/N-Queens/INST_400/80/inst400_80_24.txt : 484 ms.
--------------------------------------------------
benchmarks/N-Queens/INST_400/80/inst400_80_25.txt : 563 ms.
--------------------------------------------------
benchmarks/N-Queens/INST_400/80/inst400_80_26.txt : 533 ms.
--------------------------------------------------
SAT
benchmarks/N-Queens/INST_400/80/inst400_80_27.txt : 4464 ms.
--------------------------------------------------
benchmarks/N-Queens/INST_400/80/inst400_80_28.txt : 608 ms.
--------------------------------------------------
benchmarks/N-Queens/INST_400/80/inst400_80_29.txt : 608 ms.
--------------------------------------------------
benchmarks/N-Queens/INST_400/80/inst400_80_2.txt : 462 ms.
--------------------------------------------------
benchmarks/N-Queens/INST_400/80/inst400_80_30.txt : 599 ms.
--------------------------------------------------
SAT
benchmarks/N-Queens/INST_400/80/inst400_80_31.txt : 7846 ms.
--------------------------------------------------
benchmarks/N-Queens/INST_400/80/inst400_80_32.txt : 794 ms.
--------------------------------------------------
benchmarks/N-Queens/INST_400/80/inst400_80_33.txt : 600 ms.
--------------------------------------------------
benchmarks/N-Queens/INST_400/80/inst400_80_34.txt : 939 ms.
--------------------------------------------------
benchmarks/N-Queens/INST_400/80/inst400_80_35.txt : 825 ms.
--------------------------------------------------
SAT
benchmarks/N-Queens/INST_400/80/inst400_80_36.txt : 7911 ms.
--------------------------------------------------
Traceback (most recent call last):
  File "/home/hanrui/AllDifferent-LS/solvers/nqueens_ort/n-queens_ortools.py", line 98, in <module>
    main(file)
  File "/home/hanrui/AllDifferent-LS/solvers/nqueens_ort/n-queens_ortools.py", line 49, in main
    lines.append(int(f.readline().strip()))
ValueError: invalid literal for int() with base 10: ''
benchmarks/N-Queens/INST_400/80/inst400_80_37.txt : 932 ms.
--------------------------------------------------
benchmarks/N-Queens/INST_400/80/inst400_80_38.txt : 647 ms.
--------------------------------------------------
benchmarks/N-Queens/INST_400/80/inst400_80_39.txt : 666 ms.
--------------------------------------------------
SAT
benchmarks/N-Queens/INST_400/80/inst400_80_3.txt : 4720 ms.
--------------------------------------------------
benchmarks/N-Queens/INST_400/80/inst400_80_40.txt : 724 ms.
--------------------------------------------------
SAT
benchmarks/N-Queens/INST_400/80/inst400_80_41.txt : 15397 ms.
--------------------------------------------------
benchmarks/N-Queens/INST_400/80/inst400_80_42.txt : 1500 ms.
--------------------------------------------------
benchmarks/N-Queens/INST_400/80/inst400_80_43.txt : 1029 ms.
--------------------------------------------------
benchmarks/N-Queens/INST_400/80/inst400_80_44.txt : 1107 ms.
--------------------------------------------------
benchmarks/N-Queens/INST_400/80/inst400_80_45.txt : 703 ms.
--------------------------------------------------
benchmarks/N-Queens/INST_400/80/inst400_80_46.txt : 597 ms.
--------------------------------------------------
Traceback (most recent call last):
  File "/home/hanrui/AllDifferent-LS/solvers/nqueens_ort/n-queens_ortools.py", line 98, in <module>
    main(file)
  File "/home/hanrui/AllDifferent-LS/solvers/nqueens_ort/n-queens_ortools.py", line 49, in main
    lines.append(int(f.readline().strip()))
ValueError: invalid literal for int() with base 10: ''
benchmarks/N-Queens/INST_400/80/inst400_80_47.txt : 437 ms.
--------------------------------------------------
benchmarks/N-Queens/INST_400/80/inst400_80_48.txt : 446 ms.
--------------------------------------------------
benchmarks/N-Queens/INST_400/80/inst400_80_49.txt : 444 ms.
--------------------------------------------------
benchmarks/N-Queens/INST_400/80/inst400_80_4.txt : 441 ms.
--------------------------------------------------
benchmarks/N-Queens/INST_400/80/inst400_80_50.txt : 471 ms.
--------------------------------------------------
benchmarks/N-Queens/INST_400/80/inst400_80_51.txt : 514 ms.
--------------------------------------------------
benchmarks/N-Queens/INST_400/80/inst400_80_52.txt : 753 ms.
--------------------------------------------------
benchmarks/N-Queens/INST_400/80/inst400_80_53.txt : 602 ms.
--------------------------------------------------
SAT
benchmarks/N-Queens/INST_400/80/inst400_80_54.txt : 3995 ms.
--------------------------------------------------
benchmarks/N-Queens/INST_400/80/inst400_80_55.txt : 1398 ms.
--------------------------------------------------
benchmarks/N-Queens/INST_400/80/inst400_80_56.txt : 1373 ms.
--------------------------------------------------
Traceback (most recent call last):
  File "/home/hanrui/AllDifferent-LS/solvers/nqueens_ort/n-queens_ortools.py", line 98, in <module>
    main(file)
  File "/home/hanrui/AllDifferent-LS/solvers/nqueens_ort/n-queens_ortools.py", line 49, in main
    lines.append(int(f.readline().strip()))
ValueError: invalid literal for int() with base 10: ''
benchmarks/N-Queens/INST_400/80/inst400_80_57.txt : 1329 ms.
--------------------------------------------------
benchmarks/N-Queens/INST_400/80/inst400_80_58.txt : 1486 ms.
--------------------------------------------------
benchmarks/N-Queens/INST_400/80/inst400_80_59.txt : 1588 ms.
--------------------------------------------------
benchmarks/N-Queens/INST_400/80/inst400_80_5.txt : 2004 ms.
--------------------------------------------------
benchmarks/N-Queens/INST_400/80/inst400_80_60.txt : 2805 ms.
--------------------------------------------------
benchmarks/N-Queens/INST_400/80/inst400_80_61.txt : 1807 ms.
--------------------------------------------------
benchmarks/N-Queens/INST_400/80/inst400_80_62.txt : 1636 ms.
--------------------------------------------------
SAT
benchmarks/N-Queens/INST_400/80/inst400_80_63.txt : 12036 ms.
--------------------------------------------------
benchmarks/N-Queens/INST_400/80/inst400_80_64.txt : 1646 ms.
--------------------------------------------------
SAT
benchmarks/N-Queens/INST_400/80/inst400_80_65.txt : 4724 ms.
--------------------------------------------------
benchmarks/N-Queens/INST_400/80/inst400_80_66.txt : 1052 ms.
--------------------------------------------------
Traceback (most recent call last):
  File "/home/hanrui/AllDifferent-LS/solvers/nqueens_ort/n-queens_ortools.py", line 98, in <module>
    main(file)
  File "/home/hanrui/AllDifferent-LS/solvers/nqueens_ort/n-queens_ortools.py", line 49, in main
    lines.append(int(f.readline().strip()))
ValueError: invalid literal for int() with base 10: ''
benchmarks/N-Queens/INST_400/80/inst400_80_67.txt : 799 ms.
--------------------------------------------------
SAT
benchmarks/N-Queens/INST_400/80/inst400_80_68.txt : 2705 ms.
--------------------------------------------------
benchmarks/N-Queens/INST_400/80/inst400_80_69.txt : 522 ms.
--------------------------------------------------
benchmarks/N-Queens/INST_400/80/inst400_80_6.txt : 491 ms.
--------------------------------------------------
SAT
benchmarks/N-Queens/INST_400/80/inst400_80_70.txt : 2573 ms.
--------------------------------------------------
benchmarks/N-Queens/INST_400/80/inst400_80_71.txt : 683 ms.
--------------------------------------------------
benchmarks/N-Queens/INST_400/80/inst400_80_72.txt : 1453 ms.
--------------------------------------------------
benchmarks/N-Queens/INST_400/80/inst400_80_73.txt : 1398 ms.
--------------------------------------------------
benchmarks/N-Queens/INST_400/80/inst400_80_74.txt : 1296 ms.
--------------------------------------------------
benchmarks/N-Queens/INST_400/80/inst400_80_75.txt : 1336 ms.
--------------------------------------------------
benchmarks/N-Queens/INST_400/80/inst400_80_76.txt : 1191 ms.
--------------------------------------------------
Traceback (most recent call last):
  File "/home/hanrui/AllDifferent-LS/solvers/nqueens_ort/n-queens_ortools.py", line 98, in <module>
    main(file)
  File "/home/hanrui/AllDifferent-LS/solvers/nqueens_ort/n-queens_ortools.py", line 49, in main
    lines.append(int(f.readline().strip()))
ValueError: invalid literal for int() with base 10: ''
benchmarks/N-Queens/INST_400/80/inst400_80_77.txt : 752 ms.
--------------------------------------------------
Traceback (most recent call last):
  File "/home/hanrui/AllDifferent-LS/solvers/nqueens_ort/n-queens_ortools.py", line 98, in <module>
    main(file)
  File "/home/hanrui/AllDifferent-LS/solvers/nqueens_ort/n-queens_ortools.py", line 49, in main
    lines.append(int(f.readline().strip()))
ValueError: invalid literal for int() with base 10: ''
benchmarks/N-Queens/INST_400/80/inst400_80_78.txt : 771 ms.
--------------------------------------------------
benchmarks/N-Queens/INST_400/80/inst400_80_79.txt : 908 ms.
--------------------------------------------------
Traceback (most recent call last):
  File "/home/hanrui/AllDifferent-LS/solvers/nqueens_ort/n-queens_ortools.py", line 98, in <module>
    main(file)
  File "/home/hanrui/AllDifferent-LS/solvers/nqueens_ort/n-queens_ortools.py", line 49, in main
    lines.append(int(f.readline().strip()))
ValueError: invalid literal for int() with base 10: ''
benchmarks/N-Queens/INST_400/80/inst400_80_7.txt : 884 ms.
--------------------------------------------------
benchmarks/N-Queens/INST_400/80/inst400_80_80.txt : 1168 ms.
--------------------------------------------------
benchmarks/N-Queens/INST_400/80/inst400_80_81.txt : 1100 ms.
--------------------------------------------------
benchmarks/N-Queens/INST_400/80/inst400_80_82.txt : 904 ms.
--------------------------------------------------
benchmarks/N-Queens/INST_400/80/inst400_80_83.txt : 744 ms.
--------------------------------------------------
benchmarks/N-Queens/INST_400/80/inst400_80_84.txt : 558 ms.
--------------------------------------------------
SAT
benchmarks/N-Queens/INST_400/80/inst400_80_85.txt : 1330 ms.
--------------------------------------------------
benchmarks/N-Queens/INST_400/80/inst400_80_86.txt : 480 ms.
--------------------------------------------------
Traceback (most recent call last):
  File "/home/hanrui/AllDifferent-LS/solvers/nqueens_ort/n-queens_ortools.py", line 98, in <module>
    main(file)
  File "/home/hanrui/AllDifferent-LS/solvers/nqueens_ort/n-queens_ortools.py", line 49, in main
    lines.append(int(f.readline().strip()))
ValueError: invalid literal for int() with base 10: ''
benchmarks/N-Queens/INST_400/80/inst400_80_87.txt : 440 ms.
--------------------------------------------------
benchmarks/N-Queens/INST_400/80/inst400_80_88.txt : 466 ms.
--------------------------------------------------
benchmarks/N-Queens/INST_400/80/inst400_80_89.txt : 523 ms.
--------------------------------------------------
Traceback (most recent call last):
  File "/home/hanrui/AllDifferent-LS/solvers/nqueens_ort/n-queens_ortools.py", line 98, in <module>
    main(file)
  File "/home/hanrui/AllDifferent-LS/solvers/nqueens_ort/n-queens_ortools.py", line 49, in main
    lines.append(int(f.readline().strip()))
ValueError: invalid literal for int() with base 10: ''
benchmarks/N-Queens/INST_400/80/inst400_80_8.txt : 609 ms.
--------------------------------------------------
benchmarks/N-Queens/INST_400/80/inst400_80_90.txt : 590 ms.
--------------------------------------------------
benchmarks/N-Queens/INST_400/80/inst400_80_91.txt : 571 ms.
--------------------------------------------------
benchmarks/N-Queens/INST_400/80/inst400_80_92.txt : 525 ms.
--------------------------------------------------
benchmarks/N-Queens/INST_400/80/inst400_80_93.txt : 653 ms.
--------------------------------------------------
SAT
benchmarks/N-Queens/INST_400/80/inst400_80_94.txt : 1450 ms.
--------------------------------------------------
benchmarks/N-Queens/INST_400/80/inst400_80_95.txt : 633 ms.
--------------------------------------------------
benchmarks/N-Queens/INST_400/80/inst400_80_96.txt : 592 ms.
--------------------------------------------------
Traceback (most recent call last):
  File "/home/hanrui/AllDifferent-LS/solvers/nqueens_ort/n-queens_ortools.py", line 98, in <module>
    main(file)
  File "/home/hanrui/AllDifferent-LS/solvers/nqueens_ort/n-queens_ortools.py", line 49, in main
    lines.append(int(f.readline().strip()))
ValueError: invalid literal for int() with base 10: ''
benchmarks/N-Queens/INST_400/80/inst400_80_97.txt : 553 ms.
--------------------------------------------------
benchmarks/N-Queens/INST_400/80/inst400_80_98.txt : 659 ms.
--------------------------------------------------
benchmarks/N-Queens/INST_400/80/inst400_80_99.txt : 554 ms.
--------------------------------------------------
benchmarks/N-Queens/INST_400/80/inst400_80_9.txt : 672 ms.
