--------------------------------------------------
benchmarks/N-Queens/INST_400/90/inst400_90_0.txt : 2565 ms.
--------------------------------------------------
benchmarks/N-Queens/INST_400/90/inst400_90_10.txt : 531 ms.
--------------------------------------------------
benchmarks/N-Queens/INST_400/90/inst400_90_11.txt : 512 ms.
--------------------------------------------------
benchmarks/N-Queens/INST_400/90/inst400_90_12.txt : 472 ms.
--------------------------------------------------
benchmarks/N-Queens/INST_400/90/inst400_90_13.txt : 463 ms.
--------------------------------------------------
benchmarks/N-Queens/INST_400/90/inst400_90_14.txt : 466 ms.
--------------------------------------------------
benchmarks/N-Queens/INST_400/90/inst400_90_15.txt : 490 ms.
--------------------------------------------------
benchmarks/N-Queens/INST_400/90/inst400_90_16.txt : 461 ms.
--------------------------------------------------
SAT
benchmarks/N-Queens/INST_400/90/inst400_90_17.txt : 605 ms.
--------------------------------------------------
Traceback (most recent call last):
  File "/home/hanrui/AllDifferent-LS/solvers/nqueens_ort/n-queens_ortools.py", line 98, in <module>
    main(file)
  File "/home/hanrui/AllDifferent-LS/solvers/nqueens_ort/n-queens_ortools.py", line 49, in main
    lines.append(int(f.readline().strip()))
ValueError: invalid literal for int() with base 10: ''
benchmarks/N-Queens/INST_400/90/inst400_90_18.txt : 372 ms.
--------------------------------------------------
benchmarks/N-Queens/INST_400/90/inst400_90_19.txt : 479 ms.
--------------------------------------------------
benchmarks/N-Queens/INST_400/90/inst400_90_1.txt : 477 ms.
--------------------------------------------------
SAT
benchmarks/N-Queens/INST_400/90/inst400_90_20.txt : 628 ms.
--------------------------------------------------
benchmarks/N-Queens/INST_400/90/inst400_90_21.txt : 462 ms.
--------------------------------------------------
benchmarks/N-Queens/INST_400/90/inst400_90_22.txt : 456 ms.
--------------------------------------------------
benchmarks/N-Queens/INST_400/90/inst400_90_23.txt : 547 ms.
--------------------------------------------------
benchmarks/N-Queens/INST_400/90/inst400_90_24.txt : 479 ms.
--------------------------------------------------
benchmarks/N-Queens/INST_400/90/inst400_90_25.txt : 446 ms.
--------------------------------------------------
benchmarks/N-Queens/INST_400/90/inst400_90_26.txt : 459 ms.
--------------------------------------------------
benchmarks/N-Queens/INST_400/90/inst400_90_27.txt : 505 ms.
--------------------------------------------------
Traceback (most recent call last):
  File "/home/hanrui/AllDifferent-LS/solvers/nqueens_ort/n-queens_ortools.py", line 98, in <module>
    main(file)
  File "/home/hanrui/AllDifferent-LS/solvers/nqueens_ort/n-queens_ortools.py", line 49, in main
    lines.append(int(f.readline().strip()))
ValueError: invalid literal for int() with base 10: ''
benchmarks/N-Queens/INST_400/90/inst400_90_28.txt : 425 ms.
--------------------------------------------------
SAT
benchmarks/N-Queens/INST_400/90/inst400_90_29.txt : 603 ms.
--------------------------------------------------
benchmarks/N-Queens/INST_400/90/inst400_90_2.txt : 525 ms.
--------------------------------------------------
benchmarks/N-Queens/INST_400/90/inst400_90_30.txt : 483 ms.
--------------------------------------------------
benchmarks/N-Queens/INST_400/90/inst400_90_31.txt : 494 ms.
--------------------------------------------------
benchmarks/N-Queens/INST_400/90/inst400_90_32.txt : 460 ms.
--------------------------------------------------
benchmarks/N-Queens/INST_400/90/inst400_90_33.txt : 531 ms.
--------------------------------------------------
benchmarks/N-Queens/INST_400/90/inst400_90_34.txt : 426 ms.
--------------------------------------------------
benchmarks/N-Queens/INST_400/90/inst400_90_35.txt : 465 ms.
--------------------------------------------------
SAT
benchmarks/N-Queens/INST_400/90/inst400_90_36.txt : 622 ms.
--------------------------------------------------
benchmarks/N-Queens/INST_400/90/inst400_90_37.txt : 571 ms.
--------------------------------------------------
Traceback (most recent call last):
  File "/home/hanrui/AllDifferent-LS/solvers/nqueens_ort/n-queens_ortools.py", line 98, in <module>
    main(file)
  File "/home/hanrui/AllDifferent-LS/solvers/nqueens_ort/n-queens_ortools.py", line 49, in main
    lines.append(int(f.readline().strip()))
ValueError: invalid literal for int() with base 10: ''
benchmarks/N-Queens/INST_400/90/inst400_90_38.txt : 428 ms.
--------------------------------------------------
benchmarks/N-Queens/INST_400/90/inst400_90_39.txt : 494 ms.
--------------------------------------------------
benchmarks/N-Queens/INST_400/90/inst400_90_3.txt : 546 ms.
--------------------------------------------------
benchmarks/N-Queens/INST_400/90/inst400_90_40.txt : 497 ms.
--------------------------------------------------
benchmarks/N-Queens/INST_400/90/inst400_90_41.txt : 551 ms.
--------------------------------------------------
benchmarks/N-Queens/INST_400/90/inst400_90_42.txt : 452 ms.
--------------------------------------------------
SAT
benchmarks/N-Queens/INST_400/90/inst400_90_43.txt : 693 ms.
--------------------------------------------------
benchmarks/N-Queens/INST_400/90/inst400_90_44.txt : 530 ms.
--------------------------------------------------
benchmarks/N-Queens/INST_400/90/inst400_90_45.txt : 546 ms.
--------------------------------------------------
benchmarks/N-Queens/INST_400/90/inst400_90_46.txt : 429 ms.
--------------------------------------------------
benchmarks/N-Queens/INST_400/90/inst400_90_47.txt : 448 ms.
--------------------------------------------------
Traceback (most recent call last):
  File "/home/hanrui/AllDifferent-LS/solvers/nqueens_ort/n-queens_ortools.py", line 98, in <module>
    main(file)
  File "/home/hanrui/AllDifferent-LS/solvers/nqueens_ort/n-queens_ortools.py", line 49, in main
    lines.append(int(f.readline().strip()))
ValueError: invalid literal for int() with base 10: ''
benchmarks/N-Queens/INST_400/90/inst400_90_48.txt : 469 ms.
--------------------------------------------------
benchmarks/N-Queens/INST_400/90/inst400_90_49.txt : 500 ms.
--------------------------------------------------
benchmarks/N-Queens/INST_400/90/inst400_90_4.txt : 595 ms.
--------------------------------------------------
benchmarks/N-Queens/INST_400/90/inst400_90_50.txt : 810 ms.
--------------------------------------------------
benchmarks/N-Queens/INST_400/90/inst400_90_51.txt : 604 ms.
--------------------------------------------------
benchmarks/N-Queens/INST_400/90/inst400_90_52.txt : 616 ms.
--------------------------------------------------
benchmarks/N-Queens/INST_400/90/inst400_90_53.txt : 574 ms.
--------------------------------------------------
benchmarks/N-Queens/INST_400/90/inst400_90_54.txt : 498 ms.
--------------------------------------------------
SAT
benchmarks/N-Queens/INST_400/90/inst400_90_55.txt : 743 ms.
--------------------------------------------------
benchmarks/N-Queens/INST_400/90/inst400_90_56.txt : 565 ms.
--------------------------------------------------
Traceback (most recent call last):
  File "/home/hanrui/AllDifferent-LS/solvers/nqueens_ort/n-queens_ortools.py", line 98, in <module>
    main(file)
  File "/home/hanrui/AllDifferent-LS/solvers/nqueens_ort/n-queens_ortools.py", line 49, in main
    lines.append(int(f.readline().strip()))
ValueError: invalid literal for int() with base 10: ''
benchmarks/N-Queens/INST_400/90/inst400_90_57.txt : 486 ms.
--------------------------------------------------
benchmarks/N-Queens/INST_400/90/inst400_90_58.txt : 586 ms.
--------------------------------------------------
benchmarks/N-Queens/INST_400/90/inst400_90_59.txt : 501 ms.
--------------------------------------------------
benchmarks/N-Queens/INST_400/90/inst400_90_5.txt : 591 ms.
--------------------------------------------------
benchmarks/N-Queens/INST_400/90/inst400_90_60.txt : 491 ms.
--------------------------------------------------
benchmarks/N-Queens/INST_400/90/inst400_90_61.txt : 522 ms.
--------------------------------------------------
benchmarks/N-Queens/INST_400/90/inst400_90_62.txt : 506 ms.
--------------------------------------------------
SAT
benchmarks/N-Queens/INST_400/90/inst400_90_63.txt : 660 ms.
--------------------------------------------------
benchmarks/N-Queens/INST_400/90/inst400_90_64.txt : 529 ms.
--------------------------------------------------
benchmarks/N-Queens/INST_400/90/inst400_90_65.txt : 500 ms.
--------------------------------------------------
benchmarks/N-Queens/INST_400/90/inst400_90_66.txt : 542 ms.
--------------------------------------------------
Traceback (most recent call last):
  File "/home/hanrui/AllDifferent-LS/solvers/nqueens_ort/n-queens_ortools.py", line 98, in <module>
    main(file)
  File "/home/hanrui/AllDifferent-LS/solvers/nqueens_ort/n-queens_ortools.py", line 49, in main
    lines.append(int(f.readline().strip()))
ValueError: invalid literal for int() with base 10: ''
benchmarks/N-Queens/INST_400/90/inst400_90_67.txt : 534 ms.
--------------------------------------------------
benchmarks/N-Queens/INST_400/90/inst400_90_68.txt : 623 ms.
--------------------------------------------------
benchmarks/N-Queens/INST_400/90/inst400_90_69.txt : 505 ms.
--------------------------------------------------
benchmarks/N-Queens/INST_400/90/inst400_90_6.txt : 618 ms.
--------------------------------------------------
benchmarks/N-Queens/INST_400/90/inst400_90_70.txt : 563 ms.
--------------------------------------------------
benchmarks/N-Queens/INST_400/90/inst400_90_71.txt : 574 ms.
--------------------------------------------------
benchmarks/N-Queens/INST_400/90/inst400_90_72.txt : 644 ms.
--------------------------------------------------
benchmarks/N-Queens/INST_400/90/inst400_90_73.txt : 709 ms.
--------------------------------------------------
benchmarks/N-Queens/INST_400/90/inst400_90_74.txt : 637 ms.
--------------------------------------------------
benchmarks/N-Queens/INST_400/90/inst400_90_75.txt : 907 ms.
--------------------------------------------------
benchmarks/N-Queens/INST_400/90/inst400_90_76.txt : 848 ms.
--------------------------------------------------
benchmarks/N-Queens/INST_400/90/inst400_90_77.txt : 659 ms.
--------------------------------------------------
Traceback (most recent call last):
  File "/home/hanrui/AllDifferent-LS/solvers/nqueens_ort/n-queens_ortools.py", line 98, in <module>
    main(file)
  File "/home/hanrui/AllDifferent-LS/solvers/nqueens_ort/n-queens_ortools.py", line 49, in main
    lines.append(int(f.readline().strip()))
ValueError: invalid literal for int() with base 10: ''
benchmarks/N-Queens/INST_400/90/inst400_90_78.txt : 580 ms.
--------------------------------------------------
benchmarks/N-Queens/INST_400/90/inst400_90_79.txt : 619 ms.
--------------------------------------------------
benchmarks/N-Queens/INST_400/90/inst400_90_7.txt : 577 ms.
--------------------------------------------------
benchmarks/N-Queens/INST_400/90/inst400_90_80.txt : 521 ms.
--------------------------------------------------
benchmarks/N-Queens/INST_400/90/inst400_90_81.txt : 556 ms.
--------------------------------------------------
benchmarks/N-Queens/INST_400/90/inst400_90_82.txt : 646 ms.
--------------------------------------------------
benchmarks/N-Queens/INST_400/90/inst400_90_83.txt : 633 ms.
--------------------------------------------------
benchmarks/N-Queens/INST_400/90/inst400_90_84.txt : 982 ms.
--------------------------------------------------
benchmarks/N-Queens/INST_400/90/inst400_90_85.txt : 1006 ms.
--------------------------------------------------
benchmarks/N-Queens/INST_400/90/inst400_90_86.txt : 798 ms.
--------------------------------------------------
benchmarks/N-Queens/INST_400/90/inst400_90_87.txt : 595 ms.
--------------------------------------------------
Traceback (most recent call last):
  File "/home/hanrui/AllDifferent-LS/solvers/nqueens_ort/n-queens_ortools.py", line 98, in <module>
    main(file)
  File "/home/hanrui/AllDifferent-LS/solvers/nqueens_ort/n-queens_ortools.py", line 49, in main
    lines.append(int(f.readline().strip()))
ValueError: invalid literal for int() with base 10: ''
benchmarks/N-Queens/INST_400/90/inst400_90_88.txt : 484 ms.
--------------------------------------------------
benchmarks/N-Queens/INST_400/90/inst400_90_89.txt : 570 ms.
--------------------------------------------------
Traceback (most recent call last):
  File "/home/hanrui/AllDifferent-LS/solvers/nqueens_ort/n-queens_ortools.py", line 98, in <module>
    main(file)
  File "/home/hanrui/AllDifferent-LS/solvers/nqueens_ort/n-queens_ortools.py", line 49, in main
    lines.append(int(f.readline().strip()))
ValueError: invalid literal for int() with base 10: ''
benchmarks/N-Queens/INST_400/90/inst400_90_8.txt : 634 ms.
--------------------------------------------------
benchmarks/N-Queens/INST_400/90/inst400_90_90.txt : 812 ms.
--------------------------------------------------
benchmarks/N-Queens/INST_400/90/inst400_90_91.txt : 836 ms.
--------------------------------------------------
benchmarks/N-Queens/INST_400/90/inst400_90_92.txt : 1246 ms.
--------------------------------------------------
benchmarks/N-Queens/INST_400/90/inst400_90_93.txt : 1293 ms.
--------------------------------------------------
SAT
benchmarks/N-Queens/INST_400/90/inst400_90_94.txt : 1275 ms.
--------------------------------------------------
SAT
benchmarks/N-Queens/INST_400/90/inst400_90_95.txt : 923 ms.
--------------------------------------------------
SAT
benchmarks/N-Queens/INST_400/90/inst400_90_96.txt : 768 ms.
--------------------------------------------------
benchmarks/N-Queens/INST_400/90/inst400_90_97.txt : 687 ms.
--------------------------------------------------
Traceback (most recent call last):
  File "/home/hanrui/AllDifferent-LS/solvers/nqueens_ort/n-queens_ortools.py", line 98, in <module>
    main(file)
  File "/home/hanrui/AllDifferent-LS/solvers/nqueens_ort/n-queens_ortools.py", line 49, in main
    lines.append(int(f.readline().strip()))
ValueError: invalid literal for int() with base 10: ''
benchmarks/N-Queens/INST_400/90/inst400_90_98.txt : 655 ms.
--------------------------------------------------
benchmarks/N-Queens/INST_400/90/inst400_90_99.txt : 764 ms.
--------------------------------------------------
benchmarks/N-Queens/INST_400/90/inst400_90_9.txt : 994 ms.
