--------------------------------------------------
benchmarks/N-Queens/inst1000.txt find answer: 0.870000
benchmarks/N-Queens/inst1000.txt : 1113 ms.
--------------------------------------------------
benchmarks/N-Queens/inst1200.txt find answer: 1.640000
benchmarks/N-Queens/inst1200.txt : 1918 ms.
--------------------------------------------------
benchmarks/N-Queens/inst1400.txt find answer: 2.500000
benchmarks/N-Queens/inst1400.txt : 2821 ms.
--------------------------------------------------
benchmarks/N-Queens/inst1600.txt find answer: 3.710000
benchmarks/N-Queens/inst1600.txt : 4125 ms.
--------------------------------------------------
benchmarks/N-Queens/inst1800.txt find answer: 6.970000
benchmarks/N-Queens/inst1800.txt : 7525 ms.
--------------------------------------------------
benchmarks/N-Queens/inst2000.txt find answer: 7.120000
benchmarks/N-Queens/inst2000.txt : 7745 ms.
--------------------------------------------------
benchmarks/N-Queens/inst200.txt find answer: 0.010000
benchmarks/N-Queens/inst200.txt : 26 ms.
--------------------------------------------------
benchmarks/N-Queens/inst2200.txt find answer: 9.750000
benchmarks/N-Queens/inst2200.txt : 10561 ms.
--------------------------------------------------
benchmarks/N-Queens/inst2400.txt find answer: 14.670000
benchmarks/N-Queens/inst2400.txt : 15726 ms.
--------------------------------------------------
benchmarks/N-Queens/inst2600.txt find answer: 17.830000
benchmarks/N-Queens/inst2600.txt : 19068 ms.
--------------------------------------------------
benchmarks/N-Queens/inst2800.txt find answer: 21.830000
benchmarks/N-Queens/inst2800.txt : 23210 ms.
--------------------------------------------------
benchmarks/N-Queens/inst3000.txt find answer: 26.250000
benchmarks/N-Queens/inst3000.txt : 27711 ms.
--------------------------------------------------
benchmarks/N-Queens/inst3200.txt find answer: 30.610000
benchmarks/N-Queens/inst3200.txt : 32280 ms.
--------------------------------------------------
benchmarks/N-Queens/inst3400.txt find answer: 38.570000
benchmarks/N-Queens/inst3400.txt : 40732 ms.
--------------------------------------------------
benchmarks/N-Queens/inst3600.txt find answer: 43.530000
benchmarks/N-Queens/inst3600.txt : 45636 ms.
--------------------------------------------------
benchmarks/N-Queens/inst3800.txt find answer: 50.340000
benchmarks/N-Queens/inst3800.txt : 52654 ms.
--------------------------------------------------
benchmarks/N-Queens/inst4000.txt find answer: 62.250000
benchmarks/N-Queens/inst4000.txt : 65195 ms.
--------------------------------------------------
benchmarks/N-Queens/inst400.txt find answer: 0.080000
benchmarks/N-Queens/inst400.txt : 125 ms.
--------------------------------------------------
benchmarks/N-Queens/inst4200.txt find answer: 13.430000
benchmarks/N-Queens/inst4200.txt : 14382 ms.
--------------------------------------------------
benchmarks/N-Queens/inst4400.txt find answer: 62.220000
benchmarks/N-Queens/inst4400.txt : 65446 ms.
--------------------------------------------------
benchmarks/N-Queens/inst4600.txt find answer: 52.180000
benchmarks/N-Queens/inst4600.txt : 54670 ms.
--------------------------------------------------
benchmarks/N-Queens/inst4800.txt find answer: 43.830000
benchmarks/N-Queens/inst4800.txt : 45925 ms.
--------------------------------------------------
benchmarks/N-Queens/inst5000.txt find answer: 37.930000
benchmarks/N-Queens/inst5000.txt : 39922 ms.
--------------------------------------------------
benchmarks/N-Queens/inst5200.txt find answer: 30.050000
benchmarks/N-Queens/inst5200.txt : 31708 ms.
--------------------------------------------------
benchmarks/N-Queens/inst5400.txt find answer: 26.990000
benchmarks/N-Queens/inst5400.txt : 28625 ms.
--------------------------------------------------
benchmarks/N-Queens/inst5600.txt find answer: 21.980000
benchmarks/N-Queens/inst5600.txt : 23571 ms.
--------------------------------------------------
benchmarks/N-Queens/inst5800.txt find answer: 18.200000
benchmarks/N-Queens/inst5800.txt : 19489 ms.
--------------------------------------------------
benchmarks/N-Queens/inst6000.txt find answer: 15.500000
benchmarks/N-Queens/inst6000.txt : 16573 ms.
--------------------------------------------------
benchmarks/N-Queens/inst600.txt find answer: 0.250000
benchmarks/N-Queens/inst600.txt : 337 ms.
--------------------------------------------------
benchmarks/N-Queens/inst800.txt find answer: 0.560000
benchmarks/N-Queens/inst800.txt : 702 ms.
--------------------------------------------------
benchmarks/N-Queens/parallel.sh find answer: 0.000000
benchmarks/N-Queens/parallel.sh : 11 ms.
