--------------------------------------------------
benchmarks/N-Queens/inst1000.txt find answer: 0.980000
benchmarks/N-Queens/inst1000.txt : 1223 ms.
--------------------------------------------------
benchmarks/N-Queens/inst1200.txt find answer: 1.730000
benchmarks/N-Queens/inst1200.txt : 1997 ms.
--------------------------------------------------
benchmarks/N-Queens/inst1400.txt find answer: 2.580000
benchmarks/N-Queens/inst1400.txt : 2898 ms.
--------------------------------------------------
benchmarks/N-Queens/inst1600.txt find answer: 4.270000
benchmarks/N-Queens/inst1600.txt : 4713 ms.
--------------------------------------------------
benchmarks/N-Queens/inst1800.txt find answer: 5.360000
benchmarks/N-Queens/inst1800.txt : 5880 ms.
--------------------------------------------------
benchmarks/N-Queens/inst2000.txt find answer: 7.890000
benchmarks/N-Queens/inst2000.txt : 8574 ms.
--------------------------------------------------
benchmarks/N-Queens/inst200.txt find answer: 0.020000
benchmarks/N-Queens/inst200.txt : 44 ms.
--------------------------------------------------
benchmarks/N-Queens/inst2200.txt find answer: 11.300000
benchmarks/N-Queens/inst2200.txt : 12173 ms.
--------------------------------------------------
benchmarks/N-Queens/inst2400.txt find answer: 13.580000
benchmarks/N-Queens/inst2400.txt : 14549 ms.
--------------------------------------------------
benchmarks/N-Queens/inst2600.txt find answer: 17.560000
benchmarks/N-Queens/inst2600.txt : 18678 ms.
--------------------------------------------------
benchmarks/N-Queens/inst2800.txt find answer: 21.060000
benchmarks/N-Queens/inst2800.txt : 22349 ms.
--------------------------------------------------
benchmarks/N-Queens/inst3000.txt find answer: 28.180000
benchmarks/N-Queens/inst3000.txt : 29822 ms.
--------------------------------------------------
benchmarks/N-Queens/inst3200.txt find answer: 31.790000
benchmarks/N-Queens/inst3200.txt : 33625 ms.
--------------------------------------------------
benchmarks/N-Queens/inst3400.txt find answer: 37.830000
benchmarks/N-Queens/inst3400.txt : 39863 ms.
--------------------------------------------------
benchmarks/N-Queens/inst3600.txt find answer: 44.980000
benchmarks/N-Queens/inst3600.txt : 47148 ms.
--------------------------------------------------
benchmarks/N-Queens/inst3800.txt find answer: 52.390000
benchmarks/N-Queens/inst3800.txt : 55149 ms.
--------------------------------------------------
benchmarks/N-Queens/inst4000.txt find answer: 64.070000
benchmarks/N-Queens/inst4000.txt : 66903 ms.
--------------------------------------------------
benchmarks/N-Queens/inst400.txt find answer: 0.090000
benchmarks/N-Queens/inst400.txt : 141 ms.
--------------------------------------------------
benchmarks/N-Queens/inst4200.txt find answer: 11.950000
benchmarks/N-Queens/inst4200.txt : 12827 ms.
--------------------------------------------------
benchmarks/N-Queens/inst4400.txt find answer: 62.000000
benchmarks/N-Queens/inst4400.txt : 65187 ms.
--------------------------------------------------
benchmarks/N-Queens/inst4600.txt find answer: 53.750000
benchmarks/N-Queens/inst4600.txt : 56377 ms.
--------------------------------------------------
benchmarks/N-Queens/inst4800.txt find answer: 45.760000
benchmarks/N-Queens/inst4800.txt : 48338 ms.
--------------------------------------------------
benchmarks/N-Queens/inst5000.txt find answer: 38.550000
benchmarks/N-Queens/inst5000.txt : 40764 ms.
--------------------------------------------------
benchmarks/N-Queens/inst5200.txt find answer: 33.000000
benchmarks/N-Queens/inst5200.txt : 34978 ms.
--------------------------------------------------
benchmarks/N-Queens/inst5400.txt find answer: 27.160000
benchmarks/N-Queens/inst5400.txt : 28744 ms.
--------------------------------------------------
benchmarks/N-Queens/inst5600.txt find answer: 20.970000
benchmarks/N-Queens/inst5600.txt : 22283 ms.
--------------------------------------------------
benchmarks/N-Queens/inst5800.txt find answer: 18.490000
benchmarks/N-Queens/inst5800.txt : 19718 ms.
--------------------------------------------------
benchmarks/N-Queens/inst6000.txt find answer: 15.040000
benchmarks/N-Queens/inst6000.txt : 16095 ms.
--------------------------------------------------
benchmarks/N-Queens/inst600.txt find answer: 0.270000
benchmarks/N-Queens/inst600.txt : 364 ms.
--------------------------------------------------
benchmarks/N-Queens/inst800.txt find answer: 0.540000
benchmarks/N-Queens/inst800.txt : 674 ms.
--------------------------------------------------
benchmarks/N-Queens/parallel.sh find answer: 0.000000
benchmarks/N-Queens/parallel.sh : 10 ms.
