--------------------------------------------------
benchmarks_EXC/INST_81x81/40/inst81x81_40_0.txt : 1004742 ms.
--------------------------------------------------
benchmarks_EXC/INST_81x81/40/inst81x81_40_10.txt : 1004664 ms.
--------------------------------------------------
benchmarks_EXC/INST_81x81/40/inst81x81_40_11.txt : 1004143 ms.
--------------------------------------------------
benchmarks_EXC/INST_81x81/40/inst81x81_40_12.txt : 1004554 ms.
--------------------------------------------------
benchmarks_EXC/INST_81x81/40/inst81x81_40_13.txt : 1003947 ms.
--------------------------------------------------
benchmarks_EXC/INST_81x81/40/inst81x81_40_14.txt : 1004626 ms.
--------------------------------------------------
benchmarks_EXC/INST_81x81/40/inst81x81_40_15.txt : 1003121 ms.
--------------------------------------------------
benchmarks_EXC/INST_81x81/40/inst81x81_40_16.txt : 1004206 ms.
--------------------------------------------------
benchmarks_EXC/INST_81x81/40/inst81x81_40_17.txt : 1003500 ms.
--------------------------------------------------
benchmarks_EXC/INST_81x81/40/inst81x81_40_18.txt : 1003652 ms.
--------------------------------------------------
benchmarks_EXC/INST_81x81/40/inst81x81_40_19.txt : 1004914 ms.
--------------------------------------------------
benchmarks_EXC/INST_81x81/40/inst81x81_40_1.txt : 1002640 ms.
--------------------------------------------------
benchmarks_EXC/INST_81x81/40/inst81x81_40_20.txt : 1004155 ms.
--------------------------------------------------
benchmarks_EXC/INST_81x81/40/inst81x81_40_21.txt : 1004386 ms.
--------------------------------------------------
benchmarks_EXC/INST_81x81/40/inst81x81_40_22.txt : 1004230 ms.
--------------------------------------------------
benchmarks_EXC/INST_81x81/40/inst81x81_40_23.txt : 1003657 ms.
--------------------------------------------------
benchmarks_EXC/INST_81x81/40/inst81x81_40_24.txt : 1002854 ms.
--------------------------------------------------
benchmarks_EXC/INST_81x81/40/inst81x81_40_25.txt : 1002682 ms.
--------------------------------------------------
benchmarks_EXC/INST_81x81/40/inst81x81_40_26.txt : 1003028 ms.
--------------------------------------------------
benchmarks_EXC/INST_81x81/40/inst81x81_40_27.txt : 1003057 ms.
--------------------------------------------------
benchmarks_EXC/INST_81x81/40/inst81x81_40_28.txt : 1003072 ms.
--------------------------------------------------
benchmarks_EXC/INST_81x81/40/inst81x81_40_29.txt : 1003092 ms.
--------------------------------------------------
benchmarks_EXC/INST_81x81/40/inst81x81_40_2.txt : 1002931 ms.
--------------------------------------------------
benchmarks_EXC/INST_81x81/40/inst81x81_40_30.txt : 1003237 ms.
--------------------------------------------------
benchmarks_EXC/INST_81x81/40/inst81x81_40_31.txt : 1003240 ms.
--------------------------------------------------
benchmarks_EXC/INST_81x81/40/inst81x81_40_32.txt : 1003158 ms.
--------------------------------------------------
benchmarks_EXC/INST_81x81/40/inst81x81_40_33.txt : 1003129 ms.
--------------------------------------------------
benchmarks_EXC/INST_81x81/40/inst81x81_40_34.txt : 1003102 ms.
--------------------------------------------------
benchmarks_EXC/INST_81x81/40/inst81x81_40_35.txt : 1003047 ms.
--------------------------------------------------
benchmarks_EXC/INST_81x81/40/inst81x81_40_36.txt : 1003005 ms.
--------------------------------------------------
benchmarks_EXC/INST_81x81/40/inst81x81_40_37.txt : 1003080 ms.
--------------------------------------------------
benchmarks_EXC/INST_81x81/40/inst81x81_40_38.txt : 1003241 ms.
--------------------------------------------------
benchmarks_EXC/INST_81x81/40/inst81x81_40_39.txt : 1003005 ms.
--------------------------------------------------
benchmarks_EXC/INST_81x81/40/inst81x81_40_3.txt : 1003355 ms.
--------------------------------------------------
benchmarks_EXC/INST_81x81/40/inst81x81_40_40.txt : 1003349 ms.
--------------------------------------------------
benchmarks_EXC/INST_81x81/40/inst81x81_40_41.txt : 1003190 ms.
--------------------------------------------------
benchmarks_EXC/INST_81x81/40/inst81x81_40_42.txt : 1002670 ms.
--------------------------------------------------
benchmarks_EXC/INST_81x81/40/inst81x81_40_43.txt : 1003368 ms.
--------------------------------------------------
benchmarks_EXC/INST_81x81/40/inst81x81_40_44.txt : 1003324 ms.
--------------------------------------------------
benchmarks_EXC/INST_81x81/40/inst81x81_40_45.txt : 1003378 ms.
--------------------------------------------------
benchmarks_EXC/INST_81x81/40/inst81x81_40_46.txt : 1003110 ms.
--------------------------------------------------
benchmarks_EXC/INST_81x81/40/inst81x81_40_47.txt : 1003092 ms.
--------------------------------------------------
benchmarks_EXC/INST_81x81/40/inst81x81_40_48.txt : 1003398 ms.
--------------------------------------------------
benchmarks_EXC/INST_81x81/40/inst81x81_40_49.txt : 1003044 ms.
--------------------------------------------------
benchmarks_EXC/INST_81x81/40/inst81x81_40_4.txt : 1002906 ms.
--------------------------------------------------
benchmarks_EXC/INST_81x81/40/inst81x81_40_50.txt : 1003154 ms.
--------------------------------------------------
benchmarks_EXC/INST_81x81/40/inst81x81_40_51.txt : 1002805 ms.
--------------------------------------------------
benchmarks_EXC/INST_81x81/40/inst81x81_40_52.txt : 1003120 ms.
--------------------------------------------------
benchmarks_EXC/INST_81x81/40/inst81x81_40_53.txt : 1003105 ms.
--------------------------------------------------
benchmarks_EXC/INST_81x81/40/inst81x81_40_54.txt : 1002903 ms.
--------------------------------------------------
benchmarks_EXC/INST_81x81/40/inst81x81_40_55.txt : 1003226 ms.
--------------------------------------------------
benchmarks_EXC/INST_81x81/40/inst81x81_40_56.txt : 1003208 ms.
--------------------------------------------------
benchmarks_EXC/INST_81x81/40/inst81x81_40_57.txt : 1003218 ms.
--------------------------------------------------
benchmarks_EXC/INST_81x81/40/inst81x81_40_58.txt : 1002976 ms.
--------------------------------------------------
benchmarks_EXC/INST_81x81/40/inst81x81_40_59.txt : 1003290 ms.
--------------------------------------------------
benchmarks_EXC/INST_81x81/40/inst81x81_40_5.txt : 1003106 ms.
--------------------------------------------------
benchmarks_EXC/INST_81x81/40/inst81x81_40_60.txt : 1003272 ms.
--------------------------------------------------
benchmarks_EXC/INST_81x81/40/inst81x81_40_61.txt : 1003001 ms.
--------------------------------------------------
benchmarks_EXC/INST_81x81/40/inst81x81_40_62.txt : 1003359 ms.
--------------------------------------------------
benchmarks_EXC/INST_81x81/40/inst81x81_40_63.txt : 1003039 ms.
--------------------------------------------------
benchmarks_EXC/INST_81x81/40/inst81x81_40_64.txt : 1004509 ms.
--------------------------------------------------
benchmarks_EXC/INST_81x81/40/inst81x81_40_65.txt : 1003100 ms.
--------------------------------------------------
benchmarks_EXC/INST_81x81/40/inst81x81_40_66.txt : 1002596 ms.
--------------------------------------------------
benchmarks_EXC/INST_81x81/40/inst81x81_40_67.txt : 1003053 ms.
--------------------------------------------------
benchmarks_EXC/INST_81x81/40/inst81x81_40_68.txt : 1003807 ms.
--------------------------------------------------
benchmarks_EXC/INST_81x81/40/inst81x81_40_69.txt : 1003209 ms.
--------------------------------------------------
python: can't open file '/home/hanrui/Sudoku-LS/solvers/sudoku_ort/sudoku_dyh.py': [Errno 2] No such file or directory
benchmarks_EXC/INST_81x81/40/inst81x81_40_6.txt : 60 ms.
--------------------------------------------------
python: can't open file '/home/hanrui/Sudoku-LS/solvers/sudoku_ort/sudoku_dyh.py': [Errno 2] No such file or directory
benchmarks_EXC/INST_81x81/40/inst81x81_40_70.txt : 59 ms.
--------------------------------------------------
python: can't open file '/home/hanrui/Sudoku-LS/solvers/sudoku_ort/sudoku_dyh.py': [Errno 2] No such file or directory
benchmarks_EXC/INST_81x81/40/inst81x81_40_71.txt : 53 ms.
--------------------------------------------------
python: can't open file '/home/hanrui/Sudoku-LS/solvers/sudoku_ort/sudoku_dyh.py': [Errno 2] No such file or directory
benchmarks_EXC/INST_81x81/40/inst81x81_40_72.txt : 60 ms.
--------------------------------------------------
python: can't open file '/home/hanrui/Sudoku-LS/solvers/sudoku_ort/sudoku_dyh.py': [Errno 2] No such file or directory
benchmarks_EXC/INST_81x81/40/inst81x81_40_73.txt : 61 ms.
--------------------------------------------------
python: can't open file '/home/hanrui/Sudoku-LS/solvers/sudoku_ort/sudoku_dyh.py': [Errno 2] No such file or directory
benchmarks_EXC/INST_81x81/40/inst81x81_40_74.txt : 57 ms.
--------------------------------------------------
python: can't open file '/home/hanrui/Sudoku-LS/solvers/sudoku_ort/sudoku_dyh.py': [Errno 2] No such file or directory
benchmarks_EXC/INST_81x81/40/inst81x81_40_75.txt : 62 ms.
--------------------------------------------------
python: can't open file '/home/hanrui/Sudoku-LS/solvers/sudoku_ort/sudoku_dyh.py': [Errno 2] No such file or directory
benchmarks_EXC/INST_81x81/40/inst81x81_40_76.txt : 60 ms.
--------------------------------------------------
python: can't open file '/home/hanrui/Sudoku-LS/solvers/sudoku_ort/sudoku_dyh.py': [Errno 2] No such file or directory
benchmarks_EXC/INST_81x81/40/inst81x81_40_77.txt : 54 ms.
--------------------------------------------------
python: can't open file '/home/hanrui/Sudoku-LS/solvers/sudoku_ort/sudoku_dyh.py': [Errno 2] No such file or directory
benchmarks_EXC/INST_81x81/40/inst81x81_40_78.txt : 57 ms.
--------------------------------------------------
python: can't open file '/home/hanrui/Sudoku-LS/solvers/sudoku_ort/sudoku_dyh.py': [Errno 2] No such file or directory
benchmarks_EXC/INST_81x81/40/inst81x81_40_79.txt : 62 ms.
--------------------------------------------------
python: can't open file '/home/hanrui/Sudoku-LS/solvers/sudoku_ort/sudoku_dyh.py': [Errno 2] No such file or directory
benchmarks_EXC/INST_81x81/40/inst81x81_40_7.txt : 57 ms.
--------------------------------------------------
python: can't open file '/home/hanrui/Sudoku-LS/solvers/sudoku_ort/sudoku_dyh.py': [Errno 2] No such file or directory
benchmarks_EXC/INST_81x81/40/inst81x81_40_80.txt : 62 ms.
--------------------------------------------------
python: can't open file '/home/hanrui/Sudoku-LS/solvers/sudoku_ort/sudoku_dyh.py': [Errno 2] No such file or directory
benchmarks_EXC/INST_81x81/40/inst81x81_40_81.txt : 58 ms.
--------------------------------------------------
python: can't open file '/home/hanrui/Sudoku-LS/solvers/sudoku_ort/sudoku_dyh.py': [Errno 2] No such file or directory
benchmarks_EXC/INST_81x81/40/inst81x81_40_82.txt : 58 ms.
--------------------------------------------------
python: can't open file '/home/hanrui/Sudoku-LS/solvers/sudoku_ort/sudoku_dyh.py': [Errno 2] No such file or directory
benchmarks_EXC/INST_81x81/40/inst81x81_40_83.txt : 65 ms.
--------------------------------------------------
python: can't open file '/home/hanrui/Sudoku-LS/solvers/sudoku_ort/sudoku_dyh.py': [Errno 2] No such file or directory
benchmarks_EXC/INST_81x81/40/inst81x81_40_84.txt : 57 ms.
--------------------------------------------------
python: can't open file '/home/hanrui/Sudoku-LS/solvers/sudoku_ort/sudoku_dyh.py': [Errno 2] No such file or directory
benchmarks_EXC/INST_81x81/40/inst81x81_40_85.txt : 54 ms.
--------------------------------------------------
python: can't open file '/home/hanrui/Sudoku-LS/solvers/sudoku_ort/sudoku_dyh.py': [Errno 2] No such file or directory
benchmarks_EXC/INST_81x81/40/inst81x81_40_86.txt : 52 ms.
--------------------------------------------------
python: can't open file '/home/hanrui/Sudoku-LS/solvers/sudoku_ort/sudoku_dyh.py': [Errno 2] No such file or directory
benchmarks_EXC/INST_81x81/40/inst81x81_40_87.txt : 55 ms.
--------------------------------------------------
python: can't open file '/home/hanrui/Sudoku-LS/solvers/sudoku_ort/sudoku_dyh.py': [Errno 2] No such file or directory
benchmarks_EXC/INST_81x81/40/inst81x81_40_88.txt : 55 ms.
--------------------------------------------------
python: can't open file '/home/hanrui/Sudoku-LS/solvers/sudoku_ort/sudoku_dyh.py': [Errno 2] No such file or directory
benchmarks_EXC/INST_81x81/40/inst81x81_40_89.txt : 47 ms.
--------------------------------------------------
python: can't open file '/home/hanrui/Sudoku-LS/solvers/sudoku_ort/sudoku_dyh.py': [Errno 2] No such file or directory
benchmarks_EXC/INST_81x81/40/inst81x81_40_8.txt : 52 ms.
--------------------------------------------------
python: can't open file '/home/hanrui/Sudoku-LS/solvers/sudoku_ort/sudoku_dyh.py': [Errno 2] No such file or directory
benchmarks_EXC/INST_81x81/40/inst81x81_40_90.txt : 55 ms.
--------------------------------------------------
python: can't open file '/home/hanrui/Sudoku-LS/solvers/sudoku_ort/sudoku_dyh.py': [Errno 2] No such file or directory
benchmarks_EXC/INST_81x81/40/inst81x81_40_91.txt : 56 ms.
--------------------------------------------------
python: can't open file '/home/hanrui/Sudoku-LS/solvers/sudoku_ort/sudoku_dyh.py': [Errno 2] No such file or directory
benchmarks_EXC/INST_81x81/40/inst81x81_40_92.txt : 55 ms.
--------------------------------------------------
python: can't open file '/home/hanrui/Sudoku-LS/solvers/sudoku_ort/sudoku_dyh.py': [Errno 2] No such file or directory
benchmarks_EXC/INST_81x81/40/inst81x81_40_93.txt : 52 ms.
--------------------------------------------------
python: can't open file '/home/hanrui/Sudoku-LS/solvers/sudoku_ort/sudoku_dyh.py': [Errno 2] No such file or directory
benchmarks_EXC/INST_81x81/40/inst81x81_40_94.txt : 50 ms.
--------------------------------------------------
python: can't open file '/home/hanrui/Sudoku-LS/solvers/sudoku_ort/sudoku_dyh.py': [Errno 2] No such file or directory
benchmarks_EXC/INST_81x81/40/inst81x81_40_95.txt : 52 ms.
--------------------------------------------------
python: can't open file '/home/hanrui/Sudoku-LS/solvers/sudoku_ort/sudoku_dyh.py': [Errno 2] No such file or directory
benchmarks_EXC/INST_81x81/40/inst81x81_40_96.txt : 55 ms.
--------------------------------------------------
python: can't open file '/home/hanrui/Sudoku-LS/solvers/sudoku_ort/sudoku_dyh.py': [Errno 2] No such file or directory
benchmarks_EXC/INST_81x81/40/inst81x81_40_97.txt : 55 ms.
--------------------------------------------------
python: can't open file '/home/hanrui/Sudoku-LS/solvers/sudoku_ort/sudoku_dyh.py': [Errno 2] No such file or directory
benchmarks_EXC/INST_81x81/40/inst81x81_40_98.txt : 54 ms.
--------------------------------------------------
python: can't open file '/home/hanrui/Sudoku-LS/solvers/sudoku_ort/sudoku_dyh.py': [Errno 2] No such file or directory
benchmarks_EXC/INST_81x81/40/inst81x81_40_99.txt : 54 ms.
--------------------------------------------------
python: can't open file '/home/hanrui/Sudoku-LS/solvers/sudoku_ort/sudoku_dyh.py': [Errno 2] No such file or directory
benchmarks_EXC/INST_81x81/40/inst81x81_40_9.txt : 48 ms.
run.sh: line 84: syntax error near unexpected token `fi'
run.sh: line 84: `    fi'
