--------------------------------------------------
benchmarks/INST_49x49/50/inst49x49_50_0.txt find answer: 11.920000
benchmarks/INST_49x49/50/inst49x49_50_0.txt : 12114 ms.
--------------------------------------------------
benchmarks/INST_49x49/50/inst49x49_50_10.txt find answer: 178.010000
benchmarks/INST_49x49/50/inst49x49_50_10.txt : 178585 ms.
--------------------------------------------------
benchmarks/INST_49x49/50/inst49x49_50_11.txt find answer: 68.710000
benchmarks/INST_49x49/50/inst49x49_50_11.txt : 69015 ms.
--------------------------------------------------
benchmarks/INST_49x49/50/inst49x49_50_12.txt find answer: 121.370000
benchmarks/INST_49x49/50/inst49x49_50_12.txt : 121795 ms.
--------------------------------------------------
benchmarks/INST_49x49/50/inst49x49_50_13.txt find answer: 22.600000
benchmarks/INST_49x49/50/inst49x49_50_13.txt : 22784 ms.
--------------------------------------------------
benchmarks/INST_49x49/50/inst49x49_50_14.txt find answer: 7.420000
benchmarks/INST_49x49/50/inst49x49_50_14.txt : 7627 ms.
--------------------------------------------------
benchmarks/INST_49x49/50/inst49x49_50_15.txt find answer: 9.100000
benchmarks/INST_49x49/50/inst49x49_50_15.txt : 9269 ms.
--------------------------------------------------
benchmarks/INST_49x49/50/inst49x49_50_16.txt find answer: 30.550000
benchmarks/INST_49x49/50/inst49x49_50_16.txt : 30772 ms.
--------------------------------------------------
benchmarks/INST_49x49/50/inst49x49_50_17.txt find answer: 17.080000
benchmarks/INST_49x49/50/inst49x49_50_17.txt : 17276 ms.
--------------------------------------------------
benchmarks/INST_49x49/50/inst49x49_50_18.txt find answer: 29.330000
benchmarks/INST_49x49/50/inst49x49_50_18.txt : 29528 ms.
--------------------------------------------------
benchmarks/INST_49x49/50/inst49x49_50_19.txt find answer: 69.520000
benchmarks/INST_49x49/50/inst49x49_50_19.txt : 69813 ms.
--------------------------------------------------
benchmarks/INST_49x49/50/inst49x49_50_1.txt find answer: 107.610000
benchmarks/INST_49x49/50/inst49x49_50_1.txt : 108001 ms.
--------------------------------------------------
benchmarks/INST_49x49/50/inst49x49_50_20.txt find answer: 7.500000
benchmarks/INST_49x49/50/inst49x49_50_20.txt : 7665 ms.
--------------------------------------------------
benchmarks/INST_49x49/50/inst49x49_50_21.txt find answer: 195.620000
benchmarks/INST_49x49/50/inst49x49_50_21.txt : 196233 ms.
--------------------------------------------------
benchmarks/INST_49x49/50/inst49x49_50_22.txt find answer: 581.710000
benchmarks/INST_49x49/50/inst49x49_50_22.txt : 583231 ms.
--------------------------------------------------
benchmarks/INST_49x49/50/inst49x49_50_23.txt find answer: 10.400000
benchmarks/INST_49x49/50/inst49x49_50_23.txt : 10562 ms.
--------------------------------------------------
benchmarks/INST_49x49/50/inst49x49_50_24.txt find answer: 178.980000
benchmarks/INST_49x49/50/inst49x49_50_24.txt : 179535 ms.
--------------------------------------------------
benchmarks/INST_49x49/50/inst49x49_50_25.txt find answer: 12.150000
benchmarks/INST_49x49/50/inst49x49_50_25.txt : 12413 ms.
--------------------------------------------------
benchmarks/INST_49x49/50/inst49x49_50_26.txt find answer: 333.850000
benchmarks/INST_49x49/50/inst49x49_50_26.txt : 334812 ms.
--------------------------------------------------
benchmarks/INST_49x49/50/inst49x49_50_27.txt find answer: 59.070000
benchmarks/INST_49x49/50/inst49x49_50_27.txt : 59351 ms.
--------------------------------------------------
benchmarks/INST_49x49/50/inst49x49_50_28.txt find answer: 20.120000
benchmarks/INST_49x49/50/inst49x49_50_28.txt : 20297 ms.
--------------------------------------------------
benchmarks/INST_49x49/50/inst49x49_50_29.txt find answer: 3.330000
benchmarks/INST_49x49/50/inst49x49_50_29.txt : 3469 ms.
--------------------------------------------------
benchmarks/INST_49x49/50/inst49x49_50_2.txt find answer: 11.290000
benchmarks/INST_49x49/50/inst49x49_50_2.txt : 11441 ms.
--------------------------------------------------
benchmarks/INST_49x49/50/inst49x49_50_30.txt find answer: 280.110000
benchmarks/INST_49x49/50/inst49x49_50_30.txt : 280923 ms.
--------------------------------------------------
benchmarks/INST_49x49/50/inst49x49_50_31.txt find answer: 24.180000
benchmarks/INST_49x49/50/inst49x49_50_31.txt : 24371 ms.
--------------------------------------------------
benchmarks/INST_49x49/50/inst49x49_50_32.txt find answer: 21.100000
benchmarks/INST_49x49/50/inst49x49_50_32.txt : 21280 ms.
--------------------------------------------------
benchmarks/INST_49x49/50/inst49x49_50_33.txt find answer: 85.820000
benchmarks/INST_49x49/50/inst49x49_50_33.txt : 86161 ms.
--------------------------------------------------
benchmarks/INST_49x49/50/inst49x49_50_34.txt find answer: 33.510000
benchmarks/INST_49x49/50/inst49x49_50_34.txt : 33710 ms.
--------------------------------------------------
benchmarks/INST_49x49/50/inst49x49_50_35.txt find answer: 365.530000
benchmarks/INST_49x49/50/inst49x49_50_35.txt : 366538 ms.
--------------------------------------------------
benchmarks/INST_49x49/50/inst49x49_50_36.txt find answer: 8.230000
benchmarks/INST_49x49/50/inst49x49_50_36.txt : 8395 ms.
--------------------------------------------------
benchmarks/INST_49x49/50/inst49x49_50_37.txt find answer: 24.500000
benchmarks/INST_49x49/50/inst49x49_50_37.txt : 24706 ms.
--------------------------------------------------
benchmarks/INST_49x49/50/inst49x49_50_38.txt find answer: 629.200000
benchmarks/INST_49x49/50/inst49x49_50_38.txt : 630856 ms.
--------------------------------------------------
benchmarks/INST_49x49/50/inst49x49_50_39.txt find answer: 15.850000
benchmarks/INST_49x49/50/inst49x49_50_39.txt : 16043 ms.
--------------------------------------------------
benchmarks/INST_49x49/50/inst49x49_50_3.txt find answer: 42.410000
benchmarks/INST_49x49/50/inst49x49_50_3.txt : 42671 ms.
--------------------------------------------------
benchmarks/INST_49x49/50/inst49x49_50_40.txt find answer: 6.140000
benchmarks/INST_49x49/50/inst49x49_50_40.txt : 6335 ms.
--------------------------------------------------
benchmarks/INST_49x49/50/inst49x49_50_41.txt find answer: 7.250000
benchmarks/INST_49x49/50/inst49x49_50_41.txt : 7419 ms.
--------------------------------------------------
benchmarks/INST_49x49/50/inst49x49_50_42.txt find answer: 51.090000
benchmarks/INST_49x49/50/inst49x49_50_42.txt : 51385 ms.
--------------------------------------------------
benchmarks/INST_49x49/50/inst49x49_50_43.txt find answer: 35.630000
benchmarks/INST_49x49/50/inst49x49_50_43.txt : 35861 ms.
--------------------------------------------------
benchmarks/INST_49x49/50/inst49x49_50_44.txt find answer: 70.350000
benchmarks/INST_49x49/50/inst49x49_50_44.txt : 70692 ms.
--------------------------------------------------
benchmarks/INST_49x49/50/inst49x49_50_45.txt find answer: 19.090000
benchmarks/INST_49x49/50/inst49x49_50_45.txt : 19284 ms.
--------------------------------------------------
benchmarks/INST_49x49/50/inst49x49_50_46.txt find answer: 152.370000
benchmarks/INST_49x49/50/inst49x49_50_46.txt : 152864 ms.
--------------------------------------------------
benchmarks/INST_49x49/50/inst49x49_50_47.txt find answer: 43.020000
benchmarks/INST_49x49/50/inst49x49_50_47.txt : 43289 ms.
--------------------------------------------------
benchmarks/INST_49x49/50/inst49x49_50_48.txt find answer: 12.810000
benchmarks/INST_49x49/50/inst49x49_50_48.txt : 12998 ms.
--------------------------------------------------
benchmarks/INST_49x49/50/inst49x49_50_49.txt find answer: 8.650000
benchmarks/INST_49x49/50/inst49x49_50_49.txt : 8822 ms.
--------------------------------------------------
benchmarks/INST_49x49/50/inst49x49_50_4.txt find answer: 8.450000
benchmarks/INST_49x49/50/inst49x49_50_4.txt : 8654 ms.
--------------------------------------------------
benchmarks/INST_49x49/50/inst49x49_50_50.txt find answer: 684.800000
benchmarks/INST_49x49/50/inst49x49_50_50.txt : 686596 ms.
--------------------------------------------------
benchmarks/INST_49x49/50/inst49x49_50_51.txt find answer: 33.330000
benchmarks/INST_49x49/50/inst49x49_50_51.txt : 33569 ms.
--------------------------------------------------
benchmarks/INST_49x49/50/inst49x49_50_52.txt find answer: 277.270000
benchmarks/INST_49x49/50/inst49x49_50_52.txt : 278076 ms.
--------------------------------------------------
benchmarks/INST_49x49/50/inst49x49_50_53.txt find answer: 10.450000
benchmarks/INST_49x49/50/inst49x49_50_53.txt : 10633 ms.
--------------------------------------------------
benchmarks/INST_49x49/50/inst49x49_50_54.txt find answer: 26.060000
benchmarks/INST_49x49/50/inst49x49_50_54.txt : 26294 ms.
--------------------------------------------------
benchmarks/INST_49x49/50/inst49x49_50_55.txt find answer: 145.980000
benchmarks/INST_49x49/50/inst49x49_50_55.txt : 146520 ms.
--------------------------------------------------
benchmarks/INST_49x49/50/inst49x49_50_56.txt find answer: 18.190000
benchmarks/INST_49x49/50/inst49x49_50_56.txt : 18401 ms.
--------------------------------------------------
benchmarks/INST_49x49/50/inst49x49_50_57.txt find answer: 205.910000
benchmarks/INST_49x49/50/inst49x49_50_57.txt : 206563 ms.
--------------------------------------------------
benchmarks/INST_49x49/50/inst49x49_50_58.txt find answer: 149.050000
benchmarks/INST_49x49/50/inst49x49_50_58.txt : 149662 ms.
--------------------------------------------------
benchmarks/INST_49x49/50/inst49x49_50_59.txt find answer: 341.910000
benchmarks/INST_49x49/50/inst49x49_50_59.txt : 342882 ms.
--------------------------------------------------
benchmarks/INST_49x49/50/inst49x49_50_5.txt find answer: 22.580000
benchmarks/INST_49x49/50/inst49x49_50_5.txt : 22814 ms.
--------------------------------------------------
benchmarks/INST_49x49/50/inst49x49_50_60.txt find answer: 115.740000
benchmarks/INST_49x49/50/inst49x49_50_60.txt : 116191 ms.
--------------------------------------------------
benchmarks/INST_49x49/50/inst49x49_50_61.txt find answer: 25.940000
benchmarks/INST_49x49/50/inst49x49_50_61.txt : 26174 ms.
--------------------------------------------------
benchmarks/INST_49x49/50/inst49x49_50_62.txt find answer: 14.750000
benchmarks/INST_49x49/50/inst49x49_50_62.txt : 14989 ms.
--------------------------------------------------
benchmarks/INST_49x49/50/inst49x49_50_63.txt find answer: 62.220000
benchmarks/INST_49x49/50/inst49x49_50_63.txt : 62526 ms.
--------------------------------------------------
benchmarks/INST_49x49/50/inst49x49_50_64.txt find answer: 73.450000
benchmarks/INST_49x49/50/inst49x49_50_64.txt : 73800 ms.
--------------------------------------------------
benchmarks/INST_49x49/50/inst49x49_50_65.txt find answer: 21.980000
benchmarks/INST_49x49/50/inst49x49_50_65.txt : 22234 ms.
--------------------------------------------------
benchmarks/INST_49x49/50/inst49x49_50_66.txt find answer: 13.260000
benchmarks/INST_49x49/50/inst49x49_50_66.txt : 13681 ms.
--------------------------------------------------
benchmarks/INST_49x49/50/inst49x49_50_67.txt find answer: 45.000000
benchmarks/INST_49x49/50/inst49x49_50_67.txt : 45308 ms.
--------------------------------------------------
benchmarks/INST_49x49/50/inst49x49_50_68.txt find answer: 131.150000
benchmarks/INST_49x49/50/inst49x49_50_68.txt : 131616 ms.
--------------------------------------------------
benchmarks/INST_49x49/50/inst49x49_50_69.txt find answer: 23.560000
benchmarks/INST_49x49/50/inst49x49_50_69.txt : 23927 ms.
--------------------------------------------------
benchmarks/INST_49x49/50/inst49x49_50_6.txt find answer: 6.580000
benchmarks/INST_49x49/50/inst49x49_50_6.txt : 6847 ms.
--------------------------------------------------
benchmarks/INST_49x49/50/inst49x49_50_70.txt find answer: 112.700000
benchmarks/INST_49x49/50/inst49x49_50_70.txt : 113213 ms.
--------------------------------------------------
benchmarks/INST_49x49/50/inst49x49_50_71.txt find answer: 14.080000
benchmarks/INST_49x49/50/inst49x49_50_71.txt : 14399 ms.
--------------------------------------------------
benchmarks/INST_49x49/50/inst49x49_50_72.txt find answer: 80.940000
benchmarks/INST_49x49/50/inst49x49_50_72.txt : 81301 ms.
--------------------------------------------------
benchmarks/INST_49x49/50/inst49x49_50_73.txt find answer: 117.570000
benchmarks/INST_49x49/50/inst49x49_50_73.txt : 118018 ms.
--------------------------------------------------
benchmarks/INST_49x49/50/inst49x49_50_74.txt find answer: 9.540000
benchmarks/INST_49x49/50/inst49x49_50_74.txt : 9715 ms.
--------------------------------------------------
benchmarks/INST_49x49/50/inst49x49_50_75.txt find answer: 226.220000
benchmarks/INST_49x49/50/inst49x49_50_75.txt : 226917 ms.
--------------------------------------------------
benchmarks/INST_49x49/50/inst49x49_50_76.txt find answer: 274.770000
benchmarks/INST_49x49/50/inst49x49_50_76.txt : 275588 ms.
--------------------------------------------------
benchmarks/INST_49x49/50/inst49x49_50_77.txt find answer: 57.420000
benchmarks/INST_49x49/50/inst49x49_50_77.txt : 57717 ms.
--------------------------------------------------
benchmarks/INST_49x49/50/inst49x49_50_78.txt find answer: 60.760000
benchmarks/INST_49x49/50/inst49x49_50_78.txt : 61054 ms.
--------------------------------------------------
benchmarks/INST_49x49/50/inst49x49_50_79.txt find answer: 13.370000
benchmarks/INST_49x49/50/inst49x49_50_79.txt : 13551 ms.
--------------------------------------------------
benchmarks/INST_49x49/50/inst49x49_50_7.txt find answer: 18.820000
benchmarks/INST_49x49/50/inst49x49_50_7.txt : 19027 ms.
--------------------------------------------------
benchmarks/INST_49x49/50/inst49x49_50_80.txt find answer: 267.180000
benchmarks/INST_49x49/50/inst49x49_50_80.txt : 267965 ms.
--------------------------------------------------
benchmarks/INST_49x49/50/inst49x49_50_81.txt find answer: 5.690000
benchmarks/INST_49x49/50/inst49x49_50_81.txt : 5872 ms.
--------------------------------------------------
benchmarks/INST_49x49/50/inst49x49_50_82.txt find answer: 8.420000
benchmarks/INST_49x49/50/inst49x49_50_82.txt : 8619 ms.
--------------------------------------------------
benchmarks/INST_49x49/50/inst49x49_50_83.txt find answer: 15.070000
benchmarks/INST_49x49/50/inst49x49_50_83.txt : 15273 ms.
--------------------------------------------------
benchmarks/INST_49x49/50/inst49x49_50_84.txt find answer: 86.700000
benchmarks/INST_49x49/50/inst49x49_50_84.txt : 87049 ms.
--------------------------------------------------
benchmarks/INST_49x49/50/inst49x49_50_85.txt find answer: 55.690000
benchmarks/INST_49x49/50/inst49x49_50_85.txt : 55997 ms.
--------------------------------------------------
benchmarks/INST_49x49/50/inst49x49_50_86.txt find answer: 157.450000
benchmarks/INST_49x49/50/inst49x49_50_86.txt : 157963 ms.
--------------------------------------------------
benchmarks/INST_49x49/50/inst49x49_50_87.txt find answer: 11.180000
benchmarks/INST_49x49/50/inst49x49_50_87.txt : 11378 ms.
--------------------------------------------------
benchmarks/INST_49x49/50/inst49x49_50_88.txt find answer: 212.310000
benchmarks/INST_49x49/50/inst49x49_50_88.txt : 212972 ms.
--------------------------------------------------
benchmarks/INST_49x49/50/inst49x49_50_89.txt find answer: 107.920000
benchmarks/INST_49x49/50/inst49x49_50_89.txt : 108350 ms.
--------------------------------------------------
benchmarks/INST_49x49/50/inst49x49_50_8.txt find answer: 119.790000
benchmarks/INST_49x49/50/inst49x49_50_8.txt : 120292 ms.
--------------------------------------------------
benchmarks/INST_49x49/50/inst49x49_50_90.txt find answer: 267.910000
benchmarks/INST_49x49/50/inst49x49_50_90.txt : 268718 ms.
--------------------------------------------------
benchmarks/INST_49x49/50/inst49x49_50_91.txt find answer: 40.630000
benchmarks/INST_49x49/50/inst49x49_50_91.txt : 40881 ms.
--------------------------------------------------
benchmarks/INST_49x49/50/inst49x49_50_92.txt find answer: 15.220000
benchmarks/INST_49x49/50/inst49x49_50_92.txt : 15408 ms.
--------------------------------------------------
benchmarks/INST_49x49/50/inst49x49_50_93.txt find answer: 11.470000
benchmarks/INST_49x49/50/inst49x49_50_93.txt : 11639 ms.
--------------------------------------------------
benchmarks/INST_49x49/50/inst49x49_50_94.txt : 1003545 ms.
--------------------------------------------------
benchmarks/INST_49x49/50/inst49x49_50_95.txt find answer: 30.140000
benchmarks/INST_49x49/50/inst49x49_50_95.txt : 30366 ms.
--------------------------------------------------
benchmarks/INST_49x49/50/inst49x49_50_96.txt find answer: 6.210000
benchmarks/INST_49x49/50/inst49x49_50_96.txt : 6407 ms.
--------------------------------------------------
benchmarks/INST_49x49/50/inst49x49_50_97.txt : 1014091 ms.
--------------------------------------------------
benchmarks/INST_49x49/50/inst49x49_50_98.txt find answer: 4.030000
benchmarks/INST_49x49/50/inst49x49_50_98.txt : 4205 ms.
--------------------------------------------------
benchmarks/INST_49x49/50/inst49x49_50_99.txt find answer: 126.260000
benchmarks/INST_49x49/50/inst49x49_50_99.txt : 126728 ms.
--------------------------------------------------
benchmarks/INST_49x49/50/inst49x49_50_9.txt find answer: 20.680000
benchmarks/INST_49x49/50/inst49x49_50_9.txt : 20881 ms.
run.sh: line 77: 3: command not found
run.sh: line 78: syntax error near unexpected token `fi'
run.sh: line 78: `    fi'
