--------------------------------------------------
benchmarks/INST_81x81/40/inst81x81_40_0.txt find answer: 13.430000
benchmarks/INST_81x81/40/inst81x81_40_0.txt : 14196 ms.
--------------------------------------------------
benchmarks/INST_81x81/40/inst81x81_40_10.txt find answer: 24.120000
benchmarks/INST_81x81/40/inst81x81_40_10.txt : 24892 ms.
--------------------------------------------------
benchmarks/INST_81x81/40/inst81x81_40_11.txt find answer: 66.520000
benchmarks/INST_81x81/40/inst81x81_40_11.txt : 67363 ms.
--------------------------------------------------
benchmarks/INST_81x81/40/inst81x81_40_12.txt find answer: 9.740000
benchmarks/INST_81x81/40/inst81x81_40_12.txt : 10427 ms.
--------------------------------------------------
benchmarks/INST_81x81/40/inst81x81_40_13.txt find answer: 11.750000
benchmarks/INST_81x81/40/inst81x81_40_13.txt : 12438 ms.
--------------------------------------------------
benchmarks/INST_81x81/40/inst81x81_40_14.txt find answer: 9.460000
benchmarks/INST_81x81/40/inst81x81_40_14.txt : 10155 ms.
--------------------------------------------------
benchmarks/INST_81x81/40/inst81x81_40_15.txt find answer: 16.330000
benchmarks/INST_81x81/40/inst81x81_40_15.txt : 17125 ms.
--------------------------------------------------
benchmarks/INST_81x81/40/inst81x81_40_16.txt find answer: 10.020000
benchmarks/INST_81x81/40/inst81x81_40_16.txt : 10722 ms.
--------------------------------------------------
benchmarks/INST_81x81/40/inst81x81_40_17.txt find answer: 27.200000
benchmarks/INST_81x81/40/inst81x81_40_17.txt : 28033 ms.
--------------------------------------------------
benchmarks/INST_81x81/40/inst81x81_40_18.txt find answer: 19.740000
benchmarks/INST_81x81/40/inst81x81_40_18.txt : 20478 ms.
--------------------------------------------------
benchmarks/INST_81x81/40/inst81x81_40_19.txt find answer: 6.050000
benchmarks/INST_81x81/40/inst81x81_40_19.txt : 6749 ms.
--------------------------------------------------
benchmarks/INST_81x81/40/inst81x81_40_1.txt find answer: 11.370000
benchmarks/INST_81x81/40/inst81x81_40_1.txt : 12083 ms.
--------------------------------------------------
benchmarks/INST_81x81/40/inst81x81_40_20.txt find answer: 26.730000
benchmarks/INST_81x81/40/inst81x81_40_20.txt : 27467 ms.
--------------------------------------------------
benchmarks/INST_81x81/40/inst81x81_40_21.txt find answer: 20.270000
benchmarks/INST_81x81/40/inst81x81_40_21.txt : 20993 ms.
--------------------------------------------------
benchmarks/INST_81x81/40/inst81x81_40_22.txt find answer: 7.220000
benchmarks/INST_81x81/40/inst81x81_40_22.txt : 8067 ms.
--------------------------------------------------
benchmarks/INST_81x81/40/inst81x81_40_23.txt find answer: 13.650000
benchmarks/INST_81x81/40/inst81x81_40_23.txt : 14446 ms.
--------------------------------------------------
benchmarks/INST_81x81/40/inst81x81_40_24.txt find answer: 9.830000
benchmarks/INST_81x81/40/inst81x81_40_24.txt : 10602 ms.
--------------------------------------------------
benchmarks/INST_81x81/40/inst81x81_40_25.txt find answer: 16.190000
benchmarks/INST_81x81/40/inst81x81_40_25.txt : 17065 ms.
--------------------------------------------------
benchmarks/INST_81x81/40/inst81x81_40_26.txt find answer: 9.890000
benchmarks/INST_81x81/40/inst81x81_40_26.txt : 10603 ms.
--------------------------------------------------
benchmarks/INST_81x81/40/inst81x81_40_27.txt find answer: 57.410000
benchmarks/INST_81x81/40/inst81x81_40_27.txt : 58259 ms.
--------------------------------------------------
benchmarks/INST_81x81/40/inst81x81_40_28.txt find answer: 55.790000
benchmarks/INST_81x81/40/inst81x81_40_28.txt : 56612 ms.
--------------------------------------------------
benchmarks/INST_81x81/40/inst81x81_40_29.txt find answer: 26.460000
benchmarks/INST_81x81/40/inst81x81_40_29.txt : 27305 ms.
--------------------------------------------------
benchmarks/INST_81x81/40/inst81x81_40_2.txt find answer: 25.290000
benchmarks/INST_81x81/40/inst81x81_40_2.txt : 26108 ms.
--------------------------------------------------
benchmarks/INST_81x81/40/inst81x81_40_30.txt find answer: 28.600000
benchmarks/INST_81x81/40/inst81x81_40_30.txt : 29541 ms.
--------------------------------------------------
benchmarks/INST_81x81/40/inst81x81_40_31.txt find answer: 17.070000
benchmarks/INST_81x81/40/inst81x81_40_31.txt : 17839 ms.
--------------------------------------------------
benchmarks/INST_81x81/40/inst81x81_40_32.txt find answer: 9.010000
benchmarks/INST_81x81/40/inst81x81_40_32.txt : 9740 ms.
--------------------------------------------------
benchmarks/INST_81x81/40/inst81x81_40_33.txt find answer: 37.740000
benchmarks/INST_81x81/40/inst81x81_40_33.txt : 38541 ms.
--------------------------------------------------
benchmarks/INST_81x81/40/inst81x81_40_34.txt find answer: 13.640000
benchmarks/INST_81x81/40/inst81x81_40_34.txt : 14373 ms.
--------------------------------------------------
benchmarks/INST_81x81/40/inst81x81_40_35.txt find answer: 20.860000
benchmarks/INST_81x81/40/inst81x81_40_35.txt : 21598 ms.
--------------------------------------------------
benchmarks/INST_81x81/40/inst81x81_40_36.txt find answer: 34.450000
benchmarks/INST_81x81/40/inst81x81_40_36.txt : 35219 ms.
--------------------------------------------------
benchmarks/INST_81x81/40/inst81x81_40_37.txt find answer: 31.290000
benchmarks/INST_81x81/40/inst81x81_40_37.txt : 32103 ms.
--------------------------------------------------
benchmarks/INST_81x81/40/inst81x81_40_38.txt find answer: 13.210000
benchmarks/INST_81x81/40/inst81x81_40_38.txt : 13896 ms.
--------------------------------------------------
benchmarks/INST_81x81/40/inst81x81_40_39.txt find answer: 12.400000
benchmarks/INST_81x81/40/inst81x81_40_39.txt : 13131 ms.
--------------------------------------------------
benchmarks/INST_81x81/40/inst81x81_40_3.txt find answer: 18.320000
benchmarks/INST_81x81/40/inst81x81_40_3.txt : 19081 ms.
--------------------------------------------------
benchmarks/INST_81x81/40/inst81x81_40_40.txt find answer: 12.640000
benchmarks/INST_81x81/40/inst81x81_40_40.txt : 13375 ms.
--------------------------------------------------
benchmarks/INST_81x81/40/inst81x81_40_41.txt find answer: 12.490000
benchmarks/INST_81x81/40/inst81x81_40_41.txt : 13195 ms.
--------------------------------------------------
benchmarks/INST_81x81/40/inst81x81_40_42.txt find answer: 11.090000
benchmarks/INST_81x81/40/inst81x81_40_42.txt : 11806 ms.
--------------------------------------------------
benchmarks/INST_81x81/40/inst81x81_40_43.txt find answer: 10.270000
benchmarks/INST_81x81/40/inst81x81_40_43.txt : 10944 ms.
--------------------------------------------------
benchmarks/INST_81x81/40/inst81x81_40_44.txt find answer: 29.080000
benchmarks/INST_81x81/40/inst81x81_40_44.txt : 29860 ms.
--------------------------------------------------
benchmarks/INST_81x81/40/inst81x81_40_45.txt find answer: 83.740000
benchmarks/INST_81x81/40/inst81x81_40_45.txt : 84655 ms.
--------------------------------------------------
benchmarks/INST_81x81/40/inst81x81_40_46.txt find answer: 25.320000
benchmarks/INST_81x81/40/inst81x81_40_46.txt : 26052 ms.
--------------------------------------------------
benchmarks/INST_81x81/40/inst81x81_40_47.txt find answer: 21.040000
benchmarks/INST_81x81/40/inst81x81_40_47.txt : 21756 ms.
--------------------------------------------------
benchmarks/INST_81x81/40/inst81x81_40_48.txt find answer: 12.800000
benchmarks/INST_81x81/40/inst81x81_40_48.txt : 13527 ms.
--------------------------------------------------
benchmarks/INST_81x81/40/inst81x81_40_49.txt find answer: 18.110000
benchmarks/INST_81x81/40/inst81x81_40_49.txt : 18870 ms.
--------------------------------------------------
benchmarks/INST_81x81/40/inst81x81_40_4.txt find answer: 5.890000
benchmarks/INST_81x81/40/inst81x81_40_4.txt : 6573 ms.
--------------------------------------------------
benchmarks/INST_81x81/40/inst81x81_40_50.txt find answer: 30.440000
benchmarks/INST_81x81/40/inst81x81_40_50.txt : 31212 ms.
--------------------------------------------------
benchmarks/INST_81x81/40/inst81x81_40_51.txt find answer: 16.520000
benchmarks/INST_81x81/40/inst81x81_40_51.txt : 17260 ms.
--------------------------------------------------
benchmarks/INST_81x81/40/inst81x81_40_52.txt find answer: 20.410000
benchmarks/INST_81x81/40/inst81x81_40_52.txt : 21153 ms.
--------------------------------------------------
benchmarks/INST_81x81/40/inst81x81_40_53.txt find answer: 46.130000
benchmarks/INST_81x81/40/inst81x81_40_53.txt : 46936 ms.
--------------------------------------------------
benchmarks/INST_81x81/40/inst81x81_40_54.txt find answer: 12.770000
benchmarks/INST_81x81/40/inst81x81_40_54.txt : 13545 ms.
--------------------------------------------------
benchmarks/INST_81x81/40/inst81x81_40_55.txt find answer: 7.790000
benchmarks/INST_81x81/40/inst81x81_40_55.txt : 8465 ms.
--------------------------------------------------
benchmarks/INST_81x81/40/inst81x81_40_56.txt find answer: 5.450000
benchmarks/INST_81x81/40/inst81x81_40_56.txt : 6193 ms.
--------------------------------------------------
benchmarks/INST_81x81/40/inst81x81_40_57.txt find answer: 38.510000
benchmarks/INST_81x81/40/inst81x81_40_57.txt : 39405 ms.
--------------------------------------------------
benchmarks/INST_81x81/40/inst81x81_40_58.txt find answer: 9.750000
benchmarks/INST_81x81/40/inst81x81_40_58.txt : 10655 ms.
--------------------------------------------------
benchmarks/INST_81x81/40/inst81x81_40_59.txt find answer: 42.100000
benchmarks/INST_81x81/40/inst81x81_40_59.txt : 42903 ms.
--------------------------------------------------
benchmarks/INST_81x81/40/inst81x81_40_5.txt find answer: 14.300000
benchmarks/INST_81x81/40/inst81x81_40_5.txt : 15005 ms.
--------------------------------------------------
benchmarks/INST_81x81/40/inst81x81_40_60.txt find answer: 9.800000
benchmarks/INST_81x81/40/inst81x81_40_60.txt : 10513 ms.
--------------------------------------------------
benchmarks/INST_81x81/40/inst81x81_40_61.txt find answer: 11.170000
benchmarks/INST_81x81/40/inst81x81_40_61.txt : 11869 ms.
--------------------------------------------------
benchmarks/INST_81x81/40/inst81x81_40_62.txt find answer: 9.630000
benchmarks/INST_81x81/40/inst81x81_40_62.txt : 10328 ms.
--------------------------------------------------
benchmarks/INST_81x81/40/inst81x81_40_63.txt find answer: 19.930000
benchmarks/INST_81x81/40/inst81x81_40_63.txt : 20644 ms.
--------------------------------------------------
benchmarks/INST_81x81/40/inst81x81_40_64.txt find answer: 54.030000
benchmarks/INST_81x81/40/inst81x81_40_64.txt : 54831 ms.
--------------------------------------------------
benchmarks/INST_81x81/40/inst81x81_40_65.txt find answer: 17.940000
benchmarks/INST_81x81/40/inst81x81_40_65.txt : 18654 ms.
--------------------------------------------------
benchmarks/INST_81x81/40/inst81x81_40_66.txt find answer: 12.170000
benchmarks/INST_81x81/40/inst81x81_40_66.txt : 12860 ms.
--------------------------------------------------
benchmarks/INST_81x81/40/inst81x81_40_67.txt find answer: 81.640000
benchmarks/INST_81x81/40/inst81x81_40_67.txt : 82502 ms.
--------------------------------------------------
benchmarks/INST_81x81/40/inst81x81_40_68.txt find answer: 15.580000
benchmarks/INST_81x81/40/inst81x81_40_68.txt : 16280 ms.
--------------------------------------------------
benchmarks/INST_81x81/40/inst81x81_40_69.txt find answer: 39.090000
benchmarks/INST_81x81/40/inst81x81_40_69.txt : 39992 ms.
--------------------------------------------------
benchmarks/INST_81x81/40/inst81x81_40_6.txt find answer: 15.770000
benchmarks/INST_81x81/40/inst81x81_40_6.txt : 16476 ms.
--------------------------------------------------
benchmarks/INST_81x81/40/inst81x81_40_70.txt find answer: 28.190000
benchmarks/INST_81x81/40/inst81x81_40_70.txt : 28913 ms.
--------------------------------------------------
benchmarks/INST_81x81/40/inst81x81_40_71.txt find answer: 12.420000
benchmarks/INST_81x81/40/inst81x81_40_71.txt : 13128 ms.
--------------------------------------------------
benchmarks/INST_81x81/40/inst81x81_40_72.txt find answer: 36.880000
benchmarks/INST_81x81/40/inst81x81_40_72.txt : 37688 ms.
--------------------------------------------------
benchmarks/INST_81x81/40/inst81x81_40_73.txt find answer: 18.980000
benchmarks/INST_81x81/40/inst81x81_40_73.txt : 19681 ms.
--------------------------------------------------
benchmarks/INST_81x81/40/inst81x81_40_74.txt find answer: 26.540000
benchmarks/INST_81x81/40/inst81x81_40_74.txt : 27485 ms.
--------------------------------------------------
benchmarks/INST_81x81/40/inst81x81_40_75.txt find answer: 29.050000
benchmarks/INST_81x81/40/inst81x81_40_75.txt : 29869 ms.
--------------------------------------------------
benchmarks/INST_81x81/40/inst81x81_40_76.txt find answer: 24.530000
benchmarks/INST_81x81/40/inst81x81_40_76.txt : 25417 ms.
--------------------------------------------------
benchmarks/INST_81x81/40/inst81x81_40_77.txt find answer: 19.330000
benchmarks/INST_81x81/40/inst81x81_40_77.txt : 20042 ms.
--------------------------------------------------
benchmarks/INST_81x81/40/inst81x81_40_78.txt find answer: 16.540000
benchmarks/INST_81x81/40/inst81x81_40_78.txt : 17227 ms.
--------------------------------------------------
benchmarks/INST_81x81/40/inst81x81_40_79.txt find answer: 18.930000
benchmarks/INST_81x81/40/inst81x81_40_79.txt : 19633 ms.
--------------------------------------------------
benchmarks/INST_81x81/40/inst81x81_40_7.txt find answer: 17.680000
benchmarks/INST_81x81/40/inst81x81_40_7.txt : 18385 ms.
--------------------------------------------------
benchmarks/INST_81x81/40/inst81x81_40_80.txt find answer: 24.500000
benchmarks/INST_81x81/40/inst81x81_40_80.txt : 25237 ms.
--------------------------------------------------
benchmarks/INST_81x81/40/inst81x81_40_81.txt find answer: 14.900000
benchmarks/INST_81x81/40/inst81x81_40_81.txt : 15593 ms.
--------------------------------------------------
benchmarks/INST_81x81/40/inst81x81_40_82.txt find answer: 6.830000
benchmarks/INST_81x81/40/inst81x81_40_82.txt : 7507 ms.
--------------------------------------------------
benchmarks/INST_81x81/40/inst81x81_40_83.txt find answer: 42.030000
benchmarks/INST_81x81/40/inst81x81_40_83.txt : 42797 ms.
--------------------------------------------------
benchmarks/INST_81x81/40/inst81x81_40_84.txt find answer: 16.620000
benchmarks/INST_81x81/40/inst81x81_40_84.txt : 17320 ms.
--------------------------------------------------
benchmarks/INST_81x81/40/inst81x81_40_85.txt find answer: 30.960000
benchmarks/INST_81x81/40/inst81x81_40_85.txt : 31706 ms.
--------------------------------------------------
benchmarks/INST_81x81/40/inst81x81_40_86.txt find answer: 17.690000
benchmarks/INST_81x81/40/inst81x81_40_86.txt : 18407 ms.
--------------------------------------------------
benchmarks/INST_81x81/40/inst81x81_40_87.txt find answer: 12.010000
benchmarks/INST_81x81/40/inst81x81_40_87.txt : 12699 ms.
--------------------------------------------------
benchmarks/INST_81x81/40/inst81x81_40_88.txt find answer: 11.240000
benchmarks/INST_81x81/40/inst81x81_40_88.txt : 11935 ms.
--------------------------------------------------
benchmarks/INST_81x81/40/inst81x81_40_89.txt find answer: 6.720000
benchmarks/INST_81x81/40/inst81x81_40_89.txt : 7398 ms.
--------------------------------------------------
benchmarks/INST_81x81/40/inst81x81_40_8.txt find answer: 6.230000
benchmarks/INST_81x81/40/inst81x81_40_8.txt : 6916 ms.
--------------------------------------------------
benchmarks/INST_81x81/40/inst81x81_40_90.txt find answer: 25.740000
benchmarks/INST_81x81/40/inst81x81_40_90.txt : 26579 ms.
--------------------------------------------------
benchmarks/INST_81x81/40/inst81x81_40_91.txt find answer: 10.550000
benchmarks/INST_81x81/40/inst81x81_40_91.txt : 11254 ms.
--------------------------------------------------
benchmarks/INST_81x81/40/inst81x81_40_92.txt find answer: 9.220000
benchmarks/INST_81x81/40/inst81x81_40_92.txt : 9910 ms.
--------------------------------------------------
benchmarks/INST_81x81/40/inst81x81_40_93.txt find answer: 12.450000
benchmarks/INST_81x81/40/inst81x81_40_93.txt : 13143 ms.
--------------------------------------------------
benchmarks/INST_81x81/40/inst81x81_40_94.txt find answer: 16.290000
benchmarks/INST_81x81/40/inst81x81_40_94.txt : 16984 ms.
--------------------------------------------------
benchmarks/INST_81x81/40/inst81x81_40_95.txt find answer: 5.960000
benchmarks/INST_81x81/40/inst81x81_40_95.txt : 6629 ms.
--------------------------------------------------
benchmarks/INST_81x81/40/inst81x81_40_96.txt find answer: 24.240000
benchmarks/INST_81x81/40/inst81x81_40_96.txt : 24957 ms.
--------------------------------------------------
benchmarks/INST_81x81/40/inst81x81_40_97.txt find answer: 17.600000
benchmarks/INST_81x81/40/inst81x81_40_97.txt : 18303 ms.
--------------------------------------------------
benchmarks/INST_81x81/40/inst81x81_40_98.txt find answer: 15.090000
benchmarks/INST_81x81/40/inst81x81_40_98.txt : 15789 ms.
--------------------------------------------------
benchmarks/INST_81x81/40/inst81x81_40_99.txt find answer: 11.450000
benchmarks/INST_81x81/40/inst81x81_40_99.txt : 12143 ms.
--------------------------------------------------
benchmarks/INST_81x81/40/inst81x81_40_9.txt find answer: 19.750000
benchmarks/INST_81x81/40/inst81x81_40_9.txt : 20462 ms.
run.sh: line 77: 3: command not found
run.sh: line 78: syntax error near unexpected token `fi'
run.sh: line 78: `    fi'
