--------------------------------------------------
Traceback (most recent call last):
  File "/home/hanrui/Sudoku-LS/solvers/sudoku_ort/sudoku_dyh.py", line 103, in <module>
    solve_sudoku(file)
  File "/home/hanrui/Sudoku-LS/solvers/sudoku_ort/sudoku_dyh.py", line 45, in solve_sudoku
    eq_num = int(f.readline().strip())
ValueError: invalid literal for int() with base 10: ''
benchmarks_EXC/INST_16x16/100/inst16x16_100_0.txt : 4638 ms.
--------------------------------------------------
Traceback (most recent call last):
  File "/home/hanrui/Sudoku-LS/solvers/sudoku_ort/sudoku_dyh.py", line 103, in <module>
    solve_sudoku(file)
  File "/home/hanrui/Sudoku-LS/solvers/sudoku_ort/sudoku_dyh.py", line 45, in solve_sudoku
    eq_num = int(f.readline().strip())
ValueError: invalid literal for int() with base 10: ''
benchmarks_EXC/INST_16x16/100/inst16x16_100_10.txt : 1341 ms.
--------------------------------------------------
Traceback (most recent call last):
  File "/home/hanrui/Sudoku-LS/solvers/sudoku_ort/sudoku_dyh.py", line 103, in <module>
    solve_sudoku(file)
  File "/home/hanrui/Sudoku-LS/solvers/sudoku_ort/sudoku_dyh.py", line 45, in solve_sudoku
    eq_num = int(f.readline().strip())
ValueError: invalid literal for int() with base 10: ''
benchmarks_EXC/INST_16x16/100/inst16x16_100_11.txt : 951 ms.
--------------------------------------------------
Traceback (most recent call last):
  File "/home/hanrui/Sudoku-LS/solvers/sudoku_ort/sudoku_dyh.py", line 103, in <module>
    solve_sudoku(file)
  File "/home/hanrui/Sudoku-LS/solvers/sudoku_ort/sudoku_dyh.py", line 45, in solve_sudoku
    eq_num = int(f.readline().strip())
ValueError: invalid literal for int() with base 10: ''
benchmarks_EXC/INST_16x16/100/inst16x16_100_12.txt : 1014 ms.
--------------------------------------------------
Traceback (most recent call last):
  File "/home/hanrui/Sudoku-LS/solvers/sudoku_ort/sudoku_dyh.py", line 103, in <module>
    solve_sudoku(file)
  File "/home/hanrui/Sudoku-LS/solvers/sudoku_ort/sudoku_dyh.py", line 45, in solve_sudoku
    eq_num = int(f.readline().strip())
ValueError: invalid literal for int() with base 10: ''
benchmarks_EXC/INST_16x16/100/inst16x16_100_13.txt : 1034 ms.
--------------------------------------------------
Traceback (most recent call last):
  File "/home/hanrui/Sudoku-LS/solvers/sudoku_ort/sudoku_dyh.py", line 103, in <module>
    solve_sudoku(file)
  File "/home/hanrui/Sudoku-LS/solvers/sudoku_ort/sudoku_dyh.py", line 45, in solve_sudoku
    eq_num = int(f.readline().strip())
ValueError: invalid literal for int() with base 10: ''
benchmarks_EXC/INST_16x16/100/inst16x16_100_14.txt : 1469 ms.
--------------------------------------------------
Traceback (most recent call last):
  File "/home/hanrui/Sudoku-LS/solvers/sudoku_ort/sudoku_dyh.py", line 103, in <module>
    solve_sudoku(file)
  File "/home/hanrui/Sudoku-LS/solvers/sudoku_ort/sudoku_dyh.py", line 45, in solve_sudoku
    eq_num = int(f.readline().strip())
ValueError: invalid literal for int() with base 10: ''
benchmarks_EXC/INST_16x16/100/inst16x16_100_15.txt : 1331 ms.
--------------------------------------------------
Traceback (most recent call last):
  File "/home/hanrui/Sudoku-LS/solvers/sudoku_ort/sudoku_dyh.py", line 103, in <module>
    solve_sudoku(file)
  File "/home/hanrui/Sudoku-LS/solvers/sudoku_ort/sudoku_dyh.py", line 45, in solve_sudoku
    eq_num = int(f.readline().strip())
ValueError: invalid literal for int() with base 10: ''
benchmarks_EXC/INST_16x16/100/inst16x16_100_16.txt : 1101 ms.
--------------------------------------------------
Traceback (most recent call last):
  File "/home/hanrui/Sudoku-LS/solvers/sudoku_ort/sudoku_dyh.py", line 103, in <module>
    solve_sudoku(file)
  File "/home/hanrui/Sudoku-LS/solvers/sudoku_ort/sudoku_dyh.py", line 45, in solve_sudoku
    eq_num = int(f.readline().strip())
ValueError: invalid literal for int() with base 10: ''
benchmarks_EXC/INST_16x16/100/inst16x16_100_17.txt : 1126 ms.
--------------------------------------------------
Traceback (most recent call last):
  File "/home/hanrui/Sudoku-LS/solvers/sudoku_ort/sudoku_dyh.py", line 103, in <module>
    solve_sudoku(file)
  File "/home/hanrui/Sudoku-LS/solvers/sudoku_ort/sudoku_dyh.py", line 45, in solve_sudoku
    eq_num = int(f.readline().strip())
ValueError: invalid literal for int() with base 10: ''
benchmarks_EXC/INST_16x16/100/inst16x16_100_18.txt : 1023 ms.
--------------------------------------------------
Traceback (most recent call last):
  File "/home/hanrui/Sudoku-LS/solvers/sudoku_ort/sudoku_dyh.py", line 103, in <module>
    solve_sudoku(file)
  File "/home/hanrui/Sudoku-LS/solvers/sudoku_ort/sudoku_dyh.py", line 45, in solve_sudoku
    eq_num = int(f.readline().strip())
ValueError: invalid literal for int() with base 10: ''
benchmarks_EXC/INST_16x16/100/inst16x16_100_19.txt : 1177 ms.
--------------------------------------------------
Traceback (most recent call last):
  File "/home/hanrui/Sudoku-LS/solvers/sudoku_ort/sudoku_dyh.py", line 103, in <module>
    solve_sudoku(file)
  File "/home/hanrui/Sudoku-LS/solvers/sudoku_ort/sudoku_dyh.py", line 45, in solve_sudoku
    eq_num = int(f.readline().strip())
ValueError: invalid literal for int() with base 10: ''
benchmarks_EXC/INST_16x16/100/inst16x16_100_1.txt : 1067 ms.
--------------------------------------------------
Traceback (most recent call last):
  File "/home/hanrui/Sudoku-LS/solvers/sudoku_ort/sudoku_dyh.py", line 103, in <module>
    solve_sudoku(file)
  File "/home/hanrui/Sudoku-LS/solvers/sudoku_ort/sudoku_dyh.py", line 45, in solve_sudoku
    eq_num = int(f.readline().strip())
ValueError: invalid literal for int() with base 10: ''
benchmarks_EXC/INST_16x16/100/inst16x16_100_20.txt : 1118 ms.
--------------------------------------------------
Traceback (most recent call last):
  File "/home/hanrui/Sudoku-LS/solvers/sudoku_ort/sudoku_dyh.py", line 103, in <module>
    solve_sudoku(file)
  File "/home/hanrui/Sudoku-LS/solvers/sudoku_ort/sudoku_dyh.py", line 45, in solve_sudoku
    eq_num = int(f.readline().strip())
ValueError: invalid literal for int() with base 10: ''
benchmarks_EXC/INST_16x16/100/inst16x16_100_21.txt : 1668 ms.
--------------------------------------------------
Traceback (most recent call last):
  File "/home/hanrui/Sudoku-LS/solvers/sudoku_ort/sudoku_dyh.py", line 103, in <module>
    solve_sudoku(file)
  File "/home/hanrui/Sudoku-LS/solvers/sudoku_ort/sudoku_dyh.py", line 45, in solve_sudoku
    eq_num = int(f.readline().strip())
ValueError: invalid literal for int() with base 10: ''
benchmarks_EXC/INST_16x16/100/inst16x16_100_22.txt : 1924 ms.
--------------------------------------------------
Traceback (most recent call last):
  File "/home/hanrui/Sudoku-LS/solvers/sudoku_ort/sudoku_dyh.py", line 103, in <module>
    solve_sudoku(file)
  File "/home/hanrui/Sudoku-LS/solvers/sudoku_ort/sudoku_dyh.py", line 45, in solve_sudoku
    eq_num = int(f.readline().strip())
ValueError: invalid literal for int() with base 10: ''
benchmarks_EXC/INST_16x16/100/inst16x16_100_23.txt : 1436 ms.
--------------------------------------------------
Traceback (most recent call last):
  File "/home/hanrui/Sudoku-LS/solvers/sudoku_ort/sudoku_dyh.py", line 103, in <module>
    solve_sudoku(file)
  File "/home/hanrui/Sudoku-LS/solvers/sudoku_ort/sudoku_dyh.py", line 45, in solve_sudoku
    eq_num = int(f.readline().strip())
ValueError: invalid literal for int() with base 10: ''
benchmarks_EXC/INST_16x16/100/inst16x16_100_24.txt : 1373 ms.
--------------------------------------------------
Traceback (most recent call last):
  File "/home/hanrui/Sudoku-LS/solvers/sudoku_ort/sudoku_dyh.py", line 103, in <module>
    solve_sudoku(file)
  File "/home/hanrui/Sudoku-LS/solvers/sudoku_ort/sudoku_dyh.py", line 45, in solve_sudoku
    eq_num = int(f.readline().strip())
ValueError: invalid literal for int() with base 10: ''
benchmarks_EXC/INST_16x16/100/inst16x16_100_25.txt : 1202 ms.
--------------------------------------------------
Traceback (most recent call last):
  File "/home/hanrui/Sudoku-LS/solvers/sudoku_ort/sudoku_dyh.py", line 103, in <module>
    solve_sudoku(file)
  File "/home/hanrui/Sudoku-LS/solvers/sudoku_ort/sudoku_dyh.py", line 45, in solve_sudoku
    eq_num = int(f.readline().strip())
ValueError: invalid literal for int() with base 10: ''
benchmarks_EXC/INST_16x16/100/inst16x16_100_26.txt : 1413 ms.
--------------------------------------------------
Traceback (most recent call last):
  File "/home/hanrui/Sudoku-LS/solvers/sudoku_ort/sudoku_dyh.py", line 103, in <module>
    solve_sudoku(file)
  File "/home/hanrui/Sudoku-LS/solvers/sudoku_ort/sudoku_dyh.py", line 45, in solve_sudoku
    eq_num = int(f.readline().strip())
ValueError: invalid literal for int() with base 10: ''
benchmarks_EXC/INST_16x16/100/inst16x16_100_27.txt : 1515 ms.
--------------------------------------------------
Traceback (most recent call last):
  File "/home/hanrui/Sudoku-LS/solvers/sudoku_ort/sudoku_dyh.py", line 103, in <module>
    solve_sudoku(file)
  File "/home/hanrui/Sudoku-LS/solvers/sudoku_ort/sudoku_dyh.py", line 45, in solve_sudoku
    eq_num = int(f.readline().strip())
ValueError: invalid literal for int() with base 10: ''
benchmarks_EXC/INST_16x16/100/inst16x16_100_28.txt : 1327 ms.
--------------------------------------------------
Traceback (most recent call last):
  File "/home/hanrui/Sudoku-LS/solvers/sudoku_ort/sudoku_dyh.py", line 103, in <module>
    solve_sudoku(file)
  File "/home/hanrui/Sudoku-LS/solvers/sudoku_ort/sudoku_dyh.py", line 45, in solve_sudoku
    eq_num = int(f.readline().strip())
ValueError: invalid literal for int() with base 10: ''
benchmarks_EXC/INST_16x16/100/inst16x16_100_29.txt : 1491 ms.
--------------------------------------------------
Traceback (most recent call last):
  File "/home/hanrui/Sudoku-LS/solvers/sudoku_ort/sudoku_dyh.py", line 103, in <module>
    solve_sudoku(file)
  File "/home/hanrui/Sudoku-LS/solvers/sudoku_ort/sudoku_dyh.py", line 45, in solve_sudoku
    eq_num = int(f.readline().strip())
ValueError: invalid literal for int() with base 10: ''
benchmarks_EXC/INST_16x16/100/inst16x16_100_2.txt : 1523 ms.
--------------------------------------------------
Traceback (most recent call last):
  File "/home/hanrui/Sudoku-LS/solvers/sudoku_ort/sudoku_dyh.py", line 103, in <module>
    solve_sudoku(file)
  File "/home/hanrui/Sudoku-LS/solvers/sudoku_ort/sudoku_dyh.py", line 45, in solve_sudoku
    eq_num = int(f.readline().strip())
ValueError: invalid literal for int() with base 10: ''
benchmarks_EXC/INST_16x16/100/inst16x16_100_30.txt : 1579 ms.
--------------------------------------------------
Traceback (most recent call last):
  File "/home/hanrui/Sudoku-LS/solvers/sudoku_ort/sudoku_dyh.py", line 103, in <module>
    solve_sudoku(file)
  File "/home/hanrui/Sudoku-LS/solvers/sudoku_ort/sudoku_dyh.py", line 45, in solve_sudoku
    eq_num = int(f.readline().strip())
ValueError: invalid literal for int() with base 10: ''
benchmarks_EXC/INST_16x16/100/inst16x16_100_31.txt : 1792 ms.
--------------------------------------------------
Traceback (most recent call last):
  File "/home/hanrui/Sudoku-LS/solvers/sudoku_ort/sudoku_dyh.py", line 103, in <module>
    solve_sudoku(file)
  File "/home/hanrui/Sudoku-LS/solvers/sudoku_ort/sudoku_dyh.py", line 45, in solve_sudoku
    eq_num = int(f.readline().strip())
ValueError: invalid literal for int() with base 10: ''
benchmarks_EXC/INST_16x16/100/inst16x16_100_32.txt : 1428 ms.
--------------------------------------------------
Traceback (most recent call last):
  File "/home/hanrui/Sudoku-LS/solvers/sudoku_ort/sudoku_dyh.py", line 103, in <module>
    solve_sudoku(file)
  File "/home/hanrui/Sudoku-LS/solvers/sudoku_ort/sudoku_dyh.py", line 45, in solve_sudoku
    eq_num = int(f.readline().strip())
ValueError: invalid literal for int() with base 10: ''
benchmarks_EXC/INST_16x16/100/inst16x16_100_33.txt : 1266 ms.
--------------------------------------------------
Traceback (most recent call last):
  File "/home/hanrui/Sudoku-LS/solvers/sudoku_ort/sudoku_dyh.py", line 103, in <module>
    solve_sudoku(file)
  File "/home/hanrui/Sudoku-LS/solvers/sudoku_ort/sudoku_dyh.py", line 45, in solve_sudoku
    eq_num = int(f.readline().strip())
ValueError: invalid literal for int() with base 10: ''
benchmarks_EXC/INST_16x16/100/inst16x16_100_34.txt : 1473 ms.
--------------------------------------------------
Traceback (most recent call last):
  File "/home/hanrui/Sudoku-LS/solvers/sudoku_ort/sudoku_dyh.py", line 103, in <module>
    solve_sudoku(file)
  File "/home/hanrui/Sudoku-LS/solvers/sudoku_ort/sudoku_dyh.py", line 45, in solve_sudoku
    eq_num = int(f.readline().strip())
ValueError: invalid literal for int() with base 10: ''
benchmarks_EXC/INST_16x16/100/inst16x16_100_35.txt : 1500 ms.
--------------------------------------------------
Traceback (most recent call last):
  File "/home/hanrui/Sudoku-LS/solvers/sudoku_ort/sudoku_dyh.py", line 103, in <module>
    solve_sudoku(file)
  File "/home/hanrui/Sudoku-LS/solvers/sudoku_ort/sudoku_dyh.py", line 45, in solve_sudoku
    eq_num = int(f.readline().strip())
ValueError: invalid literal for int() with base 10: ''
benchmarks_EXC/INST_16x16/100/inst16x16_100_36.txt : 1434 ms.
--------------------------------------------------
Traceback (most recent call last):
  File "/home/hanrui/Sudoku-LS/solvers/sudoku_ort/sudoku_dyh.py", line 103, in <module>
    solve_sudoku(file)
  File "/home/hanrui/Sudoku-LS/solvers/sudoku_ort/sudoku_dyh.py", line 45, in solve_sudoku
    eq_num = int(f.readline().strip())
ValueError: invalid literal for int() with base 10: ''
benchmarks_EXC/INST_16x16/100/inst16x16_100_37.txt : 1193 ms.
--------------------------------------------------
Traceback (most recent call last):
  File "/home/hanrui/Sudoku-LS/solvers/sudoku_ort/sudoku_dyh.py", line 103, in <module>
    solve_sudoku(file)
  File "/home/hanrui/Sudoku-LS/solvers/sudoku_ort/sudoku_dyh.py", line 45, in solve_sudoku
    eq_num = int(f.readline().strip())
ValueError: invalid literal for int() with base 10: ''
benchmarks_EXC/INST_16x16/100/inst16x16_100_38.txt : 1498 ms.
--------------------------------------------------
Traceback (most recent call last):
  File "/home/hanrui/Sudoku-LS/solvers/sudoku_ort/sudoku_dyh.py", line 103, in <module>
    solve_sudoku(file)
  File "/home/hanrui/Sudoku-LS/solvers/sudoku_ort/sudoku_dyh.py", line 45, in solve_sudoku
    eq_num = int(f.readline().strip())
ValueError: invalid literal for int() with base 10: ''
benchmarks_EXC/INST_16x16/100/inst16x16_100_39.txt : 1488 ms.
--------------------------------------------------
Traceback (most recent call last):
  File "/home/hanrui/Sudoku-LS/solvers/sudoku_ort/sudoku_dyh.py", line 103, in <module>
    solve_sudoku(file)
  File "/home/hanrui/Sudoku-LS/solvers/sudoku_ort/sudoku_dyh.py", line 45, in solve_sudoku
    eq_num = int(f.readline().strip())
ValueError: invalid literal for int() with base 10: ''
benchmarks_EXC/INST_16x16/100/inst16x16_100_3.txt : 1260 ms.
--------------------------------------------------
Traceback (most recent call last):
  File "/home/hanrui/Sudoku-LS/solvers/sudoku_ort/sudoku_dyh.py", line 103, in <module>
    solve_sudoku(file)
  File "/home/hanrui/Sudoku-LS/solvers/sudoku_ort/sudoku_dyh.py", line 45, in solve_sudoku
    eq_num = int(f.readline().strip())
ValueError: invalid literal for int() with base 10: ''
benchmarks_EXC/INST_16x16/100/inst16x16_100_40.txt : 1385 ms.
--------------------------------------------------
Traceback (most recent call last):
  File "/home/hanrui/Sudoku-LS/solvers/sudoku_ort/sudoku_dyh.py", line 103, in <module>
    solve_sudoku(file)
  File "/home/hanrui/Sudoku-LS/solvers/sudoku_ort/sudoku_dyh.py", line 45, in solve_sudoku
    eq_num = int(f.readline().strip())
ValueError: invalid literal for int() with base 10: ''
benchmarks_EXC/INST_16x16/100/inst16x16_100_41.txt : 1304 ms.
--------------------------------------------------
Traceback (most recent call last):
  File "/home/hanrui/Sudoku-LS/solvers/sudoku_ort/sudoku_dyh.py", line 103, in <module>
    solve_sudoku(file)
  File "/home/hanrui/Sudoku-LS/solvers/sudoku_ort/sudoku_dyh.py", line 45, in solve_sudoku
    eq_num = int(f.readline().strip())
ValueError: invalid literal for int() with base 10: ''
benchmarks_EXC/INST_16x16/100/inst16x16_100_42.txt : 1377 ms.
--------------------------------------------------
Traceback (most recent call last):
  File "/home/hanrui/Sudoku-LS/solvers/sudoku_ort/sudoku_dyh.py", line 103, in <module>
    solve_sudoku(file)
  File "/home/hanrui/Sudoku-LS/solvers/sudoku_ort/sudoku_dyh.py", line 45, in solve_sudoku
    eq_num = int(f.readline().strip())
ValueError: invalid literal for int() with base 10: ''
benchmarks_EXC/INST_16x16/100/inst16x16_100_43.txt : 1414 ms.
--------------------------------------------------
Traceback (most recent call last):
  File "/home/hanrui/Sudoku-LS/solvers/sudoku_ort/sudoku_dyh.py", line 103, in <module>
    solve_sudoku(file)
  File "/home/hanrui/Sudoku-LS/solvers/sudoku_ort/sudoku_dyh.py", line 45, in solve_sudoku
    eq_num = int(f.readline().strip())
ValueError: invalid literal for int() with base 10: ''
benchmarks_EXC/INST_16x16/100/inst16x16_100_44.txt : 1583 ms.
--------------------------------------------------
Traceback (most recent call last):
  File "/home/hanrui/Sudoku-LS/solvers/sudoku_ort/sudoku_dyh.py", line 103, in <module>
    solve_sudoku(file)
  File "/home/hanrui/Sudoku-LS/solvers/sudoku_ort/sudoku_dyh.py", line 45, in solve_sudoku
    eq_num = int(f.readline().strip())
ValueError: invalid literal for int() with base 10: ''
benchmarks_EXC/INST_16x16/100/inst16x16_100_45.txt : 1819 ms.
--------------------------------------------------
Traceback (most recent call last):
  File "/home/hanrui/Sudoku-LS/solvers/sudoku_ort/sudoku_dyh.py", line 103, in <module>
    solve_sudoku(file)
  File "/home/hanrui/Sudoku-LS/solvers/sudoku_ort/sudoku_dyh.py", line 45, in solve_sudoku
    eq_num = int(f.readline().strip())
ValueError: invalid literal for int() with base 10: ''
benchmarks_EXC/INST_16x16/100/inst16x16_100_46.txt : 1617 ms.
--------------------------------------------------
Traceback (most recent call last):
  File "/home/hanrui/Sudoku-LS/solvers/sudoku_ort/sudoku_dyh.py", line 103, in <module>
    solve_sudoku(file)
  File "/home/hanrui/Sudoku-LS/solvers/sudoku_ort/sudoku_dyh.py", line 45, in solve_sudoku
    eq_num = int(f.readline().strip())
ValueError: invalid literal for int() with base 10: ''
benchmarks_EXC/INST_16x16/100/inst16x16_100_47.txt : 1808 ms.
--------------------------------------------------
Traceback (most recent call last):
  File "/home/hanrui/Sudoku-LS/solvers/sudoku_ort/sudoku_dyh.py", line 103, in <module>
    solve_sudoku(file)
  File "/home/hanrui/Sudoku-LS/solvers/sudoku_ort/sudoku_dyh.py", line 45, in solve_sudoku
    eq_num = int(f.readline().strip())
ValueError: invalid literal for int() with base 10: ''
benchmarks_EXC/INST_16x16/100/inst16x16_100_48.txt : 2149 ms.
--------------------------------------------------
Traceback (most recent call last):
  File "/home/hanrui/Sudoku-LS/solvers/sudoku_ort/sudoku_dyh.py", line 103, in <module>
    solve_sudoku(file)
  File "/home/hanrui/Sudoku-LS/solvers/sudoku_ort/sudoku_dyh.py", line 45, in solve_sudoku
    eq_num = int(f.readline().strip())
ValueError: invalid literal for int() with base 10: ''
benchmarks_EXC/INST_16x16/100/inst16x16_100_49.txt : 3301 ms.
--------------------------------------------------
Traceback (most recent call last):
  File "/home/hanrui/Sudoku-LS/solvers/sudoku_ort/sudoku_dyh.py", line 103, in <module>
    solve_sudoku(file)
  File "/home/hanrui/Sudoku-LS/solvers/sudoku_ort/sudoku_dyh.py", line 45, in solve_sudoku
    eq_num = int(f.readline().strip())
ValueError: invalid literal for int() with base 10: ''
benchmarks_EXC/INST_16x16/100/inst16x16_100_4.txt : 1778 ms.
--------------------------------------------------
Traceback (most recent call last):
  File "/home/hanrui/Sudoku-LS/solvers/sudoku_ort/sudoku_dyh.py", line 103, in <module>
    solve_sudoku(file)
  File "/home/hanrui/Sudoku-LS/solvers/sudoku_ort/sudoku_dyh.py", line 45, in solve_sudoku
    eq_num = int(f.readline().strip())
ValueError: invalid literal for int() with base 10: ''
benchmarks_EXC/INST_16x16/100/inst16x16_100_50.txt : 2194 ms.
--------------------------------------------------
Traceback (most recent call last):
  File "/home/hanrui/Sudoku-LS/solvers/sudoku_ort/sudoku_dyh.py", line 103, in <module>
    solve_sudoku(file)
  File "/home/hanrui/Sudoku-LS/solvers/sudoku_ort/sudoku_dyh.py", line 45, in solve_sudoku
    eq_num = int(f.readline().strip())
ValueError: invalid literal for int() with base 10: ''
benchmarks_EXC/INST_16x16/100/inst16x16_100_51.txt : 1429 ms.
--------------------------------------------------
Traceback (most recent call last):
  File "/home/hanrui/Sudoku-LS/solvers/sudoku_ort/sudoku_dyh.py", line 103, in <module>
    solve_sudoku(file)
  File "/home/hanrui/Sudoku-LS/solvers/sudoku_ort/sudoku_dyh.py", line 45, in solve_sudoku
    eq_num = int(f.readline().strip())
ValueError: invalid literal for int() with base 10: ''
benchmarks_EXC/INST_16x16/100/inst16x16_100_52.txt : 1569 ms.
--------------------------------------------------
Traceback (most recent call last):
  File "/home/hanrui/Sudoku-LS/solvers/sudoku_ort/sudoku_dyh.py", line 103, in <module>
    solve_sudoku(file)
  File "/home/hanrui/Sudoku-LS/solvers/sudoku_ort/sudoku_dyh.py", line 45, in solve_sudoku
    eq_num = int(f.readline().strip())
ValueError: invalid literal for int() with base 10: ''
benchmarks_EXC/INST_16x16/100/inst16x16_100_53.txt : 1206 ms.
--------------------------------------------------
Traceback (most recent call last):
  File "/home/hanrui/Sudoku-LS/solvers/sudoku_ort/sudoku_dyh.py", line 103, in <module>
    solve_sudoku(file)
  File "/home/hanrui/Sudoku-LS/solvers/sudoku_ort/sudoku_dyh.py", line 45, in solve_sudoku
    eq_num = int(f.readline().strip())
ValueError: invalid literal for int() with base 10: ''
benchmarks_EXC/INST_16x16/100/inst16x16_100_54.txt : 1498 ms.
--------------------------------------------------
Traceback (most recent call last):
  File "/home/hanrui/Sudoku-LS/solvers/sudoku_ort/sudoku_dyh.py", line 103, in <module>
    solve_sudoku(file)
  File "/home/hanrui/Sudoku-LS/solvers/sudoku_ort/sudoku_dyh.py", line 45, in solve_sudoku
    eq_num = int(f.readline().strip())
ValueError: invalid literal for int() with base 10: ''
benchmarks_EXC/INST_16x16/100/inst16x16_100_55.txt : 1358 ms.
--------------------------------------------------
Traceback (most recent call last):
  File "/home/hanrui/Sudoku-LS/solvers/sudoku_ort/sudoku_dyh.py", line 103, in <module>
    solve_sudoku(file)
  File "/home/hanrui/Sudoku-LS/solvers/sudoku_ort/sudoku_dyh.py", line 45, in solve_sudoku
    eq_num = int(f.readline().strip())
ValueError: invalid literal for int() with base 10: ''
benchmarks_EXC/INST_16x16/100/inst16x16_100_56.txt : 1473 ms.
--------------------------------------------------
Traceback (most recent call last):
  File "/home/hanrui/Sudoku-LS/solvers/sudoku_ort/sudoku_dyh.py", line 103, in <module>
    solve_sudoku(file)
  File "/home/hanrui/Sudoku-LS/solvers/sudoku_ort/sudoku_dyh.py", line 45, in solve_sudoku
    eq_num = int(f.readline().strip())
ValueError: invalid literal for int() with base 10: ''
benchmarks_EXC/INST_16x16/100/inst16x16_100_57.txt : 1520 ms.
--------------------------------------------------
Traceback (most recent call last):
  File "/home/hanrui/Sudoku-LS/solvers/sudoku_ort/sudoku_dyh.py", line 103, in <module>
    solve_sudoku(file)
  File "/home/hanrui/Sudoku-LS/solvers/sudoku_ort/sudoku_dyh.py", line 45, in solve_sudoku
    eq_num = int(f.readline().strip())
ValueError: invalid literal for int() with base 10: ''
benchmarks_EXC/INST_16x16/100/inst16x16_100_58.txt : 1577 ms.
--------------------------------------------------
Traceback (most recent call last):
  File "/home/hanrui/Sudoku-LS/solvers/sudoku_ort/sudoku_dyh.py", line 103, in <module>
    solve_sudoku(file)
  File "/home/hanrui/Sudoku-LS/solvers/sudoku_ort/sudoku_dyh.py", line 45, in solve_sudoku
    eq_num = int(f.readline().strip())
ValueError: invalid literal for int() with base 10: ''
benchmarks_EXC/INST_16x16/100/inst16x16_100_59.txt : 1461 ms.
--------------------------------------------------
Traceback (most recent call last):
  File "/home/hanrui/Sudoku-LS/solvers/sudoku_ort/sudoku_dyh.py", line 103, in <module>
    solve_sudoku(file)
  File "/home/hanrui/Sudoku-LS/solvers/sudoku_ort/sudoku_dyh.py", line 45, in solve_sudoku
    eq_num = int(f.readline().strip())
ValueError: invalid literal for int() with base 10: ''
benchmarks_EXC/INST_16x16/100/inst16x16_100_5.txt : 1510 ms.
--------------------------------------------------
Traceback (most recent call last):
  File "/home/hanrui/Sudoku-LS/solvers/sudoku_ort/sudoku_dyh.py", line 103, in <module>
    solve_sudoku(file)
  File "/home/hanrui/Sudoku-LS/solvers/sudoku_ort/sudoku_dyh.py", line 45, in solve_sudoku
    eq_num = int(f.readline().strip())
ValueError: invalid literal for int() with base 10: ''
benchmarks_EXC/INST_16x16/100/inst16x16_100_60.txt : 1423 ms.
--------------------------------------------------
Traceback (most recent call last):
  File "/home/hanrui/Sudoku-LS/solvers/sudoku_ort/sudoku_dyh.py", line 103, in <module>
    solve_sudoku(file)
  File "/home/hanrui/Sudoku-LS/solvers/sudoku_ort/sudoku_dyh.py", line 45, in solve_sudoku
    eq_num = int(f.readline().strip())
ValueError: invalid literal for int() with base 10: ''
benchmarks_EXC/INST_16x16/100/inst16x16_100_61.txt : 1438 ms.
--------------------------------------------------
Traceback (most recent call last):
  File "/home/hanrui/Sudoku-LS/solvers/sudoku_ort/sudoku_dyh.py", line 103, in <module>
    solve_sudoku(file)
  File "/home/hanrui/Sudoku-LS/solvers/sudoku_ort/sudoku_dyh.py", line 45, in solve_sudoku
    eq_num = int(f.readline().strip())
ValueError: invalid literal for int() with base 10: ''
benchmarks_EXC/INST_16x16/100/inst16x16_100_62.txt : 1483 ms.
--------------------------------------------------
Traceback (most recent call last):
  File "/home/hanrui/Sudoku-LS/solvers/sudoku_ort/sudoku_dyh.py", line 103, in <module>
    solve_sudoku(file)
  File "/home/hanrui/Sudoku-LS/solvers/sudoku_ort/sudoku_dyh.py", line 45, in solve_sudoku
    eq_num = int(f.readline().strip())
ValueError: invalid literal for int() with base 10: ''
benchmarks_EXC/INST_16x16/100/inst16x16_100_63.txt : 1738 ms.
--------------------------------------------------
Traceback (most recent call last):
  File "/home/hanrui/Sudoku-LS/solvers/sudoku_ort/sudoku_dyh.py", line 103, in <module>
    solve_sudoku(file)
  File "/home/hanrui/Sudoku-LS/solvers/sudoku_ort/sudoku_dyh.py", line 45, in solve_sudoku
    eq_num = int(f.readline().strip())
ValueError: invalid literal for int() with base 10: ''
benchmarks_EXC/INST_16x16/100/inst16x16_100_64.txt : 1547 ms.
--------------------------------------------------
Traceback (most recent call last):
  File "/home/hanrui/Sudoku-LS/solvers/sudoku_ort/sudoku_dyh.py", line 103, in <module>
    solve_sudoku(file)
  File "/home/hanrui/Sudoku-LS/solvers/sudoku_ort/sudoku_dyh.py", line 45, in solve_sudoku
    eq_num = int(f.readline().strip())
ValueError: invalid literal for int() with base 10: ''
benchmarks_EXC/INST_16x16/100/inst16x16_100_65.txt : 1584 ms.
--------------------------------------------------
Traceback (most recent call last):
  File "/home/hanrui/Sudoku-LS/solvers/sudoku_ort/sudoku_dyh.py", line 103, in <module>
    solve_sudoku(file)
  File "/home/hanrui/Sudoku-LS/solvers/sudoku_ort/sudoku_dyh.py", line 45, in solve_sudoku
    eq_num = int(f.readline().strip())
ValueError: invalid literal for int() with base 10: ''
benchmarks_EXC/INST_16x16/100/inst16x16_100_66.txt : 1558 ms.
--------------------------------------------------
Traceback (most recent call last):
  File "/home/hanrui/Sudoku-LS/solvers/sudoku_ort/sudoku_dyh.py", line 103, in <module>
    solve_sudoku(file)
  File "/home/hanrui/Sudoku-LS/solvers/sudoku_ort/sudoku_dyh.py", line 45, in solve_sudoku
    eq_num = int(f.readline().strip())
ValueError: invalid literal for int() with base 10: ''
benchmarks_EXC/INST_16x16/100/inst16x16_100_67.txt : 1829 ms.
--------------------------------------------------
Traceback (most recent call last):
  File "/home/hanrui/Sudoku-LS/solvers/sudoku_ort/sudoku_dyh.py", line 103, in <module>
    solve_sudoku(file)
  File "/home/hanrui/Sudoku-LS/solvers/sudoku_ort/sudoku_dyh.py", line 45, in solve_sudoku
    eq_num = int(f.readline().strip())
ValueError: invalid literal for int() with base 10: ''
benchmarks_EXC/INST_16x16/100/inst16x16_100_68.txt : 1527 ms.
--------------------------------------------------
Traceback (most recent call last):
  File "/home/hanrui/Sudoku-LS/solvers/sudoku_ort/sudoku_dyh.py", line 103, in <module>
    solve_sudoku(file)
  File "/home/hanrui/Sudoku-LS/solvers/sudoku_ort/sudoku_dyh.py", line 45, in solve_sudoku
    eq_num = int(f.readline().strip())
ValueError: invalid literal for int() with base 10: ''
benchmarks_EXC/INST_16x16/100/inst16x16_100_69.txt : 1509 ms.
--------------------------------------------------
Traceback (most recent call last):
  File "/home/hanrui/Sudoku-LS/solvers/sudoku_ort/sudoku_dyh.py", line 103, in <module>
    solve_sudoku(file)
  File "/home/hanrui/Sudoku-LS/solvers/sudoku_ort/sudoku_dyh.py", line 45, in solve_sudoku
    eq_num = int(f.readline().strip())
ValueError: invalid literal for int() with base 10: ''
benchmarks_EXC/INST_16x16/100/inst16x16_100_6.txt : 1958 ms.
--------------------------------------------------
Traceback (most recent call last):
  File "/home/hanrui/Sudoku-LS/solvers/sudoku_ort/sudoku_dyh.py", line 103, in <module>
    solve_sudoku(file)
  File "/home/hanrui/Sudoku-LS/solvers/sudoku_ort/sudoku_dyh.py", line 45, in solve_sudoku
    eq_num = int(f.readline().strip())
ValueError: invalid literal for int() with base 10: ''
benchmarks_EXC/INST_16x16/100/inst16x16_100_70.txt : 1685 ms.
--------------------------------------------------
Traceback (most recent call last):
  File "/home/hanrui/Sudoku-LS/solvers/sudoku_ort/sudoku_dyh.py", line 103, in <module>
    solve_sudoku(file)
  File "/home/hanrui/Sudoku-LS/solvers/sudoku_ort/sudoku_dyh.py", line 45, in solve_sudoku
    eq_num = int(f.readline().strip())
ValueError: invalid literal for int() with base 10: ''
benchmarks_EXC/INST_16x16/100/inst16x16_100_71.txt : 1529 ms.
--------------------------------------------------
Traceback (most recent call last):
  File "/home/hanrui/Sudoku-LS/solvers/sudoku_ort/sudoku_dyh.py", line 103, in <module>
    solve_sudoku(file)
  File "/home/hanrui/Sudoku-LS/solvers/sudoku_ort/sudoku_dyh.py", line 45, in solve_sudoku
    eq_num = int(f.readline().strip())
ValueError: invalid literal for int() with base 10: ''
benchmarks_EXC/INST_16x16/100/inst16x16_100_72.txt : 1856 ms.
--------------------------------------------------
Traceback (most recent call last):
  File "/home/hanrui/Sudoku-LS/solvers/sudoku_ort/sudoku_dyh.py", line 103, in <module>
    solve_sudoku(file)
  File "/home/hanrui/Sudoku-LS/solvers/sudoku_ort/sudoku_dyh.py", line 45, in solve_sudoku
    eq_num = int(f.readline().strip())
ValueError: invalid literal for int() with base 10: ''
benchmarks_EXC/INST_16x16/100/inst16x16_100_73.txt : 1654 ms.
--------------------------------------------------
Traceback (most recent call last):
  File "/home/hanrui/Sudoku-LS/solvers/sudoku_ort/sudoku_dyh.py", line 103, in <module>
    solve_sudoku(file)
  File "/home/hanrui/Sudoku-LS/solvers/sudoku_ort/sudoku_dyh.py", line 45, in solve_sudoku
    eq_num = int(f.readline().strip())
ValueError: invalid literal for int() with base 10: ''
benchmarks_EXC/INST_16x16/100/inst16x16_100_74.txt : 1482 ms.
--------------------------------------------------
Traceback (most recent call last):
  File "/home/hanrui/Sudoku-LS/solvers/sudoku_ort/sudoku_dyh.py", line 103, in <module>
    solve_sudoku(file)
  File "/home/hanrui/Sudoku-LS/solvers/sudoku_ort/sudoku_dyh.py", line 45, in solve_sudoku
    eq_num = int(f.readline().strip())
ValueError: invalid literal for int() with base 10: ''
benchmarks_EXC/INST_16x16/100/inst16x16_100_75.txt : 1488 ms.
--------------------------------------------------
Traceback (most recent call last):
  File "/home/hanrui/Sudoku-LS/solvers/sudoku_ort/sudoku_dyh.py", line 103, in <module>
    solve_sudoku(file)
  File "/home/hanrui/Sudoku-LS/solvers/sudoku_ort/sudoku_dyh.py", line 45, in solve_sudoku
    eq_num = int(f.readline().strip())
ValueError: invalid literal for int() with base 10: ''
benchmarks_EXC/INST_16x16/100/inst16x16_100_76.txt : 1509 ms.
--------------------------------------------------
Traceback (most recent call last):
  File "/home/hanrui/Sudoku-LS/solvers/sudoku_ort/sudoku_dyh.py", line 103, in <module>
    solve_sudoku(file)
  File "/home/hanrui/Sudoku-LS/solvers/sudoku_ort/sudoku_dyh.py", line 45, in solve_sudoku
    eq_num = int(f.readline().strip())
ValueError: invalid literal for int() with base 10: ''
benchmarks_EXC/INST_16x16/100/inst16x16_100_77.txt : 1553 ms.
--------------------------------------------------
Traceback (most recent call last):
  File "/home/hanrui/Sudoku-LS/solvers/sudoku_ort/sudoku_dyh.py", line 103, in <module>
    solve_sudoku(file)
  File "/home/hanrui/Sudoku-LS/solvers/sudoku_ort/sudoku_dyh.py", line 45, in solve_sudoku
    eq_num = int(f.readline().strip())
ValueError: invalid literal for int() with base 10: ''
benchmarks_EXC/INST_16x16/100/inst16x16_100_78.txt : 1478 ms.
--------------------------------------------------
Traceback (most recent call last):
  File "/home/hanrui/Sudoku-LS/solvers/sudoku_ort/sudoku_dyh.py", line 103, in <module>
    solve_sudoku(file)
  File "/home/hanrui/Sudoku-LS/solvers/sudoku_ort/sudoku_dyh.py", line 45, in solve_sudoku
    eq_num = int(f.readline().strip())
ValueError: invalid literal for int() with base 10: ''
benchmarks_EXC/INST_16x16/100/inst16x16_100_79.txt : 1407 ms.
--------------------------------------------------
Traceback (most recent call last):
  File "/home/hanrui/Sudoku-LS/solvers/sudoku_ort/sudoku_dyh.py", line 103, in <module>
    solve_sudoku(file)
  File "/home/hanrui/Sudoku-LS/solvers/sudoku_ort/sudoku_dyh.py", line 45, in solve_sudoku
    eq_num = int(f.readline().strip())
ValueError: invalid literal for int() with base 10: ''
benchmarks_EXC/INST_16x16/100/inst16x16_100_7.txt : 1367 ms.
--------------------------------------------------
Traceback (most recent call last):
  File "/home/hanrui/Sudoku-LS/solvers/sudoku_ort/sudoku_dyh.py", line 103, in <module>
    solve_sudoku(file)
  File "/home/hanrui/Sudoku-LS/solvers/sudoku_ort/sudoku_dyh.py", line 45, in solve_sudoku
    eq_num = int(f.readline().strip())
ValueError: invalid literal for int() with base 10: ''
benchmarks_EXC/INST_16x16/100/inst16x16_100_80.txt : 1463 ms.
--------------------------------------------------
Traceback (most recent call last):
  File "/home/hanrui/Sudoku-LS/solvers/sudoku_ort/sudoku_dyh.py", line 103, in <module>
    solve_sudoku(file)
  File "/home/hanrui/Sudoku-LS/solvers/sudoku_ort/sudoku_dyh.py", line 45, in solve_sudoku
    eq_num = int(f.readline().strip())
ValueError: invalid literal for int() with base 10: ''
benchmarks_EXC/INST_16x16/100/inst16x16_100_81.txt : 1550 ms.
--------------------------------------------------
Traceback (most recent call last):
  File "/home/hanrui/Sudoku-LS/solvers/sudoku_ort/sudoku_dyh.py", line 103, in <module>
    solve_sudoku(file)
  File "/home/hanrui/Sudoku-LS/solvers/sudoku_ort/sudoku_dyh.py", line 45, in solve_sudoku
    eq_num = int(f.readline().strip())
ValueError: invalid literal for int() with base 10: ''
benchmarks_EXC/INST_16x16/100/inst16x16_100_82.txt : 1392 ms.
--------------------------------------------------
Traceback (most recent call last):
  File "/home/hanrui/Sudoku-LS/solvers/sudoku_ort/sudoku_dyh.py", line 103, in <module>
    solve_sudoku(file)
  File "/home/hanrui/Sudoku-LS/solvers/sudoku_ort/sudoku_dyh.py", line 45, in solve_sudoku
    eq_num = int(f.readline().strip())
ValueError: invalid literal for int() with base 10: ''
benchmarks_EXC/INST_16x16/100/inst16x16_100_83.txt : 1628 ms.
--------------------------------------------------
Traceback (most recent call last):
  File "/home/hanrui/Sudoku-LS/solvers/sudoku_ort/sudoku_dyh.py", line 103, in <module>
    solve_sudoku(file)
  File "/home/hanrui/Sudoku-LS/solvers/sudoku_ort/sudoku_dyh.py", line 45, in solve_sudoku
    eq_num = int(f.readline().strip())
ValueError: invalid literal for int() with base 10: ''
benchmarks_EXC/INST_16x16/100/inst16x16_100_84.txt : 1506 ms.
--------------------------------------------------
Traceback (most recent call last):
  File "/home/hanrui/Sudoku-LS/solvers/sudoku_ort/sudoku_dyh.py", line 103, in <module>
    solve_sudoku(file)
  File "/home/hanrui/Sudoku-LS/solvers/sudoku_ort/sudoku_dyh.py", line 45, in solve_sudoku
    eq_num = int(f.readline().strip())
ValueError: invalid literal for int() with base 10: ''
benchmarks_EXC/INST_16x16/100/inst16x16_100_85.txt : 1488 ms.
--------------------------------------------------
Traceback (most recent call last):
  File "/home/hanrui/Sudoku-LS/solvers/sudoku_ort/sudoku_dyh.py", line 103, in <module>
    solve_sudoku(file)
  File "/home/hanrui/Sudoku-LS/solvers/sudoku_ort/sudoku_dyh.py", line 45, in solve_sudoku
    eq_num = int(f.readline().strip())
ValueError: invalid literal for int() with base 10: ''
benchmarks_EXC/INST_16x16/100/inst16x16_100_86.txt : 1581 ms.
--------------------------------------------------
Traceback (most recent call last):
  File "/home/hanrui/Sudoku-LS/solvers/sudoku_ort/sudoku_dyh.py", line 103, in <module>
    solve_sudoku(file)
  File "/home/hanrui/Sudoku-LS/solvers/sudoku_ort/sudoku_dyh.py", line 45, in solve_sudoku
    eq_num = int(f.readline().strip())
ValueError: invalid literal for int() with base 10: ''
benchmarks_EXC/INST_16x16/100/inst16x16_100_87.txt : 1627 ms.
--------------------------------------------------
Traceback (most recent call last):
  File "/home/hanrui/Sudoku-LS/solvers/sudoku_ort/sudoku_dyh.py", line 103, in <module>
    solve_sudoku(file)
  File "/home/hanrui/Sudoku-LS/solvers/sudoku_ort/sudoku_dyh.py", line 45, in solve_sudoku
    eq_num = int(f.readline().strip())
ValueError: invalid literal for int() with base 10: ''
benchmarks_EXC/INST_16x16/100/inst16x16_100_88.txt : 1537 ms.
--------------------------------------------------
Traceback (most recent call last):
  File "/home/hanrui/Sudoku-LS/solvers/sudoku_ort/sudoku_dyh.py", line 103, in <module>
    solve_sudoku(file)
  File "/home/hanrui/Sudoku-LS/solvers/sudoku_ort/sudoku_dyh.py", line 45, in solve_sudoku
    eq_num = int(f.readline().strip())
ValueError: invalid literal for int() with base 10: ''
benchmarks_EXC/INST_16x16/100/inst16x16_100_89.txt : 1757 ms.
--------------------------------------------------
Traceback (most recent call last):
  File "/home/hanrui/Sudoku-LS/solvers/sudoku_ort/sudoku_dyh.py", line 103, in <module>
    solve_sudoku(file)
  File "/home/hanrui/Sudoku-LS/solvers/sudoku_ort/sudoku_dyh.py", line 45, in solve_sudoku
    eq_num = int(f.readline().strip())
ValueError: invalid literal for int() with base 10: ''
benchmarks_EXC/INST_16x16/100/inst16x16_100_8.txt : 1799 ms.
--------------------------------------------------
Traceback (most recent call last):
  File "/home/hanrui/Sudoku-LS/solvers/sudoku_ort/sudoku_dyh.py", line 103, in <module>
    solve_sudoku(file)
  File "/home/hanrui/Sudoku-LS/solvers/sudoku_ort/sudoku_dyh.py", line 45, in solve_sudoku
    eq_num = int(f.readline().strip())
ValueError: invalid literal for int() with base 10: ''
benchmarks_EXC/INST_16x16/100/inst16x16_100_90.txt : 1643 ms.
--------------------------------------------------
Traceback (most recent call last):
  File "/home/hanrui/Sudoku-LS/solvers/sudoku_ort/sudoku_dyh.py", line 103, in <module>
    solve_sudoku(file)
  File "/home/hanrui/Sudoku-LS/solvers/sudoku_ort/sudoku_dyh.py", line 45, in solve_sudoku
    eq_num = int(f.readline().strip())
ValueError: invalid literal for int() with base 10: ''
benchmarks_EXC/INST_16x16/100/inst16x16_100_91.txt : 2001 ms.
--------------------------------------------------
Traceback (most recent call last):
  File "/home/hanrui/Sudoku-LS/solvers/sudoku_ort/sudoku_dyh.py", line 103, in <module>
    solve_sudoku(file)
  File "/home/hanrui/Sudoku-LS/solvers/sudoku_ort/sudoku_dyh.py", line 45, in solve_sudoku
    eq_num = int(f.readline().strip())
ValueError: invalid literal for int() with base 10: ''
benchmarks_EXC/INST_16x16/100/inst16x16_100_92.txt : 1675 ms.
--------------------------------------------------
Traceback (most recent call last):
  File "/home/hanrui/Sudoku-LS/solvers/sudoku_ort/sudoku_dyh.py", line 103, in <module>
    solve_sudoku(file)
  File "/home/hanrui/Sudoku-LS/solvers/sudoku_ort/sudoku_dyh.py", line 45, in solve_sudoku
    eq_num = int(f.readline().strip())
ValueError: invalid literal for int() with base 10: ''
benchmarks_EXC/INST_16x16/100/inst16x16_100_93.txt : 1655 ms.
--------------------------------------------------
Traceback (most recent call last):
  File "/home/hanrui/Sudoku-LS/solvers/sudoku_ort/sudoku_dyh.py", line 103, in <module>
    solve_sudoku(file)
  File "/home/hanrui/Sudoku-LS/solvers/sudoku_ort/sudoku_dyh.py", line 45, in solve_sudoku
    eq_num = int(f.readline().strip())
ValueError: invalid literal for int() with base 10: ''
benchmarks_EXC/INST_16x16/100/inst16x16_100_94.txt : 1780 ms.
--------------------------------------------------
Traceback (most recent call last):
  File "/home/hanrui/Sudoku-LS/solvers/sudoku_ort/sudoku_dyh.py", line 103, in <module>
    solve_sudoku(file)
  File "/home/hanrui/Sudoku-LS/solvers/sudoku_ort/sudoku_dyh.py", line 45, in solve_sudoku
    eq_num = int(f.readline().strip())
ValueError: invalid literal for int() with base 10: ''
benchmarks_EXC/INST_16x16/100/inst16x16_100_95.txt : 1708 ms.
--------------------------------------------------
Traceback (most recent call last):
  File "/home/hanrui/Sudoku-LS/solvers/sudoku_ort/sudoku_dyh.py", line 103, in <module>
    solve_sudoku(file)
  File "/home/hanrui/Sudoku-LS/solvers/sudoku_ort/sudoku_dyh.py", line 45, in solve_sudoku
    eq_num = int(f.readline().strip())
ValueError: invalid literal for int() with base 10: ''
benchmarks_EXC/INST_16x16/100/inst16x16_100_96.txt : 1620 ms.
--------------------------------------------------
Traceback (most recent call last):
  File "/home/hanrui/Sudoku-LS/solvers/sudoku_ort/sudoku_dyh.py", line 103, in <module>
    solve_sudoku(file)
  File "/home/hanrui/Sudoku-LS/solvers/sudoku_ort/sudoku_dyh.py", line 45, in solve_sudoku
    eq_num = int(f.readline().strip())
ValueError: invalid literal for int() with base 10: ''
benchmarks_EXC/INST_16x16/100/inst16x16_100_97.txt : 1611 ms.
--------------------------------------------------
Traceback (most recent call last):
  File "/home/hanrui/Sudoku-LS/solvers/sudoku_ort/sudoku_dyh.py", line 103, in <module>
    solve_sudoku(file)
  File "/home/hanrui/Sudoku-LS/solvers/sudoku_ort/sudoku_dyh.py", line 45, in solve_sudoku
    eq_num = int(f.readline().strip())
ValueError: invalid literal for int() with base 10: ''
benchmarks_EXC/INST_16x16/100/inst16x16_100_98.txt : 1885 ms.
--------------------------------------------------
Traceback (most recent call last):
  File "/home/hanrui/Sudoku-LS/solvers/sudoku_ort/sudoku_dyh.py", line 103, in <module>
    solve_sudoku(file)
  File "/home/hanrui/Sudoku-LS/solvers/sudoku_ort/sudoku_dyh.py", line 45, in solve_sudoku
    eq_num = int(f.readline().strip())
ValueError: invalid literal for int() with base 10: ''
benchmarks_EXC/INST_16x16/100/inst16x16_100_99.txt : 1748 ms.
--------------------------------------------------
Traceback (most recent call last):
  File "/home/hanrui/Sudoku-LS/solvers/sudoku_ort/sudoku_dyh.py", line 103, in <module>
    solve_sudoku(file)
  File "/home/hanrui/Sudoku-LS/solvers/sudoku_ort/sudoku_dyh.py", line 45, in solve_sudoku
    eq_num = int(f.readline().strip())
ValueError: invalid literal for int() with base 10: ''
benchmarks_EXC/INST_16x16/100/inst16x16_100_9.txt : 2038 ms.
