--------------------------------------------------
SAT
----------
benchmarks_CP/INST_25x25/15/inst25x25_15_0.dzn : 450 ms.
--------------------------------------------------
=====UNKNOWN=====
benchmarks_CP/INST_25x25/15/inst25x25_15_10.dzn : 1001131 ms.
--------------------------------------------------
SAT
----------
benchmarks_CP/INST_25x25/15/inst25x25_15_11.dzn : 16014 ms.
--------------------------------------------------
SAT
----------
benchmarks_CP/INST_25x25/15/inst25x25_15_12.dzn : 945993 ms.
--------------------------------------------------
=====UNKNOWN=====
benchmarks_CP/INST_25x25/15/inst25x25_15_13.dzn : 1001141 ms.
--------------------------------------------------
SAT
----------
benchmarks_CP/INST_25x25/15/inst25x25_15_14.dzn : 11240 ms.
--------------------------------------------------
SAT
----------
benchmarks_CP/INST_25x25/15/inst25x25_15_15.dzn : 22168 ms.
--------------------------------------------------
=====UNKNOWN=====
benchmarks_CP/INST_25x25/15/inst25x25_15_16.dzn : 1001172 ms.
--------------------------------------------------
SAT
----------
benchmarks_CP/INST_25x25/15/inst25x25_15_17.dzn : 9772 ms.
--------------------------------------------------
=====UNKNOWN=====
benchmarks_CP/INST_25x25/15/inst25x25_15_18.dzn : 1001130 ms.
--------------------------------------------------
SAT
----------
benchmarks_CP/INST_25x25/15/inst25x25_15_19.dzn : 237 ms.
--------------------------------------------------
SAT
----------
benchmarks_CP/INST_25x25/15/inst25x25_15_1.dzn : 54723 ms.
--------------------------------------------------
SAT
----------
benchmarks_CP/INST_25x25/15/inst25x25_15_20.dzn : 323779 ms.
--------------------------------------------------
SAT
----------
benchmarks_CP/INST_25x25/15/inst25x25_15_21.dzn : 46633 ms.
--------------------------------------------------
=====UNKNOWN=====
benchmarks_CP/INST_25x25/15/inst25x25_15_22.dzn : 1001049 ms.
--------------------------------------------------
=====UNKNOWN=====
benchmarks_CP/INST_25x25/15/inst25x25_15_23.dzn : 1001150 ms.
--------------------------------------------------
SAT
----------
benchmarks_CP/INST_25x25/15/inst25x25_15_24.dzn : 63687 ms.
--------------------------------------------------
=====UNKNOWN=====
benchmarks_CP/INST_25x25/15/inst25x25_15_25.dzn : 1001138 ms.
--------------------------------------------------
SAT
----------
benchmarks_CP/INST_25x25/15/inst25x25_15_26.dzn : 14488 ms.
--------------------------------------------------
=====UNKNOWN=====
benchmarks_CP/INST_25x25/15/inst25x25_15_27.dzn : 1001143 ms.
--------------------------------------------------
SAT
----------
benchmarks_CP/INST_25x25/15/inst25x25_15_28.dzn : 10328 ms.
--------------------------------------------------
SAT
----------
benchmarks_CP/INST_25x25/15/inst25x25_15_29.dzn : 861866 ms.
--------------------------------------------------
=====UNKNOWN=====
benchmarks_CP/INST_25x25/15/inst25x25_15_2.dzn : 1001139 ms.
--------------------------------------------------
SAT
----------
benchmarks_CP/INST_25x25/15/inst25x25_15_30.dzn : 4240 ms.
--------------------------------------------------
SAT
----------
benchmarks_CP/INST_25x25/15/inst25x25_15_31.dzn : 1533 ms.
--------------------------------------------------
=====UNKNOWN=====
benchmarks_CP/INST_25x25/15/inst25x25_15_32.dzn : 1001144 ms.
--------------------------------------------------
SAT
----------
benchmarks_CP/INST_25x25/15/inst25x25_15_33.dzn : 13481 ms.
--------------------------------------------------
=====UNKNOWN=====
benchmarks_CP/INST_25x25/15/inst25x25_15_34.dzn : 1001139 ms.
--------------------------------------------------
SAT
----------
benchmarks_CP/INST_25x25/15/inst25x25_15_35.dzn : 5313 ms.
--------------------------------------------------
SAT
----------
benchmarks_CP/INST_25x25/15/inst25x25_15_36.dzn : 5610 ms.
--------------------------------------------------
SAT
----------
benchmarks_CP/INST_25x25/15/inst25x25_15_37.dzn : 455262 ms.
--------------------------------------------------
SAT
----------
benchmarks_CP/INST_25x25/15/inst25x25_15_38.dzn : 554 ms.
--------------------------------------------------
SAT
----------
benchmarks_CP/INST_25x25/15/inst25x25_15_39.dzn : 25262 ms.
--------------------------------------------------
=====UNKNOWN=====
benchmarks_CP/INST_25x25/15/inst25x25_15_3.dzn : 1001139 ms.
--------------------------------------------------
=====UNKNOWN=====
benchmarks_CP/INST_25x25/15/inst25x25_15_40.dzn : 1001142 ms.
--------------------------------------------------
=====UNKNOWN=====
benchmarks_CP/INST_25x25/15/inst25x25_15_41.dzn : 1001144 ms.
--------------------------------------------------
=====UNKNOWN=====
benchmarks_CP/INST_25x25/15/inst25x25_15_42.dzn : 1001137 ms.
--------------------------------------------------
=====UNKNOWN=====
benchmarks_CP/INST_25x25/15/inst25x25_15_43.dzn : 1001140 ms.
--------------------------------------------------
=====UNKNOWN=====
benchmarks_CP/INST_25x25/15/inst25x25_15_44.dzn : 1001143 ms.
--------------------------------------------------
=====UNKNOWN=====
benchmarks_CP/INST_25x25/15/inst25x25_15_45.dzn : 1001137 ms.
--------------------------------------------------
=====UNKNOWN=====
benchmarks_CP/INST_25x25/15/inst25x25_15_46.dzn : 1001140 ms.
--------------------------------------------------
SAT
----------
benchmarks_CP/INST_25x25/15/inst25x25_15_47.dzn : 170482 ms.
--------------------------------------------------
SAT
----------
benchmarks_CP/INST_25x25/15/inst25x25_15_48.dzn : 4068 ms.
--------------------------------------------------
=====UNKNOWN=====
benchmarks_CP/INST_25x25/15/inst25x25_15_49.dzn : 1001140 ms.
--------------------------------------------------
SAT
----------
benchmarks_CP/INST_25x25/15/inst25x25_15_4.dzn : 397168 ms.
--------------------------------------------------
SAT
----------
benchmarks_CP/INST_25x25/15/inst25x25_15_50.dzn : 745683 ms.
--------------------------------------------------
SAT
----------
benchmarks_CP/INST_25x25/15/inst25x25_15_51.dzn : 53707 ms.
--------------------------------------------------
=====UNKNOWN=====
benchmarks_CP/INST_25x25/15/inst25x25_15_52.dzn : 1001147 ms.
--------------------------------------------------
SAT
----------
benchmarks_CP/INST_25x25/15/inst25x25_15_53.dzn : 276384 ms.
--------------------------------------------------
SAT
----------
benchmarks_CP/INST_25x25/15/inst25x25_15_54.dzn : 415246 ms.
--------------------------------------------------
=====UNKNOWN=====
benchmarks_CP/INST_25x25/15/inst25x25_15_55.dzn : 1001136 ms.
--------------------------------------------------
SAT
----------
benchmarks_CP/INST_25x25/15/inst25x25_15_56.dzn : 203837 ms.
--------------------------------------------------
SAT
----------
benchmarks_CP/INST_25x25/15/inst25x25_15_57.dzn : 10699 ms.
--------------------------------------------------
SAT
----------
benchmarks_CP/INST_25x25/15/inst25x25_15_58.dzn : 177616 ms.
--------------------------------------------------
SAT
----------
benchmarks_CP/INST_25x25/15/inst25x25_15_59.dzn : 16624 ms.
--------------------------------------------------
SAT
----------
benchmarks_CP/INST_25x25/15/inst25x25_15_5.dzn : 2563 ms.
--------------------------------------------------
=====UNKNOWN=====
benchmarks_CP/INST_25x25/15/inst25x25_15_60.dzn : 1001149 ms.
--------------------------------------------------
=====UNKNOWN=====
benchmarks_CP/INST_25x25/15/inst25x25_15_61.dzn : 1001142 ms.
--------------------------------------------------
SAT
----------
benchmarks_CP/INST_25x25/15/inst25x25_15_62.dzn : 8974 ms.
--------------------------------------------------
=====UNKNOWN=====
benchmarks_CP/INST_25x25/15/inst25x25_15_63.dzn : 1001130 ms.
--------------------------------------------------
SAT
----------
benchmarks_CP/INST_25x25/15/inst25x25_15_64.dzn : 456235 ms.
--------------------------------------------------
=====UNKNOWN=====
benchmarks_CP/INST_25x25/15/inst25x25_15_65.dzn : 1001140 ms.
--------------------------------------------------
SAT
----------
benchmarks_CP/INST_25x25/15/inst25x25_15_66.dzn : 125851 ms.
--------------------------------------------------
SAT
----------
benchmarks_CP/INST_25x25/15/inst25x25_15_67.dzn : 392779 ms.
--------------------------------------------------
=====UNKNOWN=====
benchmarks_CP/INST_25x25/15/inst25x25_15_68.dzn : 1001130 ms.
--------------------------------------------------
=====UNKNOWN=====
benchmarks_CP/INST_25x25/15/inst25x25_15_69.dzn : 1001133 ms.
--------------------------------------------------
SAT
----------
benchmarks_CP/INST_25x25/15/inst25x25_15_6.dzn : 219529 ms.
--------------------------------------------------
=====UNKNOWN=====
benchmarks_CP/INST_25x25/15/inst25x25_15_70.dzn : 1001137 ms.
--------------------------------------------------
SAT
----------
benchmarks_CP/INST_25x25/15/inst25x25_15_71.dzn : 434 ms.
--------------------------------------------------
=====UNKNOWN=====
benchmarks_CP/INST_25x25/15/inst25x25_15_72.dzn : 1001134 ms.
--------------------------------------------------
=====UNKNOWN=====
benchmarks_CP/INST_25x25/15/inst25x25_15_73.dzn : 1001150 ms.
--------------------------------------------------
=====UNKNOWN=====
benchmarks_CP/INST_25x25/15/inst25x25_15_74.dzn : 1001141 ms.
--------------------------------------------------
SAT
----------
benchmarks_CP/INST_25x25/15/inst25x25_15_75.dzn : 4826 ms.
--------------------------------------------------
SAT
----------
benchmarks_CP/INST_25x25/15/inst25x25_15_76.dzn : 2997 ms.
--------------------------------------------------
=====UNKNOWN=====
benchmarks_CP/INST_25x25/15/inst25x25_15_77.dzn : 1001137 ms.
--------------------------------------------------
=====UNKNOWN=====
benchmarks_CP/INST_25x25/15/inst25x25_15_78.dzn : 1001142 ms.
--------------------------------------------------
SAT
----------
benchmarks_CP/INST_25x25/15/inst25x25_15_79.dzn : 1482 ms.
--------------------------------------------------
SAT
----------
benchmarks_CP/INST_25x25/15/inst25x25_15_7.dzn : 45777 ms.
--------------------------------------------------
SAT
----------
benchmarks_CP/INST_25x25/15/inst25x25_15_80.dzn : 381 ms.
--------------------------------------------------
=====UNKNOWN=====
benchmarks_CP/INST_25x25/15/inst25x25_15_81.dzn : 1001147 ms.
--------------------------------------------------
SAT
----------
benchmarks_CP/INST_25x25/15/inst25x25_15_82.dzn : 38831 ms.
--------------------------------------------------
SAT
----------
benchmarks_CP/INST_25x25/15/inst25x25_15_83.dzn : 2729 ms.
--------------------------------------------------
SAT
----------
benchmarks_CP/INST_25x25/15/inst25x25_15_84.dzn : 14349 ms.
--------------------------------------------------
SAT
----------
benchmarks_CP/INST_25x25/15/inst25x25_15_85.dzn : 260716 ms.
--------------------------------------------------
=====UNKNOWN=====
benchmarks_CP/INST_25x25/15/inst25x25_15_86.dzn : 1001134 ms.
--------------------------------------------------
SAT
----------
benchmarks_CP/INST_25x25/15/inst25x25_15_87.dzn : 192267 ms.
--------------------------------------------------
=====UNKNOWN=====
benchmarks_CP/INST_25x25/15/inst25x25_15_88.dzn : 1001146 ms.
--------------------------------------------------
SAT
----------
benchmarks_CP/INST_25x25/15/inst25x25_15_89.dzn : 28165 ms.
--------------------------------------------------
SAT
----------
benchmarks_CP/INST_25x25/15/inst25x25_15_8.dzn : 254 ms.
--------------------------------------------------
SAT
----------
benchmarks_CP/INST_25x25/15/inst25x25_15_90.dzn : 8922 ms.
--------------------------------------------------
=====UNKNOWN=====
benchmarks_CP/INST_25x25/15/inst25x25_15_91.dzn : 1001154 ms.
--------------------------------------------------
=====UNKNOWN=====
benchmarks_CP/INST_25x25/15/inst25x25_15_92.dzn : 1001140 ms.
--------------------------------------------------
SAT
----------
benchmarks_CP/INST_25x25/15/inst25x25_15_93.dzn : 250260 ms.
--------------------------------------------------
=====UNKNOWN=====
benchmarks_CP/INST_25x25/15/inst25x25_15_94.dzn : 1001152 ms.
--------------------------------------------------
SAT
----------
benchmarks_CP/INST_25x25/15/inst25x25_15_95.dzn : 2056 ms.
--------------------------------------------------
SAT
----------
benchmarks_CP/INST_25x25/15/inst25x25_15_96.dzn : 1591 ms.
--------------------------------------------------
SAT
----------
benchmarks_CP/INST_25x25/15/inst25x25_15_97.dzn : 14722 ms.
--------------------------------------------------
SAT
----------
benchmarks_CP/INST_25x25/15/inst25x25_15_98.dzn : 647 ms.
--------------------------------------------------
SAT
----------
benchmarks_CP/INST_25x25/15/inst25x25_15_99.dzn : 330306 ms.
--------------------------------------------------
=====UNKNOWN=====
benchmarks_CP/INST_25x25/15/inst25x25_15_9.dzn : 1001141 ms.
