--------------------------------------------------
=====UNKNOWN=====
benchmarks_CP/INST_25x25/35/inst25x25_35_0.dzn : 1001137 ms.
--------------------------------------------------
=====UNKNOWN=====
benchmarks_CP/INST_25x25/35/inst25x25_35_10.dzn : 1001142 ms.
--------------------------------------------------
=====UNKNOWN=====
benchmarks_CP/INST_25x25/35/inst25x25_35_11.dzn : 1001134 ms.
--------------------------------------------------
=====UNKNOWN=====
benchmarks_CP/INST_25x25/35/inst25x25_35_12.dzn : 1001098 ms.
--------------------------------------------------
=====UNKNOWN=====
benchmarks_CP/INST_25x25/35/inst25x25_35_13.dzn : 1001130 ms.
--------------------------------------------------
=====UNKNOWN=====
benchmarks_CP/INST_25x25/35/inst25x25_35_14.dzn : 1001143 ms.
--------------------------------------------------
=====UNKNOWN=====
benchmarks_CP/INST_25x25/35/inst25x25_35_15.dzn : 1001064 ms.
--------------------------------------------------
SAT
----------
benchmarks_CP/INST_25x25/35/inst25x25_35_16.dzn : 54192 ms.
--------------------------------------------------
=====UNKNOWN=====
benchmarks_CP/INST_25x25/35/inst25x25_35_17.dzn : 1001129 ms.
--------------------------------------------------
=====UNKNOWN=====
benchmarks_CP/INST_25x25/35/inst25x25_35_18.dzn : 1001134 ms.
--------------------------------------------------
=====UNKNOWN=====
benchmarks_CP/INST_25x25/35/inst25x25_35_19.dzn : 1001130 ms.
--------------------------------------------------
SAT
----------
benchmarks_CP/INST_25x25/35/inst25x25_35_1.dzn : 3814 ms.
--------------------------------------------------
=====UNKNOWN=====
benchmarks_CP/INST_25x25/35/inst25x25_35_20.dzn : 1001134 ms.
--------------------------------------------------
=====UNKNOWN=====
benchmarks_CP/INST_25x25/35/inst25x25_35_21.dzn : 1001140 ms.
--------------------------------------------------
=====UNKNOWN=====
benchmarks_CP/INST_25x25/35/inst25x25_35_22.dzn : 1001139 ms.
--------------------------------------------------
=====UNKNOWN=====
benchmarks_CP/INST_25x25/35/inst25x25_35_23.dzn : 1001135 ms.
--------------------------------------------------
=====UNKNOWN=====
benchmarks_CP/INST_25x25/35/inst25x25_35_24.dzn : 1001151 ms.
--------------------------------------------------
=====UNKNOWN=====
benchmarks_CP/INST_25x25/35/inst25x25_35_25.dzn : 1001138 ms.
--------------------------------------------------
=====UNKNOWN=====
benchmarks_CP/INST_25x25/35/inst25x25_35_26.dzn : 1001135 ms.
--------------------------------------------------
=====UNKNOWN=====
benchmarks_CP/INST_25x25/35/inst25x25_35_27.dzn : 1001142 ms.
--------------------------------------------------
=====UNKNOWN=====
benchmarks_CP/INST_25x25/35/inst25x25_35_28.dzn : 1001142 ms.
--------------------------------------------------
=====UNKNOWN=====
benchmarks_CP/INST_25x25/35/inst25x25_35_29.dzn : 1001140 ms.
--------------------------------------------------
SAT
----------
benchmarks_CP/INST_25x25/35/inst25x25_35_2.dzn : 318438 ms.
--------------------------------------------------
=====UNKNOWN=====
benchmarks_CP/INST_25x25/35/inst25x25_35_30.dzn : 1001150 ms.
--------------------------------------------------
=====UNKNOWN=====
benchmarks_CP/INST_25x25/35/inst25x25_35_31.dzn : 1001139 ms.
--------------------------------------------------
=====UNKNOWN=====
benchmarks_CP/INST_25x25/35/inst25x25_35_32.dzn : 1001151 ms.
--------------------------------------------------
=====UNKNOWN=====
benchmarks_CP/INST_25x25/35/inst25x25_35_33.dzn : 1001146 ms.
--------------------------------------------------
=====UNKNOWN=====
benchmarks_CP/INST_25x25/35/inst25x25_35_34.dzn : 1001140 ms.
--------------------------------------------------
=====UNKNOWN=====
benchmarks_CP/INST_25x25/35/inst25x25_35_35.dzn : 1001139 ms.
--------------------------------------------------
=====UNKNOWN=====
benchmarks_CP/INST_25x25/35/inst25x25_35_36.dzn : 1001140 ms.
--------------------------------------------------
=====UNKNOWN=====
benchmarks_CP/INST_25x25/35/inst25x25_35_37.dzn : 1001143 ms.
--------------------------------------------------
=====UNKNOWN=====
benchmarks_CP/INST_25x25/35/inst25x25_35_38.dzn : 1001135 ms.
--------------------------------------------------
=====UNKNOWN=====
benchmarks_CP/INST_25x25/35/inst25x25_35_39.dzn : 1001138 ms.
--------------------------------------------------
=====UNKNOWN=====
benchmarks_CP/INST_25x25/35/inst25x25_35_3.dzn : 1001140 ms.
--------------------------------------------------
=====UNKNOWN=====
benchmarks_CP/INST_25x25/35/inst25x25_35_40.dzn : 1001138 ms.
--------------------------------------------------
SAT
----------
benchmarks_CP/INST_25x25/35/inst25x25_35_41.dzn : 542740 ms.
--------------------------------------------------
=====UNKNOWN=====
benchmarks_CP/INST_25x25/35/inst25x25_35_42.dzn : 1001141 ms.
--------------------------------------------------
SAT
----------
benchmarks_CP/INST_25x25/35/inst25x25_35_43.dzn : 16485 ms.
--------------------------------------------------
=====UNKNOWN=====
benchmarks_CP/INST_25x25/35/inst25x25_35_44.dzn : 1001145 ms.
--------------------------------------------------
=====UNKNOWN=====
benchmarks_CP/INST_25x25/35/inst25x25_35_45.dzn : 1001155 ms.
--------------------------------------------------
=====UNKNOWN=====
benchmarks_CP/INST_25x25/35/inst25x25_35_46.dzn : 1001143 ms.
--------------------------------------------------
=====UNKNOWN=====
benchmarks_CP/INST_25x25/35/inst25x25_35_47.dzn : 1001144 ms.
--------------------------------------------------
=====UNKNOWN=====
benchmarks_CP/INST_25x25/35/inst25x25_35_48.dzn : 1001152 ms.
--------------------------------------------------
=====UNKNOWN=====
benchmarks_CP/INST_25x25/35/inst25x25_35_49.dzn : 1001139 ms.
--------------------------------------------------
=====UNKNOWN=====
benchmarks_CP/INST_25x25/35/inst25x25_35_4.dzn : 1001155 ms.
--------------------------------------------------
=====UNKNOWN=====
benchmarks_CP/INST_25x25/35/inst25x25_35_50.dzn : 1001148 ms.
--------------------------------------------------
=====UNKNOWN=====
benchmarks_CP/INST_25x25/35/inst25x25_35_51.dzn : 1001144 ms.
--------------------------------------------------
=====UNKNOWN=====
benchmarks_CP/INST_25x25/35/inst25x25_35_52.dzn : 1001147 ms.
--------------------------------------------------
=====UNKNOWN=====
benchmarks_CP/INST_25x25/35/inst25x25_35_53.dzn : 1001148 ms.
--------------------------------------------------
=====UNKNOWN=====
benchmarks_CP/INST_25x25/35/inst25x25_35_54.dzn : 1001148 ms.
--------------------------------------------------
=====UNKNOWN=====
benchmarks_CP/INST_25x25/35/inst25x25_35_55.dzn : 1001143 ms.
--------------------------------------------------
=====UNKNOWN=====
benchmarks_CP/INST_25x25/35/inst25x25_35_56.dzn : 1001138 ms.
--------------------------------------------------
=====UNKNOWN=====
benchmarks_CP/INST_25x25/35/inst25x25_35_57.dzn : 1001192 ms.
--------------------------------------------------
=====UNKNOWN=====
benchmarks_CP/INST_25x25/35/inst25x25_35_58.dzn : 1001152 ms.
--------------------------------------------------
=====UNKNOWN=====
benchmarks_CP/INST_25x25/35/inst25x25_35_59.dzn : 1001148 ms.
--------------------------------------------------
=====UNKNOWN=====
benchmarks_CP/INST_25x25/35/inst25x25_35_5.dzn : 1001148 ms.
--------------------------------------------------
=====UNKNOWN=====
benchmarks_CP/INST_25x25/35/inst25x25_35_60.dzn : 1001142 ms.
--------------------------------------------------
=====UNKNOWN=====
benchmarks_CP/INST_25x25/35/inst25x25_35_61.dzn : 1001148 ms.
--------------------------------------------------
=====UNKNOWN=====
benchmarks_CP/INST_25x25/35/inst25x25_35_62.dzn : 1001138 ms.
--------------------------------------------------
=====UNKNOWN=====
benchmarks_CP/INST_25x25/35/inst25x25_35_63.dzn : 1001154 ms.
--------------------------------------------------
=====UNKNOWN=====
benchmarks_CP/INST_25x25/35/inst25x25_35_64.dzn : 1001163 ms.
--------------------------------------------------
=====UNKNOWN=====
benchmarks_CP/INST_25x25/35/inst25x25_35_65.dzn : 1001142 ms.
--------------------------------------------------
=====UNKNOWN=====
benchmarks_CP/INST_25x25/35/inst25x25_35_66.dzn : 1001141 ms.
--------------------------------------------------
=====UNKNOWN=====
benchmarks_CP/INST_25x25/35/inst25x25_35_67.dzn : 1001143 ms.
--------------------------------------------------
=====UNKNOWN=====
benchmarks_CP/INST_25x25/35/inst25x25_35_68.dzn : 1001141 ms.
--------------------------------------------------
=====UNKNOWN=====
benchmarks_CP/INST_25x25/35/inst25x25_35_69.dzn : 1001138 ms.
--------------------------------------------------
=====UNKNOWN=====
benchmarks_CP/INST_25x25/35/inst25x25_35_6.dzn : 1001153 ms.
--------------------------------------------------
=====UNKNOWN=====
benchmarks_CP/INST_25x25/35/inst25x25_35_70.dzn : 1001144 ms.
--------------------------------------------------
=====UNKNOWN=====
benchmarks_CP/INST_25x25/35/inst25x25_35_71.dzn : 1001154 ms.
--------------------------------------------------
=====UNKNOWN=====
benchmarks_CP/INST_25x25/35/inst25x25_35_72.dzn : 1001145 ms.
--------------------------------------------------
SAT
----------
benchmarks_CP/INST_25x25/35/inst25x25_35_73.dzn : 595258 ms.
--------------------------------------------------
=====UNKNOWN=====
benchmarks_CP/INST_25x25/35/inst25x25_35_74.dzn : 1001145 ms.
--------------------------------------------------
=====UNKNOWN=====
benchmarks_CP/INST_25x25/35/inst25x25_35_75.dzn : 1001147 ms.
--------------------------------------------------
=====UNKNOWN=====
benchmarks_CP/INST_25x25/35/inst25x25_35_76.dzn : 1001136 ms.
--------------------------------------------------
=====UNKNOWN=====
benchmarks_CP/INST_25x25/35/inst25x25_35_77.dzn : 1001134 ms.
--------------------------------------------------
=====UNKNOWN=====
benchmarks_CP/INST_25x25/35/inst25x25_35_78.dzn : 1001145 ms.
--------------------------------------------------
=====UNKNOWN=====
benchmarks_CP/INST_25x25/35/inst25x25_35_79.dzn : 1001138 ms.
--------------------------------------------------
=====UNKNOWN=====
benchmarks_CP/INST_25x25/35/inst25x25_35_7.dzn : 1001234 ms.
--------------------------------------------------
=====UNKNOWN=====
benchmarks_CP/INST_25x25/35/inst25x25_35_80.dzn : 1001142 ms.
--------------------------------------------------
=====UNKNOWN=====
benchmarks_CP/INST_25x25/35/inst25x25_35_81.dzn : 1001148 ms.
--------------------------------------------------
=====UNKNOWN=====
benchmarks_CP/INST_25x25/35/inst25x25_35_82.dzn : 1001137 ms.
--------------------------------------------------
=====UNKNOWN=====
benchmarks_CP/INST_25x25/35/inst25x25_35_83.dzn : 1001159 ms.
--------------------------------------------------
=====UNKNOWN=====
benchmarks_CP/INST_25x25/35/inst25x25_35_84.dzn : 1001145 ms.
--------------------------------------------------
=====UNKNOWN=====
benchmarks_CP/INST_25x25/35/inst25x25_35_85.dzn : 1001097 ms.
--------------------------------------------------
=====UNKNOWN=====
benchmarks_CP/INST_25x25/35/inst25x25_35_86.dzn : 1001158 ms.
--------------------------------------------------
=====UNKNOWN=====
benchmarks_CP/INST_25x25/35/inst25x25_35_87.dzn : 1001147 ms.
--------------------------------------------------
=====UNKNOWN=====
benchmarks_CP/INST_25x25/35/inst25x25_35_88.dzn : 1001143 ms.
--------------------------------------------------
=====UNKNOWN=====
benchmarks_CP/INST_25x25/35/inst25x25_35_89.dzn : 1001204 ms.
--------------------------------------------------
=====UNKNOWN=====
benchmarks_CP/INST_25x25/35/inst25x25_35_8.dzn : 1001143 ms.
--------------------------------------------------
=====UNKNOWN=====
benchmarks_CP/INST_25x25/35/inst25x25_35_90.dzn : 1001138 ms.
--------------------------------------------------
=====UNKNOWN=====
benchmarks_CP/INST_25x25/35/inst25x25_35_91.dzn : 1001051 ms.
--------------------------------------------------
=====UNKNOWN=====
benchmarks_CP/INST_25x25/35/inst25x25_35_92.dzn : 1001140 ms.
--------------------------------------------------
=====UNKNOWN=====
benchmarks_CP/INST_25x25/35/inst25x25_35_93.dzn : 1001143 ms.
--------------------------------------------------
=====UNKNOWN=====
benchmarks_CP/INST_25x25/35/inst25x25_35_94.dzn : 1001146 ms.
--------------------------------------------------
=====UNKNOWN=====
benchmarks_CP/INST_25x25/35/inst25x25_35_95.dzn : 1001143 ms.
--------------------------------------------------
=====UNKNOWN=====
benchmarks_CP/INST_25x25/35/inst25x25_35_96.dzn : 1001142 ms.
--------------------------------------------------
=====UNKNOWN=====
benchmarks_CP/INST_25x25/35/inst25x25_35_97.dzn : 1001153 ms.
--------------------------------------------------
=====UNKNOWN=====
benchmarks_CP/INST_25x25/35/inst25x25_35_98.dzn : 1001079 ms.
--------------------------------------------------
=====UNKNOWN=====
benchmarks_CP/INST_25x25/35/inst25x25_35_99.dzn : 1001163 ms.
--------------------------------------------------
SAT
----------
benchmarks_CP/INST_25x25/35/inst25x25_35_9.dzn : 196497 ms.
