--------------------------------------------------
SAT
----------
benchmarks_CP/INST_25x25/5/inst25x25_5_0.dzn : 6495 ms.
--------------------------------------------------
=====UNKNOWN=====
benchmarks_CP/INST_25x25/5/inst25x25_5_10.dzn : 1001135 ms.
--------------------------------------------------
SAT
----------
benchmarks_CP/INST_25x25/5/inst25x25_5_11.dzn : 2754 ms.
--------------------------------------------------
=====UNKNOWN=====
benchmarks_CP/INST_25x25/5/inst25x25_5_12.dzn : 1001129 ms.
--------------------------------------------------
SAT
----------
benchmarks_CP/INST_25x25/5/inst25x25_5_13.dzn : 322 ms.
--------------------------------------------------
SAT
----------
benchmarks_CP/INST_25x25/5/inst25x25_5_14.dzn : 422 ms.
--------------------------------------------------
=====UNKNOWN=====
benchmarks_CP/INST_25x25/5/inst25x25_5_15.dzn : 1001139 ms.
--------------------------------------------------
SAT
----------
benchmarks_CP/INST_25x25/5/inst25x25_5_16.dzn : 67967 ms.
--------------------------------------------------
SAT
----------
benchmarks_CP/INST_25x25/5/inst25x25_5_17.dzn : 99037 ms.
--------------------------------------------------
=====UNKNOWN=====
benchmarks_CP/INST_25x25/5/inst25x25_5_18.dzn : 1001140 ms.
--------------------------------------------------
SAT
----------
benchmarks_CP/INST_25x25/5/inst25x25_5_19.dzn : 1335 ms.
--------------------------------------------------
SAT
----------
benchmarks_CP/INST_25x25/5/inst25x25_5_1.dzn : 423154 ms.
--------------------------------------------------
=====UNKNOWN=====
benchmarks_CP/INST_25x25/5/inst25x25_5_20.dzn : 1001136 ms.
--------------------------------------------------
=====UNKNOWN=====
benchmarks_CP/INST_25x25/5/inst25x25_5_21.dzn : 1001154 ms.
--------------------------------------------------
=====UNKNOWN=====
benchmarks_CP/INST_25x25/5/inst25x25_5_22.dzn : 1001145 ms.
--------------------------------------------------
SAT
----------
benchmarks_CP/INST_25x25/5/inst25x25_5_23.dzn : 7565 ms.
--------------------------------------------------
SAT
----------
benchmarks_CP/INST_25x25/5/inst25x25_5_24.dzn : 40058 ms.
--------------------------------------------------
SAT
----------
benchmarks_CP/INST_25x25/5/inst25x25_5_25.dzn : 362466 ms.
--------------------------------------------------
SAT
----------
benchmarks_CP/INST_25x25/5/inst25x25_5_26.dzn : 1957 ms.
--------------------------------------------------
SAT
----------
benchmarks_CP/INST_25x25/5/inst25x25_5_27.dzn : 13404 ms.
--------------------------------------------------
=====UNKNOWN=====
benchmarks_CP/INST_25x25/5/inst25x25_5_28.dzn : 1001137 ms.
--------------------------------------------------
=====UNKNOWN=====
benchmarks_CP/INST_25x25/5/inst25x25_5_29.dzn : 1001130 ms.
--------------------------------------------------
=====UNKNOWN=====
benchmarks_CP/INST_25x25/5/inst25x25_5_2.dzn : 1001137 ms.
--------------------------------------------------
SAT
----------
benchmarks_CP/INST_25x25/5/inst25x25_5_30.dzn : 16777 ms.
--------------------------------------------------
SAT
----------
benchmarks_CP/INST_25x25/5/inst25x25_5_31.dzn : 148959 ms.
--------------------------------------------------
SAT
----------
benchmarks_CP/INST_25x25/5/inst25x25_5_32.dzn : 2830 ms.
--------------------------------------------------
SAT
----------
benchmarks_CP/INST_25x25/5/inst25x25_5_33.dzn : 713 ms.
--------------------------------------------------
SAT
----------
benchmarks_CP/INST_25x25/5/inst25x25_5_34.dzn : 20689 ms.
--------------------------------------------------
=====UNKNOWN=====
benchmarks_CP/INST_25x25/5/inst25x25_5_35.dzn : 1001135 ms.
--------------------------------------------------
SAT
----------
benchmarks_CP/INST_25x25/5/inst25x25_5_36.dzn : 3464 ms.
--------------------------------------------------
SAT
----------
benchmarks_CP/INST_25x25/5/inst25x25_5_37.dzn : 1628 ms.
--------------------------------------------------
SAT
----------
benchmarks_CP/INST_25x25/5/inst25x25_5_38.dzn : 64994 ms.
--------------------------------------------------
SAT
----------
benchmarks_CP/INST_25x25/5/inst25x25_5_39.dzn : 1925 ms.
--------------------------------------------------
SAT
----------
benchmarks_CP/INST_25x25/5/inst25x25_5_3.dzn : 996 ms.
--------------------------------------------------
SAT
----------
benchmarks_CP/INST_25x25/5/inst25x25_5_40.dzn : 10401 ms.
--------------------------------------------------
SAT
----------
benchmarks_CP/INST_25x25/5/inst25x25_5_41.dzn : 186071 ms.
--------------------------------------------------
SAT
----------
benchmarks_CP/INST_25x25/5/inst25x25_5_42.dzn : 3829 ms.
--------------------------------------------------
SAT
----------
benchmarks_CP/INST_25x25/5/inst25x25_5_43.dzn : 664 ms.
--------------------------------------------------
SAT
----------
benchmarks_CP/INST_25x25/5/inst25x25_5_44.dzn : 4400 ms.
--------------------------------------------------
SAT
----------
benchmarks_CP/INST_25x25/5/inst25x25_5_45.dzn : 2137 ms.
--------------------------------------------------
SAT
----------
benchmarks_CP/INST_25x25/5/inst25x25_5_46.dzn : 2034 ms.
--------------------------------------------------
=====UNKNOWN=====
benchmarks_CP/INST_25x25/5/inst25x25_5_47.dzn : 1001129 ms.
--------------------------------------------------
SAT
----------
benchmarks_CP/INST_25x25/5/inst25x25_5_48.dzn : 184 ms.
--------------------------------------------------
SAT
----------
benchmarks_CP/INST_25x25/5/inst25x25_5_49.dzn : 74788 ms.
--------------------------------------------------
=====UNKNOWN=====
benchmarks_CP/INST_25x25/5/inst25x25_5_4.dzn : 1001142 ms.
--------------------------------------------------
SAT
----------
benchmarks_CP/INST_25x25/5/inst25x25_5_50.dzn : 3344 ms.
--------------------------------------------------
SAT
----------
benchmarks_CP/INST_25x25/5/inst25x25_5_51.dzn : 2311 ms.
--------------------------------------------------
=====UNKNOWN=====
benchmarks_CP/INST_25x25/5/inst25x25_5_52.dzn : 1001146 ms.
--------------------------------------------------
SAT
----------
benchmarks_CP/INST_25x25/5/inst25x25_5_53.dzn : 21368 ms.
--------------------------------------------------
SAT
----------
benchmarks_CP/INST_25x25/5/inst25x25_5_54.dzn : 199473 ms.
--------------------------------------------------
SAT
----------
benchmarks_CP/INST_25x25/5/inst25x25_5_55.dzn : 11223 ms.
--------------------------------------------------
SAT
----------
benchmarks_CP/INST_25x25/5/inst25x25_5_56.dzn : 269091 ms.
--------------------------------------------------
=====UNKNOWN=====
benchmarks_CP/INST_25x25/5/inst25x25_5_57.dzn : 1001135 ms.
--------------------------------------------------
SAT
----------
benchmarks_CP/INST_25x25/5/inst25x25_5_58.dzn : 831 ms.
--------------------------------------------------
=====UNKNOWN=====
benchmarks_CP/INST_25x25/5/inst25x25_5_59.dzn : 1001127 ms.
--------------------------------------------------
SAT
----------
benchmarks_CP/INST_25x25/5/inst25x25_5_5.dzn : 4568 ms.
--------------------------------------------------
=====UNKNOWN=====
benchmarks_CP/INST_25x25/5/inst25x25_5_60.dzn : 1001129 ms.
--------------------------------------------------
=====UNKNOWN=====
benchmarks_CP/INST_25x25/5/inst25x25_5_61.dzn : 1001140 ms.
--------------------------------------------------
=====UNKNOWN=====
benchmarks_CP/INST_25x25/5/inst25x25_5_62.dzn : 1001151 ms.
--------------------------------------------------
SAT
----------
benchmarks_CP/INST_25x25/5/inst25x25_5_63.dzn : 1902 ms.
--------------------------------------------------
=====UNKNOWN=====
benchmarks_CP/INST_25x25/5/inst25x25_5_64.dzn : 1001143 ms.
--------------------------------------------------
SAT
----------
benchmarks_CP/INST_25x25/5/inst25x25_5_65.dzn : 439 ms.
--------------------------------------------------
=====UNKNOWN=====
benchmarks_CP/INST_25x25/5/inst25x25_5_66.dzn : 1001134 ms.
--------------------------------------------------
SAT
----------
benchmarks_CP/INST_25x25/5/inst25x25_5_67.dzn : 5168 ms.
--------------------------------------------------
SAT
----------
benchmarks_CP/INST_25x25/5/inst25x25_5_68.dzn : 238 ms.
--------------------------------------------------
SAT
----------
benchmarks_CP/INST_25x25/5/inst25x25_5_69.dzn : 915 ms.
--------------------------------------------------
SAT
----------
benchmarks_CP/INST_25x25/5/inst25x25_5_6.dzn : 6544 ms.
--------------------------------------------------
=====UNKNOWN=====
benchmarks_CP/INST_25x25/5/inst25x25_5_70.dzn : 1001124 ms.
--------------------------------------------------
=====UNKNOWN=====
benchmarks_CP/INST_25x25/5/inst25x25_5_71.dzn : 1001130 ms.
--------------------------------------------------
SAT
----------
benchmarks_CP/INST_25x25/5/inst25x25_5_72.dzn : 1206 ms.
--------------------------------------------------
SAT
----------
benchmarks_CP/INST_25x25/5/inst25x25_5_73.dzn : 6455 ms.
--------------------------------------------------
=====UNKNOWN=====
benchmarks_CP/INST_25x25/5/inst25x25_5_74.dzn : 1001136 ms.
--------------------------------------------------
=====UNKNOWN=====
benchmarks_CP/INST_25x25/5/inst25x25_5_75.dzn : 1001143 ms.
--------------------------------------------------
SAT
----------
benchmarks_CP/INST_25x25/5/inst25x25_5_76.dzn : 6477 ms.
--------------------------------------------------
SAT
----------
benchmarks_CP/INST_25x25/5/inst25x25_5_77.dzn : 598 ms.
--------------------------------------------------
=====UNKNOWN=====
benchmarks_CP/INST_25x25/5/inst25x25_5_78.dzn : 1001148 ms.
--------------------------------------------------
=====UNKNOWN=====
benchmarks_CP/INST_25x25/5/inst25x25_5_79.dzn : 1001145 ms.
--------------------------------------------------
=====UNKNOWN=====
benchmarks_CP/INST_25x25/5/inst25x25_5_7.dzn : 1001109 ms.
--------------------------------------------------
=====UNKNOWN=====
benchmarks_CP/INST_25x25/5/inst25x25_5_80.dzn : 1001144 ms.
--------------------------------------------------
=====UNKNOWN=====
benchmarks_CP/INST_25x25/5/inst25x25_5_81.dzn : 1001146 ms.
--------------------------------------------------
SAT
----------
benchmarks_CP/INST_25x25/5/inst25x25_5_82.dzn : 53053 ms.
--------------------------------------------------
SAT
----------
benchmarks_CP/INST_25x25/5/inst25x25_5_83.dzn : 396 ms.
--------------------------------------------------
SAT
----------
benchmarks_CP/INST_25x25/5/inst25x25_5_84.dzn : 2711 ms.
--------------------------------------------------
SAT
----------
benchmarks_CP/INST_25x25/5/inst25x25_5_85.dzn : 13877 ms.
--------------------------------------------------
=====UNKNOWN=====
benchmarks_CP/INST_25x25/5/inst25x25_5_86.dzn : 1001140 ms.
--------------------------------------------------
SAT
----------
benchmarks_CP/INST_25x25/5/inst25x25_5_87.dzn : 3493 ms.
--------------------------------------------------
SAT
----------
benchmarks_CP/INST_25x25/5/inst25x25_5_88.dzn : 4032 ms.
--------------------------------------------------
SAT
----------
benchmarks_CP/INST_25x25/5/inst25x25_5_89.dzn : 3917 ms.
--------------------------------------------------
=====UNKNOWN=====
benchmarks_CP/INST_25x25/5/inst25x25_5_8.dzn : 1001142 ms.
--------------------------------------------------
SAT
----------
benchmarks_CP/INST_25x25/5/inst25x25_5_90.dzn : 15109 ms.
--------------------------------------------------
SAT
----------
benchmarks_CP/INST_25x25/5/inst25x25_5_91.dzn : 2518 ms.
--------------------------------------------------
=====UNKNOWN=====
benchmarks_CP/INST_25x25/5/inst25x25_5_92.dzn : 1001143 ms.
--------------------------------------------------
=====UNKNOWN=====
benchmarks_CP/INST_25x25/5/inst25x25_5_93.dzn : 1001144 ms.
--------------------------------------------------
SAT
----------
benchmarks_CP/INST_25x25/5/inst25x25_5_94.dzn : 22446 ms.
--------------------------------------------------
SAT
----------
benchmarks_CP/INST_25x25/5/inst25x25_5_95.dzn : 10176 ms.
--------------------------------------------------
=====UNKNOWN=====
benchmarks_CP/INST_25x25/5/inst25x25_5_96.dzn : 1001134 ms.
--------------------------------------------------
SAT
----------
benchmarks_CP/INST_25x25/5/inst25x25_5_97.dzn : 12520 ms.
--------------------------------------------------
=====UNKNOWN=====
benchmarks_CP/INST_25x25/5/inst25x25_5_98.dzn : 1001141 ms.
--------------------------------------------------
SAT
----------
benchmarks_CP/INST_25x25/5/inst25x25_5_99.dzn : 14040 ms.
--------------------------------------------------
SAT
----------
benchmarks_CP/INST_25x25/5/inst25x25_5_9.dzn : 75213 ms.
