--------------------------------------------------
=====UNKNOWN=====
benchmarks_CP/INST_25x25/40/inst25x25_40_0.dzn : 1001129 ms.
--------------------------------------------------
=====UNKNOWN=====
benchmarks_CP/INST_25x25/40/inst25x25_40_10.dzn : 1001134 ms.
--------------------------------------------------
=====UNKNOWN=====
benchmarks_CP/INST_25x25/40/inst25x25_40_11.dzn : 1001139 ms.
--------------------------------------------------
=====UNKNOWN=====
benchmarks_CP/INST_25x25/40/inst25x25_40_12.dzn : 1001129 ms.
--------------------------------------------------
=====UNKNOWN=====
benchmarks_CP/INST_25x25/40/inst25x25_40_13.dzn : 1001135 ms.
--------------------------------------------------
=====UNKNOWN=====
benchmarks_CP/INST_25x25/40/inst25x25_40_14.dzn : 1001151 ms.
--------------------------------------------------
=====UNKNOWN=====
benchmarks_CP/INST_25x25/40/inst25x25_40_15.dzn : 1001139 ms.
--------------------------------------------------
=====UNKNOWN=====
benchmarks_CP/INST_25x25/40/inst25x25_40_16.dzn : 1001144 ms.
--------------------------------------------------
=====UNKNOWN=====
benchmarks_CP/INST_25x25/40/inst25x25_40_17.dzn : 1001136 ms.
--------------------------------------------------
=====UNKNOWN=====
benchmarks_CP/INST_25x25/40/inst25x25_40_18.dzn : 1001135 ms.
--------------------------------------------------
=====UNKNOWN=====
benchmarks_CP/INST_25x25/40/inst25x25_40_19.dzn : 1001160 ms.
--------------------------------------------------
=====UNKNOWN=====
benchmarks_CP/INST_25x25/40/inst25x25_40_1.dzn : 1001138 ms.
--------------------------------------------------
=====UNKNOWN=====
benchmarks_CP/INST_25x25/40/inst25x25_40_20.dzn : 1001131 ms.
--------------------------------------------------
=====UNKNOWN=====
benchmarks_CP/INST_25x25/40/inst25x25_40_21.dzn : 1001130 ms.
--------------------------------------------------
=====UNKNOWN=====
benchmarks_CP/INST_25x25/40/inst25x25_40_22.dzn : 1001131 ms.
--------------------------------------------------
=====UNKNOWN=====
benchmarks_CP/INST_25x25/40/inst25x25_40_23.dzn : 1001129 ms.
--------------------------------------------------
=====UNKNOWN=====
benchmarks_CP/INST_25x25/40/inst25x25_40_24.dzn : 1001137 ms.
--------------------------------------------------
=====UNKNOWN=====
benchmarks_CP/INST_25x25/40/inst25x25_40_25.dzn : 1001132 ms.
--------------------------------------------------
=====UNKNOWN=====
benchmarks_CP/INST_25x25/40/inst25x25_40_26.dzn : 1001130 ms.
--------------------------------------------------
=====UNKNOWN=====
benchmarks_CP/INST_25x25/40/inst25x25_40_27.dzn : 1001146 ms.
--------------------------------------------------
=====UNKNOWN=====
benchmarks_CP/INST_25x25/40/inst25x25_40_28.dzn : 1001139 ms.
--------------------------------------------------
=====UNKNOWN=====
benchmarks_CP/INST_25x25/40/inst25x25_40_29.dzn : 1001150 ms.
--------------------------------------------------
=====UNKNOWN=====
benchmarks_CP/INST_25x25/40/inst25x25_40_2.dzn : 1001154 ms.
--------------------------------------------------
=====UNKNOWN=====
benchmarks_CP/INST_25x25/40/inst25x25_40_30.dzn : 1001150 ms.
--------------------------------------------------
=====UNKNOWN=====
benchmarks_CP/INST_25x25/40/inst25x25_40_31.dzn : 1001145 ms.
--------------------------------------------------
=====UNKNOWN=====
benchmarks_CP/INST_25x25/40/inst25x25_40_32.dzn : 1001039 ms.
--------------------------------------------------
=====UNKNOWN=====
benchmarks_CP/INST_25x25/40/inst25x25_40_33.dzn : 1001142 ms.
--------------------------------------------------
=====UNKNOWN=====
benchmarks_CP/INST_25x25/40/inst25x25_40_34.dzn : 1001143 ms.
--------------------------------------------------
=====UNKNOWN=====
benchmarks_CP/INST_25x25/40/inst25x25_40_35.dzn : 1001145 ms.
--------------------------------------------------
=====UNKNOWN=====
benchmarks_CP/INST_25x25/40/inst25x25_40_36.dzn : 1001140 ms.
--------------------------------------------------
=====UNKNOWN=====
benchmarks_CP/INST_25x25/40/inst25x25_40_37.dzn : 1001142 ms.
--------------------------------------------------
=====UNKNOWN=====
benchmarks_CP/INST_25x25/40/inst25x25_40_38.dzn : 1001140 ms.
--------------------------------------------------
=====UNKNOWN=====
benchmarks_CP/INST_25x25/40/inst25x25_40_39.dzn : 1001139 ms.
--------------------------------------------------
=====UNKNOWN=====
benchmarks_CP/INST_25x25/40/inst25x25_40_3.dzn : 1001152 ms.
--------------------------------------------------
=====UNKNOWN=====
benchmarks_CP/INST_25x25/40/inst25x25_40_40.dzn : 1001153 ms.
--------------------------------------------------
=====UNKNOWN=====
benchmarks_CP/INST_25x25/40/inst25x25_40_41.dzn : 1001143 ms.
--------------------------------------------------
=====UNKNOWN=====
benchmarks_CP/INST_25x25/40/inst25x25_40_42.dzn : 1001143 ms.
--------------------------------------------------
=====UNKNOWN=====
benchmarks_CP/INST_25x25/40/inst25x25_40_43.dzn : 1001146 ms.
--------------------------------------------------
=====UNKNOWN=====
benchmarks_CP/INST_25x25/40/inst25x25_40_44.dzn : 1001142 ms.
--------------------------------------------------
=====UNKNOWN=====
benchmarks_CP/INST_25x25/40/inst25x25_40_45.dzn : 1001147 ms.
--------------------------------------------------
=====UNKNOWN=====
benchmarks_CP/INST_25x25/40/inst25x25_40_46.dzn : 1001139 ms.
--------------------------------------------------
=====UNKNOWN=====
benchmarks_CP/INST_25x25/40/inst25x25_40_47.dzn : 1001139 ms.
--------------------------------------------------
=====UNKNOWN=====
benchmarks_CP/INST_25x25/40/inst25x25_40_48.dzn : 1001142 ms.
--------------------------------------------------
=====UNKNOWN=====
benchmarks_CP/INST_25x25/40/inst25x25_40_49.dzn : 1001134 ms.
--------------------------------------------------
=====UNKNOWN=====
benchmarks_CP/INST_25x25/40/inst25x25_40_4.dzn : 1001040 ms.
--------------------------------------------------
=====UNKNOWN=====
benchmarks_CP/INST_25x25/40/inst25x25_40_50.dzn : 1001142 ms.
--------------------------------------------------
=====UNKNOWN=====
benchmarks_CP/INST_25x25/40/inst25x25_40_51.dzn : 1001148 ms.
--------------------------------------------------
=====UNKNOWN=====
benchmarks_CP/INST_25x25/40/inst25x25_40_52.dzn : 1001161 ms.
--------------------------------------------------
=====UNKNOWN=====
benchmarks_CP/INST_25x25/40/inst25x25_40_53.dzn : 1001140 ms.
--------------------------------------------------
=====UNKNOWN=====
benchmarks_CP/INST_25x25/40/inst25x25_40_54.dzn : 1001132 ms.
--------------------------------------------------
=====UNKNOWN=====
benchmarks_CP/INST_25x25/40/inst25x25_40_55.dzn : 1001141 ms.
--------------------------------------------------
=====UNKNOWN=====
benchmarks_CP/INST_25x25/40/inst25x25_40_56.dzn : 1001147 ms.
--------------------------------------------------
=====UNKNOWN=====
benchmarks_CP/INST_25x25/40/inst25x25_40_57.dzn : 1001141 ms.
--------------------------------------------------
=====UNKNOWN=====
benchmarks_CP/INST_25x25/40/inst25x25_40_58.dzn : 1001142 ms.
--------------------------------------------------
=====UNKNOWN=====
benchmarks_CP/INST_25x25/40/inst25x25_40_59.dzn : 1001141 ms.
--------------------------------------------------
=====UNKNOWN=====
benchmarks_CP/INST_25x25/40/inst25x25_40_5.dzn : 1001146 ms.
--------------------------------------------------
=====UNKNOWN=====
benchmarks_CP/INST_25x25/40/inst25x25_40_60.dzn : 1001141 ms.
--------------------------------------------------
=====UNKNOWN=====
benchmarks_CP/INST_25x25/40/inst25x25_40_61.dzn : 1001156 ms.
--------------------------------------------------
=====UNKNOWN=====
benchmarks_CP/INST_25x25/40/inst25x25_40_62.dzn : 1001145 ms.
--------------------------------------------------
=====UNKNOWN=====
benchmarks_CP/INST_25x25/40/inst25x25_40_63.dzn : 1001142 ms.
--------------------------------------------------
=====UNKNOWN=====
benchmarks_CP/INST_25x25/40/inst25x25_40_64.dzn : 1001149 ms.
--------------------------------------------------
=====UNKNOWN=====
benchmarks_CP/INST_25x25/40/inst25x25_40_65.dzn : 1001167 ms.
--------------------------------------------------
=====UNKNOWN=====
benchmarks_CP/INST_25x25/40/inst25x25_40_66.dzn : 1001150 ms.
--------------------------------------------------
=====UNKNOWN=====
benchmarks_CP/INST_25x25/40/inst25x25_40_67.dzn : 1001142 ms.
--------------------------------------------------
=====UNKNOWN=====
benchmarks_CP/INST_25x25/40/inst25x25_40_68.dzn : 1001137 ms.
--------------------------------------------------
=====UNKNOWN=====
benchmarks_CP/INST_25x25/40/inst25x25_40_69.dzn : 1001132 ms.
--------------------------------------------------
=====UNKNOWN=====
benchmarks_CP/INST_25x25/40/inst25x25_40_6.dzn : 1001135 ms.
--------------------------------------------------
=====UNKNOWN=====
benchmarks_CP/INST_25x25/40/inst25x25_40_70.dzn : 1001130 ms.
--------------------------------------------------
=====UNKNOWN=====
benchmarks_CP/INST_25x25/40/inst25x25_40_71.dzn : 1001130 ms.
--------------------------------------------------
=====UNKNOWN=====
benchmarks_CP/INST_25x25/40/inst25x25_40_72.dzn : 1001131 ms.
--------------------------------------------------
=====UNKNOWN=====
benchmarks_CP/INST_25x25/40/inst25x25_40_73.dzn : 1001130 ms.
--------------------------------------------------
=====UNKNOWN=====
benchmarks_CP/INST_25x25/40/inst25x25_40_74.dzn : 1001129 ms.
--------------------------------------------------
=====UNKNOWN=====
benchmarks_CP/INST_25x25/40/inst25x25_40_75.dzn : 1001133 ms.
--------------------------------------------------
=====UNKNOWN=====
benchmarks_CP/INST_25x25/40/inst25x25_40_76.dzn : 1001135 ms.
--------------------------------------------------
=====UNKNOWN=====
benchmarks_CP/INST_25x25/40/inst25x25_40_77.dzn : 1001136 ms.
--------------------------------------------------
=====UNKNOWN=====
benchmarks_CP/INST_25x25/40/inst25x25_40_78.dzn : 1001139 ms.
--------------------------------------------------
=====UNKNOWN=====
benchmarks_CP/INST_25x25/40/inst25x25_40_79.dzn : 1001143 ms.
--------------------------------------------------
=====UNKNOWN=====
benchmarks_CP/INST_25x25/40/inst25x25_40_7.dzn : 1001133 ms.
--------------------------------------------------
=====UNKNOWN=====
benchmarks_CP/INST_25x25/40/inst25x25_40_80.dzn : 1001142 ms.
--------------------------------------------------
=====UNKNOWN=====
benchmarks_CP/INST_25x25/40/inst25x25_40_81.dzn : 1001662 ms.
--------------------------------------------------
=====UNKNOWN=====
benchmarks_CP/INST_25x25/40/inst25x25_40_82.dzn : 1001163 ms.
--------------------------------------------------
=====UNKNOWN=====
benchmarks_CP/INST_25x25/40/inst25x25_40_83.dzn : 1001142 ms.
--------------------------------------------------
=====UNKNOWN=====
benchmarks_CP/INST_25x25/40/inst25x25_40_84.dzn : 1001140 ms.
--------------------------------------------------
=====UNKNOWN=====
benchmarks_CP/INST_25x25/40/inst25x25_40_85.dzn : 1001145 ms.
--------------------------------------------------
=====UNKNOWN=====
benchmarks_CP/INST_25x25/40/inst25x25_40_86.dzn : 1001133 ms.
--------------------------------------------------
=====UNKNOWN=====
benchmarks_CP/INST_25x25/40/inst25x25_40_87.dzn : 1001093 ms.
--------------------------------------------------
SAT
----------
benchmarks_CP/INST_25x25/40/inst25x25_40_88.dzn : 16514 ms.
--------------------------------------------------
=====UNKNOWN=====
benchmarks_CP/INST_25x25/40/inst25x25_40_89.dzn : 1001134 ms.
--------------------------------------------------
=====UNKNOWN=====
benchmarks_CP/INST_25x25/40/inst25x25_40_8.dzn : 1001133 ms.
--------------------------------------------------
=====UNKNOWN=====
benchmarks_CP/INST_25x25/40/inst25x25_40_90.dzn : 1001132 ms.
--------------------------------------------------
=====UNKNOWN=====
benchmarks_CP/INST_25x25/40/inst25x25_40_91.dzn : 1001142 ms.
--------------------------------------------------
=====UNKNOWN=====
benchmarks_CP/INST_25x25/40/inst25x25_40_92.dzn : 1001128 ms.
--------------------------------------------------
=====UNKNOWN=====
benchmarks_CP/INST_25x25/40/inst25x25_40_93.dzn : 1001132 ms.
--------------------------------------------------
=====UNKNOWN=====
benchmarks_CP/INST_25x25/40/inst25x25_40_94.dzn : 1001142 ms.
--------------------------------------------------
=====UNKNOWN=====
benchmarks_CP/INST_25x25/40/inst25x25_40_95.dzn : 1001133 ms.
--------------------------------------------------
=====UNKNOWN=====
benchmarks_CP/INST_25x25/40/inst25x25_40_96.dzn : 1001133 ms.
--------------------------------------------------
=====UNKNOWN=====
benchmarks_CP/INST_25x25/40/inst25x25_40_97.dzn : 1001131 ms.
--------------------------------------------------
=====UNKNOWN=====
benchmarks_CP/INST_25x25/40/inst25x25_40_98.dzn : 1001137 ms.
--------------------------------------------------
=====UNKNOWN=====
benchmarks_CP/INST_25x25/40/inst25x25_40_99.dzn : 1001127 ms.
--------------------------------------------------
=====UNKNOWN=====
benchmarks_CP/INST_25x25/40/inst25x25_40_9.dzn : 1001132 ms.
