--------------------------------------------------
=====UNKNOWN=====
benchmarks_CP/INST_25x25/25/inst25x25_25_0.dzn : 1001137 ms.
--------------------------------------------------
SAT
----------
benchmarks_CP/INST_25x25/25/inst25x25_25_10.dzn : 3389 ms.
--------------------------------------------------
=====UNKNOWN=====
benchmarks_CP/INST_25x25/25/inst25x25_25_11.dzn : 1001129 ms.
--------------------------------------------------
SAT
----------
benchmarks_CP/INST_25x25/25/inst25x25_25_12.dzn : 830877 ms.
--------------------------------------------------
=====UNKNOWN=====
benchmarks_CP/INST_25x25/25/inst25x25_25_13.dzn : 1001142 ms.
--------------------------------------------------
=====UNKNOWN=====
benchmarks_CP/INST_25x25/25/inst25x25_25_14.dzn : 1001152 ms.
--------------------------------------------------
=====UNKNOWN=====
benchmarks_CP/INST_25x25/25/inst25x25_25_15.dzn : 1001141 ms.
--------------------------------------------------
=====UNKNOWN=====
benchmarks_CP/INST_25x25/25/inst25x25_25_16.dzn : 1001351 ms.
--------------------------------------------------
SAT
----------
benchmarks_CP/INST_25x25/25/inst25x25_25_17.dzn : 55418 ms.
--------------------------------------------------
=====UNKNOWN=====
benchmarks_CP/INST_25x25/25/inst25x25_25_18.dzn : 1001150 ms.
--------------------------------------------------
=====UNKNOWN=====
benchmarks_CP/INST_25x25/25/inst25x25_25_19.dzn : 1001155 ms.
--------------------------------------------------
=====UNKNOWN=====
benchmarks_CP/INST_25x25/25/inst25x25_25_1.dzn : 1001144 ms.
--------------------------------------------------
=====UNKNOWN=====
benchmarks_CP/INST_25x25/25/inst25x25_25_20.dzn : 1001140 ms.
--------------------------------------------------
=====UNKNOWN=====
benchmarks_CP/INST_25x25/25/inst25x25_25_21.dzn : 1001139 ms.
--------------------------------------------------
=====UNKNOWN=====
benchmarks_CP/INST_25x25/25/inst25x25_25_22.dzn : 1001146 ms.
--------------------------------------------------
SAT
----------
benchmarks_CP/INST_25x25/25/inst25x25_25_23.dzn : 92024 ms.
--------------------------------------------------
SAT
----------
benchmarks_CP/INST_25x25/25/inst25x25_25_24.dzn : 586 ms.
--------------------------------------------------
=====UNKNOWN=====
benchmarks_CP/INST_25x25/25/inst25x25_25_25.dzn : 1001130 ms.
--------------------------------------------------
=====UNKNOWN=====
benchmarks_CP/INST_25x25/25/inst25x25_25_26.dzn : 1001127 ms.
--------------------------------------------------
SAT
----------
benchmarks_CP/INST_25x25/25/inst25x25_25_27.dzn : 520 ms.
--------------------------------------------------
=====UNKNOWN=====
benchmarks_CP/INST_25x25/25/inst25x25_25_28.dzn : 1001138 ms.
--------------------------------------------------
SAT
----------
benchmarks_CP/INST_25x25/25/inst25x25_25_29.dzn : 907 ms.
--------------------------------------------------
=====UNKNOWN=====
benchmarks_CP/INST_25x25/25/inst25x25_25_2.dzn : 1001136 ms.
--------------------------------------------------
=====UNKNOWN=====
benchmarks_CP/INST_25x25/25/inst25x25_25_30.dzn : 1001148 ms.
--------------------------------------------------
=====UNKNOWN=====
benchmarks_CP/INST_25x25/25/inst25x25_25_31.dzn : 1001139 ms.
--------------------------------------------------
=====UNKNOWN=====
benchmarks_CP/INST_25x25/25/inst25x25_25_32.dzn : 1001149 ms.
--------------------------------------------------
=====UNKNOWN=====
benchmarks_CP/INST_25x25/25/inst25x25_25_33.dzn : 1001130 ms.
--------------------------------------------------
SAT
----------
benchmarks_CP/INST_25x25/25/inst25x25_25_34.dzn : 104339 ms.
--------------------------------------------------
=====UNKNOWN=====
benchmarks_CP/INST_25x25/25/inst25x25_25_35.dzn : 1001134 ms.
--------------------------------------------------
=====UNKNOWN=====
benchmarks_CP/INST_25x25/25/inst25x25_25_36.dzn : 1001136 ms.
--------------------------------------------------
=====UNKNOWN=====
benchmarks_CP/INST_25x25/25/inst25x25_25_37.dzn : 1001141 ms.
--------------------------------------------------
SAT
----------
benchmarks_CP/INST_25x25/25/inst25x25_25_38.dzn : 6177 ms.
--------------------------------------------------
SAT
----------
benchmarks_CP/INST_25x25/25/inst25x25_25_39.dzn : 6721 ms.
--------------------------------------------------
SAT
----------
benchmarks_CP/INST_25x25/25/inst25x25_25_3.dzn : 356329 ms.
--------------------------------------------------
SAT
----------
benchmarks_CP/INST_25x25/25/inst25x25_25_40.dzn : 5789 ms.
--------------------------------------------------
=====UNKNOWN=====
benchmarks_CP/INST_25x25/25/inst25x25_25_41.dzn : 1001141 ms.
--------------------------------------------------
=====UNKNOWN=====
benchmarks_CP/INST_25x25/25/inst25x25_25_42.dzn : 1001141 ms.
--------------------------------------------------
=====UNKNOWN=====
benchmarks_CP/INST_25x25/25/inst25x25_25_43.dzn : 1001141 ms.
--------------------------------------------------
=====UNKNOWN=====
benchmarks_CP/INST_25x25/25/inst25x25_25_44.dzn : 1001146 ms.
--------------------------------------------------
SAT
----------
benchmarks_CP/INST_25x25/25/inst25x25_25_45.dzn : 337055 ms.
--------------------------------------------------
SAT
----------
benchmarks_CP/INST_25x25/25/inst25x25_25_46.dzn : 455825 ms.
--------------------------------------------------
SAT
----------
benchmarks_CP/INST_25x25/25/inst25x25_25_47.dzn : 6409 ms.
--------------------------------------------------
=====UNKNOWN=====
benchmarks_CP/INST_25x25/25/inst25x25_25_48.dzn : 1001136 ms.
--------------------------------------------------
SAT
----------
benchmarks_CP/INST_25x25/25/inst25x25_25_49.dzn : 5898 ms.
--------------------------------------------------
=====UNKNOWN=====
benchmarks_CP/INST_25x25/25/inst25x25_25_4.dzn : 1001139 ms.
--------------------------------------------------
SAT
----------
benchmarks_CP/INST_25x25/25/inst25x25_25_50.dzn : 748 ms.
--------------------------------------------------
SAT
----------
benchmarks_CP/INST_25x25/25/inst25x25_25_51.dzn : 113801 ms.
--------------------------------------------------
=====UNKNOWN=====
benchmarks_CP/INST_25x25/25/inst25x25_25_52.dzn : 1001128 ms.
--------------------------------------------------
=====UNKNOWN=====
benchmarks_CP/INST_25x25/25/inst25x25_25_53.dzn : 1001202 ms.
--------------------------------------------------
=====UNKNOWN=====
benchmarks_CP/INST_25x25/25/inst25x25_25_54.dzn : 1001150 ms.
--------------------------------------------------
SAT
----------
benchmarks_CP/INST_25x25/25/inst25x25_25_55.dzn : 292337 ms.
--------------------------------------------------
=====UNKNOWN=====
benchmarks_CP/INST_25x25/25/inst25x25_25_56.dzn : 1001135 ms.
--------------------------------------------------
=====UNKNOWN=====
benchmarks_CP/INST_25x25/25/inst25x25_25_57.dzn : 1001149 ms.
--------------------------------------------------
SAT
----------
benchmarks_CP/INST_25x25/25/inst25x25_25_58.dzn : 146163 ms.
--------------------------------------------------
=====UNKNOWN=====
benchmarks_CP/INST_25x25/25/inst25x25_25_59.dzn : 1001141 ms.
--------------------------------------------------
=====UNKNOWN=====
benchmarks_CP/INST_25x25/25/inst25x25_25_5.dzn : 1001146 ms.
--------------------------------------------------
=====UNKNOWN=====
benchmarks_CP/INST_25x25/25/inst25x25_25_60.dzn : 1001145 ms.
--------------------------------------------------
=====UNKNOWN=====
benchmarks_CP/INST_25x25/25/inst25x25_25_61.dzn : 1001075 ms.
--------------------------------------------------
=====UNKNOWN=====
benchmarks_CP/INST_25x25/25/inst25x25_25_62.dzn : 1001139 ms.
--------------------------------------------------
=====UNKNOWN=====
benchmarks_CP/INST_25x25/25/inst25x25_25_63.dzn : 1001146 ms.
--------------------------------------------------
=====UNKNOWN=====
benchmarks_CP/INST_25x25/25/inst25x25_25_64.dzn : 1001068 ms.
--------------------------------------------------
=====UNKNOWN=====
benchmarks_CP/INST_25x25/25/inst25x25_25_65.dzn : 1001149 ms.
--------------------------------------------------
=====UNKNOWN=====
benchmarks_CP/INST_25x25/25/inst25x25_25_66.dzn : 1001150 ms.
--------------------------------------------------
SAT
----------
benchmarks_CP/INST_25x25/25/inst25x25_25_67.dzn : 157372 ms.
--------------------------------------------------
=====UNKNOWN=====
benchmarks_CP/INST_25x25/25/inst25x25_25_68.dzn : 1001137 ms.
--------------------------------------------------
=====UNKNOWN=====
benchmarks_CP/INST_25x25/25/inst25x25_25_69.dzn : 1001135 ms.
--------------------------------------------------
=====UNKNOWN=====
benchmarks_CP/INST_25x25/25/inst25x25_25_6.dzn : 1001143 ms.
--------------------------------------------------
SAT
----------
benchmarks_CP/INST_25x25/25/inst25x25_25_70.dzn : 71610 ms.
--------------------------------------------------
SAT
----------
benchmarks_CP/INST_25x25/25/inst25x25_25_71.dzn : 501461 ms.
--------------------------------------------------
=====UNKNOWN=====
benchmarks_CP/INST_25x25/25/inst25x25_25_72.dzn : 1001145 ms.
--------------------------------------------------
=====UNKNOWN=====
benchmarks_CP/INST_25x25/25/inst25x25_25_73.dzn : 1001141 ms.
--------------------------------------------------
=====UNKNOWN=====
benchmarks_CP/INST_25x25/25/inst25x25_25_74.dzn : 1001141 ms.
--------------------------------------------------
=====UNKNOWN=====
benchmarks_CP/INST_25x25/25/inst25x25_25_75.dzn : 1001137 ms.
--------------------------------------------------
=====UNKNOWN=====
benchmarks_CP/INST_25x25/25/inst25x25_25_76.dzn : 1001144 ms.
--------------------------------------------------
SAT
----------
benchmarks_CP/INST_25x25/25/inst25x25_25_77.dzn : 907 ms.
--------------------------------------------------
=====UNKNOWN=====
benchmarks_CP/INST_25x25/25/inst25x25_25_78.dzn : 1001132 ms.
--------------------------------------------------
=====UNKNOWN=====
benchmarks_CP/INST_25x25/25/inst25x25_25_79.dzn : 1001141 ms.
--------------------------------------------------
=====UNKNOWN=====
benchmarks_CP/INST_25x25/25/inst25x25_25_7.dzn : 1001146 ms.
--------------------------------------------------
SAT
----------
benchmarks_CP/INST_25x25/25/inst25x25_25_80.dzn : 162387 ms.
--------------------------------------------------
=====UNKNOWN=====
benchmarks_CP/INST_25x25/25/inst25x25_25_81.dzn : 1001152 ms.
--------------------------------------------------
=====UNKNOWN=====
benchmarks_CP/INST_25x25/25/inst25x25_25_82.dzn : 1001148 ms.
--------------------------------------------------
=====UNKNOWN=====
benchmarks_CP/INST_25x25/25/inst25x25_25_83.dzn : 1001142 ms.
--------------------------------------------------
=====UNKNOWN=====
benchmarks_CP/INST_25x25/25/inst25x25_25_84.dzn : 1001143 ms.
--------------------------------------------------
=====UNKNOWN=====
benchmarks_CP/INST_25x25/25/inst25x25_25_85.dzn : 1001153 ms.
--------------------------------------------------
=====UNKNOWN=====
benchmarks_CP/INST_25x25/25/inst25x25_25_86.dzn : 1001147 ms.
--------------------------------------------------
=====UNKNOWN=====
benchmarks_CP/INST_25x25/25/inst25x25_25_87.dzn : 1001140 ms.
--------------------------------------------------
SAT
----------
benchmarks_CP/INST_25x25/25/inst25x25_25_88.dzn : 3026 ms.
--------------------------------------------------
=====UNKNOWN=====
benchmarks_CP/INST_25x25/25/inst25x25_25_89.dzn : 1001140 ms.
--------------------------------------------------
=====UNKNOWN=====
benchmarks_CP/INST_25x25/25/inst25x25_25_8.dzn : 1001145 ms.
--------------------------------------------------
=====UNKNOWN=====
benchmarks_CP/INST_25x25/25/inst25x25_25_90.dzn : 1001146 ms.
--------------------------------------------------
SAT
----------
benchmarks_CP/INST_25x25/25/inst25x25_25_91.dzn : 253951 ms.
--------------------------------------------------
=====UNKNOWN=====
benchmarks_CP/INST_25x25/25/inst25x25_25_92.dzn : 1001142 ms.
--------------------------------------------------
=====UNKNOWN=====
benchmarks_CP/INST_25x25/25/inst25x25_25_93.dzn : 1001163 ms.
--------------------------------------------------
SAT
----------
benchmarks_CP/INST_25x25/25/inst25x25_25_94.dzn : 144134 ms.
--------------------------------------------------
=====UNKNOWN=====
benchmarks_CP/INST_25x25/25/inst25x25_25_95.dzn : 1001142 ms.
--------------------------------------------------
=====UNKNOWN=====
benchmarks_CP/INST_25x25/25/inst25x25_25_96.dzn : 1001139 ms.
--------------------------------------------------
=====UNKNOWN=====
benchmarks_CP/INST_25x25/25/inst25x25_25_97.dzn : 1001160 ms.
--------------------------------------------------
=====UNKNOWN=====
benchmarks_CP/INST_25x25/25/inst25x25_25_98.dzn : 1001137 ms.
--------------------------------------------------
=====UNKNOWN=====
benchmarks_CP/INST_25x25/25/inst25x25_25_99.dzn : 1001148 ms.
--------------------------------------------------
=====UNKNOWN=====
benchmarks_CP/INST_25x25/25/inst25x25_25_9.dzn : 1001143 ms.
