--------------------------------------------------
benchmarks/INST_81x81/40/inst81x81_40_0.txt find answer: 13.320000
benchmarks/INST_81x81/40/inst81x81_40_0.txt : 14183 ms.
--------------------------------------------------
benchmarks/INST_81x81/40/inst81x81_40_10.txt find answer: 23.830000
benchmarks/INST_81x81/40/inst81x81_40_10.txt : 24629 ms.
--------------------------------------------------
benchmarks/INST_81x81/40/inst81x81_40_11.txt find answer: 67.200000
benchmarks/INST_81x81/40/inst81x81_40_11.txt : 68055 ms.
--------------------------------------------------
benchmarks/INST_81x81/40/inst81x81_40_12.txt find answer: 10.430000
benchmarks/INST_81x81/40/inst81x81_40_12.txt : 11178 ms.
--------------------------------------------------
benchmarks/INST_81x81/40/inst81x81_40_13.txt find answer: 11.990000
benchmarks/INST_81x81/40/inst81x81_40_13.txt : 12689 ms.
--------------------------------------------------
benchmarks/INST_81x81/40/inst81x81_40_14.txt find answer: 9.290000
benchmarks/INST_81x81/40/inst81x81_40_14.txt : 9986 ms.
--------------------------------------------------
benchmarks/INST_81x81/40/inst81x81_40_15.txt find answer: 15.530000
benchmarks/INST_81x81/40/inst81x81_40_15.txt : 16303 ms.
--------------------------------------------------
benchmarks/INST_81x81/40/inst81x81_40_16.txt find answer: 10.290000
benchmarks/INST_81x81/40/inst81x81_40_16.txt : 11010 ms.
--------------------------------------------------
benchmarks/INST_81x81/40/inst81x81_40_17.txt find answer: 27.570000
benchmarks/INST_81x81/40/inst81x81_40_17.txt : 28347 ms.
--------------------------------------------------
benchmarks/INST_81x81/40/inst81x81_40_18.txt find answer: 19.950000
benchmarks/INST_81x81/40/inst81x81_40_18.txt : 20739 ms.
--------------------------------------------------
benchmarks/INST_81x81/40/inst81x81_40_19.txt find answer: 6.410000
benchmarks/INST_81x81/40/inst81x81_40_19.txt : 7084 ms.
--------------------------------------------------
benchmarks/INST_81x81/40/inst81x81_40_1.txt find answer: 11.680000
benchmarks/INST_81x81/40/inst81x81_40_1.txt : 12376 ms.
--------------------------------------------------
benchmarks/INST_81x81/40/inst81x81_40_20.txt find answer: 28.070000
benchmarks/INST_81x81/40/inst81x81_40_20.txt : 28849 ms.
--------------------------------------------------
benchmarks/INST_81x81/40/inst81x81_40_21.txt find answer: 20.290000
benchmarks/INST_81x81/40/inst81x81_40_21.txt : 21091 ms.
--------------------------------------------------
benchmarks/INST_81x81/40/inst81x81_40_22.txt find answer: 6.590000
benchmarks/INST_81x81/40/inst81x81_40_22.txt : 7254 ms.
--------------------------------------------------
benchmarks/INST_81x81/40/inst81x81_40_23.txt find answer: 13.930000
benchmarks/INST_81x81/40/inst81x81_40_23.txt : 14873 ms.
--------------------------------------------------
benchmarks/INST_81x81/40/inst81x81_40_24.txt find answer: 9.280000
benchmarks/INST_81x81/40/inst81x81_40_24.txt : 9973 ms.
--------------------------------------------------
benchmarks/INST_81x81/40/inst81x81_40_25.txt find answer: 15.470000
benchmarks/INST_81x81/40/inst81x81_40_25.txt : 16179 ms.
--------------------------------------------------
benchmarks/INST_81x81/40/inst81x81_40_26.txt find answer: 9.610000
benchmarks/INST_81x81/40/inst81x81_40_26.txt : 10376 ms.
--------------------------------------------------
benchmarks/INST_81x81/40/inst81x81_40_27.txt find answer: 58.540000
benchmarks/INST_81x81/40/inst81x81_40_27.txt : 59361 ms.
--------------------------------------------------
benchmarks/INST_81x81/40/inst81x81_40_28.txt find answer: 52.860000
benchmarks/INST_81x81/40/inst81x81_40_28.txt : 53902 ms.
--------------------------------------------------
benchmarks/INST_81x81/40/inst81x81_40_29.txt find answer: 25.630000
benchmarks/INST_81x81/40/inst81x81_40_29.txt : 26467 ms.
--------------------------------------------------
benchmarks/INST_81x81/40/inst81x81_40_2.txt find answer: 25.580000
benchmarks/INST_81x81/40/inst81x81_40_2.txt : 26430 ms.
--------------------------------------------------
benchmarks/INST_81x81/40/inst81x81_40_30.txt find answer: 27.580000
benchmarks/INST_81x81/40/inst81x81_40_30.txt : 28316 ms.
--------------------------------------------------
benchmarks/INST_81x81/40/inst81x81_40_31.txt find answer: 16.660000
benchmarks/INST_81x81/40/inst81x81_40_31.txt : 17405 ms.
--------------------------------------------------
benchmarks/INST_81x81/40/inst81x81_40_32.txt find answer: 8.930000
benchmarks/INST_81x81/40/inst81x81_40_32.txt : 9644 ms.
--------------------------------------------------
benchmarks/INST_81x81/40/inst81x81_40_33.txt find answer: 36.390000
benchmarks/INST_81x81/40/inst81x81_40_33.txt : 37161 ms.
--------------------------------------------------
benchmarks/INST_81x81/40/inst81x81_40_34.txt find answer: 13.090000
benchmarks/INST_81x81/40/inst81x81_40_34.txt : 13805 ms.
--------------------------------------------------
benchmarks/INST_81x81/40/inst81x81_40_35.txt find answer: 20.170000
benchmarks/INST_81x81/40/inst81x81_40_35.txt : 20897 ms.
--------------------------------------------------
benchmarks/INST_81x81/40/inst81x81_40_36.txt find answer: 34.600000
benchmarks/INST_81x81/40/inst81x81_40_36.txt : 35412 ms.
--------------------------------------------------
benchmarks/INST_81x81/40/inst81x81_40_37.txt find answer: 31.010000
benchmarks/INST_81x81/40/inst81x81_40_37.txt : 31752 ms.
--------------------------------------------------
benchmarks/INST_81x81/40/inst81x81_40_38.txt find answer: 13.470000
benchmarks/INST_81x81/40/inst81x81_40_38.txt : 14181 ms.
--------------------------------------------------
benchmarks/INST_81x81/40/inst81x81_40_39.txt find answer: 12.440000
benchmarks/INST_81x81/40/inst81x81_40_39.txt : 13185 ms.
--------------------------------------------------
benchmarks/INST_81x81/40/inst81x81_40_3.txt find answer: 18.370000
benchmarks/INST_81x81/40/inst81x81_40_3.txt : 19091 ms.
--------------------------------------------------
benchmarks/INST_81x81/40/inst81x81_40_40.txt find answer: 12.720000
benchmarks/INST_81x81/40/inst81x81_40_40.txt : 13425 ms.
--------------------------------------------------
benchmarks/INST_81x81/40/inst81x81_40_41.txt find answer: 12.540000
benchmarks/INST_81x81/40/inst81x81_40_41.txt : 13314 ms.
--------------------------------------------------
benchmarks/INST_81x81/40/inst81x81_40_42.txt find answer: 11.040000
benchmarks/INST_81x81/40/inst81x81_40_42.txt : 11762 ms.
--------------------------------------------------
benchmarks/INST_81x81/40/inst81x81_40_43.txt find answer: 10.120000
benchmarks/INST_81x81/40/inst81x81_40_43.txt : 10809 ms.
--------------------------------------------------
benchmarks/INST_81x81/40/inst81x81_40_44.txt find answer: 30.650000
benchmarks/INST_81x81/40/inst81x81_40_44.txt : 31452 ms.
--------------------------------------------------
benchmarks/INST_81x81/40/inst81x81_40_45.txt find answer: 79.770000
benchmarks/INST_81x81/40/inst81x81_40_45.txt : 80663 ms.
--------------------------------------------------
benchmarks/INST_81x81/40/inst81x81_40_46.txt find answer: 27.430000
benchmarks/INST_81x81/40/inst81x81_40_46.txt : 28235 ms.
--------------------------------------------------
benchmarks/INST_81x81/40/inst81x81_40_47.txt find answer: 23.820000
benchmarks/INST_81x81/40/inst81x81_40_47.txt : 24632 ms.
--------------------------------------------------
benchmarks/INST_81x81/40/inst81x81_40_48.txt find answer: 12.470000
benchmarks/INST_81x81/40/inst81x81_40_48.txt : 13331 ms.
--------------------------------------------------
benchmarks/INST_81x81/40/inst81x81_40_49.txt find answer: 17.170000
benchmarks/INST_81x81/40/inst81x81_40_49.txt : 17982 ms.
--------------------------------------------------
benchmarks/INST_81x81/40/inst81x81_40_4.txt find answer: 6.550000
benchmarks/INST_81x81/40/inst81x81_40_4.txt : 7412 ms.
--------------------------------------------------
benchmarks/INST_81x81/40/inst81x81_40_50.txt find answer: 30.730000
benchmarks/INST_81x81/40/inst81x81_40_50.txt : 31555 ms.
--------------------------------------------------
benchmarks/INST_81x81/40/inst81x81_40_51.txt find answer: 16.080000
benchmarks/INST_81x81/40/inst81x81_40_51.txt : 16833 ms.
--------------------------------------------------
benchmarks/INST_81x81/40/inst81x81_40_52.txt find answer: 20.870000
benchmarks/INST_81x81/40/inst81x81_40_52.txt : 21631 ms.
--------------------------------------------------
benchmarks/INST_81x81/40/inst81x81_40_53.txt find answer: 45.880000
benchmarks/INST_81x81/40/inst81x81_40_53.txt : 46659 ms.
--------------------------------------------------
benchmarks/INST_81x81/40/inst81x81_40_54.txt find answer: 12.290000
benchmarks/INST_81x81/40/inst81x81_40_54.txt : 12983 ms.
--------------------------------------------------
benchmarks/INST_81x81/40/inst81x81_40_55.txt find answer: 7.580000
benchmarks/INST_81x81/40/inst81x81_40_55.txt : 8380 ms.
--------------------------------------------------
benchmarks/INST_81x81/40/inst81x81_40_56.txt find answer: 4.830000
benchmarks/INST_81x81/40/inst81x81_40_56.txt : 5496 ms.
--------------------------------------------------
benchmarks/INST_81x81/40/inst81x81_40_57.txt find answer: 39.250000
benchmarks/INST_81x81/40/inst81x81_40_57.txt : 40052 ms.
--------------------------------------------------
benchmarks/INST_81x81/40/inst81x81_40_58.txt find answer: 8.230000
benchmarks/INST_81x81/40/inst81x81_40_58.txt : 8910 ms.
--------------------------------------------------
benchmarks/INST_81x81/40/inst81x81_40_59.txt find answer: 42.050000
benchmarks/INST_81x81/40/inst81x81_40_59.txt : 42911 ms.
--------------------------------------------------
benchmarks/INST_81x81/40/inst81x81_40_5.txt find answer: 15.390000
benchmarks/INST_81x81/40/inst81x81_40_5.txt : 16214 ms.
--------------------------------------------------
benchmarks/INST_81x81/40/inst81x81_40_60.txt find answer: 9.660000
benchmarks/INST_81x81/40/inst81x81_40_60.txt : 10396 ms.
--------------------------------------------------
benchmarks/INST_81x81/40/inst81x81_40_61.txt find answer: 10.720000
benchmarks/INST_81x81/40/inst81x81_40_61.txt : 11483 ms.
--------------------------------------------------
benchmarks/INST_81x81/40/inst81x81_40_62.txt find answer: 9.470000
benchmarks/INST_81x81/40/inst81x81_40_62.txt : 10168 ms.
--------------------------------------------------
benchmarks/INST_81x81/40/inst81x81_40_63.txt find answer: 22.540000
benchmarks/INST_81x81/40/inst81x81_40_63.txt : 23327 ms.
--------------------------------------------------
benchmarks/INST_81x81/40/inst81x81_40_64.txt find answer: 54.400000
benchmarks/INST_81x81/40/inst81x81_40_64.txt : 55229 ms.
--------------------------------------------------
benchmarks/INST_81x81/40/inst81x81_40_65.txt find answer: 17.740000
benchmarks/INST_81x81/40/inst81x81_40_65.txt : 18577 ms.
--------------------------------------------------
benchmarks/INST_81x81/40/inst81x81_40_66.txt find answer: 13.960000
benchmarks/INST_81x81/40/inst81x81_40_66.txt : 14710 ms.
--------------------------------------------------
benchmarks/INST_81x81/40/inst81x81_40_67.txt find answer: 82.010000
benchmarks/INST_81x81/40/inst81x81_40_67.txt : 82878 ms.
--------------------------------------------------
benchmarks/INST_81x81/40/inst81x81_40_68.txt find answer: 15.670000
benchmarks/INST_81x81/40/inst81x81_40_68.txt : 16371 ms.
--------------------------------------------------
benchmarks/INST_81x81/40/inst81x81_40_69.txt find answer: 37.320000
benchmarks/INST_81x81/40/inst81x81_40_69.txt : 38207 ms.
--------------------------------------------------
benchmarks/INST_81x81/40/inst81x81_40_6.txt find answer: 17.860000
benchmarks/INST_81x81/40/inst81x81_40_6.txt : 18654 ms.
--------------------------------------------------
benchmarks/INST_81x81/40/inst81x81_40_70.txt find answer: 29.470000
benchmarks/INST_81x81/40/inst81x81_40_70.txt : 30313 ms.
--------------------------------------------------
benchmarks/INST_81x81/40/inst81x81_40_71.txt find answer: 12.330000
benchmarks/INST_81x81/40/inst81x81_40_71.txt : 13024 ms.
--------------------------------------------------
benchmarks/INST_81x81/40/inst81x81_40_72.txt find answer: 37.410000
benchmarks/INST_81x81/40/inst81x81_40_72.txt : 38227 ms.
--------------------------------------------------
benchmarks/INST_81x81/40/inst81x81_40_73.txt find answer: 18.500000
benchmarks/INST_81x81/40/inst81x81_40_73.txt : 19267 ms.
--------------------------------------------------
benchmarks/INST_81x81/40/inst81x81_40_74.txt find answer: 25.430000
benchmarks/INST_81x81/40/inst81x81_40_74.txt : 26149 ms.
--------------------------------------------------
benchmarks/INST_81x81/40/inst81x81_40_75.txt find answer: 27.370000
benchmarks/INST_81x81/40/inst81x81_40_75.txt : 28301 ms.
--------------------------------------------------
benchmarks/INST_81x81/40/inst81x81_40_76.txt find answer: 24.740000
benchmarks/INST_81x81/40/inst81x81_40_76.txt : 25563 ms.
--------------------------------------------------
benchmarks/INST_81x81/40/inst81x81_40_77.txt find answer: 19.650000
benchmarks/INST_81x81/40/inst81x81_40_77.txt : 20474 ms.
--------------------------------------------------
benchmarks/INST_81x81/40/inst81x81_40_78.txt find answer: 18.290000
benchmarks/INST_81x81/40/inst81x81_40_78.txt : 19216 ms.
--------------------------------------------------
benchmarks/INST_81x81/40/inst81x81_40_79.txt find answer: 19.180000
benchmarks/INST_81x81/40/inst81x81_40_79.txt : 19980 ms.
--------------------------------------------------
benchmarks/INST_81x81/40/inst81x81_40_7.txt find answer: 17.520000
benchmarks/INST_81x81/40/inst81x81_40_7.txt : 18238 ms.
--------------------------------------------------
benchmarks/INST_81x81/40/inst81x81_40_80.txt find answer: 24.270000
benchmarks/INST_81x81/40/inst81x81_40_80.txt : 24987 ms.
--------------------------------------------------
benchmarks/INST_81x81/40/inst81x81_40_81.txt find answer: 14.780000
benchmarks/INST_81x81/40/inst81x81_40_81.txt : 15471 ms.
--------------------------------------------------
benchmarks/INST_81x81/40/inst81x81_40_82.txt find answer: 6.720000
benchmarks/INST_81x81/40/inst81x81_40_82.txt : 7396 ms.
--------------------------------------------------
benchmarks/INST_81x81/40/inst81x81_40_83.txt find answer: 41.410000
benchmarks/INST_81x81/40/inst81x81_40_83.txt : 42173 ms.
--------------------------------------------------
benchmarks/INST_81x81/40/inst81x81_40_84.txt find answer: 16.260000
benchmarks/INST_81x81/40/inst81x81_40_84.txt : 16956 ms.
--------------------------------------------------
benchmarks/INST_81x81/40/inst81x81_40_85.txt find answer: 30.670000
benchmarks/INST_81x81/40/inst81x81_40_85.txt : 31411 ms.
--------------------------------------------------
benchmarks/INST_81x81/40/inst81x81_40_86.txt find answer: 17.520000
benchmarks/INST_81x81/40/inst81x81_40_86.txt : 18226 ms.
--------------------------------------------------
benchmarks/INST_81x81/40/inst81x81_40_87.txt find answer: 12.290000
benchmarks/INST_81x81/40/inst81x81_40_87.txt : 13089 ms.
--------------------------------------------------
benchmarks/INST_81x81/40/inst81x81_40_88.txt find answer: 11.210000
benchmarks/INST_81x81/40/inst81x81_40_88.txt : 11913 ms.
--------------------------------------------------
benchmarks/INST_81x81/40/inst81x81_40_89.txt find answer: 6.640000
benchmarks/INST_81x81/40/inst81x81_40_89.txt : 7322 ms.
--------------------------------------------------
benchmarks/INST_81x81/40/inst81x81_40_8.txt find answer: 5.990000
benchmarks/INST_81x81/40/inst81x81_40_8.txt : 6665 ms.
--------------------------------------------------
benchmarks/INST_81x81/40/inst81x81_40_90.txt find answer: 25.530000
benchmarks/INST_81x81/40/inst81x81_40_90.txt : 26246 ms.
--------------------------------------------------
benchmarks/INST_81x81/40/inst81x81_40_91.txt find answer: 10.560000
benchmarks/INST_81x81/40/inst81x81_40_91.txt : 11243 ms.
--------------------------------------------------
benchmarks/INST_81x81/40/inst81x81_40_92.txt find answer: 9.280000
benchmarks/INST_81x81/40/inst81x81_40_92.txt : 9953 ms.
--------------------------------------------------
benchmarks/INST_81x81/40/inst81x81_40_93.txt find answer: 12.390000
benchmarks/INST_81x81/40/inst81x81_40_93.txt : 13076 ms.
--------------------------------------------------
benchmarks/INST_81x81/40/inst81x81_40_94.txt find answer: 16.250000
benchmarks/INST_81x81/40/inst81x81_40_94.txt : 16980 ms.
--------------------------------------------------
benchmarks/INST_81x81/40/inst81x81_40_95.txt find answer: 5.940000
benchmarks/INST_81x81/40/inst81x81_40_95.txt : 6621 ms.
--------------------------------------------------
benchmarks/INST_81x81/40/inst81x81_40_96.txt find answer: 24.010000
benchmarks/INST_81x81/40/inst81x81_40_96.txt : 24723 ms.
--------------------------------------------------
benchmarks/INST_81x81/40/inst81x81_40_97.txt find answer: 18.570000
benchmarks/INST_81x81/40/inst81x81_40_97.txt : 19320 ms.
--------------------------------------------------
benchmarks/INST_81x81/40/inst81x81_40_98.txt find answer: 14.980000
benchmarks/INST_81x81/40/inst81x81_40_98.txt : 15688 ms.
--------------------------------------------------
benchmarks/INST_81x81/40/inst81x81_40_99.txt find answer: 12.320000
benchmarks/INST_81x81/40/inst81x81_40_99.txt : 13140 ms.
--------------------------------------------------
benchmarks/INST_81x81/40/inst81x81_40_9.txt find answer: 20.280000
benchmarks/INST_81x81/40/inst81x81_40_9.txt : 20981 ms.
run.sh: line 77: 3: command not found
run.sh: line 78: syntax error near unexpected token `fi'
run.sh: line 78: `    fi'
