--------------------------------------------------
benchmarks/INST_81x81/60/inst81x81_60_0.txt : 1023736 ms.
--------------------------------------------------
benchmarks/INST_81x81/60/inst81x81_60_10.txt : 1012887 ms.
--------------------------------------------------
benchmarks/INST_81x81/60/inst81x81_60_11.txt : 1011831 ms.
--------------------------------------------------
benchmarks/INST_81x81/60/inst81x81_60_12.txt : 1010441 ms.
--------------------------------------------------
benchmarks/INST_81x81/60/inst81x81_60_13.txt : 1007174 ms.
--------------------------------------------------
benchmarks/INST_81x81/60/inst81x81_60_14.txt : 1010935 ms.
--------------------------------------------------
benchmarks/INST_81x81/60/inst81x81_60_15.txt : 1013926 ms.
--------------------------------------------------
benchmarks/INST_81x81/60/inst81x81_60_16.txt : 1010021 ms.
--------------------------------------------------
benchmarks/INST_81x81/60/inst81x81_60_17.txt : 1004174 ms.
--------------------------------------------------
benchmarks/INST_81x81/60/inst81x81_60_18.txt : 1019949 ms.
--------------------------------------------------
benchmarks/INST_81x81/60/inst81x81_60_19.txt : 1010611 ms.
--------------------------------------------------
benchmarks/INST_81x81/60/inst81x81_60_1.txt : 1010742 ms.
--------------------------------------------------
benchmarks/INST_81x81/60/inst81x81_60_20.txt : 1008288 ms.
--------------------------------------------------
benchmarks/INST_81x81/60/inst81x81_60_21.txt : 1009671 ms.
--------------------------------------------------
benchmarks/INST_81x81/60/inst81x81_60_22.txt : 1006591 ms.
--------------------------------------------------
benchmarks/INST_81x81/60/inst81x81_60_23.txt : 1026862 ms.
--------------------------------------------------
benchmarks/INST_81x81/60/inst81x81_60_24.txt : 1005240 ms.
--------------------------------------------------
benchmarks/INST_81x81/60/inst81x81_60_25.txt : 1015299 ms.
--------------------------------------------------
benchmarks/INST_81x81/60/inst81x81_60_26.txt : 1003643 ms.
--------------------------------------------------
benchmarks/INST_81x81/60/inst81x81_60_27.txt : 1013455 ms.
--------------------------------------------------
benchmarks/INST_81x81/60/inst81x81_60_28.txt : 1004002 ms.
--------------------------------------------------
benchmarks/INST_81x81/60/inst81x81_60_29.txt : 1006985 ms.
--------------------------------------------------
benchmarks/INST_81x81/60/inst81x81_60_2.txt : 1009320 ms.
--------------------------------------------------
benchmarks/INST_81x81/60/inst81x81_60_30.txt : 1007610 ms.
--------------------------------------------------
benchmarks/INST_81x81/60/inst81x81_60_31.txt : 1004565 ms.
--------------------------------------------------
benchmarks/INST_81x81/60/inst81x81_60_32.txt : 1015239 ms.
--------------------------------------------------
benchmarks/INST_81x81/60/inst81x81_60_33.txt : 1005037 ms.
--------------------------------------------------
benchmarks/INST_81x81/60/inst81x81_60_34.txt : 1015425 ms.
--------------------------------------------------
benchmarks/INST_81x81/60/inst81x81_60_35.txt : 1003187 ms.
--------------------------------------------------
benchmarks/INST_81x81/60/inst81x81_60_36.txt : 1004081 ms.
--------------------------------------------------
benchmarks/INST_81x81/60/inst81x81_60_37.txt : 1008620 ms.
--------------------------------------------------
benchmarks/INST_81x81/60/inst81x81_60_38.txt : 1003652 ms.
--------------------------------------------------
benchmarks/INST_81x81/60/inst81x81_60_39.txt : 1003316 ms.
--------------------------------------------------
benchmarks/INST_81x81/60/inst81x81_60_3.txt : 1034456 ms.
--------------------------------------------------
benchmarks/INST_81x81/60/inst81x81_60_40.txt : 1009913 ms.
--------------------------------------------------
benchmarks/INST_81x81/60/inst81x81_60_41.txt : 1018720 ms.
--------------------------------------------------
benchmarks/INST_81x81/60/inst81x81_60_42.txt : 1006598 ms.
--------------------------------------------------
benchmarks/INST_81x81/60/inst81x81_60_43.txt : 1013314 ms.
--------------------------------------------------
benchmarks/INST_81x81/60/inst81x81_60_44.txt : 1009076 ms.
--------------------------------------------------
benchmarks/INST_81x81/60/inst81x81_60_45.txt : 1034662 ms.
--------------------------------------------------
benchmarks/INST_81x81/60/inst81x81_60_46.txt : 1013282 ms.
--------------------------------------------------
benchmarks/INST_81x81/60/inst81x81_60_47.txt : 1004671 ms.
--------------------------------------------------
benchmarks/INST_81x81/60/inst81x81_60_48.txt : 1007247 ms.
--------------------------------------------------
benchmarks/INST_81x81/60/inst81x81_60_49.txt : 1006717 ms.
--------------------------------------------------
benchmarks/INST_81x81/60/inst81x81_60_4.txt : 1032809 ms.
--------------------------------------------------
benchmarks/INST_81x81/60/inst81x81_60_50.txt : 1010703 ms.
--------------------------------------------------
benchmarks/INST_81x81/60/inst81x81_60_51.txt : 1005282 ms.
--------------------------------------------------
benchmarks/INST_81x81/60/inst81x81_60_52.txt : 1004972 ms.
--------------------------------------------------
benchmarks/INST_81x81/60/inst81x81_60_53.txt : 1022748 ms.
--------------------------------------------------
benchmarks/INST_81x81/60/inst81x81_60_54.txt : 1015849 ms.
--------------------------------------------------
benchmarks/INST_81x81/60/inst81x81_60_55.txt : 1004608 ms.
--------------------------------------------------
benchmarks/INST_81x81/60/inst81x81_60_56.txt : 1006141 ms.
--------------------------------------------------
benchmarks/INST_81x81/60/inst81x81_60_57.txt : 1004579 ms.
--------------------------------------------------
benchmarks/INST_81x81/60/inst81x81_60_58.txt : 1009616 ms.
--------------------------------------------------
benchmarks/INST_81x81/60/inst81x81_60_59.txt : 1017322 ms.
--------------------------------------------------
benchmarks/INST_81x81/60/inst81x81_60_5.txt : 1021902 ms.
--------------------------------------------------
benchmarks/INST_81x81/60/inst81x81_60_60.txt : 1004913 ms.
--------------------------------------------------
benchmarks/INST_81x81/60/inst81x81_60_61.txt : 1004541 ms.
--------------------------------------------------
benchmarks/INST_81x81/60/inst81x81_60_62.txt : 1008349 ms.
--------------------------------------------------
benchmarks/INST_81x81/60/inst81x81_60_63.txt : 1004831 ms.
--------------------------------------------------
benchmarks/INST_81x81/60/inst81x81_60_64.txt : 1031366 ms.
--------------------------------------------------
benchmarks/INST_81x81/60/inst81x81_60_65.txt : 1006439 ms.
--------------------------------------------------
benchmarks/INST_81x81/60/inst81x81_60_66.txt : 1011306 ms.
--------------------------------------------------
benchmarks/INST_81x81/60/inst81x81_60_67.txt : 1006075 ms.
--------------------------------------------------
benchmarks/INST_81x81/60/inst81x81_60_68.txt : 1015342 ms.
--------------------------------------------------
benchmarks/INST_81x81/60/inst81x81_60_69.txt : 1003230 ms.
--------------------------------------------------
benchmarks/INST_81x81/60/inst81x81_60_6.txt : 1011612 ms.
--------------------------------------------------
benchmarks/INST_81x81/60/inst81x81_60_70.txt : 1016674 ms.
--------------------------------------------------
benchmarks/INST_81x81/60/inst81x81_60_71.txt : 1012076 ms.
--------------------------------------------------
benchmarks/INST_81x81/60/inst81x81_60_72.txt : 1007552 ms.
--------------------------------------------------
benchmarks/INST_81x81/60/inst81x81_60_73.txt : 1004539 ms.
--------------------------------------------------
benchmarks/INST_81x81/60/inst81x81_60_74.txt : 1003818 ms.
--------------------------------------------------
benchmarks/INST_81x81/60/inst81x81_60_75.txt : 1016022 ms.
--------------------------------------------------
benchmarks/INST_81x81/60/inst81x81_60_76.txt : 1007327 ms.
--------------------------------------------------
benchmarks/INST_81x81/60/inst81x81_60_77.txt : 1004592 ms.
--------------------------------------------------
benchmarks/INST_81x81/60/inst81x81_60_78.txt : 1005476 ms.
--------------------------------------------------
benchmarks/INST_81x81/60/inst81x81_60_79.txt : 1016896 ms.
--------------------------------------------------
benchmarks/INST_81x81/60/inst81x81_60_7.txt : 1015942 ms.
--------------------------------------------------
benchmarks/INST_81x81/60/inst81x81_60_80.txt : 1003268 ms.
--------------------------------------------------
benchmarks/INST_81x81/60/inst81x81_60_81.txt : 1004501 ms.
--------------------------------------------------
benchmarks/INST_81x81/60/inst81x81_60_82.txt : 1005929 ms.
--------------------------------------------------
benchmarks/INST_81x81/60/inst81x81_60_83.txt : 1022805 ms.
--------------------------------------------------
benchmarks/INST_81x81/60/inst81x81_60_84.txt : 1008634 ms.
--------------------------------------------------
benchmarks/INST_81x81/60/inst81x81_60_85.txt : 1022680 ms.
--------------------------------------------------
benchmarks/INST_81x81/60/inst81x81_60_86.txt : 1007656 ms.
--------------------------------------------------
benchmarks/INST_81x81/60/inst81x81_60_87.txt : 1015851 ms.
--------------------------------------------------
benchmarks/INST_81x81/60/inst81x81_60_88.txt : 1004826 ms.
--------------------------------------------------
benchmarks/INST_81x81/60/inst81x81_60_89.txt : 1007420 ms.
--------------------------------------------------
benchmarks/INST_81x81/60/inst81x81_60_8.txt : 1003859 ms.
--------------------------------------------------
benchmarks/INST_81x81/60/inst81x81_60_90.txt : 1003583 ms.
--------------------------------------------------
benchmarks/INST_81x81/60/inst81x81_60_91.txt : 1008160 ms.
--------------------------------------------------
benchmarks/INST_81x81/60/inst81x81_60_92.txt : 1012234 ms.
--------------------------------------------------
benchmarks/INST_81x81/60/inst81x81_60_93.txt : 1004965 ms.
--------------------------------------------------
benchmarks/INST_81x81/60/inst81x81_60_94.txt : 1013030 ms.
--------------------------------------------------
benchmarks/INST_81x81/60/inst81x81_60_95.txt : 1004959 ms.
--------------------------------------------------
benchmarks/INST_81x81/60/inst81x81_60_96.txt : 1012947 ms.
--------------------------------------------------
benchmarks/INST_81x81/60/inst81x81_60_97.txt : 1008983 ms.
--------------------------------------------------
benchmarks/INST_81x81/60/inst81x81_60_98.txt : 1013363 ms.
--------------------------------------------------
benchmarks/INST_81x81/60/inst81x81_60_99.txt : 1005198 ms.
--------------------------------------------------
benchmarks/INST_81x81/60/inst81x81_60_9.txt : 1017264 ms.
run.sh: line 77: 3: command not found
run.sh: line 78: syntax error near unexpected token `fi'
run.sh: line 78: `    fi'
