--------------------------------------------------
benchmarks/INST_81x81/60/inst81x81_60_0.txt : 1019710 ms.
--------------------------------------------------
benchmarks/INST_81x81/60/inst81x81_60_10.txt : 1003481 ms.
--------------------------------------------------
benchmarks/INST_81x81/60/inst81x81_60_11.txt : 1004221 ms.
--------------------------------------------------
benchmarks/INST_81x81/60/inst81x81_60_12.txt : 1004815 ms.
--------------------------------------------------
benchmarks/INST_81x81/60/inst81x81_60_13.txt : 1004559 ms.
--------------------------------------------------
benchmarks/INST_81x81/60/inst81x81_60_14.txt : 1022242 ms.
--------------------------------------------------
benchmarks/INST_81x81/60/inst81x81_60_15.txt : 1011636 ms.
--------------------------------------------------
benchmarks/INST_81x81/60/inst81x81_60_16.txt : 1005076 ms.
--------------------------------------------------
benchmarks/INST_81x81/60/inst81x81_60_17.txt : 1013396 ms.
--------------------------------------------------
benchmarks/INST_81x81/60/inst81x81_60_18.txt : 1010883 ms.
--------------------------------------------------
benchmarks/INST_81x81/60/inst81x81_60_19.txt : 1016635 ms.
--------------------------------------------------
benchmarks/INST_81x81/60/inst81x81_60_1.txt : 1006360 ms.
--------------------------------------------------
benchmarks/INST_81x81/60/inst81x81_60_20.txt : 1009555 ms.
--------------------------------------------------
benchmarks/INST_81x81/60/inst81x81_60_21.txt : 1006062 ms.
--------------------------------------------------
benchmarks/INST_81x81/60/inst81x81_60_22.txt : 1003563 ms.
--------------------------------------------------
benchmarks/INST_81x81/60/inst81x81_60_23.txt : 1015641 ms.
--------------------------------------------------
benchmarks/INST_81x81/60/inst81x81_60_24.txt : 1013589 ms.
--------------------------------------------------
benchmarks/INST_81x81/60/inst81x81_60_25.txt : 1003703 ms.
--------------------------------------------------
benchmarks/INST_81x81/60/inst81x81_60_26.txt : 1009716 ms.
--------------------------------------------------
benchmarks/INST_81x81/60/inst81x81_60_27.txt : 1016015 ms.
--------------------------------------------------
benchmarks/INST_81x81/60/inst81x81_60_28.txt : 1008889 ms.
--------------------------------------------------
benchmarks/INST_81x81/60/inst81x81_60_29.txt : 1006928 ms.
--------------------------------------------------
benchmarks/INST_81x81/60/inst81x81_60_2.txt : 1007303 ms.
--------------------------------------------------
benchmarks/INST_81x81/60/inst81x81_60_30.txt : 1014898 ms.
--------------------------------------------------
benchmarks/INST_81x81/60/inst81x81_60_31.txt : 1009749 ms.
--------------------------------------------------
benchmarks/INST_81x81/60/inst81x81_60_32.txt : 1017844 ms.
--------------------------------------------------
benchmarks/INST_81x81/60/inst81x81_60_33.txt : 1005126 ms.
--------------------------------------------------
benchmarks/INST_81x81/60/inst81x81_60_34.txt : 1006798 ms.
--------------------------------------------------
benchmarks/INST_81x81/60/inst81x81_60_35.txt : 1010798 ms.
--------------------------------------------------
benchmarks/INST_81x81/60/inst81x81_60_36.txt : 1018314 ms.
--------------------------------------------------
benchmarks/INST_81x81/60/inst81x81_60_37.txt : 1009558 ms.
--------------------------------------------------
benchmarks/INST_81x81/60/inst81x81_60_38.txt : 1005820 ms.
--------------------------------------------------
benchmarks/INST_81x81/60/inst81x81_60_39.txt : 1007391 ms.
--------------------------------------------------
benchmarks/INST_81x81/60/inst81x81_60_3.txt : 1037760 ms.
--------------------------------------------------
benchmarks/INST_81x81/60/inst81x81_60_40.txt : 1003508 ms.
--------------------------------------------------
benchmarks/INST_81x81/60/inst81x81_60_41.txt : 1006598 ms.
--------------------------------------------------
benchmarks/INST_81x81/60/inst81x81_60_42.txt : 1011818 ms.
--------------------------------------------------
benchmarks/INST_81x81/60/inst81x81_60_43.txt : 1008163 ms.
--------------------------------------------------
benchmarks/INST_81x81/60/inst81x81_60_44.txt : 1006780 ms.
--------------------------------------------------
benchmarks/INST_81x81/60/inst81x81_60_45.txt : 1016869 ms.
--------------------------------------------------
benchmarks/INST_81x81/60/inst81x81_60_46.txt : 1022296 ms.
--------------------------------------------------
benchmarks/INST_81x81/60/inst81x81_60_47.txt : 1008690 ms.
--------------------------------------------------
benchmarks/INST_81x81/60/inst81x81_60_48.txt : 1011370 ms.
--------------------------------------------------
benchmarks/INST_81x81/60/inst81x81_60_49.txt : 1010836 ms.
--------------------------------------------------
benchmarks/INST_81x81/60/inst81x81_60_4.txt : 1034159 ms.
--------------------------------------------------
benchmarks/INST_81x81/60/inst81x81_60_50.txt : 1024885 ms.
--------------------------------------------------
benchmarks/INST_81x81/60/inst81x81_60_51.txt : 1006929 ms.
--------------------------------------------------
benchmarks/INST_81x81/60/inst81x81_60_52.txt : 1003278 ms.
--------------------------------------------------
benchmarks/INST_81x81/60/inst81x81_60_53.txt : 1003308 ms.
--------------------------------------------------
benchmarks/INST_81x81/60/inst81x81_60_54.txt : 1023164 ms.
--------------------------------------------------
benchmarks/INST_81x81/60/inst81x81_60_55.txt : 1005057 ms.
--------------------------------------------------
benchmarks/INST_81x81/60/inst81x81_60_56.txt : 1015944 ms.
--------------------------------------------------
benchmarks/INST_81x81/60/inst81x81_60_57.txt : 1004454 ms.
--------------------------------------------------
benchmarks/INST_81x81/60/inst81x81_60_58.txt : 1007484 ms.
--------------------------------------------------
benchmarks/INST_81x81/60/inst81x81_60_59.txt : 1022383 ms.
--------------------------------------------------
benchmarks/INST_81x81/60/inst81x81_60_5.txt : 1005445 ms.
--------------------------------------------------
benchmarks/INST_81x81/60/inst81x81_60_60.txt : 1004645 ms.
--------------------------------------------------
benchmarks/INST_81x81/60/inst81x81_60_61.txt : 1020606 ms.
--------------------------------------------------
benchmarks/INST_81x81/60/inst81x81_60_62.txt : 1013579 ms.
--------------------------------------------------
benchmarks/INST_81x81/60/inst81x81_60_63.txt : 1004939 ms.
--------------------------------------------------
benchmarks/INST_81x81/60/inst81x81_60_64.txt : 1024195 ms.
--------------------------------------------------
benchmarks/INST_81x81/60/inst81x81_60_65.txt : 1005445 ms.
--------------------------------------------------
benchmarks/INST_81x81/60/inst81x81_60_66.txt : 1007848 ms.
--------------------------------------------------
benchmarks/INST_81x81/60/inst81x81_60_67.txt : 1007473 ms.
--------------------------------------------------
benchmarks/INST_81x81/60/inst81x81_60_68.txt : 1014172 ms.
--------------------------------------------------
benchmarks/INST_81x81/60/inst81x81_60_69.txt : 1009103 ms.
--------------------------------------------------
benchmarks/INST_81x81/60/inst81x81_60_6.txt : 1012440 ms.
--------------------------------------------------
benchmarks/INST_81x81/60/inst81x81_60_70.txt : 1019462 ms.
--------------------------------------------------
benchmarks/INST_81x81/60/inst81x81_60_71.txt : 1014679 ms.
--------------------------------------------------
benchmarks/INST_81x81/60/inst81x81_60_72.txt : 1004053 ms.
--------------------------------------------------
benchmarks/INST_81x81/60/inst81x81_60_73.txt : 1016283 ms.
--------------------------------------------------
benchmarks/INST_81x81/60/inst81x81_60_74.txt : 1015248 ms.
--------------------------------------------------
benchmarks/INST_81x81/60/inst81x81_60_75.txt : 1028170 ms.
--------------------------------------------------
benchmarks/INST_81x81/60/inst81x81_60_76.txt : 1017283 ms.
--------------------------------------------------
benchmarks/INST_81x81/60/inst81x81_60_77.txt : 1003704 ms.
--------------------------------------------------
benchmarks/INST_81x81/60/inst81x81_60_78.txt : 1016525 ms.
--------------------------------------------------
benchmarks/INST_81x81/60/inst81x81_60_79.txt : 1009517 ms.
--------------------------------------------------
benchmarks/INST_81x81/60/inst81x81_60_7.txt : 1015587 ms.
--------------------------------------------------
benchmarks/INST_81x81/60/inst81x81_60_80.txt : 1008315 ms.
--------------------------------------------------
benchmarks/INST_81x81/60/inst81x81_60_81.txt : 1008473 ms.
--------------------------------------------------
benchmarks/INST_81x81/60/inst81x81_60_82.txt : 1017486 ms.
--------------------------------------------------
benchmarks/INST_81x81/60/inst81x81_60_83.txt : 1024216 ms.
--------------------------------------------------
benchmarks/INST_81x81/60/inst81x81_60_84.txt : 1003437 ms.
--------------------------------------------------
benchmarks/INST_81x81/60/inst81x81_60_85.txt : 1007870 ms.
--------------------------------------------------
benchmarks/INST_81x81/60/inst81x81_60_86.txt : 1005610 ms.
--------------------------------------------------
benchmarks/INST_81x81/60/inst81x81_60_87.txt : 1021367 ms.
--------------------------------------------------
benchmarks/INST_81x81/60/inst81x81_60_88.txt : 1003918 ms.
--------------------------------------------------
benchmarks/INST_81x81/60/inst81x81_60_89.txt : 1003269 ms.
--------------------------------------------------
benchmarks/INST_81x81/60/inst81x81_60_8.txt : 1004516 ms.
--------------------------------------------------
benchmarks/INST_81x81/60/inst81x81_60_90.txt : 1003600 ms.
--------------------------------------------------
benchmarks/INST_81x81/60/inst81x81_60_91.txt : 1009836 ms.
--------------------------------------------------
benchmarks/INST_81x81/60/inst81x81_60_92.txt : 1006345 ms.
--------------------------------------------------
benchmarks/INST_81x81/60/inst81x81_60_93.txt : 1012185 ms.
--------------------------------------------------
benchmarks/INST_81x81/60/inst81x81_60_94.txt : 1013341 ms.
--------------------------------------------------
benchmarks/INST_81x81/60/inst81x81_60_95.txt : 1033053 ms.
--------------------------------------------------
benchmarks/INST_81x81/60/inst81x81_60_96.txt : 1007298 ms.
--------------------------------------------------
benchmarks/INST_81x81/60/inst81x81_60_97.txt : 1003468 ms.
--------------------------------------------------
benchmarks/INST_81x81/60/inst81x81_60_98.txt : 1003425 ms.
--------------------------------------------------
benchmarks/INST_81x81/60/inst81x81_60_99.txt : 1009743 ms.
--------------------------------------------------
benchmarks/INST_81x81/60/inst81x81_60_9.txt : 1014656 ms.
run.sh: line 77: 3: command not found
run.sh: line 78: syntax error near unexpected token `fi'
run.sh: line 78: `    fi'
