--------------------------------------------------
run.sh: line 11: 384113 Floating point exception(core dumped) ./solvers/nqueens_ls/NQueen-LS $file $seed $time_t
benchmarks/N-Queens/INST_800/90/inst800_90_0.txt : 177 ms.
--------------------------------------------------
run.sh: line 11: 384473 Floating point exception(core dumped) ./solvers/nqueens_ls/NQueen-LS $file $seed $time_t
benchmarks/N-Queens/INST_800/90/inst800_90_10.txt : 181 ms.
--------------------------------------------------
run.sh: line 11: 384798 Floating point exception(core dumped) ./solvers/nqueens_ls/NQueen-LS $file $seed $time_t
benchmarks/N-Queens/INST_800/90/inst800_90_11.txt : 180 ms.
--------------------------------------------------
run.sh: line 11: 385119 Floating point exception(core dumped) ./solvers/nqueens_ls/NQueen-LS $file $seed $time_t
benchmarks/N-Queens/INST_800/90/inst800_90_12.txt : 184 ms.
--------------------------------------------------
benchmarks/N-Queens/INST_800/90/inst800_90_13.txt find answer: 0.600000
benchmarks/N-Queens/INST_800/90/inst800_90_13.txt : 737 ms.
--------------------------------------------------
run.sh: line 11: 386688 Floating point exception(core dumped) ./solvers/nqueens_ls/NQueen-LS $file $seed $time_t
benchmarks/N-Queens/INST_800/90/inst800_90_14.txt : 177 ms.
--------------------------------------------------
run.sh: line 11: 387022 Floating point exception(core dumped) ./solvers/nqueens_ls/NQueen-LS $file $seed $time_t
benchmarks/N-Queens/INST_800/90/inst800_90_15.txt : 177 ms.
--------------------------------------------------
run.sh: line 11: 387346 Floating point exception./solvers/nqueens_ls/NQueen-LS $file $seed $time_t
benchmarks/N-Queens/INST_800/90/inst800_90_16.txt : 155 ms.
--------------------------------------------------
run.sh: line 11: 387627 Floating point exception(core dumped) ./solvers/nqueens_ls/NQueen-LS $file $seed $time_t
benchmarks/N-Queens/INST_800/90/inst800_90_17.txt : 183 ms.
--------------------------------------------------
run.sh: line 11: 387926 Floating point exception(core dumped) ./solvers/nqueens_ls/NQueen-LS $file $seed $time_t
benchmarks/N-Queens/INST_800/90/inst800_90_18.txt : 186 ms.
--------------------------------------------------
run.sh: line 11: 388246 Floating point exception./solvers/nqueens_ls/NQueen-LS $file $seed $time_t
benchmarks/N-Queens/INST_800/90/inst800_90_19.txt : 148 ms.
--------------------------------------------------
run.sh: line 11: 388533 Floating point exception(core dumped) ./solvers/nqueens_ls/NQueen-LS $file $seed $time_t
benchmarks/N-Queens/INST_800/90/inst800_90_1.txt : 199 ms.
--------------------------------------------------
run.sh: line 11: 388897 Floating point exception./solvers/nqueens_ls/NQueen-LS $file $seed $time_t
benchmarks/N-Queens/INST_800/90/inst800_90_20.txt : 153 ms.
--------------------------------------------------
run.sh: line 11: 389168 Floating point exception(core dumped) ./solvers/nqueens_ls/NQueen-LS $file $seed $time_t
benchmarks/N-Queens/INST_800/90/inst800_90_21.txt : 183 ms.
--------------------------------------------------
run.sh: line 11: 389497 Floating point exception./solvers/nqueens_ls/NQueen-LS $file $seed $time_t
benchmarks/N-Queens/INST_800/90/inst800_90_22.txt : 150 ms.
--------------------------------------------------
benchmarks/N-Queens/INST_800/90/inst800_90_23.txt find answer: 0.690000
benchmarks/N-Queens/INST_800/90/inst800_90_23.txt : 847 ms.
--------------------------------------------------
run.sh: line 11: 391065 Floating point exception./solvers/nqueens_ls/NQueen-LS $file $seed $time_t
benchmarks/N-Queens/INST_800/90/inst800_90_24.txt : 154 ms.
--------------------------------------------------
run.sh: line 11: 391260 Floating point exception(core dumped) ./solvers/nqueens_ls/NQueen-LS $file $seed $time_t
benchmarks/N-Queens/INST_800/90/inst800_90_25.txt : 187 ms.
--------------------------------------------------
run.sh: line 11: 391445 Floating point exception(core dumped) ./solvers/nqueens_ls/NQueen-LS $file $seed $time_t
benchmarks/N-Queens/INST_800/90/inst800_90_26.txt : 189 ms.
--------------------------------------------------
run.sh: line 11: 391642 Floating point exception(core dumped) ./solvers/nqueens_ls/NQueen-LS $file $seed $time_t
benchmarks/N-Queens/INST_800/90/inst800_90_27.txt : 182 ms.
--------------------------------------------------
run.sh: line 11: 391822 Floating point exception(core dumped) ./solvers/nqueens_ls/NQueen-LS $file $seed $time_t
benchmarks/N-Queens/INST_800/90/inst800_90_28.txt : 186 ms.
--------------------------------------------------
run.sh: line 11: 391986 Floating point exception(core dumped) ./solvers/nqueens_ls/NQueen-LS $file $seed $time_t
benchmarks/N-Queens/INST_800/90/inst800_90_29.txt : 177 ms.
--------------------------------------------------
benchmarks/N-Queens/INST_800/90/inst800_90_2.txt find answer: 0.580000
benchmarks/N-Queens/INST_800/90/inst800_90_2.txt : 718 ms.
--------------------------------------------------
run.sh: line 11: 392760 Floating point exception(core dumped) ./solvers/nqueens_ls/NQueen-LS $file $seed $time_t
benchmarks/N-Queens/INST_800/90/inst800_90_30.txt : 167 ms.
--------------------------------------------------
run.sh: line 11: 392918 Floating point exception./solvers/nqueens_ls/NQueen-LS $file $seed $time_t
benchmarks/N-Queens/INST_800/90/inst800_90_31.txt : 153 ms.
--------------------------------------------------
run.sh: line 11: 393055 Floating point exception(core dumped) ./solvers/nqueens_ls/NQueen-LS $file $seed $time_t
benchmarks/N-Queens/INST_800/90/inst800_90_32.txt : 170 ms.
--------------------------------------------------
run.sh: line 11: 393191 Floating point exception(core dumped) ./solvers/nqueens_ls/NQueen-LS $file $seed $time_t
benchmarks/N-Queens/INST_800/90/inst800_90_33.txt : 183 ms.
--------------------------------------------------
run.sh: line 11: 393345 Floating point exception(core dumped) ./solvers/nqueens_ls/NQueen-LS $file $seed $time_t
benchmarks/N-Queens/INST_800/90/inst800_90_34.txt : 175 ms.
--------------------------------------------------
run.sh: line 11: 393505 Floating point exception(core dumped) ./solvers/nqueens_ls/NQueen-LS $file $seed $time_t
benchmarks/N-Queens/INST_800/90/inst800_90_35.txt : 176 ms.
--------------------------------------------------
run.sh: line 11: 393649 Floating point exception(core dumped) ./solvers/nqueens_ls/NQueen-LS $file $seed $time_t
benchmarks/N-Queens/INST_800/90/inst800_90_36.txt : 175 ms.
--------------------------------------------------
run.sh: line 11: 393797 Floating point exception(core dumped) ./solvers/nqueens_ls/NQueen-LS $file $seed $time_t
benchmarks/N-Queens/INST_800/90/inst800_90_37.txt : 174 ms.
--------------------------------------------------
run.sh: line 11: 393969 Floating point exception./solvers/nqueens_ls/NQueen-LS $file $seed $time_t
benchmarks/N-Queens/INST_800/90/inst800_90_38.txt : 149 ms.
--------------------------------------------------
run.sh: line 11: 394104 Floating point exception(core dumped) ./solvers/nqueens_ls/NQueen-LS $file $seed $time_t
benchmarks/N-Queens/INST_800/90/inst800_90_39.txt : 173 ms.
--------------------------------------------------
run.sh: line 11: 394267 Floating point exception(core dumped) ./solvers/nqueens_ls/NQueen-LS $file $seed $time_t
benchmarks/N-Queens/INST_800/90/inst800_90_3.txt : 174 ms.
--------------------------------------------------
run.sh: line 11: 394401 Floating point exception(core dumped) ./solvers/nqueens_ls/NQueen-LS $file $seed $time_t
benchmarks/N-Queens/INST_800/90/inst800_90_40.txt : 172 ms.
--------------------------------------------------
run.sh: line 11: 394527 Floating point exception(core dumped) ./solvers/nqueens_ls/NQueen-LS $file $seed $time_t
benchmarks/N-Queens/INST_800/90/inst800_90_41.txt : 177 ms.
--------------------------------------------------
run.sh: line 11: 394635 Floating point exception(core dumped) ./solvers/nqueens_ls/NQueen-LS $file $seed $time_t
benchmarks/N-Queens/INST_800/90/inst800_90_42.txt : 176 ms.
--------------------------------------------------
benchmarks/N-Queens/INST_800/90/inst800_90_43.txt find answer: 0.550000
benchmarks/N-Queens/INST_800/90/inst800_90_43.txt : 696 ms.
--------------------------------------------------
run.sh: line 11: 394985 Floating point exception(core dumped) ./solvers/nqueens_ls/NQueen-LS $file $seed $time_t
benchmarks/N-Queens/INST_800/90/inst800_90_44.txt : 174 ms.
--------------------------------------------------
run.sh: line 11: 395079 Floating point exception./solvers/nqueens_ls/NQueen-LS $file $seed $time_t
benchmarks/N-Queens/INST_800/90/inst800_90_45.txt : 147 ms.
--------------------------------------------------
run.sh: line 11: 395151 Floating point exception(core dumped) ./solvers/nqueens_ls/NQueen-LS $file $seed $time_t
benchmarks/N-Queens/INST_800/90/inst800_90_46.txt : 179 ms.
--------------------------------------------------
run.sh: line 11: 395249 Floating point exception(core dumped) ./solvers/nqueens_ls/NQueen-LS $file $seed $time_t
benchmarks/N-Queens/INST_800/90/inst800_90_47.txt : 203 ms.
--------------------------------------------------
run.sh: line 11: 395359 Floating point exception(core dumped) ./solvers/nqueens_ls/NQueen-LS $file $seed $time_t
benchmarks/N-Queens/INST_800/90/inst800_90_48.txt : 173 ms.
--------------------------------------------------
run.sh: line 11: 395439 Floating point exception(core dumped) ./solvers/nqueens_ls/NQueen-LS $file $seed $time_t
benchmarks/N-Queens/INST_800/90/inst800_90_49.txt : 176 ms.
--------------------------------------------------
run.sh: line 11: 395517 Floating point exception(core dumped) ./solvers/nqueens_ls/NQueen-LS $file $seed $time_t
benchmarks/N-Queens/INST_800/90/inst800_90_4.txt : 180 ms.
--------------------------------------------------
run.sh: line 11: 395605 Floating point exception(core dumped) ./solvers/nqueens_ls/NQueen-LS $file $seed $time_t
benchmarks/N-Queens/INST_800/90/inst800_90_50.txt : 178 ms.
--------------------------------------------------
run.sh: line 11: 395707 Floating point exception(core dumped) ./solvers/nqueens_ls/NQueen-LS $file $seed $time_t
benchmarks/N-Queens/INST_800/90/inst800_90_51.txt : 176 ms.
--------------------------------------------------
benchmarks/N-Queens/INST_800/90/inst800_90_52.txt find answer: 0.560000
benchmarks/N-Queens/INST_800/90/inst800_90_52.txt : 706 ms.
--------------------------------------------------
run.sh: line 11: 396137 Floating point exception(core dumped) ./solvers/nqueens_ls/NQueen-LS $file $seed $time_t
benchmarks/N-Queens/INST_800/90/inst800_90_53.txt : 174 ms.
--------------------------------------------------
run.sh: line 11: 396207 Floating point exception(core dumped) ./solvers/nqueens_ls/NQueen-LS $file $seed $time_t
benchmarks/N-Queens/INST_800/90/inst800_90_54.txt : 172 ms.
--------------------------------------------------
run.sh: line 11: 396256 Floating point exception(core dumped) ./solvers/nqueens_ls/NQueen-LS $file $seed $time_t
benchmarks/N-Queens/INST_800/90/inst800_90_55.txt : 172 ms.
--------------------------------------------------
run.sh: line 11: 396333 Floating point exception(core dumped) ./solvers/nqueens_ls/NQueen-LS $file $seed $time_t
benchmarks/N-Queens/INST_800/90/inst800_90_56.txt : 171 ms.
--------------------------------------------------
run.sh: line 11: 396415 Floating point exception(core dumped) ./solvers/nqueens_ls/NQueen-LS $file $seed $time_t
benchmarks/N-Queens/INST_800/90/inst800_90_57.txt : 174 ms.
--------------------------------------------------
run.sh: line 11: 396516 Floating point exception(core dumped) ./solvers/nqueens_ls/NQueen-LS $file $seed $time_t
benchmarks/N-Queens/INST_800/90/inst800_90_58.txt : 175 ms.
--------------------------------------------------
run.sh: line 11: 396609 Floating point exception(core dumped) ./solvers/nqueens_ls/NQueen-LS $file $seed $time_t
benchmarks/N-Queens/INST_800/90/inst800_90_59.txt : 170 ms.
--------------------------------------------------
run.sh: line 11: 396696 Floating point exception(core dumped) ./solvers/nqueens_ls/NQueen-LS $file $seed $time_t
benchmarks/N-Queens/INST_800/90/inst800_90_5.txt : 179 ms.
--------------------------------------------------
run.sh: line 11: 396796 Floating point exception(core dumped) ./solvers/nqueens_ls/NQueen-LS $file $seed $time_t
benchmarks/N-Queens/INST_800/90/inst800_90_60.txt : 181 ms.
--------------------------------------------------
run.sh: line 11: 396885 Floating point exception(core dumped) ./solvers/nqueens_ls/NQueen-LS $file $seed $time_t
benchmarks/N-Queens/INST_800/90/inst800_90_61.txt : 172 ms.
--------------------------------------------------
run.sh: line 11: 396971 Floating point exception(core dumped) ./solvers/nqueens_ls/NQueen-LS $file $seed $time_t
benchmarks/N-Queens/INST_800/90/inst800_90_62.txt : 178 ms.
--------------------------------------------------
benchmarks/N-Queens/INST_800/90/inst800_90_63.txt find answer: 0.600000
benchmarks/N-Queens/INST_800/90/inst800_90_63.txt : 727 ms.
--------------------------------------------------
run.sh: line 11: 397297 Floating point exception(core dumped) ./solvers/nqueens_ls/NQueen-LS $file $seed $time_t
benchmarks/N-Queens/INST_800/90/inst800_90_64.txt : 174 ms.
--------------------------------------------------
run.sh: line 11: 397370 Floating point exception(core dumped) ./solvers/nqueens_ls/NQueen-LS $file $seed $time_t
benchmarks/N-Queens/INST_800/90/inst800_90_65.txt : 169 ms.
--------------------------------------------------
run.sh: line 11: 397421 Floating point exception(core dumped) ./solvers/nqueens_ls/NQueen-LS $file $seed $time_t
benchmarks/N-Queens/INST_800/90/inst800_90_66.txt : 169 ms.
--------------------------------------------------
run.sh: line 11: 397465 Floating point exception(core dumped) ./solvers/nqueens_ls/NQueen-LS $file $seed $time_t
benchmarks/N-Queens/INST_800/90/inst800_90_67.txt : 165 ms.
--------------------------------------------------
run.sh: line 11: 397503 Floating point exception(core dumped) ./solvers/nqueens_ls/NQueen-LS $file $seed $time_t
benchmarks/N-Queens/INST_800/90/inst800_90_68.txt : 167 ms.
--------------------------------------------------
run.sh: line 11: 397546 Floating point exception(core dumped) ./solvers/nqueens_ls/NQueen-LS $file $seed $time_t
benchmarks/N-Queens/INST_800/90/inst800_90_69.txt : 168 ms.
--------------------------------------------------
run.sh: line 11: 397592 Floating point exception(core dumped) ./solvers/nqueens_ls/NQueen-LS $file $seed $time_t
benchmarks/N-Queens/INST_800/90/inst800_90_6.txt : 169 ms.
--------------------------------------------------
run.sh: line 11: 397631 Floating point exception(core dumped) ./solvers/nqueens_ls/NQueen-LS $file $seed $time_t
benchmarks/N-Queens/INST_800/90/inst800_90_70.txt : 175 ms.
--------------------------------------------------
run.sh: line 11: 397674 Floating point exception(core dumped) ./solvers/nqueens_ls/NQueen-LS $file $seed $time_t
benchmarks/N-Queens/INST_800/90/inst800_90_71.txt : 175 ms.
--------------------------------------------------
benchmarks/N-Queens/INST_800/90/inst800_90_72.txt find answer: 0.540000
benchmarks/N-Queens/INST_800/90/inst800_90_72.txt : 674 ms.
--------------------------------------------------
run.sh: line 11: 397823 Floating point exception(core dumped) ./solvers/nqueens_ls/NQueen-LS $file $seed $time_t
benchmarks/N-Queens/INST_800/90/inst800_90_73.txt : 166 ms.
--------------------------------------------------
run.sh: line 11: 397845 Floating point exception(core dumped) ./solvers/nqueens_ls/NQueen-LS $file $seed $time_t
benchmarks/N-Queens/INST_800/90/inst800_90_74.txt : 168 ms.
--------------------------------------------------
run.sh: line 11: 397873 Floating point exception(core dumped) ./solvers/nqueens_ls/NQueen-LS $file $seed $time_t
benchmarks/N-Queens/INST_800/90/inst800_90_75.txt : 165 ms.
--------------------------------------------------
run.sh: line 11: 397911 Floating point exception(core dumped) ./solvers/nqueens_ls/NQueen-LS $file $seed $time_t
benchmarks/N-Queens/INST_800/90/inst800_90_76.txt : 168 ms.
--------------------------------------------------
run.sh: line 11: 397950 Floating point exception(core dumped) ./solvers/nqueens_ls/NQueen-LS $file $seed $time_t
benchmarks/N-Queens/INST_800/90/inst800_90_77.txt : 164 ms.
--------------------------------------------------
run.sh: line 11: 397993 Floating point exception(core dumped) ./solvers/nqueens_ls/NQueen-LS $file $seed $time_t
benchmarks/N-Queens/INST_800/90/inst800_90_78.txt : 170 ms.
--------------------------------------------------
run.sh: line 11: 398029 Floating point exception(core dumped) ./solvers/nqueens_ls/NQueen-LS $file $seed $time_t
benchmarks/N-Queens/INST_800/90/inst800_90_79.txt : 171 ms.
--------------------------------------------------
run.sh: line 11: 398066 Floating point exception(core dumped) ./solvers/nqueens_ls/NQueen-LS $file $seed $time_t
benchmarks/N-Queens/INST_800/90/inst800_90_7.txt : 175 ms.
--------------------------------------------------
run.sh: line 11: 398108 Floating point exception(core dumped) ./solvers/nqueens_ls/NQueen-LS $file $seed $time_t
benchmarks/N-Queens/INST_800/90/inst800_90_80.txt : 175 ms.
--------------------------------------------------
run.sh: line 11: 398146 Floating point exception(core dumped) ./solvers/nqueens_ls/NQueen-LS $file $seed $time_t
benchmarks/N-Queens/INST_800/90/inst800_90_81.txt : 176 ms.
--------------------------------------------------
benchmarks/N-Queens/INST_800/90/inst800_90_82.txt find answer: 0.510000
benchmarks/N-Queens/INST_800/90/inst800_90_82.txt : 645 ms.
--------------------------------------------------
run.sh: line 11: 398262 Floating point exception(core dumped) ./solvers/nqueens_ls/NQueen-LS $file $seed $time_t
benchmarks/N-Queens/INST_800/90/inst800_90_83.txt : 166 ms.
--------------------------------------------------
run.sh: line 11: 398274 Floating point exception(core dumped) ./solvers/nqueens_ls/NQueen-LS $file $seed $time_t
benchmarks/N-Queens/INST_800/90/inst800_90_84.txt : 166 ms.
--------------------------------------------------
run.sh: line 11: 398303 Floating point exception(core dumped) ./solvers/nqueens_ls/NQueen-LS $file $seed $time_t
benchmarks/N-Queens/INST_800/90/inst800_90_85.txt : 166 ms.
--------------------------------------------------
run.sh: line 11: 398330 Floating point exception(core dumped) ./solvers/nqueens_ls/NQueen-LS $file $seed $time_t
benchmarks/N-Queens/INST_800/90/inst800_90_86.txt : 168 ms.
--------------------------------------------------
run.sh: line 11: 398359 Floating point exception(core dumped) ./solvers/nqueens_ls/NQueen-LS $file $seed $time_t
benchmarks/N-Queens/INST_800/90/inst800_90_87.txt : 164 ms.
--------------------------------------------------
run.sh: line 11: 398392 Floating point exception(core dumped) ./solvers/nqueens_ls/NQueen-LS $file $seed $time_t
benchmarks/N-Queens/INST_800/90/inst800_90_88.txt : 167 ms.
--------------------------------------------------
run.sh: line 11: 398433 Floating point exception(core dumped) ./solvers/nqueens_ls/NQueen-LS $file $seed $time_t
benchmarks/N-Queens/INST_800/90/inst800_90_89.txt : 167 ms.
--------------------------------------------------
run.sh: line 11: 398470 Floating point exception(core dumped) ./solvers/nqueens_ls/NQueen-LS $file $seed $time_t
benchmarks/N-Queens/INST_800/90/inst800_90_8.txt : 167 ms.
--------------------------------------------------
run.sh: line 11: 398507 Floating point exception(core dumped) ./solvers/nqueens_ls/NQueen-LS $file $seed $time_t
benchmarks/N-Queens/INST_800/90/inst800_90_90.txt : 161 ms.
--------------------------------------------------
run.sh: line 11: 398546 Floating point exception(core dumped) ./solvers/nqueens_ls/NQueen-LS $file $seed $time_t
benchmarks/N-Queens/INST_800/90/inst800_90_91.txt : 164 ms.
--------------------------------------------------
benchmarks/N-Queens/INST_800/90/inst800_90_92.txt find answer: 0.500000
benchmarks/N-Queens/INST_800/90/inst800_90_92.txt : 632 ms.
--------------------------------------------------
run.sh: line 11: 398683 Floating point exception(core dumped) ./solvers/nqueens_ls/NQueen-LS $file $seed $time_t
benchmarks/N-Queens/INST_800/90/inst800_90_93.txt : 169 ms.
--------------------------------------------------
run.sh: line 11: 398709 Floating point exception(core dumped) ./solvers/nqueens_ls/NQueen-LS $file $seed $time_t
benchmarks/N-Queens/INST_800/90/inst800_90_94.txt : 167 ms.
--------------------------------------------------
run.sh: line 11: 398724 Floating point exception(core dumped) ./solvers/nqueens_ls/NQueen-LS $file $seed $time_t
benchmarks/N-Queens/INST_800/90/inst800_90_95.txt : 166 ms.
--------------------------------------------------
run.sh: line 11: 398751 Floating point exception(core dumped) ./solvers/nqueens_ls/NQueen-LS $file $seed $time_t
benchmarks/N-Queens/INST_800/90/inst800_90_96.txt : 168 ms.
--------------------------------------------------
run.sh: line 11: 398783 Floating point exception(core dumped) ./solvers/nqueens_ls/NQueen-LS $file $seed $time_t
benchmarks/N-Queens/INST_800/90/inst800_90_97.txt : 174 ms.
--------------------------------------------------
run.sh: line 11: 398816 Floating point exception(core dumped) ./solvers/nqueens_ls/NQueen-LS $file $seed $time_t
benchmarks/N-Queens/INST_800/90/inst800_90_98.txt : 172 ms.
--------------------------------------------------
run.sh: line 11: 398847 Floating point exception(core dumped) ./solvers/nqueens_ls/NQueen-LS $file $seed $time_t
benchmarks/N-Queens/INST_800/90/inst800_90_99.txt : 173 ms.
--------------------------------------------------
run.sh: line 11: 398893 Floating point exception(core dumped) ./solvers/nqueens_ls/NQueen-LS $file $seed $time_t
benchmarks/N-Queens/INST_800/90/inst800_90_9.txt : 178 ms.
