--------------------------------------------------
SAT
----------
CP_1/2/data_01.dzn : 5098 ms.
--------------------------------------------------
SAT
----------
CP_1/2/data_02.dzn : 6146 ms.
--------------------------------------------------
SAT
----------
CP_1/2/data_03.dzn : 5476 ms.
--------------------------------------------------
SAT
----------
CP_1/2/data_04.dzn : 5526 ms.
--------------------------------------------------
SAT
----------
CP_1/2/data_05.dzn : 7188 ms.
--------------------------------------------------
SAT
----------
CP_1/2/data_06.dzn : 8960 ms.
--------------------------------------------------
SAT
----------
CP_1/2/data_07.dzn : 9769 ms.
--------------------------------------------------
SAT
----------
CP_1/2/data_08.dzn : 10557 ms.
--------------------------------------------------
SAT
----------
CP_1/2/data_09.dzn : 13391 ms.
--------------------------------------------------
SAT
----------
CP_1/2/data_10.dzn : 12502 ms.
--------------------------------------------------
SAT
----------
CP_1/2/data_11.dzn : 12778 ms.
--------------------------------------------------
SAT
----------
CP_1/2/data_12.dzn : 26730 ms.
--------------------------------------------------
SAT
----------
CP_1/2/data_13.dzn : 16693 ms.
--------------------------------------------------
SAT
----------
CP_1/2/data_14.dzn : 65730 ms.
--------------------------------------------------
SAT
----------
CP_1/2/data_15.dzn : 99332 ms.
--------------------------------------------------
SAT
----------
CP_1/2/data_16.dzn : 923016 ms.
--------------------------------------------------
=====UNKNOWN=====
CP_1/2/data_17.dzn : 1000336 ms.
--------------------------------------------------
=====UNKNOWN=====
CP_1/2/data_18.dzn : 1000341 ms.
--------------------------------------------------
=====UNKNOWN=====
CP_1/2/data_19.dzn : 1000291 ms.
--------------------------------------------------
SAT
----------
CP_1/2/data_20.dzn : 829526 ms.
run.sh: line 71: seed: command not found
run.sh: line 72: syntax error near unexpected token `fi'
run.sh: line 72: `    fi'
