--------------------------------------------------
SAT
----------
CP_2/23/data_01.dzn : 9990 ms.
--------------------------------------------------
SAT
----------
CP_2/23/data_02.dzn : 5748 ms.
--------------------------------------------------
SAT
----------
CP_2/23/data_03.dzn : 6100 ms.
--------------------------------------------------
SAT
----------
CP_2/23/data_04.dzn : 6296 ms.
--------------------------------------------------
SAT
----------
CP_2/23/data_05.dzn : 7020 ms.
--------------------------------------------------
SAT
----------
CP_2/23/data_06.dzn : 10773 ms.
--------------------------------------------------
SAT
----------
CP_2/23/data_07.dzn : 11309 ms.
--------------------------------------------------
SAT
----------
CP_2/23/data_08.dzn : 19198 ms.
--------------------------------------------------
SAT
----------
CP_2/23/data_09.dzn : 12343 ms.
--------------------------------------------------
SAT
----------
CP_2/23/data_10.dzn : 22163 ms.
--------------------------------------------------
SAT
----------
CP_2/23/data_11.dzn : 27584 ms.
--------------------------------------------------
SAT
----------
CP_2/23/data_12.dzn : 36391 ms.
--------------------------------------------------
SAT
----------
CP_2/23/data_13.dzn : 168217 ms.
--------------------------------------------------
SAT
----------
CP_2/23/data_14.dzn : 200008 ms.
--------------------------------------------------
SAT
----------
CP_2/23/data_15.dzn : 76935 ms.
--------------------------------------------------
SAT
----------
CP_2/23/data_16.dzn : 585827 ms.
--------------------------------------------------
=====UNKNOWN=====
CP_2/23/data_17.dzn : 1000448 ms.
--------------------------------------------------
=====UNKNOWN=====
CP_2/23/data_18.dzn : 1000363 ms.
--------------------------------------------------
=====UNKNOWN=====
CP_2/23/data_19.dzn : 1000223 ms.
--------------------------------------------------
SAT
----------
CP_2/23/data_20.dzn : 899102 ms.
run.sh: line 71: seed: command not found
run.sh: line 72: syntax error near unexpected token `fi'
run.sh: line 72: `    fi'
