--------------------------------------------------
SAT
----------
CP_2/24/data_01.dzn : 10005 ms.
--------------------------------------------------
SAT
----------
CP_2/24/data_02.dzn : 5569 ms.
--------------------------------------------------
SAT
----------
CP_2/24/data_03.dzn : 5869 ms.
--------------------------------------------------
SAT
----------
CP_2/24/data_04.dzn : 6517 ms.
--------------------------------------------------
SAT
----------
CP_2/24/data_05.dzn : 7354 ms.
--------------------------------------------------
SAT
----------
CP_2/24/data_06.dzn : 9792 ms.
--------------------------------------------------
SAT
----------
CP_2/24/data_07.dzn : 10113 ms.
--------------------------------------------------
SAT
----------
CP_2/24/data_08.dzn : 12721 ms.
--------------------------------------------------
SAT
----------
CP_2/24/data_09.dzn : 11547 ms.
--------------------------------------------------
SAT
----------
CP_2/24/data_10.dzn : 14517 ms.
--------------------------------------------------
SAT
----------
CP_2/24/data_11.dzn : 26512 ms.
--------------------------------------------------
SAT
----------
CP_2/24/data_12.dzn : 17497 ms.
--------------------------------------------------
SAT
----------
CP_2/24/data_13.dzn : 98066 ms.
--------------------------------------------------
SAT
----------
CP_2/24/data_14.dzn : 346030 ms.
--------------------------------------------------
SAT
----------
CP_2/24/data_15.dzn : 329073 ms.
--------------------------------------------------
SAT
----------
CP_2/24/data_16.dzn : 162725 ms.
--------------------------------------------------
=====UNKNOWN=====
CP_2/24/data_17.dzn : 1000337 ms.
--------------------------------------------------
=====UNKNOWN=====
CP_2/24/data_18.dzn : 1000341 ms.
--------------------------------------------------
=====UNKNOWN=====
CP_2/24/data_19.dzn : 1000365 ms.
--------------------------------------------------
SAT
----------
CP_2/24/data_20.dzn : 909779 ms.
run.sh: line 71: seed: command not found
run.sh: line 72: syntax error near unexpected token `fi'
run.sh: line 72: `    fi'
