--------------------------------------------------
SAT
----------
CP_2/26/data_01.dzn : 10090 ms.
--------------------------------------------------
SAT
----------
CP_2/26/data_02.dzn : 5691 ms.
--------------------------------------------------
SAT
----------
CP_2/26/data_03.dzn : 6156 ms.
--------------------------------------------------
SAT
----------
CP_2/26/data_04.dzn : 7485 ms.
--------------------------------------------------
SAT
----------
CP_2/26/data_05.dzn : 8929 ms.
--------------------------------------------------
SAT
----------
CP_2/26/data_06.dzn : 9833 ms.
--------------------------------------------------
SAT
----------
CP_2/26/data_07.dzn : 13230 ms.
--------------------------------------------------
SAT
----------
CP_2/26/data_08.dzn : 11905 ms.
--------------------------------------------------
SAT
----------
CP_2/26/data_09.dzn : 12000 ms.
--------------------------------------------------
SAT
----------
CP_2/26/data_10.dzn : 22696 ms.
--------------------------------------------------
SAT
----------
CP_2/26/data_11.dzn : 15289 ms.
--------------------------------------------------
SAT
----------
CP_2/26/data_12.dzn : 66092 ms.
--------------------------------------------------
SAT
----------
CP_2/26/data_13.dzn : 16602 ms.
--------------------------------------------------
SAT
----------
CP_2/26/data_14.dzn : 79964 ms.
--------------------------------------------------
SAT
----------
CP_2/26/data_15.dzn : 256006 ms.
--------------------------------------------------
=====UNKNOWN=====
CP_2/26/data_16.dzn : 1000311 ms.
--------------------------------------------------
=====UNKNOWN=====
CP_2/26/data_17.dzn : 1000351 ms.
--------------------------------------------------
=====UNKNOWN=====
CP_2/26/data_18.dzn : 1000362 ms.
--------------------------------------------------
=====UNKNOWN=====
CP_2/26/data_19.dzn : 1000342 ms.
--------------------------------------------------
SAT
----------
CP_2/26/data_20.dzn : 880055 ms.
run.sh: line 71: seed: command not found
run.sh: line 72: syntax error near unexpected token `fi'
run.sh: line 72: `    fi'
