--------------------------------------------------
SAT
----------
CP_2/27/data_01.dzn : 9879 ms.
--------------------------------------------------
SAT
----------
CP_2/27/data_02.dzn : 5749 ms.
--------------------------------------------------
SAT
----------
CP_2/27/data_03.dzn : 6170 ms.
--------------------------------------------------
SAT
----------
CP_2/27/data_04.dzn : 6764 ms.
--------------------------------------------------
SAT
----------
CP_2/27/data_05.dzn : 7812 ms.
--------------------------------------------------
SAT
----------
CP_2/27/data_06.dzn : 8334 ms.
--------------------------------------------------
SAT
----------
CP_2/27/data_07.dzn : 9931 ms.
--------------------------------------------------
SAT
----------
CP_2/27/data_08.dzn : 10002 ms.
--------------------------------------------------
SAT
----------
CP_2/27/data_09.dzn : 14844 ms.
--------------------------------------------------
SAT
----------
CP_2/27/data_10.dzn : 12230 ms.
--------------------------------------------------
SAT
----------
CP_2/27/data_11.dzn : 45320 ms.
--------------------------------------------------
SAT
----------
CP_2/27/data_12.dzn : 27984 ms.
--------------------------------------------------
SAT
----------
CP_2/27/data_13.dzn : 54034 ms.
--------------------------------------------------
SAT
----------
CP_2/27/data_14.dzn : 68522 ms.
--------------------------------------------------
SAT
----------
CP_2/27/data_15.dzn : 65455 ms.
--------------------------------------------------
=====UNKNOWN=====
CP_2/27/data_16.dzn : 1000328 ms.
--------------------------------------------------
SAT
----------
CP_2/27/data_17.dzn : 229895 ms.
--------------------------------------------------
=====UNKNOWN=====
CP_2/27/data_18.dzn : 1000330 ms.
--------------------------------------------------
=====UNKNOWN=====
CP_2/27/data_19.dzn : 1000303 ms.
--------------------------------------------------
SAT
----------
CP_2/27/data_20.dzn : 894941 ms.
run.sh: line 71: seed: command not found
run.sh: line 72: syntax error near unexpected token `fi'
run.sh: line 72: `    fi'
