--------------------------------------------------
SAT
----------
CP_1/3/data_01.dzn : 6339 ms.
--------------------------------------------------
SAT
----------
CP_1/3/data_02.dzn : 6580 ms.
--------------------------------------------------
SAT
----------
CP_1/3/data_03.dzn : 7386 ms.
--------------------------------------------------
SAT
----------
CP_1/3/data_04.dzn : 7858 ms.
--------------------------------------------------
SAT
----------
CP_1/3/data_05.dzn : 7527 ms.
--------------------------------------------------
SAT
----------
CP_1/3/data_06.dzn : 10110 ms.
--------------------------------------------------
SAT
----------
CP_1/3/data_07.dzn : 10101 ms.
--------------------------------------------------
SAT
----------
CP_1/3/data_08.dzn : 11289 ms.
--------------------------------------------------
SAT
----------
CP_1/3/data_09.dzn : 11749 ms.
--------------------------------------------------
SAT
----------
CP_1/3/data_10.dzn : 14355 ms.
--------------------------------------------------
SAT
----------
CP_1/3/data_11.dzn : 36746 ms.
--------------------------------------------------
SAT
----------
CP_1/3/data_12.dzn : 15360 ms.
--------------------------------------------------
SAT
----------
CP_1/3/data_13.dzn : 46919 ms.
--------------------------------------------------
SAT
----------
CP_1/3/data_14.dzn : 96850 ms.
--------------------------------------------------
SAT
----------
CP_1/3/data_15.dzn : 133496 ms.
--------------------------------------------------
=====UNKNOWN=====
CP_1/3/data_16.dzn : 1000356 ms.
--------------------------------------------------
=====UNKNOWN=====
CP_1/3/data_17.dzn : 1000440 ms.
--------------------------------------------------
=====UNKNOWN=====
CP_1/3/data_18.dzn : 1000356 ms.
--------------------------------------------------
=====UNKNOWN=====
CP_1/3/data_19.dzn : 1000357 ms.
--------------------------------------------------
SAT
----------
CP_1/3/data_20.dzn : 774617 ms.
run.sh: line 71: seed: command not found
run.sh: line 72: syntax error near unexpected token `fi'
run.sh: line 72: `    fi'
