--------------------------------------------------
SAT
----------
CP_1/4/data_01.dzn : 5999 ms.
--------------------------------------------------
SAT
----------
CP_1/4/data_02.dzn : 5700 ms.
--------------------------------------------------
SAT
----------
CP_1/4/data_03.dzn : 5783 ms.
--------------------------------------------------
SAT
----------
CP_1/4/data_04.dzn : 7529 ms.
--------------------------------------------------
SAT
----------
CP_1/4/data_05.dzn : 9718 ms.
--------------------------------------------------
SAT
----------
CP_1/4/data_06.dzn : 16183 ms.
--------------------------------------------------
SAT
----------
CP_1/4/data_07.dzn : 10531 ms.
--------------------------------------------------
SAT
----------
CP_1/4/data_08.dzn : 12119 ms.
--------------------------------------------------
SAT
----------
CP_1/4/data_09.dzn : 12378 ms.
--------------------------------------------------
SAT
----------
CP_1/4/data_10.dzn : 11925 ms.
--------------------------------------------------
SAT
----------
CP_1/4/data_11.dzn : 14883 ms.
--------------------------------------------------
SAT
----------
CP_1/4/data_12.dzn : 14540 ms.
--------------------------------------------------
SAT
----------
CP_1/4/data_13.dzn : 26291 ms.
--------------------------------------------------
SAT
----------
CP_1/4/data_14.dzn : 111967 ms.
--------------------------------------------------
SAT
----------
CP_1/4/data_15.dzn : 68233 ms.
--------------------------------------------------
SAT
----------
CP_1/4/data_16.dzn : 323600 ms.
--------------------------------------------------
=====UNKNOWN=====
CP_1/4/data_17.dzn : 1000280 ms.
--------------------------------------------------
=====UNKNOWN=====
CP_1/4/data_18.dzn : 1000343 ms.
--------------------------------------------------
=====UNKNOWN=====
CP_1/4/data_19.dzn : 1000339 ms.
--------------------------------------------------
SAT
----------
CP_1/4/data_20.dzn : 864971 ms.
run.sh: line 71: seed: command not found
run.sh: line 72: syntax error near unexpected token `fi'
run.sh: line 72: `    fi'
