--------------------------------------------------
SAT
----------
CP_1/6/data_01.dzn : 5871 ms.
--------------------------------------------------
SAT
----------
CP_1/6/data_02.dzn : 5054 ms.
--------------------------------------------------
SAT
----------
CP_1/6/data_03.dzn : 6196 ms.
--------------------------------------------------
SAT
----------
CP_1/6/data_04.dzn : 5639 ms.
--------------------------------------------------
SAT
----------
CP_1/6/data_05.dzn : 6935 ms.
--------------------------------------------------
SAT
----------
CP_1/6/data_06.dzn : 9310 ms.
--------------------------------------------------
SAT
----------
CP_1/6/data_07.dzn : 10023 ms.
--------------------------------------------------
SAT
----------
CP_1/6/data_08.dzn : 10660 ms.
--------------------------------------------------
SAT
----------
CP_1/6/data_09.dzn : 11807 ms.
--------------------------------------------------
SAT
----------
CP_1/6/data_10.dzn : 24231 ms.
--------------------------------------------------
SAT
----------
CP_1/6/data_11.dzn : 52686 ms.
--------------------------------------------------
SAT
----------
CP_1/6/data_12.dzn : 43858 ms.
--------------------------------------------------
SAT
----------
CP_1/6/data_13.dzn : 59559 ms.
--------------------------------------------------
SAT
----------
CP_1/6/data_14.dzn : 75563 ms.
--------------------------------------------------
SAT
----------
CP_1/6/data_15.dzn : 660565 ms.
--------------------------------------------------
=====UNKNOWN=====
CP_1/6/data_16.dzn : 1000372 ms.
--------------------------------------------------
=====UNKNOWN=====
CP_1/6/data_17.dzn : 1000353 ms.
--------------------------------------------------
=====UNKNOWN=====
CP_1/6/data_18.dzn : 1000359 ms.
--------------------------------------------------
=====UNKNOWN=====
CP_1/6/data_19.dzn : 1000357 ms.
--------------------------------------------------
SAT
----------
CP_1/6/data_20.dzn : 767826 ms.
run.sh: line 71: seed: command not found
run.sh: line 72: syntax error near unexpected token `fi'
run.sh: line 72: `    fi'
