--------------------------------------------------
0
0.023129
benchmarks_easy/logic-solvable//aiescargot.txt : 36 ms.
--------------------------------------------------
0
0.107027
benchmarks_easy/logic-solvable//coly013.txt : 128 ms.
--------------------------------------------------
0
0.071955
benchmarks_easy/logic-solvable//goldennugget.txt : 107 ms.
--------------------------------------------------
0
0.001868
benchmarks_easy/logic-solvable//No_106.txt : 24 ms.
--------------------------------------------------
0
5.9e-05
benchmarks_easy/logic-solvable//No_11.txt : 14 ms.
--------------------------------------------------
0
7.6e-05
benchmarks_easy/logic-solvable//No_1.txt : 23 ms.
--------------------------------------------------
0
6.5e-05
benchmarks_easy/logic-solvable//No_27.txt : 16 ms.
--------------------------------------------------
0
0.000123
benchmarks_easy/logic-solvable//No_29.txt : 15 ms.
--------------------------------------------------
0
0.000692
benchmarks_easy/logic-solvable//No_77.txt : 16 ms.
--------------------------------------------------
0
0.24958
benchmarks_easy/logic-solvable//platinumblond.txt : 263 ms.
--------------------------------------------------
0
0.001654
benchmarks_easy/logic-solvable//reddwarf.txt : 16 ms.
--------------------------------------------------
0
7.4e-05
benchmarks_easy/logic-solvable//sabuncu10.txt : 24 ms.
--------------------------------------------------
0
6.1e-05
benchmarks_easy/logic-solvable//sabuncu1.txt : 15 ms.
--------------------------------------------------
0
0.00014
benchmarks_easy/logic-solvable//sabuncu2.txt : 17 ms.
--------------------------------------------------
0
0.001201
benchmarks_easy/logic-solvable//sabuncu3.txt : 19 ms.
--------------------------------------------------
0
0.001553
benchmarks_easy/logic-solvable//sabuncu4.txt : 17 ms.
--------------------------------------------------
0
4.9e-05
benchmarks_easy/logic-solvable//sabuncu5.txt : 18 ms.
--------------------------------------------------
0
0.049172
benchmarks_easy/logic-solvable//sabuncu6.txt : 73 ms.
--------------------------------------------------
0
0.000957
benchmarks_easy/logic-solvable//sabuncu7.txt : 13 ms.
--------------------------------------------------
0
0.000695
benchmarks_easy/logic-solvable//sabuncu8.txt : 17 ms.
--------------------------------------------------
0
0.006292
benchmarks_easy/logic-solvable//sabuncu9.txt : 29 ms.
--------------------------------------------------
0
0.01644
benchmarks_easy/logic-solvable//tarx0134.txt : 29 ms.
