--------------------------------------------------
0
benchmarks_easy/logic-solvable//aiescargot.txt : 654 ms.
--------------------------------------------------
0
benchmarks_easy/logic-solvable//coly013.txt : 918722 ms.
--------------------------------------------------
0
benchmarks_easy/logic-solvable//goldennugget.txt : 3349 ms.
--------------------------------------------------
0
benchmarks_easy/logic-solvable//No_106.txt : 476 ms.
--------------------------------------------------
0
benchmarks_easy/logic-solvable//No_11.txt : 43 ms.
--------------------------------------------------
0
benchmarks_easy/logic-solvable//No_1.txt : 51 ms.
--------------------------------------------------
0
benchmarks_easy/logic-solvable//No_27.txt : 43 ms.
--------------------------------------------------
0
benchmarks_easy/logic-solvable//No_29.txt : 60 ms.
--------------------------------------------------
0
benchmarks_easy/logic-solvable//No_77.txt : 69 ms.
--------------------------------------------------
0
benchmarks_easy/logic-solvable//platinumblond.txt : 1517 ms.
--------------------------------------------------
0
benchmarks_easy/logic-solvable//reddwarf.txt : 2400 ms.
--------------------------------------------------
0
benchmarks_easy/logic-solvable//sabuncu10.txt : 35 ms.
--------------------------------------------------
0
benchmarks_easy/logic-solvable//sabuncu1.txt : 32 ms.
--------------------------------------------------
0
benchmarks_easy/logic-solvable//sabuncu2.txt : 53 ms.
--------------------------------------------------
0
benchmarks_easy/logic-solvable//sabuncu3.txt : 167 ms.
--------------------------------------------------
0
benchmarks_easy/logic-solvable//sabuncu4.txt : 383 ms.
--------------------------------------------------
0
benchmarks_easy/logic-solvable//sabuncu5.txt : 24 ms.
--------------------------------------------------
0
benchmarks_easy/logic-solvable//sabuncu6.txt : 608 ms.
--------------------------------------------------
0
benchmarks_easy/logic-solvable//sabuncu7.txt : 506 ms.
--------------------------------------------------
0
benchmarks_easy/logic-solvable//sabuncu8.txt : 91 ms.
--------------------------------------------------
0
benchmarks_easy/logic-solvable//sabuncu9.txt : 396 ms.
--------------------------------------------------
2
benchmarks_easy/logic-solvable//tarx0134.txt : 1082091 ms.
