--------------------------------------------------
SAT
benchmarks_easy/logic-solvable//aiescargot.txt : 644 ms.
--------------------------------------------------
SAT
benchmarks_easy/logic-solvable//coly013.txt : 673 ms.
--------------------------------------------------
SAT
benchmarks_easy/logic-solvable//goldennugget.txt : 659 ms.
--------------------------------------------------
SAT
benchmarks_easy/logic-solvable//No_106.txt : 762 ms.
--------------------------------------------------
SAT
benchmarks_easy/logic-solvable//No_11.txt : 815 ms.
--------------------------------------------------
SAT
benchmarks_easy/logic-solvable//No_1.txt : 689 ms.
--------------------------------------------------
SAT
benchmarks_easy/logic-solvable//No_27.txt : 640 ms.
--------------------------------------------------
SAT
benchmarks_easy/logic-solvable//No_29.txt : 657 ms.
--------------------------------------------------
SAT
benchmarks_easy/logic-solvable//No_77.txt : 679 ms.
--------------------------------------------------
SAT
benchmarks_easy/logic-solvable//platinumblond.txt : 729 ms.
--------------------------------------------------
SAT
benchmarks_easy/logic-solvable//reddwarf.txt : 798 ms.
--------------------------------------------------
SAT
benchmarks_easy/logic-solvable//sabuncu10.txt : 704 ms.
--------------------------------------------------
SAT
benchmarks_easy/logic-solvable//sabuncu1.txt : 668 ms.
--------------------------------------------------
SAT
benchmarks_easy/logic-solvable//sabuncu2.txt : 708 ms.
--------------------------------------------------
SAT
benchmarks_easy/logic-solvable//sabuncu3.txt : 675 ms.
--------------------------------------------------
SAT
benchmarks_easy/logic-solvable//sabuncu4.txt : 531 ms.
--------------------------------------------------
SAT
benchmarks_easy/logic-solvable//sabuncu5.txt : 639 ms.
--------------------------------------------------
SAT
benchmarks_easy/logic-solvable//sabuncu6.txt : 725 ms.
--------------------------------------------------
SAT
benchmarks_easy/logic-solvable//sabuncu7.txt : 645 ms.
--------------------------------------------------
SAT
benchmarks_easy/logic-solvable//sabuncu8.txt : 671 ms.
--------------------------------------------------
SAT
benchmarks_easy/logic-solvable//sabuncu9.txt : 603 ms.
--------------------------------------------------
SAT
benchmarks_easy/logic-solvable//tarx0134.txt : 589 ms.
