--------------------------------------------------
benchmarks/INST_81x81/10/inst81x81_10_0.txt : 1018208 ms.
--------------------------------------------------
benchmarks/INST_81x81/10/inst81x81_10_10.txt : 1013524 ms.
--------------------------------------------------
benchmarks/INST_81x81/10/inst81x81_10_11.txt : 1014305 ms.
--------------------------------------------------
benchmarks/INST_81x81/10/inst81x81_10_12.txt : 1010245 ms.
--------------------------------------------------
benchmarks/INST_81x81/10/inst81x81_10_13.txt : 1003817 ms.
--------------------------------------------------
benchmarks/INST_81x81/10/inst81x81_10_14.txt : 1009477 ms.
--------------------------------------------------
benchmarks/INST_81x81/10/inst81x81_10_15.txt : 1010526 ms.
--------------------------------------------------
benchmarks/INST_81x81/10/inst81x81_10_16.txt : 1008839 ms.
--------------------------------------------------
benchmarks/INST_81x81/10/inst81x81_10_17.txt : 1014867 ms.
--------------------------------------------------
benchmarks/INST_81x81/10/inst81x81_10_18.txt : 1006398 ms.
--------------------------------------------------
benchmarks/INST_81x81/10/inst81x81_10_19.txt : 1007640 ms.
--------------------------------------------------
benchmarks/INST_81x81/10/inst81x81_10_1.txt : 1007601 ms.
--------------------------------------------------
benchmarks/INST_81x81/10/inst81x81_10_20.txt : 1006466 ms.
--------------------------------------------------
benchmarks/INST_81x81/10/inst81x81_10_21.txt : 1004544 ms.
--------------------------------------------------
benchmarks/INST_81x81/10/inst81x81_10_22.txt : 1005523 ms.
--------------------------------------------------
benchmarks/INST_81x81/10/inst81x81_10_23.txt : 1010249 ms.
--------------------------------------------------
benchmarks/INST_81x81/10/inst81x81_10_24.txt : 1013751 ms.
--------------------------------------------------
benchmarks/INST_81x81/10/inst81x81_10_25.txt : 1006065 ms.
--------------------------------------------------
benchmarks/INST_81x81/10/inst81x81_10_26.txt : 1009893 ms.
--------------------------------------------------
benchmarks/INST_81x81/10/inst81x81_10_27.txt : 1015524 ms.
--------------------------------------------------
benchmarks/INST_81x81/10/inst81x81_10_28.txt : 1013516 ms.
--------------------------------------------------
benchmarks/INST_81x81/10/inst81x81_10_29.txt : 1005673 ms.
--------------------------------------------------
benchmarks/INST_81x81/10/inst81x81_10_2.txt : 1008163 ms.
--------------------------------------------------
benchmarks/INST_81x81/10/inst81x81_10_30.txt : 1019612 ms.
--------------------------------------------------
benchmarks/INST_81x81/10/inst81x81_10_31.txt : 1003867 ms.
--------------------------------------------------
benchmarks/INST_81x81/10/inst81x81_10_32.txt : 1018842 ms.
--------------------------------------------------
benchmarks/INST_81x81/10/inst81x81_10_33.txt : 1008266 ms.
--------------------------------------------------
benchmarks/INST_81x81/10/inst81x81_10_34.txt : 1007204 ms.
--------------------------------------------------
benchmarks/INST_81x81/10/inst81x81_10_35.txt : 1009889 ms.
--------------------------------------------------
benchmarks/INST_81x81/10/inst81x81_10_36.txt : 1003054 ms.
--------------------------------------------------
benchmarks/INST_81x81/10/inst81x81_10_37.txt : 1009187 ms.
--------------------------------------------------
benchmarks/INST_81x81/10/inst81x81_10_38.txt : 1015702 ms.
--------------------------------------------------
benchmarks/INST_81x81/10/inst81x81_10_39.txt : 1015933 ms.
--------------------------------------------------
benchmarks/INST_81x81/10/inst81x81_10_3.txt : 1020284 ms.
--------------------------------------------------
benchmarks/INST_81x81/10/inst81x81_10_40.txt : 1010830 ms.
--------------------------------------------------
benchmarks/INST_81x81/10/inst81x81_10_41.txt : 1008341 ms.
--------------------------------------------------
benchmarks/INST_81x81/10/inst81x81_10_42.txt : 1006681 ms.
--------------------------------------------------
benchmarks/INST_81x81/10/inst81x81_10_43.txt : 1016991 ms.
--------------------------------------------------
benchmarks/INST_81x81/10/inst81x81_10_44.txt : 1005232 ms.
--------------------------------------------------
benchmarks/INST_81x81/10/inst81x81_10_45.txt : 1012856 ms.
--------------------------------------------------
benchmarks/INST_81x81/10/inst81x81_10_46.txt : 1006431 ms.
--------------------------------------------------
benchmarks/INST_81x81/10/inst81x81_10_47.txt : 1007318 ms.
--------------------------------------------------
benchmarks/INST_81x81/10/inst81x81_10_48.txt : 1005502 ms.
--------------------------------------------------
benchmarks/INST_81x81/10/inst81x81_10_49.txt : 1006981 ms.
--------------------------------------------------
benchmarks/INST_81x81/10/inst81x81_10_4.txt : 1004621 ms.
--------------------------------------------------
benchmarks/INST_81x81/10/inst81x81_10_50.txt : 1003888 ms.
--------------------------------------------------
benchmarks/INST_81x81/10/inst81x81_10_51.txt : 1006620 ms.
--------------------------------------------------
benchmarks/INST_81x81/10/inst81x81_10_52.txt : 1007787 ms.
--------------------------------------------------
benchmarks/INST_81x81/10/inst81x81_10_53.txt : 1018762 ms.
--------------------------------------------------
benchmarks/INST_81x81/10/inst81x81_10_54.txt : 1009070 ms.
--------------------------------------------------
benchmarks/INST_81x81/10/inst81x81_10_55.txt : 1012432 ms.
--------------------------------------------------
benchmarks/INST_81x81/10/inst81x81_10_56.txt : 1018157 ms.
--------------------------------------------------
benchmarks/INST_81x81/10/inst81x81_10_57.txt : 1012362 ms.
--------------------------------------------------
benchmarks/INST_81x81/10/inst81x81_10_58.txt : 1004623 ms.
--------------------------------------------------
benchmarks/INST_81x81/10/inst81x81_10_59.txt : 1016171 ms.
--------------------------------------------------
benchmarks/INST_81x81/10/inst81x81_10_5.txt : 1004978 ms.
--------------------------------------------------
benchmarks/INST_81x81/10/inst81x81_10_60.txt : 1014391 ms.
--------------------------------------------------
benchmarks/INST_81x81/10/inst81x81_10_61.txt : 1010131 ms.
--------------------------------------------------
benchmarks/INST_81x81/10/inst81x81_10_62.txt : 1008508 ms.
--------------------------------------------------
benchmarks/INST_81x81/10/inst81x81_10_63.txt : 1012060 ms.
--------------------------------------------------
benchmarks/INST_81x81/10/inst81x81_10_64.txt : 1012359 ms.
--------------------------------------------------
benchmarks/INST_81x81/10/inst81x81_10_65.txt : 1011065 ms.
--------------------------------------------------
benchmarks/INST_81x81/10/inst81x81_10_66.txt : 1011378 ms.
--------------------------------------------------
benchmarks/INST_81x81/10/inst81x81_10_67.txt : 1009475 ms.
--------------------------------------------------
benchmarks/INST_81x81/10/inst81x81_10_68.txt : 1008424 ms.
--------------------------------------------------
benchmarks/INST_81x81/10/inst81x81_10_69.txt : 1008652 ms.
--------------------------------------------------
benchmarks/INST_81x81/10/inst81x81_10_6.txt : 1012378 ms.
--------------------------------------------------
benchmarks/INST_81x81/10/inst81x81_10_70.txt : 1004425 ms.
--------------------------------------------------
benchmarks/INST_81x81/10/inst81x81_10_71.txt : 1014003 ms.
--------------------------------------------------
benchmarks/INST_81x81/10/inst81x81_10_72.txt : 1009329 ms.
--------------------------------------------------
benchmarks/INST_81x81/10/inst81x81_10_73.txt : 1010402 ms.
--------------------------------------------------
benchmarks/INST_81x81/10/inst81x81_10_74.txt : 1017083 ms.
--------------------------------------------------
benchmarks/INST_81x81/10/inst81x81_10_75.txt : 1003900 ms.
--------------------------------------------------
benchmarks/INST_81x81/10/inst81x81_10_76.txt : 1007195 ms.
--------------------------------------------------
benchmarks/INST_81x81/10/inst81x81_10_77.txt : 1006286 ms.
--------------------------------------------------
benchmarks/INST_81x81/10/inst81x81_10_78.txt : 1012975 ms.
--------------------------------------------------
benchmarks/INST_81x81/10/inst81x81_10_79.txt : 1017994 ms.
--------------------------------------------------
benchmarks/INST_81x81/10/inst81x81_10_7.txt : 1008264 ms.
--------------------------------------------------
benchmarks/INST_81x81/10/inst81x81_10_80.txt : 1011723 ms.
--------------------------------------------------
benchmarks/INST_81x81/10/inst81x81_10_81.txt : 1005201 ms.
--------------------------------------------------
benchmarks/INST_81x81/10/inst81x81_10_82.txt : 1004159 ms.
--------------------------------------------------
benchmarks/INST_81x81/10/inst81x81_10_83.txt : 1011220 ms.
--------------------------------------------------
benchmarks/INST_81x81/10/inst81x81_10_84.txt : 1013103 ms.
--------------------------------------------------
benchmarks/INST_81x81/10/inst81x81_10_85.txt : 1012870 ms.
--------------------------------------------------
benchmarks/INST_81x81/10/inst81x81_10_86.txt : 1008642 ms.
--------------------------------------------------
benchmarks/INST_81x81/10/inst81x81_10_87.txt : 1003983 ms.
--------------------------------------------------
benchmarks/INST_81x81/10/inst81x81_10_88.txt : 1007679 ms.
--------------------------------------------------
benchmarks/INST_81x81/10/inst81x81_10_89.txt : 1010661 ms.
--------------------------------------------------
benchmarks/INST_81x81/10/inst81x81_10_8.txt : 1015111 ms.
--------------------------------------------------
benchmarks/INST_81x81/10/inst81x81_10_90.txt : 1004505 ms.
--------------------------------------------------
benchmarks/INST_81x81/10/inst81x81_10_91.txt : 1009695 ms.
--------------------------------------------------
benchmarks/INST_81x81/10/inst81x81_10_92.txt : 1004403 ms.
--------------------------------------------------
benchmarks/INST_81x81/10/inst81x81_10_93.txt : 1007882 ms.
--------------------------------------------------
benchmarks/INST_81x81/10/inst81x81_10_94.txt : 1020761 ms.
--------------------------------------------------
benchmarks/INST_81x81/10/inst81x81_10_95.txt : 1012924 ms.
--------------------------------------------------
benchmarks/INST_81x81/10/inst81x81_10_96.txt : 1008961 ms.
--------------------------------------------------
benchmarks/INST_81x81/10/inst81x81_10_97.txt : 1004555 ms.
--------------------------------------------------
benchmarks/INST_81x81/10/inst81x81_10_98.txt : 1003725 ms.
--------------------------------------------------
benchmarks/INST_81x81/10/inst81x81_10_99.txt : 1006974 ms.
--------------------------------------------------
benchmarks/INST_81x81/10/inst81x81_10_9.txt : 1009728 ms.
run.sh: line 77: 3: command not found
run.sh: line 78: syntax error near unexpected token `fi'
run.sh: line 78: `    fi'
