--------------------------------------------------
benchmarks/INST_81x81/0/inst81x81_0_0.txt : 1005862 ms.
--------------------------------------------------
benchmarks/INST_81x81/0/inst81x81_0_10.txt : 1017999 ms.
--------------------------------------------------
benchmarks/INST_81x81/0/inst81x81_0_11.txt : 1018979 ms.
--------------------------------------------------
benchmarks/INST_81x81/0/inst81x81_0_12.txt : 1019234 ms.
--------------------------------------------------
benchmarks/INST_81x81/0/inst81x81_0_13.txt : 1014647 ms.
--------------------------------------------------
benchmarks/INST_81x81/0/inst81x81_0_14.txt : 1013545 ms.
--------------------------------------------------
benchmarks/INST_81x81/0/inst81x81_0_15.txt : 1017784 ms.
--------------------------------------------------
benchmarks/INST_81x81/0/inst81x81_0_16.txt : 1018725 ms.
--------------------------------------------------
benchmarks/INST_81x81/0/inst81x81_0_17.txt : 1026474 ms.
--------------------------------------------------
benchmarks/INST_81x81/0/inst81x81_0_18.txt : 1016004 ms.
--------------------------------------------------
benchmarks/INST_81x81/0/inst81x81_0_19.txt : 1006470 ms.
--------------------------------------------------
benchmarks/INST_81x81/0/inst81x81_0_1.txt : 1011480 ms.
--------------------------------------------------
benchmarks/INST_81x81/0/inst81x81_0_20.txt : 1014097 ms.
--------------------------------------------------
benchmarks/INST_81x81/0/inst81x81_0_21.txt : 1011378 ms.
--------------------------------------------------
benchmarks/INST_81x81/0/inst81x81_0_22.txt : 1016845 ms.
--------------------------------------------------
benchmarks/INST_81x81/0/inst81x81_0_23.txt : 1005161 ms.
--------------------------------------------------
benchmarks/INST_81x81/0/inst81x81_0_24.txt : 1005299 ms.
--------------------------------------------------
benchmarks/INST_81x81/0/inst81x81_0_25.txt : 1004702 ms.
--------------------------------------------------
benchmarks/INST_81x81/0/inst81x81_0_26.txt : 1013314 ms.
--------------------------------------------------
benchmarks/INST_81x81/0/inst81x81_0_27.txt : 1015324 ms.
--------------------------------------------------
benchmarks/INST_81x81/0/inst81x81_0_28.txt : 1017073 ms.
--------------------------------------------------
benchmarks/INST_81x81/0/inst81x81_0_29.txt : 1013312 ms.
--------------------------------------------------
benchmarks/INST_81x81/0/inst81x81_0_2.txt : 1007977 ms.
--------------------------------------------------
benchmarks/INST_81x81/0/inst81x81_0_30.txt : 1022729 ms.
--------------------------------------------------
benchmarks/INST_81x81/0/inst81x81_0_31.txt : 1012317 ms.
--------------------------------------------------
benchmarks/INST_81x81/0/inst81x81_0_32.txt : 1012706 ms.
--------------------------------------------------
benchmarks/INST_81x81/0/inst81x81_0_33.txt : 1014703 ms.
--------------------------------------------------
benchmarks/INST_81x81/0/inst81x81_0_34.txt : 1013639 ms.
--------------------------------------------------
benchmarks/INST_81x81/0/inst81x81_0_35.txt : 1020688 ms.
--------------------------------------------------
benchmarks/INST_81x81/0/inst81x81_0_36.txt : 1013212 ms.
--------------------------------------------------
benchmarks/INST_81x81/0/inst81x81_0_37.txt : 1009897 ms.
--------------------------------------------------
benchmarks/INST_81x81/0/inst81x81_0_38.txt : 1016185 ms.
--------------------------------------------------
benchmarks/INST_81x81/0/inst81x81_0_39.txt : 1017536 ms.
--------------------------------------------------
benchmarks/INST_81x81/0/inst81x81_0_3.txt : 1012255 ms.
--------------------------------------------------
benchmarks/INST_81x81/0/inst81x81_0_40.txt : 1010454 ms.
--------------------------------------------------
benchmarks/INST_81x81/0/inst81x81_0_41.txt : 1023747 ms.
--------------------------------------------------
benchmarks/INST_81x81/0/inst81x81_0_42.txt : 1014557 ms.
--------------------------------------------------
benchmarks/INST_81x81/0/inst81x81_0_43.txt : 1012236 ms.
--------------------------------------------------
benchmarks/INST_81x81/0/inst81x81_0_44.txt : 1007949 ms.
--------------------------------------------------
benchmarks/INST_81x81/0/inst81x81_0_45.txt : 1019586 ms.
--------------------------------------------------
benchmarks/INST_81x81/0/inst81x81_0_46.txt : 1025072 ms.
--------------------------------------------------
benchmarks/INST_81x81/0/inst81x81_0_47.txt : 1007578 ms.
--------------------------------------------------
benchmarks/INST_81x81/0/inst81x81_0_48.txt : 1015342 ms.
--------------------------------------------------
benchmarks/INST_81x81/0/inst81x81_0_49.txt : 1010785 ms.
--------------------------------------------------
benchmarks/INST_81x81/0/inst81x81_0_4.txt : 1010154 ms.
--------------------------------------------------
benchmarks/INST_81x81/0/inst81x81_0_50.txt : 1016409 ms.
--------------------------------------------------
benchmarks/INST_81x81/0/inst81x81_0_51.txt : 1015617 ms.
--------------------------------------------------
benchmarks/INST_81x81/0/inst81x81_0_52.txt : 1009617 ms.
--------------------------------------------------
benchmarks/INST_81x81/0/inst81x81_0_53.txt : 1023130 ms.
--------------------------------------------------
benchmarks/INST_81x81/0/inst81x81_0_54.txt : 1008641 ms.
--------------------------------------------------
benchmarks/INST_81x81/0/inst81x81_0_55.txt : 1014784 ms.
--------------------------------------------------
benchmarks/INST_81x81/0/inst81x81_0_56.txt : 1020313 ms.
--------------------------------------------------
benchmarks/INST_81x81/0/inst81x81_0_57.txt : 1016004 ms.
--------------------------------------------------
benchmarks/INST_81x81/0/inst81x81_0_58.txt : 1007353 ms.
--------------------------------------------------
benchmarks/INST_81x81/0/inst81x81_0_59.txt : 1013872 ms.
--------------------------------------------------
benchmarks/INST_81x81/0/inst81x81_0_5.txt : 1025251 ms.
--------------------------------------------------
benchmarks/INST_81x81/0/inst81x81_0_60.txt : 1004810 ms.
--------------------------------------------------
benchmarks/INST_81x81/0/inst81x81_0_61.txt : 1004991 ms.
--------------------------------------------------
benchmarks/INST_81x81/0/inst81x81_0_62.txt : 1013529 ms.
--------------------------------------------------
benchmarks/INST_81x81/0/inst81x81_0_63.txt : 1008054 ms.
--------------------------------------------------
benchmarks/INST_81x81/0/inst81x81_0_64.txt : 1015841 ms.
--------------------------------------------------
benchmarks/INST_81x81/0/inst81x81_0_65.txt : 1019330 ms.
--------------------------------------------------
benchmarks/INST_81x81/0/inst81x81_0_66.txt : 1018008 ms.
--------------------------------------------------
benchmarks/INST_81x81/0/inst81x81_0_67.txt : 1012539 ms.
--------------------------------------------------
benchmarks/INST_81x81/0/inst81x81_0_68.txt : 1008410 ms.
--------------------------------------------------
benchmarks/INST_81x81/0/inst81x81_0_69.txt : 1018117 ms.
--------------------------------------------------
benchmarks/INST_81x81/0/inst81x81_0_6.txt : 1020706 ms.
--------------------------------------------------
benchmarks/INST_81x81/0/inst81x81_0_70.txt : 1009721 ms.
--------------------------------------------------
benchmarks/INST_81x81/0/inst81x81_0_71.txt : 1011340 ms.
--------------------------------------------------
benchmarks/INST_81x81/0/inst81x81_0_72.txt : 1016896 ms.
--------------------------------------------------
benchmarks/INST_81x81/0/inst81x81_0_73.txt : 1003037 ms.
--------------------------------------------------
benchmarks/INST_81x81/0/inst81x81_0_74.txt : 1017784 ms.
--------------------------------------------------
benchmarks/INST_81x81/0/inst81x81_0_75.txt : 1015867 ms.
--------------------------------------------------
benchmarks/INST_81x81/0/inst81x81_0_76.txt : 1018344 ms.
--------------------------------------------------
benchmarks/INST_81x81/0/inst81x81_0_77.txt : 1025103 ms.
--------------------------------------------------
benchmarks/INST_81x81/0/inst81x81_0_78.txt : 1008110 ms.
--------------------------------------------------
benchmarks/INST_81x81/0/inst81x81_0_79.txt : 1018345 ms.
--------------------------------------------------
benchmarks/INST_81x81/0/inst81x81_0_7.txt : 1007895 ms.
--------------------------------------------------
benchmarks/INST_81x81/0/inst81x81_0_80.txt : 1020368 ms.
--------------------------------------------------
benchmarks/INST_81x81/0/inst81x81_0_81.txt : 1031545 ms.
--------------------------------------------------
benchmarks/INST_81x81/0/inst81x81_0_82.txt : 1013627 ms.
--------------------------------------------------
benchmarks/INST_81x81/0/inst81x81_0_83.txt : 1008393 ms.
--------------------------------------------------
benchmarks/INST_81x81/0/inst81x81_0_84.txt : 1013321 ms.
--------------------------------------------------
benchmarks/INST_81x81/0/inst81x81_0_85.txt : 1018346 ms.
--------------------------------------------------
benchmarks/INST_81x81/0/inst81x81_0_86.txt : 1026967 ms.
--------------------------------------------------
benchmarks/INST_81x81/0/inst81x81_0_87.txt : 1015168 ms.
--------------------------------------------------
benchmarks/INST_81x81/0/inst81x81_0_88.txt : 1019225 ms.
--------------------------------------------------
benchmarks/INST_81x81/0/inst81x81_0_89.txt : 1006917 ms.
--------------------------------------------------
benchmarks/INST_81x81/0/inst81x81_0_8.txt : 1006369 ms.
--------------------------------------------------
benchmarks/INST_81x81/0/inst81x81_0_90.txt : 1008723 ms.
--------------------------------------------------
benchmarks/INST_81x81/0/inst81x81_0_91.txt : 1017356 ms.
--------------------------------------------------
benchmarks/INST_81x81/0/inst81x81_0_92.txt : 1023889 ms.
--------------------------------------------------
benchmarks/INST_81x81/0/inst81x81_0_93.txt : 1018220 ms.
--------------------------------------------------
benchmarks/INST_81x81/0/inst81x81_0_94.txt : 1005877 ms.
--------------------------------------------------
benchmarks/INST_81x81/0/inst81x81_0_95.txt : 1011066 ms.
--------------------------------------------------
benchmarks/INST_81x81/0/inst81x81_0_96.txt : 1023064 ms.
--------------------------------------------------
benchmarks/INST_81x81/0/inst81x81_0_97.txt : 1009461 ms.
--------------------------------------------------
benchmarks/INST_81x81/0/inst81x81_0_98.txt : 1006528 ms.
--------------------------------------------------
benchmarks/INST_81x81/0/inst81x81_0_99.txt : 1005326 ms.
--------------------------------------------------
benchmarks/INST_81x81/0/inst81x81_0_9.txt : 1018302 ms.
run.sh: line 77: 3: command not found
run.sh: line 78: syntax error near unexpected token `fi'
run.sh: line 78: `    fi'
