--------------------------------------------------
benchmarks/INST_81x81/30/inst81x81_30_0.txt : 1011989 ms.
--------------------------------------------------
benchmarks/INST_81x81/30/inst81x81_30_10.txt : 1015298 ms.
--------------------------------------------------
benchmarks/INST_81x81/30/inst81x81_30_11.txt : 1004182 ms.
--------------------------------------------------
benchmarks/INST_81x81/30/inst81x81_30_12.txt : 1014012 ms.
--------------------------------------------------
benchmarks/INST_81x81/30/inst81x81_30_13.txt : 1013021 ms.
--------------------------------------------------
benchmarks/INST_81x81/30/inst81x81_30_14.txt : 1005663 ms.
--------------------------------------------------
benchmarks/INST_81x81/30/inst81x81_30_15.txt : 1007568 ms.
--------------------------------------------------
benchmarks/INST_81x81/30/inst81x81_30_16.txt : 1015919 ms.
--------------------------------------------------
benchmarks/INST_81x81/30/inst81x81_30_17.txt : 1012732 ms.
--------------------------------------------------
benchmarks/INST_81x81/30/inst81x81_30_18.txt : 1005231 ms.
--------------------------------------------------
benchmarks/INST_81x81/30/inst81x81_30_19.txt : 1004352 ms.
--------------------------------------------------
benchmarks/INST_81x81/30/inst81x81_30_1.txt : 1003430 ms.
--------------------------------------------------
benchmarks/INST_81x81/30/inst81x81_30_20.txt : 1008251 ms.
--------------------------------------------------
benchmarks/INST_81x81/30/inst81x81_30_21.txt : 1007087 ms.
--------------------------------------------------
benchmarks/INST_81x81/30/inst81x81_30_22.txt : 1007733 ms.
--------------------------------------------------
benchmarks/INST_81x81/30/inst81x81_30_23.txt : 1012688 ms.
--------------------------------------------------
benchmarks/INST_81x81/30/inst81x81_30_24.txt : 1005567 ms.
--------------------------------------------------
benchmarks/INST_81x81/30/inst81x81_30_25.txt : 1008502 ms.
--------------------------------------------------
benchmarks/INST_81x81/30/inst81x81_30_26.txt : 1011560 ms.
--------------------------------------------------
benchmarks/INST_81x81/30/inst81x81_30_27.txt : 1006126 ms.
--------------------------------------------------
benchmarks/INST_81x81/30/inst81x81_30_28.txt : 1005641 ms.
--------------------------------------------------
benchmarks/INST_81x81/30/inst81x81_30_29.txt : 1013269 ms.
--------------------------------------------------
benchmarks/INST_81x81/30/inst81x81_30_2.txt : 1003858 ms.
--------------------------------------------------
benchmarks/INST_81x81/30/inst81x81_30_30.txt : 1014906 ms.
--------------------------------------------------
benchmarks/INST_81x81/30/inst81x81_30_31.txt : 1014066 ms.
--------------------------------------------------
benchmarks/INST_81x81/30/inst81x81_30_32.txt : 1012589 ms.
--------------------------------------------------
benchmarks/INST_81x81/30/inst81x81_30_33.txt : 1003820 ms.
--------------------------------------------------
benchmarks/INST_81x81/30/inst81x81_30_34.txt : 1011087 ms.
--------------------------------------------------
benchmarks/INST_81x81/30/inst81x81_30_35.txt : 1006590 ms.
--------------------------------------------------
benchmarks/INST_81x81/30/inst81x81_30_36.txt : 1026584 ms.
--------------------------------------------------
benchmarks/INST_81x81/30/inst81x81_30_37.txt : 1010410 ms.
--------------------------------------------------
benchmarks/INST_81x81/30/inst81x81_30_38.txt : 1004987 ms.
--------------------------------------------------
benchmarks/INST_81x81/30/inst81x81_30_39.txt : 1004928 ms.
--------------------------------------------------
benchmarks/INST_81x81/30/inst81x81_30_3.txt : 1011132 ms.
--------------------------------------------------
benchmarks/INST_81x81/30/inst81x81_30_40.txt : 1009519 ms.
--------------------------------------------------
benchmarks/INST_81x81/30/inst81x81_30_41.txt : 1009402 ms.
--------------------------------------------------
benchmarks/INST_81x81/30/inst81x81_30_42.txt : 1010664 ms.
--------------------------------------------------
benchmarks/INST_81x81/30/inst81x81_30_43.txt : 1009766 ms.
--------------------------------------------------
benchmarks/INST_81x81/30/inst81x81_30_44.txt : 1007472 ms.
--------------------------------------------------
benchmarks/INST_81x81/30/inst81x81_30_45.txt : 1013221 ms.
--------------------------------------------------
benchmarks/INST_81x81/30/inst81x81_30_46.txt : 1016698 ms.
--------------------------------------------------
benchmarks/INST_81x81/30/inst81x81_30_47.txt : 1009736 ms.
--------------------------------------------------
benchmarks/INST_81x81/30/inst81x81_30_48.txt : 1006452 ms.
--------------------------------------------------
benchmarks/INST_81x81/30/inst81x81_30_49.txt : 1005559 ms.
--------------------------------------------------
benchmarks/INST_81x81/30/inst81x81_30_4.txt : 1019166 ms.
--------------------------------------------------
benchmarks/INST_81x81/30/inst81x81_30_50.txt : 1004552 ms.
--------------------------------------------------
benchmarks/INST_81x81/30/inst81x81_30_51.txt : 1014969 ms.
--------------------------------------------------
benchmarks/INST_81x81/30/inst81x81_30_52.txt : 1005268 ms.
--------------------------------------------------
benchmarks/INST_81x81/30/inst81x81_30_53.txt : 1019696 ms.
--------------------------------------------------
benchmarks/INST_81x81/30/inst81x81_30_54.txt : 1027886 ms.
--------------------------------------------------
benchmarks/INST_81x81/30/inst81x81_30_55.txt : 1006667 ms.
--------------------------------------------------
benchmarks/INST_81x81/30/inst81x81_30_56.txt : 1006835 ms.
--------------------------------------------------
benchmarks/INST_81x81/30/inst81x81_30_57.txt : 1015051 ms.
--------------------------------------------------
benchmarks/INST_81x81/30/inst81x81_30_58.txt : 1015083 ms.
--------------------------------------------------
benchmarks/INST_81x81/30/inst81x81_30_59.txt : 1008430 ms.
--------------------------------------------------
benchmarks/INST_81x81/30/inst81x81_30_5.txt : 1006778 ms.
--------------------------------------------------
benchmarks/INST_81x81/30/inst81x81_30_60.txt : 1003788 ms.
--------------------------------------------------
benchmarks/INST_81x81/30/inst81x81_30_61.txt : 1012263 ms.
--------------------------------------------------
benchmarks/INST_81x81/30/inst81x81_30_62.txt : 1006918 ms.
--------------------------------------------------
benchmarks/INST_81x81/30/inst81x81_30_63.txt : 1004423 ms.
--------------------------------------------------
benchmarks/INST_81x81/30/inst81x81_30_64.txt : 1007199 ms.
--------------------------------------------------
benchmarks/INST_81x81/30/inst81x81_30_65.txt : 1024207 ms.
--------------------------------------------------
benchmarks/INST_81x81/30/inst81x81_30_66.txt : 1009779 ms.
--------------------------------------------------
benchmarks/INST_81x81/30/inst81x81_30_67.txt : 1012180 ms.
--------------------------------------------------
benchmarks/INST_81x81/30/inst81x81_30_68.txt : 1008568 ms.
--------------------------------------------------
benchmarks/INST_81x81/30/inst81x81_30_69.txt : 1005393 ms.
--------------------------------------------------
benchmarks/INST_81x81/30/inst81x81_30_6.txt : 1005870 ms.
--------------------------------------------------
benchmarks/INST_81x81/30/inst81x81_30_70.txt : 1004769 ms.
--------------------------------------------------
benchmarks/INST_81x81/30/inst81x81_30_71.txt : 1004927 ms.
--------------------------------------------------
benchmarks/INST_81x81/30/inst81x81_30_72.txt : 1016838 ms.
--------------------------------------------------
benchmarks/INST_81x81/30/inst81x81_30_73.txt : 1010556 ms.
--------------------------------------------------
benchmarks/INST_81x81/30/inst81x81_30_74.txt : 1005421 ms.
--------------------------------------------------
benchmarks/INST_81x81/30/inst81x81_30_75.txt : 1007553 ms.
--------------------------------------------------
benchmarks/INST_81x81/30/inst81x81_30_76.txt : 1005954 ms.
--------------------------------------------------
benchmarks/INST_81x81/30/inst81x81_30_77.txt : 1008164 ms.
--------------------------------------------------
benchmarks/INST_81x81/30/inst81x81_30_78.txt : 1010093 ms.
--------------------------------------------------
benchmarks/INST_81x81/30/inst81x81_30_79.txt : 1017905 ms.
--------------------------------------------------
benchmarks/INST_81x81/30/inst81x81_30_7.txt : 1008970 ms.
--------------------------------------------------
benchmarks/INST_81x81/30/inst81x81_30_80.txt : 1015590 ms.
--------------------------------------------------
benchmarks/INST_81x81/30/inst81x81_30_81.txt : 1016777 ms.
--------------------------------------------------
benchmarks/INST_81x81/30/inst81x81_30_82.txt : 1003689 ms.
--------------------------------------------------
benchmarks/INST_81x81/30/inst81x81_30_83.txt : 1006412 ms.
--------------------------------------------------
benchmarks/INST_81x81/30/inst81x81_30_84.txt : 1015983 ms.
--------------------------------------------------
benchmarks/INST_81x81/30/inst81x81_30_85.txt : 1009691 ms.
--------------------------------------------------
benchmarks/INST_81x81/30/inst81x81_30_86.txt : 1017532 ms.
--------------------------------------------------
benchmarks/INST_81x81/30/inst81x81_30_87.txt : 1013510 ms.
--------------------------------------------------
benchmarks/INST_81x81/30/inst81x81_30_88.txt : 1007581 ms.
--------------------------------------------------
benchmarks/INST_81x81/30/inst81x81_30_89.txt : 1017111 ms.
--------------------------------------------------
benchmarks/INST_81x81/30/inst81x81_30_8.txt : 1016083 ms.
--------------------------------------------------
benchmarks/INST_81x81/30/inst81x81_30_90.txt : 1011302 ms.
--------------------------------------------------
benchmarks/INST_81x81/30/inst81x81_30_91.txt : 1006434 ms.
--------------------------------------------------
benchmarks/INST_81x81/30/inst81x81_30_92.txt : 1012753 ms.
--------------------------------------------------
benchmarks/INST_81x81/30/inst81x81_30_93.txt : 1015554 ms.
--------------------------------------------------
benchmarks/INST_81x81/30/inst81x81_30_94.txt : 1003522 ms.
--------------------------------------------------
benchmarks/INST_81x81/30/inst81x81_30_95.txt : 1003781 ms.
--------------------------------------------------
benchmarks/INST_81x81/30/inst81x81_30_96.txt : 1008928 ms.
--------------------------------------------------
benchmarks/INST_81x81/30/inst81x81_30_97.txt : 1014206 ms.
--------------------------------------------------
benchmarks/INST_81x81/30/inst81x81_30_98.txt : 1005889 ms.
--------------------------------------------------
benchmarks/INST_81x81/30/inst81x81_30_99.txt : 1007820 ms.
--------------------------------------------------
benchmarks/INST_81x81/30/inst81x81_30_9.txt : 1012568 ms.
run.sh: line 77: 3: command not found
run.sh: line 78: syntax error near unexpected token `fi'
run.sh: line 78: `    fi'
