--------------------------------------------------
SAT
----------
36and49/INST_49x49/20/inst49x49_20_0.dzn : 301769 ms.
--------------------------------------------------
SAT
----------
36and49/INST_49x49/20/inst49x49_20_10.dzn : 2117 ms.
--------------------------------------------------
SAT
----------
36and49/INST_49x49/20/inst49x49_20_11.dzn : 7911 ms.
--------------------------------------------------
SAT
----------
36and49/INST_49x49/20/inst49x49_20_12.dzn : 468698 ms.
--------------------------------------------------
SAT
----------
36and49/INST_49x49/20/inst49x49_20_13.dzn : 171072 ms.
--------------------------------------------------
SAT
----------
36and49/INST_49x49/20/inst49x49_20_14.dzn : 14436 ms.
--------------------------------------------------
=====UNKNOWN=====
36and49/INST_49x49/20/inst49x49_20_15.dzn : 1000785 ms.
--------------------------------------------------
SAT
----------
36and49/INST_49x49/20/inst49x49_20_16.dzn : 4148 ms.
--------------------------------------------------
SAT
----------
36and49/INST_49x49/20/inst49x49_20_17.dzn : 267948 ms.
--------------------------------------------------
SAT
----------
36and49/INST_49x49/20/inst49x49_20_18.dzn : 22040 ms.
--------------------------------------------------
=====UNKNOWN=====
36and49/INST_49x49/20/inst49x49_20_19.dzn : 1000808 ms.
--------------------------------------------------
SAT
----------
36and49/INST_49x49/20/inst49x49_20_1.dzn : 499789 ms.
--------------------------------------------------
=====UNKNOWN=====
36and49/INST_49x49/20/inst49x49_20_20.dzn : 1000892 ms.
--------------------------------------------------
=====UNKNOWN=====
36and49/INST_49x49/20/inst49x49_20_21.dzn : 1000795 ms.
--------------------------------------------------
SAT
----------
36and49/INST_49x49/20/inst49x49_20_22.dzn : 25903 ms.
--------------------------------------------------
SAT
----------
36and49/INST_49x49/20/inst49x49_20_23.dzn : 514930 ms.
--------------------------------------------------
SAT
----------
36and49/INST_49x49/20/inst49x49_20_24.dzn : 157291 ms.
--------------------------------------------------
SAT
----------
36and49/INST_49x49/20/inst49x49_20_25.dzn : 2477 ms.
--------------------------------------------------
SAT
----------
36and49/INST_49x49/20/inst49x49_20_26.dzn : 179160 ms.
--------------------------------------------------
SAT
----------
36and49/INST_49x49/20/inst49x49_20_27.dzn : 13463 ms.
--------------------------------------------------
=====UNKNOWN=====
36and49/INST_49x49/20/inst49x49_20_28.dzn : 1000791 ms.
--------------------------------------------------
SAT
----------
36and49/INST_49x49/20/inst49x49_20_29.dzn : 19930 ms.
--------------------------------------------------
SAT
----------
36and49/INST_49x49/20/inst49x49_20_2.dzn : 11382 ms.
--------------------------------------------------
SAT
----------
36and49/INST_49x49/20/inst49x49_20_30.dzn : 230375 ms.
--------------------------------------------------
=====UNKNOWN=====
36and49/INST_49x49/20/inst49x49_20_31.dzn : 1000820 ms.
--------------------------------------------------
SAT
----------
36and49/INST_49x49/20/inst49x49_20_32.dzn : 21201 ms.
--------------------------------------------------
SAT
----------
36and49/INST_49x49/20/inst49x49_20_33.dzn : 221099 ms.
--------------------------------------------------
SAT
----------
36and49/INST_49x49/20/inst49x49_20_34.dzn : 15314 ms.
--------------------------------------------------
=====UNKNOWN=====
36and49/INST_49x49/20/inst49x49_20_35.dzn : 1000804 ms.
--------------------------------------------------
=====UNKNOWN=====
36and49/INST_49x49/20/inst49x49_20_36.dzn : 1000830 ms.
--------------------------------------------------
SAT
----------
36and49/INST_49x49/20/inst49x49_20_37.dzn : 3964 ms.
--------------------------------------------------
=====UNKNOWN=====
36and49/INST_49x49/20/inst49x49_20_38.dzn : 1000815 ms.
--------------------------------------------------
=====UNKNOWN=====
36and49/INST_49x49/20/inst49x49_20_39.dzn : 1000889 ms.
--------------------------------------------------
SAT
----------
36and49/INST_49x49/20/inst49x49_20_3.dzn : 912290 ms.
--------------------------------------------------
SAT
----------
36and49/INST_49x49/20/inst49x49_20_40.dzn : 446486 ms.
--------------------------------------------------
SAT
----------
36and49/INST_49x49/20/inst49x49_20_41.dzn : 2058 ms.
--------------------------------------------------
SAT
----------
36and49/INST_49x49/20/inst49x49_20_42.dzn : 154495 ms.
--------------------------------------------------
SAT
----------
36and49/INST_49x49/20/inst49x49_20_43.dzn : 68058 ms.
--------------------------------------------------
=====UNKNOWN=====
36and49/INST_49x49/20/inst49x49_20_44.dzn : 1000838 ms.
--------------------------------------------------
SAT
----------
36and49/INST_49x49/20/inst49x49_20_45.dzn : 46993 ms.
--------------------------------------------------
SAT
----------
36and49/INST_49x49/20/inst49x49_20_46.dzn : 59929 ms.
--------------------------------------------------
SAT
----------
36and49/INST_49x49/20/inst49x49_20_47.dzn : 2235 ms.
--------------------------------------------------
SAT
----------
36and49/INST_49x49/20/inst49x49_20_48.dzn : 440084 ms.
--------------------------------------------------
SAT
----------
36and49/INST_49x49/20/inst49x49_20_49.dzn : 76042 ms.
--------------------------------------------------
SAT
----------
36and49/INST_49x49/20/inst49x49_20_4.dzn : 3196 ms.
--------------------------------------------------
=====UNKNOWN=====
36and49/INST_49x49/20/inst49x49_20_50.dzn : 1000770 ms.
--------------------------------------------------
=====UNKNOWN=====
36and49/INST_49x49/20/inst49x49_20_51.dzn : 1000810 ms.
--------------------------------------------------
SAT
----------
36and49/INST_49x49/20/inst49x49_20_52.dzn : 478478 ms.
--------------------------------------------------
SAT
----------
36and49/INST_49x49/20/inst49x49_20_53.dzn : 285964 ms.
--------------------------------------------------
SAT
----------
36and49/INST_49x49/20/inst49x49_20_54.dzn : 361778 ms.
--------------------------------------------------
=====UNKNOWN=====
36and49/INST_49x49/20/inst49x49_20_55.dzn : 1000803 ms.
--------------------------------------------------
=====UNKNOWN=====
36and49/INST_49x49/20/inst49x49_20_56.dzn : 1000797 ms.
--------------------------------------------------
SAT
----------
36and49/INST_49x49/20/inst49x49_20_57.dzn : 396753 ms.
--------------------------------------------------
SAT
----------
36and49/INST_49x49/20/inst49x49_20_58.dzn : 10370 ms.
--------------------------------------------------
SAT
----------
36and49/INST_49x49/20/inst49x49_20_59.dzn : 95884 ms.
--------------------------------------------------
SAT
----------
36and49/INST_49x49/20/inst49x49_20_5.dzn : 291799 ms.
--------------------------------------------------
=====UNKNOWN=====
36and49/INST_49x49/20/inst49x49_20_60.dzn : 1000832 ms.
--------------------------------------------------
=====UNKNOWN=====
36and49/INST_49x49/20/inst49x49_20_61.dzn : 1000840 ms.
--------------------------------------------------
SAT
----------
36and49/INST_49x49/20/inst49x49_20_62.dzn : 43669 ms.
--------------------------------------------------
SAT
----------
36and49/INST_49x49/20/inst49x49_20_63.dzn : 571255 ms.
--------------------------------------------------
=====UNKNOWN=====
36and49/INST_49x49/20/inst49x49_20_64.dzn : 1000825 ms.
--------------------------------------------------
=====UNKNOWN=====
36and49/INST_49x49/20/inst49x49_20_65.dzn : 1000817 ms.
--------------------------------------------------
=====UNKNOWN=====
36and49/INST_49x49/20/inst49x49_20_66.dzn : 1000793 ms.
--------------------------------------------------
SAT
----------
36and49/INST_49x49/20/inst49x49_20_67.dzn : 24482 ms.
--------------------------------------------------
SAT
----------
36and49/INST_49x49/20/inst49x49_20_68.dzn : 8568 ms.
--------------------------------------------------
SAT
----------
36and49/INST_49x49/20/inst49x49_20_69.dzn : 313279 ms.
--------------------------------------------------
SAT
----------
36and49/INST_49x49/20/inst49x49_20_6.dzn : 102518 ms.
--------------------------------------------------
SAT
----------
36and49/INST_49x49/20/inst49x49_20_70.dzn : 9985 ms.
--------------------------------------------------
SAT
----------
36and49/INST_49x49/20/inst49x49_20_71.dzn : 247157 ms.
--------------------------------------------------
SAT
----------
36and49/INST_49x49/20/inst49x49_20_72.dzn : 136508 ms.
--------------------------------------------------
SAT
----------
36and49/INST_49x49/20/inst49x49_20_73.dzn : 242846 ms.
--------------------------------------------------
SAT
----------
36and49/INST_49x49/20/inst49x49_20_74.dzn : 64141 ms.
--------------------------------------------------
SAT
----------
36and49/INST_49x49/20/inst49x49_20_75.dzn : 4507 ms.
--------------------------------------------------
=====UNKNOWN=====
36and49/INST_49x49/20/inst49x49_20_76.dzn : 1000796 ms.
--------------------------------------------------
=====UNKNOWN=====
36and49/INST_49x49/20/inst49x49_20_77.dzn : 1000860 ms.
--------------------------------------------------
SAT
----------
36and49/INST_49x49/20/inst49x49_20_78.dzn : 200448 ms.
--------------------------------------------------
SAT
----------
36and49/INST_49x49/20/inst49x49_20_79.dzn : 68489 ms.
--------------------------------------------------
SAT
----------
36and49/INST_49x49/20/inst49x49_20_7.dzn : 2712 ms.
--------------------------------------------------
SAT
----------
36and49/INST_49x49/20/inst49x49_20_80.dzn : 3421 ms.
--------------------------------------------------
SAT
----------
36and49/INST_49x49/20/inst49x49_20_81.dzn : 287925 ms.
--------------------------------------------------
SAT
----------
36and49/INST_49x49/20/inst49x49_20_82.dzn : 4016 ms.
--------------------------------------------------
=====UNKNOWN=====
36and49/INST_49x49/20/inst49x49_20_83.dzn : 1000773 ms.
--------------------------------------------------
SAT
----------
36and49/INST_49x49/20/inst49x49_20_84.dzn : 24014 ms.
--------------------------------------------------
=====UNKNOWN=====
36and49/INST_49x49/20/inst49x49_20_85.dzn : 1000836 ms.
--------------------------------------------------
SAT
----------
36and49/INST_49x49/20/inst49x49_20_86.dzn : 9293 ms.
--------------------------------------------------
=====UNKNOWN=====
36and49/INST_49x49/20/inst49x49_20_87.dzn : 1000863 ms.
--------------------------------------------------
=====UNKNOWN=====
36and49/INST_49x49/20/inst49x49_20_88.dzn : 1000802 ms.
--------------------------------------------------
SAT
----------
36and49/INST_49x49/20/inst49x49_20_89.dzn : 73207 ms.
--------------------------------------------------
=====UNKNOWN=====
36and49/INST_49x49/20/inst49x49_20_8.dzn : 1000816 ms.
--------------------------------------------------
SAT
----------
36and49/INST_49x49/20/inst49x49_20_90.dzn : 17671 ms.
--------------------------------------------------
SAT
----------
36and49/INST_49x49/20/inst49x49_20_91.dzn : 902886 ms.
--------------------------------------------------
=====UNKNOWN=====
36and49/INST_49x49/20/inst49x49_20_92.dzn : 1000849 ms.
--------------------------------------------------
SAT
----------
36and49/INST_49x49/20/inst49x49_20_93.dzn : 123609 ms.
--------------------------------------------------
=====UNKNOWN=====
36and49/INST_49x49/20/inst49x49_20_94.dzn : 1000855 ms.
--------------------------------------------------
SAT
----------
36and49/INST_49x49/20/inst49x49_20_95.dzn : 55887 ms.
--------------------------------------------------
=====UNKNOWN=====
36and49/INST_49x49/20/inst49x49_20_96.dzn : 1000900 ms.
--------------------------------------------------
SAT
----------
36and49/INST_49x49/20/inst49x49_20_97.dzn : 206185 ms.
--------------------------------------------------
=====UNKNOWN=====
36and49/INST_49x49/20/inst49x49_20_98.dzn : 1000804 ms.
--------------------------------------------------
SAT
----------
36and49/INST_49x49/20/inst49x49_20_99.dzn : 41369 ms.
--------------------------------------------------
=====UNKNOWN=====
36and49/INST_49x49/20/inst49x49_20_9.dzn : 1000800 ms.
