--------------------------------------------------
SAT
----------
proportion_CP/16/data_01.dzn : 2370 ms.
--------------------------------------------------
SAT
----------
proportion_CP/16/data_02.dzn : 1342 ms.
--------------------------------------------------
SAT
----------
proportion_CP/16/data_03.dzn : 1305 ms.
--------------------------------------------------
SAT
----------
proportion_CP/16/data_04.dzn : 1600 ms.
--------------------------------------------------
SAT
----------
proportion_CP/16/data_05.dzn : 1639 ms.
--------------------------------------------------
SAT
----------
proportion_CP/16/data_06.dzn : 1847 ms.
--------------------------------------------------
SAT
----------
proportion_CP/16/data_07.dzn : 2058 ms.
--------------------------------------------------
SAT
----------
proportion_CP/16/data_08.dzn : 2052 ms.
--------------------------------------------------
SAT
----------
proportion_CP/16/data_09.dzn : 2175 ms.
--------------------------------------------------
SAT
----------
proportion_CP/16/data_10.dzn : 2153 ms.
--------------------------------------------------
SAT
----------
proportion_CP/16/data_11.dzn : 2251 ms.
--------------------------------------------------
SAT
----------
proportion_CP/16/data_12.dzn : 2291 ms.
--------------------------------------------------
=====UNKNOWN=====
proportion_CP/16/data_13.dzn : 1001041 ms.
--------------------------------------------------
=====UNKNOWN=====
proportion_CP/16/data_14.dzn : 1000959 ms.
--------------------------------------------------
=====UNKNOWN=====
proportion_CP/16/data_15.dzn : 1000796 ms.
--------------------------------------------------
=====UNKNOWN=====
proportion_CP/16/data_16.dzn : 1000899 ms.
--------------------------------------------------
=====UNKNOWN=====
proportion_CP/16/data_17.dzn : 1000993 ms.
--------------------------------------------------
=====UNKNOWN=====
proportion_CP/16/data_18.dzn : 1000919 ms.
--------------------------------------------------
=====UNKNOWN=====
proportion_CP/16/data_19.dzn : 1000888 ms.
--------------------------------------------------
SAT
----------
proportion_CP/16/data_20.dzn : 3113 ms.
run.sh: line 71: seed: command not found
run.sh: line 72: syntax error near unexpected token `fi'
run.sh: line 72: `    fi'
