--------------------------------------------------
SAT
----------
proportion_CP/28/data_01.dzn : 2383 ms.
--------------------------------------------------
SAT
----------
proportion_CP/28/data_02.dzn : 1385 ms.
--------------------------------------------------
SAT
----------
proportion_CP/28/data_03.dzn : 1714 ms.
--------------------------------------------------
SAT
----------
proportion_CP/28/data_04.dzn : 1644 ms.
--------------------------------------------------
SAT
----------
proportion_CP/28/data_05.dzn : 1835 ms.
--------------------------------------------------
SAT
----------
proportion_CP/28/data_06.dzn : 1907 ms.
--------------------------------------------------
SAT
----------
proportion_CP/28/data_07.dzn : 1939 ms.
--------------------------------------------------
SAT
----------
proportion_CP/28/data_08.dzn : 1952 ms.
--------------------------------------------------
SAT
----------
proportion_CP/28/data_09.dzn : 2194 ms.
--------------------------------------------------
SAT
----------
proportion_CP/28/data_10.dzn : 2084 ms.
--------------------------------------------------
SAT
----------
proportion_CP/28/data_11.dzn : 2366 ms.
--------------------------------------------------
SAT
----------
proportion_CP/28/data_12.dzn : 2253 ms.
--------------------------------------------------
SAT
----------
proportion_CP/28/data_13.dzn : 2238 ms.
--------------------------------------------------
=====UNKNOWN=====
proportion_CP/28/data_14.dzn : 1000929 ms.
--------------------------------------------------
=====UNKNOWN=====
proportion_CP/28/data_15.dzn : 1000916 ms.
--------------------------------------------------
=====UNKNOWN=====
proportion_CP/28/data_16.dzn : 1000935 ms.
--------------------------------------------------
=====UNKNOWN=====
proportion_CP/28/data_17.dzn : 1000959 ms.
--------------------------------------------------
=====UNKNOWN=====
proportion_CP/28/data_18.dzn : 1000979 ms.
--------------------------------------------------
=====UNKNOWN=====
proportion_CP/28/data_19.dzn : 1001044 ms.
--------------------------------------------------
SAT
----------
proportion_CP/28/data_20.dzn : 3246 ms.
run.sh: line 71: seed: command not found
run.sh: line 72: syntax error near unexpected token `fi'
run.sh: line 72: `    fi'
