--------------------------------------------------
=====UNKNOWN=====
%% Unexpected resolution interruption!
benchmarks/N-Queens/inst1000.txt : 1000942 ms.
--------------------------------------------------
Exception in thread "main" java.lang.UnsupportedOperationException: interval 2147483645..2147483647 outside buffer: 2147483645..-2147483648
	at org.antlr.v4.runtime.UnbufferedCharStream.getText(UnbufferedCharStream.java:336)
	at org.antlr.v4.runtime.CommonTokenFactory.create(CommonTokenFactory.java:77)
	at org.antlr.v4.runtime.CommonTokenFactory.create(CommonTokenFactory.java:16)
	at org.antlr.v4.runtime.Lexer.emit(Lexer.java:245)
	at org.antlr.v4.runtime.Lexer.nextToken(Lexer.java:156)
	at org.antlr.v4.runtime.UnbufferedTokenStream.fill(UnbufferedTokenStream.java:179)
	at org.antlr.v4.runtime.UnbufferedTokenStream.sync(UnbufferedTokenStream.java:164)
	at org.antlr.v4.runtime.UnbufferedTokenStream.consume(UnbufferedTokenStream.java:154)
	at org.antlr.v4.runtime.Parser.consume(Parser.java:571)
	at org.antlr.v4.runtime.Parser.match(Parser.java:203)
	at org.chocosolver.parser.flatzinc.Flatzinc4Parser.var_type_u(Flatzinc4Parser.java:642)
	at org.chocosolver.parser.flatzinc.Flatzinc4Parser.var_type(Flatzinc4Parser.java:524)
	at org.chocosolver.parser.flatzinc.Flatzinc4Parser.var_decl(Flatzinc4Parser.java:1216)
	at org.chocosolver.parser.flatzinc.Flatzinc4Parser.flatzinc_model(Flatzinc4Parser.java:218)
	at org.chocosolver.parser.flatzinc.Flatzinc.parse(Flatzinc.java:194)
	at org.chocosolver.parser.flatzinc.Flatzinc.buildModel(Flatzinc.java:147)
	at org.chocosolver.parser.flatzinc.ChocoFZN.main(ChocoFZN.java:27)
=====UNKNOWN=====
%% Unexpected resolution interruption!
benchmarks/N-Queens/inst1200.txt : 498795 ms.
--------------------------------------------------
Exception in thread "main" java.lang.IllegalArgumentException: invalid interval
	at org.antlr.v4.runtime.UnbufferedCharStream.getText(UnbufferedCharStream.java:325)
	at org.antlr.v4.runtime.CommonTokenFactory.create(CommonTokenFactory.java:77)
	at org.antlr.v4.runtime.CommonTokenFactory.create(CommonTokenFactory.java:16)
	at org.antlr.v4.runtime.Lexer.emit(Lexer.java:245)
	at org.antlr.v4.runtime.Lexer.nextToken(Lexer.java:156)
	at org.antlr.v4.runtime.UnbufferedTokenStream.fill(UnbufferedTokenStream.java:179)
	at org.antlr.v4.runtime.UnbufferedTokenStream.sync(UnbufferedTokenStream.java:164)
	at org.antlr.v4.runtime.UnbufferedTokenStream.consume(UnbufferedTokenStream.java:154)
	at org.antlr.v4.runtime.Parser.consume(Parser.java:571)
	at org.antlr.v4.runtime.Parser.match(Parser.java:203)
	at org.chocosolver.parser.flatzinc.Flatzinc4Parser.var_type_u(Flatzinc4Parser.java:642)
	at org.chocosolver.parser.flatzinc.Flatzinc4Parser.var_type(Flatzinc4Parser.java:524)
	at org.chocosolver.parser.flatzinc.Flatzinc4Parser.var_decl(Flatzinc4Parser.java:1216)
	at org.chocosolver.parser.flatzinc.Flatzinc4Parser.flatzinc_model(Flatzinc4Parser.java:218)
	at org.chocosolver.parser.flatzinc.Flatzinc.parse(Flatzinc.java:194)
	at org.chocosolver.parser.flatzinc.Flatzinc.buildModel(Flatzinc.java:147)
	at org.chocosolver.parser.flatzinc.ChocoFZN.main(ChocoFZN.java:27)
=====UNKNOWN=====
%% Unexpected resolution interruption!
benchmarks/N-Queens/inst1400.txt : 580553 ms.
--------------------------------------------------
Exception in thread "main" java.lang.UnsupportedOperationException: interval 2147483645..2147483647 outside buffer: 2147483645..-2147483648
	at org.antlr.v4.runtime.UnbufferedCharStream.getText(UnbufferedCharStream.java:336)
	at org.antlr.v4.runtime.CommonTokenFactory.create(CommonTokenFactory.java:77)
	at org.antlr.v4.runtime.CommonTokenFactory.create(CommonTokenFactory.java:16)
	at org.antlr.v4.runtime.Lexer.emit(Lexer.java:245)
	at org.antlr.v4.runtime.Lexer.nextToken(Lexer.java:156)
	at org.antlr.v4.runtime.UnbufferedTokenStream.fill(UnbufferedTokenStream.java:179)
	at org.antlr.v4.runtime.UnbufferedTokenStream.sync(UnbufferedTokenStream.java:164)
	at org.antlr.v4.runtime.UnbufferedTokenStream.consume(UnbufferedTokenStream.java:154)
	at org.antlr.v4.runtime.Parser.consume(Parser.java:571)
	at org.antlr.v4.runtime.Parser.match(Parser.java:203)
	at org.chocosolver.parser.flatzinc.Flatzinc4Parser.var_type_u(Flatzinc4Parser.java:642)
	at org.chocosolver.parser.flatzinc.Flatzinc4Parser.var_type(Flatzinc4Parser.java:524)
	at org.chocosolver.parser.flatzinc.Flatzinc4Parser.var_decl(Flatzinc4Parser.java:1216)
	at org.chocosolver.parser.flatzinc.Flatzinc4Parser.flatzinc_model(Flatzinc4Parser.java:218)
	at org.chocosolver.parser.flatzinc.Flatzinc.parse(Flatzinc.java:194)
	at org.chocosolver.parser.flatzinc.Flatzinc.buildModel(Flatzinc.java:147)
	at org.chocosolver.parser.flatzinc.ChocoFZN.main(ChocoFZN.java:27)
=====UNKNOWN=====
%% Unexpected resolution interruption!
benchmarks/N-Queens/inst1600.txt : 634560 ms.
--------------------------------------------------
Exception in thread "main" java.lang.IllegalArgumentException: invalid interval
	at org.antlr.v4.runtime.UnbufferedCharStream.getText(UnbufferedCharStream.java:325)
	at org.antlr.v4.runtime.CommonTokenFactory.create(CommonTokenFactory.java:77)
	at org.antlr.v4.runtime.CommonTokenFactory.create(CommonTokenFactory.java:16)
	at org.antlr.v4.runtime.Lexer.emit(Lexer.java:245)
	at org.antlr.v4.runtime.Lexer.nextToken(Lexer.java:156)
	at org.antlr.v4.runtime.UnbufferedTokenStream.fill(UnbufferedTokenStream.java:179)
	at org.antlr.v4.runtime.UnbufferedTokenStream.sync(UnbufferedTokenStream.java:164)
	at org.antlr.v4.runtime.UnbufferedTokenStream.consume(UnbufferedTokenStream.java:154)
	at org.antlr.v4.runtime.Parser.consume(Parser.java:571)
	at org.antlr.v4.runtime.Parser.match(Parser.java:203)
	at org.chocosolver.parser.flatzinc.Flatzinc4Parser.var_type_u(Flatzinc4Parser.java:642)
	at org.chocosolver.parser.flatzinc.Flatzinc4Parser.var_type(Flatzinc4Parser.java:524)
	at org.chocosolver.parser.flatzinc.Flatzinc4Parser.var_decl(Flatzinc4Parser.java:1216)
	at org.chocosolver.parser.flatzinc.Flatzinc4Parser.flatzinc_model(Flatzinc4Parser.java:218)
	at org.chocosolver.parser.flatzinc.Flatzinc.parse(Flatzinc.java:194)
	at org.chocosolver.parser.flatzinc.Flatzinc.buildModel(Flatzinc.java:147)
	at org.chocosolver.parser.flatzinc.ChocoFZN.main(ChocoFZN.java:27)
=====UNKNOWN=====
%% Unexpected resolution interruption!
benchmarks/N-Queens/inst1800.txt : 774686 ms.
--------------------------------------------------
Exception in thread "main" java.lang.UnsupportedOperationException: interval 2147483646..2147483646 outside buffer: 2147483646..2147483647
	at org.antlr.v4.runtime.UnbufferedCharStream.getText(UnbufferedCharStream.java:336)
	at org.antlr.v4.runtime.CommonTokenFactory.create(CommonTokenFactory.java:77)
	at org.antlr.v4.runtime.CommonTokenFactory.create(CommonTokenFactory.java:16)
	at org.antlr.v4.runtime.Lexer.emit(Lexer.java:245)
	at org.antlr.v4.runtime.Lexer.nextToken(Lexer.java:156)
	at org.antlr.v4.runtime.UnbufferedTokenStream.fill(UnbufferedTokenStream.java:179)
	at org.antlr.v4.runtime.UnbufferedTokenStream.sync(UnbufferedTokenStream.java:164)
	at org.antlr.v4.runtime.UnbufferedTokenStream.consume(UnbufferedTokenStream.java:154)
	at org.antlr.v4.runtime.Parser.consume(Parser.java:571)
	at org.antlr.v4.runtime.Parser.match(Parser.java:203)
	at org.chocosolver.parser.flatzinc.Flatzinc4Parser.var_type_u(Flatzinc4Parser.java:644)
	at org.chocosolver.parser.flatzinc.Flatzinc4Parser.var_type(Flatzinc4Parser.java:524)
	at org.chocosolver.parser.flatzinc.Flatzinc4Parser.var_decl(Flatzinc4Parser.java:1216)
	at org.chocosolver.parser.flatzinc.Flatzinc4Parser.flatzinc_model(Flatzinc4Parser.java:218)
	at org.chocosolver.parser.flatzinc.Flatzinc.parse(Flatzinc.java:194)
	at org.chocosolver.parser.flatzinc.Flatzinc.buildModel(Flatzinc.java:147)
	at org.chocosolver.parser.flatzinc.ChocoFZN.main(ChocoFZN.java:27)
=====UNKNOWN=====
%% Unexpected resolution interruption!
benchmarks/N-Queens/inst2000.txt : 977120 ms.
--------------------------------------------------
SAT
----------
benchmarks/N-Queens/inst200.txt : 914468 ms.
--------------------------------------------------
=====UNKNOWN=====
%% Unexpected resolution interruption!
benchmarks/N-Queens/inst2200.txt : 1005744 ms.
--------------------------------------------------
benchmarks/N-Queens/inst2400.txt : 1001120 ms.
--------------------------------------------------
benchmarks/N-Queens/inst2600.txt : 1649054 ms.
--------------------------------------------------
benchmarks/N-Queens/inst2800.txt : 1001402 ms.
--------------------------------------------------
Error: error: Error occurred when creating temporary file
benchmarks/N-Queens/inst3000.txt : 641370 ms.
--------------------------------------------------
Error: error: Error occurred when creating temporary file
benchmarks/N-Queens/inst3200.txt : 534360 ms.
--------------------------------------------------
Error: error: Error occurred when creating temporary file
benchmarks/N-Queens/inst3400.txt : 612422 ms.
--------------------------------------------------
Error: error: Error occurred when creating temporary file
benchmarks/N-Queens/inst3600.txt : 892506 ms.
--------------------------------------------------
Error: error: Error occurred when creating temporary file
benchmarks/N-Queens/inst3800.txt : 728275 ms.
--------------------------------------------------
Error: error: Error occurred when creating temporary file
benchmarks/N-Queens/inst4000.txt : 826281 ms.
--------------------------------------------------
Error: error: Error occurred when creating temporary file
benchmarks/N-Queens/inst400.txt : 9671 ms.
--------------------------------------------------
Error: error: Error occurred when creating temporary file
benchmarks/N-Queens/inst4200.txt : 973801 ms.
--------------------------------------------------
Error: error: Error occurred when creating temporary file
benchmarks/N-Queens/inst4400.txt : 901393 ms.
--------------------------------------------------
Error: error: Error occurred when creating temporary file
benchmarks/N-Queens/inst4600.txt : 994922 ms.
--------------------------------------------------
Error: error: Error occurred when creating temporary file
benchmarks/N-Queens/inst4800.txt : 1003833 ms.
--------------------------------------------------
benchmarks/N-Queens/inst5000.txt : 1005616 ms.
--------------------------------------------------
benchmarks/N-Queens/inst5200.txt : 1003246 ms.
--------------------------------------------------
Error: error: Error occurred when creating temporary file
benchmarks/N-Queens/inst600.txt : 13990 ms.
--------------------------------------------------
Error: error: Error occurred when creating temporary file
benchmarks/N-Queens/inst800.txt : 24602 ms.
