--------------------------------------------------
======================================================================
current best clash: 0
----------------------------------------------------------------------
current col clash: 0
current row clash: 0
current squ clash: 0
benchmarks_simp/INST_16x16/60/inst16x16_60_0.txt find answer: 0.000000
benchmarks_simp/INST_16x16/60/inst16x16_60_0.txt : 31 ms.
--------------------------------------------------
======================================================================
current best clash: 0
----------------------------------------------------------------------
current col clash: 0
current row clash: 0
current squ clash: 0
benchmarks_simp/INST_16x16/60/inst16x16_60_10.txt find answer: 0.000000
benchmarks_simp/INST_16x16/60/inst16x16_60_10.txt : 27 ms.
--------------------------------------------------
======================================================================
current best clash: 0
----------------------------------------------------------------------
current col clash: 0
current row clash: 0
current squ clash: 0
benchmarks_simp/INST_16x16/60/inst16x16_60_11.txt find answer: 0.000000
benchmarks_simp/INST_16x16/60/inst16x16_60_11.txt : 36 ms.
--------------------------------------------------
======================================================================
current best clash: 0
----------------------------------------------------------------------
current col clash: 0
current row clash: 0
current squ clash: 0
benchmarks_simp/INST_16x16/60/inst16x16_60_12.txt find answer: 0.000000
benchmarks_simp/INST_16x16/60/inst16x16_60_12.txt : 25 ms.
--------------------------------------------------
======================================================================
current best clash: 0
----------------------------------------------------------------------
current col clash: 0
current row clash: 0
current squ clash: 0
benchmarks_simp/INST_16x16/60/inst16x16_60_13.txt find answer: 0.000000
benchmarks_simp/INST_16x16/60/inst16x16_60_13.txt : 26 ms.
--------------------------------------------------
======================================================================
current best clash: 0
----------------------------------------------------------------------
current col clash: 0
current row clash: 0
current squ clash: 0
benchmarks_simp/INST_16x16/60/inst16x16_60_14.txt find answer: 0.000000
benchmarks_simp/INST_16x16/60/inst16x16_60_14.txt : 33 ms.
--------------------------------------------------
======================================================================
current best clash: 0
----------------------------------------------------------------------
current col clash: 0
current row clash: 0
current squ clash: 0
benchmarks_simp/INST_16x16/60/inst16x16_60_15.txt find answer: 0.000000
benchmarks_simp/INST_16x16/60/inst16x16_60_15.txt : 29 ms.
--------------------------------------------------
======================================================================
current best clash: 0
----------------------------------------------------------------------
current col clash: 0
current row clash: 0
current squ clash: 0
benchmarks_simp/INST_16x16/60/inst16x16_60_16.txt find answer: 0.000000
benchmarks_simp/INST_16x16/60/inst16x16_60_16.txt : 29 ms.
--------------------------------------------------
======================================================================
current best clash: 0
----------------------------------------------------------------------
current col clash: 0
current row clash: 0
current squ clash: 0
benchmarks_simp/INST_16x16/60/inst16x16_60_17.txt find answer: 0.000000
benchmarks_simp/INST_16x16/60/inst16x16_60_17.txt : 642 ms.
--------------------------------------------------
======================================================================
current best clash: 0
----------------------------------------------------------------------
current col clash: 0
current row clash: 0
current squ clash: 0
benchmarks_simp/INST_16x16/60/inst16x16_60_18.txt find answer: 0.000000
benchmarks_simp/INST_16x16/60/inst16x16_60_18.txt : 48 ms.
--------------------------------------------------
======================================================================
current best clash: 0
----------------------------------------------------------------------
current col clash: 0
current row clash: 0
current squ clash: 0
benchmarks_simp/INST_16x16/60/inst16x16_60_19.txt find answer: 0.000000
benchmarks_simp/INST_16x16/60/inst16x16_60_19.txt : 31 ms.
--------------------------------------------------
======================================================================
current best clash: 0
----------------------------------------------------------------------
current col clash: 0
current row clash: 0
current squ clash: 0
benchmarks_simp/INST_16x16/60/inst16x16_60_1.txt find answer: 0.000000
benchmarks_simp/INST_16x16/60/inst16x16_60_1.txt : 29 ms.
--------------------------------------------------
======================================================================
current best clash: 0
----------------------------------------------------------------------
current col clash: 0
current row clash: 0
current squ clash: 0
benchmarks_simp/INST_16x16/60/inst16x16_60_20.txt find answer: 0.000000
benchmarks_simp/INST_16x16/60/inst16x16_60_20.txt : 29 ms.
--------------------------------------------------
======================================================================
current best clash: 0
----------------------------------------------------------------------
current col clash: 0
current row clash: 0
current squ clash: 0
benchmarks_simp/INST_16x16/60/inst16x16_60_21.txt find answer: 0.000000
benchmarks_simp/INST_16x16/60/inst16x16_60_21.txt : 23 ms.
--------------------------------------------------
======================================================================
current best clash: 0
----------------------------------------------------------------------
current col clash: 0
current row clash: 0
current squ clash: 0
benchmarks_simp/INST_16x16/60/inst16x16_60_22.txt find answer: 0.000000
benchmarks_simp/INST_16x16/60/inst16x16_60_22.txt : 30 ms.
--------------------------------------------------
======================================================================
current best clash: 0
----------------------------------------------------------------------
current col clash: 0
current row clash: 0
current squ clash: 0
benchmarks_simp/INST_16x16/60/inst16x16_60_23.txt find answer: 0.000000
benchmarks_simp/INST_16x16/60/inst16x16_60_23.txt : 31 ms.
--------------------------------------------------
======================================================================
current best clash: 0
----------------------------------------------------------------------
current col clash: 0
current row clash: 0
current squ clash: 0
benchmarks_simp/INST_16x16/60/inst16x16_60_24.txt find answer: 0.000000
benchmarks_simp/INST_16x16/60/inst16x16_60_24.txt : 35 ms.
--------------------------------------------------
======================================================================
current best clash: 0
----------------------------------------------------------------------
current col clash: 0
current row clash: 0
current squ clash: 0
benchmarks_simp/INST_16x16/60/inst16x16_60_25.txt find answer: 0.000000
benchmarks_simp/INST_16x16/60/inst16x16_60_25.txt : 22 ms.
--------------------------------------------------
======================================================================
current best clash: 0
----------------------------------------------------------------------
current col clash: 0
current row clash: 0
current squ clash: 0
benchmarks_simp/INST_16x16/60/inst16x16_60_26.txt find answer: 0.000000
benchmarks_simp/INST_16x16/60/inst16x16_60_26.txt : 29 ms.
--------------------------------------------------
======================================================================
current best clash: 0
----------------------------------------------------------------------
current col clash: 0
current row clash: 0
current squ clash: 0
benchmarks_simp/INST_16x16/60/inst16x16_60_27.txt find answer: 0.000000
benchmarks_simp/INST_16x16/60/inst16x16_60_27.txt : 31 ms.
--------------------------------------------------
======================================================================
current best clash: 0
----------------------------------------------------------------------
current col clash: 0
current row clash: 0
current squ clash: 0
benchmarks_simp/INST_16x16/60/inst16x16_60_28.txt find answer: 0.000000
benchmarks_simp/INST_16x16/60/inst16x16_60_28.txt : 32 ms.
--------------------------------------------------
======================================================================
current best clash: 0
----------------------------------------------------------------------
current col clash: 0
current row clash: 0
current squ clash: 0
benchmarks_simp/INST_16x16/60/inst16x16_60_29.txt find answer: 0.000000
benchmarks_simp/INST_16x16/60/inst16x16_60_29.txt : 30 ms.
--------------------------------------------------
======================================================================
current best clash: 0
----------------------------------------------------------------------
current col clash: 0
current row clash: 0
current squ clash: 0
benchmarks_simp/INST_16x16/60/inst16x16_60_2.txt find answer: 0.000000
benchmarks_simp/INST_16x16/60/inst16x16_60_2.txt : 24 ms.
--------------------------------------------------
======================================================================
current best clash: 0
----------------------------------------------------------------------
current col clash: 0
current row clash: 0
current squ clash: 0
benchmarks_simp/INST_16x16/60/inst16x16_60_30.txt find answer: 0.000000
benchmarks_simp/INST_16x16/60/inst16x16_60_30.txt : 30 ms.
--------------------------------------------------
======================================================================
current best clash: 0
----------------------------------------------------------------------
current col clash: 0
current row clash: 0
current squ clash: 0
benchmarks_simp/INST_16x16/60/inst16x16_60_31.txt find answer: 0.000000
benchmarks_simp/INST_16x16/60/inst16x16_60_31.txt : 28 ms.
--------------------------------------------------
======================================================================
current best clash: 0
----------------------------------------------------------------------
current col clash: 0
current row clash: 0
current squ clash: 0
benchmarks_simp/INST_16x16/60/inst16x16_60_32.txt find answer: 0.000000
benchmarks_simp/INST_16x16/60/inst16x16_60_32.txt : 28 ms.
--------------------------------------------------
======================================================================
current best clash: 0
----------------------------------------------------------------------
current col clash: 0
current row clash: 0
current squ clash: 0
benchmarks_simp/INST_16x16/60/inst16x16_60_33.txt find answer: 0.000000
benchmarks_simp/INST_16x16/60/inst16x16_60_33.txt : 30 ms.
--------------------------------------------------
======================================================================
current best clash: 0
----------------------------------------------------------------------
current col clash: 0
current row clash: 0
current squ clash: 0
benchmarks_simp/INST_16x16/60/inst16x16_60_34.txt find answer: 0.000000
benchmarks_simp/INST_16x16/60/inst16x16_60_34.txt : 34 ms.
--------------------------------------------------
======================================================================
current best clash: 0
----------------------------------------------------------------------
current col clash: 0
current row clash: 0
current squ clash: 0
benchmarks_simp/INST_16x16/60/inst16x16_60_35.txt find answer: 0.000000
benchmarks_simp/INST_16x16/60/inst16x16_60_35.txt : 31 ms.
--------------------------------------------------
======================================================================
current best clash: 0
----------------------------------------------------------------------
current col clash: 0
current row clash: 0
current squ clash: 0
benchmarks_simp/INST_16x16/60/inst16x16_60_36.txt find answer: 0.000000
benchmarks_simp/INST_16x16/60/inst16x16_60_36.txt : 36 ms.
--------------------------------------------------
======================================================================
current best clash: 0
----------------------------------------------------------------------
current col clash: 0
current row clash: 0
current squ clash: 0
benchmarks_simp/INST_16x16/60/inst16x16_60_37.txt find answer: 0.000000
benchmarks_simp/INST_16x16/60/inst16x16_60_37.txt : 28 ms.
--------------------------------------------------
======================================================================
current best clash: 0
----------------------------------------------------------------------
current col clash: 0
current row clash: 0
current squ clash: 0
benchmarks_simp/INST_16x16/60/inst16x16_60_38.txt find answer: 0.000000
benchmarks_simp/INST_16x16/60/inst16x16_60_38.txt : 28 ms.
--------------------------------------------------
======================================================================
current best clash: 0
----------------------------------------------------------------------
current col clash: 0
current row clash: 0
current squ clash: 0
benchmarks_simp/INST_16x16/60/inst16x16_60_39.txt find answer: 0.000000
benchmarks_simp/INST_16x16/60/inst16x16_60_39.txt : 29 ms.
--------------------------------------------------
======================================================================
current best clash: 0
----------------------------------------------------------------------
current col clash: 0
current row clash: 0
current squ clash: 0
benchmarks_simp/INST_16x16/60/inst16x16_60_3.txt find answer: 0.000000
benchmarks_simp/INST_16x16/60/inst16x16_60_3.txt : 34 ms.
--------------------------------------------------
======================================================================
current best clash: 0
----------------------------------------------------------------------
current col clash: 0
current row clash: 0
current squ clash: 0
benchmarks_simp/INST_16x16/60/inst16x16_60_40.txt find answer: 0.000000
benchmarks_simp/INST_16x16/60/inst16x16_60_40.txt : 28 ms.
--------------------------------------------------
======================================================================
current best clash: 0
----------------------------------------------------------------------
current col clash: 0
current row clash: 0
current squ clash: 0
benchmarks_simp/INST_16x16/60/inst16x16_60_41.txt find answer: 0.000000
benchmarks_simp/INST_16x16/60/inst16x16_60_41.txt : 27 ms.
--------------------------------------------------
======================================================================
current best clash: 0
----------------------------------------------------------------------
current col clash: 0
current row clash: 0
current squ clash: 0
benchmarks_simp/INST_16x16/60/inst16x16_60_42.txt find answer: 0.000000
benchmarks_simp/INST_16x16/60/inst16x16_60_42.txt : 30 ms.
--------------------------------------------------
======================================================================
current best clash: 0
----------------------------------------------------------------------
current col clash: 0
current row clash: 0
current squ clash: 0
benchmarks_simp/INST_16x16/60/inst16x16_60_43.txt find answer: 0.000000
benchmarks_simp/INST_16x16/60/inst16x16_60_43.txt : 24 ms.
--------------------------------------------------
======================================================================
current best clash: 0
----------------------------------------------------------------------
current col clash: 0
current row clash: 0
current squ clash: 0
benchmarks_simp/INST_16x16/60/inst16x16_60_44.txt find answer: 0.000000
benchmarks_simp/INST_16x16/60/inst16x16_60_44.txt : 33 ms.
--------------------------------------------------
======================================================================
current best clash: 0
----------------------------------------------------------------------
current col clash: 0
current row clash: 0
current squ clash: 0
benchmarks_simp/INST_16x16/60/inst16x16_60_45.txt find answer: 0.000000
benchmarks_simp/INST_16x16/60/inst16x16_60_45.txt : 27 ms.
--------------------------------------------------
======================================================================
current best clash: 0
----------------------------------------------------------------------
current col clash: 0
current row clash: 0
current squ clash: 0
benchmarks_simp/INST_16x16/60/inst16x16_60_46.txt find answer: 0.000000
benchmarks_simp/INST_16x16/60/inst16x16_60_46.txt : 35 ms.
--------------------------------------------------
======================================================================
current best clash: 0
----------------------------------------------------------------------
current col clash: 0
current row clash: 0
current squ clash: 0
benchmarks_simp/INST_16x16/60/inst16x16_60_47.txt find answer: 0.000000
benchmarks_simp/INST_16x16/60/inst16x16_60_47.txt : 30 ms.
--------------------------------------------------
======================================================================
current best clash: 0
----------------------------------------------------------------------
current col clash: 0
current row clash: 0
current squ clash: 0
benchmarks_simp/INST_16x16/60/inst16x16_60_48.txt find answer: 0.000000
benchmarks_simp/INST_16x16/60/inst16x16_60_48.txt : 39 ms.
--------------------------------------------------
======================================================================
current best clash: 0
----------------------------------------------------------------------
current col clash: 0
current row clash: 0
current squ clash: 0
benchmarks_simp/INST_16x16/60/inst16x16_60_49.txt find answer: 0.000000
benchmarks_simp/INST_16x16/60/inst16x16_60_49.txt : 31 ms.
--------------------------------------------------
======================================================================
current best clash: 0
----------------------------------------------------------------------
current col clash: 0
current row clash: 0
current squ clash: 0
benchmarks_simp/INST_16x16/60/inst16x16_60_4.txt find answer: 0.000000
benchmarks_simp/INST_16x16/60/inst16x16_60_4.txt : 36 ms.
--------------------------------------------------
======================================================================
current best clash: 0
----------------------------------------------------------------------
current col clash: 0
current row clash: 0
current squ clash: 0
benchmarks_simp/INST_16x16/60/inst16x16_60_50.txt find answer: 0.000000
benchmarks_simp/INST_16x16/60/inst16x16_60_50.txt : 37 ms.
--------------------------------------------------
======================================================================
current best clash: 0
----------------------------------------------------------------------
current col clash: 0
current row clash: 0
current squ clash: 0
benchmarks_simp/INST_16x16/60/inst16x16_60_51.txt find answer: 0.000000
benchmarks_simp/INST_16x16/60/inst16x16_60_51.txt : 38 ms.
--------------------------------------------------
======================================================================
current best clash: 0
----------------------------------------------------------------------
current col clash: 0
current row clash: 0
current squ clash: 0
benchmarks_simp/INST_16x16/60/inst16x16_60_52.txt find answer: 0.000000
benchmarks_simp/INST_16x16/60/inst16x16_60_52.txt : 27 ms.
--------------------------------------------------
======================================================================
current best clash: 0
----------------------------------------------------------------------
current col clash: 0
current row clash: 0
current squ clash: 0
benchmarks_simp/INST_16x16/60/inst16x16_60_53.txt find answer: 0.000000
benchmarks_simp/INST_16x16/60/inst16x16_60_53.txt : 32 ms.
--------------------------------------------------
======================================================================
current best clash: 0
----------------------------------------------------------------------
current col clash: 0
current row clash: 0
current squ clash: 0
benchmarks_simp/INST_16x16/60/inst16x16_60_54.txt find answer: 0.000000
benchmarks_simp/INST_16x16/60/inst16x16_60_54.txt : 60 ms.
--------------------------------------------------
======================================================================
current best clash: 0
----------------------------------------------------------------------
current col clash: 0
current row clash: 0
current squ clash: 0
benchmarks_simp/INST_16x16/60/inst16x16_60_55.txt find answer: 0.000000
benchmarks_simp/INST_16x16/60/inst16x16_60_55.txt : 34 ms.
--------------------------------------------------
======================================================================
current best clash: 0
----------------------------------------------------------------------
current col clash: 0
current row clash: 0
current squ clash: 0
benchmarks_simp/INST_16x16/60/inst16x16_60_56.txt find answer: 0.000000
benchmarks_simp/INST_16x16/60/inst16x16_60_56.txt : 43 ms.
--------------------------------------------------
======================================================================
current best clash: 0
----------------------------------------------------------------------
current col clash: 0
current row clash: 0
current squ clash: 0
benchmarks_simp/INST_16x16/60/inst16x16_60_57.txt find answer: 0.000000
benchmarks_simp/INST_16x16/60/inst16x16_60_57.txt : 36 ms.
--------------------------------------------------
======================================================================
current best clash: 0
----------------------------------------------------------------------
current col clash: 0
current row clash: 0
current squ clash: 0
benchmarks_simp/INST_16x16/60/inst16x16_60_58.txt find answer: 0.000000
benchmarks_simp/INST_16x16/60/inst16x16_60_58.txt : 34 ms.
--------------------------------------------------
======================================================================
current best clash: 0
----------------------------------------------------------------------
current col clash: 0
current row clash: 0
current squ clash: 0
benchmarks_simp/INST_16x16/60/inst16x16_60_59.txt find answer: 0.000000
benchmarks_simp/INST_16x16/60/inst16x16_60_59.txt : 28 ms.
--------------------------------------------------
======================================================================
current best clash: 0
----------------------------------------------------------------------
current col clash: 0
current row clash: 0
current squ clash: 0
benchmarks_simp/INST_16x16/60/inst16x16_60_5.txt find answer: 0.000000
benchmarks_simp/INST_16x16/60/inst16x16_60_5.txt : 26 ms.
--------------------------------------------------
======================================================================
current best clash: 0
----------------------------------------------------------------------
current col clash: 0
current row clash: 0
current squ clash: 0
benchmarks_simp/INST_16x16/60/inst16x16_60_60.txt find answer: 0.000000
benchmarks_simp/INST_16x16/60/inst16x16_60_60.txt : 27 ms.
--------------------------------------------------
======================================================================
current best clash: 0
----------------------------------------------------------------------
current col clash: 0
current row clash: 0
current squ clash: 0
benchmarks_simp/INST_16x16/60/inst16x16_60_61.txt find answer: 0.000000
benchmarks_simp/INST_16x16/60/inst16x16_60_61.txt : 32 ms.
--------------------------------------------------
======================================================================
current best clash: 0
----------------------------------------------------------------------
current col clash: 0
current row clash: 0
current squ clash: 0
benchmarks_simp/INST_16x16/60/inst16x16_60_62.txt find answer: 0.000000
benchmarks_simp/INST_16x16/60/inst16x16_60_62.txt : 29 ms.
--------------------------------------------------
======================================================================
current best clash: 0
----------------------------------------------------------------------
current col clash: 0
current row clash: 0
current squ clash: 0
benchmarks_simp/INST_16x16/60/inst16x16_60_63.txt find answer: 0.000000
benchmarks_simp/INST_16x16/60/inst16x16_60_63.txt : 29 ms.
--------------------------------------------------
======================================================================
current best clash: 0
----------------------------------------------------------------------
current col clash: 0
current row clash: 0
current squ clash: 0
benchmarks_simp/INST_16x16/60/inst16x16_60_64.txt find answer: 0.000000
benchmarks_simp/INST_16x16/60/inst16x16_60_64.txt : 30 ms.
--------------------------------------------------
======================================================================
current best clash: 0
----------------------------------------------------------------------
current col clash: 0
current row clash: 0
current squ clash: 0
benchmarks_simp/INST_16x16/60/inst16x16_60_65.txt find answer: 0.000000
benchmarks_simp/INST_16x16/60/inst16x16_60_65.txt : 26 ms.
--------------------------------------------------
======================================================================
current best clash: 0
----------------------------------------------------------------------
current col clash: 0
current row clash: 0
current squ clash: 0
benchmarks_simp/INST_16x16/60/inst16x16_60_66.txt find answer: 0.000000
benchmarks_simp/INST_16x16/60/inst16x16_60_66.txt : 32 ms.
--------------------------------------------------
======================================================================
current best clash: 0
----------------------------------------------------------------------
current col clash: 0
current row clash: 0
current squ clash: 0
benchmarks_simp/INST_16x16/60/inst16x16_60_67.txt find answer: 0.000000
benchmarks_simp/INST_16x16/60/inst16x16_60_67.txt : 24 ms.
--------------------------------------------------
======================================================================
current best clash: 0
----------------------------------------------------------------------
current col clash: 0
current row clash: 0
current squ clash: 0
benchmarks_simp/INST_16x16/60/inst16x16_60_68.txt find answer: 0.000000
benchmarks_simp/INST_16x16/60/inst16x16_60_68.txt : 28 ms.
--------------------------------------------------
======================================================================
current best clash: 0
----------------------------------------------------------------------
current col clash: 0
current row clash: 0
current squ clash: 0
benchmarks_simp/INST_16x16/60/inst16x16_60_69.txt find answer: 0.000000
benchmarks_simp/INST_16x16/60/inst16x16_60_69.txt : 29 ms.
--------------------------------------------------
======================================================================
current best clash: 0
----------------------------------------------------------------------
current col clash: 0
current row clash: 0
current squ clash: 0
benchmarks_simp/INST_16x16/60/inst16x16_60_6.txt find answer: 0.000000
benchmarks_simp/INST_16x16/60/inst16x16_60_6.txt : 33 ms.
--------------------------------------------------
======================================================================
current best clash: 0
----------------------------------------------------------------------
current col clash: 0
current row clash: 0
current squ clash: 0
benchmarks_simp/INST_16x16/60/inst16x16_60_70.txt find answer: 0.000000
benchmarks_simp/INST_16x16/60/inst16x16_60_70.txt : 30 ms.
--------------------------------------------------
======================================================================
current best clash: 0
----------------------------------------------------------------------
current col clash: 0
current row clash: 0
current squ clash: 0
benchmarks_simp/INST_16x16/60/inst16x16_60_71.txt find answer: 0.000000
benchmarks_simp/INST_16x16/60/inst16x16_60_71.txt : 23 ms.
--------------------------------------------------
======================================================================
current best clash: 0
----------------------------------------------------------------------
current col clash: 0
current row clash: 0
current squ clash: 0
benchmarks_simp/INST_16x16/60/inst16x16_60_72.txt find answer: 0.000000
benchmarks_simp/INST_16x16/60/inst16x16_60_72.txt : 30 ms.
--------------------------------------------------
======================================================================
current best clash: 0
----------------------------------------------------------------------
current col clash: 0
current row clash: 0
current squ clash: 0
benchmarks_simp/INST_16x16/60/inst16x16_60_73.txt find answer: 0.000000
benchmarks_simp/INST_16x16/60/inst16x16_60_73.txt : 28 ms.
--------------------------------------------------
======================================================================
current best clash: 0
----------------------------------------------------------------------
current col clash: 0
current row clash: 0
current squ clash: 0
benchmarks_simp/INST_16x16/60/inst16x16_60_74.txt find answer: 0.000000
benchmarks_simp/INST_16x16/60/inst16x16_60_74.txt : 33 ms.
--------------------------------------------------
======================================================================
current best clash: 0
----------------------------------------------------------------------
current col clash: 0
current row clash: 0
current squ clash: 0
benchmarks_simp/INST_16x16/60/inst16x16_60_75.txt find answer: 0.000000
benchmarks_simp/INST_16x16/60/inst16x16_60_75.txt : 39 ms.
--------------------------------------------------
======================================================================
current best clash: 0
----------------------------------------------------------------------
current col clash: 0
current row clash: 0
current squ clash: 0
benchmarks_simp/INST_16x16/60/inst16x16_60_76.txt find answer: 0.000000
benchmarks_simp/INST_16x16/60/inst16x16_60_76.txt : 32 ms.
--------------------------------------------------
======================================================================
current best clash: 0
----------------------------------------------------------------------
current col clash: 0
current row clash: 0
current squ clash: 0
benchmarks_simp/INST_16x16/60/inst16x16_60_77.txt find answer: 0.000000
benchmarks_simp/INST_16x16/60/inst16x16_60_77.txt : 31 ms.
--------------------------------------------------
======================================================================
current best clash: 0
----------------------------------------------------------------------
current col clash: 0
current row clash: 0
current squ clash: 0
benchmarks_simp/INST_16x16/60/inst16x16_60_78.txt find answer: 0.000000
benchmarks_simp/INST_16x16/60/inst16x16_60_78.txt : 30 ms.
--------------------------------------------------
======================================================================
current best clash: 0
----------------------------------------------------------------------
current col clash: 0
current row clash: 0
current squ clash: 0
benchmarks_simp/INST_16x16/60/inst16x16_60_79.txt find answer: 0.000000
benchmarks_simp/INST_16x16/60/inst16x16_60_79.txt : 31 ms.
--------------------------------------------------
======================================================================
current best clash: 0
----------------------------------------------------------------------
current col clash: 0
current row clash: 0
current squ clash: 0
benchmarks_simp/INST_16x16/60/inst16x16_60_7.txt find answer: 0.000000
benchmarks_simp/INST_16x16/60/inst16x16_60_7.txt : 32 ms.
--------------------------------------------------
======================================================================
current best clash: 0
----------------------------------------------------------------------
current col clash: 0
current row clash: 0
current squ clash: 0
benchmarks_simp/INST_16x16/60/inst16x16_60_80.txt find answer: 0.000000
benchmarks_simp/INST_16x16/60/inst16x16_60_80.txt : 31 ms.
--------------------------------------------------
======================================================================
current best clash: 0
----------------------------------------------------------------------
current col clash: 0
current row clash: 0
current squ clash: 0
benchmarks_simp/INST_16x16/60/inst16x16_60_81.txt find answer: 0.000000
benchmarks_simp/INST_16x16/60/inst16x16_60_81.txt : 30 ms.
--------------------------------------------------
======================================================================
current best clash: 0
----------------------------------------------------------------------
current col clash: 0
current row clash: 0
current squ clash: 0
benchmarks_simp/INST_16x16/60/inst16x16_60_82.txt find answer: 0.000000
benchmarks_simp/INST_16x16/60/inst16x16_60_82.txt : 30 ms.
--------------------------------------------------
======================================================================
current best clash: 0
----------------------------------------------------------------------
current col clash: 0
current row clash: 0
current squ clash: 0
benchmarks_simp/INST_16x16/60/inst16x16_60_83.txt find answer: 0.000000
benchmarks_simp/INST_16x16/60/inst16x16_60_83.txt : 31 ms.
--------------------------------------------------
======================================================================
current best clash: 0
----------------------------------------------------------------------
current col clash: 0
current row clash: 0
current squ clash: 0
benchmarks_simp/INST_16x16/60/inst16x16_60_84.txt find answer: 0.000000
benchmarks_simp/INST_16x16/60/inst16x16_60_84.txt : 35 ms.
--------------------------------------------------
======================================================================
current best clash: 0
----------------------------------------------------------------------
current col clash: 0
current row clash: 0
current squ clash: 0
benchmarks_simp/INST_16x16/60/inst16x16_60_85.txt find answer: 0.000000
benchmarks_simp/INST_16x16/60/inst16x16_60_85.txt : 32 ms.
--------------------------------------------------
======================================================================
current best clash: 0
----------------------------------------------------------------------
current col clash: 0
current row clash: 0
current squ clash: 0
benchmarks_simp/INST_16x16/60/inst16x16_60_86.txt find answer: 0.000000
benchmarks_simp/INST_16x16/60/inst16x16_60_86.txt : 28 ms.
--------------------------------------------------
======================================================================
current best clash: 0
----------------------------------------------------------------------
current col clash: 0
current row clash: 0
current squ clash: 0
benchmarks_simp/INST_16x16/60/inst16x16_60_87.txt find answer: 0.000000
benchmarks_simp/INST_16x16/60/inst16x16_60_87.txt : 28 ms.
--------------------------------------------------
======================================================================
current best clash: 0
----------------------------------------------------------------------
current col clash: 0
current row clash: 0
current squ clash: 0
benchmarks_simp/INST_16x16/60/inst16x16_60_88.txt find answer: 0.000000
benchmarks_simp/INST_16x16/60/inst16x16_60_88.txt : 28 ms.
--------------------------------------------------
======================================================================
current best clash: 0
----------------------------------------------------------------------
current col clash: 0
current row clash: 0
current squ clash: 0
benchmarks_simp/INST_16x16/60/inst16x16_60_89.txt find answer: 0.000000
benchmarks_simp/INST_16x16/60/inst16x16_60_89.txt : 32 ms.
--------------------------------------------------
======================================================================
current best clash: 0
----------------------------------------------------------------------
current col clash: 0
current row clash: 0
current squ clash: 0
benchmarks_simp/INST_16x16/60/inst16x16_60_8.txt find answer: 0.000000
benchmarks_simp/INST_16x16/60/inst16x16_60_8.txt : 24 ms.
--------------------------------------------------
======================================================================
current best clash: 0
----------------------------------------------------------------------
current col clash: 0
current row clash: 0
current squ clash: 0
benchmarks_simp/INST_16x16/60/inst16x16_60_90.txt find answer: 0.000000
benchmarks_simp/INST_16x16/60/inst16x16_60_90.txt : 31 ms.
--------------------------------------------------
======================================================================
current best clash: 0
----------------------------------------------------------------------
current col clash: 0
current row clash: 0
current squ clash: 0
benchmarks_simp/INST_16x16/60/inst16x16_60_91.txt find answer: 0.000000
benchmarks_simp/INST_16x16/60/inst16x16_60_91.txt : 24 ms.
--------------------------------------------------
======================================================================
current best clash: 0
----------------------------------------------------------------------
current col clash: 0
current row clash: 0
current squ clash: 0
benchmarks_simp/INST_16x16/60/inst16x16_60_92.txt find answer: 0.000000
benchmarks_simp/INST_16x16/60/inst16x16_60_92.txt : 30 ms.
--------------------------------------------------
======================================================================
current best clash: 0
----------------------------------------------------------------------
current col clash: 0
current row clash: 0
current squ clash: 0
benchmarks_simp/INST_16x16/60/inst16x16_60_93.txt find answer: 0.000000
benchmarks_simp/INST_16x16/60/inst16x16_60_93.txt : 29 ms.
--------------------------------------------------
======================================================================
current best clash: 0
----------------------------------------------------------------------
current col clash: 0
current row clash: 0
current squ clash: 0
benchmarks_simp/INST_16x16/60/inst16x16_60_94.txt find answer: 0.000000
benchmarks_simp/INST_16x16/60/inst16x16_60_94.txt : 22 ms.
--------------------------------------------------
======================================================================
current best clash: 0
----------------------------------------------------------------------
current col clash: 0
current row clash: 0
current squ clash: 0
benchmarks_simp/INST_16x16/60/inst16x16_60_95.txt find answer: 0.000000
benchmarks_simp/INST_16x16/60/inst16x16_60_95.txt : 31 ms.
--------------------------------------------------
======================================================================
current best clash: 0
----------------------------------------------------------------------
current col clash: 0
current row clash: 0
current squ clash: 0
benchmarks_simp/INST_16x16/60/inst16x16_60_96.txt find answer: 0.000000
benchmarks_simp/INST_16x16/60/inst16x16_60_96.txt : 31 ms.
--------------------------------------------------
======================================================================
current best clash: 0
----------------------------------------------------------------------
current col clash: 0
current row clash: 0
current squ clash: 0
benchmarks_simp/INST_16x16/60/inst16x16_60_97.txt find answer: 0.000000
benchmarks_simp/INST_16x16/60/inst16x16_60_97.txt : 28 ms.
--------------------------------------------------
======================================================================
current best clash: 0
----------------------------------------------------------------------
current col clash: 0
current row clash: 0
current squ clash: 0
benchmarks_simp/INST_16x16/60/inst16x16_60_98.txt find answer: 0.000000
benchmarks_simp/INST_16x16/60/inst16x16_60_98.txt : 25 ms.
--------------------------------------------------
======================================================================
current best clash: 0
----------------------------------------------------------------------
current col clash: 0
current row clash: 0
current squ clash: 0
benchmarks_simp/INST_16x16/60/inst16x16_60_99.txt find answer: 0.000000
benchmarks_simp/INST_16x16/60/inst16x16_60_99.txt : 30 ms.
--------------------------------------------------
======================================================================
current best clash: 0
----------------------------------------------------------------------
current col clash: 0
current row clash: 0
current squ clash: 0
benchmarks_simp/INST_16x16/60/inst16x16_60_9.txt find answer: 0.000000
benchmarks_simp/INST_16x16/60/inst16x16_60_9.txt : 28 ms.
