--------------------------------------------------
======================================================================
current best clash: 0
----------------------------------------------------------------------
current col clash: 0
current row clash: 0
current squ clash: 0
benchmarks_simp/INST_16x16/10/inst16x16_10_0.txt find answer: 0.000000
benchmarks_simp/INST_16x16/10/inst16x16_10_0.txt : 56 ms.
--------------------------------------------------
======================================================================
current best clash: 0
----------------------------------------------------------------------
current col clash: 0
current row clash: 0
current squ clash: 0
benchmarks_simp/INST_16x16/10/inst16x16_10_10.txt find answer: 0.000000
benchmarks_simp/INST_16x16/10/inst16x16_10_10.txt : 24 ms.
--------------------------------------------------
======================================================================
current best clash: 0
----------------------------------------------------------------------
current col clash: 0
current row clash: 0
current squ clash: 0
benchmarks_simp/INST_16x16/10/inst16x16_10_11.txt find answer: 0.000000
benchmarks_simp/INST_16x16/10/inst16x16_10_11.txt : 29 ms.
--------------------------------------------------
======================================================================
current best clash: 0
----------------------------------------------------------------------
current col clash: 0
current row clash: 0
current squ clash: 0
benchmarks_simp/INST_16x16/10/inst16x16_10_12.txt find answer: 0.000000
benchmarks_simp/INST_16x16/10/inst16x16_10_12.txt : 29 ms.
--------------------------------------------------
======================================================================
current best clash: 0
----------------------------------------------------------------------
current col clash: 0
current row clash: 0
current squ clash: 0
benchmarks_simp/INST_16x16/10/inst16x16_10_13.txt find answer: 0.000000
benchmarks_simp/INST_16x16/10/inst16x16_10_13.txt : 27 ms.
--------------------------------------------------
======================================================================
current best clash: 0
----------------------------------------------------------------------
current col clash: 0
current row clash: 0
current squ clash: 0
benchmarks_simp/INST_16x16/10/inst16x16_10_14.txt find answer: 0.000000
benchmarks_simp/INST_16x16/10/inst16x16_10_14.txt : 34 ms.
--------------------------------------------------
======================================================================
current best clash: 0
----------------------------------------------------------------------
current col clash: 0
current row clash: 0
current squ clash: 0
benchmarks_simp/INST_16x16/10/inst16x16_10_15.txt find answer: 0.000000
benchmarks_simp/INST_16x16/10/inst16x16_10_15.txt : 33 ms.
--------------------------------------------------
======================================================================
current best clash: 0
----------------------------------------------------------------------
current col clash: 0
current row clash: 0
current squ clash: 0
benchmarks_simp/INST_16x16/10/inst16x16_10_16.txt find answer: 0.010000
benchmarks_simp/INST_16x16/10/inst16x16_10_16.txt : 32 ms.
--------------------------------------------------
======================================================================
current best clash: 0
----------------------------------------------------------------------
current col clash: 0
current row clash: 0
current squ clash: 0
benchmarks_simp/INST_16x16/10/inst16x16_10_17.txt find answer: 0.000000
benchmarks_simp/INST_16x16/10/inst16x16_10_17.txt : 33 ms.
--------------------------------------------------
======================================================================
current best clash: 0
----------------------------------------------------------------------
current col clash: 0
current row clash: 0
current squ clash: 0
benchmarks_simp/INST_16x16/10/inst16x16_10_18.txt find answer: 0.000000
benchmarks_simp/INST_16x16/10/inst16x16_10_18.txt : 1095 ms.
--------------------------------------------------
======================================================================
current best clash: 0
----------------------------------------------------------------------
current col clash: 0
current row clash: 0
current squ clash: 0
benchmarks_simp/INST_16x16/10/inst16x16_10_19.txt find answer: 0.000000
benchmarks_simp/INST_16x16/10/inst16x16_10_19.txt : 37 ms.
--------------------------------------------------
======================================================================
current best clash: 0
----------------------------------------------------------------------
current col clash: 0
current row clash: 0
current squ clash: 0
benchmarks_simp/INST_16x16/10/inst16x16_10_1.txt find answer: 0.000000
benchmarks_simp/INST_16x16/10/inst16x16_10_1.txt : 31 ms.
--------------------------------------------------
======================================================================
current best clash: 0
----------------------------------------------------------------------
current col clash: 0
current row clash: 0
current squ clash: 0
benchmarks_simp/INST_16x16/10/inst16x16_10_20.txt find answer: 0.000000
benchmarks_simp/INST_16x16/10/inst16x16_10_20.txt : 28 ms.
--------------------------------------------------
======================================================================
current best clash: 0
----------------------------------------------------------------------
current col clash: 0
current row clash: 0
current squ clash: 0
benchmarks_simp/INST_16x16/10/inst16x16_10_21.txt find answer: 0.000000
benchmarks_simp/INST_16x16/10/inst16x16_10_21.txt : 30 ms.
--------------------------------------------------
======================================================================
current best clash: 0
----------------------------------------------------------------------
current col clash: 0
current row clash: 0
current squ clash: 0
benchmarks_simp/INST_16x16/10/inst16x16_10_22.txt find answer: 0.000000
benchmarks_simp/INST_16x16/10/inst16x16_10_22.txt : 29 ms.
--------------------------------------------------
======================================================================
current best clash: 0
----------------------------------------------------------------------
current col clash: 0
current row clash: 0
current squ clash: 0
benchmarks_simp/INST_16x16/10/inst16x16_10_23.txt find answer: 0.000000
benchmarks_simp/INST_16x16/10/inst16x16_10_23.txt : 27 ms.
--------------------------------------------------
======================================================================
current best clash: 0
----------------------------------------------------------------------
current col clash: 0
current row clash: 0
current squ clash: 0
benchmarks_simp/INST_16x16/10/inst16x16_10_24.txt find answer: 0.000000
benchmarks_simp/INST_16x16/10/inst16x16_10_24.txt : 32 ms.
--------------------------------------------------
======================================================================
current best clash: 0
----------------------------------------------------------------------
current col clash: 0
current row clash: 0
current squ clash: 0
benchmarks_simp/INST_16x16/10/inst16x16_10_25.txt find answer: 0.000000
benchmarks_simp/INST_16x16/10/inst16x16_10_25.txt : 24 ms.
--------------------------------------------------
======================================================================
current best clash: 0
----------------------------------------------------------------------
current col clash: 0
current row clash: 0
current squ clash: 0
benchmarks_simp/INST_16x16/10/inst16x16_10_26.txt find answer: 0.000000
benchmarks_simp/INST_16x16/10/inst16x16_10_26.txt : 32 ms.
--------------------------------------------------
======================================================================
current best clash: 0
----------------------------------------------------------------------
current col clash: 0
current row clash: 0
current squ clash: 0
benchmarks_simp/INST_16x16/10/inst16x16_10_27.txt find answer: 0.000000
benchmarks_simp/INST_16x16/10/inst16x16_10_27.txt : 35 ms.
--------------------------------------------------
======================================================================
current best clash: 0
----------------------------------------------------------------------
current col clash: 0
current row clash: 0
current squ clash: 0
benchmarks_simp/INST_16x16/10/inst16x16_10_28.txt find answer: 0.000000
benchmarks_simp/INST_16x16/10/inst16x16_10_28.txt : 26 ms.
--------------------------------------------------
======================================================================
current best clash: 0
----------------------------------------------------------------------
current col clash: 0
current row clash: 0
current squ clash: 0
benchmarks_simp/INST_16x16/10/inst16x16_10_29.txt find answer: 0.000000
benchmarks_simp/INST_16x16/10/inst16x16_10_29.txt : 22 ms.
--------------------------------------------------
======================================================================
current best clash: 0
----------------------------------------------------------------------
current col clash: 0
current row clash: 0
current squ clash: 0
benchmarks_simp/INST_16x16/10/inst16x16_10_2.txt find answer: 0.000000
benchmarks_simp/INST_16x16/10/inst16x16_10_2.txt : 35 ms.
--------------------------------------------------
======================================================================
current best clash: 0
----------------------------------------------------------------------
current col clash: 0
current row clash: 0
current squ clash: 0
benchmarks_simp/INST_16x16/10/inst16x16_10_30.txt find answer: 0.000000
benchmarks_simp/INST_16x16/10/inst16x16_10_30.txt : 33 ms.
--------------------------------------------------
======================================================================
current best clash: 0
----------------------------------------------------------------------
current col clash: 0
current row clash: 0
current squ clash: 0
benchmarks_simp/INST_16x16/10/inst16x16_10_31.txt find answer: 0.000000
benchmarks_simp/INST_16x16/10/inst16x16_10_31.txt : 29 ms.
--------------------------------------------------
======================================================================
current best clash: 0
----------------------------------------------------------------------
current col clash: 0
current row clash: 0
current squ clash: 0
benchmarks_simp/INST_16x16/10/inst16x16_10_32.txt find answer: 0.010000
benchmarks_simp/INST_16x16/10/inst16x16_10_32.txt : 32 ms.
--------------------------------------------------
======================================================================
current best clash: 0
----------------------------------------------------------------------
current col clash: 0
current row clash: 0
current squ clash: 0
benchmarks_simp/INST_16x16/10/inst16x16_10_33.txt find answer: 0.000000
benchmarks_simp/INST_16x16/10/inst16x16_10_33.txt : 30 ms.
--------------------------------------------------
======================================================================
current best clash: 0
----------------------------------------------------------------------
current col clash: 0
current row clash: 0
current squ clash: 0
benchmarks_simp/INST_16x16/10/inst16x16_10_34.txt find answer: 0.000000
benchmarks_simp/INST_16x16/10/inst16x16_10_34.txt : 33 ms.
--------------------------------------------------
======================================================================
current best clash: 0
----------------------------------------------------------------------
current col clash: 0
current row clash: 0
current squ clash: 0
benchmarks_simp/INST_16x16/10/inst16x16_10_35.txt find answer: 0.000000
benchmarks_simp/INST_16x16/10/inst16x16_10_35.txt : 35 ms.
--------------------------------------------------
======================================================================
current best clash: 0
----------------------------------------------------------------------
current col clash: 0
current row clash: 0
current squ clash: 0
benchmarks_simp/INST_16x16/10/inst16x16_10_36.txt find answer: 0.000000
benchmarks_simp/INST_16x16/10/inst16x16_10_36.txt : 37 ms.
--------------------------------------------------
======================================================================
current best clash: 0
----------------------------------------------------------------------
current col clash: 0
current row clash: 0
current squ clash: 0
benchmarks_simp/INST_16x16/10/inst16x16_10_37.txt find answer: 0.000000
benchmarks_simp/INST_16x16/10/inst16x16_10_37.txt : 28 ms.
--------------------------------------------------
======================================================================
current best clash: 0
----------------------------------------------------------------------
current col clash: 0
current row clash: 0
current squ clash: 0
benchmarks_simp/INST_16x16/10/inst16x16_10_38.txt find answer: 0.000000
benchmarks_simp/INST_16x16/10/inst16x16_10_38.txt : 30 ms.
--------------------------------------------------
======================================================================
current best clash: 0
----------------------------------------------------------------------
current col clash: 0
current row clash: 0
current squ clash: 0
benchmarks_simp/INST_16x16/10/inst16x16_10_39.txt find answer: 0.000000
benchmarks_simp/INST_16x16/10/inst16x16_10_39.txt : 29 ms.
--------------------------------------------------
======================================================================
current best clash: 0
----------------------------------------------------------------------
current col clash: 0
current row clash: 0
current squ clash: 0
benchmarks_simp/INST_16x16/10/inst16x16_10_3.txt find answer: 0.000000
benchmarks_simp/INST_16x16/10/inst16x16_10_3.txt : 28 ms.
--------------------------------------------------
======================================================================
current best clash: 0
----------------------------------------------------------------------
current col clash: 0
current row clash: 0
current squ clash: 0
benchmarks_simp/INST_16x16/10/inst16x16_10_40.txt find answer: 0.000000
benchmarks_simp/INST_16x16/10/inst16x16_10_40.txt : 28 ms.
--------------------------------------------------
======================================================================
current best clash: 0
----------------------------------------------------------------------
current col clash: 0
current row clash: 0
current squ clash: 0
benchmarks_simp/INST_16x16/10/inst16x16_10_41.txt find answer: 0.000000
benchmarks_simp/INST_16x16/10/inst16x16_10_41.txt : 31 ms.
--------------------------------------------------
======================================================================
current best clash: 0
----------------------------------------------------------------------
current col clash: 0
current row clash: 0
current squ clash: 0
benchmarks_simp/INST_16x16/10/inst16x16_10_42.txt find answer: 0.010000
benchmarks_simp/INST_16x16/10/inst16x16_10_42.txt : 29 ms.
--------------------------------------------------
======================================================================
current best clash: 0
----------------------------------------------------------------------
current col clash: 0
current row clash: 0
current squ clash: 0
benchmarks_simp/INST_16x16/10/inst16x16_10_43.txt find answer: 0.010000
benchmarks_simp/INST_16x16/10/inst16x16_10_43.txt : 32 ms.
--------------------------------------------------
======================================================================
current best clash: 0
----------------------------------------------------------------------
current col clash: 0
current row clash: 0
current squ clash: 0
benchmarks_simp/INST_16x16/10/inst16x16_10_44.txt find answer: 0.000000
benchmarks_simp/INST_16x16/10/inst16x16_10_44.txt : 29 ms.
--------------------------------------------------
======================================================================
current best clash: 0
----------------------------------------------------------------------
current col clash: 0
current row clash: 0
current squ clash: 0
benchmarks_simp/INST_16x16/10/inst16x16_10_45.txt find answer: 0.000000
benchmarks_simp/INST_16x16/10/inst16x16_10_45.txt : 31 ms.
--------------------------------------------------
======================================================================
current best clash: 0
----------------------------------------------------------------------
current col clash: 0
current row clash: 0
current squ clash: 0
benchmarks_simp/INST_16x16/10/inst16x16_10_46.txt find answer: 0.000000
benchmarks_simp/INST_16x16/10/inst16x16_10_46.txt : 31 ms.
--------------------------------------------------
======================================================================
current best clash: 0
----------------------------------------------------------------------
current col clash: 0
current row clash: 0
current squ clash: 0
benchmarks_simp/INST_16x16/10/inst16x16_10_47.txt find answer: 0.000000
benchmarks_simp/INST_16x16/10/inst16x16_10_47.txt : 35 ms.
--------------------------------------------------
======================================================================
current best clash: 0
----------------------------------------------------------------------
current col clash: 0
current row clash: 0
current squ clash: 0
benchmarks_simp/INST_16x16/10/inst16x16_10_48.txt find answer: 0.000000
benchmarks_simp/INST_16x16/10/inst16x16_10_48.txt : 30 ms.
--------------------------------------------------
======================================================================
current best clash: 0
----------------------------------------------------------------------
current col clash: 0
current row clash: 0
current squ clash: 0
benchmarks_simp/INST_16x16/10/inst16x16_10_49.txt find answer: 0.000000
benchmarks_simp/INST_16x16/10/inst16x16_10_49.txt : 40 ms.
--------------------------------------------------
======================================================================
current best clash: 0
----------------------------------------------------------------------
current col clash: 0
current row clash: 0
current squ clash: 0
benchmarks_simp/INST_16x16/10/inst16x16_10_4.txt find answer: 0.000000
benchmarks_simp/INST_16x16/10/inst16x16_10_4.txt : 38 ms.
--------------------------------------------------
======================================================================
current best clash: 0
----------------------------------------------------------------------
current col clash: 0
current row clash: 0
current squ clash: 0
benchmarks_simp/INST_16x16/10/inst16x16_10_50.txt find answer: 0.010000
benchmarks_simp/INST_16x16/10/inst16x16_10_50.txt : 32 ms.
--------------------------------------------------
======================================================================
current best clash: 0
----------------------------------------------------------------------
current col clash: 0
current row clash: 0
current squ clash: 0
benchmarks_simp/INST_16x16/10/inst16x16_10_51.txt find answer: 0.000000
benchmarks_simp/INST_16x16/10/inst16x16_10_51.txt : 38 ms.
--------------------------------------------------
======================================================================
current best clash: 0
----------------------------------------------------------------------
current col clash: 0
current row clash: 0
current squ clash: 0
benchmarks_simp/INST_16x16/10/inst16x16_10_52.txt find answer: 0.000000
benchmarks_simp/INST_16x16/10/inst16x16_10_52.txt : 38 ms.
--------------------------------------------------
======================================================================
current best clash: 0
----------------------------------------------------------------------
current col clash: 0
current row clash: 0
current squ clash: 0
benchmarks_simp/INST_16x16/10/inst16x16_10_53.txt find answer: 0.010000
benchmarks_simp/INST_16x16/10/inst16x16_10_53.txt : 53 ms.
--------------------------------------------------
======================================================================
current best clash: 0
----------------------------------------------------------------------
current col clash: 0
current row clash: 0
current squ clash: 0
benchmarks_simp/INST_16x16/10/inst16x16_10_54.txt find answer: 0.000000
benchmarks_simp/INST_16x16/10/inst16x16_10_54.txt : 32 ms.
--------------------------------------------------
======================================================================
current best clash: 0
----------------------------------------------------------------------
current col clash: 0
current row clash: 0
current squ clash: 0
benchmarks_simp/INST_16x16/10/inst16x16_10_55.txt find answer: 0.000000
benchmarks_simp/INST_16x16/10/inst16x16_10_55.txt : 33 ms.
--------------------------------------------------
======================================================================
current best clash: 0
----------------------------------------------------------------------
current col clash: 0
current row clash: 0
current squ clash: 0
benchmarks_simp/INST_16x16/10/inst16x16_10_56.txt find answer: 0.000000
benchmarks_simp/INST_16x16/10/inst16x16_10_56.txt : 40 ms.
--------------------------------------------------
======================================================================
current best clash: 0
----------------------------------------------------------------------
current col clash: 0
current row clash: 0
current squ clash: 0
benchmarks_simp/INST_16x16/10/inst16x16_10_57.txt find answer: 0.000000
benchmarks_simp/INST_16x16/10/inst16x16_10_57.txt : 37 ms.
--------------------------------------------------
======================================================================
current best clash: 0
----------------------------------------------------------------------
current col clash: 0
current row clash: 0
current squ clash: 0
benchmarks_simp/INST_16x16/10/inst16x16_10_58.txt find answer: 0.000000
benchmarks_simp/INST_16x16/10/inst16x16_10_58.txt : 29 ms.
--------------------------------------------------
======================================================================
current best clash: 0
----------------------------------------------------------------------
current col clash: 0
current row clash: 0
current squ clash: 0
benchmarks_simp/INST_16x16/10/inst16x16_10_59.txt find answer: 0.010000
benchmarks_simp/INST_16x16/10/inst16x16_10_59.txt : 28 ms.
--------------------------------------------------
======================================================================
current best clash: 0
----------------------------------------------------------------------
current col clash: 0
current row clash: 0
current squ clash: 0
benchmarks_simp/INST_16x16/10/inst16x16_10_5.txt find answer: 0.000000
benchmarks_simp/INST_16x16/10/inst16x16_10_5.txt : 36 ms.
--------------------------------------------------
======================================================================
current best clash: 0
----------------------------------------------------------------------
current col clash: 0
current row clash: 0
current squ clash: 0
benchmarks_simp/INST_16x16/10/inst16x16_10_60.txt find answer: 0.000000
benchmarks_simp/INST_16x16/10/inst16x16_10_60.txt : 32 ms.
--------------------------------------------------
======================================================================
current best clash: 0
----------------------------------------------------------------------
current col clash: 0
current row clash: 0
current squ clash: 0
benchmarks_simp/INST_16x16/10/inst16x16_10_61.txt find answer: 0.000000
benchmarks_simp/INST_16x16/10/inst16x16_10_61.txt : 38 ms.
--------------------------------------------------
======================================================================
current best clash: 0
----------------------------------------------------------------------
current col clash: 0
current row clash: 0
current squ clash: 0
benchmarks_simp/INST_16x16/10/inst16x16_10_62.txt find answer: 0.010000
benchmarks_simp/INST_16x16/10/inst16x16_10_62.txt : 36 ms.
--------------------------------------------------
======================================================================
current best clash: 0
----------------------------------------------------------------------
current col clash: 0
current row clash: 0
current squ clash: 0
benchmarks_simp/INST_16x16/10/inst16x16_10_63.txt find answer: 0.000000
benchmarks_simp/INST_16x16/10/inst16x16_10_63.txt : 26 ms.
--------------------------------------------------
======================================================================
current best clash: 0
----------------------------------------------------------------------
current col clash: 0
current row clash: 0
current squ clash: 0
benchmarks_simp/INST_16x16/10/inst16x16_10_64.txt find answer: 0.000000
benchmarks_simp/INST_16x16/10/inst16x16_10_64.txt : 30 ms.
--------------------------------------------------
======================================================================
current best clash: 0
----------------------------------------------------------------------
current col clash: 0
current row clash: 0
current squ clash: 0
benchmarks_simp/INST_16x16/10/inst16x16_10_65.txt find answer: 0.000000
benchmarks_simp/INST_16x16/10/inst16x16_10_65.txt : 28 ms.
--------------------------------------------------
======================================================================
current best clash: 0
----------------------------------------------------------------------
current col clash: 0
current row clash: 0
current squ clash: 0
benchmarks_simp/INST_16x16/10/inst16x16_10_66.txt find answer: 0.000000
benchmarks_simp/INST_16x16/10/inst16x16_10_66.txt : 36 ms.
--------------------------------------------------
======================================================================
current best clash: 0
----------------------------------------------------------------------
current col clash: 0
current row clash: 0
current squ clash: 0
benchmarks_simp/INST_16x16/10/inst16x16_10_67.txt find answer: 0.000000
benchmarks_simp/INST_16x16/10/inst16x16_10_67.txt : 25 ms.
--------------------------------------------------
======================================================================
current best clash: 0
----------------------------------------------------------------------
current col clash: 0
current row clash: 0
current squ clash: 0
benchmarks_simp/INST_16x16/10/inst16x16_10_68.txt find answer: 0.000000
benchmarks_simp/INST_16x16/10/inst16x16_10_68.txt : 30 ms.
--------------------------------------------------
======================================================================
current best clash: 0
----------------------------------------------------------------------
current col clash: 0
current row clash: 0
current squ clash: 0
benchmarks_simp/INST_16x16/10/inst16x16_10_69.txt find answer: 0.010000
benchmarks_simp/INST_16x16/10/inst16x16_10_69.txt : 32 ms.
--------------------------------------------------
======================================================================
current best clash: 0
----------------------------------------------------------------------
current col clash: 0
current row clash: 0
current squ clash: 0
benchmarks_simp/INST_16x16/10/inst16x16_10_6.txt find answer: 0.000000
benchmarks_simp/INST_16x16/10/inst16x16_10_6.txt : 33 ms.
--------------------------------------------------
======================================================================
current best clash: 0
----------------------------------------------------------------------
current col clash: 0
current row clash: 0
current squ clash: 0
benchmarks_simp/INST_16x16/10/inst16x16_10_70.txt find answer: 0.000000
benchmarks_simp/INST_16x16/10/inst16x16_10_70.txt : 33 ms.
--------------------------------------------------
======================================================================
current best clash: 0
----------------------------------------------------------------------
current col clash: 0
current row clash: 0
current squ clash: 0
benchmarks_simp/INST_16x16/10/inst16x16_10_71.txt find answer: 0.000000
benchmarks_simp/INST_16x16/10/inst16x16_10_71.txt : 33 ms.
--------------------------------------------------
======================================================================
current best clash: 0
----------------------------------------------------------------------
current col clash: 0
current row clash: 0
current squ clash: 0
benchmarks_simp/INST_16x16/10/inst16x16_10_72.txt find answer: 0.000000
benchmarks_simp/INST_16x16/10/inst16x16_10_72.txt : 33 ms.
--------------------------------------------------
======================================================================
current best clash: 0
----------------------------------------------------------------------
current col clash: 0
current row clash: 0
current squ clash: 0
benchmarks_simp/INST_16x16/10/inst16x16_10_73.txt find answer: 0.000000
benchmarks_simp/INST_16x16/10/inst16x16_10_73.txt : 41 ms.
--------------------------------------------------
======================================================================
current best clash: 0
----------------------------------------------------------------------
current col clash: 0
current row clash: 0
current squ clash: 0
benchmarks_simp/INST_16x16/10/inst16x16_10_74.txt find answer: 0.000000
benchmarks_simp/INST_16x16/10/inst16x16_10_74.txt : 37 ms.
--------------------------------------------------
======================================================================
current best clash: 0
----------------------------------------------------------------------
current col clash: 0
current row clash: 0
current squ clash: 0
benchmarks_simp/INST_16x16/10/inst16x16_10_75.txt find answer: 0.000000
benchmarks_simp/INST_16x16/10/inst16x16_10_75.txt : 47 ms.
--------------------------------------------------
======================================================================
current best clash: 0
----------------------------------------------------------------------
current col clash: 0
current row clash: 0
current squ clash: 0
benchmarks_simp/INST_16x16/10/inst16x16_10_76.txt find answer: 0.000000
benchmarks_simp/INST_16x16/10/inst16x16_10_76.txt : 30 ms.
--------------------------------------------------
======================================================================
current best clash: 0
----------------------------------------------------------------------
current col clash: 0
current row clash: 0
current squ clash: 0
benchmarks_simp/INST_16x16/10/inst16x16_10_77.txt find answer: 0.000000
benchmarks_simp/INST_16x16/10/inst16x16_10_77.txt : 30 ms.
--------------------------------------------------
======================================================================
current best clash: 0
----------------------------------------------------------------------
current col clash: 0
current row clash: 0
current squ clash: 0
benchmarks_simp/INST_16x16/10/inst16x16_10_78.txt find answer: 0.000000
benchmarks_simp/INST_16x16/10/inst16x16_10_78.txt : 30 ms.
--------------------------------------------------
======================================================================
current best clash: 0
----------------------------------------------------------------------
current col clash: 0
current row clash: 0
current squ clash: 0
benchmarks_simp/INST_16x16/10/inst16x16_10_79.txt find answer: 0.000000
benchmarks_simp/INST_16x16/10/inst16x16_10_79.txt : 34 ms.
--------------------------------------------------
======================================================================
current best clash: 0
----------------------------------------------------------------------
current col clash: 0
current row clash: 0
current squ clash: 0
benchmarks_simp/INST_16x16/10/inst16x16_10_7.txt find answer: 0.000000
benchmarks_simp/INST_16x16/10/inst16x16_10_7.txt : 29 ms.
--------------------------------------------------
======================================================================
current best clash: 0
----------------------------------------------------------------------
current col clash: 0
current row clash: 0
current squ clash: 0
benchmarks_simp/INST_16x16/10/inst16x16_10_80.txt find answer: 0.000000
benchmarks_simp/INST_16x16/10/inst16x16_10_80.txt : 32 ms.
--------------------------------------------------
======================================================================
current best clash: 0
----------------------------------------------------------------------
current col clash: 0
current row clash: 0
current squ clash: 0
benchmarks_simp/INST_16x16/10/inst16x16_10_81.txt find answer: 0.000000
benchmarks_simp/INST_16x16/10/inst16x16_10_81.txt : 35 ms.
--------------------------------------------------
======================================================================
current best clash: 0
----------------------------------------------------------------------
current col clash: 0
current row clash: 0
current squ clash: 0
benchmarks_simp/INST_16x16/10/inst16x16_10_82.txt find answer: 0.000000
benchmarks_simp/INST_16x16/10/inst16x16_10_82.txt : 32 ms.
--------------------------------------------------
======================================================================
current best clash: 0
----------------------------------------------------------------------
current col clash: 0
current row clash: 0
current squ clash: 0
benchmarks_simp/INST_16x16/10/inst16x16_10_83.txt find answer: 0.000000
benchmarks_simp/INST_16x16/10/inst16x16_10_83.txt : 28 ms.
--------------------------------------------------
======================================================================
current best clash: 0
----------------------------------------------------------------------
current col clash: 0
current row clash: 0
current squ clash: 0
benchmarks_simp/INST_16x16/10/inst16x16_10_84.txt find answer: 0.000000
benchmarks_simp/INST_16x16/10/inst16x16_10_84.txt : 30 ms.
--------------------------------------------------
======================================================================
current best clash: 0
----------------------------------------------------------------------
current col clash: 0
current row clash: 0
current squ clash: 0
benchmarks_simp/INST_16x16/10/inst16x16_10_85.txt find answer: 0.010000
benchmarks_simp/INST_16x16/10/inst16x16_10_85.txt : 30 ms.
--------------------------------------------------
======================================================================
current best clash: 0
----------------------------------------------------------------------
current col clash: 0
current row clash: 0
current squ clash: 0
benchmarks_simp/INST_16x16/10/inst16x16_10_86.txt find answer: 0.000000
benchmarks_simp/INST_16x16/10/inst16x16_10_86.txt : 31 ms.
--------------------------------------------------
======================================================================
current best clash: 0
----------------------------------------------------------------------
current col clash: 0
current row clash: 0
current squ clash: 0
benchmarks_simp/INST_16x16/10/inst16x16_10_87.txt find answer: 0.000000
benchmarks_simp/INST_16x16/10/inst16x16_10_87.txt : 34 ms.
--------------------------------------------------
======================================================================
current best clash: 0
----------------------------------------------------------------------
current col clash: 0
current row clash: 0
current squ clash: 0
benchmarks_simp/INST_16x16/10/inst16x16_10_88.txt find answer: 0.000000
benchmarks_simp/INST_16x16/10/inst16x16_10_88.txt : 35 ms.
--------------------------------------------------
======================================================================
current best clash: 0
----------------------------------------------------------------------
current col clash: 0
current row clash: 0
current squ clash: 0
benchmarks_simp/INST_16x16/10/inst16x16_10_89.txt find answer: 0.000000
benchmarks_simp/INST_16x16/10/inst16x16_10_89.txt : 29 ms.
--------------------------------------------------
======================================================================
current best clash: 0
----------------------------------------------------------------------
current col clash: 0
current row clash: 0
current squ clash: 0
benchmarks_simp/INST_16x16/10/inst16x16_10_8.txt find answer: 0.000000
benchmarks_simp/INST_16x16/10/inst16x16_10_8.txt : 31 ms.
--------------------------------------------------
======================================================================
current best clash: 0
----------------------------------------------------------------------
current col clash: 0
current row clash: 0
current squ clash: 0
benchmarks_simp/INST_16x16/10/inst16x16_10_90.txt find answer: 0.000000
benchmarks_simp/INST_16x16/10/inst16x16_10_90.txt : 26 ms.
--------------------------------------------------
======================================================================
current best clash: 0
----------------------------------------------------------------------
current col clash: 0
current row clash: 0
current squ clash: 0
benchmarks_simp/INST_16x16/10/inst16x16_10_91.txt find answer: 0.010000
benchmarks_simp/INST_16x16/10/inst16x16_10_91.txt : 40 ms.
--------------------------------------------------
======================================================================
current best clash: 0
----------------------------------------------------------------------
current col clash: 0
current row clash: 0
current squ clash: 0
benchmarks_simp/INST_16x16/10/inst16x16_10_92.txt find answer: 0.010000
benchmarks_simp/INST_16x16/10/inst16x16_10_92.txt : 32 ms.
--------------------------------------------------
======================================================================
current best clash: 0
----------------------------------------------------------------------
current col clash: 0
current row clash: 0
current squ clash: 0
benchmarks_simp/INST_16x16/10/inst16x16_10_93.txt find answer: 0.000000
benchmarks_simp/INST_16x16/10/inst16x16_10_93.txt : 35 ms.
--------------------------------------------------
======================================================================
current best clash: 0
----------------------------------------------------------------------
current col clash: 0
current row clash: 0
current squ clash: 0
benchmarks_simp/INST_16x16/10/inst16x16_10_94.txt find answer: 0.000000
benchmarks_simp/INST_16x16/10/inst16x16_10_94.txt : 30 ms.
--------------------------------------------------
======================================================================
current best clash: 0
----------------------------------------------------------------------
current col clash: 0
current row clash: 0
current squ clash: 0
benchmarks_simp/INST_16x16/10/inst16x16_10_95.txt find answer: 0.000000
benchmarks_simp/INST_16x16/10/inst16x16_10_95.txt : 37 ms.
--------------------------------------------------
======================================================================
current best clash: 0
----------------------------------------------------------------------
current col clash: 0
current row clash: 0
current squ clash: 0
benchmarks_simp/INST_16x16/10/inst16x16_10_96.txt find answer: 0.000000
benchmarks_simp/INST_16x16/10/inst16x16_10_96.txt : 33 ms.
--------------------------------------------------
======================================================================
current best clash: 0
----------------------------------------------------------------------
current col clash: 0
current row clash: 0
current squ clash: 0
benchmarks_simp/INST_16x16/10/inst16x16_10_97.txt find answer: 0.000000
benchmarks_simp/INST_16x16/10/inst16x16_10_97.txt : 32 ms.
--------------------------------------------------
======================================================================
current best clash: 0
----------------------------------------------------------------------
current col clash: 0
current row clash: 0
current squ clash: 0
benchmarks_simp/INST_16x16/10/inst16x16_10_98.txt find answer: 0.000000
benchmarks_simp/INST_16x16/10/inst16x16_10_98.txt : 31 ms.
--------------------------------------------------
======================================================================
current best clash: 0
----------------------------------------------------------------------
current col clash: 0
current row clash: 0
current squ clash: 0
benchmarks_simp/INST_16x16/10/inst16x16_10_99.txt find answer: 0.000000
benchmarks_simp/INST_16x16/10/inst16x16_10_99.txt : 27 ms.
--------------------------------------------------
======================================================================
current best clash: 0
----------------------------------------------------------------------
current col clash: 0
current row clash: 0
current squ clash: 0
benchmarks_simp/INST_16x16/10/inst16x16_10_9.txt find answer: 0.000000
benchmarks_simp/INST_16x16/10/inst16x16_10_9.txt : 34 ms.
