--------------------------------------------------
======================================================================
current best clash: 0
----------------------------------------------------------------------
current col clash: 0
current row clash: 0
current squ clash: 0
benchmarks_simp/INST_49x49/20/inst49x49_20_0.txt find answer: 0.300000
benchmarks_simp/INST_49x49/20/inst49x49_20_0.txt : 1167 ms.
--------------------------------------------------
======================================================================
current best clash: 0
----------------------------------------------------------------------
current col clash: 0
current row clash: 0
current squ clash: 0
benchmarks_simp/INST_49x49/20/inst49x49_20_10.txt find answer: 0.370000
benchmarks_simp/INST_49x49/20/inst49x49_20_10.txt : 1018 ms.
--------------------------------------------------
======================================================================
current best clash: 0
----------------------------------------------------------------------
current col clash: 0
current row clash: 0
current squ clash: 0
benchmarks_simp/INST_49x49/20/inst49x49_20_11.txt find answer: 0.580000
benchmarks_simp/INST_49x49/20/inst49x49_20_11.txt : 1255 ms.
--------------------------------------------------
======================================================================
current best clash: 0
----------------------------------------------------------------------
current col clash: 0
current row clash: 0
current squ clash: 0
benchmarks_simp/INST_49x49/20/inst49x49_20_12.txt find answer: 0.320000
benchmarks_simp/INST_49x49/20/inst49x49_20_12.txt : 994 ms.
--------------------------------------------------
======================================================================
current best clash: 0
----------------------------------------------------------------------
current col clash: 0
current row clash: 0
current squ clash: 0
benchmarks_simp/INST_49x49/20/inst49x49_20_13.txt find answer: 0.280000
benchmarks_simp/INST_49x49/20/inst49x49_20_13.txt : 927 ms.
--------------------------------------------------
======================================================================
current best clash: 0
----------------------------------------------------------------------
current col clash: 0
current row clash: 0
current squ clash: 0
benchmarks_simp/INST_49x49/20/inst49x49_20_14.txt find answer: 0.290000
benchmarks_simp/INST_49x49/20/inst49x49_20_14.txt : 921 ms.
--------------------------------------------------
======================================================================
current best clash: 0
----------------------------------------------------------------------
current col clash: 0
current row clash: 0
current squ clash: 0
benchmarks_simp/INST_49x49/20/inst49x49_20_15.txt find answer: 0.320000
benchmarks_simp/INST_49x49/20/inst49x49_20_15.txt : 941 ms.
--------------------------------------------------
======================================================================
current best clash: 0
----------------------------------------------------------------------
current col clash: 0
current row clash: 0
current squ clash: 0
benchmarks_simp/INST_49x49/20/inst49x49_20_16.txt find answer: 0.340000
benchmarks_simp/INST_49x49/20/inst49x49_20_16.txt : 1029 ms.
--------------------------------------------------
======================================================================
current best clash: 0
----------------------------------------------------------------------
current col clash: 0
current row clash: 0
current squ clash: 0
benchmarks_simp/INST_49x49/20/inst49x49_20_17.txt find answer: 0.300000
benchmarks_simp/INST_49x49/20/inst49x49_20_17.txt : 927 ms.
--------------------------------------------------
======================================================================
current best clash: 0
----------------------------------------------------------------------
current col clash: 0
current row clash: 0
current squ clash: 0
benchmarks_simp/INST_49x49/20/inst49x49_20_18.txt find answer: 0.310000
benchmarks_simp/INST_49x49/20/inst49x49_20_18.txt : 937 ms.
--------------------------------------------------
======================================================================
current best clash: 0
----------------------------------------------------------------------
current col clash: 0
current row clash: 0
current squ clash: 0
benchmarks_simp/INST_49x49/20/inst49x49_20_19.txt find answer: 0.400000
benchmarks_simp/INST_49x49/20/inst49x49_20_19.txt : 1179 ms.
--------------------------------------------------
======================================================================
current best clash: 0
----------------------------------------------------------------------
current col clash: 0
current row clash: 0
current squ clash: 0
benchmarks_simp/INST_49x49/20/inst49x49_20_1.txt find answer: 0.350000
benchmarks_simp/INST_49x49/20/inst49x49_20_1.txt : 967 ms.
--------------------------------------------------
======================================================================
current best clash: 0
----------------------------------------------------------------------
current col clash: 0
current row clash: 0
current squ clash: 0
benchmarks_simp/INST_49x49/20/inst49x49_20_20.txt find answer: 0.390000
benchmarks_simp/INST_49x49/20/inst49x49_20_20.txt : 1020 ms.
--------------------------------------------------
======================================================================
current best clash: 0
----------------------------------------------------------------------
current col clash: 0
current row clash: 0
current squ clash: 0
benchmarks_simp/INST_49x49/20/inst49x49_20_21.txt find answer: 0.290000
benchmarks_simp/INST_49x49/20/inst49x49_20_21.txt : 909 ms.
--------------------------------------------------
======================================================================
current best clash: 0
----------------------------------------------------------------------
current col clash: 0
current row clash: 0
current squ clash: 0
benchmarks_simp/INST_49x49/20/inst49x49_20_22.txt find answer: 0.320000
benchmarks_simp/INST_49x49/20/inst49x49_20_22.txt : 939 ms.
--------------------------------------------------
======================================================================
current best clash: 0
----------------------------------------------------------------------
current col clash: 0
current row clash: 0
current squ clash: 0
benchmarks_simp/INST_49x49/20/inst49x49_20_23.txt find answer: 0.290000
benchmarks_simp/INST_49x49/20/inst49x49_20_23.txt : 913 ms.
--------------------------------------------------
======================================================================
current best clash: 0
----------------------------------------------------------------------
current col clash: 0
current row clash: 0
current squ clash: 0
benchmarks_simp/INST_49x49/20/inst49x49_20_24.txt find answer: 0.360000
benchmarks_simp/INST_49x49/20/inst49x49_20_24.txt : 987 ms.
--------------------------------------------------
======================================================================
current best clash: 0
----------------------------------------------------------------------
current col clash: 0
current row clash: 0
current squ clash: 0
benchmarks_simp/INST_49x49/20/inst49x49_20_25.txt find answer: 0.310000
benchmarks_simp/INST_49x49/20/inst49x49_20_25.txt : 943 ms.
--------------------------------------------------
======================================================================
current best clash: 0
----------------------------------------------------------------------
current col clash: 0
current row clash: 0
current squ clash: 0
benchmarks_simp/INST_49x49/20/inst49x49_20_26.txt find answer: 0.350000
benchmarks_simp/INST_49x49/20/inst49x49_20_26.txt : 971 ms.
--------------------------------------------------
======================================================================
current best clash: 0
----------------------------------------------------------------------
current col clash: 0
current row clash: 0
current squ clash: 0
benchmarks_simp/INST_49x49/20/inst49x49_20_27.txt find answer: 0.260000
benchmarks_simp/INST_49x49/20/inst49x49_20_27.txt : 907 ms.
--------------------------------------------------
======================================================================
current best clash: 0
----------------------------------------------------------------------
current col clash: 0
current row clash: 0
current squ clash: 0
benchmarks_simp/INST_49x49/20/inst49x49_20_28.txt find answer: 0.330000
benchmarks_simp/INST_49x49/20/inst49x49_20_28.txt : 1483 ms.
--------------------------------------------------
======================================================================
current best clash: 0
----------------------------------------------------------------------
current col clash: 0
current row clash: 0
current squ clash: 0
benchmarks_simp/INST_49x49/20/inst49x49_20_29.txt find answer: 0.370000
benchmarks_simp/INST_49x49/20/inst49x49_20_29.txt : 1002 ms.
--------------------------------------------------
======================================================================
current best clash: 0
----------------------------------------------------------------------
current col clash: 0
current row clash: 0
current squ clash: 0
benchmarks_simp/INST_49x49/20/inst49x49_20_2.txt find answer: 0.350000
benchmarks_simp/INST_49x49/20/inst49x49_20_2.txt : 990 ms.
--------------------------------------------------
======================================================================
current best clash: 0
----------------------------------------------------------------------
current col clash: 0
current row clash: 0
current squ clash: 0
benchmarks_simp/INST_49x49/20/inst49x49_20_30.txt find answer: 0.330000
benchmarks_simp/INST_49x49/20/inst49x49_20_30.txt : 951 ms.
--------------------------------------------------
