--------------------------------------------------
======================================================================
current best clash: 0
----------------------------------------------------------------------
current col clash: 0
current row clash: 0
current squ clash: 0
benchmarks_simp/INST_49x49/70/inst49x49_70_0.txt find answer: 0.000000
benchmarks_simp/INST_49x49/70/inst49x49_70_0.txt : 1139 ms.
--------------------------------------------------
======================================================================
current best clash: 0
----------------------------------------------------------------------
current col clash: 0
current row clash: 0
current squ clash: 0
benchmarks_simp/INST_49x49/70/inst49x49_70_10.txt find answer: 0.000000
benchmarks_simp/INST_49x49/70/inst49x49_70_10.txt : 677 ms.
--------------------------------------------------
======================================================================
current best clash: 0
----------------------------------------------------------------------
current col clash: 0
current row clash: 0
current squ clash: 0
benchmarks_simp/INST_49x49/70/inst49x49_70_11.txt find answer: 0.000000
benchmarks_simp/INST_49x49/70/inst49x49_70_11.txt : 692 ms.
--------------------------------------------------
======================================================================
current best clash: 0
----------------------------------------------------------------------
current col clash: 0
current row clash: 0
current squ clash: 0
benchmarks_simp/INST_49x49/70/inst49x49_70_12.txt find answer: 0.000000
benchmarks_simp/INST_49x49/70/inst49x49_70_12.txt : 676 ms.
--------------------------------------------------
======================================================================
current best clash: 0
----------------------------------------------------------------------
current col clash: 0
current row clash: 0
current squ clash: 0
benchmarks_simp/INST_49x49/70/inst49x49_70_13.txt find answer: 0.000000
benchmarks_simp/INST_49x49/70/inst49x49_70_13.txt : 696 ms.
--------------------------------------------------
======================================================================
current best clash: 0
----------------------------------------------------------------------
current col clash: 0
current row clash: 0
current squ clash: 0
benchmarks_simp/INST_49x49/70/inst49x49_70_14.txt find answer: 0.000000
benchmarks_simp/INST_49x49/70/inst49x49_70_14.txt : 664 ms.
--------------------------------------------------
======================================================================
current best clash: 0
----------------------------------------------------------------------
current col clash: 0
current row clash: 0
current squ clash: 0
benchmarks_simp/INST_49x49/70/inst49x49_70_15.txt find answer: 0.000000
benchmarks_simp/INST_49x49/70/inst49x49_70_15.txt : 682 ms.
--------------------------------------------------
======================================================================
current best clash: 0
----------------------------------------------------------------------
current col clash: 0
current row clash: 0
current squ clash: 0
benchmarks_simp/INST_49x49/70/inst49x49_70_16.txt find answer: 0.000000
benchmarks_simp/INST_49x49/70/inst49x49_70_16.txt : 675 ms.
--------------------------------------------------
======================================================================
current best clash: 0
----------------------------------------------------------------------
current col clash: 0
current row clash: 0
current squ clash: 0
benchmarks_simp/INST_49x49/70/inst49x49_70_17.txt find answer: 0.000000
benchmarks_simp/INST_49x49/70/inst49x49_70_17.txt : 688 ms.
--------------------------------------------------
======================================================================
current best clash: 0
----------------------------------------------------------------------
current col clash: 0
current row clash: 0
current squ clash: 0
benchmarks_simp/INST_49x49/70/inst49x49_70_18.txt find answer: 0.000000
benchmarks_simp/INST_49x49/70/inst49x49_70_18.txt : 635 ms.
--------------------------------------------------
======================================================================
current best clash: 0
----------------------------------------------------------------------
current col clash: 0
current row clash: 0
current squ clash: 0
benchmarks_simp/INST_49x49/70/inst49x49_70_19.txt find answer: 0.000000
benchmarks_simp/INST_49x49/70/inst49x49_70_19.txt : 668 ms.
--------------------------------------------------
======================================================================
current best clash: 0
----------------------------------------------------------------------
current col clash: 0
current row clash: 0
current squ clash: 0
benchmarks_simp/INST_49x49/70/inst49x49_70_1.txt find answer: 0.000000
benchmarks_simp/INST_49x49/70/inst49x49_70_1.txt : 673 ms.
--------------------------------------------------
======================================================================
current best clash: 0
----------------------------------------------------------------------
current col clash: 0
current row clash: 0
current squ clash: 0
benchmarks_simp/INST_49x49/70/inst49x49_70_20.txt find answer: 0.000000
benchmarks_simp/INST_49x49/70/inst49x49_70_20.txt : 687 ms.
--------------------------------------------------
======================================================================
current best clash: 0
----------------------------------------------------------------------
current col clash: 0
current row clash: 0
current squ clash: 0
benchmarks_simp/INST_49x49/70/inst49x49_70_21.txt find answer: 0.000000
benchmarks_simp/INST_49x49/70/inst49x49_70_21.txt : 623 ms.
--------------------------------------------------
======================================================================
current best clash: 0
----------------------------------------------------------------------
current col clash: 0
current row clash: 0
current squ clash: 0
benchmarks_simp/INST_49x49/70/inst49x49_70_22.txt find answer: 0.000000
benchmarks_simp/INST_49x49/70/inst49x49_70_22.txt : 1223 ms.
--------------------------------------------------
======================================================================
current best clash: 0
----------------------------------------------------------------------
current col clash: 0
current row clash: 0
current squ clash: 0
benchmarks_simp/INST_49x49/70/inst49x49_70_23.txt find answer: 0.000000
benchmarks_simp/INST_49x49/70/inst49x49_70_23.txt : 647 ms.
--------------------------------------------------
======================================================================
current best clash: 0
----------------------------------------------------------------------
current col clash: 0
current row clash: 0
current squ clash: 0
benchmarks_simp/INST_49x49/70/inst49x49_70_24.txt find answer: 0.000000
benchmarks_simp/INST_49x49/70/inst49x49_70_24.txt : 674 ms.
--------------------------------------------------
======================================================================
current best clash: 0
----------------------------------------------------------------------
current col clash: 0
current row clash: 0
current squ clash: 0
benchmarks_simp/INST_49x49/70/inst49x49_70_25.txt find answer: 0.000000
benchmarks_simp/INST_49x49/70/inst49x49_70_25.txt : 712 ms.
--------------------------------------------------
======================================================================
current best clash: 0
----------------------------------------------------------------------
current col clash: 0
current row clash: 0
current squ clash: 0
benchmarks_simp/INST_49x49/70/inst49x49_70_26.txt find answer: 0.000000
benchmarks_simp/INST_49x49/70/inst49x49_70_26.txt : 666 ms.
--------------------------------------------------
======================================================================
current best clash: 0
----------------------------------------------------------------------
current col clash: 0
current row clash: 0
current squ clash: 0
benchmarks_simp/INST_49x49/70/inst49x49_70_27.txt find answer: 0.000000
benchmarks_simp/INST_49x49/70/inst49x49_70_27.txt : 682 ms.
--------------------------------------------------
======================================================================
current best clash: 0
----------------------------------------------------------------------
current col clash: 0
current row clash: 0
current squ clash: 0
benchmarks_simp/INST_49x49/70/inst49x49_70_28.txt find answer: 0.000000
benchmarks_simp/INST_49x49/70/inst49x49_70_28.txt : 637 ms.
--------------------------------------------------
======================================================================
current best clash: 0
----------------------------------------------------------------------
current col clash: 0
current row clash: 0
current squ clash: 0
benchmarks_simp/INST_49x49/70/inst49x49_70_29.txt find answer: 0.000000
benchmarks_simp/INST_49x49/70/inst49x49_70_29.txt : 634 ms.
--------------------------------------------------
======================================================================
current best clash: 0
----------------------------------------------------------------------
current col clash: 0
current row clash: 0
current squ clash: 0
benchmarks_simp/INST_49x49/70/inst49x49_70_2.txt find answer: 0.000000
benchmarks_simp/INST_49x49/70/inst49x49_70_2.txt : 643 ms.
--------------------------------------------------
======================================================================
current best clash: 0
----------------------------------------------------------------------
current col clash: 0
current row clash: 0
current squ clash: 0
benchmarks_simp/INST_49x49/70/inst49x49_70_30.txt find answer: 0.000000
benchmarks_simp/INST_49x49/70/inst49x49_70_30.txt : 652 ms.
--------------------------------------------------
======================================================================
current best clash: 0
----------------------------------------------------------------------
current col clash: 0
current row clash: 0
current squ clash: 0
benchmarks_simp/INST_49x49/70/inst49x49_70_31.txt find answer: 0.000000
benchmarks_simp/INST_49x49/70/inst49x49_70_31.txt : 645 ms.
--------------------------------------------------
======================================================================
current best clash: 0
----------------------------------------------------------------------
current col clash: 0
current row clash: 0
current squ clash: 0
benchmarks_simp/INST_49x49/70/inst49x49_70_32.txt find answer: 0.000000
benchmarks_simp/INST_49x49/70/inst49x49_70_32.txt : 647 ms.
--------------------------------------------------
======================================================================
current best clash: 0
----------------------------------------------------------------------
current col clash: 0
current row clash: 0
current squ clash: 0
benchmarks_simp/INST_49x49/70/inst49x49_70_33.txt find answer: 0.000000
benchmarks_simp/INST_49x49/70/inst49x49_70_33.txt : 643 ms.
--------------------------------------------------
======================================================================
current best clash: 0
----------------------------------------------------------------------
current col clash: 0
current row clash: 0
current squ clash: 0
benchmarks_simp/INST_49x49/70/inst49x49_70_34.txt find answer: 0.000000
benchmarks_simp/INST_49x49/70/inst49x49_70_34.txt : 639 ms.
--------------------------------------------------
======================================================================
current best clash: 0
----------------------------------------------------------------------
current col clash: 0
current row clash: 0
current squ clash: 0
benchmarks_simp/INST_49x49/70/inst49x49_70_35.txt find answer: 0.000000
benchmarks_simp/INST_49x49/70/inst49x49_70_35.txt : 1131 ms.
--------------------------------------------------
======================================================================
current best clash: 0
----------------------------------------------------------------------
current col clash: 0
current row clash: 0
current squ clash: 0
benchmarks_simp/INST_49x49/70/inst49x49_70_36.txt find answer: 0.000000
benchmarks_simp/INST_49x49/70/inst49x49_70_36.txt : 855 ms.
--------------------------------------------------
======================================================================
current best clash: 0
----------------------------------------------------------------------
current col clash: 0
current row clash: 0
current squ clash: 0
benchmarks_simp/INST_49x49/70/inst49x49_70_37.txt find answer: 0.000000
benchmarks_simp/INST_49x49/70/inst49x49_70_37.txt : 636 ms.
--------------------------------------------------
======================================================================
current best clash: 0
----------------------------------------------------------------------
current col clash: 0
current row clash: 0
current squ clash: 0
benchmarks_simp/INST_49x49/70/inst49x49_70_38.txt find answer: 0.000000
benchmarks_simp/INST_49x49/70/inst49x49_70_38.txt : 631 ms.
--------------------------------------------------
======================================================================
current best clash: 0
----------------------------------------------------------------------
current col clash: 0
current row clash: 0
current squ clash: 0
benchmarks_simp/INST_49x49/70/inst49x49_70_39.txt find answer: 0.000000
benchmarks_simp/INST_49x49/70/inst49x49_70_39.txt : 652 ms.
--------------------------------------------------
======================================================================
current best clash: 0
----------------------------------------------------------------------
current col clash: 0
current row clash: 0
current squ clash: 0
benchmarks_simp/INST_49x49/70/inst49x49_70_3.txt find answer: 0.000000
benchmarks_simp/INST_49x49/70/inst49x49_70_3.txt : 683 ms.
--------------------------------------------------
