--------------------------------------------------
SAT
----------
benchmarks/MOLS/inst3.txt : 2630 ms.
--------------------------------------------------
SAT
----------
benchmarks/MOLS/inst4.txt : 941 ms.
--------------------------------------------------
SAT
----------
benchmarks/MOLS/inst5.txt : 1235 ms.
--------------------------------------------------
=====UNKNOWN=====
benchmarks/MOLS/inst7.txt : 1000981 ms.
--------------------------------------------------
=====UNKNOWN=====
benchmarks/MOLS/inst8.txt : 1000973 ms.
--------------------------------------------------
=====UNKNOWN=====
benchmarks/MOLS/inst9.txt : 1001012 ms.
