--------------------------------------------------
SAT
----------
benchmarks/MOLS/inst3.txt : 2563 ms.
--------------------------------------------------
SAT
----------
benchmarks/MOLS/inst4.txt : 934 ms.
--------------------------------------------------
SAT
----------
benchmarks/MOLS/inst5.txt : 1280 ms.
--------------------------------------------------
=====UNKNOWN=====
benchmarks/MOLS/inst7.txt : 1000936 ms.
--------------------------------------------------
=====UNKNOWN=====
benchmarks/MOLS/inst8.txt : 1000964 ms.
--------------------------------------------------
=====UNKNOWN=====
benchmarks/MOLS/inst9.txt : 1001039 ms.
