--------------------------------------------------
SAT
----------
benchmarks/MOLS/inst3.txt : 2613 ms.
--------------------------------------------------
SAT
----------
benchmarks/MOLS/inst4.txt : 903 ms.
--------------------------------------------------
SAT
----------
benchmarks/MOLS/inst5.txt : 1241 ms.
--------------------------------------------------
=====UNKNOWN=====
benchmarks/MOLS/inst7.txt : 1000939 ms.
--------------------------------------------------
=====UNKNOWN=====
benchmarks/MOLS/inst8.txt : 1000889 ms.
--------------------------------------------------
=====UNKNOWN=====
benchmarks/MOLS/inst9.txt : 1001108 ms.
