--------------------------------------------------
SAT
----------
benchmarks/MOLS/inst3.txt : 2633 ms.
--------------------------------------------------
SAT
----------
benchmarks/MOLS/inst4.txt : 876 ms.
--------------------------------------------------
SAT
----------
benchmarks/MOLS/inst5.txt : 1162 ms.
--------------------------------------------------
=====UNKNOWN=====
benchmarks/MOLS/inst7.txt : 1000963 ms.
--------------------------------------------------
=====UNKNOWN=====
benchmarks/MOLS/inst8.txt : 1001073 ms.
--------------------------------------------------
=====UNKNOWN=====
benchmarks/MOLS/inst9.txt : 1001082 ms.
