--------------------------------------------------
======================================================================
current best clash: 0
----------------------------------------------------------------------
current col clash: 0
current row clash: 0
current squ clash: 0
benchmarks_simp/INST_16x16/80/inst16x16_80_0.txt find answer: 0.000000
benchmarks_simp/INST_16x16/80/inst16x16_80_0.txt : 28 ms.
--------------------------------------------------
======================================================================
current best clash: 0
----------------------------------------------------------------------
current col clash: 0
current row clash: 0
current squ clash: 0
benchmarks_simp/INST_16x16/80/inst16x16_80_10.txt find answer: 0.000000
benchmarks_simp/INST_16x16/80/inst16x16_80_10.txt : 28 ms.
--------------------------------------------------
======================================================================
current best clash: 0
----------------------------------------------------------------------
current col clash: 0
current row clash: 0
current squ clash: 0
benchmarks_simp/INST_16x16/80/inst16x16_80_11.txt find answer: 0.000000
benchmarks_simp/INST_16x16/80/inst16x16_80_11.txt : 23 ms.
--------------------------------------------------
======================================================================
current best clash: 0
----------------------------------------------------------------------
current col clash: 0
current row clash: 0
current squ clash: 0
benchmarks_simp/INST_16x16/80/inst16x16_80_12.txt find answer: 0.000000
benchmarks_simp/INST_16x16/80/inst16x16_80_12.txt : 28 ms.
--------------------------------------------------
======================================================================
current best clash: 0
----------------------------------------------------------------------
current col clash: 0
current row clash: 0
current squ clash: 0
benchmarks_simp/INST_16x16/80/inst16x16_80_13.txt find answer: 0.000000
benchmarks_simp/INST_16x16/80/inst16x16_80_13.txt : 29 ms.
--------------------------------------------------
======================================================================
current best clash: 0
----------------------------------------------------------------------
current col clash: 0
current row clash: 0
current squ clash: 0
benchmarks_simp/INST_16x16/80/inst16x16_80_14.txt find answer: 0.000000
benchmarks_simp/INST_16x16/80/inst16x16_80_14.txt : 31 ms.
--------------------------------------------------
======================================================================
current best clash: 0
----------------------------------------------------------------------
current col clash: 0
current row clash: 0
current squ clash: 0
benchmarks_simp/INST_16x16/80/inst16x16_80_15.txt find answer: 0.000000
benchmarks_simp/INST_16x16/80/inst16x16_80_15.txt : 31 ms.
--------------------------------------------------
======================================================================
current best clash: 0
----------------------------------------------------------------------
current col clash: 0
current row clash: 0
current squ clash: 0
benchmarks_simp/INST_16x16/80/inst16x16_80_16.txt find answer: 0.000000
benchmarks_simp/INST_16x16/80/inst16x16_80_16.txt : 23 ms.
--------------------------------------------------
======================================================================
current best clash: 0
----------------------------------------------------------------------
current col clash: 0
current row clash: 0
current squ clash: 0
benchmarks_simp/INST_16x16/80/inst16x16_80_17.txt find answer: 0.000000
benchmarks_simp/INST_16x16/80/inst16x16_80_17.txt : 291 ms.
--------------------------------------------------
======================================================================
current best clash: 0
----------------------------------------------------------------------
current col clash: 0
current row clash: 0
current squ clash: 0
benchmarks_simp/INST_16x16/80/inst16x16_80_18.txt find answer: 0.000000
benchmarks_simp/INST_16x16/80/inst16x16_80_18.txt : 482 ms.
--------------------------------------------------
======================================================================
current best clash: 0
----------------------------------------------------------------------
current col clash: 0
current row clash: 0
current squ clash: 0
benchmarks_simp/INST_16x16/80/inst16x16_80_19.txt find answer: 0.000000
benchmarks_simp/INST_16x16/80/inst16x16_80_19.txt : 29 ms.
--------------------------------------------------
======================================================================
current best clash: 0
----------------------------------------------------------------------
current col clash: 0
current row clash: 0
current squ clash: 0
benchmarks_simp/INST_16x16/80/inst16x16_80_1.txt find answer: 0.000000
benchmarks_simp/INST_16x16/80/inst16x16_80_1.txt : 33 ms.
--------------------------------------------------
======================================================================
current best clash: 0
----------------------------------------------------------------------
current col clash: 0
current row clash: 0
current squ clash: 0
benchmarks_simp/INST_16x16/80/inst16x16_80_20.txt find answer: 0.000000
benchmarks_simp/INST_16x16/80/inst16x16_80_20.txt : 23 ms.
--------------------------------------------------
======================================================================
current best clash: 0
----------------------------------------------------------------------
current col clash: 0
current row clash: 0
current squ clash: 0
benchmarks_simp/INST_16x16/80/inst16x16_80_21.txt find answer: 0.000000
benchmarks_simp/INST_16x16/80/inst16x16_80_21.txt : 23 ms.
--------------------------------------------------
======================================================================
current best clash: 0
----------------------------------------------------------------------
current col clash: 0
current row clash: 0
current squ clash: 0
benchmarks_simp/INST_16x16/80/inst16x16_80_22.txt find answer: 0.000000
benchmarks_simp/INST_16x16/80/inst16x16_80_22.txt : 30 ms.
--------------------------------------------------
======================================================================
current best clash: 0
----------------------------------------------------------------------
current col clash: 0
current row clash: 0
current squ clash: 0
benchmarks_simp/INST_16x16/80/inst16x16_80_23.txt find answer: 0.000000
benchmarks_simp/INST_16x16/80/inst16x16_80_23.txt : 26 ms.
--------------------------------------------------
======================================================================
current best clash: 0
----------------------------------------------------------------------
current col clash: 0
current row clash: 0
current squ clash: 0
benchmarks_simp/INST_16x16/80/inst16x16_80_24.txt find answer: 0.000000
benchmarks_simp/INST_16x16/80/inst16x16_80_24.txt : 28 ms.
--------------------------------------------------
======================================================================
current best clash: 0
----------------------------------------------------------------------
current col clash: 0
current row clash: 0
current squ clash: 0
benchmarks_simp/INST_16x16/80/inst16x16_80_25.txt find answer: 0.000000
benchmarks_simp/INST_16x16/80/inst16x16_80_25.txt : 24 ms.
--------------------------------------------------
======================================================================
current best clash: 0
----------------------------------------------------------------------
current col clash: 0
current row clash: 0
current squ clash: 0
benchmarks_simp/INST_16x16/80/inst16x16_80_26.txt find answer: 0.000000
benchmarks_simp/INST_16x16/80/inst16x16_80_26.txt : 31 ms.
--------------------------------------------------
======================================================================
current best clash: 0
----------------------------------------------------------------------
current col clash: 0
current row clash: 0
current squ clash: 0
benchmarks_simp/INST_16x16/80/inst16x16_80_27.txt find answer: 0.000000
benchmarks_simp/INST_16x16/80/inst16x16_80_27.txt : 28 ms.
--------------------------------------------------
======================================================================
current best clash: 0
----------------------------------------------------------------------
current col clash: 0
current row clash: 0
current squ clash: 0
benchmarks_simp/INST_16x16/80/inst16x16_80_28.txt find answer: 0.000000
benchmarks_simp/INST_16x16/80/inst16x16_80_28.txt : 34 ms.
--------------------------------------------------
======================================================================
current best clash: 0
----------------------------------------------------------------------
current col clash: 0
current row clash: 0
current squ clash: 0
benchmarks_simp/INST_16x16/80/inst16x16_80_29.txt find answer: 0.000000
benchmarks_simp/INST_16x16/80/inst16x16_80_29.txt : 27 ms.
--------------------------------------------------
======================================================================
current best clash: 0
----------------------------------------------------------------------
current col clash: 0
current row clash: 0
current squ clash: 0
benchmarks_simp/INST_16x16/80/inst16x16_80_2.txt find answer: 0.000000
benchmarks_simp/INST_16x16/80/inst16x16_80_2.txt : 32 ms.
--------------------------------------------------
======================================================================
current best clash: 0
----------------------------------------------------------------------
current col clash: 0
current row clash: 0
current squ clash: 0
benchmarks_simp/INST_16x16/80/inst16x16_80_30.txt find answer: 0.000000
benchmarks_simp/INST_16x16/80/inst16x16_80_30.txt : 35 ms.
--------------------------------------------------
======================================================================
current best clash: 0
----------------------------------------------------------------------
current col clash: 0
current row clash: 0
current squ clash: 0
benchmarks_simp/INST_16x16/80/inst16x16_80_31.txt find answer: 0.000000
benchmarks_simp/INST_16x16/80/inst16x16_80_31.txt : 24 ms.
--------------------------------------------------
======================================================================
current best clash: 0
----------------------------------------------------------------------
current col clash: 0
current row clash: 0
current squ clash: 0
benchmarks_simp/INST_16x16/80/inst16x16_80_32.txt find answer: 0.000000
benchmarks_simp/INST_16x16/80/inst16x16_80_32.txt : 28 ms.
--------------------------------------------------
======================================================================
current best clash: 0
----------------------------------------------------------------------
current col clash: 0
current row clash: 0
current squ clash: 0
benchmarks_simp/INST_16x16/80/inst16x16_80_33.txt find answer: 0.000000
benchmarks_simp/INST_16x16/80/inst16x16_80_33.txt : 33 ms.
--------------------------------------------------
======================================================================
current best clash: 0
----------------------------------------------------------------------
current col clash: 0
current row clash: 0
current squ clash: 0
benchmarks_simp/INST_16x16/80/inst16x16_80_34.txt find answer: 0.000000
benchmarks_simp/INST_16x16/80/inst16x16_80_34.txt : 31 ms.
--------------------------------------------------
======================================================================
current best clash: 0
----------------------------------------------------------------------
current col clash: 0
current row clash: 0
current squ clash: 0
benchmarks_simp/INST_16x16/80/inst16x16_80_35.txt find answer: 0.000000
benchmarks_simp/INST_16x16/80/inst16x16_80_35.txt : 32 ms.
--------------------------------------------------
======================================================================
current best clash: 0
----------------------------------------------------------------------
current col clash: 0
current row clash: 0
current squ clash: 0
benchmarks_simp/INST_16x16/80/inst16x16_80_36.txt find answer: 0.000000
benchmarks_simp/INST_16x16/80/inst16x16_80_36.txt : 42 ms.
--------------------------------------------------
======================================================================
current best clash: 0
----------------------------------------------------------------------
current col clash: 0
current row clash: 0
current squ clash: 0
benchmarks_simp/INST_16x16/80/inst16x16_80_37.txt find answer: 0.000000
benchmarks_simp/INST_16x16/80/inst16x16_80_37.txt : 25 ms.
--------------------------------------------------
======================================================================
current best clash: 0
----------------------------------------------------------------------
current col clash: 0
current row clash: 0
current squ clash: 0
benchmarks_simp/INST_16x16/80/inst16x16_80_38.txt find answer: 0.000000
benchmarks_simp/INST_16x16/80/inst16x16_80_38.txt : 26 ms.
--------------------------------------------------
======================================================================
current best clash: 0
----------------------------------------------------------------------
current col clash: 0
current row clash: 0
current squ clash: 0
benchmarks_simp/INST_16x16/80/inst16x16_80_39.txt find answer: 0.000000
benchmarks_simp/INST_16x16/80/inst16x16_80_39.txt : 30 ms.
--------------------------------------------------
======================================================================
current best clash: 0
----------------------------------------------------------------------
current col clash: 0
current row clash: 0
current squ clash: 0
benchmarks_simp/INST_16x16/80/inst16x16_80_3.txt find answer: 0.000000
benchmarks_simp/INST_16x16/80/inst16x16_80_3.txt : 30 ms.
--------------------------------------------------
======================================================================
current best clash: 0
----------------------------------------------------------------------
current col clash: 0
current row clash: 0
current squ clash: 0
benchmarks_simp/INST_16x16/80/inst16x16_80_40.txt find answer: 0.000000
benchmarks_simp/INST_16x16/80/inst16x16_80_40.txt : 34 ms.
--------------------------------------------------
======================================================================
current best clash: 0
----------------------------------------------------------------------
current col clash: 0
current row clash: 0
current squ clash: 0
benchmarks_simp/INST_16x16/80/inst16x16_80_41.txt find answer: 0.000000
benchmarks_simp/INST_16x16/80/inst16x16_80_41.txt : 29 ms.
--------------------------------------------------
======================================================================
current best clash: 0
----------------------------------------------------------------------
current col clash: 0
current row clash: 0
current squ clash: 0
benchmarks_simp/INST_16x16/80/inst16x16_80_42.txt find answer: 0.000000
benchmarks_simp/INST_16x16/80/inst16x16_80_42.txt : 31 ms.
--------------------------------------------------
======================================================================
current best clash: 0
----------------------------------------------------------------------
current col clash: 0
current row clash: 0
current squ clash: 0
benchmarks_simp/INST_16x16/80/inst16x16_80_43.txt find answer: 0.000000
benchmarks_simp/INST_16x16/80/inst16x16_80_43.txt : 30 ms.
--------------------------------------------------
======================================================================
current best clash: 0
----------------------------------------------------------------------
current col clash: 0
current row clash: 0
current squ clash: 0
benchmarks_simp/INST_16x16/80/inst16x16_80_44.txt find answer: 0.000000
benchmarks_simp/INST_16x16/80/inst16x16_80_44.txt : 30 ms.
--------------------------------------------------
======================================================================
current best clash: 0
----------------------------------------------------------------------
current col clash: 0
current row clash: 0
current squ clash: 0
benchmarks_simp/INST_16x16/80/inst16x16_80_45.txt find answer: 0.000000
benchmarks_simp/INST_16x16/80/inst16x16_80_45.txt : 28 ms.
--------------------------------------------------
======================================================================
current best clash: 0
----------------------------------------------------------------------
current col clash: 0
current row clash: 0
current squ clash: 0
benchmarks_simp/INST_16x16/80/inst16x16_80_46.txt find answer: 0.000000
benchmarks_simp/INST_16x16/80/inst16x16_80_46.txt : 26 ms.
--------------------------------------------------
======================================================================
current best clash: 0
----------------------------------------------------------------------
current col clash: 0
current row clash: 0
current squ clash: 0
benchmarks_simp/INST_16x16/80/inst16x16_80_47.txt find answer: 0.000000
benchmarks_simp/INST_16x16/80/inst16x16_80_47.txt : 31 ms.
--------------------------------------------------
======================================================================
current best clash: 0
----------------------------------------------------------------------
current col clash: 0
current row clash: 0
current squ clash: 0
benchmarks_simp/INST_16x16/80/inst16x16_80_48.txt find answer: 0.010000
benchmarks_simp/INST_16x16/80/inst16x16_80_48.txt : 28 ms.
--------------------------------------------------
======================================================================
current best clash: 0
----------------------------------------------------------------------
current col clash: 0
current row clash: 0
current squ clash: 0
benchmarks_simp/INST_16x16/80/inst16x16_80_49.txt find answer: 0.000000
benchmarks_simp/INST_16x16/80/inst16x16_80_49.txt : 31 ms.
--------------------------------------------------
======================================================================
current best clash: 0
----------------------------------------------------------------------
current col clash: 0
current row clash: 0
current squ clash: 0
benchmarks_simp/INST_16x16/80/inst16x16_80_4.txt find answer: 0.000000
benchmarks_simp/INST_16x16/80/inst16x16_80_4.txt : 38 ms.
--------------------------------------------------
======================================================================
current best clash: 0
----------------------------------------------------------------------
current col clash: 0
current row clash: 0
current squ clash: 0
benchmarks_simp/INST_16x16/80/inst16x16_80_50.txt find answer: 0.000000
benchmarks_simp/INST_16x16/80/inst16x16_80_50.txt : 36 ms.
--------------------------------------------------
======================================================================
current best clash: 0
----------------------------------------------------------------------
current col clash: 0
current row clash: 0
current squ clash: 0
benchmarks_simp/INST_16x16/80/inst16x16_80_51.txt find answer: 0.000000
benchmarks_simp/INST_16x16/80/inst16x16_80_51.txt : 35 ms.
--------------------------------------------------
======================================================================
current best clash: 0
----------------------------------------------------------------------
current col clash: 0
current row clash: 0
current squ clash: 0
benchmarks_simp/INST_16x16/80/inst16x16_80_52.txt find answer: 0.000000
benchmarks_simp/INST_16x16/80/inst16x16_80_52.txt : 39 ms.
--------------------------------------------------
======================================================================
current best clash: 0
----------------------------------------------------------------------
current col clash: 0
current row clash: 0
current squ clash: 0
benchmarks_simp/INST_16x16/80/inst16x16_80_53.txt find answer: 0.000000
benchmarks_simp/INST_16x16/80/inst16x16_80_53.txt : 36 ms.
--------------------------------------------------
======================================================================
current best clash: 0
----------------------------------------------------------------------
current col clash: 0
current row clash: 0
current squ clash: 0
benchmarks_simp/INST_16x16/80/inst16x16_80_54.txt find answer: 0.000000
benchmarks_simp/INST_16x16/80/inst16x16_80_54.txt : 50 ms.
--------------------------------------------------
======================================================================
current best clash: 0
----------------------------------------------------------------------
current col clash: 0
current row clash: 0
current squ clash: 0
benchmarks_simp/INST_16x16/80/inst16x16_80_55.txt find answer: 0.000000
benchmarks_simp/INST_16x16/80/inst16x16_80_55.txt : 29 ms.
--------------------------------------------------
======================================================================
current best clash: 0
----------------------------------------------------------------------
current col clash: 0
current row clash: 0
current squ clash: 0
benchmarks_simp/INST_16x16/80/inst16x16_80_56.txt find answer: 0.000000
benchmarks_simp/INST_16x16/80/inst16x16_80_56.txt : 34 ms.
--------------------------------------------------
======================================================================
current best clash: 0
----------------------------------------------------------------------
current col clash: 0
current row clash: 0
current squ clash: 0
benchmarks_simp/INST_16x16/80/inst16x16_80_57.txt find answer: 0.000000
benchmarks_simp/INST_16x16/80/inst16x16_80_57.txt : 41 ms.
--------------------------------------------------
======================================================================
current best clash: 0
----------------------------------------------------------------------
current col clash: 0
current row clash: 0
current squ clash: 0
benchmarks_simp/INST_16x16/80/inst16x16_80_58.txt find answer: 0.000000
benchmarks_simp/INST_16x16/80/inst16x16_80_58.txt : 34 ms.
--------------------------------------------------
======================================================================
current best clash: 0
----------------------------------------------------------------------
current col clash: 0
current row clash: 0
current squ clash: 0
benchmarks_simp/INST_16x16/80/inst16x16_80_59.txt find answer: 0.000000
benchmarks_simp/INST_16x16/80/inst16x16_80_59.txt : 28 ms.
--------------------------------------------------
======================================================================
current best clash: 0
----------------------------------------------------------------------
current col clash: 0
current row clash: 0
current squ clash: 0
benchmarks_simp/INST_16x16/80/inst16x16_80_5.txt find answer: 0.000000
benchmarks_simp/INST_16x16/80/inst16x16_80_5.txt : 32 ms.
--------------------------------------------------
======================================================================
current best clash: 0
----------------------------------------------------------------------
current col clash: 0
current row clash: 0
current squ clash: 0
benchmarks_simp/INST_16x16/80/inst16x16_80_60.txt find answer: 0.000000
benchmarks_simp/INST_16x16/80/inst16x16_80_60.txt : 29 ms.
--------------------------------------------------
======================================================================
current best clash: 0
----------------------------------------------------------------------
current col clash: 0
current row clash: 0
current squ clash: 0
benchmarks_simp/INST_16x16/80/inst16x16_80_61.txt find answer: 0.000000
benchmarks_simp/INST_16x16/80/inst16x16_80_61.txt : 30 ms.
--------------------------------------------------
======================================================================
current best clash: 0
----------------------------------------------------------------------
current col clash: 0
current row clash: 0
current squ clash: 0
benchmarks_simp/INST_16x16/80/inst16x16_80_62.txt find answer: 0.000000
benchmarks_simp/INST_16x16/80/inst16x16_80_62.txt : 33 ms.
--------------------------------------------------
======================================================================
current best clash: 0
----------------------------------------------------------------------
current col clash: 0
current row clash: 0
current squ clash: 0
benchmarks_simp/INST_16x16/80/inst16x16_80_63.txt find answer: 0.000000
benchmarks_simp/INST_16x16/80/inst16x16_80_63.txt : 22 ms.
--------------------------------------------------
======================================================================
current best clash: 0
----------------------------------------------------------------------
current col clash: 0
current row clash: 0
current squ clash: 0
benchmarks_simp/INST_16x16/80/inst16x16_80_64.txt find answer: 0.000000
benchmarks_simp/INST_16x16/80/inst16x16_80_64.txt : 22 ms.
--------------------------------------------------
======================================================================
current best clash: 0
----------------------------------------------------------------------
current col clash: 0
current row clash: 0
current squ clash: 0
benchmarks_simp/INST_16x16/80/inst16x16_80_65.txt find answer: 0.000000
benchmarks_simp/INST_16x16/80/inst16x16_80_65.txt : 26 ms.
--------------------------------------------------
======================================================================
current best clash: 0
----------------------------------------------------------------------
current col clash: 0
current row clash: 0
current squ clash: 0
benchmarks_simp/INST_16x16/80/inst16x16_80_66.txt find answer: 0.000000
benchmarks_simp/INST_16x16/80/inst16x16_80_66.txt : 24 ms.
--------------------------------------------------
======================================================================
current best clash: 0
----------------------------------------------------------------------
current col clash: 0
current row clash: 0
current squ clash: 0
benchmarks_simp/INST_16x16/80/inst16x16_80_67.txt find answer: 0.000000
benchmarks_simp/INST_16x16/80/inst16x16_80_67.txt : 25 ms.
--------------------------------------------------
======================================================================
current best clash: 0
----------------------------------------------------------------------
current col clash: 0
current row clash: 0
current squ clash: 0
benchmarks_simp/INST_16x16/80/inst16x16_80_68.txt find answer: 0.000000
benchmarks_simp/INST_16x16/80/inst16x16_80_68.txt : 32 ms.
--------------------------------------------------
======================================================================
current best clash: 0
----------------------------------------------------------------------
current col clash: 0
current row clash: 0
current squ clash: 0
benchmarks_simp/INST_16x16/80/inst16x16_80_69.txt find answer: 0.000000
benchmarks_simp/INST_16x16/80/inst16x16_80_69.txt : 28 ms.
--------------------------------------------------
======================================================================
current best clash: 0
----------------------------------------------------------------------
current col clash: 0
current row clash: 0
current squ clash: 0
benchmarks_simp/INST_16x16/80/inst16x16_80_6.txt find answer: 0.000000
benchmarks_simp/INST_16x16/80/inst16x16_80_6.txt : 30 ms.
--------------------------------------------------
======================================================================
current best clash: 0
----------------------------------------------------------------------
current col clash: 0
current row clash: 0
current squ clash: 0
benchmarks_simp/INST_16x16/80/inst16x16_80_70.txt find answer: 0.000000
benchmarks_simp/INST_16x16/80/inst16x16_80_70.txt : 26 ms.
--------------------------------------------------
======================================================================
current best clash: 0
----------------------------------------------------------------------
current col clash: 0
current row clash: 0
current squ clash: 0
benchmarks_simp/INST_16x16/80/inst16x16_80_71.txt find answer: 0.000000
benchmarks_simp/INST_16x16/80/inst16x16_80_71.txt : 33 ms.
--------------------------------------------------
======================================================================
current best clash: 0
----------------------------------------------------------------------
current col clash: 0
current row clash: 0
current squ clash: 0
benchmarks_simp/INST_16x16/80/inst16x16_80_72.txt find answer: 0.000000
benchmarks_simp/INST_16x16/80/inst16x16_80_72.txt : 33 ms.
--------------------------------------------------
======================================================================
current best clash: 0
----------------------------------------------------------------------
current col clash: 0
current row clash: 0
current squ clash: 0
benchmarks_simp/INST_16x16/80/inst16x16_80_73.txt find answer: 0.000000
benchmarks_simp/INST_16x16/80/inst16x16_80_73.txt : 29 ms.
--------------------------------------------------
======================================================================
current best clash: 0
----------------------------------------------------------------------
current col clash: 0
current row clash: 0
current squ clash: 0
benchmarks_simp/INST_16x16/80/inst16x16_80_74.txt find answer: 0.000000
benchmarks_simp/INST_16x16/80/inst16x16_80_74.txt : 28 ms.
--------------------------------------------------
======================================================================
current best clash: 0
----------------------------------------------------------------------
current col clash: 0
current row clash: 0
current squ clash: 0
benchmarks_simp/INST_16x16/80/inst16x16_80_75.txt find answer: 0.000000
benchmarks_simp/INST_16x16/80/inst16x16_80_75.txt : 31 ms.
--------------------------------------------------
======================================================================
current best clash: 0
----------------------------------------------------------------------
current col clash: 0
current row clash: 0
current squ clash: 0
benchmarks_simp/INST_16x16/80/inst16x16_80_76.txt find answer: 0.000000
benchmarks_simp/INST_16x16/80/inst16x16_80_76.txt : 37 ms.
--------------------------------------------------
======================================================================
current best clash: 0
----------------------------------------------------------------------
current col clash: 0
current row clash: 0
current squ clash: 0
benchmarks_simp/INST_16x16/80/inst16x16_80_77.txt find answer: 0.000000
benchmarks_simp/INST_16x16/80/inst16x16_80_77.txt : 33 ms.
--------------------------------------------------
======================================================================
current best clash: 0
----------------------------------------------------------------------
current col clash: 0
current row clash: 0
current squ clash: 0
benchmarks_simp/INST_16x16/80/inst16x16_80_78.txt find answer: 0.000000
benchmarks_simp/INST_16x16/80/inst16x16_80_78.txt : 36 ms.
--------------------------------------------------
======================================================================
current best clash: 0
----------------------------------------------------------------------
current col clash: 0
current row clash: 0
current squ clash: 0
benchmarks_simp/INST_16x16/80/inst16x16_80_79.txt find answer: 0.000000
benchmarks_simp/INST_16x16/80/inst16x16_80_79.txt : 30 ms.
--------------------------------------------------
======================================================================
current best clash: 0
----------------------------------------------------------------------
current col clash: 0
current row clash: 0
current squ clash: 0
benchmarks_simp/INST_16x16/80/inst16x16_80_7.txt find answer: 0.000000
benchmarks_simp/INST_16x16/80/inst16x16_80_7.txt : 34 ms.
--------------------------------------------------
======================================================================
current best clash: 0
----------------------------------------------------------------------
current col clash: 0
current row clash: 0
current squ clash: 0
benchmarks_simp/INST_16x16/80/inst16x16_80_80.txt find answer: 0.000000
benchmarks_simp/INST_16x16/80/inst16x16_80_80.txt : 29 ms.
--------------------------------------------------
======================================================================
current best clash: 0
----------------------------------------------------------------------
current col clash: 0
current row clash: 0
current squ clash: 0
benchmarks_simp/INST_16x16/80/inst16x16_80_81.txt find answer: 0.000000
benchmarks_simp/INST_16x16/80/inst16x16_80_81.txt : 26 ms.
--------------------------------------------------
======================================================================
current best clash: 0
----------------------------------------------------------------------
current col clash: 0
current row clash: 0
current squ clash: 0
benchmarks_simp/INST_16x16/80/inst16x16_80_82.txt find answer: 0.000000
benchmarks_simp/INST_16x16/80/inst16x16_80_82.txt : 30 ms.
--------------------------------------------------
======================================================================
current best clash: 0
----------------------------------------------------------------------
current col clash: 0
current row clash: 0
current squ clash: 0
benchmarks_simp/INST_16x16/80/inst16x16_80_83.txt find answer: 0.000000
benchmarks_simp/INST_16x16/80/inst16x16_80_83.txt : 31 ms.
--------------------------------------------------
======================================================================
current best clash: 0
----------------------------------------------------------------------
current col clash: 0
current row clash: 0
current squ clash: 0
benchmarks_simp/INST_16x16/80/inst16x16_80_84.txt find answer: 0.000000
benchmarks_simp/INST_16x16/80/inst16x16_80_84.txt : 32 ms.
--------------------------------------------------
======================================================================
current best clash: 0
----------------------------------------------------------------------
current col clash: 0
current row clash: 0
current squ clash: 0
benchmarks_simp/INST_16x16/80/inst16x16_80_85.txt find answer: 0.000000
benchmarks_simp/INST_16x16/80/inst16x16_80_85.txt : 35 ms.
--------------------------------------------------
======================================================================
current best clash: 0
----------------------------------------------------------------------
current col clash: 0
current row clash: 0
current squ clash: 0
benchmarks_simp/INST_16x16/80/inst16x16_80_86.txt find answer: 0.000000
benchmarks_simp/INST_16x16/80/inst16x16_80_86.txt : 30 ms.
--------------------------------------------------
======================================================================
current best clash: 0
----------------------------------------------------------------------
current col clash: 0
current row clash: 0
current squ clash: 0
benchmarks_simp/INST_16x16/80/inst16x16_80_87.txt find answer: 0.000000
benchmarks_simp/INST_16x16/80/inst16x16_80_87.txt : 31 ms.
--------------------------------------------------
======================================================================
current best clash: 0
----------------------------------------------------------------------
current col clash: 0
current row clash: 0
current squ clash: 0
benchmarks_simp/INST_16x16/80/inst16x16_80_88.txt find answer: 0.000000
benchmarks_simp/INST_16x16/80/inst16x16_80_88.txt : 37 ms.
--------------------------------------------------
======================================================================
current best clash: 0
----------------------------------------------------------------------
current col clash: 0
current row clash: 0
current squ clash: 0
benchmarks_simp/INST_16x16/80/inst16x16_80_89.txt find answer: 0.000000
benchmarks_simp/INST_16x16/80/inst16x16_80_89.txt : 32 ms.
--------------------------------------------------
======================================================================
current best clash: 0
----------------------------------------------------------------------
current col clash: 0
current row clash: 0
current squ clash: 0
benchmarks_simp/INST_16x16/80/inst16x16_80_8.txt find answer: 0.000000
benchmarks_simp/INST_16x16/80/inst16x16_80_8.txt : 30 ms.
--------------------------------------------------
======================================================================
current best clash: 0
----------------------------------------------------------------------
current col clash: 0
current row clash: 0
current squ clash: 0
benchmarks_simp/INST_16x16/80/inst16x16_80_90.txt find answer: 0.000000
benchmarks_simp/INST_16x16/80/inst16x16_80_90.txt : 37 ms.
--------------------------------------------------
======================================================================
current best clash: 0
----------------------------------------------------------------------
current col clash: 0
current row clash: 0
current squ clash: 0
benchmarks_simp/INST_16x16/80/inst16x16_80_91.txt find answer: 0.000000
benchmarks_simp/INST_16x16/80/inst16x16_80_91.txt : 32 ms.
--------------------------------------------------
======================================================================
current best clash: 0
----------------------------------------------------------------------
current col clash: 0
current row clash: 0
current squ clash: 0
benchmarks_simp/INST_16x16/80/inst16x16_80_92.txt find answer: 0.000000
benchmarks_simp/INST_16x16/80/inst16x16_80_92.txt : 28 ms.
--------------------------------------------------
======================================================================
current best clash: 0
----------------------------------------------------------------------
current col clash: 0
current row clash: 0
current squ clash: 0
benchmarks_simp/INST_16x16/80/inst16x16_80_93.txt find answer: 0.000000
benchmarks_simp/INST_16x16/80/inst16x16_80_93.txt : 32 ms.
--------------------------------------------------
======================================================================
current best clash: 0
----------------------------------------------------------------------
current col clash: 0
current row clash: 0
current squ clash: 0
benchmarks_simp/INST_16x16/80/inst16x16_80_94.txt find answer: 0.000000
benchmarks_simp/INST_16x16/80/inst16x16_80_94.txt : 29 ms.
--------------------------------------------------
======================================================================
current best clash: 0
----------------------------------------------------------------------
current col clash: 0
current row clash: 0
current squ clash: 0
benchmarks_simp/INST_16x16/80/inst16x16_80_95.txt find answer: 0.000000
benchmarks_simp/INST_16x16/80/inst16x16_80_95.txt : 40 ms.
--------------------------------------------------
======================================================================
current best clash: 0
----------------------------------------------------------------------
current col clash: 0
current row clash: 0
current squ clash: 0
benchmarks_simp/INST_16x16/80/inst16x16_80_96.txt find answer: 0.000000
benchmarks_simp/INST_16x16/80/inst16x16_80_96.txt : 27 ms.
--------------------------------------------------
======================================================================
current best clash: 0
----------------------------------------------------------------------
current col clash: 0
current row clash: 0
current squ clash: 0
benchmarks_simp/INST_16x16/80/inst16x16_80_97.txt find answer: 0.000000
benchmarks_simp/INST_16x16/80/inst16x16_80_97.txt : 27 ms.
--------------------------------------------------
======================================================================
current best clash: 0
----------------------------------------------------------------------
current col clash: 0
current row clash: 0
current squ clash: 0
benchmarks_simp/INST_16x16/80/inst16x16_80_98.txt find answer: 0.000000
benchmarks_simp/INST_16x16/80/inst16x16_80_98.txt : 29 ms.
--------------------------------------------------
======================================================================
current best clash: 0
----------------------------------------------------------------------
current col clash: 0
current row clash: 0
current squ clash: 0
benchmarks_simp/INST_16x16/80/inst16x16_80_99.txt find answer: 0.000000
benchmarks_simp/INST_16x16/80/inst16x16_80_99.txt : 27 ms.
--------------------------------------------------
======================================================================
current best clash: 0
----------------------------------------------------------------------
current col clash: 0
current row clash: 0
current squ clash: 0
benchmarks_simp/INST_16x16/80/inst16x16_80_9.txt find answer: 0.000000
benchmarks_simp/INST_16x16/80/inst16x16_80_9.txt : 32 ms.
