--------------------------------------------------
Traceback (most recent call last):
  File "/home/hanrui/Sudoku-LS/solvers/sudoku_ort/sudoku_dyh_leq.py", line 103, in <module>
    solve_sudoku(file)
  File "/home/hanrui/Sudoku-LS/solvers/sudoku_ort/sudoku_dyh_leq.py", line 45, in solve_sudoku
    eq_num = int(f.readline().strip())
ValueError: invalid literal for int() with base 10: ''
benchmarks_LEQ/INST_25x25/100/inst25x25_100_0.txt : 4650 ms.
--------------------------------------------------
Traceback (most recent call last):
  File "/home/hanrui/Sudoku-LS/solvers/sudoku_ort/sudoku_dyh_leq.py", line 103, in <module>
    solve_sudoku(file)
  File "/home/hanrui/Sudoku-LS/solvers/sudoku_ort/sudoku_dyh_leq.py", line 45, in solve_sudoku
    eq_num = int(f.readline().strip())
ValueError: invalid literal for int() with base 10: ''
benchmarks_LEQ/INST_25x25/100/inst25x25_100_10.txt : 882 ms.
--------------------------------------------------
Traceback (most recent call last):
  File "/home/hanrui/Sudoku-LS/solvers/sudoku_ort/sudoku_dyh_leq.py", line 103, in <module>
    solve_sudoku(file)
  File "/home/hanrui/Sudoku-LS/solvers/sudoku_ort/sudoku_dyh_leq.py", line 45, in solve_sudoku
    eq_num = int(f.readline().strip())
ValueError: invalid literal for int() with base 10: ''
benchmarks_LEQ/INST_25x25/100/inst25x25_100_11.txt : 998 ms.
--------------------------------------------------
Traceback (most recent call last):
  File "/home/hanrui/Sudoku-LS/solvers/sudoku_ort/sudoku_dyh_leq.py", line 103, in <module>
    solve_sudoku(file)
  File "/home/hanrui/Sudoku-LS/solvers/sudoku_ort/sudoku_dyh_leq.py", line 45, in solve_sudoku
    eq_num = int(f.readline().strip())
ValueError: invalid literal for int() with base 10: ''
benchmarks_LEQ/INST_25x25/100/inst25x25_100_12.txt : 1006 ms.
--------------------------------------------------
Traceback (most recent call last):
  File "/home/hanrui/Sudoku-LS/solvers/sudoku_ort/sudoku_dyh_leq.py", line 103, in <module>
    solve_sudoku(file)
  File "/home/hanrui/Sudoku-LS/solvers/sudoku_ort/sudoku_dyh_leq.py", line 45, in solve_sudoku
    eq_num = int(f.readline().strip())
ValueError: invalid literal for int() with base 10: ''
benchmarks_LEQ/INST_25x25/100/inst25x25_100_13.txt : 1230 ms.
--------------------------------------------------
Traceback (most recent call last):
  File "/home/hanrui/Sudoku-LS/solvers/sudoku_ort/sudoku_dyh_leq.py", line 103, in <module>
    solve_sudoku(file)
  File "/home/hanrui/Sudoku-LS/solvers/sudoku_ort/sudoku_dyh_leq.py", line 45, in solve_sudoku
    eq_num = int(f.readline().strip())
ValueError: invalid literal for int() with base 10: ''
benchmarks_LEQ/INST_25x25/100/inst25x25_100_14.txt : 1347 ms.
--------------------------------------------------
Traceback (most recent call last):
  File "/home/hanrui/Sudoku-LS/solvers/sudoku_ort/sudoku_dyh_leq.py", line 103, in <module>
    solve_sudoku(file)
  File "/home/hanrui/Sudoku-LS/solvers/sudoku_ort/sudoku_dyh_leq.py", line 45, in solve_sudoku
    eq_num = int(f.readline().strip())
ValueError: invalid literal for int() with base 10: ''
benchmarks_LEQ/INST_25x25/100/inst25x25_100_15.txt : 1317 ms.
--------------------------------------------------
Traceback (most recent call last):
  File "/home/hanrui/Sudoku-LS/solvers/sudoku_ort/sudoku_dyh_leq.py", line 103, in <module>
    solve_sudoku(file)
  File "/home/hanrui/Sudoku-LS/solvers/sudoku_ort/sudoku_dyh_leq.py", line 45, in solve_sudoku
    eq_num = int(f.readline().strip())
ValueError: invalid literal for int() with base 10: ''
benchmarks_LEQ/INST_25x25/100/inst25x25_100_16.txt : 1524 ms.
--------------------------------------------------
Traceback (most recent call last):
  File "/home/hanrui/Sudoku-LS/solvers/sudoku_ort/sudoku_dyh_leq.py", line 103, in <module>
    solve_sudoku(file)
  File "/home/hanrui/Sudoku-LS/solvers/sudoku_ort/sudoku_dyh_leq.py", line 45, in solve_sudoku
    eq_num = int(f.readline().strip())
ValueError: invalid literal for int() with base 10: ''
benchmarks_LEQ/INST_25x25/100/inst25x25_100_17.txt : 1990 ms.
--------------------------------------------------
Traceback (most recent call last):
  File "/home/hanrui/Sudoku-LS/solvers/sudoku_ort/sudoku_dyh_leq.py", line 103, in <module>
    solve_sudoku(file)
  File "/home/hanrui/Sudoku-LS/solvers/sudoku_ort/sudoku_dyh_leq.py", line 45, in solve_sudoku
    eq_num = int(f.readline().strip())
ValueError: invalid literal for int() with base 10: ''
benchmarks_LEQ/INST_25x25/100/inst25x25_100_18.txt : 1562 ms.
--------------------------------------------------
Traceback (most recent call last):
  File "/home/hanrui/Sudoku-LS/solvers/sudoku_ort/sudoku_dyh_leq.py", line 103, in <module>
    solve_sudoku(file)
  File "/home/hanrui/Sudoku-LS/solvers/sudoku_ort/sudoku_dyh_leq.py", line 45, in solve_sudoku
    eq_num = int(f.readline().strip())
ValueError: invalid literal for int() with base 10: ''
benchmarks_LEQ/INST_25x25/100/inst25x25_100_19.txt : 1605 ms.
--------------------------------------------------
Traceback (most recent call last):
  File "/home/hanrui/Sudoku-LS/solvers/sudoku_ort/sudoku_dyh_leq.py", line 103, in <module>
    solve_sudoku(file)
  File "/home/hanrui/Sudoku-LS/solvers/sudoku_ort/sudoku_dyh_leq.py", line 45, in solve_sudoku
    eq_num = int(f.readline().strip())
ValueError: invalid literal for int() with base 10: ''
benchmarks_LEQ/INST_25x25/100/inst25x25_100_1.txt : 1677 ms.
--------------------------------------------------
Traceback (most recent call last):
  File "/home/hanrui/Sudoku-LS/solvers/sudoku_ort/sudoku_dyh_leq.py", line 103, in <module>
    solve_sudoku(file)
  File "/home/hanrui/Sudoku-LS/solvers/sudoku_ort/sudoku_dyh_leq.py", line 45, in solve_sudoku
    eq_num = int(f.readline().strip())
ValueError: invalid literal for int() with base 10: ''
benchmarks_LEQ/INST_25x25/100/inst25x25_100_20.txt : 1621 ms.
--------------------------------------------------
Traceback (most recent call last):
  File "/home/hanrui/Sudoku-LS/solvers/sudoku_ort/sudoku_dyh_leq.py", line 103, in <module>
    solve_sudoku(file)
  File "/home/hanrui/Sudoku-LS/solvers/sudoku_ort/sudoku_dyh_leq.py", line 45, in solve_sudoku
    eq_num = int(f.readline().strip())
ValueError: invalid literal for int() with base 10: ''
benchmarks_LEQ/INST_25x25/100/inst25x25_100_21.txt : 1804 ms.
--------------------------------------------------
Traceback (most recent call last):
  File "/home/hanrui/Sudoku-LS/solvers/sudoku_ort/sudoku_dyh_leq.py", line 103, in <module>
    solve_sudoku(file)
  File "/home/hanrui/Sudoku-LS/solvers/sudoku_ort/sudoku_dyh_leq.py", line 45, in solve_sudoku
    eq_num = int(f.readline().strip())
ValueError: invalid literal for int() with base 10: ''
benchmarks_LEQ/INST_25x25/100/inst25x25_100_22.txt : 1986 ms.
--------------------------------------------------
Traceback (most recent call last):
  File "/home/hanrui/Sudoku-LS/solvers/sudoku_ort/sudoku_dyh_leq.py", line 103, in <module>
    solve_sudoku(file)
  File "/home/hanrui/Sudoku-LS/solvers/sudoku_ort/sudoku_dyh_leq.py", line 45, in solve_sudoku
    eq_num = int(f.readline().strip())
ValueError: invalid literal for int() with base 10: ''
benchmarks_LEQ/INST_25x25/100/inst25x25_100_23.txt : 2120 ms.
--------------------------------------------------
Traceback (most recent call last):
  File "/home/hanrui/Sudoku-LS/solvers/sudoku_ort/sudoku_dyh_leq.py", line 103, in <module>
    solve_sudoku(file)
  File "/home/hanrui/Sudoku-LS/solvers/sudoku_ort/sudoku_dyh_leq.py", line 45, in solve_sudoku
    eq_num = int(f.readline().strip())
ValueError: invalid literal for int() with base 10: ''
benchmarks_LEQ/INST_25x25/100/inst25x25_100_24.txt : 1667 ms.
--------------------------------------------------
Traceback (most recent call last):
  File "/home/hanrui/Sudoku-LS/solvers/sudoku_ort/sudoku_dyh_leq.py", line 103, in <module>
    solve_sudoku(file)
  File "/home/hanrui/Sudoku-LS/solvers/sudoku_ort/sudoku_dyh_leq.py", line 45, in solve_sudoku
    eq_num = int(f.readline().strip())
ValueError: invalid literal for int() with base 10: ''
benchmarks_LEQ/INST_25x25/100/inst25x25_100_25.txt : 1764 ms.
--------------------------------------------------
Traceback (most recent call last):
  File "/home/hanrui/Sudoku-LS/solvers/sudoku_ort/sudoku_dyh_leq.py", line 103, in <module>
    solve_sudoku(file)
  File "/home/hanrui/Sudoku-LS/solvers/sudoku_ort/sudoku_dyh_leq.py", line 45, in solve_sudoku
    eq_num = int(f.readline().strip())
ValueError: invalid literal for int() with base 10: ''
benchmarks_LEQ/INST_25x25/100/inst25x25_100_26.txt : 1705 ms.
--------------------------------------------------
Traceback (most recent call last):
  File "/home/hanrui/Sudoku-LS/solvers/sudoku_ort/sudoku_dyh_leq.py", line 103, in <module>
    solve_sudoku(file)
  File "/home/hanrui/Sudoku-LS/solvers/sudoku_ort/sudoku_dyh_leq.py", line 45, in solve_sudoku
    eq_num = int(f.readline().strip())
ValueError: invalid literal for int() with base 10: ''
benchmarks_LEQ/INST_25x25/100/inst25x25_100_27.txt : 1410 ms.
--------------------------------------------------
Traceback (most recent call last):
  File "/home/hanrui/Sudoku-LS/solvers/sudoku_ort/sudoku_dyh_leq.py", line 103, in <module>
    solve_sudoku(file)
  File "/home/hanrui/Sudoku-LS/solvers/sudoku_ort/sudoku_dyh_leq.py", line 45, in solve_sudoku
    eq_num = int(f.readline().strip())
ValueError: invalid literal for int() with base 10: ''
benchmarks_LEQ/INST_25x25/100/inst25x25_100_28.txt : 1402 ms.
--------------------------------------------------
Traceback (most recent call last):
  File "/home/hanrui/Sudoku-LS/solvers/sudoku_ort/sudoku_dyh_leq.py", line 103, in <module>
    solve_sudoku(file)
  File "/home/hanrui/Sudoku-LS/solvers/sudoku_ort/sudoku_dyh_leq.py", line 45, in solve_sudoku
    eq_num = int(f.readline().strip())
ValueError: invalid literal for int() with base 10: ''
benchmarks_LEQ/INST_25x25/100/inst25x25_100_29.txt : 2029 ms.
--------------------------------------------------
Traceback (most recent call last):
  File "/home/hanrui/Sudoku-LS/solvers/sudoku_ort/sudoku_dyh_leq.py", line 103, in <module>
    solve_sudoku(file)
  File "/home/hanrui/Sudoku-LS/solvers/sudoku_ort/sudoku_dyh_leq.py", line 45, in solve_sudoku
    eq_num = int(f.readline().strip())
ValueError: invalid literal for int() with base 10: ''
benchmarks_LEQ/INST_25x25/100/inst25x25_100_2.txt : 2030 ms.
--------------------------------------------------
Traceback (most recent call last):
  File "/home/hanrui/Sudoku-LS/solvers/sudoku_ort/sudoku_dyh_leq.py", line 103, in <module>
    solve_sudoku(file)
  File "/home/hanrui/Sudoku-LS/solvers/sudoku_ort/sudoku_dyh_leq.py", line 45, in solve_sudoku
    eq_num = int(f.readline().strip())
ValueError: invalid literal for int() with base 10: ''
benchmarks_LEQ/INST_25x25/100/inst25x25_100_30.txt : 2459 ms.
--------------------------------------------------
Traceback (most recent call last):
  File "/home/hanrui/Sudoku-LS/solvers/sudoku_ort/sudoku_dyh_leq.py", line 103, in <module>
    solve_sudoku(file)
  File "/home/hanrui/Sudoku-LS/solvers/sudoku_ort/sudoku_dyh_leq.py", line 45, in solve_sudoku
    eq_num = int(f.readline().strip())
ValueError: invalid literal for int() with base 10: ''
benchmarks_LEQ/INST_25x25/100/inst25x25_100_31.txt : 1859 ms.
--------------------------------------------------
Traceback (most recent call last):
  File "/home/hanrui/Sudoku-LS/solvers/sudoku_ort/sudoku_dyh_leq.py", line 103, in <module>
    solve_sudoku(file)
  File "/home/hanrui/Sudoku-LS/solvers/sudoku_ort/sudoku_dyh_leq.py", line 45, in solve_sudoku
    eq_num = int(f.readline().strip())
ValueError: invalid literal for int() with base 10: ''
benchmarks_LEQ/INST_25x25/100/inst25x25_100_32.txt : 2014 ms.
--------------------------------------------------
Traceback (most recent call last):
  File "/home/hanrui/Sudoku-LS/solvers/sudoku_ort/sudoku_dyh_leq.py", line 103, in <module>
    solve_sudoku(file)
  File "/home/hanrui/Sudoku-LS/solvers/sudoku_ort/sudoku_dyh_leq.py", line 45, in solve_sudoku
    eq_num = int(f.readline().strip())
ValueError: invalid literal for int() with base 10: ''
benchmarks_LEQ/INST_25x25/100/inst25x25_100_33.txt : 2009 ms.
--------------------------------------------------
Traceback (most recent call last):
  File "/home/hanrui/Sudoku-LS/solvers/sudoku_ort/sudoku_dyh_leq.py", line 103, in <module>
    solve_sudoku(file)
  File "/home/hanrui/Sudoku-LS/solvers/sudoku_ort/sudoku_dyh_leq.py", line 45, in solve_sudoku
    eq_num = int(f.readline().strip())
ValueError: invalid literal for int() with base 10: ''
benchmarks_LEQ/INST_25x25/100/inst25x25_100_34.txt : 1565 ms.
--------------------------------------------------
Traceback (most recent call last):
  File "/home/hanrui/Sudoku-LS/solvers/sudoku_ort/sudoku_dyh_leq.py", line 103, in <module>
    solve_sudoku(file)
  File "/home/hanrui/Sudoku-LS/solvers/sudoku_ort/sudoku_dyh_leq.py", line 45, in solve_sudoku
    eq_num = int(f.readline().strip())
ValueError: invalid literal for int() with base 10: ''
benchmarks_LEQ/INST_25x25/100/inst25x25_100_35.txt : 1653 ms.
--------------------------------------------------
Traceback (most recent call last):
  File "/home/hanrui/Sudoku-LS/solvers/sudoku_ort/sudoku_dyh_leq.py", line 103, in <module>
    solve_sudoku(file)
  File "/home/hanrui/Sudoku-LS/solvers/sudoku_ort/sudoku_dyh_leq.py", line 45, in solve_sudoku
    eq_num = int(f.readline().strip())
ValueError: invalid literal for int() with base 10: ''
benchmarks_LEQ/INST_25x25/100/inst25x25_100_36.txt : 2435 ms.
--------------------------------------------------
Traceback (most recent call last):
  File "/home/hanrui/Sudoku-LS/solvers/sudoku_ort/sudoku_dyh_leq.py", line 103, in <module>
    solve_sudoku(file)
  File "/home/hanrui/Sudoku-LS/solvers/sudoku_ort/sudoku_dyh_leq.py", line 45, in solve_sudoku
    eq_num = int(f.readline().strip())
ValueError: invalid literal for int() with base 10: ''
benchmarks_LEQ/INST_25x25/100/inst25x25_100_37.txt : 2195 ms.
--------------------------------------------------
Traceback (most recent call last):
  File "/home/hanrui/Sudoku-LS/solvers/sudoku_ort/sudoku_dyh_leq.py", line 103, in <module>
    solve_sudoku(file)
  File "/home/hanrui/Sudoku-LS/solvers/sudoku_ort/sudoku_dyh_leq.py", line 45, in solve_sudoku
    eq_num = int(f.readline().strip())
ValueError: invalid literal for int() with base 10: ''
benchmarks_LEQ/INST_25x25/100/inst25x25_100_38.txt : 1756 ms.
--------------------------------------------------
Traceback (most recent call last):
  File "/home/hanrui/Sudoku-LS/solvers/sudoku_ort/sudoku_dyh_leq.py", line 103, in <module>
    solve_sudoku(file)
  File "/home/hanrui/Sudoku-LS/solvers/sudoku_ort/sudoku_dyh_leq.py", line 45, in solve_sudoku
    eq_num = int(f.readline().strip())
ValueError: invalid literal for int() with base 10: ''
benchmarks_LEQ/INST_25x25/100/inst25x25_100_39.txt : 2104 ms.
--------------------------------------------------
Traceback (most recent call last):
  File "/home/hanrui/Sudoku-LS/solvers/sudoku_ort/sudoku_dyh_leq.py", line 103, in <module>
    solve_sudoku(file)
  File "/home/hanrui/Sudoku-LS/solvers/sudoku_ort/sudoku_dyh_leq.py", line 45, in solve_sudoku
    eq_num = int(f.readline().strip())
ValueError: invalid literal for int() with base 10: ''
benchmarks_LEQ/INST_25x25/100/inst25x25_100_3.txt : 2062 ms.
--------------------------------------------------
Traceback (most recent call last):
  File "/home/hanrui/Sudoku-LS/solvers/sudoku_ort/sudoku_dyh_leq.py", line 103, in <module>
    solve_sudoku(file)
  File "/home/hanrui/Sudoku-LS/solvers/sudoku_ort/sudoku_dyh_leq.py", line 45, in solve_sudoku
    eq_num = int(f.readline().strip())
ValueError: invalid literal for int() with base 10: ''
benchmarks_LEQ/INST_25x25/100/inst25x25_100_40.txt : 2302 ms.
--------------------------------------------------
Traceback (most recent call last):
  File "/home/hanrui/Sudoku-LS/solvers/sudoku_ort/sudoku_dyh_leq.py", line 103, in <module>
    solve_sudoku(file)
  File "/home/hanrui/Sudoku-LS/solvers/sudoku_ort/sudoku_dyh_leq.py", line 45, in solve_sudoku
    eq_num = int(f.readline().strip())
ValueError: invalid literal for int() with base 10: ''
benchmarks_LEQ/INST_25x25/100/inst25x25_100_41.txt : 1570 ms.
--------------------------------------------------
Traceback (most recent call last):
  File "/home/hanrui/Sudoku-LS/solvers/sudoku_ort/sudoku_dyh_leq.py", line 103, in <module>
    solve_sudoku(file)
  File "/home/hanrui/Sudoku-LS/solvers/sudoku_ort/sudoku_dyh_leq.py", line 45, in solve_sudoku
    eq_num = int(f.readline().strip())
ValueError: invalid literal for int() with base 10: ''
benchmarks_LEQ/INST_25x25/100/inst25x25_100_42.txt : 2064 ms.
--------------------------------------------------
Traceback (most recent call last):
  File "/home/hanrui/Sudoku-LS/solvers/sudoku_ort/sudoku_dyh_leq.py", line 103, in <module>
    solve_sudoku(file)
  File "/home/hanrui/Sudoku-LS/solvers/sudoku_ort/sudoku_dyh_leq.py", line 45, in solve_sudoku
    eq_num = int(f.readline().strip())
ValueError: invalid literal for int() with base 10: ''
benchmarks_LEQ/INST_25x25/100/inst25x25_100_43.txt : 2252 ms.
--------------------------------------------------
Traceback (most recent call last):
  File "/home/hanrui/Sudoku-LS/solvers/sudoku_ort/sudoku_dyh_leq.py", line 103, in <module>
    solve_sudoku(file)
  File "/home/hanrui/Sudoku-LS/solvers/sudoku_ort/sudoku_dyh_leq.py", line 45, in solve_sudoku
    eq_num = int(f.readline().strip())
ValueError: invalid literal for int() with base 10: ''
benchmarks_LEQ/INST_25x25/100/inst25x25_100_44.txt : 1775 ms.
--------------------------------------------------
Traceback (most recent call last):
  File "/home/hanrui/Sudoku-LS/solvers/sudoku_ort/sudoku_dyh_leq.py", line 103, in <module>
    solve_sudoku(file)
  File "/home/hanrui/Sudoku-LS/solvers/sudoku_ort/sudoku_dyh_leq.py", line 45, in solve_sudoku
    eq_num = int(f.readline().strip())
ValueError: invalid literal for int() with base 10: ''
benchmarks_LEQ/INST_25x25/100/inst25x25_100_45.txt : 2116 ms.
--------------------------------------------------
Traceback (most recent call last):
  File "/home/hanrui/Sudoku-LS/solvers/sudoku_ort/sudoku_dyh_leq.py", line 103, in <module>
    solve_sudoku(file)
  File "/home/hanrui/Sudoku-LS/solvers/sudoku_ort/sudoku_dyh_leq.py", line 45, in solve_sudoku
    eq_num = int(f.readline().strip())
ValueError: invalid literal for int() with base 10: ''
benchmarks_LEQ/INST_25x25/100/inst25x25_100_46.txt : 2357 ms.
--------------------------------------------------
Traceback (most recent call last):
  File "/home/hanrui/Sudoku-LS/solvers/sudoku_ort/sudoku_dyh_leq.py", line 103, in <module>
    solve_sudoku(file)
  File "/home/hanrui/Sudoku-LS/solvers/sudoku_ort/sudoku_dyh_leq.py", line 45, in solve_sudoku
    eq_num = int(f.readline().strip())
ValueError: invalid literal for int() with base 10: ''
benchmarks_LEQ/INST_25x25/100/inst25x25_100_47.txt : 1905 ms.
--------------------------------------------------
Traceback (most recent call last):
  File "/home/hanrui/Sudoku-LS/solvers/sudoku_ort/sudoku_dyh_leq.py", line 103, in <module>
    solve_sudoku(file)
  File "/home/hanrui/Sudoku-LS/solvers/sudoku_ort/sudoku_dyh_leq.py", line 45, in solve_sudoku
    eq_num = int(f.readline().strip())
ValueError: invalid literal for int() with base 10: ''
benchmarks_LEQ/INST_25x25/100/inst25x25_100_48.txt : 1705 ms.
--------------------------------------------------
Traceback (most recent call last):
  File "/home/hanrui/Sudoku-LS/solvers/sudoku_ort/sudoku_dyh_leq.py", line 103, in <module>
    solve_sudoku(file)
  File "/home/hanrui/Sudoku-LS/solvers/sudoku_ort/sudoku_dyh_leq.py", line 45, in solve_sudoku
    eq_num = int(f.readline().strip())
ValueError: invalid literal for int() with base 10: ''
benchmarks_LEQ/INST_25x25/100/inst25x25_100_49.txt : 1774 ms.
--------------------------------------------------
Traceback (most recent call last):
  File "/home/hanrui/Sudoku-LS/solvers/sudoku_ort/sudoku_dyh_leq.py", line 103, in <module>
    solve_sudoku(file)
  File "/home/hanrui/Sudoku-LS/solvers/sudoku_ort/sudoku_dyh_leq.py", line 45, in solve_sudoku
    eq_num = int(f.readline().strip())
ValueError: invalid literal for int() with base 10: ''
benchmarks_LEQ/INST_25x25/100/inst25x25_100_4.txt : 2171 ms.
--------------------------------------------------
Traceback (most recent call last):
  File "/home/hanrui/Sudoku-LS/solvers/sudoku_ort/sudoku_dyh_leq.py", line 103, in <module>
    solve_sudoku(file)
  File "/home/hanrui/Sudoku-LS/solvers/sudoku_ort/sudoku_dyh_leq.py", line 45, in solve_sudoku
    eq_num = int(f.readline().strip())
ValueError: invalid literal for int() with base 10: ''
benchmarks_LEQ/INST_25x25/100/inst25x25_100_50.txt : 2361 ms.
--------------------------------------------------
Traceback (most recent call last):
  File "/home/hanrui/Sudoku-LS/solvers/sudoku_ort/sudoku_dyh_leq.py", line 103, in <module>
    solve_sudoku(file)
  File "/home/hanrui/Sudoku-LS/solvers/sudoku_ort/sudoku_dyh_leq.py", line 45, in solve_sudoku
    eq_num = int(f.readline().strip())
ValueError: invalid literal for int() with base 10: ''
benchmarks_LEQ/INST_25x25/100/inst25x25_100_51.txt : 2127 ms.
--------------------------------------------------
Traceback (most recent call last):
  File "/home/hanrui/Sudoku-LS/solvers/sudoku_ort/sudoku_dyh_leq.py", line 103, in <module>
    solve_sudoku(file)
  File "/home/hanrui/Sudoku-LS/solvers/sudoku_ort/sudoku_dyh_leq.py", line 45, in solve_sudoku
    eq_num = int(f.readline().strip())
ValueError: invalid literal for int() with base 10: ''
benchmarks_LEQ/INST_25x25/100/inst25x25_100_52.txt : 2237 ms.
--------------------------------------------------
Traceback (most recent call last):
  File "/home/hanrui/Sudoku-LS/solvers/sudoku_ort/sudoku_dyh_leq.py", line 103, in <module>
    solve_sudoku(file)
  File "/home/hanrui/Sudoku-LS/solvers/sudoku_ort/sudoku_dyh_leq.py", line 45, in solve_sudoku
    eq_num = int(f.readline().strip())
ValueError: invalid literal for int() with base 10: ''
benchmarks_LEQ/INST_25x25/100/inst25x25_100_53.txt : 2037 ms.
--------------------------------------------------
Traceback (most recent call last):
  File "/home/hanrui/Sudoku-LS/solvers/sudoku_ort/sudoku_dyh_leq.py", line 103, in <module>
    solve_sudoku(file)
  File "/home/hanrui/Sudoku-LS/solvers/sudoku_ort/sudoku_dyh_leq.py", line 45, in solve_sudoku
    eq_num = int(f.readline().strip())
ValueError: invalid literal for int() with base 10: ''
benchmarks_LEQ/INST_25x25/100/inst25x25_100_54.txt : 2087 ms.
--------------------------------------------------
Traceback (most recent call last):
  File "/home/hanrui/Sudoku-LS/solvers/sudoku_ort/sudoku_dyh_leq.py", line 103, in <module>
    solve_sudoku(file)
  File "/home/hanrui/Sudoku-LS/solvers/sudoku_ort/sudoku_dyh_leq.py", line 45, in solve_sudoku
    eq_num = int(f.readline().strip())
ValueError: invalid literal for int() with base 10: ''
benchmarks_LEQ/INST_25x25/100/inst25x25_100_55.txt : 1889 ms.
--------------------------------------------------
Traceback (most recent call last):
  File "/home/hanrui/Sudoku-LS/solvers/sudoku_ort/sudoku_dyh_leq.py", line 103, in <module>
    solve_sudoku(file)
  File "/home/hanrui/Sudoku-LS/solvers/sudoku_ort/sudoku_dyh_leq.py", line 45, in solve_sudoku
    eq_num = int(f.readline().strip())
ValueError: invalid literal for int() with base 10: ''
benchmarks_LEQ/INST_25x25/100/inst25x25_100_56.txt : 1886 ms.
--------------------------------------------------
Traceback (most recent call last):
  File "/home/hanrui/Sudoku-LS/solvers/sudoku_ort/sudoku_dyh_leq.py", line 103, in <module>
    solve_sudoku(file)
  File "/home/hanrui/Sudoku-LS/solvers/sudoku_ort/sudoku_dyh_leq.py", line 45, in solve_sudoku
    eq_num = int(f.readline().strip())
ValueError: invalid literal for int() with base 10: ''
benchmarks_LEQ/INST_25x25/100/inst25x25_100_57.txt : 2629 ms.
--------------------------------------------------
Traceback (most recent call last):
  File "/home/hanrui/Sudoku-LS/solvers/sudoku_ort/sudoku_dyh_leq.py", line 103, in <module>
    solve_sudoku(file)
  File "/home/hanrui/Sudoku-LS/solvers/sudoku_ort/sudoku_dyh_leq.py", line 45, in solve_sudoku
    eq_num = int(f.readline().strip())
ValueError: invalid literal for int() with base 10: ''
benchmarks_LEQ/INST_25x25/100/inst25x25_100_58.txt : 2658 ms.
--------------------------------------------------
Traceback (most recent call last):
  File "/home/hanrui/Sudoku-LS/solvers/sudoku_ort/sudoku_dyh_leq.py", line 103, in <module>
    solve_sudoku(file)
  File "/home/hanrui/Sudoku-LS/solvers/sudoku_ort/sudoku_dyh_leq.py", line 45, in solve_sudoku
    eq_num = int(f.readline().strip())
ValueError: invalid literal for int() with base 10: ''
benchmarks_LEQ/INST_25x25/100/inst25x25_100_59.txt : 2166 ms.
--------------------------------------------------
Traceback (most recent call last):
  File "/home/hanrui/Sudoku-LS/solvers/sudoku_ort/sudoku_dyh_leq.py", line 103, in <module>
    solve_sudoku(file)
  File "/home/hanrui/Sudoku-LS/solvers/sudoku_ort/sudoku_dyh_leq.py", line 45, in solve_sudoku
    eq_num = int(f.readline().strip())
ValueError: invalid literal for int() with base 10: ''
benchmarks_LEQ/INST_25x25/100/inst25x25_100_5.txt : 2703 ms.
--------------------------------------------------
Traceback (most recent call last):
  File "/home/hanrui/Sudoku-LS/solvers/sudoku_ort/sudoku_dyh_leq.py", line 103, in <module>
    solve_sudoku(file)
  File "/home/hanrui/Sudoku-LS/solvers/sudoku_ort/sudoku_dyh_leq.py", line 45, in solve_sudoku
    eq_num = int(f.readline().strip())
ValueError: invalid literal for int() with base 10: ''
benchmarks_LEQ/INST_25x25/100/inst25x25_100_60.txt : 3062 ms.
--------------------------------------------------
Traceback (most recent call last):
  File "/home/hanrui/Sudoku-LS/solvers/sudoku_ort/sudoku_dyh_leq.py", line 103, in <module>
    solve_sudoku(file)
  File "/home/hanrui/Sudoku-LS/solvers/sudoku_ort/sudoku_dyh_leq.py", line 45, in solve_sudoku
    eq_num = int(f.readline().strip())
ValueError: invalid literal for int() with base 10: ''
benchmarks_LEQ/INST_25x25/100/inst25x25_100_61.txt : 2507 ms.
--------------------------------------------------
Traceback (most recent call last):
  File "/home/hanrui/Sudoku-LS/solvers/sudoku_ort/sudoku_dyh_leq.py", line 103, in <module>
    solve_sudoku(file)
  File "/home/hanrui/Sudoku-LS/solvers/sudoku_ort/sudoku_dyh_leq.py", line 45, in solve_sudoku
    eq_num = int(f.readline().strip())
ValueError: invalid literal for int() with base 10: ''
benchmarks_LEQ/INST_25x25/100/inst25x25_100_62.txt : 2606 ms.
--------------------------------------------------
Traceback (most recent call last):
  File "/home/hanrui/Sudoku-LS/solvers/sudoku_ort/sudoku_dyh_leq.py", line 103, in <module>
    solve_sudoku(file)
  File "/home/hanrui/Sudoku-LS/solvers/sudoku_ort/sudoku_dyh_leq.py", line 45, in solve_sudoku
    eq_num = int(f.readline().strip())
ValueError: invalid literal for int() with base 10: ''
benchmarks_LEQ/INST_25x25/100/inst25x25_100_63.txt : 2496 ms.
--------------------------------------------------
Traceback (most recent call last):
  File "/home/hanrui/Sudoku-LS/solvers/sudoku_ort/sudoku_dyh_leq.py", line 103, in <module>
    solve_sudoku(file)
  File "/home/hanrui/Sudoku-LS/solvers/sudoku_ort/sudoku_dyh_leq.py", line 45, in solve_sudoku
    eq_num = int(f.readline().strip())
ValueError: invalid literal for int() with base 10: ''
benchmarks_LEQ/INST_25x25/100/inst25x25_100_64.txt : 2477 ms.
--------------------------------------------------
Traceback (most recent call last):
  File "/home/hanrui/Sudoku-LS/solvers/sudoku_ort/sudoku_dyh_leq.py", line 103, in <module>
    solve_sudoku(file)
  File "/home/hanrui/Sudoku-LS/solvers/sudoku_ort/sudoku_dyh_leq.py", line 45, in solve_sudoku
    eq_num = int(f.readline().strip())
ValueError: invalid literal for int() with base 10: ''
benchmarks_LEQ/INST_25x25/100/inst25x25_100_65.txt : 2512 ms.
--------------------------------------------------
Traceback (most recent call last):
  File "/home/hanrui/Sudoku-LS/solvers/sudoku_ort/sudoku_dyh_leq.py", line 103, in <module>
    solve_sudoku(file)
  File "/home/hanrui/Sudoku-LS/solvers/sudoku_ort/sudoku_dyh_leq.py", line 45, in solve_sudoku
    eq_num = int(f.readline().strip())
ValueError: invalid literal for int() with base 10: ''
benchmarks_LEQ/INST_25x25/100/inst25x25_100_66.txt : 2359 ms.
--------------------------------------------------
Traceback (most recent call last):
  File "/home/hanrui/Sudoku-LS/solvers/sudoku_ort/sudoku_dyh_leq.py", line 103, in <module>
    solve_sudoku(file)
  File "/home/hanrui/Sudoku-LS/solvers/sudoku_ort/sudoku_dyh_leq.py", line 45, in solve_sudoku
    eq_num = int(f.readline().strip())
ValueError: invalid literal for int() with base 10: ''
benchmarks_LEQ/INST_25x25/100/inst25x25_100_67.txt : 2115 ms.
--------------------------------------------------
Traceback (most recent call last):
  File "/home/hanrui/Sudoku-LS/solvers/sudoku_ort/sudoku_dyh_leq.py", line 103, in <module>
    solve_sudoku(file)
  File "/home/hanrui/Sudoku-LS/solvers/sudoku_ort/sudoku_dyh_leq.py", line 45, in solve_sudoku
    eq_num = int(f.readline().strip())
ValueError: invalid literal for int() with base 10: ''
benchmarks_LEQ/INST_25x25/100/inst25x25_100_68.txt : 2301 ms.
--------------------------------------------------
Traceback (most recent call last):
  File "/home/hanrui/Sudoku-LS/solvers/sudoku_ort/sudoku_dyh_leq.py", line 103, in <module>
    solve_sudoku(file)
  File "/home/hanrui/Sudoku-LS/solvers/sudoku_ort/sudoku_dyh_leq.py", line 45, in solve_sudoku
    eq_num = int(f.readline().strip())
ValueError: invalid literal for int() with base 10: ''
benchmarks_LEQ/INST_25x25/100/inst25x25_100_69.txt : 2520 ms.
--------------------------------------------------
Traceback (most recent call last):
  File "/home/hanrui/Sudoku-LS/solvers/sudoku_ort/sudoku_dyh_leq.py", line 103, in <module>
    solve_sudoku(file)
  File "/home/hanrui/Sudoku-LS/solvers/sudoku_ort/sudoku_dyh_leq.py", line 45, in solve_sudoku
    eq_num = int(f.readline().strip())
ValueError: invalid literal for int() with base 10: ''
benchmarks_LEQ/INST_25x25/100/inst25x25_100_6.txt : 2200 ms.
--------------------------------------------------
Traceback (most recent call last):
  File "/home/hanrui/Sudoku-LS/solvers/sudoku_ort/sudoku_dyh_leq.py", line 103, in <module>
    solve_sudoku(file)
  File "/home/hanrui/Sudoku-LS/solvers/sudoku_ort/sudoku_dyh_leq.py", line 45, in solve_sudoku
    eq_num = int(f.readline().strip())
ValueError: invalid literal for int() with base 10: ''
benchmarks_LEQ/INST_25x25/100/inst25x25_100_70.txt : 2094 ms.
--------------------------------------------------
Traceback (most recent call last):
  File "/home/hanrui/Sudoku-LS/solvers/sudoku_ort/sudoku_dyh_leq.py", line 103, in <module>
    solve_sudoku(file)
  File "/home/hanrui/Sudoku-LS/solvers/sudoku_ort/sudoku_dyh_leq.py", line 45, in solve_sudoku
    eq_num = int(f.readline().strip())
ValueError: invalid literal for int() with base 10: ''
benchmarks_LEQ/INST_25x25/100/inst25x25_100_71.txt : 2572 ms.
--------------------------------------------------
Traceback (most recent call last):
  File "/home/hanrui/Sudoku-LS/solvers/sudoku_ort/sudoku_dyh_leq.py", line 103, in <module>
    solve_sudoku(file)
  File "/home/hanrui/Sudoku-LS/solvers/sudoku_ort/sudoku_dyh_leq.py", line 45, in solve_sudoku
    eq_num = int(f.readline().strip())
ValueError: invalid literal for int() with base 10: ''
benchmarks_LEQ/INST_25x25/100/inst25x25_100_72.txt : 2553 ms.
--------------------------------------------------
Traceback (most recent call last):
  File "/home/hanrui/Sudoku-LS/solvers/sudoku_ort/sudoku_dyh_leq.py", line 103, in <module>
    solve_sudoku(file)
  File "/home/hanrui/Sudoku-LS/solvers/sudoku_ort/sudoku_dyh_leq.py", line 45, in solve_sudoku
    eq_num = int(f.readline().strip())
ValueError: invalid literal for int() with base 10: ''
benchmarks_LEQ/INST_25x25/100/inst25x25_100_73.txt : 2041 ms.
--------------------------------------------------
Traceback (most recent call last):
  File "/home/hanrui/Sudoku-LS/solvers/sudoku_ort/sudoku_dyh_leq.py", line 103, in <module>
    solve_sudoku(file)
  File "/home/hanrui/Sudoku-LS/solvers/sudoku_ort/sudoku_dyh_leq.py", line 45, in solve_sudoku
    eq_num = int(f.readline().strip())
ValueError: invalid literal for int() with base 10: ''
benchmarks_LEQ/INST_25x25/100/inst25x25_100_74.txt : 2293 ms.
--------------------------------------------------
Traceback (most recent call last):
  File "/home/hanrui/Sudoku-LS/solvers/sudoku_ort/sudoku_dyh_leq.py", line 103, in <module>
    solve_sudoku(file)
  File "/home/hanrui/Sudoku-LS/solvers/sudoku_ort/sudoku_dyh_leq.py", line 45, in solve_sudoku
    eq_num = int(f.readline().strip())
ValueError: invalid literal for int() with base 10: ''
benchmarks_LEQ/INST_25x25/100/inst25x25_100_75.txt : 2259 ms.
--------------------------------------------------
Traceback (most recent call last):
  File "/home/hanrui/Sudoku-LS/solvers/sudoku_ort/sudoku_dyh_leq.py", line 103, in <module>
    solve_sudoku(file)
  File "/home/hanrui/Sudoku-LS/solvers/sudoku_ort/sudoku_dyh_leq.py", line 45, in solve_sudoku
    eq_num = int(f.readline().strip())
ValueError: invalid literal for int() with base 10: ''
benchmarks_LEQ/INST_25x25/100/inst25x25_100_76.txt : 2127 ms.
--------------------------------------------------
Traceback (most recent call last):
  File "/home/hanrui/Sudoku-LS/solvers/sudoku_ort/sudoku_dyh_leq.py", line 103, in <module>
    solve_sudoku(file)
  File "/home/hanrui/Sudoku-LS/solvers/sudoku_ort/sudoku_dyh_leq.py", line 45, in solve_sudoku
    eq_num = int(f.readline().strip())
ValueError: invalid literal for int() with base 10: ''
benchmarks_LEQ/INST_25x25/100/inst25x25_100_77.txt : 2152 ms.
--------------------------------------------------
Traceback (most recent call last):
  File "/home/hanrui/Sudoku-LS/solvers/sudoku_ort/sudoku_dyh_leq.py", line 103, in <module>
    solve_sudoku(file)
  File "/home/hanrui/Sudoku-LS/solvers/sudoku_ort/sudoku_dyh_leq.py", line 45, in solve_sudoku
    eq_num = int(f.readline().strip())
ValueError: invalid literal for int() with base 10: ''
benchmarks_LEQ/INST_25x25/100/inst25x25_100_78.txt : 2530 ms.
--------------------------------------------------
Traceback (most recent call last):
  File "/home/hanrui/Sudoku-LS/solvers/sudoku_ort/sudoku_dyh_leq.py", line 103, in <module>
    solve_sudoku(file)
  File "/home/hanrui/Sudoku-LS/solvers/sudoku_ort/sudoku_dyh_leq.py", line 45, in solve_sudoku
    eq_num = int(f.readline().strip())
ValueError: invalid literal for int() with base 10: ''
benchmarks_LEQ/INST_25x25/100/inst25x25_100_79.txt : 2785 ms.
--------------------------------------------------
Traceback (most recent call last):
  File "/home/hanrui/Sudoku-LS/solvers/sudoku_ort/sudoku_dyh_leq.py", line 103, in <module>
    solve_sudoku(file)
  File "/home/hanrui/Sudoku-LS/solvers/sudoku_ort/sudoku_dyh_leq.py", line 45, in solve_sudoku
    eq_num = int(f.readline().strip())
ValueError: invalid literal for int() with base 10: ''
benchmarks_LEQ/INST_25x25/100/inst25x25_100_7.txt : 2580 ms.
--------------------------------------------------
Traceback (most recent call last):
  File "/home/hanrui/Sudoku-LS/solvers/sudoku_ort/sudoku_dyh_leq.py", line 103, in <module>
    solve_sudoku(file)
  File "/home/hanrui/Sudoku-LS/solvers/sudoku_ort/sudoku_dyh_leq.py", line 45, in solve_sudoku
    eq_num = int(f.readline().strip())
ValueError: invalid literal for int() with base 10: ''
benchmarks_LEQ/INST_25x25/100/inst25x25_100_80.txt : 2320 ms.
--------------------------------------------------
Traceback (most recent call last):
  File "/home/hanrui/Sudoku-LS/solvers/sudoku_ort/sudoku_dyh_leq.py", line 103, in <module>
    solve_sudoku(file)
  File "/home/hanrui/Sudoku-LS/solvers/sudoku_ort/sudoku_dyh_leq.py", line 45, in solve_sudoku
    eq_num = int(f.readline().strip())
ValueError: invalid literal for int() with base 10: ''
benchmarks_LEQ/INST_25x25/100/inst25x25_100_81.txt : 2578 ms.
--------------------------------------------------
Traceback (most recent call last):
  File "/home/hanrui/Sudoku-LS/solvers/sudoku_ort/sudoku_dyh_leq.py", line 103, in <module>
    solve_sudoku(file)
  File "/home/hanrui/Sudoku-LS/solvers/sudoku_ort/sudoku_dyh_leq.py", line 45, in solve_sudoku
    eq_num = int(f.readline().strip())
ValueError: invalid literal for int() with base 10: ''
benchmarks_LEQ/INST_25x25/100/inst25x25_100_82.txt : 2596 ms.
--------------------------------------------------
Traceback (most recent call last):
  File "/home/hanrui/Sudoku-LS/solvers/sudoku_ort/sudoku_dyh_leq.py", line 103, in <module>
    solve_sudoku(file)
  File "/home/hanrui/Sudoku-LS/solvers/sudoku_ort/sudoku_dyh_leq.py", line 45, in solve_sudoku
    eq_num = int(f.readline().strip())
ValueError: invalid literal for int() with base 10: ''
benchmarks_LEQ/INST_25x25/100/inst25x25_100_83.txt : 2662 ms.
--------------------------------------------------
Traceback (most recent call last):
  File "/home/hanrui/Sudoku-LS/solvers/sudoku_ort/sudoku_dyh_leq.py", line 103, in <module>
    solve_sudoku(file)
  File "/home/hanrui/Sudoku-LS/solvers/sudoku_ort/sudoku_dyh_leq.py", line 45, in solve_sudoku
    eq_num = int(f.readline().strip())
ValueError: invalid literal for int() with base 10: ''
benchmarks_LEQ/INST_25x25/100/inst25x25_100_84.txt : 2616 ms.
--------------------------------------------------
Traceback (most recent call last):
  File "/home/hanrui/Sudoku-LS/solvers/sudoku_ort/sudoku_dyh_leq.py", line 103, in <module>
    solve_sudoku(file)
  File "/home/hanrui/Sudoku-LS/solvers/sudoku_ort/sudoku_dyh_leq.py", line 45, in solve_sudoku
    eq_num = int(f.readline().strip())
ValueError: invalid literal for int() with base 10: ''
benchmarks_LEQ/INST_25x25/100/inst25x25_100_85.txt : 2686 ms.
--------------------------------------------------
Traceback (most recent call last):
  File "/home/hanrui/Sudoku-LS/solvers/sudoku_ort/sudoku_dyh_leq.py", line 103, in <module>
    solve_sudoku(file)
  File "/home/hanrui/Sudoku-LS/solvers/sudoku_ort/sudoku_dyh_leq.py", line 45, in solve_sudoku
    eq_num = int(f.readline().strip())
ValueError: invalid literal for int() with base 10: ''
benchmarks_LEQ/INST_25x25/100/inst25x25_100_86.txt : 2768 ms.
--------------------------------------------------
Traceback (most recent call last):
  File "/home/hanrui/Sudoku-LS/solvers/sudoku_ort/sudoku_dyh_leq.py", line 103, in <module>
    solve_sudoku(file)
  File "/home/hanrui/Sudoku-LS/solvers/sudoku_ort/sudoku_dyh_leq.py", line 45, in solve_sudoku
    eq_num = int(f.readline().strip())
ValueError: invalid literal for int() with base 10: ''
benchmarks_LEQ/INST_25x25/100/inst25x25_100_87.txt : 2384 ms.
--------------------------------------------------
Traceback (most recent call last):
  File "/home/hanrui/Sudoku-LS/solvers/sudoku_ort/sudoku_dyh_leq.py", line 103, in <module>
    solve_sudoku(file)
  File "/home/hanrui/Sudoku-LS/solvers/sudoku_ort/sudoku_dyh_leq.py", line 45, in solve_sudoku
    eq_num = int(f.readline().strip())
ValueError: invalid literal for int() with base 10: ''
benchmarks_LEQ/INST_25x25/100/inst25x25_100_88.txt : 2270 ms.
--------------------------------------------------
Traceback (most recent call last):
  File "/home/hanrui/Sudoku-LS/solvers/sudoku_ort/sudoku_dyh_leq.py", line 103, in <module>
    solve_sudoku(file)
  File "/home/hanrui/Sudoku-LS/solvers/sudoku_ort/sudoku_dyh_leq.py", line 45, in solve_sudoku
    eq_num = int(f.readline().strip())
ValueError: invalid literal for int() with base 10: ''
benchmarks_LEQ/INST_25x25/100/inst25x25_100_89.txt : 2388 ms.
--------------------------------------------------
Traceback (most recent call last):
  File "/home/hanrui/Sudoku-LS/solvers/sudoku_ort/sudoku_dyh_leq.py", line 103, in <module>
    solve_sudoku(file)
  File "/home/hanrui/Sudoku-LS/solvers/sudoku_ort/sudoku_dyh_leq.py", line 45, in solve_sudoku
    eq_num = int(f.readline().strip())
ValueError: invalid literal for int() with base 10: ''
benchmarks_LEQ/INST_25x25/100/inst25x25_100_8.txt : 2442 ms.
--------------------------------------------------
Traceback (most recent call last):
  File "/home/hanrui/Sudoku-LS/solvers/sudoku_ort/sudoku_dyh_leq.py", line 103, in <module>
    solve_sudoku(file)
  File "/home/hanrui/Sudoku-LS/solvers/sudoku_ort/sudoku_dyh_leq.py", line 45, in solve_sudoku
    eq_num = int(f.readline().strip())
ValueError: invalid literal for int() with base 10: ''
benchmarks_LEQ/INST_25x25/100/inst25x25_100_90.txt : 2795 ms.
--------------------------------------------------
Traceback (most recent call last):
  File "/home/hanrui/Sudoku-LS/solvers/sudoku_ort/sudoku_dyh_leq.py", line 103, in <module>
    solve_sudoku(file)
  File "/home/hanrui/Sudoku-LS/solvers/sudoku_ort/sudoku_dyh_leq.py", line 45, in solve_sudoku
    eq_num = int(f.readline().strip())
ValueError: invalid literal for int() with base 10: ''
benchmarks_LEQ/INST_25x25/100/inst25x25_100_91.txt : 3005 ms.
--------------------------------------------------
Traceback (most recent call last):
  File "/home/hanrui/Sudoku-LS/solvers/sudoku_ort/sudoku_dyh_leq.py", line 103, in <module>
    solve_sudoku(file)
  File "/home/hanrui/Sudoku-LS/solvers/sudoku_ort/sudoku_dyh_leq.py", line 45, in solve_sudoku
    eq_num = int(f.readline().strip())
ValueError: invalid literal for int() with base 10: ''
benchmarks_LEQ/INST_25x25/100/inst25x25_100_92.txt : 3003 ms.
--------------------------------------------------
Traceback (most recent call last):
  File "/home/hanrui/Sudoku-LS/solvers/sudoku_ort/sudoku_dyh_leq.py", line 103, in <module>
    solve_sudoku(file)
  File "/home/hanrui/Sudoku-LS/solvers/sudoku_ort/sudoku_dyh_leq.py", line 45, in solve_sudoku
    eq_num = int(f.readline().strip())
ValueError: invalid literal for int() with base 10: ''
benchmarks_LEQ/INST_25x25/100/inst25x25_100_93.txt : 2594 ms.
--------------------------------------------------
Traceback (most recent call last):
  File "/home/hanrui/Sudoku-LS/solvers/sudoku_ort/sudoku_dyh_leq.py", line 103, in <module>
    solve_sudoku(file)
  File "/home/hanrui/Sudoku-LS/solvers/sudoku_ort/sudoku_dyh_leq.py", line 45, in solve_sudoku
    eq_num = int(f.readline().strip())
ValueError: invalid literal for int() with base 10: ''
benchmarks_LEQ/INST_25x25/100/inst25x25_100_94.txt : 2551 ms.
--------------------------------------------------
Traceback (most recent call last):
  File "/home/hanrui/Sudoku-LS/solvers/sudoku_ort/sudoku_dyh_leq.py", line 103, in <module>
    solve_sudoku(file)
  File "/home/hanrui/Sudoku-LS/solvers/sudoku_ort/sudoku_dyh_leq.py", line 45, in solve_sudoku
    eq_num = int(f.readline().strip())
ValueError: invalid literal for int() with base 10: ''
benchmarks_LEQ/INST_25x25/100/inst25x25_100_95.txt : 2124 ms.
--------------------------------------------------
Traceback (most recent call last):
  File "/home/hanrui/Sudoku-LS/solvers/sudoku_ort/sudoku_dyh_leq.py", line 103, in <module>
    solve_sudoku(file)
  File "/home/hanrui/Sudoku-LS/solvers/sudoku_ort/sudoku_dyh_leq.py", line 45, in solve_sudoku
    eq_num = int(f.readline().strip())
ValueError: invalid literal for int() with base 10: ''
benchmarks_LEQ/INST_25x25/100/inst25x25_100_96.txt : 2457 ms.
--------------------------------------------------
Traceback (most recent call last):
  File "/home/hanrui/Sudoku-LS/solvers/sudoku_ort/sudoku_dyh_leq.py", line 103, in <module>
    solve_sudoku(file)
  File "/home/hanrui/Sudoku-LS/solvers/sudoku_ort/sudoku_dyh_leq.py", line 45, in solve_sudoku
    eq_num = int(f.readline().strip())
ValueError: invalid literal for int() with base 10: ''
benchmarks_LEQ/INST_25x25/100/inst25x25_100_97.txt : 2659 ms.
--------------------------------------------------
Traceback (most recent call last):
  File "/home/hanrui/Sudoku-LS/solvers/sudoku_ort/sudoku_dyh_leq.py", line 103, in <module>
    solve_sudoku(file)
  File "/home/hanrui/Sudoku-LS/solvers/sudoku_ort/sudoku_dyh_leq.py", line 45, in solve_sudoku
    eq_num = int(f.readline().strip())
ValueError: invalid literal for int() with base 10: ''
benchmarks_LEQ/INST_25x25/100/inst25x25_100_98.txt : 2543 ms.
--------------------------------------------------
Traceback (most recent call last):
  File "/home/hanrui/Sudoku-LS/solvers/sudoku_ort/sudoku_dyh_leq.py", line 103, in <module>
    solve_sudoku(file)
  File "/home/hanrui/Sudoku-LS/solvers/sudoku_ort/sudoku_dyh_leq.py", line 45, in solve_sudoku
    eq_num = int(f.readline().strip())
ValueError: invalid literal for int() with base 10: ''
benchmarks_LEQ/INST_25x25/100/inst25x25_100_99.txt : 1835 ms.
--------------------------------------------------
Traceback (most recent call last):
  File "/home/hanrui/Sudoku-LS/solvers/sudoku_ort/sudoku_dyh_leq.py", line 103, in <module>
    solve_sudoku(file)
  File "/home/hanrui/Sudoku-LS/solvers/sudoku_ort/sudoku_dyh_leq.py", line 45, in solve_sudoku
    eq_num = int(f.readline().strip())
ValueError: invalid literal for int() with base 10: ''
benchmarks_LEQ/INST_25x25/100/inst25x25_100_9.txt : 2198 ms.
