--------------------------------------------------
SAT
----------
benchmarks_CP/INST_81x81/70/inst81x81_70_0.dzn : 11085 ms.
--------------------------------------------------
SAT
----------
benchmarks_CP/INST_81x81/70/inst81x81_70_10.dzn : 907 ms.
--------------------------------------------------
SAT
----------
benchmarks_CP/INST_81x81/70/inst81x81_70_11.dzn : 367 ms.
--------------------------------------------------
SAT
----------
benchmarks_CP/INST_81x81/70/inst81x81_70_12.dzn : 409 ms.
--------------------------------------------------
SAT
----------
benchmarks_CP/INST_81x81/70/inst81x81_70_13.dzn : 448 ms.
--------------------------------------------------
SAT
----------
benchmarks_CP/INST_81x81/70/inst81x81_70_14.dzn : 365 ms.
--------------------------------------------------
=====UNKNOWN=====
benchmarks_CP/INST_81x81/70/inst81x81_70_15.dzn : 1001163 ms.
--------------------------------------------------
SAT
----------
benchmarks_CP/INST_81x81/70/inst81x81_70_16.dzn : 292 ms.
--------------------------------------------------
=====UNKNOWN=====
benchmarks_CP/INST_81x81/70/inst81x81_70_17.dzn : 1001154 ms.
--------------------------------------------------
SAT
----------
benchmarks_CP/INST_81x81/70/inst81x81_70_18.dzn : 307 ms.
--------------------------------------------------
SAT
----------
benchmarks_CP/INST_81x81/70/inst81x81_70_19.dzn : 287 ms.
--------------------------------------------------
SAT
----------
benchmarks_CP/INST_81x81/70/inst81x81_70_1.dzn : 321 ms.
--------------------------------------------------
SAT
----------
benchmarks_CP/INST_81x81/70/inst81x81_70_20.dzn : 306 ms.
--------------------------------------------------
SAT
----------
benchmarks_CP/INST_81x81/70/inst81x81_70_21.dzn : 3910 ms.
--------------------------------------------------
SAT
----------
benchmarks_CP/INST_81x81/70/inst81x81_70_22.dzn : 307 ms.
--------------------------------------------------
SAT
----------
benchmarks_CP/INST_81x81/70/inst81x81_70_23.dzn : 309 ms.
--------------------------------------------------
SAT
----------
benchmarks_CP/INST_81x81/70/inst81x81_70_24.dzn : 422 ms.
--------------------------------------------------
SAT
----------
benchmarks_CP/INST_81x81/70/inst81x81_70_25.dzn : 300 ms.
--------------------------------------------------
SAT
----------
benchmarks_CP/INST_81x81/70/inst81x81_70_26.dzn : 333 ms.
--------------------------------------------------
SAT
----------
benchmarks_CP/INST_81x81/70/inst81x81_70_27.dzn : 302 ms.
--------------------------------------------------
SAT
----------
benchmarks_CP/INST_81x81/70/inst81x81_70_28.dzn : 1388 ms.
--------------------------------------------------
SAT
----------
benchmarks_CP/INST_81x81/70/inst81x81_70_29.dzn : 355 ms.
--------------------------------------------------
SAT
----------
benchmarks_CP/INST_81x81/70/inst81x81_70_2.dzn : 299 ms.
--------------------------------------------------
SAT
----------
benchmarks_CP/INST_81x81/70/inst81x81_70_30.dzn : 305 ms.
--------------------------------------------------
SAT
----------
benchmarks_CP/INST_81x81/70/inst81x81_70_31.dzn : 504 ms.
--------------------------------------------------
SAT
----------
benchmarks_CP/INST_81x81/70/inst81x81_70_32.dzn : 342 ms.
--------------------------------------------------
SAT
----------
benchmarks_CP/INST_81x81/70/inst81x81_70_33.dzn : 307 ms.
--------------------------------------------------
SAT
----------
benchmarks_CP/INST_81x81/70/inst81x81_70_34.dzn : 305 ms.
--------------------------------------------------
SAT
----------
benchmarks_CP/INST_81x81/70/inst81x81_70_35.dzn : 337 ms.
--------------------------------------------------
SAT
----------
benchmarks_CP/INST_81x81/70/inst81x81_70_36.dzn : 299 ms.
--------------------------------------------------
SAT
----------
benchmarks_CP/INST_81x81/70/inst81x81_70_37.dzn : 301 ms.
--------------------------------------------------
SAT
----------
benchmarks_CP/INST_81x81/70/inst81x81_70_38.dzn : 377 ms.
--------------------------------------------------
SAT
----------
benchmarks_CP/INST_81x81/70/inst81x81_70_39.dzn : 310 ms.
--------------------------------------------------
SAT
----------
benchmarks_CP/INST_81x81/70/inst81x81_70_3.dzn : 588 ms.
--------------------------------------------------
SAT
----------
benchmarks_CP/INST_81x81/70/inst81x81_70_40.dzn : 303 ms.
--------------------------------------------------
SAT
----------
benchmarks_CP/INST_81x81/70/inst81x81_70_41.dzn : 303 ms.
--------------------------------------------------
SAT
----------
benchmarks_CP/INST_81x81/70/inst81x81_70_42.dzn : 343 ms.
--------------------------------------------------
SAT
----------
benchmarks_CP/INST_81x81/70/inst81x81_70_43.dzn : 377 ms.
--------------------------------------------------
SAT
----------
benchmarks_CP/INST_81x81/70/inst81x81_70_44.dzn : 310 ms.
--------------------------------------------------
SAT
----------
benchmarks_CP/INST_81x81/70/inst81x81_70_45.dzn : 333 ms.
--------------------------------------------------
SAT
----------
benchmarks_CP/INST_81x81/70/inst81x81_70_46.dzn : 352 ms.
--------------------------------------------------
SAT
----------
benchmarks_CP/INST_81x81/70/inst81x81_70_47.dzn : 323 ms.
--------------------------------------------------
SAT
----------
benchmarks_CP/INST_81x81/70/inst81x81_70_48.dzn : 297 ms.
--------------------------------------------------
SAT
----------
benchmarks_CP/INST_81x81/70/inst81x81_70_49.dzn : 405 ms.
--------------------------------------------------
SAT
----------
benchmarks_CP/INST_81x81/70/inst81x81_70_4.dzn : 312 ms.
--------------------------------------------------
SAT
----------
benchmarks_CP/INST_81x81/70/inst81x81_70_50.dzn : 326 ms.
--------------------------------------------------
SAT
----------
benchmarks_CP/INST_81x81/70/inst81x81_70_51.dzn : 312 ms.
--------------------------------------------------
SAT
----------
benchmarks_CP/INST_81x81/70/inst81x81_70_52.dzn : 374 ms.
--------------------------------------------------
SAT
----------
benchmarks_CP/INST_81x81/70/inst81x81_70_53.dzn : 302 ms.
--------------------------------------------------
SAT
----------
benchmarks_CP/INST_81x81/70/inst81x81_70_54.dzn : 301 ms.
--------------------------------------------------
SAT
----------
benchmarks_CP/INST_81x81/70/inst81x81_70_55.dzn : 6319 ms.
--------------------------------------------------
SAT
----------
benchmarks_CP/INST_81x81/70/inst81x81_70_56.dzn : 614 ms.
--------------------------------------------------
SAT
----------
benchmarks_CP/INST_81x81/70/inst81x81_70_57.dzn : 876 ms.
--------------------------------------------------
SAT
----------
benchmarks_CP/INST_81x81/70/inst81x81_70_58.dzn : 297 ms.
--------------------------------------------------
SAT
----------
benchmarks_CP/INST_81x81/70/inst81x81_70_59.dzn : 315 ms.
--------------------------------------------------
SAT
----------
benchmarks_CP/INST_81x81/70/inst81x81_70_5.dzn : 303 ms.
--------------------------------------------------
SAT
----------
benchmarks_CP/INST_81x81/70/inst81x81_70_60.dzn : 349 ms.
--------------------------------------------------
SAT
----------
benchmarks_CP/INST_81x81/70/inst81x81_70_61.dzn : 303 ms.
--------------------------------------------------
SAT
----------
benchmarks_CP/INST_81x81/70/inst81x81_70_62.dzn : 306 ms.
--------------------------------------------------
SAT
----------
benchmarks_CP/INST_81x81/70/inst81x81_70_63.dzn : 436 ms.
--------------------------------------------------
SAT
----------
benchmarks_CP/INST_81x81/70/inst81x81_70_64.dzn : 899 ms.
--------------------------------------------------
SAT
----------
benchmarks_CP/INST_81x81/70/inst81x81_70_65.dzn : 301 ms.
--------------------------------------------------
SAT
----------
benchmarks_CP/INST_81x81/70/inst81x81_70_66.dzn : 311 ms.
--------------------------------------------------
SAT
----------
benchmarks_CP/INST_81x81/70/inst81x81_70_67.dzn : 335 ms.
--------------------------------------------------
=====UNKNOWN=====
benchmarks_CP/INST_81x81/70/inst81x81_70_68.dzn : 1001160 ms.
--------------------------------------------------
SAT
----------
benchmarks_CP/INST_81x81/70/inst81x81_70_69.dzn : 332 ms.
--------------------------------------------------
SAT
----------
benchmarks_CP/INST_81x81/70/inst81x81_70_6.dzn : 311 ms.
--------------------------------------------------
SAT
----------
benchmarks_CP/INST_81x81/70/inst81x81_70_70.dzn : 297 ms.
--------------------------------------------------
SAT
----------
benchmarks_CP/INST_81x81/70/inst81x81_70_71.dzn : 510 ms.
--------------------------------------------------
SAT
----------
benchmarks_CP/INST_81x81/70/inst81x81_70_72.dzn : 299 ms.
--------------------------------------------------
SAT
----------
benchmarks_CP/INST_81x81/70/inst81x81_70_73.dzn : 299 ms.
--------------------------------------------------
SAT
----------
benchmarks_CP/INST_81x81/70/inst81x81_70_74.dzn : 301 ms.
--------------------------------------------------
SAT
----------
benchmarks_CP/INST_81x81/70/inst81x81_70_75.dzn : 21209 ms.
--------------------------------------------------
SAT
----------
benchmarks_CP/INST_81x81/70/inst81x81_70_76.dzn : 620 ms.
--------------------------------------------------
SAT
----------
benchmarks_CP/INST_81x81/70/inst81x81_70_77.dzn : 302 ms.
--------------------------------------------------
SAT
----------
benchmarks_CP/INST_81x81/70/inst81x81_70_78.dzn : 303 ms.
--------------------------------------------------
SAT
----------
benchmarks_CP/INST_81x81/70/inst81x81_70_79.dzn : 342 ms.
--------------------------------------------------
SAT
----------
benchmarks_CP/INST_81x81/70/inst81x81_70_7.dzn : 299 ms.
--------------------------------------------------
SAT
----------
benchmarks_CP/INST_81x81/70/inst81x81_70_80.dzn : 315 ms.
--------------------------------------------------
SAT
----------
benchmarks_CP/INST_81x81/70/inst81x81_70_81.dzn : 818 ms.
--------------------------------------------------
SAT
----------
benchmarks_CP/INST_81x81/70/inst81x81_70_82.dzn : 292 ms.
--------------------------------------------------
SAT
----------
benchmarks_CP/INST_81x81/70/inst81x81_70_83.dzn : 294 ms.
--------------------------------------------------
SAT
----------
benchmarks_CP/INST_81x81/70/inst81x81_70_84.dzn : 307 ms.
--------------------------------------------------
SAT
----------
benchmarks_CP/INST_81x81/70/inst81x81_70_85.dzn : 304 ms.
--------------------------------------------------
SAT
----------
benchmarks_CP/INST_81x81/70/inst81x81_70_86.dzn : 294 ms.
--------------------------------------------------
SAT
----------
benchmarks_CP/INST_81x81/70/inst81x81_70_87.dzn : 332 ms.
--------------------------------------------------
SAT
----------
benchmarks_CP/INST_81x81/70/inst81x81_70_88.dzn : 300 ms.
--------------------------------------------------
SAT
----------
benchmarks_CP/INST_81x81/70/inst81x81_70_89.dzn : 295 ms.
--------------------------------------------------
SAT
----------
benchmarks_CP/INST_81x81/70/inst81x81_70_8.dzn : 310 ms.
--------------------------------------------------
SAT
----------
benchmarks_CP/INST_81x81/70/inst81x81_70_90.dzn : 352 ms.
--------------------------------------------------
SAT
----------
benchmarks_CP/INST_81x81/70/inst81x81_70_91.dzn : 313 ms.
--------------------------------------------------
SAT
----------
benchmarks_CP/INST_81x81/70/inst81x81_70_92.dzn : 1649 ms.
--------------------------------------------------
SAT
----------
benchmarks_CP/INST_81x81/70/inst81x81_70_93.dzn : 296 ms.
--------------------------------------------------
SAT
----------
benchmarks_CP/INST_81x81/70/inst81x81_70_94.dzn : 291 ms.
--------------------------------------------------
SAT
----------
benchmarks_CP/INST_81x81/70/inst81x81_70_95.dzn : 370 ms.
--------------------------------------------------
SAT
----------
benchmarks_CP/INST_81x81/70/inst81x81_70_96.dzn : 413 ms.
--------------------------------------------------
SAT
----------
benchmarks_CP/INST_81x81/70/inst81x81_70_97.dzn : 316 ms.
--------------------------------------------------
SAT
----------
benchmarks_CP/INST_81x81/70/inst81x81_70_98.dzn : 299 ms.
--------------------------------------------------
SAT
----------
benchmarks_CP/INST_81x81/70/inst81x81_70_99.dzn : 303 ms.
--------------------------------------------------
SAT
----------
benchmarks_CP/INST_81x81/70/inst81x81_70_9.dzn : 320 ms.
