--------------------------------------------------
SAT
----------
proportion_CP/15/data_01.dzn : 2403 ms.
--------------------------------------------------
SAT
----------
proportion_CP/15/data_02.dzn : 1491 ms.
--------------------------------------------------
SAT
----------
proportion_CP/15/data_03.dzn : 1749 ms.
--------------------------------------------------
SAT
----------
proportion_CP/15/data_04.dzn : 1792 ms.
--------------------------------------------------
SAT
----------
proportion_CP/15/data_05.dzn : 1904 ms.
--------------------------------------------------
SAT
----------
proportion_CP/15/data_06.dzn : 2048 ms.
--------------------------------------------------
SAT
----------
proportion_CP/15/data_07.dzn : 2059 ms.
--------------------------------------------------
SAT
----------
proportion_CP/15/data_08.dzn : 2268 ms.
--------------------------------------------------
SAT
----------
proportion_CP/15/data_09.dzn : 1961 ms.
--------------------------------------------------
SAT
----------
proportion_CP/15/data_10.dzn : 2260 ms.
--------------------------------------------------
SAT
----------
proportion_CP/15/data_11.dzn : 2136 ms.
--------------------------------------------------
SAT
----------
proportion_CP/15/data_12.dzn : 2404 ms.
--------------------------------------------------
SAT
----------
proportion_CP/15/data_13.dzn : 2221 ms.
--------------------------------------------------
=====UNKNOWN=====
proportion_CP/15/data_14.dzn : 1000863 ms.
--------------------------------------------------
=====UNKNOWN=====
proportion_CP/15/data_15.dzn : 1000905 ms.
--------------------------------------------------
=====UNKNOWN=====
proportion_CP/15/data_16.dzn : 1000881 ms.
--------------------------------------------------
=====UNKNOWN=====
proportion_CP/15/data_17.dzn : 1000957 ms.
--------------------------------------------------
=====UNKNOWN=====
proportion_CP/15/data_18.dzn : 1001082 ms.
--------------------------------------------------
=====UNKNOWN=====
proportion_CP/15/data_19.dzn : 1001040 ms.
--------------------------------------------------
SAT
----------
proportion_CP/15/data_20.dzn : 3103 ms.
run.sh: line 71: seed: command not found
run.sh: line 72: syntax error near unexpected token `fi'
run.sh: line 72: `    fi'
