--------------------------------------------------
SAT
----------
proportion_CP/22/data_01.dzn : 2285 ms.
--------------------------------------------------
SAT
----------
proportion_CP/22/data_02.dzn : 1508 ms.
--------------------------------------------------
SAT
----------
proportion_CP/22/data_03.dzn : 1680 ms.
--------------------------------------------------
SAT
----------
proportion_CP/22/data_04.dzn : 1717 ms.
--------------------------------------------------
SAT
----------
proportion_CP/22/data_05.dzn : 1676 ms.
--------------------------------------------------
SAT
----------
proportion_CP/22/data_06.dzn : 1773 ms.
--------------------------------------------------
SAT
----------
proportion_CP/22/data_07.dzn : 1984 ms.
--------------------------------------------------
SAT
----------
proportion_CP/22/data_08.dzn : 1936 ms.
--------------------------------------------------
SAT
----------
proportion_CP/22/data_09.dzn : 2171 ms.
--------------------------------------------------
SAT
----------
proportion_CP/22/data_10.dzn : 2043 ms.
--------------------------------------------------
SAT
----------
proportion_CP/22/data_11.dzn : 2243 ms.
--------------------------------------------------
SAT
----------
proportion_CP/22/data_12.dzn : 2245 ms.
--------------------------------------------------
=====UNKNOWN=====
proportion_CP/22/data_13.dzn : 1000916 ms.
--------------------------------------------------
=====UNKNOWN=====
proportion_CP/22/data_14.dzn : 1000887 ms.
--------------------------------------------------
=====UNKNOWN=====
proportion_CP/22/data_15.dzn : 1000835 ms.
--------------------------------------------------
=====UNKNOWN=====
proportion_CP/22/data_16.dzn : 1000935 ms.
--------------------------------------------------
=====UNKNOWN=====
proportion_CP/22/data_17.dzn : 1000913 ms.
--------------------------------------------------
=====UNKNOWN=====
proportion_CP/22/data_18.dzn : 1000908 ms.
--------------------------------------------------
=====UNKNOWN=====
proportion_CP/22/data_19.dzn : 1000893 ms.
--------------------------------------------------
SAT
----------
proportion_CP/22/data_20.dzn : 3044 ms.
run.sh: line 71: seed: command not found
run.sh: line 72: syntax error near unexpected token `fi'
run.sh: line 72: `    fi'
