--------------------------------------------------
SAT
----------
proportion_CP/25/data_01.dzn : 2419 ms.
--------------------------------------------------
SAT
----------
proportion_CP/25/data_02.dzn : 1462 ms.
--------------------------------------------------
SAT
----------
proportion_CP/25/data_03.dzn : 1627 ms.
--------------------------------------------------
SAT
----------
proportion_CP/25/data_04.dzn : 1855 ms.
--------------------------------------------------
SAT
----------
proportion_CP/25/data_05.dzn : 1909 ms.
--------------------------------------------------
SAT
----------
proportion_CP/25/data_06.dzn : 1889 ms.
--------------------------------------------------
SAT
----------
proportion_CP/25/data_07.dzn : 1903 ms.
--------------------------------------------------
SAT
----------
proportion_CP/25/data_08.dzn : 2021 ms.
--------------------------------------------------
SAT
----------
proportion_CP/25/data_09.dzn : 2044 ms.
--------------------------------------------------
SAT
----------
proportion_CP/25/data_10.dzn : 2180 ms.
--------------------------------------------------
SAT
----------
proportion_CP/25/data_11.dzn : 2325 ms.
--------------------------------------------------
SAT
----------
proportion_CP/25/data_12.dzn : 2324 ms.
--------------------------------------------------
=====UNKNOWN=====
proportion_CP/25/data_13.dzn : 1000944 ms.
--------------------------------------------------
SAT
----------
proportion_CP/25/data_14.dzn : 2194 ms.
--------------------------------------------------
=====UNKNOWN=====
proportion_CP/25/data_15.dzn : 1000958 ms.
--------------------------------------------------
=====UNKNOWN=====
proportion_CP/25/data_16.dzn : 1000952 ms.
--------------------------------------------------
=====UNKNOWN=====
proportion_CP/25/data_17.dzn : 1001009 ms.
--------------------------------------------------
=====UNKNOWN=====
proportion_CP/25/data_18.dzn : 1000945 ms.
--------------------------------------------------
=====UNKNOWN=====
proportion_CP/25/data_19.dzn : 1001051 ms.
--------------------------------------------------
SAT
----------
proportion_CP/25/data_20.dzn : 3138 ms.
run.sh: line 71: seed: command not found
run.sh: line 72: syntax error near unexpected token `fi'
run.sh: line 72: `    fi'
