nohup: ignoring input
--------------------------------------------------
=====UNKNOWN=====
proportion_CP/data_100.dzn : 1001133 ms.
--------------------------------------------------
SAT
----------
proportion_CP/data_10.dzn : 1340 ms.
--------------------------------------------------
SAT
----------
proportion_CP/data_11.dzn : 1152 ms.
--------------------------------------------------
SAT
----------
proportion_CP/data_12.dzn : 1146 ms.
--------------------------------------------------
SAT
----------
proportion_CP/data_13.dzn : 1146 ms.
--------------------------------------------------
SAT
----------
proportion_CP/data_14.dzn : 1255 ms.
--------------------------------------------------
SAT
----------
proportion_CP/data_15.dzn : 1265 ms.
--------------------------------------------------
SAT
----------
proportion_CP/data_16.dzn : 1257 ms.
--------------------------------------------------
SAT
----------
proportion_CP/data_17.dzn : 1351 ms.
--------------------------------------------------
SAT
----------
proportion_CP/data_18.dzn : 1299 ms.
--------------------------------------------------
SAT
----------
proportion_CP/data_19.dzn : 1358 ms.
--------------------------------------------------
SAT
----------
proportion_CP/data_1.dzn : 857 ms.
--------------------------------------------------
SAT
----------
proportion_CP/data_20.dzn : 1440 ms.
--------------------------------------------------
SAT
----------
proportion_CP/data_21.dzn : 1359 ms.
--------------------------------------------------
SAT
----------
proportion_CP/data_22.dzn : 1463 ms.
--------------------------------------------------
SAT
----------
proportion_CP/data_23.dzn : 1526 ms.
--------------------------------------------------
SAT
----------
proportion_CP/data_24.dzn : 1418 ms.
--------------------------------------------------
SAT
----------
proportion_CP/data_25.dzn : 1592 ms.
--------------------------------------------------
SAT
----------
proportion_CP/data_26.dzn : 1502 ms.
--------------------------------------------------
SAT
----------
proportion_CP/data_27.dzn : 1567 ms.
--------------------------------------------------
SAT
----------
proportion_CP/data_28.dzn : 1540 ms.
--------------------------------------------------
SAT
----------
proportion_CP/data_29.dzn : 1753 ms.
--------------------------------------------------
SAT
----------
proportion_CP/data_2.dzn : 864 ms.
--------------------------------------------------
SAT
----------
proportion_CP/data_30.dzn : 1711 ms.
--------------------------------------------------
SAT
----------
proportion_CP/data_31.dzn : 1677 ms.
--------------------------------------------------
SAT
----------
proportion_CP/data_32.dzn : 1727 ms.
--------------------------------------------------
SAT
----------
proportion_CP/data_33.dzn : 1706 ms.
--------------------------------------------------
SAT
----------
proportion_CP/data_34.dzn : 1885 ms.
--------------------------------------------------
SAT
----------
proportion_CP/data_35.dzn : 1791 ms.
--------------------------------------------------
SAT
----------
proportion_CP/data_36.dzn : 1743 ms.
--------------------------------------------------
SAT
----------
proportion_CP/data_37.dzn : 1860 ms.
--------------------------------------------------
SAT
----------
proportion_CP/data_38.dzn : 1947 ms.
--------------------------------------------------
SAT
----------
proportion_CP/data_39.dzn : 1923 ms.
--------------------------------------------------
SAT
----------
proportion_CP/data_3.dzn : 871 ms.
--------------------------------------------------
