--------------------------------------------------
benchmarks/N-Queens/INST_200/30/inst200_30_0.txt : 2632 ms.
--------------------------------------------------
SAT
benchmarks/N-Queens/INST_200/30/inst200_30_10.txt : 89328 ms.
--------------------------------------------------
SAT
benchmarks/N-Queens/INST_200/30/inst200_30_11.txt : 97487 ms.
--------------------------------------------------
benchmarks/N-Queens/INST_200/30/inst200_30_12.txt : 1625 ms.
--------------------------------------------------
SAT
benchmarks/N-Queens/INST_200/30/inst200_30_13.txt : 127533 ms.
--------------------------------------------------
SAT
benchmarks/N-Queens/INST_200/30/inst200_30_14.txt : 112526 ms.
--------------------------------------------------
SAT
benchmarks/N-Queens/INST_200/30/inst200_30_15.txt : 141903 ms.
--------------------------------------------------
SAT
benchmarks/N-Queens/INST_200/30/inst200_30_16.txt : 161596 ms.
--------------------------------------------------
benchmarks/N-Queens/INST_200/30/inst200_30_17.txt : 1744 ms.
--------------------------------------------------
SAT
benchmarks/N-Queens/INST_200/30/inst200_30_18.txt : 140708 ms.
--------------------------------------------------
SAT
benchmarks/N-Queens/INST_200/30/inst200_30_19.txt : 146646 ms.
--------------------------------------------------
SAT
benchmarks/N-Queens/INST_200/30/inst200_30_1.txt : 106492 ms.
--------------------------------------------------
benchmarks/N-Queens/INST_200/30/inst200_30_20.txt : 1090 ms.
--------------------------------------------------
benchmarks/N-Queens/INST_200/30/inst200_30_21.txt : 836 ms.
--------------------------------------------------
SAT
benchmarks/N-Queens/INST_200/30/inst200_30_22.txt : 114404 ms.
--------------------------------------------------
SAT
benchmarks/N-Queens/INST_200/30/inst200_30_23.txt : 99714 ms.
--------------------------------------------------
SAT
benchmarks/N-Queens/INST_200/30/inst200_30_24.txt : 129849 ms.
--------------------------------------------------
SAT
benchmarks/N-Queens/INST_200/30/inst200_30_25.txt : 160999 ms.
--------------------------------------------------
SAT
benchmarks/N-Queens/INST_200/30/inst200_30_26.txt : 125650 ms.
--------------------------------------------------
benchmarks/N-Queens/INST_200/30/inst200_30_27.txt : 1095 ms.
--------------------------------------------------
SAT
benchmarks/N-Queens/INST_200/30/inst200_30_28.txt : 135839 ms.
--------------------------------------------------
SAT
benchmarks/N-Queens/INST_200/30/inst200_30_29.txt : 134998 ms.
--------------------------------------------------
benchmarks/N-Queens/INST_200/30/inst200_30_2.txt : 918 ms.
--------------------------------------------------
benchmarks/N-Queens/INST_200/30/inst200_30_30.txt : 1403 ms.
--------------------------------------------------
SAT
benchmarks/N-Queens/INST_200/30/inst200_30_31.txt : 110867 ms.
--------------------------------------------------
SAT
benchmarks/N-Queens/INST_200/30/inst200_30_32.txt : 138563 ms.
--------------------------------------------------
SAT
benchmarks/N-Queens/INST_200/30/inst200_30_33.txt : 121198 ms.
--------------------------------------------------
SAT
benchmarks/N-Queens/INST_200/30/inst200_30_34.txt : 148467 ms.
--------------------------------------------------
SAT
benchmarks/N-Queens/INST_200/30/inst200_30_35.txt : 121401 ms.
--------------------------------------------------
SAT
benchmarks/N-Queens/INST_200/30/inst200_30_36.txt : 124495 ms.
--------------------------------------------------
SAT
benchmarks/N-Queens/INST_200/30/inst200_30_37.txt : 133634 ms.
--------------------------------------------------
benchmarks/N-Queens/INST_200/30/inst200_30_38.txt : 1847 ms.
--------------------------------------------------
Traceback (most recent call last):
  File "/home/hanrui/AllDifferent-LS/solvers/nqueens_ort/n-queens_ortools.py", line 98, in <module>
    main(file)
  File "/home/hanrui/AllDifferent-LS/solvers/nqueens_ort/n-queens_ortools.py", line 49, in main
    lines.append(int(f.readline().strip()))
ValueError: invalid literal for int() with base 10: ''
benchmarks/N-Queens/INST_200/30/inst200_30_39.txt : 1657 ms.
--------------------------------------------------
benchmarks/N-Queens/INST_200/30/inst200_30_3.txt : 1707 ms.
--------------------------------------------------
SAT
benchmarks/N-Queens/INST_200/30/inst200_30_40.txt : 127794 ms.
--------------------------------------------------
benchmarks/N-Queens/INST_200/30/inst200_30_41.txt : 489 ms.
--------------------------------------------------
benchmarks/N-Queens/INST_200/30/inst200_30_42.txt : 488 ms.
--------------------------------------------------
SAT
benchmarks/N-Queens/INST_200/30/inst200_30_43.txt : 88271 ms.
--------------------------------------------------
SAT
benchmarks/N-Queens/INST_200/30/inst200_30_44.txt : 106152 ms.
--------------------------------------------------
SAT
benchmarks/N-Queens/INST_200/30/inst200_30_45.txt : 125619 ms.
--------------------------------------------------
SAT
benchmarks/N-Queens/INST_200/30/inst200_30_46.txt : 109894 ms.
--------------------------------------------------
benchmarks/N-Queens/INST_200/30/inst200_30_47.txt : 492 ms.
--------------------------------------------------
benchmarks/N-Queens/INST_200/30/inst200_30_48.txt : 476 ms.
--------------------------------------------------
SAT
benchmarks/N-Queens/INST_200/30/inst200_30_49.txt : 113096 ms.
--------------------------------------------------
benchmarks/N-Queens/INST_200/30/inst200_30_4.txt : 502 ms.
--------------------------------------------------
SAT
benchmarks/N-Queens/INST_200/30/inst200_30_50.txt : 104324 ms.
--------------------------------------------------
SAT
benchmarks/N-Queens/INST_200/30/inst200_30_51.txt : 134458 ms.
--------------------------------------------------
benchmarks/N-Queens/INST_200/30/inst200_30_52.txt : 1257 ms.
--------------------------------------------------
SAT
benchmarks/N-Queens/INST_200/30/inst200_30_53.txt : 111207 ms.
--------------------------------------------------
SAT
benchmarks/N-Queens/INST_200/30/inst200_30_54.txt : 90562 ms.
--------------------------------------------------
SAT
benchmarks/N-Queens/INST_200/30/inst200_30_55.txt : 109097 ms.
--------------------------------------------------
SAT
benchmarks/N-Queens/INST_200/30/inst200_30_56.txt : 125984 ms.
--------------------------------------------------
benchmarks/N-Queens/INST_200/30/inst200_30_57.txt : 2550 ms.
--------------------------------------------------
SAT
benchmarks/N-Queens/INST_200/30/inst200_30_58.txt : 103888 ms.
--------------------------------------------------
SAT
benchmarks/N-Queens/INST_200/30/inst200_30_59.txt : 111716 ms.
--------------------------------------------------
SAT
benchmarks/N-Queens/INST_200/30/inst200_30_5.txt : 112282 ms.
--------------------------------------------------
SAT
benchmarks/N-Queens/INST_200/30/inst200_30_60.txt : 115807 ms.
--------------------------------------------------
SAT
benchmarks/N-Queens/INST_200/30/inst200_30_61.txt : 134697 ms.
--------------------------------------------------
SAT
benchmarks/N-Queens/INST_200/30/inst200_30_62.txt : 127789 ms.
--------------------------------------------------
SAT
benchmarks/N-Queens/INST_200/30/inst200_30_63.txt : 92017 ms.
--------------------------------------------------
SAT
benchmarks/N-Queens/INST_200/30/inst200_30_64.txt : 118424 ms.
--------------------------------------------------
benchmarks/N-Queens/INST_200/30/inst200_30_65.txt : 2377 ms.
--------------------------------------------------
SAT
benchmarks/N-Queens/INST_200/30/inst200_30_66.txt : 107950 ms.
--------------------------------------------------
SAT
benchmarks/N-Queens/INST_200/30/inst200_30_67.txt : 108587 ms.
--------------------------------------------------
SAT
benchmarks/N-Queens/INST_200/30/inst200_30_68.txt : 117626 ms.
--------------------------------------------------
SAT
benchmarks/N-Queens/INST_200/30/inst200_30_69.txt : 150457 ms.
--------------------------------------------------
SAT
benchmarks/N-Queens/INST_200/30/inst200_30_6.txt : 137351 ms.
--------------------------------------------------
SAT
benchmarks/N-Queens/INST_200/30/inst200_30_70.txt : 108755 ms.
--------------------------------------------------
SAT
benchmarks/N-Queens/INST_200/30/inst200_30_71.txt : 89802 ms.
--------------------------------------------------
SAT
benchmarks/N-Queens/INST_200/30/inst200_30_72.txt : 76841 ms.
--------------------------------------------------
benchmarks/N-Queens/INST_200/30/inst200_30_73.txt : 1785 ms.
--------------------------------------------------
SAT
benchmarks/N-Queens/INST_200/30/inst200_30_74.txt : 107589 ms.
--------------------------------------------------
SAT
benchmarks/N-Queens/INST_200/30/inst200_30_75.txt : 91827 ms.
--------------------------------------------------
benchmarks/N-Queens/INST_200/30/inst200_30_76.txt : 1959 ms.
--------------------------------------------------
SAT
benchmarks/N-Queens/INST_200/30/inst200_30_77.txt : 108574 ms.
--------------------------------------------------
benchmarks/N-Queens/INST_200/30/inst200_30_78.txt : 2405 ms.
--------------------------------------------------
SAT
benchmarks/N-Queens/INST_200/30/inst200_30_79.txt : 96042 ms.
--------------------------------------------------
benchmarks/N-Queens/INST_200/30/inst200_30_7.txt : 469 ms.
--------------------------------------------------
benchmarks/N-Queens/INST_200/30/inst200_30_80.txt : 455 ms.
--------------------------------------------------
benchmarks/N-Queens/INST_200/30/inst200_30_81.txt : 456 ms.
--------------------------------------------------
benchmarks/N-Queens/INST_200/30/inst200_30_82.txt : 497 ms.
--------------------------------------------------
SAT
benchmarks/N-Queens/INST_200/30/inst200_30_83.txt : 125387 ms.
--------------------------------------------------
SAT
benchmarks/N-Queens/INST_200/30/inst200_30_84.txt : 104410 ms.
--------------------------------------------------
benchmarks/N-Queens/INST_200/30/inst200_30_85.txt : 960 ms.
--------------------------------------------------
SAT
benchmarks/N-Queens/INST_200/30/inst200_30_86.txt : 87876 ms.
--------------------------------------------------
SAT
benchmarks/N-Queens/INST_200/30/inst200_30_87.txt : 75691 ms.
--------------------------------------------------
SAT
benchmarks/N-Queens/INST_200/30/inst200_30_88.txt : 145038 ms.
--------------------------------------------------
SAT
benchmarks/N-Queens/INST_200/30/inst200_30_89.txt : 79481 ms.
--------------------------------------------------
benchmarks/N-Queens/INST_200/30/inst200_30_8.txt : 509 ms.
--------------------------------------------------
benchmarks/N-Queens/INST_200/30/inst200_30_90.txt : 570 ms.
--------------------------------------------------
benchmarks/N-Queens/INST_200/30/inst200_30_91.txt : 579 ms.
--------------------------------------------------
SAT
benchmarks/N-Queens/INST_200/30/inst200_30_92.txt : 130551 ms.
--------------------------------------------------
SAT
benchmarks/N-Queens/INST_200/30/inst200_30_93.txt : 104714 ms.
--------------------------------------------------
SAT
benchmarks/N-Queens/INST_200/30/inst200_30_94.txt : 106953 ms.
--------------------------------------------------
SAT
benchmarks/N-Queens/INST_200/30/inst200_30_95.txt : 84397 ms.
--------------------------------------------------
SAT
benchmarks/N-Queens/INST_200/30/inst200_30_96.txt : 122153 ms.
--------------------------------------------------
SAT
benchmarks/N-Queens/INST_200/30/inst200_30_97.txt : 71020 ms.
--------------------------------------------------
SAT
benchmarks/N-Queens/INST_200/30/inst200_30_98.txt : 133697 ms.
--------------------------------------------------
SAT
benchmarks/N-Queens/INST_200/30/inst200_30_99.txt : 96643 ms.
--------------------------------------------------
benchmarks/N-Queens/INST_200/30/inst200_30_9.txt : 448 ms.
