--------------------------------------------------
======================================================================
current best clash: 0
----------------------------------------------------------------------
current col clash: 0
current row clash: 0
current squ clash: 0
benchmarks_simp/INST_49x49/60/inst49x49_60_0.txt find answer: 0.040000
benchmarks_simp/INST_49x49/60/inst49x49_60_0.txt : 973 ms.
--------------------------------------------------
======================================================================
current best clash: 0
----------------------------------------------------------------------
current col clash: 0
current row clash: 0
current squ clash: 0
benchmarks_simp/INST_49x49/60/inst49x49_60_10.txt find answer: 0.060000
benchmarks_simp/INST_49x49/60/inst49x49_60_10.txt : 719 ms.
--------------------------------------------------
======================================================================
current best clash: 0
----------------------------------------------------------------------
current col clash: 0
current row clash: 0
current squ clash: 0
benchmarks_simp/INST_49x49/60/inst49x49_60_11.txt find answer: 0.000000
benchmarks_simp/INST_49x49/60/inst49x49_60_11.txt : 723 ms.
--------------------------------------------------
======================================================================
current best clash: 0
----------------------------------------------------------------------
current col clash: 0
current row clash: 0
current squ clash: 0
benchmarks_simp/INST_49x49/60/inst49x49_60_12.txt find answer: 0.000000
benchmarks_simp/INST_49x49/60/inst49x49_60_12.txt : 664 ms.
--------------------------------------------------
======================================================================
current best clash: 0
----------------------------------------------------------------------
current col clash: 0
current row clash: 0
current squ clash: 0
benchmarks_simp/INST_49x49/60/inst49x49_60_13.txt find answer: 0.040000
benchmarks_simp/INST_49x49/60/inst49x49_60_13.txt : 694 ms.
--------------------------------------------------
======================================================================
current best clash: 0
----------------------------------------------------------------------
current col clash: 0
current row clash: 0
current squ clash: 0
benchmarks_simp/INST_49x49/60/inst49x49_60_14.txt find answer: 0.060000
benchmarks_simp/INST_49x49/60/inst49x49_60_14.txt : 761 ms.
--------------------------------------------------
======================================================================
current best clash: 0
----------------------------------------------------------------------
current col clash: 0
current row clash: 0
current squ clash: 0
benchmarks_simp/INST_49x49/60/inst49x49_60_15.txt find answer: 0.150000
benchmarks_simp/INST_49x49/60/inst49x49_60_15.txt : 790 ms.
--------------------------------------------------
======================================================================
current best clash: 0
----------------------------------------------------------------------
current col clash: 0
current row clash: 0
current squ clash: 0
benchmarks_simp/INST_49x49/60/inst49x49_60_16.txt find answer: 0.030000
benchmarks_simp/INST_49x49/60/inst49x49_60_16.txt : 662 ms.
--------------------------------------------------
======================================================================
current best clash: 0
----------------------------------------------------------------------
current col clash: 0
current row clash: 0
current squ clash: 0
benchmarks_simp/INST_49x49/60/inst49x49_60_17.txt find answer: 0.020000
benchmarks_simp/INST_49x49/60/inst49x49_60_17.txt : 663 ms.
--------------------------------------------------
======================================================================
current best clash: 0
----------------------------------------------------------------------
current col clash: 0
current row clash: 0
current squ clash: 0
benchmarks_simp/INST_49x49/60/inst49x49_60_18.txt find answer: 0.000000
benchmarks_simp/INST_49x49/60/inst49x49_60_18.txt : 657 ms.
--------------------------------------------------
======================================================================
current best clash: 0
----------------------------------------------------------------------
current col clash: 0
current row clash: 0
current squ clash: 0
benchmarks_simp/INST_49x49/60/inst49x49_60_19.txt find answer: 0.000000
benchmarks_simp/INST_49x49/60/inst49x49_60_19.txt : 673 ms.
--------------------------------------------------
======================================================================
current best clash: 0
----------------------------------------------------------------------
current col clash: 0
current row clash: 0
current squ clash: 0
benchmarks_simp/INST_49x49/60/inst49x49_60_1.txt find answer: 0.050000
benchmarks_simp/INST_49x49/60/inst49x49_60_1.txt : 756 ms.
--------------------------------------------------
======================================================================
current best clash: 0
----------------------------------------------------------------------
current col clash: 0
current row clash: 0
current squ clash: 0
benchmarks_simp/INST_49x49/60/inst49x49_60_20.txt find answer: 0.100000
benchmarks_simp/INST_49x49/60/inst49x49_60_20.txt : 723 ms.
--------------------------------------------------
======================================================================
current best clash: 0
----------------------------------------------------------------------
current col clash: 0
current row clash: 0
current squ clash: 0
benchmarks_simp/INST_49x49/60/inst49x49_60_21.txt find answer: 0.050000
benchmarks_simp/INST_49x49/60/inst49x49_60_21.txt : 1203 ms.
--------------------------------------------------
======================================================================
current best clash: 0
----------------------------------------------------------------------
current col clash: 0
current row clash: 0
current squ clash: 0
benchmarks_simp/INST_49x49/60/inst49x49_60_22.txt find answer: 0.030000
benchmarks_simp/INST_49x49/60/inst49x49_60_22.txt : 669 ms.
--------------------------------------------------
======================================================================
current best clash: 0
----------------------------------------------------------------------
current col clash: 0
current row clash: 0
current squ clash: 0
benchmarks_simp/INST_49x49/60/inst49x49_60_23.txt find answer: 0.110000
benchmarks_simp/INST_49x49/60/inst49x49_60_23.txt : 759 ms.
--------------------------------------------------
======================================================================
current best clash: 0
----------------------------------------------------------------------
current col clash: 0
current row clash: 0
current squ clash: 0
benchmarks_simp/INST_49x49/60/inst49x49_60_24.txt find answer: 0.030000
benchmarks_simp/INST_49x49/60/inst49x49_60_24.txt : 667 ms.
--------------------------------------------------
======================================================================
current best clash: 0
----------------------------------------------------------------------
current col clash: 0
current row clash: 0
current squ clash: 0
benchmarks_simp/INST_49x49/60/inst49x49_60_25.txt find answer: 0.000000
benchmarks_simp/INST_49x49/60/inst49x49_60_25.txt : 648 ms.
--------------------------------------------------
======================================================================
current best clash: 0
----------------------------------------------------------------------
current col clash: 0
current row clash: 0
current squ clash: 0
benchmarks_simp/INST_49x49/60/inst49x49_60_26.txt find answer: 0.000000
benchmarks_simp/INST_49x49/60/inst49x49_60_26.txt : 648 ms.
--------------------------------------------------
======================================================================
current best clash: 0
----------------------------------------------------------------------
current col clash: 0
current row clash: 0
current squ clash: 0
benchmarks_simp/INST_49x49/60/inst49x49_60_27.txt find answer: 0.160000
benchmarks_simp/INST_49x49/60/inst49x49_60_27.txt : 777 ms.
--------------------------------------------------
======================================================================
current best clash: 0
----------------------------------------------------------------------
current col clash: 0
current row clash: 0
current squ clash: 0
benchmarks_simp/INST_49x49/60/inst49x49_60_28.txt find answer: 0.080000
benchmarks_simp/INST_49x49/60/inst49x49_60_28.txt : 705 ms.
--------------------------------------------------
======================================================================
current best clash: 0
----------------------------------------------------------------------
current col clash: 0
current row clash: 0
current squ clash: 0
benchmarks_simp/INST_49x49/60/inst49x49_60_29.txt find answer: 0.000000
benchmarks_simp/INST_49x49/60/inst49x49_60_29.txt : 646 ms.
--------------------------------------------------
======================================================================
current best clash: 0
----------------------------------------------------------------------
current col clash: 0
current row clash: 0
current squ clash: 0
benchmarks_simp/INST_49x49/60/inst49x49_60_2.txt find answer: 0.040000
benchmarks_simp/INST_49x49/60/inst49x49_60_2.txt : 669 ms.
--------------------------------------------------
======================================================================
current best clash: 0
----------------------------------------------------------------------
current col clash: 0
current row clash: 0
current squ clash: 0
benchmarks_simp/INST_49x49/60/inst49x49_60_30.txt find answer: 0.000000
benchmarks_simp/INST_49x49/60/inst49x49_60_30.txt : 668 ms.
--------------------------------------------------
======================================================================
current best clash: 0
----------------------------------------------------------------------
current col clash: 0
current row clash: 0
current squ clash: 0
benchmarks_simp/INST_49x49/60/inst49x49_60_31.txt find answer: 0.040000
benchmarks_simp/INST_49x49/60/inst49x49_60_31.txt : 714 ms.
--------------------------------------------------
======================================================================
current best clash: 0
----------------------------------------------------------------------
current col clash: 0
current row clash: 0
current squ clash: 0
benchmarks_simp/INST_49x49/60/inst49x49_60_32.txt find answer: 0.080000
benchmarks_simp/INST_49x49/60/inst49x49_60_32.txt : 736 ms.
--------------------------------------------------
======================================================================
current best clash: 0
----------------------------------------------------------------------
current col clash: 0
current row clash: 0
current squ clash: 0
benchmarks_simp/INST_49x49/60/inst49x49_60_33.txt find answer: 0.050000
benchmarks_simp/INST_49x49/60/inst49x49_60_33.txt : 690 ms.
--------------------------------------------------
======================================================================
current best clash: 0
----------------------------------------------------------------------
current col clash: 0
current row clash: 0
current squ clash: 0
benchmarks_simp/INST_49x49/60/inst49x49_60_34.txt find answer: 0.110000
benchmarks_simp/INST_49x49/60/inst49x49_60_34.txt : 1121 ms.
--------------------------------------------------
======================================================================
current best clash: 0
----------------------------------------------------------------------
current col clash: 0
current row clash: 0
current squ clash: 0
benchmarks_simp/INST_49x49/60/inst49x49_60_35.txt find answer: 0.050000
benchmarks_simp/INST_49x49/60/inst49x49_60_35.txt : 685 ms.
--------------------------------------------------
======================================================================
current best clash: 0
----------------------------------------------------------------------
current col clash: 0
current row clash: 0
current squ clash: 0
benchmarks_simp/INST_49x49/60/inst49x49_60_36.txt find answer: 0.050000
benchmarks_simp/INST_49x49/60/inst49x49_60_36.txt : 684 ms.
--------------------------------------------------
======================================================================
current best clash: 0
----------------------------------------------------------------------
current col clash: 0
current row clash: 0
current squ clash: 0
benchmarks_simp/INST_49x49/60/inst49x49_60_37.txt find answer: 0.040000
benchmarks_simp/INST_49x49/60/inst49x49_60_37.txt : 667 ms.
--------------------------------------------------
======================================================================
current best clash: 0
----------------------------------------------------------------------
current col clash: 0
current row clash: 0
current squ clash: 0
benchmarks_simp/INST_49x49/60/inst49x49_60_38.txt find answer: 0.050000
benchmarks_simp/INST_49x49/60/inst49x49_60_38.txt : 665 ms.
--------------------------------------------------
======================================================================
current best clash: 0
----------------------------------------------------------------------
current col clash: 0
current row clash: 0
current squ clash: 0
benchmarks_simp/INST_49x49/60/inst49x49_60_39.txt find answer: 0.030000
benchmarks_simp/INST_49x49/60/inst49x49_60_39.txt : 648 ms.
--------------------------------------------------
