--------------------------------------------------
benchmarks/INST_25x25/50/inst25x25_50_0.txt : 1011502 ms.
--------------------------------------------------
benchmarks/INST_25x25/50/inst25x25_50_10.txt : 1010186 ms.
--------------------------------------------------
benchmarks/INST_25x25/50/inst25x25_50_11.txt : 1023579 ms.
--------------------------------------------------
benchmarks/INST_25x25/50/inst25x25_50_12.txt : 1030903 ms.
--------------------------------------------------
benchmarks/INST_25x25/50/inst25x25_50_13.txt : 1018252 ms.
--------------------------------------------------
benchmarks/INST_25x25/50/inst25x25_50_14.txt : 1005778 ms.
--------------------------------------------------
benchmarks/INST_25x25/50/inst25x25_50_15.txt : 1026417 ms.
--------------------------------------------------
benchmarks/INST_25x25/50/inst25x25_50_16.txt : 1033458 ms.
--------------------------------------------------
benchmarks/INST_25x25/50/inst25x25_50_17.txt : 1015696 ms.
--------------------------------------------------
benchmarks/INST_25x25/50/inst25x25_50_18.txt : 1012102 ms.
--------------------------------------------------
benchmarks/INST_25x25/50/inst25x25_50_19.txt : 1013963 ms.
--------------------------------------------------
benchmarks/INST_25x25/50/inst25x25_50_1.txt : 1005339 ms.
--------------------------------------------------
benchmarks/INST_25x25/50/inst25x25_50_20.txt : 1010538 ms.
--------------------------------------------------
benchmarks/INST_25x25/50/inst25x25_50_21.txt : 1003560 ms.
--------------------------------------------------
benchmarks/INST_25x25/50/inst25x25_50_22.txt : 1019877 ms.
--------------------------------------------------
benchmarks/INST_25x25/50/inst25x25_50_23.txt : 1007435 ms.
--------------------------------------------------
benchmarks/INST_25x25/50/inst25x25_50_24.txt : 1009058 ms.
--------------------------------------------------
benchmarks/INST_25x25/50/inst25x25_50_25.txt : 1004179 ms.
--------------------------------------------------
benchmarks/INST_25x25/50/inst25x25_50_26.txt : 1006323 ms.
--------------------------------------------------
benchmarks/INST_25x25/50/inst25x25_50_27.txt : 1005183 ms.
--------------------------------------------------
benchmarks/INST_25x25/50/inst25x25_50_28.txt find answer: 16.700000
benchmarks/INST_25x25/50/inst25x25_50_28.txt : 16784 ms.
--------------------------------------------------
benchmarks/INST_25x25/50/inst25x25_50_29.txt : 1003757 ms.
--------------------------------------------------
benchmarks/INST_25x25/50/inst25x25_50_2.txt : 1030337 ms.
--------------------------------------------------
benchmarks/INST_25x25/50/inst25x25_50_30.txt : 1004172 ms.
--------------------------------------------------
benchmarks/INST_25x25/50/inst25x25_50_31.txt : 1040912 ms.
--------------------------------------------------
benchmarks/INST_25x25/50/inst25x25_50_32.txt : 1006764 ms.
--------------------------------------------------
benchmarks/INST_25x25/50/inst25x25_50_33.txt find answer: 8.750000
benchmarks/INST_25x25/50/inst25x25_50_33.txt : 8835 ms.
--------------------------------------------------
benchmarks/INST_25x25/50/inst25x25_50_34.txt : 1010293 ms.
--------------------------------------------------
benchmarks/INST_25x25/50/inst25x25_50_35.txt : 1003456 ms.
--------------------------------------------------
benchmarks/INST_25x25/50/inst25x25_50_36.txt : 1011948 ms.
--------------------------------------------------
benchmarks/INST_25x25/50/inst25x25_50_37.txt : 1013347 ms.
--------------------------------------------------
benchmarks/INST_25x25/50/inst25x25_50_38.txt : 1004903 ms.
--------------------------------------------------
benchmarks/INST_25x25/50/inst25x25_50_39.txt : 1005344 ms.
--------------------------------------------------
benchmarks/INST_25x25/50/inst25x25_50_3.txt find answer: 0.110000
benchmarks/INST_25x25/50/inst25x25_50_3.txt : 142 ms.
--------------------------------------------------
benchmarks/INST_25x25/50/inst25x25_50_40.txt : 1006519 ms.
--------------------------------------------------
benchmarks/INST_25x25/50/inst25x25_50_41.txt : 1006669 ms.
--------------------------------------------------
benchmarks/INST_25x25/50/inst25x25_50_42.txt : 1018848 ms.
--------------------------------------------------
benchmarks/INST_25x25/50/inst25x25_50_43.txt find answer: 0.000000
benchmarks/INST_25x25/50/inst25x25_50_43.txt : 90 ms.
--------------------------------------------------
benchmarks/INST_25x25/50/inst25x25_50_44.txt : 1006707 ms.
--------------------------------------------------
benchmarks/INST_25x25/50/inst25x25_50_45.txt : 1004783 ms.
--------------------------------------------------
benchmarks/INST_25x25/50/inst25x25_50_46.txt : 1041116 ms.
--------------------------------------------------
benchmarks/INST_25x25/50/inst25x25_50_47.txt find answer: 33.900000
benchmarks/INST_25x25/50/inst25x25_50_47.txt : 34013 ms.
--------------------------------------------------
benchmarks/INST_25x25/50/inst25x25_50_48.txt : 1003698 ms.
--------------------------------------------------
benchmarks/INST_25x25/50/inst25x25_50_49.txt : 1005092 ms.
--------------------------------------------------
benchmarks/INST_25x25/50/inst25x25_50_4.txt : 1007845 ms.
--------------------------------------------------
benchmarks/INST_25x25/50/inst25x25_50_50.txt : 1015396 ms.
--------------------------------------------------
benchmarks/INST_25x25/50/inst25x25_50_51.txt : 1014873 ms.
--------------------------------------------------
benchmarks/INST_25x25/50/inst25x25_50_52.txt : 1004583 ms.
--------------------------------------------------
benchmarks/INST_25x25/50/inst25x25_50_53.txt : 1011228 ms.
--------------------------------------------------
benchmarks/INST_25x25/50/inst25x25_50_54.txt : 1005869 ms.
--------------------------------------------------
benchmarks/INST_25x25/50/inst25x25_50_55.txt find answer: 1.320000
benchmarks/INST_25x25/50/inst25x25_50_55.txt : 1351 ms.
--------------------------------------------------
benchmarks/INST_25x25/50/inst25x25_50_56.txt : 1004194 ms.
--------------------------------------------------
benchmarks/INST_25x25/50/inst25x25_50_57.txt : 1023550 ms.
--------------------------------------------------
benchmarks/INST_25x25/50/inst25x25_50_58.txt : 1008572 ms.
--------------------------------------------------
benchmarks/INST_25x25/50/inst25x25_50_59.txt : 1003534 ms.
--------------------------------------------------
benchmarks/INST_25x25/50/inst25x25_50_5.txt : 1009773 ms.
--------------------------------------------------
benchmarks/INST_25x25/50/inst25x25_50_60.txt : 1002900 ms.
--------------------------------------------------
benchmarks/INST_25x25/50/inst25x25_50_61.txt : 1007673 ms.
--------------------------------------------------
benchmarks/INST_25x25/50/inst25x25_50_62.txt : 1007306 ms.
--------------------------------------------------
benchmarks/INST_25x25/50/inst25x25_50_63.txt : 1012017 ms.
--------------------------------------------------
benchmarks/INST_25x25/50/inst25x25_50_64.txt : 1012442 ms.
--------------------------------------------------
benchmarks/INST_25x25/50/inst25x25_50_65.txt : 1003579 ms.
--------------------------------------------------
benchmarks/INST_25x25/50/inst25x25_50_66.txt find answer: 6.960000
benchmarks/INST_25x25/50/inst25x25_50_66.txt : 6999 ms.
--------------------------------------------------
benchmarks/INST_25x25/50/inst25x25_50_67.txt : 1015504 ms.
--------------------------------------------------
benchmarks/INST_25x25/50/inst25x25_50_68.txt : 1009106 ms.
--------------------------------------------------
benchmarks/INST_25x25/50/inst25x25_50_69.txt : 1006340 ms.
--------------------------------------------------
benchmarks/INST_25x25/50/inst25x25_50_6.txt : 1028659 ms.
--------------------------------------------------
benchmarks/INST_25x25/50/inst25x25_50_70.txt : 1015438 ms.
--------------------------------------------------
benchmarks/INST_25x25/50/inst25x25_50_71.txt : 1017556 ms.
--------------------------------------------------
benchmarks/INST_25x25/50/inst25x25_50_72.txt : 1006335 ms.
--------------------------------------------------
benchmarks/INST_25x25/50/inst25x25_50_73.txt : 1019696 ms.
--------------------------------------------------
benchmarks/INST_25x25/50/inst25x25_50_74.txt : 1009602 ms.
--------------------------------------------------
benchmarks/INST_25x25/50/inst25x25_50_75.txt : 1007434 ms.
--------------------------------------------------
benchmarks/INST_25x25/50/inst25x25_50_76.txt : 1003578 ms.
--------------------------------------------------
benchmarks/INST_25x25/50/inst25x25_50_77.txt : 1007691 ms.
--------------------------------------------------
benchmarks/INST_25x25/50/inst25x25_50_78.txt : 1010529 ms.
--------------------------------------------------
benchmarks/INST_25x25/50/inst25x25_50_79.txt : 1029286 ms.
--------------------------------------------------
benchmarks/INST_25x25/50/inst25x25_50_7.txt : 1011401 ms.
--------------------------------------------------
benchmarks/INST_25x25/50/inst25x25_50_80.txt : 1026638 ms.
--------------------------------------------------
benchmarks/INST_25x25/50/inst25x25_50_81.txt find answer: 266.850000
benchmarks/INST_25x25/50/inst25x25_50_81.txt : 267533 ms.
--------------------------------------------------
benchmarks/INST_25x25/50/inst25x25_50_82.txt : 1008282 ms.
--------------------------------------------------
benchmarks/INST_25x25/50/inst25x25_50_83.txt : 1005607 ms.
--------------------------------------------------
benchmarks/INST_25x25/50/inst25x25_50_84.txt find answer: 0.000000
benchmarks/INST_25x25/50/inst25x25_50_84.txt : 32 ms.
--------------------------------------------------
benchmarks/INST_25x25/50/inst25x25_50_85.txt : 1008332 ms.
--------------------------------------------------
benchmarks/INST_25x25/50/inst25x25_50_86.txt : 1003764 ms.
--------------------------------------------------
benchmarks/INST_25x25/50/inst25x25_50_87.txt : 1010997 ms.
--------------------------------------------------
benchmarks/INST_25x25/50/inst25x25_50_88.txt : 1016494 ms.
--------------------------------------------------
benchmarks/INST_25x25/50/inst25x25_50_89.txt : 1012216 ms.
--------------------------------------------------
benchmarks/INST_25x25/50/inst25x25_50_8.txt find answer: 0.500000
benchmarks/INST_25x25/50/inst25x25_50_8.txt : 536 ms.
--------------------------------------------------
benchmarks/INST_25x25/50/inst25x25_50_90.txt : 1004262 ms.
--------------------------------------------------
benchmarks/INST_25x25/50/inst25x25_50_91.txt : 1018038 ms.
--------------------------------------------------
benchmarks/INST_25x25/50/inst25x25_50_92.txt : 1027132 ms.
--------------------------------------------------
benchmarks/INST_25x25/50/inst25x25_50_93.txt : 1007904 ms.
--------------------------------------------------
benchmarks/INST_25x25/50/inst25x25_50_94.txt : 1015581 ms.
--------------------------------------------------
benchmarks/INST_25x25/50/inst25x25_50_95.txt : 1004680 ms.
--------------------------------------------------
benchmarks/INST_25x25/50/inst25x25_50_96.txt find answer: 5.230000
benchmarks/INST_25x25/50/inst25x25_50_96.txt : 5287 ms.
--------------------------------------------------
benchmarks/INST_25x25/50/inst25x25_50_97.txt find answer: 6.490000
benchmarks/INST_25x25/50/inst25x25_50_97.txt : 6541 ms.
--------------------------------------------------
benchmarks/INST_25x25/50/inst25x25_50_98.txt find answer: 180.300000
benchmarks/INST_25x25/50/inst25x25_50_98.txt : 180770 ms.
--------------------------------------------------
benchmarks/INST_25x25/50/inst25x25_50_99.txt : 1008584 ms.
--------------------------------------------------
benchmarks/INST_25x25/50/inst25x25_50_9.txt : 1009581 ms.
run.sh: line 77: 3: command not found
run.sh: line 78: syntax error near unexpected token `fi'
run.sh: line 78: `    fi'
