--------------------------------------------------
benchmarks/INST_25x25/20/inst25x25_20_0.txt find answer: 9.900000
benchmarks/INST_25x25/20/inst25x25_20_0.txt : 9959 ms.
--------------------------------------------------
benchmarks/INST_25x25/20/inst25x25_20_10.txt find answer: 15.230000
benchmarks/INST_25x25/20/inst25x25_20_10.txt : 15294 ms.
--------------------------------------------------
benchmarks/INST_25x25/20/inst25x25_20_11.txt find answer: 2.690000
benchmarks/INST_25x25/20/inst25x25_20_11.txt : 2716 ms.
--------------------------------------------------
benchmarks/INST_25x25/20/inst25x25_20_12.txt find answer: 5.530000
benchmarks/INST_25x25/20/inst25x25_20_12.txt : 5563 ms.
--------------------------------------------------
benchmarks/INST_25x25/20/inst25x25_20_13.txt find answer: 19.510000
benchmarks/INST_25x25/20/inst25x25_20_13.txt : 19578 ms.
--------------------------------------------------
benchmarks/INST_25x25/20/inst25x25_20_14.txt find answer: 7.500000
benchmarks/INST_25x25/20/inst25x25_20_14.txt : 7535 ms.
--------------------------------------------------
benchmarks/INST_25x25/20/inst25x25_20_15.txt find answer: 2.920000
benchmarks/INST_25x25/20/inst25x25_20_15.txt : 2951 ms.
--------------------------------------------------
benchmarks/INST_25x25/20/inst25x25_20_16.txt find answer: 2.610000
benchmarks/INST_25x25/20/inst25x25_20_16.txt : 2634 ms.
--------------------------------------------------
benchmarks/INST_25x25/20/inst25x25_20_17.txt : 1008934 ms.
--------------------------------------------------
benchmarks/INST_25x25/20/inst25x25_20_18.txt find answer: 9.320000
benchmarks/INST_25x25/20/inst25x25_20_18.txt : 9378 ms.
--------------------------------------------------
benchmarks/INST_25x25/20/inst25x25_20_19.txt find answer: 9.470000
benchmarks/INST_25x25/20/inst25x25_20_19.txt : 9523 ms.
--------------------------------------------------
benchmarks/INST_25x25/20/inst25x25_20_1.txt find answer: 11.350000
benchmarks/INST_25x25/20/inst25x25_20_1.txt : 11396 ms.
--------------------------------------------------
benchmarks/INST_25x25/20/inst25x25_20_20.txt find answer: 8.080000
benchmarks/INST_25x25/20/inst25x25_20_20.txt : 8121 ms.
--------------------------------------------------
benchmarks/INST_25x25/20/inst25x25_20_21.txt find answer: 523.460000
benchmarks/INST_25x25/20/inst25x25_20_21.txt : 524723 ms.
--------------------------------------------------
benchmarks/INST_25x25/20/inst25x25_20_22.txt find answer: 1.640000
benchmarks/INST_25x25/20/inst25x25_20_22.txt : 1680 ms.
--------------------------------------------------
benchmarks/INST_25x25/20/inst25x25_20_23.txt : 1002470 ms.
--------------------------------------------------
benchmarks/INST_25x25/20/inst25x25_20_24.txt find answer: 28.040000
benchmarks/INST_25x25/20/inst25x25_20_24.txt : 28146 ms.
--------------------------------------------------
benchmarks/INST_25x25/20/inst25x25_20_25.txt : 1002879 ms.
--------------------------------------------------
benchmarks/INST_25x25/20/inst25x25_20_26.txt find answer: 3.560000
benchmarks/INST_25x25/20/inst25x25_20_26.txt : 3590 ms.
--------------------------------------------------
benchmarks/INST_25x25/20/inst25x25_20_27.txt find answer: 6.910000
benchmarks/INST_25x25/20/inst25x25_20_27.txt : 6952 ms.
--------------------------------------------------
benchmarks/INST_25x25/20/inst25x25_20_28.txt find answer: 3.010000
benchmarks/INST_25x25/20/inst25x25_20_28.txt : 3032 ms.
--------------------------------------------------
benchmarks/INST_25x25/20/inst25x25_20_29.txt find answer: 294.400000
benchmarks/INST_25x25/20/inst25x25_20_29.txt : 295121 ms.
--------------------------------------------------
benchmarks/INST_25x25/20/inst25x25_20_2.txt find answer: 13.370000
benchmarks/INST_25x25/20/inst25x25_20_2.txt : 13429 ms.
--------------------------------------------------
benchmarks/INST_25x25/20/inst25x25_20_30.txt find answer: 11.480000
benchmarks/INST_25x25/20/inst25x25_20_30.txt : 11537 ms.
--------------------------------------------------
benchmarks/INST_25x25/20/inst25x25_20_31.txt find answer: 1.840000
benchmarks/INST_25x25/20/inst25x25_20_31.txt : 1866 ms.
--------------------------------------------------
benchmarks/INST_25x25/20/inst25x25_20_32.txt find answer: 3.660000
benchmarks/INST_25x25/20/inst25x25_20_32.txt : 3709 ms.
--------------------------------------------------
benchmarks/INST_25x25/20/inst25x25_20_33.txt find answer: 5.730000
benchmarks/INST_25x25/20/inst25x25_20_33.txt : 5774 ms.
--------------------------------------------------
benchmarks/INST_25x25/20/inst25x25_20_34.txt find answer: 12.500000
benchmarks/INST_25x25/20/inst25x25_20_34.txt : 12546 ms.
--------------------------------------------------
benchmarks/INST_25x25/20/inst25x25_20_35.txt find answer: 11.440000
benchmarks/INST_25x25/20/inst25x25_20_35.txt : 11499 ms.
--------------------------------------------------
benchmarks/INST_25x25/20/inst25x25_20_36.txt find answer: 223.370000
benchmarks/INST_25x25/20/inst25x25_20_36.txt : 223951 ms.
--------------------------------------------------
benchmarks/INST_25x25/20/inst25x25_20_37.txt find answer: 9.660000
benchmarks/INST_25x25/20/inst25x25_20_37.txt : 9712 ms.
--------------------------------------------------
benchmarks/INST_25x25/20/inst25x25_20_38.txt find answer: 12.800000
benchmarks/INST_25x25/20/inst25x25_20_38.txt : 12849 ms.
--------------------------------------------------
benchmarks/INST_25x25/20/inst25x25_20_39.txt find answer: 2.090000
benchmarks/INST_25x25/20/inst25x25_20_39.txt : 2129 ms.
--------------------------------------------------
benchmarks/INST_25x25/20/inst25x25_20_3.txt find answer: 2.750000
benchmarks/INST_25x25/20/inst25x25_20_3.txt : 2782 ms.
--------------------------------------------------
benchmarks/INST_25x25/20/inst25x25_20_40.txt find answer: 39.150000
benchmarks/INST_25x25/20/inst25x25_20_40.txt : 39275 ms.
--------------------------------------------------
benchmarks/INST_25x25/20/inst25x25_20_41.txt find answer: 15.170000
benchmarks/INST_25x25/20/inst25x25_20_41.txt : 15235 ms.
--------------------------------------------------
benchmarks/INST_25x25/20/inst25x25_20_42.txt find answer: 7.890000
benchmarks/INST_25x25/20/inst25x25_20_42.txt : 7942 ms.
--------------------------------------------------
benchmarks/INST_25x25/20/inst25x25_20_43.txt : 1004130 ms.
--------------------------------------------------
benchmarks/INST_25x25/20/inst25x25_20_44.txt find answer: 4.870000
benchmarks/INST_25x25/20/inst25x25_20_44.txt : 4918 ms.
--------------------------------------------------
benchmarks/INST_25x25/20/inst25x25_20_45.txt find answer: 3.730000
benchmarks/INST_25x25/20/inst25x25_20_45.txt : 3777 ms.
--------------------------------------------------
benchmarks/INST_25x25/20/inst25x25_20_46.txt find answer: 42.600000
benchmarks/INST_25x25/20/inst25x25_20_46.txt : 42739 ms.
--------------------------------------------------
benchmarks/INST_25x25/20/inst25x25_20_47.txt find answer: 4.870000
benchmarks/INST_25x25/20/inst25x25_20_47.txt : 4914 ms.
--------------------------------------------------
benchmarks/INST_25x25/20/inst25x25_20_48.txt find answer: 16.950000
benchmarks/INST_25x25/20/inst25x25_20_48.txt : 17025 ms.
--------------------------------------------------
benchmarks/INST_25x25/20/inst25x25_20_49.txt find answer: 3.860000
benchmarks/INST_25x25/20/inst25x25_20_49.txt : 3909 ms.
--------------------------------------------------
benchmarks/INST_25x25/20/inst25x25_20_4.txt : 1004172 ms.
--------------------------------------------------
benchmarks/INST_25x25/20/inst25x25_20_50.txt find answer: 12.920000
benchmarks/INST_25x25/20/inst25x25_20_50.txt : 13035 ms.
--------------------------------------------------
benchmarks/INST_25x25/20/inst25x25_20_51.txt find answer: 0.950000
benchmarks/INST_25x25/20/inst25x25_20_51.txt : 983 ms.
--------------------------------------------------
benchmarks/INST_25x25/20/inst25x25_20_52.txt find answer: 2.710000
benchmarks/INST_25x25/20/inst25x25_20_52.txt : 2796 ms.
--------------------------------------------------
benchmarks/INST_25x25/20/inst25x25_20_53.txt find answer: 2.810000
benchmarks/INST_25x25/20/inst25x25_20_53.txt : 2939 ms.
--------------------------------------------------
benchmarks/INST_25x25/20/inst25x25_20_54.txt find answer: 10.430000
benchmarks/INST_25x25/20/inst25x25_20_54.txt : 10522 ms.
--------------------------------------------------
benchmarks/INST_25x25/20/inst25x25_20_55.txt find answer: 134.400000
benchmarks/INST_25x25/20/inst25x25_20_55.txt : 135300 ms.
--------------------------------------------------
benchmarks/INST_25x25/20/inst25x25_20_56.txt find answer: 1.110000
benchmarks/INST_25x25/20/inst25x25_20_56.txt : 1385 ms.
--------------------------------------------------
benchmarks/INST_25x25/20/inst25x25_20_57.txt find answer: 1.310000
benchmarks/INST_25x25/20/inst25x25_20_57.txt : 1409 ms.
--------------------------------------------------
benchmarks/INST_25x25/20/inst25x25_20_58.txt find answer: 6.650000
benchmarks/INST_25x25/20/inst25x25_20_58.txt : 6759 ms.
--------------------------------------------------
benchmarks/INST_25x25/20/inst25x25_20_59.txt find answer: 44.690000
benchmarks/INST_25x25/20/inst25x25_20_59.txt : 44923 ms.
--------------------------------------------------
benchmarks/INST_25x25/20/inst25x25_20_5.txt find answer: 0.880000
benchmarks/INST_25x25/20/inst25x25_20_5.txt : 1032 ms.
--------------------------------------------------
benchmarks/INST_25x25/20/inst25x25_20_60.txt find answer: 2.420000
benchmarks/INST_25x25/20/inst25x25_20_60.txt : 2549 ms.
--------------------------------------------------
benchmarks/INST_25x25/20/inst25x25_20_61.txt find answer: 6.880000
benchmarks/INST_25x25/20/inst25x25_20_61.txt : 7001 ms.
--------------------------------------------------
benchmarks/INST_25x25/20/inst25x25_20_62.txt find answer: 68.930000
benchmarks/INST_25x25/20/inst25x25_20_62.txt : 69339 ms.
--------------------------------------------------
benchmarks/INST_25x25/20/inst25x25_20_63.txt find answer: 56.170000
benchmarks/INST_25x25/20/inst25x25_20_63.txt : 56787 ms.
--------------------------------------------------
benchmarks/INST_25x25/20/inst25x25_20_64.txt find answer: 2.650000
benchmarks/INST_25x25/20/inst25x25_20_64.txt : 2735 ms.
--------------------------------------------------
benchmarks/INST_25x25/20/inst25x25_20_65.txt : 1019788 ms.
--------------------------------------------------
benchmarks/INST_25x25/20/inst25x25_20_66.txt : 1002764 ms.
--------------------------------------------------
benchmarks/INST_25x25/20/inst25x25_20_67.txt find answer: 8.150000
benchmarks/INST_25x25/20/inst25x25_20_67.txt : 8206 ms.
--------------------------------------------------
benchmarks/INST_25x25/20/inst25x25_20_68.txt find answer: 5.360000
benchmarks/INST_25x25/20/inst25x25_20_68.txt : 5412 ms.
--------------------------------------------------
benchmarks/INST_25x25/20/inst25x25_20_69.txt find answer: 5.060000
benchmarks/INST_25x25/20/inst25x25_20_69.txt : 5095 ms.
--------------------------------------------------
benchmarks/INST_25x25/20/inst25x25_20_6.txt find answer: 742.230000
benchmarks/INST_25x25/20/inst25x25_20_6.txt : 744005 ms.
--------------------------------------------------
benchmarks/INST_25x25/20/inst25x25_20_70.txt find answer: 3.820000
benchmarks/INST_25x25/20/inst25x25_20_70.txt : 3851 ms.
--------------------------------------------------
benchmarks/INST_25x25/20/inst25x25_20_71.txt find answer: 32.700000
benchmarks/INST_25x25/20/inst25x25_20_71.txt : 32814 ms.
--------------------------------------------------
benchmarks/INST_25x25/20/inst25x25_20_72.txt find answer: 3.680000
benchmarks/INST_25x25/20/inst25x25_20_72.txt : 3709 ms.
--------------------------------------------------
benchmarks/INST_25x25/20/inst25x25_20_73.txt find answer: 9.200000
benchmarks/INST_25x25/20/inst25x25_20_73.txt : 9253 ms.
--------------------------------------------------
benchmarks/INST_25x25/20/inst25x25_20_74.txt : 1006436 ms.
--------------------------------------------------
benchmarks/INST_25x25/20/inst25x25_20_75.txt find answer: 1.610000
benchmarks/INST_25x25/20/inst25x25_20_75.txt : 1649 ms.
--------------------------------------------------
benchmarks/INST_25x25/20/inst25x25_20_76.txt find answer: 3.470000
benchmarks/INST_25x25/20/inst25x25_20_76.txt : 3497 ms.
--------------------------------------------------
benchmarks/INST_25x25/20/inst25x25_20_77.txt : 1003576 ms.
--------------------------------------------------
benchmarks/INST_25x25/20/inst25x25_20_78.txt find answer: 3.170000
benchmarks/INST_25x25/20/inst25x25_20_78.txt : 3199 ms.
--------------------------------------------------
benchmarks/INST_25x25/20/inst25x25_20_79.txt find answer: 24.370000
benchmarks/INST_25x25/20/inst25x25_20_79.txt : 24470 ms.
--------------------------------------------------
benchmarks/INST_25x25/20/inst25x25_20_7.txt : 1012315 ms.
--------------------------------------------------
benchmarks/INST_25x25/20/inst25x25_20_80.txt : 1003228 ms.
--------------------------------------------------
benchmarks/INST_25x25/20/inst25x25_20_81.txt : 1008990 ms.
--------------------------------------------------
benchmarks/INST_25x25/20/inst25x25_20_82.txt find answer: 1.640000
benchmarks/INST_25x25/20/inst25x25_20_82.txt : 1671 ms.
--------------------------------------------------
benchmarks/INST_25x25/20/inst25x25_20_83.txt : 1003864 ms.
--------------------------------------------------
benchmarks/INST_25x25/20/inst25x25_20_84.txt find answer: 2.090000
benchmarks/INST_25x25/20/inst25x25_20_84.txt : 2112 ms.
--------------------------------------------------
benchmarks/INST_25x25/20/inst25x25_20_85.txt find answer: 3.460000
benchmarks/INST_25x25/20/inst25x25_20_85.txt : 3488 ms.
--------------------------------------------------
benchmarks/INST_25x25/20/inst25x25_20_86.txt find answer: 906.920000
benchmarks/INST_25x25/20/inst25x25_20_86.txt : 909083 ms.
--------------------------------------------------
benchmarks/INST_25x25/20/inst25x25_20_87.txt find answer: 13.870000
benchmarks/INST_25x25/20/inst25x25_20_87.txt : 13926 ms.
--------------------------------------------------
benchmarks/INST_25x25/20/inst25x25_20_88.txt : 1008676 ms.
--------------------------------------------------
benchmarks/INST_25x25/20/inst25x25_20_89.txt find answer: 14.490000
benchmarks/INST_25x25/20/inst25x25_20_89.txt : 14557 ms.
--------------------------------------------------
benchmarks/INST_25x25/20/inst25x25_20_8.txt : 1003609 ms.
--------------------------------------------------
benchmarks/INST_25x25/20/inst25x25_20_90.txt find answer: 8.940000
benchmarks/INST_25x25/20/inst25x25_20_90.txt : 8993 ms.
--------------------------------------------------
benchmarks/INST_25x25/20/inst25x25_20_91.txt find answer: 5.600000
benchmarks/INST_25x25/20/inst25x25_20_91.txt : 5646 ms.
--------------------------------------------------
benchmarks/INST_25x25/20/inst25x25_20_92.txt find answer: 43.630000
benchmarks/INST_25x25/20/inst25x25_20_92.txt : 43761 ms.
--------------------------------------------------
benchmarks/INST_25x25/20/inst25x25_20_93.txt find answer: 14.420000
benchmarks/INST_25x25/20/inst25x25_20_93.txt : 14480 ms.
--------------------------------------------------
benchmarks/INST_25x25/20/inst25x25_20_94.txt find answer: 2.150000
benchmarks/INST_25x25/20/inst25x25_20_94.txt : 2180 ms.
--------------------------------------------------
benchmarks/INST_25x25/20/inst25x25_20_95.txt find answer: 6.250000
benchmarks/INST_25x25/20/inst25x25_20_95.txt : 6299 ms.
--------------------------------------------------
benchmarks/INST_25x25/20/inst25x25_20_96.txt find answer: 12.940000
benchmarks/INST_25x25/20/inst25x25_20_96.txt : 12999 ms.
--------------------------------------------------
benchmarks/INST_25x25/20/inst25x25_20_97.txt find answer: 9.280000
benchmarks/INST_25x25/20/inst25x25_20_97.txt : 9324 ms.
--------------------------------------------------
benchmarks/INST_25x25/20/inst25x25_20_98.txt find answer: 3.740000
benchmarks/INST_25x25/20/inst25x25_20_98.txt : 3770 ms.
--------------------------------------------------
benchmarks/INST_25x25/20/inst25x25_20_99.txt : 1009951 ms.
--------------------------------------------------
benchmarks/INST_25x25/20/inst25x25_20_9.txt find answer: 69.140000
benchmarks/INST_25x25/20/inst25x25_20_9.txt : 69331 ms.
run.sh: line 77: 3: command not found
run.sh: line 78: syntax error near unexpected token `fi'
run.sh: line 78: `    fi'
