--------------------------------------------------
SAT
----------
36and49/INST_36x36/30/inst36x36_30_0.dzn : 7291 ms.
--------------------------------------------------
=====UNKNOWN=====
36and49/INST_36x36/30/inst36x36_30_10.dzn : 1001052 ms.
--------------------------------------------------
SAT
----------
36and49/INST_36x36/30/inst36x36_30_11.dzn : 793582 ms.
--------------------------------------------------
SAT
----------
36and49/INST_36x36/30/inst36x36_30_12.dzn : 2559 ms.
--------------------------------------------------
SAT
----------
36and49/INST_36x36/30/inst36x36_30_13.dzn : 80600 ms.
--------------------------------------------------
SAT
----------
36and49/INST_36x36/30/inst36x36_30_14.dzn : 21704 ms.
--------------------------------------------------
SAT
----------
36and49/INST_36x36/30/inst36x36_30_15.dzn : 1734 ms.
--------------------------------------------------
SAT
----------
36and49/INST_36x36/30/inst36x36_30_16.dzn : 12360 ms.
--------------------------------------------------
SAT
----------
36and49/INST_36x36/30/inst36x36_30_17.dzn : 11410 ms.
--------------------------------------------------
SAT
----------
36and49/INST_36x36/30/inst36x36_30_18.dzn : 1629 ms.
--------------------------------------------------
SAT
----------
36and49/INST_36x36/30/inst36x36_30_19.dzn : 4282 ms.
--------------------------------------------------
SAT
----------
36and49/INST_36x36/30/inst36x36_30_1.dzn : 6539 ms.
--------------------------------------------------
SAT
----------
36and49/INST_36x36/30/inst36x36_30_20.dzn : 364847 ms.
--------------------------------------------------
SAT
----------
36and49/INST_36x36/30/inst36x36_30_21.dzn : 786735 ms.
--------------------------------------------------
SAT
----------
36and49/INST_36x36/30/inst36x36_30_22.dzn : 7803 ms.
--------------------------------------------------
SAT
----------
36and49/INST_36x36/30/inst36x36_30_23.dzn : 1723 ms.
--------------------------------------------------
SAT
----------
36and49/INST_36x36/30/inst36x36_30_24.dzn : 47694 ms.
--------------------------------------------------
SAT
----------
36and49/INST_36x36/30/inst36x36_30_25.dzn : 7630 ms.
--------------------------------------------------
SAT
----------
36and49/INST_36x36/30/inst36x36_30_26.dzn : 2434 ms.
--------------------------------------------------
SAT
----------
36and49/INST_36x36/30/inst36x36_30_27.dzn : 6481 ms.
--------------------------------------------------
SAT
----------
36and49/INST_36x36/30/inst36x36_30_28.dzn : 11247 ms.
--------------------------------------------------
SAT
----------
36and49/INST_36x36/30/inst36x36_30_29.dzn : 21160 ms.
--------------------------------------------------
SAT
----------
36and49/INST_36x36/30/inst36x36_30_2.dzn : 1665 ms.
--------------------------------------------------
SAT
----------
36and49/INST_36x36/30/inst36x36_30_30.dzn : 1507 ms.
--------------------------------------------------
SAT
----------
36and49/INST_36x36/30/inst36x36_30_31.dzn : 1624 ms.
--------------------------------------------------
SAT
----------
36and49/INST_36x36/30/inst36x36_30_32.dzn : 833364 ms.
--------------------------------------------------
SAT
----------
36and49/INST_36x36/30/inst36x36_30_33.dzn : 459080 ms.
--------------------------------------------------
SAT
----------
36and49/INST_36x36/30/inst36x36_30_34.dzn : 4666 ms.
--------------------------------------------------
SAT
----------
36and49/INST_36x36/30/inst36x36_30_35.dzn : 1630 ms.
--------------------------------------------------
SAT
----------
36and49/INST_36x36/30/inst36x36_30_36.dzn : 2608 ms.
--------------------------------------------------
SAT
----------
36and49/INST_36x36/30/inst36x36_30_37.dzn : 21000 ms.
--------------------------------------------------
SAT
----------
36and49/INST_36x36/30/inst36x36_30_38.dzn : 30759 ms.
--------------------------------------------------
SAT
----------
36and49/INST_36x36/30/inst36x36_30_39.dzn : 66804 ms.
--------------------------------------------------
SAT
----------
36and49/INST_36x36/30/inst36x36_30_3.dzn : 7684 ms.
--------------------------------------------------
SAT
----------
36and49/INST_36x36/30/inst36x36_30_40.dzn : 2184 ms.
--------------------------------------------------
SAT
----------
36and49/INST_36x36/30/inst36x36_30_41.dzn : 12763 ms.
--------------------------------------------------
SAT
----------
36and49/INST_36x36/30/inst36x36_30_42.dzn : 65270 ms.
--------------------------------------------------
SAT
----------
36and49/INST_36x36/30/inst36x36_30_43.dzn : 13378 ms.
--------------------------------------------------
SAT
----------
36and49/INST_36x36/30/inst36x36_30_44.dzn : 37074 ms.
--------------------------------------------------
SAT
----------
36and49/INST_36x36/30/inst36x36_30_45.dzn : 5624 ms.
--------------------------------------------------
SAT
----------
36and49/INST_36x36/30/inst36x36_30_46.dzn : 5665 ms.
--------------------------------------------------
SAT
----------
36and49/INST_36x36/30/inst36x36_30_47.dzn : 32803 ms.
--------------------------------------------------
SAT
----------
36and49/INST_36x36/30/inst36x36_30_48.dzn : 10866 ms.
--------------------------------------------------
SAT
----------
36and49/INST_36x36/30/inst36x36_30_49.dzn : 615039 ms.
--------------------------------------------------
SAT
----------
36and49/INST_36x36/30/inst36x36_30_4.dzn : 418784 ms.
--------------------------------------------------
SAT
----------
36and49/INST_36x36/30/inst36x36_30_50.dzn : 2573 ms.
--------------------------------------------------
SAT
----------
36and49/INST_36x36/30/inst36x36_30_51.dzn : 19153 ms.
--------------------------------------------------
SAT
----------
36and49/INST_36x36/30/inst36x36_30_52.dzn : 1689 ms.
--------------------------------------------------
=====UNKNOWN=====
36and49/INST_36x36/30/inst36x36_30_53.dzn : 1000794 ms.
--------------------------------------------------
SAT
----------
36and49/INST_36x36/30/inst36x36_30_54.dzn : 5918 ms.
--------------------------------------------------
=====UNKNOWN=====
36and49/INST_36x36/30/inst36x36_30_55.dzn : 1000760 ms.
--------------------------------------------------
SAT
----------
36and49/INST_36x36/30/inst36x36_30_56.dzn : 57631 ms.
--------------------------------------------------
SAT
----------
36and49/INST_36x36/30/inst36x36_30_57.dzn : 143346 ms.
--------------------------------------------------
SAT
----------
36and49/INST_36x36/30/inst36x36_30_58.dzn : 1732 ms.
--------------------------------------------------
SAT
----------
36and49/INST_36x36/30/inst36x36_30_59.dzn : 249649 ms.
--------------------------------------------------
SAT
----------
36and49/INST_36x36/30/inst36x36_30_5.dzn : 376878 ms.
--------------------------------------------------
SAT
----------
36and49/INST_36x36/30/inst36x36_30_60.dzn : 100311 ms.
--------------------------------------------------
SAT
----------
36and49/INST_36x36/30/inst36x36_30_61.dzn : 35533 ms.
--------------------------------------------------
SAT
----------
36and49/INST_36x36/30/inst36x36_30_62.dzn : 9449 ms.
--------------------------------------------------
SAT
----------
36and49/INST_36x36/30/inst36x36_30_63.dzn : 114262 ms.
--------------------------------------------------
SAT
----------
36and49/INST_36x36/30/inst36x36_30_64.dzn : 1883 ms.
--------------------------------------------------
SAT
----------
36and49/INST_36x36/30/inst36x36_30_65.dzn : 1498 ms.
--------------------------------------------------
SAT
----------
36and49/INST_36x36/30/inst36x36_30_66.dzn : 4545 ms.
--------------------------------------------------
SAT
----------
36and49/INST_36x36/30/inst36x36_30_67.dzn : 88321 ms.
--------------------------------------------------
SAT
----------
36and49/INST_36x36/30/inst36x36_30_68.dzn : 2816 ms.
--------------------------------------------------
SAT
----------
36and49/INST_36x36/30/inst36x36_30_69.dzn : 3615 ms.
--------------------------------------------------
SAT
----------
36and49/INST_36x36/30/inst36x36_30_6.dzn : 4862 ms.
--------------------------------------------------
SAT
----------
36and49/INST_36x36/30/inst36x36_30_70.dzn : 2052 ms.
--------------------------------------------------
SAT
----------
36and49/INST_36x36/30/inst36x36_30_71.dzn : 1634 ms.
--------------------------------------------------
SAT
----------
36and49/INST_36x36/30/inst36x36_30_72.dzn : 1596 ms.
--------------------------------------------------
SAT
----------
36and49/INST_36x36/30/inst36x36_30_73.dzn : 25169 ms.
--------------------------------------------------
SAT
----------
36and49/INST_36x36/30/inst36x36_30_74.dzn : 1934 ms.
--------------------------------------------------
SAT
----------
36and49/INST_36x36/30/inst36x36_30_75.dzn : 14596 ms.
--------------------------------------------------
SAT
----------
36and49/INST_36x36/30/inst36x36_30_76.dzn : 14414 ms.
--------------------------------------------------
SAT
----------
36and49/INST_36x36/30/inst36x36_30_77.dzn : 2333 ms.
--------------------------------------------------
SAT
----------
36and49/INST_36x36/30/inst36x36_30_78.dzn : 1458 ms.
--------------------------------------------------
SAT
----------
36and49/INST_36x36/30/inst36x36_30_79.dzn : 13542 ms.
--------------------------------------------------
SAT
----------
36and49/INST_36x36/30/inst36x36_30_7.dzn : 3543 ms.
--------------------------------------------------
SAT
----------
36and49/INST_36x36/30/inst36x36_30_80.dzn : 23937 ms.
--------------------------------------------------
SAT
----------
36and49/INST_36x36/30/inst36x36_30_81.dzn : 1874 ms.
--------------------------------------------------
SAT
----------
36and49/INST_36x36/30/inst36x36_30_82.dzn : 99053 ms.
--------------------------------------------------
SAT
----------
36and49/INST_36x36/30/inst36x36_30_83.dzn : 3551 ms.
--------------------------------------------------
SAT
----------
36and49/INST_36x36/30/inst36x36_30_84.dzn : 9314 ms.
--------------------------------------------------
SAT
----------
36and49/INST_36x36/30/inst36x36_30_85.dzn : 1508 ms.
--------------------------------------------------
SAT
----------
36and49/INST_36x36/30/inst36x36_30_86.dzn : 14496 ms.
--------------------------------------------------
SAT
----------
36and49/INST_36x36/30/inst36x36_30_87.dzn : 207630 ms.
--------------------------------------------------
SAT
----------
36and49/INST_36x36/30/inst36x36_30_88.dzn : 2194 ms.
--------------------------------------------------
SAT
----------
36and49/INST_36x36/30/inst36x36_30_89.dzn : 1551 ms.
--------------------------------------------------
SAT
----------
36and49/INST_36x36/30/inst36x36_30_8.dzn : 1384 ms.
--------------------------------------------------
SAT
----------
36and49/INST_36x36/30/inst36x36_30_90.dzn : 2229 ms.
--------------------------------------------------
=====UNKNOWN=====
36and49/INST_36x36/30/inst36x36_30_91.dzn : 1000728 ms.
--------------------------------------------------
SAT
----------
36and49/INST_36x36/30/inst36x36_30_92.dzn : 2119 ms.
--------------------------------------------------
SAT
----------
36and49/INST_36x36/30/inst36x36_30_93.dzn : 11836 ms.
--------------------------------------------------
SAT
----------
36and49/INST_36x36/30/inst36x36_30_94.dzn : 4913 ms.
--------------------------------------------------
SAT
----------
36and49/INST_36x36/30/inst36x36_30_95.dzn : 3284 ms.
--------------------------------------------------
SAT
----------
36and49/INST_36x36/30/inst36x36_30_96.dzn : 1990 ms.
--------------------------------------------------
SAT
----------
36and49/INST_36x36/30/inst36x36_30_97.dzn : 892419 ms.
--------------------------------------------------
SAT
----------
36and49/INST_36x36/30/inst36x36_30_98.dzn : 11126 ms.
--------------------------------------------------
=====UNKNOWN=====
36and49/INST_36x36/30/inst36x36_30_99.dzn : 1000773 ms.
--------------------------------------------------
SAT
----------
36and49/INST_36x36/30/inst36x36_30_9.dzn : 16283 ms.
