--------------------------------------------------
SAT
----------
benchmarks/MOLS/inst3.txt : 2658 ms.
--------------------------------------------------
SAT
----------
benchmarks/MOLS/inst4.txt : 903 ms.
--------------------------------------------------
SAT
----------
benchmarks/MOLS/inst5.txt : 1250 ms.
--------------------------------------------------
=====UNKNOWN=====
benchmarks/MOLS/inst7.txt : 1000924 ms.
--------------------------------------------------
=====UNKNOWN=====
benchmarks/MOLS/inst8.txt : 1000985 ms.
--------------------------------------------------
=====UNKNOWN=====
benchmarks/MOLS/inst9.txt : 1001159 ms.
