--------------------------------------------------
SAT
----------
benchmarks/MOLS/inst3.txt : 2610 ms.
--------------------------------------------------
SAT
----------
benchmarks/MOLS/inst4.txt : 927 ms.
--------------------------------------------------
SAT
----------
benchmarks/MOLS/inst5.txt : 1257 ms.
--------------------------------------------------
=====UNKNOWN=====
benchmarks/MOLS/inst7.txt : 1000917 ms.
--------------------------------------------------
=====UNKNOWN=====
benchmarks/MOLS/inst8.txt : 1000993 ms.
--------------------------------------------------
=====UNKNOWN=====
benchmarks/MOLS/inst9.txt : 1001123 ms.
