--------------------------------------------------
benchmarks/INST_36x36/40/inst36x36_40_0.txt : 1008619 ms.
--------------------------------------------------
benchmarks/INST_36x36/40/inst36x36_40_10.txt : 1010177 ms.
--------------------------------------------------
benchmarks/INST_36x36/40/inst36x36_40_11.txt : 1009400 ms.
--------------------------------------------------
benchmarks/INST_36x36/40/inst36x36_40_12.txt : 1008980 ms.
--------------------------------------------------
benchmarks/INST_36x36/40/inst36x36_40_13.txt : 1003417 ms.
--------------------------------------------------
benchmarks/INST_36x36/40/inst36x36_40_14.txt : 1015229 ms.
--------------------------------------------------
benchmarks/INST_36x36/40/inst36x36_40_15.txt : 1002512 ms.
--------------------------------------------------
benchmarks/INST_36x36/40/inst36x36_40_16.txt : 1007554 ms.
--------------------------------------------------
benchmarks/INST_36x36/40/inst36x36_40_17.txt : 1011043 ms.
--------------------------------------------------
benchmarks/INST_36x36/40/inst36x36_40_18.txt : 1003022 ms.
--------------------------------------------------
benchmarks/INST_36x36/40/inst36x36_40_19.txt : 1005307 ms.
--------------------------------------------------
benchmarks/INST_36x36/40/inst36x36_40_1.txt : 1014117 ms.
--------------------------------------------------
benchmarks/INST_36x36/40/inst36x36_40_20.txt : 1003680 ms.
--------------------------------------------------
benchmarks/INST_36x36/40/inst36x36_40_21.txt : 1003178 ms.
--------------------------------------------------
benchmarks/INST_36x36/40/inst36x36_40_22.txt : 1016795 ms.
--------------------------------------------------
benchmarks/INST_36x36/40/inst36x36_40_23.txt : 1011237 ms.
--------------------------------------------------
benchmarks/INST_36x36/40/inst36x36_40_24.txt : 1010652 ms.
--------------------------------------------------
benchmarks/INST_36x36/40/inst36x36_40_25.txt : 1010322 ms.
--------------------------------------------------
benchmarks/INST_36x36/40/inst36x36_40_26.txt : 1005308 ms.
--------------------------------------------------
benchmarks/INST_36x36/40/inst36x36_40_27.txt : 1008038 ms.
--------------------------------------------------
benchmarks/INST_36x36/40/inst36x36_40_28.txt : 1006126 ms.
--------------------------------------------------
benchmarks/INST_36x36/40/inst36x36_40_29.txt : 1020610 ms.
--------------------------------------------------
benchmarks/INST_36x36/40/inst36x36_40_2.txt : 1015081 ms.
--------------------------------------------------
benchmarks/INST_36x36/40/inst36x36_40_30.txt : 1009713 ms.
--------------------------------------------------
benchmarks/INST_36x36/40/inst36x36_40_31.txt : 1017754 ms.
--------------------------------------------------
benchmarks/INST_36x36/40/inst36x36_40_32.txt : 1011279 ms.
--------------------------------------------------
benchmarks/INST_36x36/40/inst36x36_40_33.txt : 1014604 ms.
--------------------------------------------------
benchmarks/INST_36x36/40/inst36x36_40_34.txt find answer: 65.640000
benchmarks/INST_36x36/40/inst36x36_40_34.txt : 65866 ms.
--------------------------------------------------
benchmarks/INST_36x36/40/inst36x36_40_35.txt : 1004066 ms.
--------------------------------------------------
benchmarks/INST_36x36/40/inst36x36_40_36.txt : 1003358 ms.
--------------------------------------------------
benchmarks/INST_36x36/40/inst36x36_40_37.txt : 1003677 ms.
--------------------------------------------------
benchmarks/INST_36x36/40/inst36x36_40_38.txt : 1009098 ms.
--------------------------------------------------
benchmarks/INST_36x36/40/inst36x36_40_39.txt : 1002894 ms.
--------------------------------------------------
benchmarks/INST_36x36/40/inst36x36_40_3.txt : 1003109 ms.
--------------------------------------------------
benchmarks/INST_36x36/40/inst36x36_40_40.txt : 1009643 ms.
--------------------------------------------------
benchmarks/INST_36x36/40/inst36x36_40_41.txt : 1017490 ms.
--------------------------------------------------
benchmarks/INST_36x36/40/inst36x36_40_42.txt : 1005107 ms.
--------------------------------------------------
benchmarks/INST_36x36/40/inst36x36_40_43.txt : 1007235 ms.
--------------------------------------------------
benchmarks/INST_36x36/40/inst36x36_40_44.txt : 1008975 ms.
--------------------------------------------------
benchmarks/INST_36x36/40/inst36x36_40_45.txt : 1004840 ms.
--------------------------------------------------
benchmarks/INST_36x36/40/inst36x36_40_46.txt : 1003183 ms.
--------------------------------------------------
benchmarks/INST_36x36/40/inst36x36_40_47.txt : 1004326 ms.
--------------------------------------------------
benchmarks/INST_36x36/40/inst36x36_40_48.txt : 1007804 ms.
--------------------------------------------------
benchmarks/INST_36x36/40/inst36x36_40_49.txt : 1003183 ms.
--------------------------------------------------
benchmarks/INST_36x36/40/inst36x36_40_4.txt : 1003903 ms.
--------------------------------------------------
benchmarks/INST_36x36/40/inst36x36_40_50.txt : 1002461 ms.
--------------------------------------------------
benchmarks/INST_36x36/40/inst36x36_40_51.txt : 1002464 ms.
--------------------------------------------------
benchmarks/INST_36x36/40/inst36x36_40_52.txt : 1005524 ms.
--------------------------------------------------
benchmarks/INST_36x36/40/inst36x36_40_53.txt : 1008357 ms.
--------------------------------------------------
benchmarks/INST_36x36/40/inst36x36_40_54.txt : 1003968 ms.
--------------------------------------------------
benchmarks/INST_36x36/40/inst36x36_40_55.txt : 1007610 ms.
--------------------------------------------------
benchmarks/INST_36x36/40/inst36x36_40_56.txt : 1004288 ms.
--------------------------------------------------
benchmarks/INST_36x36/40/inst36x36_40_57.txt : 1003210 ms.
--------------------------------------------------
benchmarks/INST_36x36/40/inst36x36_40_58.txt : 1009787 ms.
--------------------------------------------------
benchmarks/INST_36x36/40/inst36x36_40_59.txt : 1009401 ms.
--------------------------------------------------
benchmarks/INST_36x36/40/inst36x36_40_5.txt : 1003188 ms.
--------------------------------------------------
benchmarks/INST_36x36/40/inst36x36_40_60.txt : 1014578 ms.
--------------------------------------------------
benchmarks/INST_36x36/40/inst36x36_40_61.txt : 1003469 ms.
--------------------------------------------------
benchmarks/INST_36x36/40/inst36x36_40_62.txt : 1004666 ms.
--------------------------------------------------
benchmarks/INST_36x36/40/inst36x36_40_63.txt : 1004385 ms.
--------------------------------------------------
benchmarks/INST_36x36/40/inst36x36_40_64.txt : 1012105 ms.
--------------------------------------------------
benchmarks/INST_36x36/40/inst36x36_40_65.txt : 1007196 ms.
--------------------------------------------------
benchmarks/INST_36x36/40/inst36x36_40_66.txt : 1004483 ms.
--------------------------------------------------
benchmarks/INST_36x36/40/inst36x36_40_67.txt : 1005058 ms.
--------------------------------------------------
benchmarks/INST_36x36/40/inst36x36_40_68.txt : 1002481 ms.
--------------------------------------------------
benchmarks/INST_36x36/40/inst36x36_40_69.txt : 1004911 ms.
--------------------------------------------------
benchmarks/INST_36x36/40/inst36x36_40_6.txt : 1005896 ms.
--------------------------------------------------
benchmarks/INST_36x36/40/inst36x36_40_70.txt : 1006884 ms.
--------------------------------------------------
benchmarks/INST_36x36/40/inst36x36_40_71.txt : 1014615 ms.
--------------------------------------------------
benchmarks/INST_36x36/40/inst36x36_40_72.txt : 1003778 ms.
--------------------------------------------------
benchmarks/INST_36x36/40/inst36x36_40_73.txt : 1012495 ms.
--------------------------------------------------
benchmarks/INST_36x36/40/inst36x36_40_74.txt : 1014102 ms.
--------------------------------------------------
benchmarks/INST_36x36/40/inst36x36_40_75.txt : 1006220 ms.
--------------------------------------------------
benchmarks/INST_36x36/40/inst36x36_40_76.txt : 1005415 ms.
--------------------------------------------------
benchmarks/INST_36x36/40/inst36x36_40_77.txt : 1012138 ms.
--------------------------------------------------
benchmarks/INST_36x36/40/inst36x36_40_78.txt : 1002838 ms.
--------------------------------------------------
benchmarks/INST_36x36/40/inst36x36_40_79.txt : 1009280 ms.
--------------------------------------------------
benchmarks/INST_36x36/40/inst36x36_40_7.txt : 1025896 ms.
--------------------------------------------------
benchmarks/INST_36x36/40/inst36x36_40_80.txt : 1002966 ms.
--------------------------------------------------
benchmarks/INST_36x36/40/inst36x36_40_81.txt : 1015540 ms.
--------------------------------------------------
benchmarks/INST_36x36/40/inst36x36_40_82.txt : 1009377 ms.
--------------------------------------------------
benchmarks/INST_36x36/40/inst36x36_40_83.txt : 1010415 ms.
--------------------------------------------------
benchmarks/INST_36x36/40/inst36x36_40_84.txt : 1006360 ms.
--------------------------------------------------
benchmarks/INST_36x36/40/inst36x36_40_85.txt : 1009363 ms.
--------------------------------------------------
benchmarks/INST_36x36/40/inst36x36_40_86.txt : 1004136 ms.
--------------------------------------------------
benchmarks/INST_36x36/40/inst36x36_40_87.txt : 1014889 ms.
--------------------------------------------------
benchmarks/INST_36x36/40/inst36x36_40_88.txt : 1002474 ms.
--------------------------------------------------
benchmarks/INST_36x36/40/inst36x36_40_89.txt : 1002804 ms.
--------------------------------------------------
benchmarks/INST_36x36/40/inst36x36_40_8.txt : 1011044 ms.
--------------------------------------------------
benchmarks/INST_36x36/40/inst36x36_40_90.txt : 1002632 ms.
--------------------------------------------------
benchmarks/INST_36x36/40/inst36x36_40_91.txt : 1004987 ms.
--------------------------------------------------
benchmarks/INST_36x36/40/inst36x36_40_92.txt : 1005823 ms.
--------------------------------------------------
benchmarks/INST_36x36/40/inst36x36_40_93.txt : 1011218 ms.
--------------------------------------------------
benchmarks/INST_36x36/40/inst36x36_40_94.txt : 1008650 ms.
--------------------------------------------------
benchmarks/INST_36x36/40/inst36x36_40_95.txt : 1013957 ms.
--------------------------------------------------
benchmarks/INST_36x36/40/inst36x36_40_96.txt : 1002990 ms.
--------------------------------------------------
benchmarks/INST_36x36/40/inst36x36_40_97.txt : 1003360 ms.
--------------------------------------------------
benchmarks/INST_36x36/40/inst36x36_40_98.txt : 1003878 ms.
--------------------------------------------------
benchmarks/INST_36x36/40/inst36x36_40_99.txt : 1006588 ms.
--------------------------------------------------
benchmarks/INST_36x36/40/inst36x36_40_9.txt : 1014850 ms.
run.sh: line 77: 3: command not found
run.sh: line 78: syntax error near unexpected token `fi'
run.sh: line 78: `    fi'
