--------------------------------------------------
benchmarks/INST_36x36/0/inst36x36_0_0.txt find answer: 7.170000
benchmarks/INST_36x36/0/inst36x36_0_0.txt : 7242 ms.
--------------------------------------------------
benchmarks/INST_36x36/0/inst36x36_0_10.txt find answer: 7.950000
benchmarks/INST_36x36/0/inst36x36_0_10.txt : 8024 ms.
--------------------------------------------------
benchmarks/INST_36x36/0/inst36x36_0_11.txt find answer: 7.910000
benchmarks/INST_36x36/0/inst36x36_0_11.txt : 8002 ms.
--------------------------------------------------
benchmarks/INST_36x36/0/inst36x36_0_12.txt find answer: 7.720000
benchmarks/INST_36x36/0/inst36x36_0_12.txt : 7797 ms.
--------------------------------------------------
benchmarks/INST_36x36/0/inst36x36_0_13.txt find answer: 7.600000
benchmarks/INST_36x36/0/inst36x36_0_13.txt : 7660 ms.
--------------------------------------------------
benchmarks/INST_36x36/0/inst36x36_0_14.txt find answer: 7.210000
benchmarks/INST_36x36/0/inst36x36_0_14.txt : 7277 ms.
--------------------------------------------------
benchmarks/INST_36x36/0/inst36x36_0_15.txt find answer: 7.060000
benchmarks/INST_36x36/0/inst36x36_0_15.txt : 7128 ms.
--------------------------------------------------
benchmarks/INST_36x36/0/inst36x36_0_16.txt find answer: 7.250000
benchmarks/INST_36x36/0/inst36x36_0_16.txt : 7304 ms.
--------------------------------------------------
benchmarks/INST_36x36/0/inst36x36_0_17.txt find answer: 7.170000
benchmarks/INST_36x36/0/inst36x36_0_17.txt : 7238 ms.
--------------------------------------------------
benchmarks/INST_36x36/0/inst36x36_0_18.txt find answer: 7.180000
benchmarks/INST_36x36/0/inst36x36_0_18.txt : 7246 ms.
--------------------------------------------------
benchmarks/INST_36x36/0/inst36x36_0_19.txt find answer: 7.190000
benchmarks/INST_36x36/0/inst36x36_0_19.txt : 7252 ms.
--------------------------------------------------
benchmarks/INST_36x36/0/inst36x36_0_1.txt find answer: 7.100000
benchmarks/INST_36x36/0/inst36x36_0_1.txt : 7164 ms.
--------------------------------------------------
benchmarks/INST_36x36/0/inst36x36_0_20.txt find answer: 7.080000
benchmarks/INST_36x36/0/inst36x36_0_20.txt : 7137 ms.
--------------------------------------------------
benchmarks/INST_36x36/0/inst36x36_0_21.txt find answer: 7.060000
benchmarks/INST_36x36/0/inst36x36_0_21.txt : 7132 ms.
--------------------------------------------------
benchmarks/INST_36x36/0/inst36x36_0_22.txt find answer: 7.140000
benchmarks/INST_36x36/0/inst36x36_0_22.txt : 7211 ms.
--------------------------------------------------
benchmarks/INST_36x36/0/inst36x36_0_23.txt find answer: 7.080000
benchmarks/INST_36x36/0/inst36x36_0_23.txt : 7145 ms.
--------------------------------------------------
benchmarks/INST_36x36/0/inst36x36_0_24.txt find answer: 7.090000
benchmarks/INST_36x36/0/inst36x36_0_24.txt : 7162 ms.
--------------------------------------------------
benchmarks/INST_36x36/0/inst36x36_0_25.txt find answer: 7.080000
benchmarks/INST_36x36/0/inst36x36_0_25.txt : 7147 ms.
--------------------------------------------------
benchmarks/INST_36x36/0/inst36x36_0_26.txt find answer: 7.070000
benchmarks/INST_36x36/0/inst36x36_0_26.txt : 7120 ms.
--------------------------------------------------
benchmarks/INST_36x36/0/inst36x36_0_27.txt find answer: 7.140000
benchmarks/INST_36x36/0/inst36x36_0_27.txt : 7202 ms.
--------------------------------------------------
benchmarks/INST_36x36/0/inst36x36_0_28.txt find answer: 7.080000
benchmarks/INST_36x36/0/inst36x36_0_28.txt : 7147 ms.
--------------------------------------------------
benchmarks/INST_36x36/0/inst36x36_0_29.txt find answer: 7.130000
benchmarks/INST_36x36/0/inst36x36_0_29.txt : 7204 ms.
--------------------------------------------------
benchmarks/INST_36x36/0/inst36x36_0_2.txt find answer: 7.100000
benchmarks/INST_36x36/0/inst36x36_0_2.txt : 7168 ms.
--------------------------------------------------
benchmarks/INST_36x36/0/inst36x36_0_30.txt find answer: 7.070000
benchmarks/INST_36x36/0/inst36x36_0_30.txt : 7146 ms.
--------------------------------------------------
benchmarks/INST_36x36/0/inst36x36_0_31.txt find answer: 7.050000
benchmarks/INST_36x36/0/inst36x36_0_31.txt : 7117 ms.
--------------------------------------------------
benchmarks/INST_36x36/0/inst36x36_0_32.txt find answer: 7.040000
benchmarks/INST_36x36/0/inst36x36_0_32.txt : 7103 ms.
--------------------------------------------------
benchmarks/INST_36x36/0/inst36x36_0_33.txt find answer: 7.090000
benchmarks/INST_36x36/0/inst36x36_0_33.txt : 7154 ms.
--------------------------------------------------
benchmarks/INST_36x36/0/inst36x36_0_34.txt find answer: 7.090000
benchmarks/INST_36x36/0/inst36x36_0_34.txt : 7154 ms.
--------------------------------------------------
benchmarks/INST_36x36/0/inst36x36_0_35.txt find answer: 7.080000
benchmarks/INST_36x36/0/inst36x36_0_35.txt : 7145 ms.
--------------------------------------------------
benchmarks/INST_36x36/0/inst36x36_0_36.txt find answer: 7.050000
benchmarks/INST_36x36/0/inst36x36_0_36.txt : 7122 ms.
--------------------------------------------------
benchmarks/INST_36x36/0/inst36x36_0_37.txt find answer: 7.060000
benchmarks/INST_36x36/0/inst36x36_0_37.txt : 7130 ms.
--------------------------------------------------
benchmarks/INST_36x36/0/inst36x36_0_38.txt find answer: 7.050000
benchmarks/INST_36x36/0/inst36x36_0_38.txt : 7118 ms.
--------------------------------------------------
benchmarks/INST_36x36/0/inst36x36_0_39.txt find answer: 7.040000
benchmarks/INST_36x36/0/inst36x36_0_39.txt : 7110 ms.
--------------------------------------------------
benchmarks/INST_36x36/0/inst36x36_0_3.txt find answer: 7.060000
benchmarks/INST_36x36/0/inst36x36_0_3.txt : 7113 ms.
--------------------------------------------------
benchmarks/INST_36x36/0/inst36x36_0_40.txt find answer: 7.110000
benchmarks/INST_36x36/0/inst36x36_0_40.txt : 7178 ms.
--------------------------------------------------
benchmarks/INST_36x36/0/inst36x36_0_41.txt find answer: 7.060000
benchmarks/INST_36x36/0/inst36x36_0_41.txt : 7124 ms.
--------------------------------------------------
benchmarks/INST_36x36/0/inst36x36_0_42.txt find answer: 7.080000
benchmarks/INST_36x36/0/inst36x36_0_42.txt : 7152 ms.
--------------------------------------------------
benchmarks/INST_36x36/0/inst36x36_0_43.txt find answer: 7.640000
benchmarks/INST_36x36/0/inst36x36_0_43.txt : 7709 ms.
--------------------------------------------------
benchmarks/INST_36x36/0/inst36x36_0_44.txt find answer: 7.230000
benchmarks/INST_36x36/0/inst36x36_0_44.txt : 7298 ms.
--------------------------------------------------
benchmarks/INST_36x36/0/inst36x36_0_45.txt find answer: 7.110000
benchmarks/INST_36x36/0/inst36x36_0_45.txt : 7200 ms.
--------------------------------------------------
benchmarks/INST_36x36/0/inst36x36_0_46.txt find answer: 7.080000
benchmarks/INST_36x36/0/inst36x36_0_46.txt : 7160 ms.
--------------------------------------------------
benchmarks/INST_36x36/0/inst36x36_0_47.txt find answer: 7.120000
benchmarks/INST_36x36/0/inst36x36_0_47.txt : 7191 ms.
--------------------------------------------------
benchmarks/INST_36x36/0/inst36x36_0_48.txt find answer: 7.080000
benchmarks/INST_36x36/0/inst36x36_0_48.txt : 7150 ms.
--------------------------------------------------
benchmarks/INST_36x36/0/inst36x36_0_49.txt find answer: 7.080000
benchmarks/INST_36x36/0/inst36x36_0_49.txt : 7144 ms.
--------------------------------------------------
benchmarks/INST_36x36/0/inst36x36_0_4.txt find answer: 7.140000
benchmarks/INST_36x36/0/inst36x36_0_4.txt : 7213 ms.
--------------------------------------------------
benchmarks/INST_36x36/0/inst36x36_0_50.txt find answer: 7.100000
benchmarks/INST_36x36/0/inst36x36_0_50.txt : 7156 ms.
--------------------------------------------------
benchmarks/INST_36x36/0/inst36x36_0_51.txt find answer: 7.090000
benchmarks/INST_36x36/0/inst36x36_0_51.txt : 7165 ms.
--------------------------------------------------
benchmarks/INST_36x36/0/inst36x36_0_52.txt find answer: 7.050000
benchmarks/INST_36x36/0/inst36x36_0_52.txt : 7116 ms.
--------------------------------------------------
benchmarks/INST_36x36/0/inst36x36_0_53.txt find answer: 7.060000
benchmarks/INST_36x36/0/inst36x36_0_53.txt : 7128 ms.
--------------------------------------------------
benchmarks/INST_36x36/0/inst36x36_0_54.txt find answer: 7.060000
benchmarks/INST_36x36/0/inst36x36_0_54.txt : 7138 ms.
--------------------------------------------------
benchmarks/INST_36x36/0/inst36x36_0_55.txt find answer: 7.120000
benchmarks/INST_36x36/0/inst36x36_0_55.txt : 7197 ms.
--------------------------------------------------
benchmarks/INST_36x36/0/inst36x36_0_56.txt find answer: 7.080000
benchmarks/INST_36x36/0/inst36x36_0_56.txt : 7151 ms.
--------------------------------------------------
benchmarks/INST_36x36/0/inst36x36_0_57.txt find answer: 7.100000
benchmarks/INST_36x36/0/inst36x36_0_57.txt : 7161 ms.
--------------------------------------------------
benchmarks/INST_36x36/0/inst36x36_0_58.txt find answer: 7.100000
benchmarks/INST_36x36/0/inst36x36_0_58.txt : 7167 ms.
--------------------------------------------------
benchmarks/INST_36x36/0/inst36x36_0_59.txt find answer: 7.070000
benchmarks/INST_36x36/0/inst36x36_0_59.txt : 7142 ms.
--------------------------------------------------
benchmarks/INST_36x36/0/inst36x36_0_5.txt find answer: 7.160000
benchmarks/INST_36x36/0/inst36x36_0_5.txt : 7231 ms.
--------------------------------------------------
benchmarks/INST_36x36/0/inst36x36_0_60.txt find answer: 7.090000
benchmarks/INST_36x36/0/inst36x36_0_60.txt : 7162 ms.
--------------------------------------------------
benchmarks/INST_36x36/0/inst36x36_0_61.txt find answer: 7.120000
benchmarks/INST_36x36/0/inst36x36_0_61.txt : 7190 ms.
--------------------------------------------------
benchmarks/INST_36x36/0/inst36x36_0_62.txt find answer: 7.150000
benchmarks/INST_36x36/0/inst36x36_0_62.txt : 7705 ms.
--------------------------------------------------
benchmarks/INST_36x36/0/inst36x36_0_63.txt find answer: 7.070000
benchmarks/INST_36x36/0/inst36x36_0_63.txt : 7139 ms.
--------------------------------------------------
benchmarks/INST_36x36/0/inst36x36_0_64.txt find answer: 7.090000
benchmarks/INST_36x36/0/inst36x36_0_64.txt : 7154 ms.
--------------------------------------------------
benchmarks/INST_36x36/0/inst36x36_0_65.txt find answer: 7.060000
benchmarks/INST_36x36/0/inst36x36_0_65.txt : 7132 ms.
--------------------------------------------------
benchmarks/INST_36x36/0/inst36x36_0_66.txt find answer: 7.060000
benchmarks/INST_36x36/0/inst36x36_0_66.txt : 7135 ms.
--------------------------------------------------
benchmarks/INST_36x36/0/inst36x36_0_67.txt find answer: 7.100000
benchmarks/INST_36x36/0/inst36x36_0_67.txt : 7180 ms.
--------------------------------------------------
benchmarks/INST_36x36/0/inst36x36_0_68.txt find answer: 7.110000
benchmarks/INST_36x36/0/inst36x36_0_68.txt : 7171 ms.
--------------------------------------------------
benchmarks/INST_36x36/0/inst36x36_0_69.txt find answer: 7.120000
benchmarks/INST_36x36/0/inst36x36_0_69.txt : 7192 ms.
--------------------------------------------------
benchmarks/INST_36x36/0/inst36x36_0_6.txt find answer: 7.080000
benchmarks/INST_36x36/0/inst36x36_0_6.txt : 7164 ms.
--------------------------------------------------
benchmarks/INST_36x36/0/inst36x36_0_70.txt find answer: 7.170000
benchmarks/INST_36x36/0/inst36x36_0_70.txt : 7236 ms.
--------------------------------------------------
benchmarks/INST_36x36/0/inst36x36_0_71.txt find answer: 7.140000
benchmarks/INST_36x36/0/inst36x36_0_71.txt : 7214 ms.
--------------------------------------------------
benchmarks/INST_36x36/0/inst36x36_0_72.txt find answer: 7.070000
benchmarks/INST_36x36/0/inst36x36_0_72.txt : 7137 ms.
--------------------------------------------------
benchmarks/INST_36x36/0/inst36x36_0_73.txt find answer: 7.120000
benchmarks/INST_36x36/0/inst36x36_0_73.txt : 7183 ms.
--------------------------------------------------
benchmarks/INST_36x36/0/inst36x36_0_74.txt find answer: 7.140000
benchmarks/INST_36x36/0/inst36x36_0_74.txt : 7221 ms.
--------------------------------------------------
benchmarks/INST_36x36/0/inst36x36_0_75.txt find answer: 7.150000
benchmarks/INST_36x36/0/inst36x36_0_75.txt : 7215 ms.
--------------------------------------------------
benchmarks/INST_36x36/0/inst36x36_0_76.txt find answer: 7.550000
benchmarks/INST_36x36/0/inst36x36_0_76.txt : 7631 ms.
--------------------------------------------------
benchmarks/INST_36x36/0/inst36x36_0_77.txt find answer: 7.470000
benchmarks/INST_36x36/0/inst36x36_0_77.txt : 7541 ms.
--------------------------------------------------
benchmarks/INST_36x36/0/inst36x36_0_78.txt find answer: 7.360000
benchmarks/INST_36x36/0/inst36x36_0_78.txt : 7426 ms.
--------------------------------------------------
benchmarks/INST_36x36/0/inst36x36_0_79.txt find answer: 7.290000
benchmarks/INST_36x36/0/inst36x36_0_79.txt : 7349 ms.
--------------------------------------------------
benchmarks/INST_36x36/0/inst36x36_0_7.txt find answer: 7.150000
benchmarks/INST_36x36/0/inst36x36_0_7.txt : 7211 ms.
--------------------------------------------------
benchmarks/INST_36x36/0/inst36x36_0_80.txt find answer: 7.150000
benchmarks/INST_36x36/0/inst36x36_0_80.txt : 7217 ms.
--------------------------------------------------
benchmarks/INST_36x36/0/inst36x36_0_81.txt find answer: 7.160000
benchmarks/INST_36x36/0/inst36x36_0_81.txt : 7219 ms.
--------------------------------------------------
benchmarks/INST_36x36/0/inst36x36_0_82.txt find answer: 7.230000
benchmarks/INST_36x36/0/inst36x36_0_82.txt : 7294 ms.
--------------------------------------------------
benchmarks/INST_36x36/0/inst36x36_0_83.txt find answer: 7.070000
benchmarks/INST_36x36/0/inst36x36_0_83.txt : 7142 ms.
--------------------------------------------------
benchmarks/INST_36x36/0/inst36x36_0_84.txt find answer: 7.070000
benchmarks/INST_36x36/0/inst36x36_0_84.txt : 7143 ms.
--------------------------------------------------
benchmarks/INST_36x36/0/inst36x36_0_85.txt find answer: 7.060000
benchmarks/INST_36x36/0/inst36x36_0_85.txt : 7113 ms.
--------------------------------------------------
benchmarks/INST_36x36/0/inst36x36_0_86.txt find answer: 7.050000
benchmarks/INST_36x36/0/inst36x36_0_86.txt : 7111 ms.
--------------------------------------------------
benchmarks/INST_36x36/0/inst36x36_0_87.txt find answer: 7.080000
benchmarks/INST_36x36/0/inst36x36_0_87.txt : 7145 ms.
--------------------------------------------------
benchmarks/INST_36x36/0/inst36x36_0_88.txt find answer: 7.070000
benchmarks/INST_36x36/0/inst36x36_0_88.txt : 7144 ms.
--------------------------------------------------
benchmarks/INST_36x36/0/inst36x36_0_89.txt find answer: 7.080000
benchmarks/INST_36x36/0/inst36x36_0_89.txt : 7145 ms.
--------------------------------------------------
benchmarks/INST_36x36/0/inst36x36_0_8.txt find answer: 7.120000
benchmarks/INST_36x36/0/inst36x36_0_8.txt : 7188 ms.
--------------------------------------------------
benchmarks/INST_36x36/0/inst36x36_0_90.txt find answer: 7.100000
benchmarks/INST_36x36/0/inst36x36_0_90.txt : 7223 ms.
--------------------------------------------------
benchmarks/INST_36x36/0/inst36x36_0_91.txt find answer: 7.070000
benchmarks/INST_36x36/0/inst36x36_0_91.txt : 7126 ms.
--------------------------------------------------
benchmarks/INST_36x36/0/inst36x36_0_92.txt find answer: 7.100000
benchmarks/INST_36x36/0/inst36x36_0_92.txt : 7174 ms.
--------------------------------------------------
benchmarks/INST_36x36/0/inst36x36_0_93.txt find answer: 7.060000
benchmarks/INST_36x36/0/inst36x36_0_93.txt : 7134 ms.
--------------------------------------------------
benchmarks/INST_36x36/0/inst36x36_0_94.txt find answer: 7.110000
benchmarks/INST_36x36/0/inst36x36_0_94.txt : 7181 ms.
--------------------------------------------------
benchmarks/INST_36x36/0/inst36x36_0_95.txt find answer: 7.060000
benchmarks/INST_36x36/0/inst36x36_0_95.txt : 7130 ms.
--------------------------------------------------
benchmarks/INST_36x36/0/inst36x36_0_96.txt find answer: 7.060000
benchmarks/INST_36x36/0/inst36x36_0_96.txt : 7127 ms.
--------------------------------------------------
benchmarks/INST_36x36/0/inst36x36_0_97.txt find answer: 7.050000
benchmarks/INST_36x36/0/inst36x36_0_97.txt : 7123 ms.
--------------------------------------------------
benchmarks/INST_36x36/0/inst36x36_0_98.txt find answer: 7.140000
benchmarks/INST_36x36/0/inst36x36_0_98.txt : 7193 ms.
--------------------------------------------------
benchmarks/INST_36x36/0/inst36x36_0_99.txt find answer: 7.050000
benchmarks/INST_36x36/0/inst36x36_0_99.txt : 7117 ms.
--------------------------------------------------
benchmarks/INST_36x36/0/inst36x36_0_9.txt find answer: 7.070000
benchmarks/INST_36x36/0/inst36x36_0_9.txt : 7124 ms.
run.sh: line 77: 3: command not found
run.sh: line 78: syntax error near unexpected token `fi'
run.sh: line 78: `    fi'
