--------------------------------------------------
benchmarks/INST_36x36/50/inst36x36_50_0.txt : 1022966 ms.
--------------------------------------------------
benchmarks/INST_36x36/50/inst36x36_50_10.txt : 1012256 ms.
--------------------------------------------------
benchmarks/INST_36x36/50/inst36x36_50_11.txt : 1010343 ms.
--------------------------------------------------
benchmarks/INST_36x36/50/inst36x36_50_12.txt : 1015421 ms.
--------------------------------------------------
benchmarks/INST_36x36/50/inst36x36_50_13.txt : 1047570 ms.
--------------------------------------------------
benchmarks/INST_36x36/50/inst36x36_50_14.txt : 1007174 ms.
--------------------------------------------------
benchmarks/INST_36x36/50/inst36x36_50_15.txt : 1007345 ms.
--------------------------------------------------
benchmarks/INST_36x36/50/inst36x36_50_16.txt : 1018197 ms.
--------------------------------------------------
benchmarks/INST_36x36/50/inst36x36_50_17.txt : 1003635 ms.
--------------------------------------------------
benchmarks/INST_36x36/50/inst36x36_50_18.txt : 1015569 ms.
--------------------------------------------------
benchmarks/INST_36x36/50/inst36x36_50_19.txt : 1010302 ms.
--------------------------------------------------
benchmarks/INST_36x36/50/inst36x36_50_1.txt : 1010369 ms.
--------------------------------------------------
benchmarks/INST_36x36/50/inst36x36_50_20.txt : 1038393 ms.
--------------------------------------------------
benchmarks/INST_36x36/50/inst36x36_50_21.txt : 1007530 ms.
--------------------------------------------------
benchmarks/INST_36x36/50/inst36x36_50_22.txt : 1003877 ms.
--------------------------------------------------
benchmarks/INST_36x36/50/inst36x36_50_23.txt : 1005478 ms.
--------------------------------------------------
benchmarks/INST_36x36/50/inst36x36_50_24.txt : 1051788 ms.
--------------------------------------------------
benchmarks/INST_36x36/50/inst36x36_50_25.txt : 1015033 ms.
--------------------------------------------------
benchmarks/INST_36x36/50/inst36x36_50_26.txt : 1004144 ms.
--------------------------------------------------
benchmarks/INST_36x36/50/inst36x36_50_27.txt : 1017204 ms.
--------------------------------------------------
benchmarks/INST_36x36/50/inst36x36_50_28.txt : 1010765 ms.
--------------------------------------------------
benchmarks/INST_36x36/50/inst36x36_50_29.txt : 1020396 ms.
--------------------------------------------------
benchmarks/INST_36x36/50/inst36x36_50_2.txt : 1038635 ms.
--------------------------------------------------
benchmarks/INST_36x36/50/inst36x36_50_30.txt : 1004974 ms.
--------------------------------------------------
benchmarks/INST_36x36/50/inst36x36_50_31.txt : 1014025 ms.
--------------------------------------------------
benchmarks/INST_36x36/50/inst36x36_50_32.txt : 1020303 ms.
--------------------------------------------------
benchmarks/INST_36x36/50/inst36x36_50_33.txt : 1008543 ms.
--------------------------------------------------
benchmarks/INST_36x36/50/inst36x36_50_34.txt : 1007939 ms.
--------------------------------------------------
benchmarks/INST_36x36/50/inst36x36_50_35.txt : 1019381 ms.
--------------------------------------------------
benchmarks/INST_36x36/50/inst36x36_50_36.txt : 1034862 ms.
--------------------------------------------------
benchmarks/INST_36x36/50/inst36x36_50_37.txt : 1012549 ms.
--------------------------------------------------
benchmarks/INST_36x36/50/inst36x36_50_38.txt : 1007820 ms.
--------------------------------------------------
benchmarks/INST_36x36/50/inst36x36_50_39.txt : 1003269 ms.
--------------------------------------------------
benchmarks/INST_36x36/50/inst36x36_50_3.txt : 1011621 ms.
--------------------------------------------------
benchmarks/INST_36x36/50/inst36x36_50_40.txt : 1002823 ms.
--------------------------------------------------
benchmarks/INST_36x36/50/inst36x36_50_41.txt : 1007290 ms.
--------------------------------------------------
benchmarks/INST_36x36/50/inst36x36_50_42.txt : 1005631 ms.
--------------------------------------------------
benchmarks/INST_36x36/50/inst36x36_50_43.txt : 1005761 ms.
--------------------------------------------------
benchmarks/INST_36x36/50/inst36x36_50_44.txt : 1007032 ms.
--------------------------------------------------
benchmarks/INST_36x36/50/inst36x36_50_45.txt : 1056483 ms.
--------------------------------------------------
benchmarks/INST_36x36/50/inst36x36_50_46.txt : 1010669 ms.
--------------------------------------------------
benchmarks/INST_36x36/50/inst36x36_50_47.txt : 1015301 ms.
--------------------------------------------------
benchmarks/INST_36x36/50/inst36x36_50_48.txt : 1011893 ms.
--------------------------------------------------
benchmarks/INST_36x36/50/inst36x36_50_49.txt : 1004173 ms.
--------------------------------------------------
benchmarks/INST_36x36/50/inst36x36_50_4.txt : 1007116 ms.
--------------------------------------------------
benchmarks/INST_36x36/50/inst36x36_50_50.txt : 1006208 ms.
--------------------------------------------------
benchmarks/INST_36x36/50/inst36x36_50_51.txt : 1034331 ms.
--------------------------------------------------
benchmarks/INST_36x36/50/inst36x36_50_52.txt : 1006255 ms.
--------------------------------------------------
benchmarks/INST_36x36/50/inst36x36_50_53.txt : 1011894 ms.
--------------------------------------------------
benchmarks/INST_36x36/50/inst36x36_50_54.txt : 1002625 ms.
--------------------------------------------------
benchmarks/INST_36x36/50/inst36x36_50_55.txt : 1004878 ms.
--------------------------------------------------
benchmarks/INST_36x36/50/inst36x36_50_56.txt : 1011215 ms.
--------------------------------------------------
benchmarks/INST_36x36/50/inst36x36_50_57.txt : 1003367 ms.
--------------------------------------------------
benchmarks/INST_36x36/50/inst36x36_50_58.txt : 1042847 ms.
--------------------------------------------------
benchmarks/INST_36x36/50/inst36x36_50_59.txt : 1025868 ms.
--------------------------------------------------
benchmarks/INST_36x36/50/inst36x36_50_5.txt : 1040151 ms.
--------------------------------------------------
benchmarks/INST_36x36/50/inst36x36_50_60.txt : 1003234 ms.
--------------------------------------------------
benchmarks/INST_36x36/50/inst36x36_50_61.txt : 1010681 ms.
--------------------------------------------------
benchmarks/INST_36x36/50/inst36x36_50_62.txt : 1005262 ms.
--------------------------------------------------
benchmarks/INST_36x36/50/inst36x36_50_63.txt : 1010885 ms.
--------------------------------------------------
benchmarks/INST_36x36/50/inst36x36_50_64.txt : 1034065 ms.
--------------------------------------------------
benchmarks/INST_36x36/50/inst36x36_50_65.txt : 1012192 ms.
--------------------------------------------------
benchmarks/INST_36x36/50/inst36x36_50_66.txt : 1011331 ms.
--------------------------------------------------
benchmarks/INST_36x36/50/inst36x36_50_67.txt : 1027301 ms.
--------------------------------------------------
benchmarks/INST_36x36/50/inst36x36_50_68.txt : 1008977 ms.
--------------------------------------------------
benchmarks/INST_36x36/50/inst36x36_50_69.txt : 1008303 ms.
--------------------------------------------------
benchmarks/INST_36x36/50/inst36x36_50_6.txt : 1006918 ms.
--------------------------------------------------
benchmarks/INST_36x36/50/inst36x36_50_70.txt : 1011584 ms.
--------------------------------------------------
benchmarks/INST_36x36/50/inst36x36_50_71.txt : 1027125 ms.
--------------------------------------------------
benchmarks/INST_36x36/50/inst36x36_50_72.txt : 1003685 ms.
--------------------------------------------------
benchmarks/INST_36x36/50/inst36x36_50_73.txt : 1014183 ms.
--------------------------------------------------
benchmarks/INST_36x36/50/inst36x36_50_74.txt : 1005301 ms.
--------------------------------------------------
benchmarks/INST_36x36/50/inst36x36_50_75.txt : 1017040 ms.
--------------------------------------------------
benchmarks/INST_36x36/50/inst36x36_50_76.txt : 1064895 ms.
--------------------------------------------------
benchmarks/INST_36x36/50/inst36x36_50_77.txt : 1003057 ms.
--------------------------------------------------
benchmarks/INST_36x36/50/inst36x36_50_78.txt : 1011765 ms.
--------------------------------------------------
benchmarks/INST_36x36/50/inst36x36_50_79.txt : 1019359 ms.
--------------------------------------------------
benchmarks/INST_36x36/50/inst36x36_50_7.txt : 1015702 ms.
--------------------------------------------------
benchmarks/INST_36x36/50/inst36x36_50_80.txt : 1026766 ms.
--------------------------------------------------
benchmarks/INST_36x36/50/inst36x36_50_81.txt : 1005741 ms.
--------------------------------------------------
benchmarks/INST_36x36/50/inst36x36_50_82.txt : 1008274 ms.
--------------------------------------------------
benchmarks/INST_36x36/50/inst36x36_50_83.txt : 1014905 ms.
--------------------------------------------------
benchmarks/INST_36x36/50/inst36x36_50_84.txt : 1040215 ms.
--------------------------------------------------
benchmarks/INST_36x36/50/inst36x36_50_85.txt : 1007653 ms.
--------------------------------------------------
benchmarks/INST_36x36/50/inst36x36_50_86.txt : 1006633 ms.
--------------------------------------------------
benchmarks/INST_36x36/50/inst36x36_50_87.txt : 1002654 ms.
--------------------------------------------------
benchmarks/INST_36x36/50/inst36x36_50_88.txt : 1006285 ms.
--------------------------------------------------
benchmarks/INST_36x36/50/inst36x36_50_89.txt : 1012497 ms.
--------------------------------------------------
benchmarks/INST_36x36/50/inst36x36_50_8.txt : 1002847 ms.
--------------------------------------------------
benchmarks/INST_36x36/50/inst36x36_50_90.txt : 1008725 ms.
--------------------------------------------------
benchmarks/INST_36x36/50/inst36x36_50_91.txt : 1047882 ms.
--------------------------------------------------
benchmarks/INST_36x36/50/inst36x36_50_92.txt : 1008156 ms.
--------------------------------------------------
benchmarks/INST_36x36/50/inst36x36_50_93.txt : 1008050 ms.
--------------------------------------------------
benchmarks/INST_36x36/50/inst36x36_50_94.txt : 1009139 ms.
--------------------------------------------------
benchmarks/INST_36x36/50/inst36x36_50_95.txt : 1010197 ms.
--------------------------------------------------
benchmarks/INST_36x36/50/inst36x36_50_96.txt : 1008025 ms.
--------------------------------------------------
benchmarks/INST_36x36/50/inst36x36_50_97.txt : 1003867 ms.
--------------------------------------------------
benchmarks/INST_36x36/50/inst36x36_50_98.txt : 1007445 ms.
--------------------------------------------------
benchmarks/INST_36x36/50/inst36x36_50_99.txt : 1002760 ms.
--------------------------------------------------
benchmarks/INST_36x36/50/inst36x36_50_9.txt : 1005893 ms.
run.sh: line 77: 3: command not found
run.sh: line 78: syntax error near unexpected token `fi'
run.sh: line 78: `    fi'
