--------------------------------------------------
SAT
----------
benchmarks/All-Interval/inst10.txt : 1244 ms.
--------------------------------------------------
SAT
----------
benchmarks/All-Interval/inst12.txt : 1697 ms.
--------------------------------------------------
SAT
----------
benchmarks/All-Interval/inst14.txt : 2561 ms.
--------------------------------------------------
SAT
----------
benchmarks/All-Interval/inst16.txt : 6802 ms.
--------------------------------------------------
SAT
----------
benchmarks/All-Interval/inst18.txt : 54788 ms.
--------------------------------------------------
SAT
----------
benchmarks/All-Interval/inst20.txt : 61546 ms.
--------------------------------------------------
SAT
----------
benchmarks/All-Interval/inst22.txt : 578565 ms.
--------------------------------------------------
=====UNKNOWN=====
benchmarks/All-Interval/inst24.txt : 1000145 ms.
