--------------------------------------------------
SAT
----------
benchmarks/All-Interval/inst10.txt : 1194 ms.
--------------------------------------------------
SAT
----------
benchmarks/All-Interval/inst12.txt : 1623 ms.
--------------------------------------------------
SAT
----------
benchmarks/All-Interval/inst14.txt : 2473 ms.
--------------------------------------------------
SAT
----------
benchmarks/All-Interval/inst16.txt : 6886 ms.
--------------------------------------------------
SAT
----------
benchmarks/All-Interval/inst18.txt : 52606 ms.
--------------------------------------------------
SAT
----------
benchmarks/All-Interval/inst20.txt : 62977 ms.
--------------------------------------------------
SAT
----------
benchmarks/All-Interval/inst22.txt : 557241 ms.
--------------------------------------------------
=====UNKNOWN=====
benchmarks/All-Interval/inst24.txt : 1000160 ms.
