--------------------------------------------------
SAT
----------
64/INST_64x64/15/inst64x64_15_0.dzn : 388560 ms.
--------------------------------------------------
=====UNKNOWN=====
64/INST_64x64/15/inst64x64_15_10.dzn : 1000941 ms.
--------------------------------------------------
=====UNKNOWN=====
64/INST_64x64/15/inst64x64_15_11.dzn : 1000904 ms.
--------------------------------------------------
=====UNKNOWN=====
64/INST_64x64/15/inst64x64_15_12.dzn : 1000882 ms.
--------------------------------------------------
=====UNKNOWN=====
64/INST_64x64/15/inst64x64_15_13.dzn : 1000853 ms.
--------------------------------------------------
=====UNKNOWN=====
64/INST_64x64/15/inst64x64_15_14.dzn : 1000872 ms.
--------------------------------------------------
=====UNKNOWN=====
64/INST_64x64/15/inst64x64_15_15.dzn : 1000880 ms.
--------------------------------------------------
=====UNKNOWN=====
64/INST_64x64/15/inst64x64_15_16.dzn : 1000883 ms.
--------------------------------------------------
=====UNKNOWN=====
64/INST_64x64/15/inst64x64_15_17.dzn : 1000867 ms.
--------------------------------------------------
=====UNKNOWN=====
64/INST_64x64/15/inst64x64_15_18.dzn : 1000853 ms.
--------------------------------------------------
=====UNKNOWN=====
64/INST_64x64/15/inst64x64_15_19.dzn : 1000868 ms.
--------------------------------------------------
=====UNKNOWN=====
64/INST_64x64/15/inst64x64_15_1.dzn : 1000850 ms.
--------------------------------------------------
=====UNKNOWN=====
64/INST_64x64/15/inst64x64_15_20.dzn : 1000846 ms.
--------------------------------------------------
SAT
----------
64/INST_64x64/15/inst64x64_15_21.dzn : 63647 ms.
--------------------------------------------------
=====UNKNOWN=====
64/INST_64x64/15/inst64x64_15_22.dzn : 1000904 ms.
--------------------------------------------------
=====UNKNOWN=====
64/INST_64x64/15/inst64x64_15_23.dzn : 1000885 ms.
--------------------------------------------------
SAT
----------
64/INST_64x64/15/inst64x64_15_24.dzn : 275850 ms.
--------------------------------------------------
=====UNKNOWN=====
64/INST_64x64/15/inst64x64_15_25.dzn : 1000867 ms.
--------------------------------------------------
=====UNKNOWN=====
64/INST_64x64/15/inst64x64_15_26.dzn : 1000883 ms.
--------------------------------------------------
=====UNKNOWN=====
64/INST_64x64/15/inst64x64_15_27.dzn : 1000848 ms.
--------------------------------------------------
=====UNKNOWN=====
64/INST_64x64/15/inst64x64_15_28.dzn : 1000877 ms.
--------------------------------------------------
SAT
----------
64/INST_64x64/15/inst64x64_15_29.dzn : 100082 ms.
--------------------------------------------------
=====UNKNOWN=====
64/INST_64x64/15/inst64x64_15_2.dzn : 1000823 ms.
--------------------------------------------------
=====UNKNOWN=====
64/INST_64x64/15/inst64x64_15_30.dzn : 1000904 ms.
--------------------------------------------------
SAT
----------
64/INST_64x64/15/inst64x64_15_31.dzn : 152415 ms.
--------------------------------------------------
=====UNKNOWN=====
64/INST_64x64/15/inst64x64_15_32.dzn : 1000852 ms.
--------------------------------------------------
=====UNKNOWN=====
64/INST_64x64/15/inst64x64_15_33.dzn : 1000874 ms.
--------------------------------------------------
=====UNKNOWN=====
64/INST_64x64/15/inst64x64_15_34.dzn : 1000864 ms.
--------------------------------------------------
=====UNKNOWN=====
64/INST_64x64/15/inst64x64_15_35.dzn : 1000924 ms.
--------------------------------------------------
=====UNKNOWN=====
64/INST_64x64/15/inst64x64_15_36.dzn : 1000857 ms.
--------------------------------------------------
=====UNKNOWN=====
64/INST_64x64/15/inst64x64_15_37.dzn : 1000859 ms.
--------------------------------------------------
=====UNKNOWN=====
64/INST_64x64/15/inst64x64_15_38.dzn : 1000811 ms.
--------------------------------------------------
=====UNKNOWN=====
64/INST_64x64/15/inst64x64_15_39.dzn : 1000871 ms.
--------------------------------------------------
=====UNKNOWN=====
64/INST_64x64/15/inst64x64_15_3.dzn : 1000896 ms.
--------------------------------------------------
=====UNKNOWN=====
64/INST_64x64/15/inst64x64_15_40.dzn : 1000871 ms.
--------------------------------------------------
=====UNKNOWN=====
64/INST_64x64/15/inst64x64_15_41.dzn : 1000873 ms.
--------------------------------------------------
=====UNKNOWN=====
64/INST_64x64/15/inst64x64_15_42.dzn : 1000878 ms.
--------------------------------------------------
=====UNKNOWN=====
64/INST_64x64/15/inst64x64_15_43.dzn : 1000879 ms.
--------------------------------------------------
=====UNKNOWN=====
64/INST_64x64/15/inst64x64_15_44.dzn : 1000862 ms.
--------------------------------------------------
=====UNKNOWN=====
64/INST_64x64/15/inst64x64_15_45.dzn : 1000919 ms.
--------------------------------------------------
=====UNKNOWN=====
64/INST_64x64/15/inst64x64_15_46.dzn : 1000902 ms.
--------------------------------------------------
=====UNKNOWN=====
64/INST_64x64/15/inst64x64_15_47.dzn : 1000866 ms.
--------------------------------------------------
=====UNKNOWN=====
64/INST_64x64/15/inst64x64_15_48.dzn : 1000841 ms.
--------------------------------------------------
=====UNKNOWN=====
64/INST_64x64/15/inst64x64_15_49.dzn : 1000843 ms.
--------------------------------------------------
=====UNKNOWN=====
64/INST_64x64/15/inst64x64_15_4.dzn : 1000853 ms.
--------------------------------------------------
=====UNKNOWN=====
64/INST_64x64/15/inst64x64_15_50.dzn : 1000876 ms.
--------------------------------------------------
=====UNKNOWN=====
64/INST_64x64/15/inst64x64_15_51.dzn : 1000843 ms.
--------------------------------------------------
=====UNKNOWN=====
64/INST_64x64/15/inst64x64_15_52.dzn : 1000871 ms.
--------------------------------------------------
=====UNKNOWN=====
64/INST_64x64/15/inst64x64_15_53.dzn : 1000919 ms.
--------------------------------------------------
=====UNKNOWN=====
64/INST_64x64/15/inst64x64_15_54.dzn : 1000835 ms.
--------------------------------------------------
=====UNKNOWN=====
64/INST_64x64/15/inst64x64_15_55.dzn : 1000849 ms.
--------------------------------------------------
=====UNKNOWN=====
64/INST_64x64/15/inst64x64_15_56.dzn : 1000856 ms.
--------------------------------------------------
SAT
----------
64/INST_64x64/15/inst64x64_15_57.dzn : 153791 ms.
--------------------------------------------------
=====UNKNOWN=====
64/INST_64x64/15/inst64x64_15_58.dzn : 1000852 ms.
--------------------------------------------------
=====UNKNOWN=====
64/INST_64x64/15/inst64x64_15_59.dzn : 1000849 ms.
--------------------------------------------------
=====UNKNOWN=====
64/INST_64x64/15/inst64x64_15_5.dzn : 1000822 ms.
--------------------------------------------------
=====UNKNOWN=====
64/INST_64x64/15/inst64x64_15_60.dzn : 1000870 ms.
--------------------------------------------------
=====UNKNOWN=====
64/INST_64x64/15/inst64x64_15_61.dzn : 1000906 ms.
--------------------------------------------------
=====UNKNOWN=====
64/INST_64x64/15/inst64x64_15_62.dzn : 1000872 ms.
--------------------------------------------------
=====UNKNOWN=====
64/INST_64x64/15/inst64x64_15_63.dzn : 1000867 ms.
--------------------------------------------------
=====UNKNOWN=====
64/INST_64x64/15/inst64x64_15_64.dzn : 1000867 ms.
--------------------------------------------------
=====UNKNOWN=====
64/INST_64x64/15/inst64x64_15_65.dzn : 1000842 ms.
--------------------------------------------------
=====UNKNOWN=====
64/INST_64x64/15/inst64x64_15_66.dzn : 1000863 ms.
--------------------------------------------------
=====UNKNOWN=====
64/INST_64x64/15/inst64x64_15_67.dzn : 1000823 ms.
--------------------------------------------------
SAT
----------
64/INST_64x64/15/inst64x64_15_68.dzn : 44406 ms.
--------------------------------------------------
=====UNKNOWN=====
64/INST_64x64/15/inst64x64_15_69.dzn : 1000866 ms.
--------------------------------------------------
=====UNKNOWN=====
64/INST_64x64/15/inst64x64_15_6.dzn : 1000906 ms.
--------------------------------------------------
=====UNKNOWN=====
64/INST_64x64/15/inst64x64_15_70.dzn : 1000867 ms.
--------------------------------------------------
=====UNKNOWN=====
64/INST_64x64/15/inst64x64_15_71.dzn : 1000886 ms.
--------------------------------------------------
=====UNKNOWN=====
64/INST_64x64/15/inst64x64_15_72.dzn : 1000870 ms.
--------------------------------------------------
=====UNKNOWN=====
64/INST_64x64/15/inst64x64_15_73.dzn : 1000879 ms.
--------------------------------------------------
=====UNKNOWN=====
64/INST_64x64/15/inst64x64_15_74.dzn : 1000876 ms.
--------------------------------------------------
=====UNKNOWN=====
64/INST_64x64/15/inst64x64_15_75.dzn : 1000858 ms.
--------------------------------------------------
=====UNKNOWN=====
64/INST_64x64/15/inst64x64_15_76.dzn : 1059279 ms.
--------------------------------------------------
=====UNKNOWN=====
64/INST_64x64/15/inst64x64_15_77.dzn : 1000996 ms.
--------------------------------------------------
=====UNKNOWN=====
64/INST_64x64/15/inst64x64_15_78.dzn : 1000941 ms.
--------------------------------------------------
=====UNKNOWN=====
64/INST_64x64/15/inst64x64_15_79.dzn : 1001095 ms.
--------------------------------------------------
=====UNKNOWN=====
64/INST_64x64/15/inst64x64_15_7.dzn : 1001023 ms.
--------------------------------------------------
=====UNKNOWN=====
64/INST_64x64/15/inst64x64_15_80.dzn : 1000969 ms.
--------------------------------------------------
=====UNKNOWN=====
64/INST_64x64/15/inst64x64_15_81.dzn : 1000985 ms.
--------------------------------------------------
=====UNKNOWN=====
64/INST_64x64/15/inst64x64_15_82.dzn : 1001003 ms.
--------------------------------------------------
=====UNKNOWN=====
64/INST_64x64/15/inst64x64_15_83.dzn : 1001007 ms.
--------------------------------------------------
=====UNKNOWN=====
64/INST_64x64/15/inst64x64_15_84.dzn : 1000891 ms.
--------------------------------------------------
=====UNKNOWN=====
64/INST_64x64/15/inst64x64_15_85.dzn : 1000886 ms.
--------------------------------------------------
=====UNKNOWN=====
64/INST_64x64/15/inst64x64_15_86.dzn : 1000937 ms.
--------------------------------------------------
=====UNKNOWN=====
64/INST_64x64/15/inst64x64_15_87.dzn : 1000818 ms.
--------------------------------------------------
=====UNKNOWN=====
64/INST_64x64/15/inst64x64_15_88.dzn : 1000889 ms.
--------------------------------------------------
=====UNKNOWN=====
64/INST_64x64/15/inst64x64_15_89.dzn : 1000893 ms.
--------------------------------------------------
=====UNKNOWN=====
64/INST_64x64/15/inst64x64_15_8.dzn : 1000885 ms.
--------------------------------------------------
SAT
----------
64/INST_64x64/15/inst64x64_15_90.dzn : 398723 ms.
--------------------------------------------------
=====UNKNOWN=====
64/INST_64x64/15/inst64x64_15_91.dzn : 1000933 ms.
--------------------------------------------------
=====UNKNOWN=====
64/INST_64x64/15/inst64x64_15_92.dzn : 1000930 ms.
--------------------------------------------------
SAT
----------
64/INST_64x64/15/inst64x64_15_93.dzn : 274701 ms.
--------------------------------------------------
=====UNKNOWN=====
64/INST_64x64/15/inst64x64_15_94.dzn : 1000861 ms.
--------------------------------------------------
=====UNKNOWN=====
64/INST_64x64/15/inst64x64_15_95.dzn : 1000886 ms.
--------------------------------------------------
=====UNKNOWN=====
64/INST_64x64/15/inst64x64_15_96.dzn : 1000927 ms.
--------------------------------------------------
SAT
----------
64/INST_64x64/15/inst64x64_15_97.dzn : 53825 ms.
--------------------------------------------------
=====UNKNOWN=====
64/INST_64x64/15/inst64x64_15_98.dzn : 1000845 ms.
--------------------------------------------------
=====UNKNOWN=====
64/INST_64x64/15/inst64x64_15_99.dzn : 1000817 ms.
--------------------------------------------------
=====UNKNOWN=====
64/INST_64x64/15/inst64x64_15_9.dzn : 1000910 ms.
