5(1, 5): 13 2 3 49 32 42 
7(1, 7): 32 42 3 13 34 
11(1, 11): 8 23 20 15 10 19 
14(1, 14): 27 10 3 49 15 19 20 
15(1, 15): 19 23 3 49 8 13 
16(1, 16): 18 36 3 13 5 
18(1, 18): 18 23 3 49 5 8 
20(1, 20): 5 13 3 
28(1, 28): 19 23 32 49 35 
33(1, 33): 35 16 
34(1, 34): 23 16 
36(1, 36): 23 2 15 36 10 34 19 
37(1, 37): 46 2 20 36 5 42 13 15 34 35 26 23 
38(1, 38): 13 34 20 36 5 26 
39(1, 39): 10 2 23 15 35 13 34 19 
40(1, 40): 15 2 10 
41(1, 41): 46 2 20 36 5 42 13 19 15 10 26 23 
42(1, 42): 46 2 20 36 23 42 10 26 34 
44(1, 44): 27 10 15 49 23 42 32 34 24 
45(1, 45): 27 10 24 26 36 42 
46(1, 46): 23 32 20 34 
49(1, 49): 10 42 15 24 26 
50(2, 1): 1 49 13 12 42 43 45 
56(2, 7): 45 43 13 33 42 
58(2, 9): 1 10 37 23 49 11 28 
59(2, 10): 23 28 37 8 
61(2, 12): 1 35 37 10 49 23 11 8 
62(2, 13): 1 35 11 10 49 33 28 8 23 
64(2, 15): 28 49 23 13 37 8 12 
67(2, 18): 1 23 28 8 49 12 
76(2, 27): 33 36 35 12 
85(2, 36): 23 10 33 36 21 45 7 
86(2, 37): 35 42 33 23 21 45 36 13 
87(2, 38): 13 36 33 4 
88(2, 39): 35 10 13 4 21 45 23 
89(2, 40): 4 21 10 
90(2, 41): 36 42 33 4 21 10 7 13 23 
93(2, 44): 49 45 42 11 23 28 10 
94(2, 45): 10 45 42 36 
96(2, 47): 49 7 42 28 11 43 
98(2, 49): 21 10 42 28 
99(3, 1): 49 32 3 45 30 12 34 14 
105(3, 7): 34 32 3 45 30 14 47 
109(3, 11): 23 15 19 
111(3, 13): 31 15 49 23 27 35 
112(3, 14): 31 15 3 19 27 49 
115(3, 17): 30 49 14 45 
117(3, 19): 23 19 3 45 12 34 
118(3, 20): 30 3 
125(3, 27): 31 19 32 35 12 
126(3, 28): 35 49 32 23 19 
131(3, 33): 47 35 
134(3, 36): 23 15 19 34 45 
138(3, 40): 30 15 
140(3, 42): 34 23 
143(3, 45): 27 45 
148(4, 1): 49 45 32 9 30 34 
151(4, 4): 34 45 30 20 
153(4, 6): 20 11 
158(4, 11): 25 23 20 15 
160(4, 13): 25 35 11 15 20 49 23 33 
164(4, 17): 6 30 22 45 49 
166(4, 19): 25 34 6 45 23 
170(4, 23): 49 35 38 32 
174(4, 27): 9 29 38 32 33 35 
175(4, 28): 49 29 9 32 23 35 
176(4, 29): 45 22 23 38 
180(4, 33): 35 38 
183(4, 36): 25 21 45 34 33 15 41 23 
184(4, 37): 25 35 26 34 30 20 41 15 21 33 29 23 45 
188(4, 41): 21 33 26 23 15 20 29 
190(4, 43): 23 26 11 9 32 15 
191(4, 44): 34 11 49 22 32 15 45 23 
193(4, 46): 34 23 20 22 32 45 
195(4, 48): 23 26 45 21 32 
196(4, 49): 21 26 15 22 
199(5, 3): 33 13 3 11 43 44 
200(5, 4): 14 2 43 45 30 44 47 
201(5, 5): 33 2 3 45 13 
203(5, 7): 33 13 3 48 30 14 47 43 45 
204(5, 8): 19 37 23 28 33 38 11 
205(5, 9): 19 25 37 28 10 38 11 23 
206(5, 10): 37 38 23 28 
210(5, 14): 19 10 3 
211(5, 15): 19 13 3 37 28 23 25 30 14 
216(5, 20): 28 13 3 30 
217(5, 21): 28 45 30 23 
224(5, 28): 23 19 29 
225(5, 29): 23 43 45 38 10 
231(5, 35): 23 43 45 38 
232(5, 36): 33 2 45 10 19 23 25 
233(5, 37): 33 2 45 30 13 23 29 25 
235(5, 39): 10 2 45 25 19 23 29 13 
237(5, 41): 33 2 10 13 19 23 29 
240(5, 44): 23 45 11 47 48 28 10 
245(5, 49): 48 10 28 47 
248(6, 3): 43 20 
249(6, 4): 20 43 34 47 
250(6, 5): 9 49 
252(6, 7): 47 34 9 48 43 
254(6, 9): 1 23 49 25 20 19 16 38 31 10 
258(6, 13): 1 23 49 25 20 31 16 10 
259(6, 14): 19 10 49 31 20 
260(6, 15): 19 23 25 49 
261(6, 16): 1 36 22 25 5 
264(6, 19): 23 19 34 25 
266(6, 21): 5 36 34 23 
267(6, 22): 9 7 36 40 19 
268(6, 23): 39 49 38 40 19 36 7 
271(6, 26): 39 36 38 9 7 
272(6, 27): 9 31 38 40 19 36 
273(6, 28): 9 23 49 40 19 
274(6, 29): 23 22 10 38 43 
279(6, 34): 23 47 43 16 
289(6, 44): 48 34 23 47 49 22 10 
292(6, 47): 48 43 9 47 49 19 7 
293(6, 48): 48 43 23 47 10 19 7 
296(7, 2): 12 46 45 33 42 
298(7, 4): 46 20 45 42 
300(7, 6): 1 20 
301(7, 7): 42 9 45 33 
302(7, 8): 1 19 33 28 
309(7, 15): 28 19 12 
310(7, 16): 1 22 12 36 28 
318(7, 24): 7 19 36 
320(7, 26): 7 9 12 36 
338(7, 44): 42 28 45 22 
340(7, 46): 7 28 45 20 22 
342(7, 48): 42 7 45 19 
343(7, 49): 42 28 22 
349(8, 6): 1 37 29 4 26 
352(8, 9): 1 19 9 38 34 28 
355(8, 12): 1 2 34 19 38 
356(8, 13): 1 9 24 44 28 33 
360(8, 17): 1 2 33 13 29 
361(8, 18): 1 2 24 25 38 9 29 28 
362(8, 19): 19 33 25 4 9 13 
364(8, 21): 28 2 
366(8, 23): 38 24 34 32 19 
368(8, 25): 38 26 25 
373(8, 30): 1 2 3 19 13 28 9 25 
375(8, 32): 29 2 44 28 24 13 
377(8, 34): 13 2 3 19 32 24 28 
380(8, 37): 1 2 37 13 34 24 32 28 9 26 44 25 
382(8, 39): 1 2 9 28 13 32 34 25 
384(8, 41): 24 2 13 37 38 44 32 26 9 
385(8, 42): 1 2 26 24 38 34 32 44 25 
388(8, 45): 26 2 3 4 37 
393(9, 1): 9 2 24 12 6 
397(9, 5): 35 2 7 9 16 12 
399(9, 7): 9 16 47 24 7 6 
400(9, 8): 23 2 24 38 11 28 44 
401(9, 9): 38 47 23 28 11 20 42 9 
402(9, 10): 24 2 20 42 5 28 23 38 
404(9, 12): 47 2 23 20 38 11 
405(9, 13): 24 11 20 44 28 42 23 9 
408(9, 16): 28 25 13 12 16 38 
410(9, 18): 12 2 28 24 25 38 7 11 9 
411(9, 19): 35 11 16 12 25 13 7 20 9 
413(9, 21): 35 2 28 
414(9, 22): 20 16 10 32 25 
416(9, 24): 6 16 10 20 
417(9, 25): 20 25 38 42 5 
424(9, 32): 11 2 23 13 20 42 44 28 47 24 
427(9, 35): 28 23 14 32 5 13 20 
429(9, 37): 32 2 44 27 13 28 24 25 9 
430(9, 38): 13 25 28 
432(9, 40): 28 2 10 27 24 14 44 25 9 
435(9, 43): 47 2 10 11 32 6 28 
436(9, 44): 38 47 25 28 5 12 32 11 13 10 
438(9, 46): 13 28 35 25 47 6 32 
442(10, 1): 1 2 49 24 
446(10, 5): 8 2 49 35 26 
448(10, 7): 8 24 47 
452(10, 11): 28 2 15 20 8 47 19 
453(10, 12): 1 2 41 49 47 15 19 8 20 38 11 
457(10, 16): 1 17 25 41 38 28 
458(10, 17): 1 2 
460(10, 19): 19 25 41 35 11 17 20 
466(10, 25): 38 25 26 46 20 41 
469(10, 28): 19 25 17 24 41 35 
470(10, 29): 1 19 8 26 25 
471(10, 30): 1 2 3 25 47 19 28 11 
472(10, 31): 1 11 3 
474(10, 33): 19 2 8 26 24 47 28 
478(10, 37): 1 2 46 25 28 24 26 15 
481(10, 40): 28 2 17 24 15 25 
482(10, 41): 15 2 24 46 38 26 
486(10, 45): 26 2 3 
488(10, 47): 25 11 3 28 19 46 38 47 
491(11, 1): 1 2 9 24 34 6 29 
495(11, 5): 16 2 35 26 29 9 
503(11, 13): 1 28 9 24 44 40 20 
504(11, 14): 20 44 40 24 48 41 
507(11, 17): 1 2 48 16 29 
509(11, 19): 9 35 41 20 16 
510(11, 20): 1 9 29 48 28 24 20 
513(11, 23): 24 35 34 46 
517(11, 27): 41 46 34 44 35 24 26 
518(11, 28): 41 35 6 16 24 
519(11, 29): 1 26 21 
521(11, 31): 1 16 9 
522(11, 32): 20 2 29 28 24 44 
524(11, 34): 28 2 21 24 5 16 48 
525(11, 35): 1 28 29 21 5 20 
526(11, 36): 10 2 24 37 28 16 34 9 
532(11, 42): 1 2 10 34 24 44 26 46 
535(11, 45): 10 2 37 26 40 
536(11, 46): 28 46 6 37 35 
537(11, 47): 28 5 46 
538(11, 48): 10 26 5 
542(12, 3): 37 43 40 16 
545(12, 6): 1 8 26 43 37 
546(12, 7): 40 16 47 9 43 37 8 
548(12, 9): 1 40 49 9 47 38 19 23 
549(12, 10): 40 2 38 8 5 18 23 
553(12, 14): 18 49 19 40 48 47 
555(12, 16): 1 25 40 13 17 43 16 38 12 
558(12, 19): 12 25 13 17 16 43 19 9 
560(12, 21): 40 2 
562(12, 23): 8 36 38 46 32 19 
564(12, 25): 46 38 36 26 5 25 
566(12, 27): 46 17 36 26 19 38 32 8 25 
568(12, 29): 1 26 8 23 19 25 36 
569(12, 30): 1 2 9 13 16 19 25 47 
570(12, 31): 1 23 9 16 
573(12, 34): 16 2 47 19 5 23 32 48 13 
574(12, 35): 1 13 36 23 5 32 8 
576(12, 37): 1 2 46 13 37 26 25 32 9 
577(12, 38): 13 26 25 37 17 43 
578(12, 39): 1 2 25 43 16 17 13 32 9 10 
580(12, 41): 10 2 32 13 38 26 46 37 9 
582(12, 43): 46 2 10 26 47 32 
583(12, 44): 25 38 47 13 5 32 12 46 37 10 
584(12, 45): 40 2 37 26 10 
587(12, 48): 47 13 32 19 5 26 18 10 
590(13, 2): 43 8 12 47 40 16 24 
593(13, 5): 12 16 29 8 9 7 
594(13, 6): 1 29 8 4 43 
597(13, 9): 1 28 11 34 19 38 42 47 9 40 
598(13, 10): 40 24 18 28 38 42 15 8 
600(13, 12): 1 34 11 19 41 15 47 8 38 
602(13, 14): 40 24 15 18 48 47 19 41 
603(13, 15): 28 24 11 12 19 40 25 41 9 
605(13, 17): 1 22 16 48 43 29 7 
606(13, 18): 1 22 29 24 38 28 7 48 9 25 11 12 
608(13, 20): 1 17 24 4 29 48 28 11 9 
610(13, 22): 25 16 32 34 17 19 
611(13, 23): 38 32 19 34 24 42 8 
612(13, 24): 8 19 16 17 41 
613(13, 25): 38 25 42 41 
618(13, 30): 1 47 25 39 28 16 19 11 9 
620(13, 32): 11 29 47 24 42 28 
621(13, 33): 39 24 28 47 19 31 16 8 42 
622(13, 34): 16 32 47 48 19 31 28 24 
623(13, 35): 1 31 32 28 8 29 39 
625(13, 37): 1 39 25 28 24 34 15 32 9 
628(13, 40): 28 24 17 15 9 25 
629(13, 41): 38 24 32 9 15 
631(13, 43): 11 47 32 28 
633(13, 45): 40 4 
634(13, 46): 32 47 25 28 
635(13, 47): 25 38 28 4 32 19 11 47 18 
636(13, 48): 47 19 18 32 
639(14, 2): 43 2 24 16 40 8 
641(14, 4): 43 2 35 4 34 40 
643(14, 6): 43 8 26 4 
644(14, 7): 34 43 16 8 40 6 24 
646(14, 9): 20 11 40 34 19 42 
647(14, 10): 24 2 20 40 5 8 42 
649(14, 12): 19 2 8 20 11 34 
650(14, 13): 24 11 20 44 42 40 33 8 
653(14, 16): 13 16 40 4 43 
654(14, 17): 13 2 33 16 43 
656(14, 19): 13 19 16 4 35 43 33 11 20 
662(14, 25): 42 36 20 26 5 
664(14, 27): 42 44 35 26 19 34 24 8 36 
665(14, 28): 24 19 35 16 6 
669(14, 32): 24 2 44 42 13 20 11 
670(14, 33): 26 2 19 24 16 42 39 8 
672(14, 35): 14 8 36 13 5 20 39 
673(14, 36): 43 2 16 34 24 
675(14, 38): 43 26 39 34 13 
676(14, 39): 34 2 16 43 14 13 
684(14, 47): 11 13 19 4 5 
686(14, 49): 35 2 26 4 13 6 40 
687(15, 1): 23 2 3 48 14 12 13 43 
689(15, 3): 37 41 3 28 33 13 39 43 
690(15, 4): 23 2 41 35 39 43 14 
691(15, 5): 33 2 3 35 12 13 23 
693(15, 7): 14 13 3 37 48 28 43 41 33 
694(15, 8): 44 2 13 
695(15, 9): 25 43 47 30 
697(15, 11): 30 2 25 15 13 47 
698(15, 12): 15 2 13 43 47 
699(15, 13): 25 44 15 
700(15, 14): 47 12 44 13 15 
701(15, 15): 25 13 3 41 11 28 23 
705(15, 19): 11 35 3 13 33 25 41 23 
707(15, 21): 23 35 28 
710(15, 24): 11 37 3 47 
713(15, 27): 35 30 37 11 
721(15, 35): 28 23 3 43 
730(15, 44): 28 13 15 37 25 39 41 48 47 
732(15, 46): 43 48 13 25 47 28 41 37 
733(15, 47): 43 13 15 48 25 28 39 47 
739(16, 4): 43 36 41 42 39 
741(16, 6): 26 43 41 36 
743(16, 8): 1 19 13 7 
748(16, 13): 1 26 20 42 46 
749(16, 14): 19 13 20 
752(16, 17): 13 39 46 6 33 
757(16, 22): 7 27 36 34 19 
759(16, 24): 1 8 19 7 36 6 
762(16, 27): 34 36 19 42 27 8 
764(16, 29): 1 43 19 36 
765(16, 30): 1 19 7 43 
774(16, 39): 13 34 19 41 
776(16, 41): 7 20 19 13 33 
777(16, 42): 34 20 7 33 
778(16, 43): 42 27 7 6 
782(16, 47): 1 39 43 27 13 42 7 
783(16, 48): 7 42 13 43 27 
785(17, 1): 29 45 32 24 13 23 48 12 43 
786(17, 2): 48 32 45 40 24 12 43 
788(17, 4): 23 41 45 40 35 43 
789(17, 5): 32 29 35 45 13 23 7 12 
792(17, 8): 45 18 19 17 24 13 7 
794(17, 10): 43 24 18 12 7 45 
799(17, 15): 13 21 41 25 23 6 
801(17, 17): 48 21 13 32 5 6 
804(17, 20): 13 48 5 
806(17, 22): 7 21 27 19 9 
808(17, 24): 7 19 6 
809(17, 25): 7 21 
813(17, 29): 21 17 38 43 23 19 
819(17, 35): 38 21 23 7 43 
820(17, 36): 9 19 25 24 23 41 7 
821(17, 37): 13 25 12 24 41 23 9 
822(17, 38): 41 25 13 
823(17, 39): 9 13 19 25 41 23 
825(17, 41): 9 24 19 13 12 23 7 
826(17, 42): 25 7 24 23 
828(17, 44): 27 32 48 29 5 13 24 41 25 
831(17, 47): 43 25 32 13 5 27 7 17 48 
833(17, 49): 17 13 48 41 24 6 
835(18, 2): 24 42 45 32 
838(18, 5): 29 42 3 26 45 13 7 23 32 
840(18, 7): 24 28 3 13 42 37 7 29 45 32 
841(18, 8): 13 24 7 19 44 45 
842(18, 9): 46 26 42 19 20 30 7 
848(18, 15): 21 23 3 13 28 
850(18, 17): 21 46 39 13 32 
851(18, 18): 42 23 3 28 21 
853(18, 20): 28 46 3 4 20 13 
855(18, 22): 21 34 7 19 
860(18, 27): 30 19 37 42 34 29 
863(18, 30): 21 28 3 19 7 
864(18, 31): 23 30 3 
868(18, 35): 23 7 3 21 20 28 
869(18, 36): 28 37 34 19 23 24 7 
871(18, 38): 34 13 28 4 20 37 
873(18, 40): 44 28 24 4 37 
875(18, 42): 23 24 34 4 20 44 7 
876(18, 43): 7 42 15 32 28 
877(18, 44): 32 15 28 39 29 37 13 24 42 
880(18, 47): 39 28 13 42 32 15 7 
881(18, 48): 13 7 42 32 
885(19, 3): 29 13 28 4 37 
886(19, 4): 42 2 35 4 23 
887(19, 5): 35 2 42 29 23 13 7 32 
889(19, 7): 13 28 42 37 32 29 7 24 
890(19, 8): 1 2 24 7 13 
892(19, 10): 7 2 42 24 
894(19, 12): 1 2 47 10 13 
898(19, 16): 32 25 28 4 13 
900(19, 18): 42 21 28 25 23 
901(19, 19): 34 35 23 4 25 13 
903(19, 21): 34 35 23 28 21 
905(19, 23): 49 21 42 34 35 47 7 
908(19, 26): 1 7 9 22 
909(19, 27): 35 29 9 42 37 34 
910(19, 28): 1 21 49 29 35 37 9 
911(19, 29): 1 31 21 10 23 37 
912(19, 30): 1 21 9 28 7 47 
913(19, 31): 1 23 10 9 
915(19, 33): 21 24 28 31 47 37 7 
921(19, 39): 23 2 25 4 49 28 34 13 9 
923(19, 41): 49 2 13 4 24 23 7 37 9 
928(19, 46): 25 28 22 37 47 13 7 32 
932(20, 1): 42 2 3 4 12 24 
933(20, 2): 12 2 24 42 33 
937(20, 6): 36 37 28 4 41 
939(20, 8): 1 2 24 7 17 19 
940(20, 9): 1 10 47 19 25 20 7 42 
943(20, 12): 1 2 47 19 20 17 10 
945(20, 14): 24 19 12 47 17 20 10 
946(20, 15): 41 28 3 8 25 6 31 
947(20, 16): 25 41 3 4 5 6 28 
949(20, 18): 42 25 3 8 5 6 28 
950(20, 19): 33 41 3 4 20 6 25 8 
951(20, 20): 31 28 3 4 5 20 
953(20, 22): 36 7 47 19 
954(20, 23): 36 19 42 49 8 47 7 
960(20, 29): 1 36 10 31 17 19 37 
963(20, 32): 24 20 28 17 33 10 47 37 
965(20, 34): 19 31 3 33 28 24 47 
966(20, 35): 1 28 3 36 31 20 7 
970(20, 39): 25 2 19 4 28 49 41 
973(20, 42): 20 2 24 4 25 33 7 
975(20, 44): 16 28 25 24 5 42 37 41 47 
976(20, 45): 1 2 24 37 42 
978(20, 47): 1 17 25 42 5 28 7 47 
979(20, 48): 47 16 17 7 5 42 
980(20, 49): 1 2 28 41 24 6 17 37 47 42 
981(21, 1): 43 2 3 24 48 42 
985(21, 5): 33 2 3 42 7 
987(21, 7): 24 43 3 28 48 33 7 42 37 
993(21, 13): 1 17 42 20 24 
998(21, 18): 42 11 3 28 48 
1000(21, 20): 20 28 3 11 48 
1003(21, 23): 47 36 42 11 7 
1004(21, 24): 1 36 3 22 47 37 7 11 
1007(21, 27): 30 36 9 42 11 37 
1008(21, 28): 1 9 37 
1009(21, 29): 1 36 37 30 43 17 
1010(21, 30): 1 43 3 9 28 47 7 
1012(21, 32): 24 17 28 43 33 37 47 20 
1013(21, 33): 24 47 37 28 33 17 7 
1021(21, 41): 20 2 33 9 37 24 7 
1025(21, 45): 1 2 24 37 48 42 
1026(21, 46): 43 48 28 22 47 37 7 
1027(21, 47): 1 48 42 28 43 17 7 47 
1029(21, 49): 1 2 48 17 22 28 24 42 47 37 
1032(22, 3): 16 41 20 
1039(22, 10): 20 28 46 38 
1043(22, 14): 41 17 20 47 44 
1047(22, 18): 1 11 28 6 5 
1049(22, 20): 1 11 28 17 5 46 
1050(22, 21): 45 28 46 47 5 6 
1052(22, 23): 11 38 47 46 
1053(22, 24): 1 11 26 20 47 17 16 41 
1054(22, 25): 41 38 20 26 46 
1058(22, 29): 1 38 17 42 
1063(22, 34): 46 6 5 28 
1064(22, 35): 1 38 28 5 
1066(22, 37): 26 41 42 28 5 45 46 11 20 44 
1068(22, 39): 28 17 41 45 16 
1070(22, 41): 26 46 42 44 5 20 
1076(22, 47): 1 28 48 42 17 46 27 47 
1077(22, 48): 42 17 44 48 26 27 16 47 45 
1078(22, 49): 1 28 48 26 42 6 47 41 17 
1079(23, 1): 38 23 45 29 
1085(23, 7): 37 45 29 10 41 19 
1090(23, 12): 38 17 49 41 19 6 37 23 10 
1091(23, 13): 40 10 46 49 23 44 17 
1092(23, 14): 10 49 41 44 40 19 17 
1095(23, 17): 45 46 21 29 14 6 
1096(23, 18): 24 29 11 21 14 6 
1098(23, 20): 17 24 46 11 29 
1099(23, 21): 45 6 40 46 21 
1100(23, 22): 21 40 36 17 
1110(23, 32): 49 33 11 23 17 
1111(23, 33): 19 49 17 21 38 33 
1112(23, 34): 33 23 21 19 46 6 49 
1114(23, 36): 45 21 24 37 33 6 41 10 36 
1115(23, 37): 37 24 29 33 36 45 46 21 41 44 11 
1120(23, 42): 46 10 24 44 17 6 36 11 33 
1121(23, 43): 46 6 17 23 10 
1122(23, 44): 37 46 10 41 23 45 
1124(23, 46): 37 46 45 41 23 6 
1126(23, 48): 10 21 44 45 17 23 
1131(24, 4): 39 42 20 4 30 41 43 
1134(24, 7): 30 43 42 16 41 10 
1135(24, 8): 7 40 44 17 16 
1139(24, 12): 10 17 20 41 15 6 16 47 
1140(24, 13): 17 39 16 40 44 15 20 46 10 
1141(24, 14): 44 20 17 41 47 10 15 40 
1142(24, 15): 30 41 3 21 10 6 11 40 9 
1144(24, 17): 1 21 43 46 16 6 30 
1145(24, 18): 1 9 3 21 11 6 
1146(24, 19): 11 43 3 41 17 6 16 10 9 
1154(24, 27): 36 17 40 4 11 41 46 
1156(24, 29): 1 21 30 17 42 43 
1157(24, 30): 1 2 3 43 39 6 7 11 21 
1158(24, 31): 1 30 3 4 41 11 
1160(24, 33): 21 2 39 4 17 42 7 
1161(24, 34): 30 2 3 4 21 6 43 46 
1162(24, 35): 1 21 3 4 39 43 7 
1164(24, 37): 15 2 41 42 30 21 46 36 39 44 11 20 
1166(24, 39): 21 2 41 4 16 43 17 10 15 
1167(24, 40): 17 2 21 4 40 15 30 44 41 10 
1168(24, 41): 44 2 40 4 20 36 21 46 15 10 42 
1169(24, 42): 20 2 46 4 42 6 36 43 39 10 11 17 44 
1171(24, 44): 47 16 3 41 10 42 46 
1173(24, 46): 16 46 6 41 47 
1178(25, 2): 16 45 10 30 43 
1179(25, 3): 43 37 29 16 39 41 20 
1188(25, 12): 17 23 47 41 37 6 19 49 20 10 16 38 
1189(25, 13): 40 39 10 49 28 23 20 17 16 
1190(25, 14): 41 49 17 47 19 10 40 20 
1191(25, 15): 10 40 21 11 28 6 30 41 
1192(25, 16): 1 28 17 43 5 6 41 16 40 
1195(25, 19): 17 45 43 10 11 6 41 16 
1197(25, 21): 21 28 45 40 5 6 47 30 
1199(25, 23): 38 7 11 21 40 47 
1200(25, 24): 1 17 20 11 41 47 7 16 
1202(25, 26): 1 7 38 45 
1204(25, 28): 1 41 17 40 21 16 
1205(25, 29): 1 43 21 23 38 19 17 30 
1206(25, 30): 1 19 11 28 21 6 7 39 43 38 
1207(25, 31): 1 41 30 11 23 
1208(25, 32): 49 17 28 43 23 11 
1210(25, 34): 21 49 23 19 5 6 43 30 28 
1212(25, 36): 45 43 21 28 10 6 41 37 16 
1213(25, 37): 29 20 21 41 5 45 37 28 39 30 11 
1215(25, 39): 17 16 28 41 29 43 10 21 45 
1218(25, 42): 10 20 43 17 11 6 39 
1220(25, 44): 10 23 16 41 28 47 37 45 
1224(25, 48): 21 17 23 10 47 45 16 
1231(26, 6): 41 19 43 4 48 
1232(26, 7): 41 10 30 16 19 43 48 45 
1235(26, 10): 7 8 28 46 23 
1236(26, 11): 28 23 47 10 19 8 
1237(26, 12): 16 17 47 41 10 23 19 8 
1238(26, 13): 16 39 10 17 28 23 46 8 
1240(26, 15): 21 10 3 41 12 28 30 
1241(26, 16): 17 28 3 16 5 43 41 12 46 
1242(26, 17): 30 45 43 46 5 16 21 
1243(26, 18): 21 12 3 28 5 
1244(26, 19): 17 45 3 43 10 12 16 41 
1247(26, 22): 16 17 7 21 34 47 
1248(26, 23): 7 34 21 46 47 
1250(26, 25): 21 26 46 7 41 
1251(26, 26): 7 4 45 
1252(26, 27): 26 17 46 4 34 41 
1258(26, 33): 19 2 17 4 21 28 7 8 39 
1260(26, 35): 43 39 3 4 5 28 7 8 21 23 
1263(26, 38): 41 26 17 4 5 43 39 28 
1264(26, 39): 17 2 28 4 21 43 16 41 45 10 
1267(26, 42): 43 2 10 4 39 26 17 46 
1268(26, 43): 46 26 3 47 28 23 17 10 
1270(26, 45): 26 48 3 45 10 
1272(26, 47): 28 48 3 47 17 46 
1275(27, 1): 23 45 29 4 43 42 
1277(27, 3): 43 16 29 4 37 41 20 
1278(27, 4): 42 41 45 4 23 20 43 
1279(27, 5): 45 16 23 29 42 
1280(27, 6): 29 43 37 4 20 41 
1282(27, 8): 18 37 16 28 40 13 17 23 
1285(27, 11): 20 23 15 13 28 6 8 
1288(27, 14): 41 20 17 13 40 15 18 
1298(27, 24): 20 17 16 41 26 
1299(27, 25): 41 20 26 46 
1301(27, 27): 41 17 40 4 26 32 46 
1304(27, 30): 6 43 3 28 
1307(27, 33): 42 17 28 4 8 
1308(27, 34): 23 28 3 4 46 6 43 
1309(27, 35): 43 28 3 4 23 8 
1310(27, 36): 45 37 16 43 15 6 41 28 
1311(27, 37): 37 20 15 41 32 45 46 26 42 29 28 
1312(27, 38): 41 20 37 4 26 43 17 28 
1313(27, 39): 29 41 16 4 15 43 17 32 45 28 
1314(27, 40): 41 40 17 4 29 28 15 37 
1315(27, 41): 40 20 46 4 37 26 29 32 15 42 
1319(27, 45): 42 37 3 26 45 
1326(28, 3): 39 41 37 4 16 
1327(28, 4): 39 42 41 4 38 30 
1331(28, 8): 38 37 16 28 13 
1332(28, 9): 25 16 38 37 28 46 10 
1335(28, 12): 38 10 13 41 37 16 
1336(28, 13): 28 39 10 25 16 46 
1341(28, 18): 1 24 21 28 
1342(28, 19): 10 41 16 13 
1343(28, 20): 1 28 24 46 13 30 
1349(28, 26): 1 32 38 4 
1359(28, 36): 16 21 37 33 24 10 41 28 
1360(28, 37): 37 24 41 32 30 33 46 42 39 21 28 
1362(28, 39): 41 10 16 4 28 32 21 
1363(28, 40): 41 28 10 4 21 24 30 37 
1366(28, 43): 46 28 10 42 
1368(28, 45): 1 42 10 37 
1369(28, 46): 41 46 28 16 37 
1372(28, 49): 1 21 28 42 41 10 37 
1373(29, 1): 9 43 6 45 
1376(29, 4): 40 43 45 20 25 19 36 
1377(29, 5): 9 10 19 45 
1379(29, 7): 43 45 10 28 40 6 25 19 9 
1381(29, 9): 20 10 40 28 23 14 43 9 
1383(29, 11): 23 20 15 28 10 
1385(29, 13): 15 28 10 20 23 40 9 17 
1388(29, 16): 6 40 
1390(29, 18): 48 23 6 
1396(29, 24): 1 19 36 47 37 
1398(29, 26): 1 36 14 32 43 9 
1399(29, 27): 25 15 36 19 32 37 40 48 9 
1404(29, 32): 23 37 15 43 28 10 
1406(29, 34): 23 6 32 28 43 
1409(29, 37): 1 37 36 15 28 45 32 23 9 25 
1410(29, 38): 25 28 36 17 37 43 
1412(29, 40): 40 15 17 37 25 14 28 48 9 
1413(29, 41): 15 14 36 32 40 23 37 9 
1414(29, 42): 1 36 25 47 32 43 23 17 
1416(29, 44): 48 23 39 14 32 45 25 37 47 10 
1419(29, 47): 1 48 14 32 25 39 43 47 
1423(30, 2): 33 8 10 43 40 
1424(30, 3): 40 43 33 13 
1425(30, 4): 40 43 38 
1428(30, 7): 33 10 13 8 40 43 
1437(30, 16): 12 40 22 
1439(30, 18): 48 22 8 12 
1444(30, 23): 8 43 27 32 40 47 7 
1445(30, 24): 47 8 37 7 
1447(30, 26): 32 8 27 7 43 
1448(30, 27): 48 32 15 8 40 37 27 
1454(30, 33): 40 37 7 4 
1456(30, 35): 43 7 32 4 13 
1458(30, 37): 37 21 33 32 8 15 
1462(30, 41): 38 37 33 4 21 40 32 15 
1463(30, 42): 8 47 43 4 38 33 32 
1465(30, 44): 13 47 37 48 10 32 38 
1468(30, 47): 43 38 13 4 48 32 7 47 
1469(30, 48): 32 48 10 47 13 43 7 
1471(31, 1): 43 9 38 30 24 13 
1474(31, 4): 40 43 36 30 38 46 
1478(31, 8): 16 2 40 23 28 13 24 
1479(31, 9): 16 40 42 28 23 14 43 9 
1480(31, 10): 24 2 23 43 40 28 42 
1481(31, 11): 13 2 28 23 
1482(31, 12): 16 2 43 23 13 
1486(31, 16): 40 46 
1488(31, 18): 48 8 23 
1489(31, 19): 23 8 
1492(31, 22): 40 16 36 32 9 14 
1495(31, 25): 46 2 41 36 
1497(31, 27): 48 32 40 36 24 41 46 8 9 
1500(31, 30): 28 13 43 40 
1504(31, 34): 32 28 13 23 43 30 
1506(31, 36): 23 43 3 48 24 36 28 38 9 
1507(31, 37): 24 36 8 28 32 23 9 
1512(31, 42): 23 24 43 8 32 36 38 
1513(31, 43): 23 14 3 42 32 
1517(31, 47): 48 38 3 14 13 43 42 32 
1521(32, 2): 33 46 40 43 25 49 8 
1522(32, 3): 40 43 33 13 28 46 
1524(32, 5): 49 13 38 33 8 9 
1526(32, 7): 28 25 33 43 9 40 13 8 
1529(32, 10): 40 43 28 23 
1531(32, 12): 35 13 23 43 
1532(32, 13): 28 40 9 23 35 
1533(32, 14): 40 13 29 
1542(32, 23): 7 43 40 46 8 47 
1548(32, 29): 43 23 25 
1551(32, 32): 49 13 23 43 28 29 
1556(32, 37): 1 49 25 28 23 44 33 8 9 
1560(32, 41): 38 44 9 49 33 40 23 
1561(32, 42): 1 38 25 43 44 23 33 8 47 
1563(32, 44): 23 13 38 25 47 
1565(32, 46): 43 13 7 23 47 25 
1566(32, 47): 1 38 47 43 25 13 7 
1567(32, 48): 47 13 7 43 23 
1569(33, 1): 31 49 24 13 
1571(33, 3): 16 31 13 40 
1572(33, 4): 40 36 25 
1578(33, 10): 40 2 15 23 24 42 
1581(33, 13): 40 16 15 24 23 31 42 
1582(33, 14): 24 36 40 13 31 15 
1584(33, 16): 18 5 40 
1585(33, 17): 49 48 5 18 
1586(33, 18): 48 49 18 23 5 
1590(33, 22): 14 40 36 15 16 25 7 32 
1591(33, 23): 36 2 40 32 24 7 
1595(33, 27): 40 32 25 36 48 37 15 24 
1596(33, 28): 16 37 32 24 40 25 48 14 
1602(33, 34): 32 13 23 4 49 
1605(33, 37): 25 23 49 37 32 36 24 15 
1607(33, 39): 25 32 23 4 49 15 14 
1608(33, 40): 15 24 14 4 25 37 40 48 
1612(33, 44): 48 25 42 13 5 14 23 37 32 
1616(33, 48): 48 13 42 23 5 32 7 
1617(33, 49): 37 42 48 4 13 
1619(34, 2): 43 30 24 10 25 45 49 
1623(34, 6): 20 36 43 28 
1627(34, 10): 20 12 28 23 24 43 
1629(34, 12): 23 10 17 20 43 
1630(34, 13): 28 20 10 23 24 31 17 
1631(34, 14): 12 36 31 29 20 10 24 17 
1640(34, 23): 43 36 24 
1644(34, 27): 25 24 36 
1645(34, 28): 25 24 
1647(34, 30): 28 43 25 6 
1651(34, 34): 30 28 43 49 23 6 
1652(34, 35): 29 49 23 43 28 
1653(34, 36): 45 28 3 36 24 25 23 43 
1654(34, 37): 23 25 49 36 28 45 24 
1655(34, 38): 36 25 43 17 28 
1660(34, 43): 10 23 3 
1661(34, 44): 45 10 3 25 5 23 
1665(34, 48): 45 10 23 43 5 
1671(35, 5): 16 8 19 49 10 9 45 
1673(35, 7): 16 25 24 19 45 6 40 8 9 10 43 
1675(35, 9): 10 40 14 11 16 43 9 
1678(35, 12): 43 10 16 15 11 
1682(35, 16): 46 6 40 
1689(35, 23): 24 8 40 46 19 43 
1690(35, 24): 1 16 19 8 37 
1693(35, 27): 25 15 19 40 24 37 46 8 9 
1696(35, 30): 43 6 25 40 
1697(35, 31): 10 4 
1698(35, 32): 49 10 37 43 15 
1700(35, 34): 43 6 49 4 
1703(35, 37): 1 15 49 25 37 45 24 8 9 
1705(35, 39): 1 14 49 4 45 43 15 25 9 
1706(35, 40): 9 24 14 4 25 37 15 40 
1707(35, 41): 14 24 49 4 37 40 15 9 
1708(35, 42): 1 25 43 4 8 24 
1709(35, 43): 10 14 
1715(35, 49): 1 10 37 4 
1716(36, 1): 31 48 3 4 43 23 13 29 42 
1717(36, 2): 10 43 25 47 48 16 42 8 46 
1718(36, 3): 29 43 3 4 41 16 17 31 13 46 11 
1721(36, 6): 29 19 11 4 48 41 43 8 
1722(36, 7): 16 25 3 41 47 18 19 8 29 10 43 42 13 48 
1724(36, 9): 1 23 49 11 10 47 16 46 19 
1725(36, 10): 23 8 46 24 
1728(36, 13): 1 16 11 49 17 46 23 8 24 10 
1730(36, 15): 24 21 3 31 23 13 49 
1732(36, 17): 1 2 16 49 46 29 7 21 18 13 
1735(36, 20): 1 46 3 4 31 29 24 13 
1736(36, 21): 18 2 23 21 46 
1737(36, 22): 17 15 25 21 7 10 
1741(36, 26): 7 24 8 4 43 
1742(36, 27): 8 25 17 4 15 24 41 
1743(36, 28): 21 17 24 4 25 41 
1745(36, 30): 1 2 3 21 47 11 13 16 
1747(36, 32): 49 2 13 17 33 24 47 11 
1748(36, 33): 16 2 47 4 33 17 31 8 49 24 21 
1749(36, 34): 13 2 3 4 49 16 47 31 24 21 33 
1750(36, 35): 1 49 3 4 31 21 13 8 
1751(36, 36): 47 2 23 41 15 24 10 21 25 
1752(36, 37): 1 2 41 24 21 23 15 8 29 25 11 42 
1755(36, 40): 10 2 17 15 24 29 25 21 41 
1757(36, 42): 1 2 25 24 42 23 17 8 47 10 11 
1759(36, 44): 13 48 3 49 46 42 24 33 15 23 
1760(36, 45): 8 42 3 48 24 
1763(36, 48): 17 23 18 42 48 13 
1765(37, 1): 48 38 3 14 30 
1766(37, 2): 8 30 46 47 48 10 
1768(37, 4): 41 30 47 14 38 46 15 
1772(37, 8): 38 48 24 
1773(37, 9): 46 26 10 38 47 
1775(37, 11): 10 47 8 
1777(37, 13): 10 8 24 46 27 26 
1785(37, 21): 36 30 46 
1791(37, 27): 26 24 36 15 41 27 38 8 
1795(37, 31): 3 35 
1799(37, 35): 8 38 3 
1802(37, 38): 41 36 8 
1803(37, 39): 27 14 10 15 47 35 41 
1804(37, 40): 14 41 27 10 15 24 
1805(37, 41): 15 14 10 36 24 
1807(37, 43): 46 14 3 15 27 
1814(38, 1): 31 23 3 13 
1815(38, 2): 8 25 10 
1817(38, 4): 23 15 25 
1820(38, 7): 10 18 3 13 25 8 
1821(38, 8): 1 24 11 23 17 45 37 13 
1822(38, 9): 1 26 49 20 37 11 23 10 
1823(38, 10): 23 20 37 8 45 24 
1826(38, 13): 1 23 26 49 20 11 24 8 17 10 
1828(38, 15): 9 23 3 31 24 13 49 21 
1829(38, 16): 1 13 3 18 
1834(38, 21): 21 23 18 
1835(38, 22): 17 15 21 25 10 
1837(38, 24): 10 17 8 26 37 
1840(38, 27): 17 24 8 25 26 37 15 
1841(38, 28): 21 37 17 25 24 
1843(38, 30): 1 21 3 13 11 39 
1844(38, 31): 1 11 3 35 
1847(38, 34): 49 21 3 31 13 24 
1852(38, 39): 1 35 25 15 17 23 21 10 9 
1855(38, 42): 1 39 11 17 25 20 24 8 23 10 
1857(38, 44): 13 15 3 23 49 24 
1862(38, 49): 24 17 15 13 35 18 
1863(39, 1): 31 38 48 4 13 14 23 
1864(39, 2): 48 25 40 46 
1865(39, 3): 31 46 17 4 13 40 11 
1870(39, 8): 1 19 17 11 38 40 23 13 48 
1871(39, 9): 1 46 49 38 40 19 23 11 
1873(39, 11): 13 19 23 6 
1874(39, 12): 1 13 19 23 11 6 49 17 38 
1876(39, 14): 27 49 19 17 48 40 13 
1877(39, 15): 9 21 23 31 13 6 49 
1881(39, 19): 6 9 23 4 13 
1884(39, 22): 25 21 14 17 27 
1890(39, 28): 25 17 14 4 21 
1893(39, 31): 1 4 11 
1894(39, 32): 49 2 11 13 27 17 
1895(39, 33): 49 2 31 4 17 21 38 
1897(39, 35): 1 38 13 4 21 31 49 
1899(39, 37): 1 2 9 21 23 25 27 11 
1902(39, 40): 9 2 27 25 17 21 14 
1904(39, 42): 1 2 11 23 25 17 
1906(39, 44): 23 22 48 27 49 46 13 14 
1908(39, 46): 48 46 22 13 23 
1912(40, 1): 42 38 3 4 13 29 23 34 14 
1913(40, 2): 16 40 46 8 42 
1915(40, 4): 40 23 34 4 38 42 46 14 
1916(40, 5): 16 38 3 42 23 13 17 8 29 
1918(40, 7): 42 14 3 28 16 13 29 8 34 40 
1921(40, 10): 46 20 37 40 23 38 24 8 
1925(40, 14): 20 17 13 24 40 27 
1926(40, 15): 24 23 3 13 21 6 
1928(40, 17): 21 13 29 46 16 6 
1930(40, 19): 23 16 3 4 13 6 
1932(40, 21): 21 36 6 23 46 
1939(40, 28): 21 37 14 4 24 17 
1941(40, 30): 13 21 3 16 28 27 38 
1943(40, 32): 13 24 37 27 17 28 
1944(40, 33): 37 28 17 4 38 21 24 8 16 
1947(40, 36): 23 36 24 34 21 
1948(40, 37): 29 23 27 24 21 34 36 8 20 42 
1949(40, 38): 8 36 20 34 17 
1953(40, 42): 24 20 34 36 42 17 23 8 
1954(40, 43): 46 17 3 42 14 27 23 
1955(40, 44): 42 13 3 27 14 46 23 24 
1957(40, 46): 13 46 23 
1962(41, 2): 16 43 32 47 42 8 30 
1963(41, 3): 29 16 11 4 43 13 17 
1964(41, 4): 15 43 30 4 38 34 14 47 42 
1965(41, 5): 13 17 16 32 38 29 42 8 
1966(41, 6): 43 8 29 4 11 
1968(41, 8): 16 38 24 13 11 37 17 
1969(41, 9): 16 11 47 38 37 26 
1973(41, 13): 27 24 8 17 11 26 16 
1975(41, 15): 24 30 13 9 
1976(41, 16): 16 18 13 4 38 32 
1977(41, 17): 18 13 16 32 29 30 7 
1982(41, 22): 14 15 17 7 27 
1984(41, 24): 7 26 8 17 37 
1986(41, 26): 14 39 27 4 43 24 7 8 38 
1989(41, 29): 8 26 17 37 38 
1990(41, 30): 11 13 39 16 47 27 38 
1993(41, 33): 16 37 26 4 47 24 17 8 39 35 38 
1995(41, 35): 13 38 39 4 8 
1996(41, 36): 15 9 24 34 47 
1997(41, 37): 24 39 15 35 27 34 29 8 9 42 11 
2003(41, 43): 27 14 9 42 17 15 
2004(41, 44): 14 24 15 27 42 13 
2005(41, 45): 9 8 27 24 42 
2007(41, 47): 18 27 9 17 15 13 14 42 
2009(41, 49): 42 13 18 24 35 17 15 
2010(42, 1): 23 38 5 32 
2011(42, 2): 16 10 32 47 5 8 
2014(42, 5): 23 38 16 32 8 10 17 
2015(42, 6): 8 41 28 
2017(42, 8): 1 38 24 17 16 23 
2024(42, 15): 23 24 49 
2025(42, 16): 1 36 32 16 38 
2026(42, 17): 1 2 32 49 16 
2027(42, 18): 1 2 23 38 49 24 
2032(42, 23): 8 27 38 39 24 36 
2035(42, 26): 27 38 36 39 8 24 
2036(42, 27): 8 17 27 36 41 38 24 
2041(42, 32): 49 2 17 24 33 28 47 27 
2045(42, 36): 47 2 24 41 10 36 23 
2046(42, 37): 1 2 41 24 36 23 27 8 39 
2049(42, 40): 24 2 10 17 27 41 
2051(42, 42): 1 2 36 23 17 39 24 8 47 10 
2055(42, 46): 23 33 
2056(42, 47): 49 27 17 
2060(43, 2): 45 2 32 33 5 
2065(43, 7): 33 32 41 45 
2069(43, 11): 30 2 
2070(43, 12): 34 2 45 37 43 
2075(43, 17): 45 2 43 21 5 6 18 30 
2076(43, 18): 9 2 18 21 5 6 
2078(43, 20): 9 30 17 5 
2084(43, 26): 32 27 12 4 9 6 
2085(43, 27): 32 12 9 4 27 37 17 
2090(43, 32): 49 2 34 43 27 13 
2092(43, 34): 21 2 13 4 43 49 
2093(43, 35): 21 45 13 4 49 43 
2094(43, 36): 21 2 41 34 33 6 37 43 9 47 
2095(43, 37): 32 2 34 49 5 37 41 21 9 33 27 12 13 
2096(43, 38): 41 13 33 4 5 43 34 37 
2097(43, 39): 27 2 13 4 47 43 34 21 9 41 49 32 
2099(43, 41): 49 2 33 4 5 13 32 21 9 12 37 
2102(43, 44): 45 27 33 41 13 34 32 47 
2104(43, 46): 34 33 41 32 47 13 45 
2105(43, 47): 13 27 9 4 18 32 17 47 
2107(43, 49): 17 2 47 4 13 18 41 
2108(44, 1): 32 2 
2112(44, 5): 8 2 33 32 
2118(44, 11): 28 2 
2130(44, 23): 32 2 21 18 27 
2133(44, 26): 27 32 9 4 
2140(44, 33): 4 2 21 
2141(44, 34): 4 2 21 
2143(44, 36): 28 2 21 47 48 25 33 9 
2146(44, 39): 28 2 32 4 47 25 21 27 9 
2148(44, 41): 32 2 33 4 21 9 
2149(44, 42): 47 2 32 4 25 8 33 
2150(44, 43): 28 2 32 27 9 47 
2154(44, 47): 28 27 18 4 48 9 32 47 
2159(45, 3): 44 33 17 41 
2160(45, 4): 41 2 45 25 19 42 44 
2165(45, 9): 43 31 34 7 
2172(45, 16): 17 25 43 5 
2174(45, 18): 14 2 11 25 5 7 
2176(45, 20): 5 11 17 
2178(45, 22): 27 17 19 14 25 
2179(45, 23): 27 2 42 19 11 
2182(45, 26): 4 14 27 
2183(45, 27): 48 17 25 4 19 11 27 42 
2189(45, 33): 31 2 19 4 42 
2192(45, 36): 25 2 41 34 48 43 7 19 33 
2193(45, 37): 41 2 34 11 5 33 25 13 27 
2194(45, 38): 41 11 25 4 5 43 34 13 33 
2195(45, 39): 19 2 27 4 41 43 34 25 13 
2197(45, 41): 13 2 33 4 5 19 7 
2199(45, 43): 14 2 27 42 11 17 7 
2200(45, 44): 34 48 14 41 33 42 45 27 11 13 
2204(45, 48): 48 27 42 17 45 13 7 
2205(45, 49): 13 2 48 4 42 17 41 
2210(46, 5): 29 2 42 32 19 
2213(46, 8): 7 2 28 40 
2214(46, 9): 28 7 40 31 43 
2224(46, 19): 11 25 7 10 43 
2228(46, 23): 18 2 42 32 19 40 11 
2233(46, 28): 25 40 32 19 
2237(46, 32): 42 2 43 
2238(46, 33): 31 2 19 16 40 42 
2243(46, 38): 28 43 25 11 
2244(46, 39): 28 2 10 19 29 43 32 25 
2245(46, 40): 25 2 10 29 28 
2246(46, 41): 7 2 19 10 32 29 
2249(46, 44): 10 46 28 42 11 16 32 
2251(46, 46): 7 46 28 32 16 
2253(46, 48): 42 18 7 32 10 16 
2254(46, 49): 40 2 10 28 18 42 
2261(47, 7): 45 25 
2264(47, 10): 40 2 37 7 45 28 
2271(47, 17): 45 2 7 21 14 6 
2279(47, 25): 21 2 25 37 
2280(47, 26): 6 9 14 27 
2282(47, 28): 21 37 14 40 9 6 48 25 
2284(47, 30): 21 2 27 40 16 
2286(47, 32): 27 2 34 
2287(47, 33): 16 2 21 40 
2290(47, 36): 25 2 28 34 48 6 7 38 9 36 37 21 
2293(47, 39): 28 2 25 27 9 21 34 
2295(47, 41): 38 2 36 37 21 26 7 9 
2296(47, 42): 25 2 34 26 36 6 7 38 
2297(47, 43): 26 2 15 14 27 9 7 28 
2298(47, 44): 27 48 14 15 34 16 45 28 
2299(47, 45): 40 2 26 27 48 45 9 
2300(47, 46): 45 16 28 48 34 7 
2301(47, 47): 14 27 9 15 28 48 7 
2303(47, 49): 15 2 48 26 40 28 
2306(48, 3): 17 29 3 
2310(48, 7): 29 32 3 45 19 42 
2312(48, 9): 40 43 23 30 
2315(48, 12): 45 2 43 23 
2318(48, 15): 30 11 3 10 14 6 
2321(48, 18): 14 2 3 6 11 
2322(48, 19): 11 45 3 10 43 6 17 
2323(48, 20): 17 30 3 11 
2324(48, 21): 6 2 30 45 
2325(48, 22): 40 19 17 14 20 32 
2327(48, 24): 11 6 19 20 17 
2329(48, 26): 12 32 14 6 
2332(48, 29): 45 43 19 42 
2340(48, 37): 12 2 29 23 32 49 11 
2341(48, 38): 11 43 
2344(48, 41): 49 2 10 19 32 29 23 12 
2349(48, 46): 45 32 
2350(48, 47): 17 14 32 42 11 
2352(48, 49): 40 2 17 42 10 
2353(49, 1): 45 2 3 42 5 
2354(49, 2): 42 2 45 8 5 
2355(49, 3): 17 41 3 
2356(49, 4): 41 2 45 19 42 
2361(49, 9): 28 34 23 7 37 40 
2364(49, 12): 23 2 45 34 37 
2367(49, 15): 11 28 3 21 10 9 
2369(49, 17): 45 2 7 21 5 
2370(49, 18): 28 2 3 11 5 9 7 21 
2371(49, 19): 17 45 3 10 9 11 7 
2376(49, 24): 11 22 19 17 37 
2377(49, 25): 21 2 42 37 
2378(49, 26): 9 24 22 4 
2379(49, 27): 42 24 40 4 11 37 19 17 9 
2380(49, 28): 21 37 40 4 19 9 17 24 
2381(49, 29): 19 45 42 21 
2384(49, 32): 13 2 42 34 
2388(49, 36): 41 2 23 34 19 28 7 21 9 10 37 
2389(49, 37): 41 2 28 26 5 21 23 8 9 37 11 34 13 
2392(49, 40): 21 2 9 4 28 37 41 10 
2393(49, 41): 21 2 26 4 5 13 7 23 9 10 37 19 
2394(49, 42): 10 2 34 4 26 11 7 8 23 
2399(49, 47): 17 42 28 4 11 9 7 13 
2401(49, 49): 26 2 13 4 42 40 41 28 17 10 