--------------------------------------------------
0
9e-05
benchmarks/INST_16x16/95/inst16x16_95_0.txt : 11 ms.
--------------------------------------------------
0
0.000163
benchmarks/INST_16x16/95/inst16x16_95_10.txt : 15 ms.
--------------------------------------------------
0
0.000237
benchmarks/INST_16x16/95/inst16x16_95_11.txt : 15 ms.
--------------------------------------------------
0
0.000224
benchmarks/INST_16x16/95/inst16x16_95_12.txt : 16 ms.
--------------------------------------------------
0
0.000224
benchmarks/INST_16x16/95/inst16x16_95_13.txt : 17 ms.
--------------------------------------------------
0
0.000236
benchmarks/INST_16x16/95/inst16x16_95_14.txt : 17 ms.
--------------------------------------------------
0
0.00015
benchmarks/INST_16x16/95/inst16x16_95_15.txt : 28 ms.
--------------------------------------------------
0
0.00015
benchmarks/INST_16x16/95/inst16x16_95_16.txt : 17 ms.
--------------------------------------------------
0
0.00011
benchmarks/INST_16x16/95/inst16x16_95_17.txt : 17 ms.
--------------------------------------------------
0
0.000137
benchmarks/INST_16x16/95/inst16x16_95_18.txt : 34 ms.
--------------------------------------------------
0
0.000325
benchmarks/INST_16x16/95/inst16x16_95_19.txt : 22 ms.
--------------------------------------------------
0
0.000161
benchmarks/INST_16x16/95/inst16x16_95_1.txt : 14 ms.
--------------------------------------------------
0
0.000131
benchmarks/INST_16x16/95/inst16x16_95_20.txt : 19 ms.
--------------------------------------------------
0
9.8e-05
benchmarks/INST_16x16/95/inst16x16_95_21.txt : 20 ms.
--------------------------------------------------
0
0.000104
benchmarks/INST_16x16/95/inst16x16_95_22.txt : 16 ms.
--------------------------------------------------
0
0.000241
benchmarks/INST_16x16/95/inst16x16_95_23.txt : 23 ms.
--------------------------------------------------
0
0.000101
benchmarks/INST_16x16/95/inst16x16_95_24.txt : 17 ms.
--------------------------------------------------
0
0.000128
benchmarks/INST_16x16/95/inst16x16_95_25.txt : 19 ms.
--------------------------------------------------
0
0.000107
benchmarks/INST_16x16/95/inst16x16_95_26.txt : 15 ms.
--------------------------------------------------
0
0.00013
benchmarks/INST_16x16/95/inst16x16_95_27.txt : 17 ms.
--------------------------------------------------
0
0.000256
benchmarks/INST_16x16/95/inst16x16_95_28.txt : 23 ms.
--------------------------------------------------
0
0.000145
benchmarks/INST_16x16/95/inst16x16_95_29.txt : 16 ms.
--------------------------------------------------
0
0.000207
benchmarks/INST_16x16/95/inst16x16_95_2.txt : 25 ms.
--------------------------------------------------
0
0.000218
benchmarks/INST_16x16/95/inst16x16_95_30.txt : 19 ms.
--------------------------------------------------
0
0.000186
benchmarks/INST_16x16/95/inst16x16_95_31.txt : 20 ms.
--------------------------------------------------
0
0.00011
benchmarks/INST_16x16/95/inst16x16_95_32.txt : 22 ms.
--------------------------------------------------
0
0.000125
benchmarks/INST_16x16/95/inst16x16_95_33.txt : 18 ms.
--------------------------------------------------
0
0.000154
benchmarks/INST_16x16/95/inst16x16_95_34.txt : 19 ms.
--------------------------------------------------
0
0.000113
benchmarks/INST_16x16/95/inst16x16_95_35.txt : 24 ms.
--------------------------------------------------
0
0.000105
benchmarks/INST_16x16/95/inst16x16_95_36.txt : 18 ms.
--------------------------------------------------
0
0.000239
benchmarks/INST_16x16/95/inst16x16_95_37.txt : 27 ms.
--------------------------------------------------
0
0.000239
benchmarks/INST_16x16/95/inst16x16_95_38.txt : 25 ms.
--------------------------------------------------
0
0.000327
benchmarks/INST_16x16/95/inst16x16_95_39.txt : 28 ms.
--------------------------------------------------
0
0.000206
benchmarks/INST_16x16/95/inst16x16_95_3.txt : 28 ms.
--------------------------------------------------
0
0.000123
benchmarks/INST_16x16/95/inst16x16_95_40.txt : 27 ms.
--------------------------------------------------
0
0.000227
benchmarks/INST_16x16/95/inst16x16_95_41.txt : 29 ms.
--------------------------------------------------
0
9.7e-05
benchmarks/INST_16x16/95/inst16x16_95_42.txt : 19 ms.
--------------------------------------------------
0
0.000123
benchmarks/INST_16x16/95/inst16x16_95_43.txt : 21 ms.
--------------------------------------------------
0
0.000118
benchmarks/INST_16x16/95/inst16x16_95_44.txt : 25 ms.
--------------------------------------------------
0
0.000192
benchmarks/INST_16x16/95/inst16x16_95_45.txt : 23 ms.
--------------------------------------------------
0
0.000113
benchmarks/INST_16x16/95/inst16x16_95_46.txt : 23 ms.
--------------------------------------------------
0
9.8e-05
benchmarks/INST_16x16/95/inst16x16_95_47.txt : 27 ms.
--------------------------------------------------
0
0.000139
benchmarks/INST_16x16/95/inst16x16_95_48.txt : 23 ms.
--------------------------------------------------
0
0.000122
benchmarks/INST_16x16/95/inst16x16_95_49.txt : 19 ms.
--------------------------------------------------
0
0.000109
benchmarks/INST_16x16/95/inst16x16_95_4.txt : 19 ms.
--------------------------------------------------
0
0.000219
benchmarks/INST_16x16/95/inst16x16_95_50.txt : 31 ms.
--------------------------------------------------
0
0.00024
benchmarks/INST_16x16/95/inst16x16_95_51.txt : 19 ms.
--------------------------------------------------
0
0.000113
benchmarks/INST_16x16/95/inst16x16_95_52.txt : 22 ms.
--------------------------------------------------
0
0.000128
benchmarks/INST_16x16/95/inst16x16_95_53.txt : 18 ms.
--------------------------------------------------
0
9.9e-05
benchmarks/INST_16x16/95/inst16x16_95_54.txt : 17 ms.
--------------------------------------------------
0
0.000141
benchmarks/INST_16x16/95/inst16x16_95_55.txt : 21 ms.
--------------------------------------------------
0
0.000255
benchmarks/INST_16x16/95/inst16x16_95_56.txt : 23 ms.
--------------------------------------------------
0
0.000247
benchmarks/INST_16x16/95/inst16x16_95_57.txt : 24 ms.
--------------------------------------------------
0
0.000215
benchmarks/INST_16x16/95/inst16x16_95_58.txt : 28 ms.
--------------------------------------------------
0
0.000129
benchmarks/INST_16x16/95/inst16x16_95_59.txt : 19 ms.
--------------------------------------------------
0
0.000158
benchmarks/INST_16x16/95/inst16x16_95_5.txt : 25 ms.
--------------------------------------------------
0
0.00023
benchmarks/INST_16x16/95/inst16x16_95_60.txt : 19 ms.
--------------------------------------------------
0
0.000131
benchmarks/INST_16x16/95/inst16x16_95_61.txt : 20 ms.
--------------------------------------------------
0
0.000129
benchmarks/INST_16x16/95/inst16x16_95_62.txt : 19 ms.
--------------------------------------------------
0
0.000166
benchmarks/INST_16x16/95/inst16x16_95_63.txt : 21 ms.
--------------------------------------------------
0
0.00013
benchmarks/INST_16x16/95/inst16x16_95_64.txt : 20 ms.
--------------------------------------------------
0
0.000134
benchmarks/INST_16x16/95/inst16x16_95_65.txt : 23 ms.
--------------------------------------------------
0
0.000218
benchmarks/INST_16x16/95/inst16x16_95_66.txt : 22 ms.
--------------------------------------------------
0
0.000192
benchmarks/INST_16x16/95/inst16x16_95_67.txt : 27 ms.
--------------------------------------------------
0
0.000217
benchmarks/INST_16x16/95/inst16x16_95_68.txt : 27 ms.
--------------------------------------------------
0
0.000197
benchmarks/INST_16x16/95/inst16x16_95_69.txt : 26 ms.
--------------------------------------------------
0
0.000179
benchmarks/INST_16x16/95/inst16x16_95_6.txt : 23 ms.
--------------------------------------------------
0
0.000151
benchmarks/INST_16x16/95/inst16x16_95_70.txt : 24 ms.
--------------------------------------------------
0
0.000222
benchmarks/INST_16x16/95/inst16x16_95_71.txt : 25 ms.
--------------------------------------------------
0
0.000193
benchmarks/INST_16x16/95/inst16x16_95_72.txt : 23 ms.
--------------------------------------------------
0
0.000245
benchmarks/INST_16x16/95/inst16x16_95_73.txt : 30 ms.
--------------------------------------------------
0
0.000204
benchmarks/INST_16x16/95/inst16x16_95_74.txt : 24 ms.
--------------------------------------------------
0
0.000102
benchmarks/INST_16x16/95/inst16x16_95_75.txt : 19 ms.
--------------------------------------------------
0
0.000198
benchmarks/INST_16x16/95/inst16x16_95_76.txt : 20 ms.
--------------------------------------------------
0
0.000246
benchmarks/INST_16x16/95/inst16x16_95_77.txt : 26 ms.
--------------------------------------------------
0
0.00022
benchmarks/INST_16x16/95/inst16x16_95_78.txt : 24 ms.
--------------------------------------------------
0
0.000245
benchmarks/INST_16x16/95/inst16x16_95_79.txt : 22 ms.
--------------------------------------------------
0
0.000129
benchmarks/INST_16x16/95/inst16x16_95_7.txt : 18 ms.
--------------------------------------------------
0
0.000238
benchmarks/INST_16x16/95/inst16x16_95_80.txt : 23 ms.
--------------------------------------------------
0
0.000223
benchmarks/INST_16x16/95/inst16x16_95_81.txt : 24 ms.
--------------------------------------------------
0
0.000208
benchmarks/INST_16x16/95/inst16x16_95_82.txt : 20 ms.
--------------------------------------------------
0
0.00025
benchmarks/INST_16x16/95/inst16x16_95_83.txt : 21 ms.
--------------------------------------------------
0
9.9e-05
benchmarks/INST_16x16/95/inst16x16_95_84.txt : 17 ms.
--------------------------------------------------
0
0.000322
benchmarks/INST_16x16/95/inst16x16_95_85.txt : 21 ms.
--------------------------------------------------
0
0.000125
benchmarks/INST_16x16/95/inst16x16_95_86.txt : 17 ms.
--------------------------------------------------
0
0.000172
benchmarks/INST_16x16/95/inst16x16_95_87.txt : 21 ms.
--------------------------------------------------
0
0.00031
benchmarks/INST_16x16/95/inst16x16_95_88.txt : 26 ms.
--------------------------------------------------
0
0.000222
benchmarks/INST_16x16/95/inst16x16_95_89.txt : 24 ms.
--------------------------------------------------
0
0.000119
benchmarks/INST_16x16/95/inst16x16_95_8.txt : 16 ms.
--------------------------------------------------
0
0.000212
benchmarks/INST_16x16/95/inst16x16_95_90.txt : 25 ms.
--------------------------------------------------
0
0.000102
benchmarks/INST_16x16/95/inst16x16_95_91.txt : 23 ms.
--------------------------------------------------
0
0.00019
benchmarks/INST_16x16/95/inst16x16_95_92.txt : 21 ms.
--------------------------------------------------
0
0.000226
benchmarks/INST_16x16/95/inst16x16_95_93.txt : 23 ms.
--------------------------------------------------
0
0.000113
benchmarks/INST_16x16/95/inst16x16_95_94.txt : 23 ms.
--------------------------------------------------
0
0.000228
benchmarks/INST_16x16/95/inst16x16_95_95.txt : 26 ms.
--------------------------------------------------
0
0.000113
benchmarks/INST_16x16/95/inst16x16_95_96.txt : 24 ms.
--------------------------------------------------
0
0.000247
benchmarks/INST_16x16/95/inst16x16_95_97.txt : 30 ms.
--------------------------------------------------
0
0.000133
benchmarks/INST_16x16/95/inst16x16_95_98.txt : 23 ms.
--------------------------------------------------
0
0.00015
benchmarks/INST_16x16/95/inst16x16_95_99.txt : 21 ms.
--------------------------------------------------
0
0.000193
benchmarks/INST_16x16/95/inst16x16_95_9.txt : 17 ms.
