--------------------------------------------------
0
0.000245
benchmarks/INST_16x16/80/inst16x16_80_0.txt : 16 ms.
--------------------------------------------------
0
0.000235
benchmarks/INST_16x16/80/inst16x16_80_10.txt : 24 ms.
--------------------------------------------------
0
0.000136
benchmarks/INST_16x16/80/inst16x16_80_11.txt : 13 ms.
--------------------------------------------------
0
0.000157
benchmarks/INST_16x16/80/inst16x16_80_12.txt : 15 ms.
--------------------------------------------------
0
0.00021
benchmarks/INST_16x16/80/inst16x16_80_13.txt : 14 ms.
--------------------------------------------------
0
0.000259
benchmarks/INST_16x16/80/inst16x16_80_14.txt : 18 ms.
--------------------------------------------------
0
0.000119
benchmarks/INST_16x16/80/inst16x16_80_15.txt : 30 ms.
--------------------------------------------------
0
0.000154
benchmarks/INST_16x16/80/inst16x16_80_16.txt : 13 ms.
--------------------------------------------------
0
0.000106
benchmarks/INST_16x16/80/inst16x16_80_17.txt : 15 ms.
--------------------------------------------------
0
0.000239
benchmarks/INST_16x16/80/inst16x16_80_18.txt : 20 ms.
--------------------------------------------------
0
0.000198
benchmarks/INST_16x16/80/inst16x16_80_19.txt : 39 ms.
--------------------------------------------------
0
0.000179
benchmarks/INST_16x16/80/inst16x16_80_1.txt : 19 ms.
--------------------------------------------------
0
9.8e-05
benchmarks/INST_16x16/80/inst16x16_80_20.txt : 16 ms.
--------------------------------------------------
0
0.00011
benchmarks/INST_16x16/80/inst16x16_80_21.txt : 19 ms.
--------------------------------------------------
0
0.000111
benchmarks/INST_16x16/80/inst16x16_80_22.txt : 19 ms.
--------------------------------------------------
0
9.9e-05
benchmarks/INST_16x16/80/inst16x16_80_23.txt : 20 ms.
--------------------------------------------------
0
0.000123
benchmarks/INST_16x16/80/inst16x16_80_24.txt : 17 ms.
--------------------------------------------------
0
0.000169
benchmarks/INST_16x16/80/inst16x16_80_25.txt : 17 ms.
--------------------------------------------------
0
9.5e-05
benchmarks/INST_16x16/80/inst16x16_80_26.txt : 17 ms.
--------------------------------------------------
0
0.000178
benchmarks/INST_16x16/80/inst16x16_80_27.txt : 22 ms.
--------------------------------------------------
0
0.000201
benchmarks/INST_16x16/80/inst16x16_80_28.txt : 23 ms.
--------------------------------------------------
0
0.000123
benchmarks/INST_16x16/80/inst16x16_80_29.txt : 19 ms.
--------------------------------------------------
0
0.000107
benchmarks/INST_16x16/80/inst16x16_80_2.txt : 23 ms.
--------------------------------------------------
0
0.000239
benchmarks/INST_16x16/80/inst16x16_80_30.txt : 20 ms.
--------------------------------------------------
0
0.000122
benchmarks/INST_16x16/80/inst16x16_80_31.txt : 18 ms.
--------------------------------------------------
0
0.000229
benchmarks/INST_16x16/80/inst16x16_80_32.txt : 26 ms.
--------------------------------------------------
0
0.000244
benchmarks/INST_16x16/80/inst16x16_80_33.txt : 26 ms.
--------------------------------------------------
0
0.000126
benchmarks/INST_16x16/80/inst16x16_80_34.txt : 19 ms.
--------------------------------------------------
0
0.000217
benchmarks/INST_16x16/80/inst16x16_80_35.txt : 23 ms.
--------------------------------------------------
0
0.000185
benchmarks/INST_16x16/80/inst16x16_80_36.txt : 24 ms.
--------------------------------------------------
0
0.000128
benchmarks/INST_16x16/80/inst16x16_80_37.txt : 21 ms.
--------------------------------------------------
0
0.00014
benchmarks/INST_16x16/80/inst16x16_80_38.txt : 26 ms.
--------------------------------------------------
0
0.000235
benchmarks/INST_16x16/80/inst16x16_80_39.txt : 23 ms.
--------------------------------------------------
0
0.000146
benchmarks/INST_16x16/80/inst16x16_80_3.txt : 25 ms.
--------------------------------------------------
0
0.000227
benchmarks/INST_16x16/80/inst16x16_80_40.txt : 24 ms.
--------------------------------------------------
0
0.000217
benchmarks/INST_16x16/80/inst16x16_80_41.txt : 25 ms.
--------------------------------------------------
0
0.000172
benchmarks/INST_16x16/80/inst16x16_80_42.txt : 24 ms.
--------------------------------------------------
0
0.00012
benchmarks/INST_16x16/80/inst16x16_80_43.txt : 19 ms.
--------------------------------------------------
0
0.000118
benchmarks/INST_16x16/80/inst16x16_80_44.txt : 23 ms.
--------------------------------------------------
0
0.000244
benchmarks/INST_16x16/80/inst16x16_80_45.txt : 25 ms.
--------------------------------------------------
0
0.000287
benchmarks/INST_16x16/80/inst16x16_80_46.txt : 25 ms.
--------------------------------------------------
0
0.0001
benchmarks/INST_16x16/80/inst16x16_80_47.txt : 30 ms.
--------------------------------------------------
0
0.00025
benchmarks/INST_16x16/80/inst16x16_80_48.txt : 26 ms.
--------------------------------------------------
0
0.000207
benchmarks/INST_16x16/80/inst16x16_80_49.txt : 26 ms.
--------------------------------------------------
0
0.000236
benchmarks/INST_16x16/80/inst16x16_80_4.txt : 18 ms.
--------------------------------------------------
0
0.000149
benchmarks/INST_16x16/80/inst16x16_80_50.txt : 23 ms.
--------------------------------------------------
0
0.000162
benchmarks/INST_16x16/80/inst16x16_80_51.txt : 19 ms.
--------------------------------------------------
0
0.000232
benchmarks/INST_16x16/80/inst16x16_80_52.txt : 20 ms.
--------------------------------------------------
0
0.000195
benchmarks/INST_16x16/80/inst16x16_80_53.txt : 21 ms.
--------------------------------------------------
0
0.000315
benchmarks/INST_16x16/80/inst16x16_80_54.txt : 24 ms.
--------------------------------------------------
0
0.000197
benchmarks/INST_16x16/80/inst16x16_80_55.txt : 22 ms.
--------------------------------------------------
0
0.000117
benchmarks/INST_16x16/80/inst16x16_80_56.txt : 19 ms.
--------------------------------------------------
0
0.000216
benchmarks/INST_16x16/80/inst16x16_80_57.txt : 21 ms.
--------------------------------------------------
0
9.6e-05
benchmarks/INST_16x16/80/inst16x16_80_58.txt : 20 ms.
--------------------------------------------------
0
0.000143
benchmarks/INST_16x16/80/inst16x16_80_59.txt : 20 ms.
--------------------------------------------------
0
0.000118
benchmarks/INST_16x16/80/inst16x16_80_5.txt : 16 ms.
--------------------------------------------------
0
0.000234
benchmarks/INST_16x16/80/inst16x16_80_60.txt : 23 ms.
--------------------------------------------------
0
0.000137
benchmarks/INST_16x16/80/inst16x16_80_61.txt : 20 ms.
--------------------------------------------------
0
0.000162
benchmarks/INST_16x16/80/inst16x16_80_62.txt : 21 ms.
--------------------------------------------------
0
0.000112
benchmarks/INST_16x16/80/inst16x16_80_63.txt : 19 ms.
--------------------------------------------------
0
0.000192
benchmarks/INST_16x16/80/inst16x16_80_64.txt : 23 ms.
--------------------------------------------------
0
0.00017
benchmarks/INST_16x16/80/inst16x16_80_65.txt : 20 ms.
--------------------------------------------------
0
0.000158
benchmarks/INST_16x16/80/inst16x16_80_66.txt : 23 ms.
--------------------------------------------------
0
0.000108
benchmarks/INST_16x16/80/inst16x16_80_67.txt : 18 ms.
--------------------------------------------------
0
0.000158
benchmarks/INST_16x16/80/inst16x16_80_68.txt : 26 ms.
--------------------------------------------------
0
0.000171
benchmarks/INST_16x16/80/inst16x16_80_69.txt : 24 ms.
--------------------------------------------------
0
0.000132
benchmarks/INST_16x16/80/inst16x16_80_6.txt : 20 ms.
--------------------------------------------------
0
0.000198
benchmarks/INST_16x16/80/inst16x16_80_70.txt : 27 ms.
--------------------------------------------------
0
0.00013
benchmarks/INST_16x16/80/inst16x16_80_71.txt : 23 ms.
--------------------------------------------------
0
0.000156
benchmarks/INST_16x16/80/inst16x16_80_72.txt : 24 ms.
--------------------------------------------------
0
0.000143
benchmarks/INST_16x16/80/inst16x16_80_73.txt : 21 ms.
--------------------------------------------------
0
0.000238
benchmarks/INST_16x16/80/inst16x16_80_74.txt : 27 ms.
--------------------------------------------------
0
0.000148
benchmarks/INST_16x16/80/inst16x16_80_75.txt : 23 ms.
--------------------------------------------------
0
0.000203
benchmarks/INST_16x16/80/inst16x16_80_76.txt : 24 ms.
--------------------------------------------------
0
0.00015
benchmarks/INST_16x16/80/inst16x16_80_77.txt : 23 ms.
--------------------------------------------------
0
0.00015
benchmarks/INST_16x16/80/inst16x16_80_78.txt : 22 ms.
--------------------------------------------------
0
0.000202
benchmarks/INST_16x16/80/inst16x16_80_79.txt : 29 ms.
--------------------------------------------------
0
9.5e-05
benchmarks/INST_16x16/80/inst16x16_80_7.txt : 18 ms.
--------------------------------------------------
0
0.000159
benchmarks/INST_16x16/80/inst16x16_80_80.txt : 22 ms.
--------------------------------------------------
0
0.000155
benchmarks/INST_16x16/80/inst16x16_80_81.txt : 18 ms.
--------------------------------------------------
0
0.000227
benchmarks/INST_16x16/80/inst16x16_80_82.txt : 29 ms.
--------------------------------------------------
0
0.000108
benchmarks/INST_16x16/80/inst16x16_80_83.txt : 17 ms.
--------------------------------------------------
0
0.000124
benchmarks/INST_16x16/80/inst16x16_80_84.txt : 17 ms.
--------------------------------------------------
0
0.000132
benchmarks/INST_16x16/80/inst16x16_80_85.txt : 17 ms.
--------------------------------------------------
0
0.000112
benchmarks/INST_16x16/80/inst16x16_80_86.txt : 19 ms.
--------------------------------------------------
0
0.00018
benchmarks/INST_16x16/80/inst16x16_80_87.txt : 18 ms.
--------------------------------------------------
0
0.000216
benchmarks/INST_16x16/80/inst16x16_80_88.txt : 20 ms.
--------------------------------------------------
0
0.000165
benchmarks/INST_16x16/80/inst16x16_80_89.txt : 19 ms.
--------------------------------------------------
0
0.00013
benchmarks/INST_16x16/80/inst16x16_80_8.txt : 21 ms.
--------------------------------------------------
0
0.000244
benchmarks/INST_16x16/80/inst16x16_80_90.txt : 23 ms.
--------------------------------------------------
0
0.000129
benchmarks/INST_16x16/80/inst16x16_80_91.txt : 21 ms.
--------------------------------------------------
0
0.000112
benchmarks/INST_16x16/80/inst16x16_80_92.txt : 19 ms.
--------------------------------------------------
0
0.000126
benchmarks/INST_16x16/80/inst16x16_80_93.txt : 23 ms.
--------------------------------------------------
0
0.000174
benchmarks/INST_16x16/80/inst16x16_80_94.txt : 24 ms.
--------------------------------------------------
0
0.000238
benchmarks/INST_16x16/80/inst16x16_80_95.txt : 28 ms.
--------------------------------------------------
0
0.000186
benchmarks/INST_16x16/80/inst16x16_80_96.txt : 20 ms.
--------------------------------------------------
0
0.000182
benchmarks/INST_16x16/80/inst16x16_80_97.txt : 24 ms.
--------------------------------------------------
0
0.000113
benchmarks/INST_16x16/80/inst16x16_80_98.txt : 24 ms.
--------------------------------------------------
0
0.000251
benchmarks/INST_16x16/80/inst16x16_80_99.txt : 24 ms.
--------------------------------------------------
0
0.000131
benchmarks/INST_16x16/80/inst16x16_80_9.txt : 21 ms.
