--------------------------------------------------
benchmarks/N-Queens/inst1000.txt find answer: 1.020000
benchmarks/N-Queens/inst1000.txt : 1241 ms.
--------------------------------------------------
benchmarks/N-Queens/inst1200.txt find answer: 1.670000
benchmarks/N-Queens/inst1200.txt : 1926 ms.
--------------------------------------------------
benchmarks/N-Queens/inst1400.txt find answer: 2.720000
benchmarks/N-Queens/inst1400.txt : 3065 ms.
--------------------------------------------------
benchmarks/N-Queens/inst1600.txt find answer: 4.120000
benchmarks/N-Queens/inst1600.txt : 4565 ms.
--------------------------------------------------
benchmarks/N-Queens/inst1800.txt find answer: 6.000000
benchmarks/N-Queens/inst1800.txt : 6549 ms.
--------------------------------------------------
benchmarks/N-Queens/inst2000.txt find answer: 7.960000
benchmarks/N-Queens/inst2000.txt : 8631 ms.
--------------------------------------------------
benchmarks/N-Queens/inst200.txt find answer: 0.020000
benchmarks/N-Queens/inst200.txt : 44 ms.
--------------------------------------------------
benchmarks/N-Queens/inst2200.txt find answer: 10.610000
benchmarks/N-Queens/inst2200.txt : 11389 ms.
--------------------------------------------------
benchmarks/N-Queens/inst2400.txt find answer: 13.530000
benchmarks/N-Queens/inst2400.txt : 14475 ms.
--------------------------------------------------
benchmarks/N-Queens/inst2600.txt find answer: 17.070000
benchmarks/N-Queens/inst2600.txt : 18180 ms.
--------------------------------------------------
benchmarks/N-Queens/inst2800.txt find answer: 24.820000
benchmarks/N-Queens/inst2800.txt : 26315 ms.
--------------------------------------------------
benchmarks/N-Queens/inst3000.txt find answer: 27.920000
benchmarks/N-Queens/inst3000.txt : 29603 ms.
--------------------------------------------------
benchmarks/N-Queens/inst3200.txt find answer: 36.490000
benchmarks/N-Queens/inst3200.txt : 38341 ms.
--------------------------------------------------
benchmarks/N-Queens/inst3400.txt find answer: 40.910000
benchmarks/N-Queens/inst3400.txt : 42941 ms.
--------------------------------------------------
benchmarks/N-Queens/inst3600.txt find answer: 43.860000
benchmarks/N-Queens/inst3600.txt : 45894 ms.
--------------------------------------------------
benchmarks/N-Queens/inst3800.txt find answer: 52.980000
benchmarks/N-Queens/inst3800.txt : 55547 ms.
--------------------------------------------------
benchmarks/N-Queens/inst4000.txt find answer: 58.800000
benchmarks/N-Queens/inst4000.txt : 61473 ms.
--------------------------------------------------
benchmarks/N-Queens/inst400.txt find answer: 0.100000
benchmarks/N-Queens/inst400.txt : 149 ms.
--------------------------------------------------
benchmarks/N-Queens/inst4200.txt find answer: 10.700000
benchmarks/N-Queens/inst4200.txt : 11520 ms.
--------------------------------------------------
benchmarks/N-Queens/inst4400.txt find answer: 60.980000
benchmarks/N-Queens/inst4400.txt : 64178 ms.
--------------------------------------------------
benchmarks/N-Queens/inst4600.txt find answer: 50.940000
benchmarks/N-Queens/inst4600.txt : 53290 ms.
--------------------------------------------------
benchmarks/N-Queens/inst4800.txt find answer: 46.520000
benchmarks/N-Queens/inst4800.txt : 48833 ms.
--------------------------------------------------
benchmarks/N-Queens/inst5000.txt find answer: 36.720000
benchmarks/N-Queens/inst5000.txt : 38609 ms.
--------------------------------------------------
benchmarks/N-Queens/inst5200.txt find answer: 30.570000
benchmarks/N-Queens/inst5200.txt : 32246 ms.
--------------------------------------------------
benchmarks/N-Queens/inst5400.txt find answer: 25.550000
benchmarks/N-Queens/inst5400.txt : 27030 ms.
--------------------------------------------------
benchmarks/N-Queens/inst5600.txt find answer: 21.310000
benchmarks/N-Queens/inst5600.txt : 22633 ms.
--------------------------------------------------
benchmarks/N-Queens/inst5800.txt find answer: 16.690000
benchmarks/N-Queens/inst5800.txt : 17817 ms.
--------------------------------------------------
benchmarks/N-Queens/inst6000.txt find answer: 13.160000
benchmarks/N-Queens/inst6000.txt : 14130 ms.
--------------------------------------------------
benchmarks/N-Queens/inst600.txt find answer: 0.260000
benchmarks/N-Queens/inst600.txt : 354 ms.
--------------------------------------------------
benchmarks/N-Queens/inst800.txt find answer: 0.500000
benchmarks/N-Queens/inst800.txt : 632 ms.
--------------------------------------------------
benchmarks/N-Queens/parallel.sh find answer: 0.000000
benchmarks/N-Queens/parallel.sh : 7 ms.
