--------------------------------------------------
benchmarks/N-Queens/inst1000.txt find answer: 1.190000
benchmarks/N-Queens/inst1000.txt : 1408 ms.
--------------------------------------------------
benchmarks/N-Queens/inst1200.txt find answer: 1.810000
benchmarks/N-Queens/inst1200.txt : 2083 ms.
--------------------------------------------------
benchmarks/N-Queens/inst1400.txt find answer: 2.780000
benchmarks/N-Queens/inst1400.txt : 3138 ms.
--------------------------------------------------
benchmarks/N-Queens/inst1600.txt find answer: 4.260000
benchmarks/N-Queens/inst1600.txt : 4724 ms.
--------------------------------------------------
benchmarks/N-Queens/inst1800.txt find answer: 6.870000
benchmarks/N-Queens/inst1800.txt : 7449 ms.
--------------------------------------------------
benchmarks/N-Queens/inst2000.txt find answer: 7.960000
benchmarks/N-Queens/inst2000.txt : 8622 ms.
--------------------------------------------------
benchmarks/N-Queens/inst200.txt find answer: 0.020000
benchmarks/N-Queens/inst200.txt : 38 ms.
--------------------------------------------------
benchmarks/N-Queens/inst2200.txt find answer: 11.140000
benchmarks/N-Queens/inst2200.txt : 11998 ms.
--------------------------------------------------
benchmarks/N-Queens/inst2400.txt find answer: 14.990000
benchmarks/N-Queens/inst2400.txt : 16006 ms.
--------------------------------------------------
benchmarks/N-Queens/inst2600.txt find answer: 17.010000
benchmarks/N-Queens/inst2600.txt : 18113 ms.
--------------------------------------------------
benchmarks/N-Queens/inst2800.txt find answer: 20.780000
benchmarks/N-Queens/inst2800.txt : 22035 ms.
--------------------------------------------------
benchmarks/N-Queens/inst3000.txt find answer: 25.770000
benchmarks/N-Queens/inst3000.txt : 27216 ms.
--------------------------------------------------
benchmarks/N-Queens/inst3200.txt find answer: 30.730000
benchmarks/N-Queens/inst3200.txt : 32406 ms.
--------------------------------------------------
benchmarks/N-Queens/inst3400.txt find answer: 38.240000
benchmarks/N-Queens/inst3400.txt : 40303 ms.
--------------------------------------------------
benchmarks/N-Queens/inst3600.txt find answer: 43.770000
benchmarks/N-Queens/inst3600.txt : 46194 ms.
--------------------------------------------------
benchmarks/N-Queens/inst3800.txt find answer: 52.520000
benchmarks/N-Queens/inst3800.txt : 54954 ms.
--------------------------------------------------
benchmarks/N-Queens/inst4000.txt find answer: 61.540000
benchmarks/N-Queens/inst4000.txt : 64834 ms.
--------------------------------------------------
benchmarks/N-Queens/inst400.txt find answer: 0.070000
benchmarks/N-Queens/inst400.txt : 124 ms.
--------------------------------------------------
benchmarks/N-Queens/inst4200.txt find answer: 10.580000
benchmarks/N-Queens/inst4200.txt : 11379 ms.
--------------------------------------------------
benchmarks/N-Queens/inst4400.txt find answer: 60.350000
benchmarks/N-Queens/inst4400.txt : 63488 ms.
--------------------------------------------------
benchmarks/N-Queens/inst4600.txt find answer: 57.030000
benchmarks/N-Queens/inst4600.txt : 59504 ms.
--------------------------------------------------
benchmarks/N-Queens/inst4800.txt find answer: 44.760000
benchmarks/N-Queens/inst4800.txt : 47342 ms.
--------------------------------------------------
benchmarks/N-Queens/inst5000.txt find answer: 38.230000
benchmarks/N-Queens/inst5000.txt : 40485 ms.
--------------------------------------------------
benchmarks/N-Queens/inst5200.txt find answer: 32.830000
benchmarks/N-Queens/inst5200.txt : 34700 ms.
--------------------------------------------------
benchmarks/N-Queens/inst5400.txt find answer: 27.500000
benchmarks/N-Queens/inst5400.txt : 29169 ms.
--------------------------------------------------
benchmarks/N-Queens/inst5600.txt find answer: 24.460000
benchmarks/N-Queens/inst5600.txt : 25783 ms.
--------------------------------------------------
benchmarks/N-Queens/inst5800.txt find answer: 20.130000
benchmarks/N-Queens/inst5800.txt : 21434 ms.
--------------------------------------------------
benchmarks/N-Queens/inst6000.txt find answer: 14.190000
benchmarks/N-Queens/inst6000.txt : 15252 ms.
--------------------------------------------------
benchmarks/N-Queens/inst600.txt find answer: 0.240000
benchmarks/N-Queens/inst600.txt : 323 ms.
--------------------------------------------------
benchmarks/N-Queens/inst800.txt find answer: 0.490000
benchmarks/N-Queens/inst800.txt : 620 ms.
--------------------------------------------------
benchmarks/N-Queens/parallel.sh find answer: 0.000000
benchmarks/N-Queens/parallel.sh : 9 ms.
