--------------------------------------------------
benchmarks/N-Queens/inst1000.txt find answer: 1.050000
benchmarks/N-Queens/inst1000.txt : 1262 ms.
--------------------------------------------------
benchmarks/N-Queens/inst1200.txt find answer: 1.660000
benchmarks/N-Queens/inst1200.txt : 1916 ms.
--------------------------------------------------
benchmarks/N-Queens/inst1400.txt find answer: 2.820000
benchmarks/N-Queens/inst1400.txt : 3175 ms.
--------------------------------------------------
benchmarks/N-Queens/inst1600.txt find answer: 5.030000
benchmarks/N-Queens/inst1600.txt : 5533 ms.
--------------------------------------------------
benchmarks/N-Queens/inst1800.txt find answer: 5.970000
benchmarks/N-Queens/inst1800.txt : 6526 ms.
--------------------------------------------------
benchmarks/N-Queens/inst2000.txt find answer: 8.200000
benchmarks/N-Queens/inst2000.txt : 8878 ms.
--------------------------------------------------
benchmarks/N-Queens/inst200.txt find answer: 0.020000
benchmarks/N-Queens/inst200.txt : 35 ms.
--------------------------------------------------
benchmarks/N-Queens/inst2200.txt find answer: 11.960000
benchmarks/N-Queens/inst2200.txt : 12825 ms.
--------------------------------------------------
benchmarks/N-Queens/inst2400.txt find answer: 15.980000
benchmarks/N-Queens/inst2400.txt : 17089 ms.
--------------------------------------------------
benchmarks/N-Queens/inst2600.txt find answer: 17.010000
benchmarks/N-Queens/inst2600.txt : 18120 ms.
--------------------------------------------------
benchmarks/N-Queens/inst2800.txt find answer: 23.930000
benchmarks/N-Queens/inst2800.txt : 25311 ms.
--------------------------------------------------
benchmarks/N-Queens/inst3000.txt find answer: 27.790000
benchmarks/N-Queens/inst3000.txt : 29351 ms.
--------------------------------------------------
benchmarks/N-Queens/inst3200.txt find answer: 32.100000
benchmarks/N-Queens/inst3200.txt : 34030 ms.
--------------------------------------------------
benchmarks/N-Queens/inst3400.txt find answer: 38.570000
benchmarks/N-Queens/inst3400.txt : 40445 ms.
--------------------------------------------------
benchmarks/N-Queens/inst3600.txt find answer: 42.950000
benchmarks/N-Queens/inst3600.txt : 45055 ms.
--------------------------------------------------
benchmarks/N-Queens/inst3800.txt find answer: 53.110000
benchmarks/N-Queens/inst3800.txt : 55554 ms.
--------------------------------------------------
benchmarks/N-Queens/inst4000.txt find answer: 64.430000
benchmarks/N-Queens/inst4000.txt : 67632 ms.
--------------------------------------------------
benchmarks/N-Queens/inst400.txt find answer: 0.080000
benchmarks/N-Queens/inst400.txt : 119 ms.
--------------------------------------------------
benchmarks/N-Queens/inst4200.txt find answer: 11.360000
benchmarks/N-Queens/inst4200.txt : 12202 ms.
--------------------------------------------------
benchmarks/N-Queens/inst4400.txt find answer: 66.170000
benchmarks/N-Queens/inst4400.txt : 69017 ms.
--------------------------------------------------
benchmarks/N-Queens/inst4600.txt find answer: 52.970000
benchmarks/N-Queens/inst4600.txt : 55849 ms.
--------------------------------------------------
benchmarks/N-Queens/inst4800.txt find answer: 48.990000
benchmarks/N-Queens/inst4800.txt : 51536 ms.
--------------------------------------------------
benchmarks/N-Queens/inst5000.txt find answer: 39.500000
benchmarks/N-Queens/inst5000.txt : 41428 ms.
--------------------------------------------------
benchmarks/N-Queens/inst5200.txt find answer: 31.750000
benchmarks/N-Queens/inst5200.txt : 33635 ms.
--------------------------------------------------
benchmarks/N-Queens/inst5400.txt find answer: 26.430000
benchmarks/N-Queens/inst5400.txt : 28055 ms.
--------------------------------------------------
benchmarks/N-Queens/inst5600.txt find answer: 22.170000
benchmarks/N-Queens/inst5600.txt : 23538 ms.
--------------------------------------------------
benchmarks/N-Queens/inst5800.txt find answer: 19.630000
benchmarks/N-Queens/inst5800.txt : 20996 ms.
--------------------------------------------------
benchmarks/N-Queens/inst6000.txt find answer: 12.480000
benchmarks/N-Queens/inst6000.txt : 13415 ms.
--------------------------------------------------
benchmarks/N-Queens/inst600.txt find answer: 0.230000
benchmarks/N-Queens/inst600.txt : 306 ms.
--------------------------------------------------
benchmarks/N-Queens/inst800.txt find answer: 0.620000
benchmarks/N-Queens/inst800.txt : 747 ms.
--------------------------------------------------
benchmarks/N-Queens/parallel.sh find answer: 0.000000
benchmarks/N-Queens/parallel.sh : 10 ms.
