--------------------------------------------------
=====UNKNOWN=====
%% Unexpected resolution interruption!
16and81/INST_81x81/10/inst81x81_10_0.dzn : 1001303 ms.
--------------------------------------------------
=====UNKNOWN=====
16and81/INST_81x81/10/inst81x81_10_10.dzn : 1001031 ms.
--------------------------------------------------
=====UNKNOWN=====
16and81/INST_81x81/10/inst81x81_10_11.dzn : 1001081 ms.
--------------------------------------------------
=====UNKNOWN=====
16and81/INST_81x81/10/inst81x81_10_12.dzn : 1000982 ms.
--------------------------------------------------
=====UNKNOWN=====
16and81/INST_81x81/10/inst81x81_10_13.dzn : 1001100 ms.
--------------------------------------------------
=====UNKNOWN=====
16and81/INST_81x81/10/inst81x81_10_14.dzn : 1001046 ms.
--------------------------------------------------
=====UNKNOWN=====
16and81/INST_81x81/10/inst81x81_10_15.dzn : 1001048 ms.
--------------------------------------------------
=====UNKNOWN=====
16and81/INST_81x81/10/inst81x81_10_16.dzn : 1001024 ms.
--------------------------------------------------
=====UNKNOWN=====
16and81/INST_81x81/10/inst81x81_10_17.dzn : 1001080 ms.
--------------------------------------------------
=====UNKNOWN=====
16and81/INST_81x81/10/inst81x81_10_18.dzn : 1001012 ms.
--------------------------------------------------
SAT
----------
16and81/INST_81x81/10/inst81x81_10_19.dzn : 215236 ms.
--------------------------------------------------
=====UNKNOWN=====
16and81/INST_81x81/10/inst81x81_10_1.dzn : 1001087 ms.
--------------------------------------------------
=====UNKNOWN=====
16and81/INST_81x81/10/inst81x81_10_20.dzn : 1001049 ms.
--------------------------------------------------
=====UNKNOWN=====
16and81/INST_81x81/10/inst81x81_10_21.dzn : 1000985 ms.
--------------------------------------------------
=====UNKNOWN=====
16and81/INST_81x81/10/inst81x81_10_22.dzn : 1000972 ms.
--------------------------------------------------
=====UNKNOWN=====
16and81/INST_81x81/10/inst81x81_10_23.dzn : 1001044 ms.
--------------------------------------------------
=====UNKNOWN=====
16and81/INST_81x81/10/inst81x81_10_24.dzn : 1000962 ms.
--------------------------------------------------
=====UNKNOWN=====
16and81/INST_81x81/10/inst81x81_10_25.dzn : 1001028 ms.
--------------------------------------------------
=====UNKNOWN=====
16and81/INST_81x81/10/inst81x81_10_26.dzn : 1000958 ms.
--------------------------------------------------
=====UNKNOWN=====
16and81/INST_81x81/10/inst81x81_10_27.dzn : 1000957 ms.
--------------------------------------------------
=====UNKNOWN=====
16and81/INST_81x81/10/inst81x81_10_28.dzn : 1000933 ms.
--------------------------------------------------
=====UNKNOWN=====
16and81/INST_81x81/10/inst81x81_10_29.dzn : 1000991 ms.
--------------------------------------------------
=====UNKNOWN=====
16and81/INST_81x81/10/inst81x81_10_2.dzn : 1000965 ms.
--------------------------------------------------
=====UNKNOWN=====
16and81/INST_81x81/10/inst81x81_10_30.dzn : 1000962 ms.
--------------------------------------------------
=====UNKNOWN=====
16and81/INST_81x81/10/inst81x81_10_31.dzn : 1000974 ms.
--------------------------------------------------
=====UNKNOWN=====
16and81/INST_81x81/10/inst81x81_10_32.dzn : 1000973 ms.
--------------------------------------------------
=====UNKNOWN=====
16and81/INST_81x81/10/inst81x81_10_33.dzn : 1000954 ms.
--------------------------------------------------
=====UNKNOWN=====
16and81/INST_81x81/10/inst81x81_10_34.dzn : 1001006 ms.
--------------------------------------------------
=====UNKNOWN=====
16and81/INST_81x81/10/inst81x81_10_35.dzn : 1000981 ms.
--------------------------------------------------
=====UNKNOWN=====
16and81/INST_81x81/10/inst81x81_10_36.dzn : 1001014 ms.
--------------------------------------------------
=====UNKNOWN=====
16and81/INST_81x81/10/inst81x81_10_37.dzn : 1001004 ms.
--------------------------------------------------
=====UNKNOWN=====
16and81/INST_81x81/10/inst81x81_10_38.dzn : 1000986 ms.
--------------------------------------------------
=====UNKNOWN=====
16and81/INST_81x81/10/inst81x81_10_39.dzn : 1000985 ms.
--------------------------------------------------
=====UNKNOWN=====
16and81/INST_81x81/10/inst81x81_10_3.dzn : 1001006 ms.
--------------------------------------------------
=====UNKNOWN=====
16and81/INST_81x81/10/inst81x81_10_40.dzn : 1000982 ms.
--------------------------------------------------
=====UNKNOWN=====
16and81/INST_81x81/10/inst81x81_10_41.dzn : 1000980 ms.
--------------------------------------------------
=====UNKNOWN=====
16and81/INST_81x81/10/inst81x81_10_42.dzn : 1000959 ms.
--------------------------------------------------
=====UNKNOWN=====
16and81/INST_81x81/10/inst81x81_10_43.dzn : 1000937 ms.
--------------------------------------------------
=====UNKNOWN=====
16and81/INST_81x81/10/inst81x81_10_44.dzn : 1000947 ms.
--------------------------------------------------
=====UNKNOWN=====
16and81/INST_81x81/10/inst81x81_10_45.dzn : 1000962 ms.
--------------------------------------------------
=====UNKNOWN=====
16and81/INST_81x81/10/inst81x81_10_46.dzn : 1000974 ms.
--------------------------------------------------
=====UNKNOWN=====
16and81/INST_81x81/10/inst81x81_10_47.dzn : 1000918 ms.
--------------------------------------------------
=====UNKNOWN=====
16and81/INST_81x81/10/inst81x81_10_48.dzn : 1000974 ms.
--------------------------------------------------
=====UNKNOWN=====
16and81/INST_81x81/10/inst81x81_10_49.dzn : 1001053 ms.
--------------------------------------------------
=====UNKNOWN=====
16and81/INST_81x81/10/inst81x81_10_4.dzn : 1000970 ms.
--------------------------------------------------
=====UNKNOWN=====
16and81/INST_81x81/10/inst81x81_10_50.dzn : 1000994 ms.
--------------------------------------------------
=====UNKNOWN=====
16and81/INST_81x81/10/inst81x81_10_51.dzn : 1000959 ms.
--------------------------------------------------
=====UNKNOWN=====
16and81/INST_81x81/10/inst81x81_10_52.dzn : 1000966 ms.
--------------------------------------------------
=====UNKNOWN=====
16and81/INST_81x81/10/inst81x81_10_53.dzn : 1000991 ms.
--------------------------------------------------
=====UNKNOWN=====
16and81/INST_81x81/10/inst81x81_10_54.dzn : 1000995 ms.
--------------------------------------------------
=====UNKNOWN=====
16and81/INST_81x81/10/inst81x81_10_55.dzn : 1000994 ms.
--------------------------------------------------
=====UNKNOWN=====
16and81/INST_81x81/10/inst81x81_10_56.dzn : 1001047 ms.
--------------------------------------------------
=====UNKNOWN=====
16and81/INST_81x81/10/inst81x81_10_57.dzn : 1001003 ms.
--------------------------------------------------
=====UNKNOWN=====
16and81/INST_81x81/10/inst81x81_10_58.dzn : 1000969 ms.
--------------------------------------------------
=====UNKNOWN=====
16and81/INST_81x81/10/inst81x81_10_59.dzn : 1000931 ms.
--------------------------------------------------
=====UNKNOWN=====
16and81/INST_81x81/10/inst81x81_10_5.dzn : 1000953 ms.
--------------------------------------------------
=====UNKNOWN=====
16and81/INST_81x81/10/inst81x81_10_60.dzn : 1001028 ms.
--------------------------------------------------
=====UNKNOWN=====
16and81/INST_81x81/10/inst81x81_10_61.dzn : 1001022 ms.
--------------------------------------------------
=====UNKNOWN=====
16and81/INST_81x81/10/inst81x81_10_62.dzn : 1000959 ms.
--------------------------------------------------
=====UNKNOWN=====
16and81/INST_81x81/10/inst81x81_10_63.dzn : 1000967 ms.
--------------------------------------------------
=====UNKNOWN=====
16and81/INST_81x81/10/inst81x81_10_64.dzn : 1001024 ms.
--------------------------------------------------
=====UNKNOWN=====
16and81/INST_81x81/10/inst81x81_10_65.dzn : 1000980 ms.
--------------------------------------------------
=====UNKNOWN=====
16and81/INST_81x81/10/inst81x81_10_66.dzn : 1001042 ms.
--------------------------------------------------
=====UNKNOWN=====
16and81/INST_81x81/10/inst81x81_10_67.dzn : 1000963 ms.
--------------------------------------------------
=====UNKNOWN=====
16and81/INST_81x81/10/inst81x81_10_68.dzn : 1001029 ms.
--------------------------------------------------
=====UNKNOWN=====
16and81/INST_81x81/10/inst81x81_10_69.dzn : 1000989 ms.
--------------------------------------------------
=====UNKNOWN=====
16and81/INST_81x81/10/inst81x81_10_6.dzn : 1000981 ms.
--------------------------------------------------
=====UNKNOWN=====
16and81/INST_81x81/10/inst81x81_10_70.dzn : 1000975 ms.
--------------------------------------------------
=====UNKNOWN=====
16and81/INST_81x81/10/inst81x81_10_71.dzn : 1000965 ms.
--------------------------------------------------
=====UNKNOWN=====
16and81/INST_81x81/10/inst81x81_10_72.dzn : 1001103 ms.
--------------------------------------------------
SAT
----------
16and81/INST_81x81/10/inst81x81_10_73.dzn : 28006 ms.
--------------------------------------------------
=====UNKNOWN=====
16and81/INST_81x81/10/inst81x81_10_74.dzn : 1001144 ms.
--------------------------------------------------
=====UNKNOWN=====
16and81/INST_81x81/10/inst81x81_10_75.dzn : 1001137 ms.
--------------------------------------------------
=====UNKNOWN=====
16and81/INST_81x81/10/inst81x81_10_76.dzn : 1001072 ms.
--------------------------------------------------
SAT
----------
16and81/INST_81x81/10/inst81x81_10_77.dzn : 23808 ms.
--------------------------------------------------
=====UNKNOWN=====
16and81/INST_81x81/10/inst81x81_10_78.dzn : 1001078 ms.
--------------------------------------------------
=====UNKNOWN=====
16and81/INST_81x81/10/inst81x81_10_79.dzn : 1001156 ms.
--------------------------------------------------
=====UNKNOWN=====
16and81/INST_81x81/10/inst81x81_10_7.dzn : 1001108 ms.
--------------------------------------------------
=====UNKNOWN=====
16and81/INST_81x81/10/inst81x81_10_80.dzn : 1000989 ms.
--------------------------------------------------
=====UNKNOWN=====
16and81/INST_81x81/10/inst81x81_10_81.dzn : 1001019 ms.
--------------------------------------------------
=====UNKNOWN=====
16and81/INST_81x81/10/inst81x81_10_82.dzn : 1001084 ms.
--------------------------------------------------
=====UNKNOWN=====
16and81/INST_81x81/10/inst81x81_10_83.dzn : 1001024 ms.
--------------------------------------------------
=====UNKNOWN=====
16and81/INST_81x81/10/inst81x81_10_84.dzn : 1001067 ms.
--------------------------------------------------
=====UNKNOWN=====
16and81/INST_81x81/10/inst81x81_10_85.dzn : 1001029 ms.
--------------------------------------------------
=====UNKNOWN=====
16and81/INST_81x81/10/inst81x81_10_86.dzn : 1001023 ms.
--------------------------------------------------
=====UNKNOWN=====
16and81/INST_81x81/10/inst81x81_10_87.dzn : 1000977 ms.
--------------------------------------------------
=====UNKNOWN=====
16and81/INST_81x81/10/inst81x81_10_88.dzn : 1001013 ms.
--------------------------------------------------
=====UNKNOWN=====
16and81/INST_81x81/10/inst81x81_10_89.dzn : 1001038 ms.
--------------------------------------------------
=====UNKNOWN=====
16and81/INST_81x81/10/inst81x81_10_8.dzn : 1000982 ms.
--------------------------------------------------
=====UNKNOWN=====
16and81/INST_81x81/10/inst81x81_10_90.dzn : 1000984 ms.
--------------------------------------------------
=====UNKNOWN=====
16and81/INST_81x81/10/inst81x81_10_91.dzn : 1000991 ms.
--------------------------------------------------
=====UNKNOWN=====
16and81/INST_81x81/10/inst81x81_10_92.dzn : 1001000 ms.
--------------------------------------------------
=====UNKNOWN=====
16and81/INST_81x81/10/inst81x81_10_93.dzn : 1001081 ms.
--------------------------------------------------
=====UNKNOWN=====
16and81/INST_81x81/10/inst81x81_10_94.dzn : 1001027 ms.
--------------------------------------------------
=====UNKNOWN=====
16and81/INST_81x81/10/inst81x81_10_95.dzn : 1000986 ms.
--------------------------------------------------
=====UNKNOWN=====
16and81/INST_81x81/10/inst81x81_10_96.dzn : 1001049 ms.
--------------------------------------------------
=====UNKNOWN=====
16and81/INST_81x81/10/inst81x81_10_97.dzn : 1001006 ms.
--------------------------------------------------
=====UNKNOWN=====
16and81/INST_81x81/10/inst81x81_10_98.dzn : 1000966 ms.
--------------------------------------------------
=====UNKNOWN=====
16and81/INST_81x81/10/inst81x81_10_99.dzn : 1000955 ms.
--------------------------------------------------
=====UNKNOWN=====
16and81/INST_81x81/10/inst81x81_10_9.dzn : 1001217 ms.
